---------------------------------------------------------------
[ 2022-03-15T10:53:47+08:00 ] 192.168.20.1 GET puzhenshop.g.com/
[ begin ] [ ROUTE ] array (
  'type' => 'module',
  'module' => 
  array (
    0 => '',
    1 => NULL,
    2 => NULL,
  ),
)
[ begin ] [ HEADER ] array (
  'cookie' => '__root_domain_v=.g.com; _qddaz=QD.383130550736149',
  'accept-language' => 'en,zh-CN;q=0.9,zh;q=0.8',
  'accept-encoding' => 'gzip, deflate',
  'accept' => 'text/html,application/xhtml+xml,application/xml;q=0.9,image/avif,image/webp,image/apng,*/*;q=0.8,application/signed-exchange;v=b3;q=0.9',
  'user-agent' => 'Mozilla/5.0 (Macintosh; Intel Mac OS X 10_14_6) AppleWebKit/537.36 (KHTML, like Gecko) Chrome/99.0.4844.51 Safari/537.36',
  'upgrade-insecure-requests' => '1',
  'dnt' => '1',
  'cache-control' => 'max-age=0',
  'connection' => 'keep-alive',
  'host' => 'puzhenshop.g.com',
  'content-length' => '',
  'content-type' => '',
)
[ begin ] [ PARAM ] array (
)
---------------------------------------------------------------
[ 2022-03-15T10:53:47+08:00 ] 192.168.20.1 GET puzhenshop.g.com/index.php?s=/store/passport/login
[ begin ] [ ROUTE ] array (
  'type' => 'module',
  'module' => 
  array (
    0 => 'store',
    1 => 'passport',
    2 => 'login',
  ),
)
[ begin ] [ HEADER ] array (
  'cookie' => '__root_domain_v=.g.com; _qddaz=QD.383130550736149; PHPSESSID=jt5kbjg2asjemkgbona63kr5te',
  'accept-language' => 'en,zh-CN;q=0.9,zh;q=0.8',
  'accept-encoding' => 'gzip, deflate',
  'accept' => 'text/html,application/xhtml+xml,application/xml;q=0.9,image/avif,image/webp,image/apng,*/*;q=0.8,application/signed-exchange;v=b3;q=0.9',
  'user-agent' => 'Mozilla/5.0 (Macintosh; Intel Mac OS X 10_14_6) AppleWebKit/537.36 (KHTML, like Gecko) Chrome/99.0.4844.51 Safari/537.36',
  'upgrade-insecure-requests' => '1',
  'dnt' => '1',
  'cache-control' => 'max-age=0',
  'connection' => 'keep-alive',
  'host' => 'puzhenshop.g.com',
  'content-length' => '',
  'content-type' => '',
)
[ begin ] [ PARAM ] array (
)
---------------------------------------------------------------
[ 2022-03-15T10:53:54+08:00 ] 192.168.20.1 GET puzhenshop.g.com/index.php?s=/admin
[ begin ] [ ROUTE ] array (
  'type' => 'module',
  'module' => 
  array (
    0 => 'admin',
    1 => NULL,
    2 => NULL,
  ),
)
[ begin ] [ HEADER ] array (
  'cookie' => '__root_domain_v=.g.com; _qddaz=QD.383130550736149; PHPSESSID=jt5kbjg2asjemkgbona63kr5te',
  'accept-language' => 'en,zh-CN;q=0.9,zh;q=0.8',
  'accept-encoding' => 'gzip, deflate',
  'accept' => 'text/html,application/xhtml+xml,application/xml;q=0.9,image/avif,image/webp,image/apng,*/*;q=0.8,application/signed-exchange;v=b3;q=0.9',
  'user-agent' => 'Mozilla/5.0 (Macintosh; Intel Mac OS X 10_14_6) AppleWebKit/537.36 (KHTML, like Gecko) Chrome/99.0.4844.51 Safari/537.36',
  'upgrade-insecure-requests' => '1',
  'dnt' => '1',
  'connection' => 'keep-alive',
  'host' => 'puzhenshop.g.com',
  'content-length' => '',
  'content-type' => '',
)
[ begin ] [ PARAM ] array (
)
---------------------------------------------------------------
[ 2022-03-15T10:53:54+08:00 ] 192.168.20.1 GET puzhenshop.g.com/index.php?s=/admin/passport/login
[ begin ] [ ROUTE ] array (
  'type' => 'module',
  'module' => 
  array (
    0 => 'admin',
    1 => 'passport',
    2 => 'login',
  ),
)
[ begin ] [ HEADER ] array (
  'cookie' => '__root_domain_v=.g.com; _qddaz=QD.383130550736149; PHPSESSID=jt5kbjg2asjemkgbona63kr5te',
  'accept-language' => 'en,zh-CN;q=0.9,zh;q=0.8',
  'accept-encoding' => 'gzip, deflate',
  'accept' => 'text/html,application/xhtml+xml,application/xml;q=0.9,image/avif,image/webp,image/apng,*/*;q=0.8,application/signed-exchange;v=b3;q=0.9',
  'user-agent' => 'Mozilla/5.0 (Macintosh; Intel Mac OS X 10_14_6) AppleWebKit/537.36 (KHTML, like Gecko) Chrome/99.0.4844.51 Safari/537.36',
  'upgrade-insecure-requests' => '1',
  'dnt' => '1',
  'connection' => 'keep-alive',
  'host' => 'puzhenshop.g.com',
  'content-length' => '',
  'content-type' => '',
)
[ begin ] [ PARAM ] array (
)
---------------------------------------------------------------
[ 2022-03-15T10:53:59+08:00 ] 192.168.20.1 POST puzhenshop.g.com/index.php?s=/admin/passport/login
[ begin ] [ ROUTE ] array (
  'type' => 'module',
  'module' => 
  array (
    0 => 'admin',
    1 => 'passport',
    2 => 'login',
  ),
)
[ begin ] [ HEADER ] array (
  'cookie' => '__root_domain_v=.g.com; _qddaz=QD.383130550736149; PHPSESSID=jt5kbjg2asjemkgbona63kr5te',
  'accept-language' => 'en,zh-CN;q=0.9,zh;q=0.8',
  'accept-encoding' => 'gzip, deflate',
  'referer' => 'http://puzhenshop.g.com/index.php?s=/admin/passport/login',
  'origin' => 'http://puzhenshop.g.com',
  'content-type' => 'application/x-www-form-urlencoded; charset=UTF-8',
  'user-agent' => 'Mozilla/5.0 (Macintosh; Intel Mac OS X 10_14_6) AppleWebKit/537.36 (KHTML, like Gecko) Chrome/99.0.4844.51 Safari/537.36',
  'x-requested-with' => 'XMLHttpRequest',
  'dnt' => '1',
  'accept' => 'application/json, text/javascript, */*; q=0.01',
  'content-length' => '51',
  'connection' => 'keep-alive',
  'host' => 'puzhenshop.g.com',
)
[ begin ] [ PARAM ] array (
  'User' => 
  array (
    'user_name' => 'admin',
    'password' => '123456',
  ),
)
---------------------------------------------------------------
[ 2022-03-15T10:54:31+08:00 ] 192.168.20.1 POST puzhenshop.g.com/index.php?s=/admin/passport/login
[ begin ] [ ROUTE ] array (
  'type' => 'module',
  'module' => 
  array (
    0 => 'admin',
    1 => 'passport',
    2 => 'login',
  ),
)
[ begin ] [ HEADER ] array (
  'cookie' => '__root_domain_v=.g.com; _qddaz=QD.383130550736149; PHPSESSID=jt5kbjg2asjemkgbona63kr5te',
  'accept-language' => 'en,zh-CN;q=0.9,zh;q=0.8',
  'accept-encoding' => 'gzip, deflate',
  'referer' => 'http://puzhenshop.g.com/index.php?s=/admin/passport/login',
  'origin' => 'http://puzhenshop.g.com',
  'content-type' => 'application/x-www-form-urlencoded; charset=UTF-8',
  'user-agent' => 'Mozilla/5.0 (Macintosh; Intel Mac OS X 10_14_6) AppleWebKit/537.36 (KHTML, like Gecko) Chrome/99.0.4844.51 Safari/537.36',
  'x-requested-with' => 'XMLHttpRequest',
  'dnt' => '1',
  'accept' => 'application/json, text/javascript, */*; q=0.01',
  'content-length' => '52',
  'connection' => 'keep-alive',
  'host' => 'puzhenshop.g.com',
)
[ begin ] [ PARAM ] array (
  'User' => 
  array (
    'user_name' => 'admin',
    'password' => 'yinghuo',
  ),
)
---------------------------------------------------------------
[ 2022-03-15T10:54:33+08:00 ] 192.168.20.1 GET puzhenshop.g.com/index.php?s=/admin/index/index
[ begin ] [ ROUTE ] array (
  'type' => 'module',
  'module' => 
  array (
    0 => 'admin',
    1 => 'index',
    2 => 'index',
  ),
)
[ begin ] [ HEADER ] array (
  'cookie' => '__root_domain_v=.g.com; _qddaz=QD.383130550736149; PHPSESSID=jt5kbjg2asjemkgbona63kr5te',
  'accept-language' => 'en,zh-CN;q=0.9,zh;q=0.8',
  'accept-encoding' => 'gzip, deflate',
  'referer' => 'http://puzhenshop.g.com/index.php?s=/admin/passport/login',
  'accept' => 'text/html,application/xhtml+xml,application/xml;q=0.9,image/avif,image/webp,image/apng,*/*;q=0.8,application/signed-exchange;v=b3;q=0.9',
  'user-agent' => 'Mozilla/5.0 (Macintosh; Intel Mac OS X 10_14_6) AppleWebKit/537.36 (KHTML, like Gecko) Chrome/99.0.4844.51 Safari/537.36',
  'dnt' => '1',
  'upgrade-insecure-requests' => '1',
  'connection' => 'keep-alive',
  'host' => 'puzhenshop.g.com',
  'content-length' => '',
  'content-type' => '',
)
[ begin ] [ PARAM ] array (
)
---------------------------------------------------------------
[ 2022-03-15T10:54:39+08:00 ] 192.168.20.1 GET puzhenshop.g.com/index.php?s=/admin/admin.user/renew
[ begin ] [ ROUTE ] array (
  'type' => 'module',
  'module' => 
  array (
    0 => 'admin',
    1 => 'admin.user',
    2 => 'renew',
  ),
)
[ begin ] [ HEADER ] array (
  'cookie' => '__root_domain_v=.g.com; _qddaz=QD.383130550736149; PHPSESSID=jt5kbjg2asjemkgbona63kr5te',
  'accept-language' => 'en,zh-CN;q=0.9,zh;q=0.8',
  'accept-encoding' => 'gzip, deflate',
  'referer' => 'http://puzhenshop.g.com/index.php?s=/admin/index/index',
  'accept' => 'text/html,application/xhtml+xml,application/xml;q=0.9,image/avif,image/webp,image/apng,*/*;q=0.8,application/signed-exchange;v=b3;q=0.9',
  'user-agent' => 'Mozilla/5.0 (Macintosh; Intel Mac OS X 10_14_6) AppleWebKit/537.36 (KHTML, like Gecko) Chrome/99.0.4844.51 Safari/537.36',
  'dnt' => '1',
  'upgrade-insecure-requests' => '1',
  'connection' => 'keep-alive',
  'host' => 'puzhenshop.g.com',
  'content-length' => '',
  'content-type' => '',
)
[ begin ] [ PARAM ] array (
)
---------------------------------------------------------------
[ 2022-03-15T10:54:53+08:00 ] 192.168.20.1 POST puzhenshop.g.com/index.php?s=/admin/admin.user/renew
[ begin ] [ ROUTE ] array (
  'type' => 'module',
  'module' => 
  array (
    0 => 'admin',
    1 => 'admin.user',
    2 => 'renew',
  ),
)
[ begin ] [ HEADER ] array (
  'cookie' => '__root_domain_v=.g.com; _qddaz=QD.383130550736149; PHPSESSID=jt5kbjg2asjemkgbona63kr5te',
  'accept-language' => 'en,zh-CN;q=0.9,zh;q=0.8',
  'accept-encoding' => 'gzip, deflate',
  'referer' => 'http://puzhenshop.g.com/index.php?s=/admin/admin.user/renew',
  'origin' => 'http://puzhenshop.g.com',
  'content-type' => 'multipart/form-data; boundary=----WebKitFormBoundaryoh7F9nu4QBre06U1',
  'user-agent' => 'Mozilla/5.0 (Macintosh; Intel Mac OS X 10_14_6) AppleWebKit/537.36 (KHTML, like Gecko) Chrome/99.0.4844.51 Safari/537.36',
  'x-requested-with' => 'XMLHttpRequest',
  'dnt' => '1',
  'accept' => 'application/json, text/javascript, */*; q=0.01',
  'content-length' => '469',
  'connection' => 'keep-alive',
  'host' => 'puzhenshop.g.com',
)
[ begin ] [ PARAM ] array (
  'user' => 
  array (
    'user_name' => 'admin',
    'password' => '123456',
    'password_confirm' => '123456',
  ),
)
---------------------------------------------------------------
[ 2022-03-15T10:54:54+08:00 ] 192.168.20.1 GET puzhenshop.g.com/index.php?s=/admin/admin.user/renew
[ begin ] [ ROUTE ] array (
  'type' => 'module',
  'module' => 
  array (
    0 => 'admin',
    1 => 'admin.user',
    2 => 'renew',
  ),
)
[ begin ] [ HEADER ] array (
  'cookie' => '__root_domain_v=.g.com; _qddaz=QD.383130550736149; PHPSESSID=jt5kbjg2asjemkgbona63kr5te',
  'accept-language' => 'en,zh-CN;q=0.9,zh;q=0.8',
  'accept-encoding' => 'gzip, deflate',
  'referer' => 'http://puzhenshop.g.com/index.php?s=/admin/admin.user/renew',
  'accept' => 'text/html,application/xhtml+xml,application/xml;q=0.9,image/avif,image/webp,image/apng,*/*;q=0.8,application/signed-exchange;v=b3;q=0.9',
  'user-agent' => 'Mozilla/5.0 (Macintosh; Intel Mac OS X 10_14_6) AppleWebKit/537.36 (KHTML, like Gecko) Chrome/99.0.4844.51 Safari/537.36',
  'dnt' => '1',
  'upgrade-insecure-requests' => '1',
  'cache-control' => 'max-age=0',
  'connection' => 'keep-alive',
  'host' => 'puzhenshop.g.com',
  'content-length' => '',
  'content-type' => '',
)
[ begin ] [ PARAM ] array (
)
---------------------------------------------------------------
[ 2022-03-15T10:54:57+08:00 ] 192.168.20.1 GET puzhenshop.g.com/index.php?s=/admin/passport/logout
[ begin ] [ ROUTE ] array (
  'type' => 'module',
  'module' => 
  array (
    0 => 'admin',
    1 => 'passport',
    2 => 'logout',
  ),
)
[ begin ] [ HEADER ] array (
  'cookie' => '__root_domain_v=.g.com; _qddaz=QD.383130550736149; PHPSESSID=jt5kbjg2asjemkgbona63kr5te',
  'accept-language' => 'en,zh-CN;q=0.9,zh;q=0.8',
  'accept-encoding' => 'gzip, deflate',
  'referer' => 'http://puzhenshop.g.com/index.php?s=/admin/admin.user/renew',
  'accept' => 'text/html,application/xhtml+xml,application/xml;q=0.9,image/avif,image/webp,image/apng,*/*;q=0.8,application/signed-exchange;v=b3;q=0.9',
  'user-agent' => 'Mozilla/5.0 (Macintosh; Intel Mac OS X 10_14_6) AppleWebKit/537.36 (KHTML, like Gecko) Chrome/99.0.4844.51 Safari/537.36',
  'dnt' => '1',
  'upgrade-insecure-requests' => '1',
  'connection' => 'keep-alive',
  'host' => 'puzhenshop.g.com',
  'content-length' => '',
  'content-type' => '',
)
[ begin ] [ PARAM ] array (
)
---------------------------------------------------------------
[ 2022-03-15T10:54:57+08:00 ] 192.168.20.1 GET puzhenshop.g.com/index.php?s=/admin/passport/login
[ begin ] [ ROUTE ] array (
  'type' => 'module',
  'module' => 
  array (
    0 => 'admin',
    1 => 'passport',
    2 => 'login',
  ),
)
[ begin ] [ HEADER ] array (
  'cookie' => '__root_domain_v=.g.com; _qddaz=QD.383130550736149; PHPSESSID=jt5kbjg2asjemkgbona63kr5te',
  'accept-language' => 'en,zh-CN;q=0.9,zh;q=0.8',
  'accept-encoding' => 'gzip, deflate',
  'referer' => 'http://puzhenshop.g.com/index.php?s=/admin/admin.user/renew',
  'accept' => 'text/html,application/xhtml+xml,application/xml;q=0.9,image/avif,image/webp,image/apng,*/*;q=0.8,application/signed-exchange;v=b3;q=0.9',
  'user-agent' => 'Mozilla/5.0 (Macintosh; Intel Mac OS X 10_14_6) AppleWebKit/537.36 (KHTML, like Gecko) Chrome/99.0.4844.51 Safari/537.36',
  'dnt' => '1',
  'upgrade-insecure-requests' => '1',
  'connection' => 'keep-alive',
  'host' => 'puzhenshop.g.com',
  'content-length' => '',
  'content-type' => '',
)
[ begin ] [ PARAM ] array (
)
---------------------------------------------------------------
[ 2022-03-15T10:54:59+08:00 ] 192.168.20.1 POST puzhenshop.g.com/index.php?s=/admin/passport/login
[ begin ] [ ROUTE ] array (
  'type' => 'module',
  'module' => 
  array (
    0 => 'admin',
    1 => 'passport',
    2 => 'login',
  ),
)
[ begin ] [ HEADER ] array (
  'cookie' => '__root_domain_v=.g.com; _qddaz=QD.383130550736149; PHPSESSID=jt5kbjg2asjemkgbona63kr5te',
  'accept-language' => 'en,zh-CN;q=0.9,zh;q=0.8',
  'accept-encoding' => 'gzip, deflate',
  'referer' => 'http://puzhenshop.g.com/index.php?s=/admin/passport/login',
  'origin' => 'http://puzhenshop.g.com',
  'content-type' => 'application/x-www-form-urlencoded; charset=UTF-8',
  'user-agent' => 'Mozilla/5.0 (Macintosh; Intel Mac OS X 10_14_6) AppleWebKit/537.36 (KHTML, like Gecko) Chrome/99.0.4844.51 Safari/537.36',
  'x-requested-with' => 'XMLHttpRequest',
  'dnt' => '1',
  'accept' => 'application/json, text/javascript, */*; q=0.01',
  'content-length' => '51',
  'connection' => 'keep-alive',
  'host' => 'puzhenshop.g.com',
)
[ begin ] [ PARAM ] array (
  'User' => 
  array (
    'user_name' => 'admin',
    'password' => '123456',
  ),
)
---------------------------------------------------------------
[ 2022-03-15T10:55:01+08:00 ] 192.168.20.1 GET puzhenshop.g.com/index.php?s=/admin/index/index
[ begin ] [ ROUTE ] array (
  'type' => 'module',
  'module' => 
  array (
    0 => 'admin',
    1 => 'index',
    2 => 'index',
  ),
)
[ begin ] [ HEADER ] array (
  'cookie' => '__root_domain_v=.g.com; _qddaz=QD.383130550736149; PHPSESSID=jt5kbjg2asjemkgbona63kr5te',
  'accept-language' => 'en,zh-CN;q=0.9,zh;q=0.8',
  'accept-encoding' => 'gzip, deflate',
  'referer' => 'http://puzhenshop.g.com/index.php?s=/admin/passport/login',
  'accept' => 'text/html,application/xhtml+xml,application/xml;q=0.9,image/avif,image/webp,image/apng,*/*;q=0.8,application/signed-exchange;v=b3;q=0.9',
  'user-agent' => 'Mozilla/5.0 (Macintosh; Intel Mac OS X 10_14_6) AppleWebKit/537.36 (KHTML, like Gecko) Chrome/99.0.4844.51 Safari/537.36',
  'dnt' => '1',
  'upgrade-insecure-requests' => '1',
  'connection' => 'keep-alive',
  'host' => 'puzhenshop.g.com',
  'content-length' => '',
  'content-type' => '',
)
[ begin ] [ PARAM ] array (
)
---------------------------------------------------------------
[ 2022-03-15T10:55:06+08:00 ] 192.168.20.1 GET puzhenshop.g.com/index.php?s=/admin/store/index
[ begin ] [ ROUTE ] array (
  'type' => 'module',
  'module' => 
  array (
    0 => 'admin',
    1 => 'store',
    2 => 'index',
  ),
)
[ begin ] [ HEADER ] array (
  'cookie' => '__root_domain_v=.g.com; _qddaz=QD.383130550736149; PHPSESSID=jt5kbjg2asjemkgbona63kr5te',
  'accept-language' => 'en,zh-CN;q=0.9,zh;q=0.8',
  'accept-encoding' => 'gzip, deflate',
  'referer' => 'http://puzhenshop.g.com/index.php?s=/admin/index/index',
  'accept' => 'text/html,application/xhtml+xml,application/xml;q=0.9,image/avif,image/webp,image/apng,*/*;q=0.8,application/signed-exchange;v=b3;q=0.9',
  'user-agent' => 'Mozilla/5.0 (Macintosh; Intel Mac OS X 10_14_6) AppleWebKit/537.36 (KHTML, like Gecko) Chrome/99.0.4844.51 Safari/537.36',
  'dnt' => '1',
  'upgrade-insecure-requests' => '1',
  'connection' => 'keep-alive',
  'host' => 'puzhenshop.g.com',
  'content-length' => '',
  'content-type' => '',
)
[ begin ] [ PARAM ] array (
)
---------------------------------------------------------------
[ 2022-03-15T10:55:07+08:00 ] 192.168.20.1 GET puzhenshop.g.com/index.php?s=/admin/store/enter/wxapp_id/10001
[ begin ] [ ROUTE ] array (
  'type' => 'module',
  'module' => 
  array (
    0 => 'admin',
    1 => 'store',
    2 => 'enter',
  ),
)
[ begin ] [ HEADER ] array (
  'cookie' => '__root_domain_v=.g.com; _qddaz=QD.383130550736149; PHPSESSID=jt5kbjg2asjemkgbona63kr5te',
  'accept-language' => 'en,zh-CN;q=0.9,zh;q=0.8',
  'accept-encoding' => 'gzip, deflate',
  'referer' => 'http://puzhenshop.g.com/index.php?s=/admin/store/index',
  'accept' => 'text/html,application/xhtml+xml,application/xml;q=0.9,image/avif,image/webp,image/apng,*/*;q=0.8,application/signed-exchange;v=b3;q=0.9',
  'user-agent' => 'Mozilla/5.0 (Macintosh; Intel Mac OS X 10_14_6) AppleWebKit/537.36 (KHTML, like Gecko) Chrome/99.0.4844.51 Safari/537.36',
  'upgrade-insecure-requests' => '1',
  'dnt' => '1',
  'connection' => 'keep-alive',
  'host' => 'puzhenshop.g.com',
  'content-length' => '',
  'content-type' => '',
)
[ begin ] [ PARAM ] array (
  'wxapp_id' => '10001',
)
---------------------------------------------------------------
[ 2022-03-15T10:55:08+08:00 ] 192.168.20.1 GET puzhenshop.g.com/index.php?s=/store/index/index
[ begin ] [ ROUTE ] array (
  'type' => 'module',
  'module' => 
  array (
    0 => 'store',
    1 => 'index',
    2 => 'index',
  ),
)
[ begin ] [ HEADER ] array (
  'cookie' => '__root_domain_v=.g.com; _qddaz=QD.383130550736149; PHPSESSID=jt5kbjg2asjemkgbona63kr5te',
  'accept-language' => 'en,zh-CN;q=0.9,zh;q=0.8',
  'accept-encoding' => 'gzip, deflate',
  'referer' => 'http://puzhenshop.g.com/index.php?s=/admin/store/index',
  'accept' => 'text/html,application/xhtml+xml,application/xml;q=0.9,image/avif,image/webp,image/apng,*/*;q=0.8,application/signed-exchange;v=b3;q=0.9',
  'user-agent' => 'Mozilla/5.0 (Macintosh; Intel Mac OS X 10_14_6) AppleWebKit/537.36 (KHTML, like Gecko) Chrome/99.0.4844.51 Safari/537.36',
  'upgrade-insecure-requests' => '1',
  'dnt' => '1',
  'connection' => 'keep-alive',
  'host' => 'puzhenshop.g.com',
  'content-length' => '',
  'content-type' => '',
)
[ begin ] [ PARAM ] array (
)
---------------------------------------------------------------
[ 2022-03-15T10:55:11+08:00 ] 192.168.20.1 GET puzhenshop.g.com/index.php?s=/store/passport/logout
[ begin ] [ ROUTE ] array (
  'type' => 'module',
  'module' => 
  array (
    0 => 'store',
    1 => 'passport',
    2 => 'logout',
  ),
)
[ begin ] [ HEADER ] array (
  'cookie' => '__root_domain_v=.g.com; _qddaz=QD.383130550736149; PHPSESSID=jt5kbjg2asjemkgbona63kr5te',
  'accept-language' => 'en,zh-CN;q=0.9,zh;q=0.8',
  'accept-encoding' => 'gzip, deflate',
  'referer' => 'http://puzhenshop.g.com/index.php?s=/store/index/index',
  'accept' => 'text/html,application/xhtml+xml,application/xml;q=0.9,image/avif,image/webp,image/apng,*/*;q=0.8,application/signed-exchange;v=b3;q=0.9',
  'user-agent' => 'Mozilla/5.0 (Macintosh; Intel Mac OS X 10_14_6) AppleWebKit/537.36 (KHTML, like Gecko) Chrome/99.0.4844.51 Safari/537.36',
  'dnt' => '1',
  'upgrade-insecure-requests' => '1',
  'connection' => 'keep-alive',
  'host' => 'puzhenshop.g.com',
  'content-length' => '',
  'content-type' => '',
)
[ begin ] [ PARAM ] array (
)
---------------------------------------------------------------
[ 2022-03-15T10:55:11+08:00 ] 192.168.20.1 GET puzhenshop.g.com/index.php?s=/store/passport/login
[ begin ] [ ROUTE ] array (
  'type' => 'module',
  'module' => 
  array (
    0 => 'store',
    1 => 'passport',
    2 => 'login',
  ),
)
[ begin ] [ HEADER ] array (
  'cookie' => '__root_domain_v=.g.com; _qddaz=QD.383130550736149; PHPSESSID=jt5kbjg2asjemkgbona63kr5te',
  'accept-language' => 'en,zh-CN;q=0.9,zh;q=0.8',
  'accept-encoding' => 'gzip, deflate',
  'referer' => 'http://puzhenshop.g.com/index.php?s=/store/index/index',
  'accept' => 'text/html,application/xhtml+xml,application/xml;q=0.9,image/avif,image/webp,image/apng,*/*;q=0.8,application/signed-exchange;v=b3;q=0.9',
  'user-agent' => 'Mozilla/5.0 (Macintosh; Intel Mac OS X 10_14_6) AppleWebKit/537.36 (KHTML, like Gecko) Chrome/99.0.4844.51 Safari/537.36',
  'dnt' => '1',
  'upgrade-insecure-requests' => '1',
  'connection' => 'keep-alive',
  'host' => 'puzhenshop.g.com',
  'content-length' => '',
  'content-type' => '',
)
[ begin ] [ PARAM ] array (
)
---------------------------------------------------------------
[ 2022-03-15T10:55:15+08:00 ] 192.168.20.1 POST puzhenshop.g.com/index.php?s=/store/passport/login
[ begin ] [ ROUTE ] array (
  'type' => 'module',
  'module' => 
  array (
    0 => 'store',
    1 => 'passport',
    2 => 'login',
  ),
)
[ begin ] [ HEADER ] array (
  'cookie' => '__root_domain_v=.g.com; _qddaz=QD.383130550736149; PHPSESSID=jt5kbjg2asjemkgbona63kr5te',
  'accept-language' => 'en,zh-CN;q=0.9,zh;q=0.8',
  'accept-encoding' => 'gzip, deflate',
  'referer' => 'http://puzhenshop.g.com/index.php?s=/store/passport/login',
  'origin' => 'http://puzhenshop.g.com',
  'content-type' => 'application/x-www-form-urlencoded; charset=UTF-8',
  'user-agent' => 'Mozilla/5.0 (Macintosh; Intel Mac OS X 10_14_6) AppleWebKit/537.36 (KHTML, like Gecko) Chrome/99.0.4844.51 Safari/537.36',
  'x-requested-with' => 'XMLHttpRequest',
  'dnt' => '1',
  'accept' => 'application/json, text/javascript, */*; q=0.01',
  'content-length' => '51',
  'connection' => 'keep-alive',
  'host' => 'puzhenshop.g.com',
)
[ begin ] [ PARAM ] array (
  'User' => 
  array (
    'user_name' => 'admin',
    'password' => '123456',
  ),
)
---------------------------------------------------------------
[ 2022-03-15T10:55:18+08:00 ] 192.168.20.1 POST puzhenshop.g.com/index.php?s=/store/passport/login
[ begin ] [ ROUTE ] array (
  'type' => 'module',
  'module' => 
  array (
    0 => 'store',
    1 => 'passport',
    2 => 'login',
  ),
)
[ begin ] [ HEADER ] array (
  'cookie' => '__root_domain_v=.g.com; _qddaz=QD.383130550736149; PHPSESSID=jt5kbjg2asjemkgbona63kr5te',
  'accept-language' => 'en,zh-CN;q=0.9,zh;q=0.8',
  'accept-encoding' => 'gzip, deflate',
  'referer' => 'http://puzhenshop.g.com/index.php?s=/store/passport/login',
  'origin' => 'http://puzhenshop.g.com',
  'content-type' => 'application/x-www-form-urlencoded; charset=UTF-8',
  'user-agent' => 'Mozilla/5.0 (Macintosh; Intel Mac OS X 10_14_6) AppleWebKit/537.36 (KHTML, like Gecko) Chrome/99.0.4844.51 Safari/537.36',
  'x-requested-with' => 'XMLHttpRequest',
  'dnt' => '1',
  'accept' => 'application/json, text/javascript, */*; q=0.01',
  'content-length' => '51',
  'connection' => 'keep-alive',
  'host' => 'puzhenshop.g.com',
)
[ begin ] [ PARAM ] array (
  'User' => 
  array (
    'user_name' => 'admin',
    'password' => '123456',
  ),
)
---------------------------------------------------------------
[ 2022-03-15T10:55:20+08:00 ] 192.168.20.1 POST puzhenshop.g.com/index.php?s=/store/passport/login
[ begin ] [ ROUTE ] array (
  'type' => 'module',
  'module' => 
  array (
    0 => 'store',
    1 => 'passport',
    2 => 'login',
  ),
)
[ begin ] [ HEADER ] array (
  'cookie' => '__root_domain_v=.g.com; _qddaz=QD.383130550736149; PHPSESSID=jt5kbjg2asjemkgbona63kr5te',
  'accept-language' => 'en,zh-CN;q=0.9,zh;q=0.8',
  'accept-encoding' => 'gzip, deflate',
  'referer' => 'http://puzhenshop.g.com/index.php?s=/store/passport/login',
  'origin' => 'http://puzhenshop.g.com',
  'content-type' => 'application/x-www-form-urlencoded; charset=UTF-8',
  'user-agent' => 'Mozilla/5.0 (Macintosh; Intel Mac OS X 10_14_6) AppleWebKit/537.36 (KHTML, like Gecko) Chrome/99.0.4844.51 Safari/537.36',
  'x-requested-with' => 'XMLHttpRequest',
  'dnt' => '1',
  'accept' => 'application/json, text/javascript, */*; q=0.01',
  'content-length' => '52',
  'connection' => 'keep-alive',
  'host' => 'puzhenshop.g.com',
)
[ begin ] [ PARAM ] array (
  'User' => 
  array (
    'user_name' => 'admin',
    'password' => 'yinghuo',
  ),
)
---------------------------------------------------------------
[ 2022-03-15T10:55:22+08:00 ] 192.168.20.1 GET puzhenshop.g.com/index.php?s=/store/index/index
[ begin ] [ ROUTE ] array (
  'type' => 'module',
  'module' => 
  array (
    0 => 'store',
    1 => 'index',
    2 => 'index',
  ),
)
[ begin ] [ HEADER ] array (
  'cookie' => '__root_domain_v=.g.com; _qddaz=QD.383130550736149; PHPSESSID=jt5kbjg2asjemkgbona63kr5te',
  'accept-language' => 'en,zh-CN;q=0.9,zh;q=0.8',
  'accept-encoding' => 'gzip, deflate',
  'referer' => 'http://puzhenshop.g.com/index.php?s=/store/passport/login',
  'accept' => 'text/html,application/xhtml+xml,application/xml;q=0.9,image/avif,image/webp,image/apng,*/*;q=0.8,application/signed-exchange;v=b3;q=0.9',
  'user-agent' => 'Mozilla/5.0 (Macintosh; Intel Mac OS X 10_14_6) AppleWebKit/537.36 (KHTML, like Gecko) Chrome/99.0.4844.51 Safari/537.36',
  'dnt' => '1',
  'upgrade-insecure-requests' => '1',
  'connection' => 'keep-alive',
  'host' => 'puzhenshop.g.com',
  'content-length' => '',
  'content-type' => '',
)
[ begin ] [ PARAM ] array (
)
---------------------------------------------------------------
[ 2022-03-15T10:55:26+08:00 ] 192.168.20.1 GET puzhenshop.g.com/index.php?s=/store/store.user/renew
[ begin ] [ ROUTE ] array (
  'type' => 'module',
  'module' => 
  array (
    0 => 'store',
    1 => 'store.user',
    2 => 'renew',
  ),
)
[ begin ] [ HEADER ] array (
  'cookie' => '__root_domain_v=.g.com; _qddaz=QD.383130550736149; PHPSESSID=jt5kbjg2asjemkgbona63kr5te',
  'accept-language' => 'en,zh-CN;q=0.9,zh;q=0.8',
  'accept-encoding' => 'gzip, deflate',
  'referer' => 'http://puzhenshop.g.com/index.php?s=/store/index/index',
  'accept' => 'text/html,application/xhtml+xml,application/xml;q=0.9,image/avif,image/webp,image/apng,*/*;q=0.8,application/signed-exchange;v=b3;q=0.9',
  'user-agent' => 'Mozilla/5.0 (Macintosh; Intel Mac OS X 10_14_6) AppleWebKit/537.36 (KHTML, like Gecko) Chrome/99.0.4844.51 Safari/537.36',
  'dnt' => '1',
  'upgrade-insecure-requests' => '1',
  'connection' => 'keep-alive',
  'host' => 'puzhenshop.g.com',
  'content-length' => '',
  'content-type' => '',
)
[ begin ] [ PARAM ] array (
)
---------------------------------------------------------------
[ 2022-03-15T10:55:30+08:00 ] 192.168.20.1 POST puzhenshop.g.com/index.php?s=/store/store.user/renew
[ begin ] [ ROUTE ] array (
  'type' => 'module',
  'module' => 
  array (
    0 => 'store',
    1 => 'store.user',
    2 => 'renew',
  ),
)
[ begin ] [ HEADER ] array (
  'cookie' => '__root_domain_v=.g.com; _qddaz=QD.383130550736149; PHPSESSID=jt5kbjg2asjemkgbona63kr5te',
  'accept-language' => 'en,zh-CN;q=0.9,zh;q=0.8',
  'accept-encoding' => 'gzip, deflate',
  'referer' => 'http://puzhenshop.g.com/index.php?s=/store/store.user/renew',
  'origin' => 'http://puzhenshop.g.com',
  'content-type' => 'multipart/form-data; boundary=----WebKitFormBoundaryVlwcS7sgZ7TxvNXu',
  'user-agent' => 'Mozilla/5.0 (Macintosh; Intel Mac OS X 10_14_6) AppleWebKit/537.36 (KHTML, like Gecko) Chrome/99.0.4844.51 Safari/537.36',
  'x-requested-with' => 'XMLHttpRequest',
  'dnt' => '1',
  'accept' => 'application/json, text/javascript, */*; q=0.01',
  'content-length' => '373',
  'connection' => 'keep-alive',
  'host' => 'puzhenshop.g.com',
)
[ begin ] [ PARAM ] array (
  'user' => 
  array (
    'user_name' => 'admin',
    'password' => '123456',
    'password_confirm' => '123456',
  ),
)
---------------------------------------------------------------
[ 2022-03-15T10:55:32+08:00 ] 192.168.20.1 GET puzhenshop.g.com/index.php?s=/store/store.user/renew
[ begin ] [ ROUTE ] array (
  'type' => 'module',
  'module' => 
  array (
    0 => 'store',
    1 => 'store.user',
    2 => 'renew',
  ),
)
[ begin ] [ HEADER ] array (
  'cookie' => '__root_domain_v=.g.com; _qddaz=QD.383130550736149; PHPSESSID=jt5kbjg2asjemkgbona63kr5te',
  'accept-language' => 'en,zh-CN;q=0.9,zh;q=0.8',
  'accept-encoding' => 'gzip, deflate',
  'referer' => 'http://puzhenshop.g.com/index.php?s=/store/store.user/renew',
  'accept' => 'text/html,application/xhtml+xml,application/xml;q=0.9,image/avif,image/webp,image/apng,*/*;q=0.8,application/signed-exchange;v=b3;q=0.9',
  'user-agent' => 'Mozilla/5.0 (Macintosh; Intel Mac OS X 10_14_6) AppleWebKit/537.36 (KHTML, like Gecko) Chrome/99.0.4844.51 Safari/537.36',
  'dnt' => '1',
  'upgrade-insecure-requests' => '1',
  'cache-control' => 'max-age=0',
  'connection' => 'keep-alive',
  'host' => 'puzhenshop.g.com',
  'content-length' => '',
  'content-type' => '',
)
[ begin ] [ PARAM ] array (
)
---------------------------------------------------------------
[ 2022-03-15T10:55:32+08:00 ] 192.168.20.1 GET puzhenshop.g.com/index.php?s=/store/passport/logout
[ begin ] [ ROUTE ] array (
  'type' => 'module',
  'module' => 
  array (
    0 => 'store',
    1 => 'passport',
    2 => 'logout',
  ),
)
[ begin ] [ HEADER ] array (
  'cookie' => '__root_domain_v=.g.com; _qddaz=QD.383130550736149; PHPSESSID=jt5kbjg2asjemkgbona63kr5te',
  'accept-language' => 'en,zh-CN;q=0.9,zh;q=0.8',
  'accept-encoding' => 'gzip, deflate',
  'referer' => 'http://puzhenshop.g.com/index.php?s=/store/store.user/renew',
  'accept' => 'text/html,application/xhtml+xml,application/xml;q=0.9,image/avif,image/webp,image/apng,*/*;q=0.8,application/signed-exchange;v=b3;q=0.9',
  'user-agent' => 'Mozilla/5.0 (Macintosh; Intel Mac OS X 10_14_6) AppleWebKit/537.36 (KHTML, like Gecko) Chrome/99.0.4844.51 Safari/537.36',
  'dnt' => '1',
  'upgrade-insecure-requests' => '1',
  'connection' => 'keep-alive',
  'host' => 'puzhenshop.g.com',
  'content-length' => '',
  'content-type' => '',
)
[ begin ] [ PARAM ] array (
)
---------------------------------------------------------------
[ 2022-03-15T10:55:32+08:00 ] 192.168.20.1 GET puzhenshop.g.com/index.php?s=/store/passport/login
[ begin ] [ ROUTE ] array (
  'type' => 'module',
  'module' => 
  array (
    0 => 'store',
    1 => 'passport',
    2 => 'login',
  ),
)
[ begin ] [ HEADER ] array (
  'cookie' => '__root_domain_v=.g.com; _qddaz=QD.383130550736149; PHPSESSID=jt5kbjg2asjemkgbona63kr5te',
  'accept-language' => 'en,zh-CN;q=0.9,zh;q=0.8',
  'accept-encoding' => 'gzip, deflate',
  'referer' => 'http://puzhenshop.g.com/index.php?s=/store/store.user/renew',
  'accept' => 'text/html,application/xhtml+xml,application/xml;q=0.9,image/avif,image/webp,image/apng,*/*;q=0.8,application/signed-exchange;v=b3;q=0.9',
  'user-agent' => 'Mozilla/5.0 (Macintosh; Intel Mac OS X 10_14_6) AppleWebKit/537.36 (KHTML, like Gecko) Chrome/99.0.4844.51 Safari/537.36',
  'dnt' => '1',
  'upgrade-insecure-requests' => '1',
  'connection' => 'keep-alive',
  'host' => 'puzhenshop.g.com',
  'content-length' => '',
  'content-type' => '',
)
[ begin ] [ PARAM ] array (
)
---------------------------------------------------------------
[ 2022-03-15T10:55:35+08:00 ] 192.168.20.1 POST puzhenshop.g.com/index.php?s=/store/passport/login
[ begin ] [ ROUTE ] array (
  'type' => 'module',
  'module' => 
  array (
    0 => 'store',
    1 => 'passport',
    2 => 'login',
  ),
)
[ begin ] [ HEADER ] array (
  'cookie' => '__root_domain_v=.g.com; _qddaz=QD.383130550736149; PHPSESSID=jt5kbjg2asjemkgbona63kr5te',
  'accept-language' => 'en,zh-CN;q=0.9,zh;q=0.8',
  'accept-encoding' => 'gzip, deflate',
  'referer' => 'http://puzhenshop.g.com/index.php?s=/store/passport/login',
  'origin' => 'http://puzhenshop.g.com',
  'content-type' => 'application/x-www-form-urlencoded; charset=UTF-8',
  'user-agent' => 'Mozilla/5.0 (Macintosh; Intel Mac OS X 10_14_6) AppleWebKit/537.36 (KHTML, like Gecko) Chrome/99.0.4844.51 Safari/537.36',
  'x-requested-with' => 'XMLHttpRequest',
  'dnt' => '1',
  'accept' => 'application/json, text/javascript, */*; q=0.01',
  'content-length' => '51',
  'connection' => 'keep-alive',
  'host' => 'puzhenshop.g.com',
)
[ begin ] [ PARAM ] array (
  'User' => 
  array (
    'user_name' => 'admin',
    'password' => '123456',
  ),
)
---------------------------------------------------------------
[ 2022-03-15T10:55:37+08:00 ] 192.168.20.1 GET puzhenshop.g.com/index.php?s=/store/index/index
[ begin ] [ ROUTE ] array (
  'type' => 'module',
  'module' => 
  array (
    0 => 'store',
    1 => 'index',
    2 => 'index',
  ),
)
[ begin ] [ HEADER ] array (
  'cookie' => '__root_domain_v=.g.com; _qddaz=QD.383130550736149; PHPSESSID=jt5kbjg2asjemkgbona63kr5te',
  'accept-language' => 'en,zh-CN;q=0.9,zh;q=0.8',
  'accept-encoding' => 'gzip, deflate',
  'referer' => 'http://puzhenshop.g.com/index.php?s=/store/passport/login',
  'accept' => 'text/html,application/xhtml+xml,application/xml;q=0.9,image/avif,image/webp,image/apng,*/*;q=0.8,application/signed-exchange;v=b3;q=0.9',
  'user-agent' => 'Mozilla/5.0 (Macintosh; Intel Mac OS X 10_14_6) AppleWebKit/537.36 (KHTML, like Gecko) Chrome/99.0.4844.51 Safari/537.36',
  'dnt' => '1',
  'upgrade-insecure-requests' => '1',
  'connection' => 'keep-alive',
  'host' => 'puzhenshop.g.com',
  'content-length' => '',
  'content-type' => '',
)
[ begin ] [ PARAM ] array (
)
---------------------------------------------------------------
[ 2022-03-15T10:55:43+08:00 ] 192.168.20.1 GET puzhenshop.g.com/index.php?s=/admin
[ begin ] [ ROUTE ] array (
  'type' => 'module',
  'module' => 
  array (
    0 => 'admin',
    1 => NULL,
    2 => NULL,
  ),
)
[ begin ] [ HEADER ] array (
  'cookie' => '__root_domain_v=.g.com; _qddaz=QD.383130550736149; PHPSESSID=jt5kbjg2asjemkgbona63kr5te',
  'accept-language' => 'en,zh-CN;q=0.9,zh;q=0.8',
  'accept-encoding' => 'gzip, deflate',
  'accept' => 'text/html,application/xhtml+xml,application/xml;q=0.9,image/avif,image/webp,image/apng,*/*;q=0.8,application/signed-exchange;v=b3;q=0.9',
  'user-agent' => 'Mozilla/5.0 (Macintosh; Intel Mac OS X 10_14_6) AppleWebKit/537.36 (KHTML, like Gecko) Chrome/99.0.4844.51 Safari/537.36',
  'upgrade-insecure-requests' => '1',
  'dnt' => '1',
  'connection' => 'keep-alive',
  'host' => 'puzhenshop.g.com',
  'content-length' => '',
  'content-type' => '',
)
[ begin ] [ PARAM ] array (
)
---------------------------------------------------------------
[ 2022-03-15T10:55:49+08:00 ] 192.168.20.1 GET puzhenshop.g.com/index.php?s=/admin/store/index
[ begin ] [ ROUTE ] array (
  'type' => 'module',
  'module' => 
  array (
    0 => 'admin',
    1 => 'store',
    2 => 'index',
  ),
)
[ begin ] [ HEADER ] array (
  'cookie' => '__root_domain_v=.g.com; _qddaz=QD.383130550736149; PHPSESSID=jt5kbjg2asjemkgbona63kr5te',
  'accept-language' => 'en,zh-CN;q=0.9,zh;q=0.8',
  'accept-encoding' => 'gzip, deflate',
  'referer' => 'http://puzhenshop.g.com/index.php?s=/admin',
  'accept' => 'text/html,application/xhtml+xml,application/xml;q=0.9,image/avif,image/webp,image/apng,*/*;q=0.8,application/signed-exchange;v=b3;q=0.9',
  'user-agent' => 'Mozilla/5.0 (Macintosh; Intel Mac OS X 10_14_6) AppleWebKit/537.36 (KHTML, like Gecko) Chrome/99.0.4844.51 Safari/537.36',
  'dnt' => '1',
  'upgrade-insecure-requests' => '1',
  'connection' => 'keep-alive',
  'host' => 'puzhenshop.g.com',
  'content-length' => '',
  'content-type' => '',
)
[ begin ] [ PARAM ] array (
)
---------------------------------------------------------------
[ 2022-03-15T11:00:35+08:00 ] 113.66.210.237 GET puzhenshop.feibu.info/
[ begin ] [ ROUTE ] array (
  'type' => 'module',
  'module' => 
  array (
    0 => '',
    1 => NULL,
    2 => NULL,
  ),
)
[ begin ] [ HEADER ] array (
  'cookie' => '__gads=ID=00d075fa159d8ac8:T=1597915774:S=ALNI_MZogTGW2LAF0H_NTkBymWmUYtnOxQ; __root_domain_v=.feibu.info; _qddaz=QD.932230466496504; Hm_lvt_8231d52c4580fdb4fc6a6098e03a174f=1646725837; Hm_lpvt_8231d52c4580fdb4fc6a6098e03a174f=1646726312',
  'accept-language' => 'en,zh-CN;q=0.9,zh;q=0.8',
  'accept-encoding' => 'gzip, deflate',
  'accept' => 'text/html,application/xhtml+xml,application/xml;q=0.9,image/avif,image/webp,image/apng,*/*;q=0.8,application/signed-exchange;v=b3;q=0.9',
  'user-agent' => 'Mozilla/5.0 (Macintosh; Intel Mac OS X 10_14_6) AppleWebKit/537.36 (KHTML, like Gecko) Chrome/99.0.4844.51 Safari/537.36',
  'upgrade-insecure-requests' => '1',
  'dnt' => '1',
  'connection' => 'close',
  'host' => 'puzhenshop.feibu.info',
)
[ begin ] [ PARAM ] array (
)
---------------------------------------------------------------
[ 2022-03-15T11:00:35+08:00 ] 113.66.210.237 GET puzhenshop.feibu.info/index.php?s=/store/passport/login
[ begin ] [ ROUTE ] array (
  'type' => 'module',
  'module' => 
  array (
    0 => 'store',
    1 => 'passport',
    2 => 'login',
  ),
)
[ begin ] [ HEADER ] array (
  'cookie' => '__gads=ID=00d075fa159d8ac8:T=1597915774:S=ALNI_MZogTGW2LAF0H_NTkBymWmUYtnOxQ; __root_domain_v=.feibu.info; _qddaz=QD.932230466496504; Hm_lvt_8231d52c4580fdb4fc6a6098e03a174f=1646725837; Hm_lpvt_8231d52c4580fdb4fc6a6098e03a174f=1646726312; PHPSESSID=cmubvvptf0coclkkcre98a0a9b',
  'accept-language' => 'en,zh-CN;q=0.9,zh;q=0.8',
  'accept-encoding' => 'gzip, deflate',
  'accept' => 'text/html,application/xhtml+xml,application/xml;q=0.9,image/avif,image/webp,image/apng,*/*;q=0.8,application/signed-exchange;v=b3;q=0.9',
  'user-agent' => 'Mozilla/5.0 (Macintosh; Intel Mac OS X 10_14_6) AppleWebKit/537.36 (KHTML, like Gecko) Chrome/99.0.4844.51 Safari/537.36',
  'upgrade-insecure-requests' => '1',
  'dnt' => '1',
  'connection' => 'close',
  'host' => 'puzhenshop.feibu.info',
)
[ begin ] [ PARAM ] array (
)
---------------------------------------------------------------
[ 2022-03-15T11:00:43+08:00 ] 113.66.210.237 POST puzhenshop.feibu.info/index.php?s=/store/passport/login
[ begin ] [ ROUTE ] array (
  'type' => 'module',
  'module' => 
  array (
    0 => 'store',
    1 => 'passport',
    2 => 'login',
  ),
)
[ begin ] [ HEADER ] array (
  'cookie' => '__gads=ID=00d075fa159d8ac8:T=1597915774:S=ALNI_MZogTGW2LAF0H_NTkBymWmUYtnOxQ; __root_domain_v=.feibu.info; _qddaz=QD.932230466496504; Hm_lvt_8231d52c4580fdb4fc6a6098e03a174f=1646725837; Hm_lpvt_8231d52c4580fdb4fc6a6098e03a174f=1646726312; PHPSESSID=cmubvvptf0coclkkcre98a0a9b',
  'accept-language' => 'en,zh-CN;q=0.9,zh;q=0.8',
  'accept-encoding' => 'gzip, deflate',
  'referer' => 'http://puzhenshop.feibu.info/index.php?s=/store/passport/login',
  'origin' => 'http://puzhenshop.feibu.info',
  'content-type' => 'application/x-www-form-urlencoded; charset=UTF-8',
  'user-agent' => 'Mozilla/5.0 (Macintosh; Intel Mac OS X 10_14_6) AppleWebKit/537.36 (KHTML, like Gecko) Chrome/99.0.4844.51 Safari/537.36',
  'x-requested-with' => 'XMLHttpRequest',
  'dnt' => '1',
  'accept' => 'application/json, text/javascript, */*; q=0.01',
  'content-length' => '51',
  'connection' => 'close',
  'host' => 'puzhenshop.feibu.info',
)
[ begin ] [ PARAM ] array (
  'User' => 
  array (
    'user_name' => 'admin',
    'password' => '123456',
  ),
)
---------------------------------------------------------------
[ 2022-03-15T11:00:46+08:00 ] 113.66.210.237 GET puzhenshop.feibu.info/index.php?s=/store/index/index
[ begin ] [ ROUTE ] array (
  'type' => 'module',
  'module' => 
  array (
    0 => 'store',
    1 => 'index',
    2 => 'index',
  ),
)
[ begin ] [ HEADER ] array (
  'cookie' => '__gads=ID=00d075fa159d8ac8:T=1597915774:S=ALNI_MZogTGW2LAF0H_NTkBymWmUYtnOxQ; __root_domain_v=.feibu.info; _qddaz=QD.932230466496504; Hm_lvt_8231d52c4580fdb4fc6a6098e03a174f=1646725837; Hm_lpvt_8231d52c4580fdb4fc6a6098e03a174f=1646726312; PHPSESSID=cmubvvptf0coclkkcre98a0a9b',
  'accept-language' => 'en,zh-CN;q=0.9,zh;q=0.8',
  'accept-encoding' => 'gzip, deflate',
  'referer' => 'http://puzhenshop.feibu.info/index.php?s=/store/passport/login',
  'accept' => 'text/html,application/xhtml+xml,application/xml;q=0.9,image/avif,image/webp,image/apng,*/*;q=0.8,application/signed-exchange;v=b3;q=0.9',
  'user-agent' => 'Mozilla/5.0 (Macintosh; Intel Mac OS X 10_14_6) AppleWebKit/537.36 (KHTML, like Gecko) Chrome/99.0.4844.51 Safari/537.36',
  'dnt' => '1',
  'upgrade-insecure-requests' => '1',
  'connection' => 'close',
  'host' => 'puzhenshop.feibu.info',
)
[ begin ] [ PARAM ] array (
)
---------------------------------------------------------------
[ 2022-03-15T11:14:20+08:00 ] 61.151.206.27 GET puzhenshop.feibu.info/index.php?s=/store
[ begin ] [ ROUTE ] array (
  'type' => 'module',
  'module' => 
  array (
    0 => 'store',
    1 => NULL,
    2 => NULL,
  ),
)
[ begin ] [ HEADER ] array (
  'connection' => 'close',
  'pragma' => 'no-cache',
  'host' => 'puzhenshop.feibu.info',
  'accept' => '*/*',
  'user-agent' => 'Mozilla/5.0 (iPhone; CPU iPhone OS 8_3 like Mac OS X) AppleWebKit/600.1.4 (KHTML; like Gecko) Mobile/12F70 MicroMessenger/6.1.5 NetType/WIFI',
)
[ begin ] [ PARAM ] array (
)
---------------------------------------------------------------
[ 2022-03-15T11:14:20+08:00 ] 61.151.182.104 GET puzhenshop.feibu.info/index.php?s=/admin
[ begin ] [ ROUTE ] array (
  'type' => 'module',
  'module' => 
  array (
    0 => 'admin',
    1 => NULL,
    2 => NULL,
  ),
)
[ begin ] [ HEADER ] array (
  'connection' => 'close',
  'pragma' => 'no-cache',
  'host' => 'puzhenshop.feibu.info',
  'accept' => '*/*',
  'user-agent' => 'Mozilla/5.0 (iPhone; CPU iPhone OS 8_3 like Mac OS X) AppleWebKit/600.1.4 (KHTML; like Gecko) Mobile/12F70 MicroMessenger/6.1.5 NetType/WIFI',
)
[ begin ] [ PARAM ] array (
)
---------------------------------------------------------------
[ 2022-03-15T11:14:30+08:00 ] 61.151.207.113 GET puzhenshop.feibu.info/index.php?s=/store
[ begin ] [ ROUTE ] array (
  'type' => 'module',
  'module' => 
  array (
    0 => 'store',
    1 => NULL,
    2 => NULL,
  ),
)
[ begin ] [ HEADER ] array (
  'connection' => 'close',
  'pragma' => 'no-cache',
  'host' => 'puzhenshop.feibu.info',
  'accept' => '*/*',
  'user-agent' => 'Mozilla/5.0 (iPhone; CPU iPhone OS 8_3 like Mac OS X) AppleWebKit/600.1.4 (KHTML; like Gecko) Mobile/12F70 MicroMessenger/6.1.5 NetType/WIFI',
)
[ begin ] [ PARAM ] array (
)
---------------------------------------------------------------
[ 2022-03-15T11:14:30+08:00 ] 61.151.182.117 GET puzhenshop.feibu.info/index.php?s=/admin
[ begin ] [ ROUTE ] array (
  'type' => 'module',
  'module' => 
  array (
    0 => 'admin',
    1 => NULL,
    2 => NULL,
  ),
)
[ begin ] [ HEADER ] array (
  'connection' => 'close',
  'pragma' => 'no-cache',
  'host' => 'puzhenshop.feibu.info',
  'accept' => '*/*',
  'user-agent' => 'Mozilla/5.0 (iPhone; CPU iPhone OS 8_3 like Mac OS X) AppleWebKit/600.1.4 (KHTML; like Gecko) Mobile/12F70 MicroMessenger/6.1.5 NetType/WIFI',
)
[ begin ] [ PARAM ] array (
)
---------------------------------------------------------------
[ 2022-03-15T11:14:42+08:00 ] 113.66.210.237 GET puzhenshop.feibu.info/index.php?s=/store
[ begin ] [ ROUTE ] array (
  'type' => 'module',
  'module' => 
  array (
    0 => 'store',
    1 => NULL,
    2 => NULL,
  ),
)
[ begin ] [ HEADER ] array (
  'cookie' => 'Hm_lvt_8231d52c4580fdb4fc6a6098e03a174f=1646727713',
  'accept-language' => 'zh-CN,zh;q=0.9,zh-TW;q=0.8',
  'accept-encoding' => 'gzip, deflate',
  'accept' => 'text/html,application/xhtml+xml,application/xml;q=0.9,image/avif,image/webp,image/apng,*/*;q=0.8,application/signed-exchange;v=b3;q=0.9',
  'user-agent' => 'Mozilla/5.0 (Macintosh; Intel Mac OS X 10_15_7) AppleWebKit/537.36 (KHTML, like Gecko) Chrome/99.0.4844.51 Safari/537.36',
  'upgrade-insecure-requests' => '1',
  'connection' => 'close',
  'host' => 'puzhenshop.feibu.info',
)
[ begin ] [ PARAM ] array (
)
---------------------------------------------------------------
[ 2022-03-15T11:14:42+08:00 ] 113.66.210.237 GET puzhenshop.feibu.info/index.php?s=/store/passport/login
[ begin ] [ ROUTE ] array (
  'type' => 'module',
  'module' => 
  array (
    0 => 'store',
    1 => 'passport',
    2 => 'login',
  ),
)
[ begin ] [ HEADER ] array (
  'cookie' => 'Hm_lvt_8231d52c4580fdb4fc6a6098e03a174f=1646727713; PHPSESSID=436ggu6gfqbv04i9uu332j92em',
  'accept-language' => 'zh-CN,zh;q=0.9,zh-TW;q=0.8',
  'accept-encoding' => 'gzip, deflate',
  'accept' => 'text/html,application/xhtml+xml,application/xml;q=0.9,image/avif,image/webp,image/apng,*/*;q=0.8,application/signed-exchange;v=b3;q=0.9',
  'user-agent' => 'Mozilla/5.0 (Macintosh; Intel Mac OS X 10_15_7) AppleWebKit/537.36 (KHTML, like Gecko) Chrome/99.0.4844.51 Safari/537.36',
  'upgrade-insecure-requests' => '1',
  'connection' => 'close',
  'host' => 'puzhenshop.feibu.info',
)
[ begin ] [ PARAM ] array (
)
---------------------------------------------------------------
[ 2022-03-15T12:01:44+08:00 ] 61.151.178.217 GET puzhenshop.feibu.info/index.php?s=/admin
[ begin ] [ ROUTE ] array (
  'type' => 'module',
  'module' => 
  array (
    0 => 'admin',
    1 => NULL,
    2 => NULL,
  ),
)
[ begin ] [ HEADER ] array (
  'connection' => 'close',
  'host' => 'puzhenshop.feibu.info',
  'accept-language' => 'zh-CN,zh;q=0.8,en-US;q=0.6,en;q=0.4',
  'accept' => '*/*',
  'user-agent' => 'Mozilla/5.0 (Linux; Android 5.1.1; SM801 Build/LMY47V; wv) AppleWebKit/537.36 (KHTML, like Gecko) Version/4.0 Chrome/53.0.2785.49 Mobile MQQBrowser/6.2 TBS/043024 Safari/537.36 MicroMessenger/6.5.4.1000 NetType/4G Language/zh_CN',
)
[ begin ] [ PARAM ] array (
)
---------------------------------------------------------------
[ 2022-03-15T12:02:38+08:00 ] 61.151.178.177 GET puzhenshop.feibu.info/index.php?s=/store
[ begin ] [ ROUTE ] array (
  'type' => 'module',
  'module' => 
  array (
    0 => 'store',
    1 => NULL,
    2 => NULL,
  ),
)
[ begin ] [ HEADER ] array (
  'connection' => 'close',
  'host' => 'puzhenshop.feibu.info',
  'accept-language' => 'zh-CN,zh;q=0.8,en-US;q=0.6,en;q=0.4',
  'accept' => '*/*',
  'user-agent' => 'Mozilla/5.0 (Windows NT 6.1; WOW64) AppleWebKit/537.36 (KHTML, like Gecko) Chrome/39.0.2171.95 Safari/537.36 MicroMessenger/6.5.2.501 NetType/WIFI WindowsWechat QBCore/3.43.27.400 QQBrowser/9.0.2524.400',
)
[ begin ] [ PARAM ] array (
)
---------------------------------------------------------------
[ 2022-03-15T14:54:56+08:00 ] 113.66.210.237 GET puzhenshop.feibu.info/
[ begin ] [ ROUTE ] array (
  'type' => 'module',
  'module' => 
  array (
    0 => '',
    1 => NULL,
    2 => NULL,
  ),
)
[ begin ] [ HEADER ] array (
  'cookie' => '__gads=ID=00d075fa159d8ac8:T=1597915774:S=ALNI_MZogTGW2LAF0H_NTkBymWmUYtnOxQ; __root_domain_v=.feibu.info; _qddaz=QD.932230466496504; Hm_lvt_8231d52c4580fdb4fc6a6098e03a174f=1646725837; Hm_lpvt_8231d52c4580fdb4fc6a6098e03a174f=1646726312; PHPSESSID=cmubvvptf0coclkkcre98a0a9b',
  'accept-language' => 'en,zh-CN;q=0.9,zh;q=0.8',
  'accept-encoding' => 'gzip, deflate',
  'accept' => 'text/html,application/xhtml+xml,application/xml;q=0.9,image/avif,image/webp,image/apng,*/*;q=0.8,application/signed-exchange;v=b3;q=0.9',
  'user-agent' => 'Mozilla/5.0 (Macintosh; Intel Mac OS X 10_14_6) AppleWebKit/537.36 (KHTML, like Gecko) Chrome/99.0.4844.51 Safari/537.36',
  'upgrade-insecure-requests' => '1',
  'dnt' => '1',
  'connection' => 'close',
  'host' => 'puzhenshop.feibu.info',
)
[ begin ] [ PARAM ] array (
)
---------------------------------------------------------------
[ 2022-03-15T14:55:01+08:00 ] 113.66.210.237 GET puzhenshop.feibu.info/index.php?s=/store/passport/logout
[ begin ] [ ROUTE ] array (
  'type' => 'module',
  'module' => 
  array (
    0 => 'store',
    1 => 'passport',
    2 => 'logout',
  ),
)
[ begin ] [ HEADER ] array (
  'cookie' => '__gads=ID=00d075fa159d8ac8:T=1597915774:S=ALNI_MZogTGW2LAF0H_NTkBymWmUYtnOxQ; __root_domain_v=.feibu.info; _qddaz=QD.932230466496504; Hm_lvt_8231d52c4580fdb4fc6a6098e03a174f=1646725837; Hm_lpvt_8231d52c4580fdb4fc6a6098e03a174f=1646726312; PHPSESSID=cmubvvptf0coclkkcre98a0a9b',
  'accept-language' => 'en,zh-CN;q=0.9,zh;q=0.8',
  'accept-encoding' => 'gzip, deflate',
  'referer' => 'http://puzhenshop.feibu.info/',
  'accept' => 'text/html,application/xhtml+xml,application/xml;q=0.9,image/avif,image/webp,image/apng,*/*;q=0.8,application/signed-exchange;v=b3;q=0.9',
  'user-agent' => 'Mozilla/5.0 (Macintosh; Intel Mac OS X 10_14_6) AppleWebKit/537.36 (KHTML, like Gecko) Chrome/99.0.4844.51 Safari/537.36',
  'dnt' => '1',
  'upgrade-insecure-requests' => '1',
  'connection' => 'close',
  'host' => 'puzhenshop.feibu.info',
)
[ begin ] [ PARAM ] array (
)
---------------------------------------------------------------
[ 2022-03-15T14:55:01+08:00 ] 113.66.210.237 GET puzhenshop.feibu.info/index.php?s=/store/passport/login
[ begin ] [ ROUTE ] array (
  'type' => 'module',
  'module' => 
  array (
    0 => 'store',
    1 => 'passport',
    2 => 'login',
  ),
)
[ begin ] [ HEADER ] array (
  'cookie' => '__gads=ID=00d075fa159d8ac8:T=1597915774:S=ALNI_MZogTGW2LAF0H_NTkBymWmUYtnOxQ; __root_domain_v=.feibu.info; _qddaz=QD.932230466496504; Hm_lvt_8231d52c4580fdb4fc6a6098e03a174f=1646725837; Hm_lpvt_8231d52c4580fdb4fc6a6098e03a174f=1646726312; PHPSESSID=cmubvvptf0coclkkcre98a0a9b',
  'accept-language' => 'en,zh-CN;q=0.9,zh;q=0.8',
  'accept-encoding' => 'gzip, deflate',
  'referer' => 'http://puzhenshop.feibu.info/',
  'accept' => 'text/html,application/xhtml+xml,application/xml;q=0.9,image/avif,image/webp,image/apng,*/*;q=0.8,application/signed-exchange;v=b3;q=0.9',
  'user-agent' => 'Mozilla/5.0 (Macintosh; Intel Mac OS X 10_14_6) AppleWebKit/537.36 (KHTML, like Gecko) Chrome/99.0.4844.51 Safari/537.36',
  'dnt' => '1',
  'upgrade-insecure-requests' => '1',
  'connection' => 'close',
  'host' => 'puzhenshop.feibu.info',
)
[ begin ] [ PARAM ] array (
)
---------------------------------------------------------------
[ 2022-03-15T14:55:03+08:00 ] 113.66.210.237 GET puzhenshop.feibu.info/
[ begin ] [ ROUTE ] array (
  'type' => 'module',
  'module' => 
  array (
    0 => '',
    1 => NULL,
    2 => NULL,
  ),
)
[ begin ] [ HEADER ] array (
  'cookie' => '__gads=ID=00d075fa159d8ac8:T=1597915774:S=ALNI_MZogTGW2LAF0H_NTkBymWmUYtnOxQ; __root_domain_v=.feibu.info; _qddaz=QD.932230466496504; Hm_lvt_8231d52c4580fdb4fc6a6098e03a174f=1646725837; Hm_lpvt_8231d52c4580fdb4fc6a6098e03a174f=1646726312; PHPSESSID=cmubvvptf0coclkkcre98a0a9b',
  'accept-language' => 'en,zh-CN;q=0.9,zh;q=0.8',
  'accept-encoding' => 'gzip, deflate',
  'accept' => 'text/html,application/xhtml+xml,application/xml;q=0.9,image/avif,image/webp,image/apng,*/*;q=0.8,application/signed-exchange;v=b3;q=0.9',
  'user-agent' => 'Mozilla/5.0 (Macintosh; Intel Mac OS X 10_14_6) AppleWebKit/537.36 (KHTML, like Gecko) Chrome/99.0.4844.51 Safari/537.36',
  'upgrade-insecure-requests' => '1',
  'dnt' => '1',
  'connection' => 'close',
  'host' => 'puzhenshop.feibu.info',
)
[ begin ] [ PARAM ] array (
)
---------------------------------------------------------------
[ 2022-03-15T14:55:03+08:00 ] 113.66.210.237 GET puzhenshop.feibu.info/index.php?s=/store/passport/login
[ begin ] [ ROUTE ] array (
  'type' => 'module',
  'module' => 
  array (
    0 => 'store',
    1 => 'passport',
    2 => 'login',
  ),
)
[ begin ] [ HEADER ] array (
  'cookie' => '__gads=ID=00d075fa159d8ac8:T=1597915774:S=ALNI_MZogTGW2LAF0H_NTkBymWmUYtnOxQ; __root_domain_v=.feibu.info; _qddaz=QD.932230466496504; Hm_lvt_8231d52c4580fdb4fc6a6098e03a174f=1646725837; Hm_lpvt_8231d52c4580fdb4fc6a6098e03a174f=1646726312; PHPSESSID=cmubvvptf0coclkkcre98a0a9b',
  'accept-language' => 'en,zh-CN;q=0.9,zh;q=0.8',
  'accept-encoding' => 'gzip, deflate',
  'accept' => 'text/html,application/xhtml+xml,application/xml;q=0.9,image/avif,image/webp,image/apng,*/*;q=0.8,application/signed-exchange;v=b3;q=0.9',
  'user-agent' => 'Mozilla/5.0 (Macintosh; Intel Mac OS X 10_14_6) AppleWebKit/537.36 (KHTML, like Gecko) Chrome/99.0.4844.51 Safari/537.36',
  'upgrade-insecure-requests' => '1',
  'dnt' => '1',
  'connection' => 'close',
  'host' => 'puzhenshop.feibu.info',
)
[ begin ] [ PARAM ] array (
)
---------------------------------------------------------------
[ 2022-03-15T14:55:06+08:00 ] 113.66.210.237 POST puzhenshop.feibu.info/index.php?s=/store/passport/login
[ begin ] [ ROUTE ] array (
  'type' => 'module',
  'module' => 
  array (
    0 => 'store',
    1 => 'passport',
    2 => 'login',
  ),
)
[ begin ] [ HEADER ] array (
  'cookie' => '__gads=ID=00d075fa159d8ac8:T=1597915774:S=ALNI_MZogTGW2LAF0H_NTkBymWmUYtnOxQ; __root_domain_v=.feibu.info; _qddaz=QD.932230466496504; Hm_lvt_8231d52c4580fdb4fc6a6098e03a174f=1646725837; Hm_lpvt_8231d52c4580fdb4fc6a6098e03a174f=1646726312; PHPSESSID=cmubvvptf0coclkkcre98a0a9b',
  'accept-language' => 'en,zh-CN;q=0.9,zh;q=0.8',
  'accept-encoding' => 'gzip, deflate',
  'referer' => 'http://puzhenshop.feibu.info/index.php?s=/store/passport/login',
  'origin' => 'http://puzhenshop.feibu.info',
  'content-type' => 'application/x-www-form-urlencoded; charset=UTF-8',
  'user-agent' => 'Mozilla/5.0 (Macintosh; Intel Mac OS X 10_14_6) AppleWebKit/537.36 (KHTML, like Gecko) Chrome/99.0.4844.51 Safari/537.36',
  'x-requested-with' => 'XMLHttpRequest',
  'dnt' => '1',
  'accept' => 'application/json, text/javascript, */*; q=0.01',
  'content-length' => '51',
  'connection' => 'close',
  'host' => 'puzhenshop.feibu.info',
)
[ begin ] [ PARAM ] array (
  'User' => 
  array (
    'user_name' => 'admin',
    'password' => '123456',
  ),
)
---------------------------------------------------------------
[ 2022-03-15T14:55:08+08:00 ] 113.66.210.237 GET puzhenshop.feibu.info/index.php?s=/store/index/index
[ begin ] [ ROUTE ] array (
  'type' => 'module',
  'module' => 
  array (
    0 => 'store',
    1 => 'index',
    2 => 'index',
  ),
)
[ begin ] [ HEADER ] array (
  'cookie' => '__gads=ID=00d075fa159d8ac8:T=1597915774:S=ALNI_MZogTGW2LAF0H_NTkBymWmUYtnOxQ; __root_domain_v=.feibu.info; _qddaz=QD.932230466496504; Hm_lvt_8231d52c4580fdb4fc6a6098e03a174f=1646725837; Hm_lpvt_8231d52c4580fdb4fc6a6098e03a174f=1646726312; PHPSESSID=cmubvvptf0coclkkcre98a0a9b',
  'accept-language' => 'en,zh-CN;q=0.9,zh;q=0.8',
  'accept-encoding' => 'gzip, deflate',
  'referer' => 'http://puzhenshop.feibu.info/index.php?s=/store/passport/login',
  'accept' => 'text/html,application/xhtml+xml,application/xml;q=0.9,image/avif,image/webp,image/apng,*/*;q=0.8,application/signed-exchange;v=b3;q=0.9',
  'user-agent' => 'Mozilla/5.0 (Macintosh; Intel Mac OS X 10_14_6) AppleWebKit/537.36 (KHTML, like Gecko) Chrome/99.0.4844.51 Safari/537.36',
  'dnt' => '1',
  'upgrade-insecure-requests' => '1',
  'connection' => 'close',
  'host' => 'puzhenshop.feibu.info',
)
[ begin ] [ PARAM ] array (
)
---------------------------------------------------------------
[ 2022-03-15T14:58:20+08:00 ] 113.66.210.237 GET puzhenshop.feibu.info/index.php?s=/store/wxapp/setting
[ begin ] [ ROUTE ] array (
  'type' => 'module',
  'module' => 
  array (
    0 => 'store',
    1 => 'wxapp',
    2 => 'setting',
  ),
)
[ begin ] [ HEADER ] array (
  'cookie' => '__gads=ID=00d075fa159d8ac8:T=1597915774:S=ALNI_MZogTGW2LAF0H_NTkBymWmUYtnOxQ; __root_domain_v=.feibu.info; _qddaz=QD.932230466496504; Hm_lvt_8231d52c4580fdb4fc6a6098e03a174f=1646725837; Hm_lpvt_8231d52c4580fdb4fc6a6098e03a174f=1646726312; PHPSESSID=cmubvvptf0coclkkcre98a0a9b',
  'accept-language' => 'en,zh-CN;q=0.9,zh;q=0.8',
  'accept-encoding' => 'gzip, deflate',
  'referer' => 'http://puzhenshop.feibu.info/index.php?s=/store/index/index',
  'accept' => 'text/html,application/xhtml+xml,application/xml;q=0.9,image/avif,image/webp,image/apng,*/*;q=0.8,application/signed-exchange;v=b3;q=0.9',
  'user-agent' => 'Mozilla/5.0 (Macintosh; Intel Mac OS X 10_14_6) AppleWebKit/537.36 (KHTML, like Gecko) Chrome/99.0.4844.51 Safari/537.36',
  'dnt' => '1',
  'upgrade-insecure-requests' => '1',
  'connection' => 'close',
  'host' => 'puzhenshop.feibu.info',
)
[ begin ] [ PARAM ] array (
)
---------------------------------------------------------------
[ 2022-03-15T14:58:26+08:00 ] 113.66.210.237 GET puzhenshop.feibu.info/index.php?s=/store/passport/logout
[ begin ] [ ROUTE ] array (
  'type' => 'module',
  'module' => 
  array (
    0 => 'store',
    1 => 'passport',
    2 => 'logout',
  ),
)
[ begin ] [ HEADER ] array (
  'cookie' => '__gads=ID=00d075fa159d8ac8:T=1597915774:S=ALNI_MZogTGW2LAF0H_NTkBymWmUYtnOxQ; __root_domain_v=.feibu.info; _qddaz=QD.932230466496504; Hm_lvt_8231d52c4580fdb4fc6a6098e03a174f=1646725837; Hm_lpvt_8231d52c4580fdb4fc6a6098e03a174f=1646726312; PHPSESSID=cmubvvptf0coclkkcre98a0a9b',
  'accept-language' => 'en,zh-CN;q=0.9,zh;q=0.8',
  'accept-encoding' => 'gzip, deflate',
  'referer' => 'http://puzhenshop.feibu.info/index.php?s=/store/wxapp/setting',
  'accept' => 'text/html,application/xhtml+xml,application/xml;q=0.9,image/avif,image/webp,image/apng,*/*;q=0.8,application/signed-exchange;v=b3;q=0.9',
  'user-agent' => 'Mozilla/5.0 (Macintosh; Intel Mac OS X 10_14_6) AppleWebKit/537.36 (KHTML, like Gecko) Chrome/99.0.4844.51 Safari/537.36',
  'dnt' => '1',
  'upgrade-insecure-requests' => '1',
  'connection' => 'close',
  'host' => 'puzhenshop.feibu.info',
)
[ begin ] [ PARAM ] array (
)
---------------------------------------------------------------
[ 2022-03-15T14:58:26+08:00 ] 113.66.210.237 GET puzhenshop.feibu.info/index.php?s=/store/passport/login
[ begin ] [ ROUTE ] array (
  'type' => 'module',
  'module' => 
  array (
    0 => 'store',
    1 => 'passport',
    2 => 'login',
  ),
)
[ begin ] [ HEADER ] array (
  'cookie' => '__gads=ID=00d075fa159d8ac8:T=1597915774:S=ALNI_MZogTGW2LAF0H_NTkBymWmUYtnOxQ; __root_domain_v=.feibu.info; _qddaz=QD.932230466496504; Hm_lvt_8231d52c4580fdb4fc6a6098e03a174f=1646725837; Hm_lpvt_8231d52c4580fdb4fc6a6098e03a174f=1646726312; PHPSESSID=cmubvvptf0coclkkcre98a0a9b',
  'accept-language' => 'en,zh-CN;q=0.9,zh;q=0.8',
  'accept-encoding' => 'gzip, deflate',
  'referer' => 'http://puzhenshop.feibu.info/index.php?s=/store/wxapp/setting',
  'accept' => 'text/html,application/xhtml+xml,application/xml;q=0.9,image/avif,image/webp,image/apng,*/*;q=0.8,application/signed-exchange;v=b3;q=0.9',
  'user-agent' => 'Mozilla/5.0 (Macintosh; Intel Mac OS X 10_14_6) AppleWebKit/537.36 (KHTML, like Gecko) Chrome/99.0.4844.51 Safari/537.36',
  'dnt' => '1',
  'upgrade-insecure-requests' => '1',
  'connection' => 'close',
  'host' => 'puzhenshop.feibu.info',
)
[ begin ] [ PARAM ] array (
)
---------------------------------------------------------------
[ 2022-03-15T14:58:29+08:00 ] 113.66.210.237 POST puzhenshop.feibu.info/index.php?s=/store/passport/login
[ begin ] [ ROUTE ] array (
  'type' => 'module',
  'module' => 
  array (
    0 => 'store',
    1 => 'passport',
    2 => 'login',
  ),
)
[ begin ] [ HEADER ] array (
  'cookie' => '__gads=ID=00d075fa159d8ac8:T=1597915774:S=ALNI_MZogTGW2LAF0H_NTkBymWmUYtnOxQ; __root_domain_v=.feibu.info; _qddaz=QD.932230466496504; Hm_lvt_8231d52c4580fdb4fc6a6098e03a174f=1646725837; Hm_lpvt_8231d52c4580fdb4fc6a6098e03a174f=1646726312; PHPSESSID=cmubvvptf0coclkkcre98a0a9b',
  'accept-language' => 'en,zh-CN;q=0.9,zh;q=0.8',
  'accept-encoding' => 'gzip, deflate',
  'referer' => 'http://puzhenshop.feibu.info/index.php?s=/store/passport/login',
  'origin' => 'http://puzhenshop.feibu.info',
  'content-type' => 'application/x-www-form-urlencoded; charset=UTF-8',
  'user-agent' => 'Mozilla/5.0 (Macintosh; Intel Mac OS X 10_14_6) AppleWebKit/537.36 (KHTML, like Gecko) Chrome/99.0.4844.51 Safari/537.36',
  'x-requested-with' => 'XMLHttpRequest',
  'dnt' => '1',
  'accept' => 'application/json, text/javascript, */*; q=0.01',
  'content-length' => '51',
  'connection' => 'close',
  'host' => 'puzhenshop.feibu.info',
)
[ begin ] [ PARAM ] array (
  'User' => 
  array (
    'user_name' => 'admin',
    'password' => '123456',
  ),
)
---------------------------------------------------------------
[ 2022-03-15T14:58:31+08:00 ] 113.66.210.237 GET puzhenshop.feibu.info/index.php?s=/store/index/index
[ begin ] [ ROUTE ] array (
  'type' => 'module',
  'module' => 
  array (
    0 => 'store',
    1 => 'index',
    2 => 'index',
  ),
)
[ begin ] [ HEADER ] array (
  'cookie' => '__gads=ID=00d075fa159d8ac8:T=1597915774:S=ALNI_MZogTGW2LAF0H_NTkBymWmUYtnOxQ; __root_domain_v=.feibu.info; _qddaz=QD.932230466496504; Hm_lvt_8231d52c4580fdb4fc6a6098e03a174f=1646725837; Hm_lpvt_8231d52c4580fdb4fc6a6098e03a174f=1646726312; PHPSESSID=cmubvvptf0coclkkcre98a0a9b',
  'accept-language' => 'en,zh-CN;q=0.9,zh;q=0.8',
  'accept-encoding' => 'gzip, deflate',
  'referer' => 'http://puzhenshop.feibu.info/index.php?s=/store/passport/login',
  'accept' => 'text/html,application/xhtml+xml,application/xml;q=0.9,image/avif,image/webp,image/apng,*/*;q=0.8,application/signed-exchange;v=b3;q=0.9',
  'user-agent' => 'Mozilla/5.0 (Macintosh; Intel Mac OS X 10_14_6) AppleWebKit/537.36 (KHTML, like Gecko) Chrome/99.0.4844.51 Safari/537.36',
  'dnt' => '1',
  'upgrade-insecure-requests' => '1',
  'connection' => 'close',
  'host' => 'puzhenshop.feibu.info',
)
[ begin ] [ PARAM ] array (
)
---------------------------------------------------------------
[ 2022-03-15T14:58:39+08:00 ] 113.66.210.237 GET puzhenshop.feibu.info/index.php?s=/admin
[ begin ] [ ROUTE ] array (
  'type' => 'module',
  'module' => 
  array (
    0 => 'admin',
    1 => NULL,
    2 => NULL,
  ),
)
[ begin ] [ HEADER ] array (
  'cookie' => '__gads=ID=00d075fa159d8ac8:T=1597915774:S=ALNI_MZogTGW2LAF0H_NTkBymWmUYtnOxQ; __root_domain_v=.feibu.info; _qddaz=QD.932230466496504; Hm_lvt_8231d52c4580fdb4fc6a6098e03a174f=1646725837; Hm_lpvt_8231d52c4580fdb4fc6a6098e03a174f=1646726312; PHPSESSID=cmubvvptf0coclkkcre98a0a9b',
  'accept-language' => 'en,zh-CN;q=0.9,zh;q=0.8',
  'accept-encoding' => 'gzip, deflate',
  'accept' => 'text/html,application/xhtml+xml,application/xml;q=0.9,image/avif,image/webp,image/apng,*/*;q=0.8,application/signed-exchange;v=b3;q=0.9',
  'user-agent' => 'Mozilla/5.0 (Macintosh; Intel Mac OS X 10_14_6) AppleWebKit/537.36 (KHTML, like Gecko) Chrome/99.0.4844.51 Safari/537.36',
  'upgrade-insecure-requests' => '1',
  'dnt' => '1',
  'connection' => 'close',
  'host' => 'puzhenshop.feibu.info',
)
[ begin ] [ PARAM ] array (
)
---------------------------------------------------------------
[ 2022-03-15T14:58:39+08:00 ] 113.66.210.237 GET puzhenshop.feibu.info/index.php?s=/admin/passport/login
[ begin ] [ ROUTE ] array (
  'type' => 'module',
  'module' => 
  array (
    0 => 'admin',
    1 => 'passport',
    2 => 'login',
  ),
)
[ begin ] [ HEADER ] array (
  'cookie' => '__gads=ID=00d075fa159d8ac8:T=1597915774:S=ALNI_MZogTGW2LAF0H_NTkBymWmUYtnOxQ; __root_domain_v=.feibu.info; _qddaz=QD.932230466496504; Hm_lvt_8231d52c4580fdb4fc6a6098e03a174f=1646725837; Hm_lpvt_8231d52c4580fdb4fc6a6098e03a174f=1646726312; PHPSESSID=cmubvvptf0coclkkcre98a0a9b',
  'accept-language' => 'en,zh-CN;q=0.9,zh;q=0.8',
  'accept-encoding' => 'gzip, deflate',
  'accept' => 'text/html,application/xhtml+xml,application/xml;q=0.9,image/avif,image/webp,image/apng,*/*;q=0.8,application/signed-exchange;v=b3;q=0.9',
  'user-agent' => 'Mozilla/5.0 (Macintosh; Intel Mac OS X 10_14_6) AppleWebKit/537.36 (KHTML, like Gecko) Chrome/99.0.4844.51 Safari/537.36',
  'upgrade-insecure-requests' => '1',
  'dnt' => '1',
  'connection' => 'close',
  'host' => 'puzhenshop.feibu.info',
)
[ begin ] [ PARAM ] array (
)
---------------------------------------------------------------
[ 2022-03-15T14:58:44+08:00 ] 113.66.210.237 POST puzhenshop.feibu.info/index.php?s=/admin/passport/login
[ begin ] [ ROUTE ] array (
  'type' => 'module',
  'module' => 
  array (
    0 => 'admin',
    1 => 'passport',
    2 => 'login',
  ),
)
[ begin ] [ HEADER ] array (
  'cookie' => '__gads=ID=00d075fa159d8ac8:T=1597915774:S=ALNI_MZogTGW2LAF0H_NTkBymWmUYtnOxQ; __root_domain_v=.feibu.info; _qddaz=QD.932230466496504; Hm_lvt_8231d52c4580fdb4fc6a6098e03a174f=1646725837; Hm_lpvt_8231d52c4580fdb4fc6a6098e03a174f=1646726312; PHPSESSID=cmubvvptf0coclkkcre98a0a9b',
  'accept-language' => 'en,zh-CN;q=0.9,zh;q=0.8',
  'accept-encoding' => 'gzip, deflate',
  'referer' => 'http://puzhenshop.feibu.info/index.php?s=/admin/passport/login',
  'origin' => 'http://puzhenshop.feibu.info',
  'content-type' => 'application/x-www-form-urlencoded; charset=UTF-8',
  'user-agent' => 'Mozilla/5.0 (Macintosh; Intel Mac OS X 10_14_6) AppleWebKit/537.36 (KHTML, like Gecko) Chrome/99.0.4844.51 Safari/537.36',
  'x-requested-with' => 'XMLHttpRequest',
  'dnt' => '1',
  'accept' => 'application/json, text/javascript, */*; q=0.01',
  'content-length' => '51',
  'connection' => 'close',
  'host' => 'puzhenshop.feibu.info',
)
[ begin ] [ PARAM ] array (
  'User' => 
  array (
    'user_name' => 'admin',
    'password' => '123456',
  ),
)
---------------------------------------------------------------
[ 2022-03-15T14:58:46+08:00 ] 113.66.210.237 GET puzhenshop.feibu.info/index.php?s=/admin/index/index
[ begin ] [ ROUTE ] array (
  'type' => 'module',
  'module' => 
  array (
    0 => 'admin',
    1 => 'index',
    2 => 'index',
  ),
)
[ begin ] [ HEADER ] array (
  'cookie' => '__gads=ID=00d075fa159d8ac8:T=1597915774:S=ALNI_MZogTGW2LAF0H_NTkBymWmUYtnOxQ; __root_domain_v=.feibu.info; _qddaz=QD.932230466496504; Hm_lvt_8231d52c4580fdb4fc6a6098e03a174f=1646725837; Hm_lpvt_8231d52c4580fdb4fc6a6098e03a174f=1646726312; PHPSESSID=cmubvvptf0coclkkcre98a0a9b',
  'accept-language' => 'en,zh-CN;q=0.9,zh;q=0.8',
  'accept-encoding' => 'gzip, deflate',
  'referer' => 'http://puzhenshop.feibu.info/index.php?s=/admin/passport/login',
  'accept' => 'text/html,application/xhtml+xml,application/xml;q=0.9,image/avif,image/webp,image/apng,*/*;q=0.8,application/signed-exchange;v=b3;q=0.9',
  'user-agent' => 'Mozilla/5.0 (Macintosh; Intel Mac OS X 10_14_6) AppleWebKit/537.36 (KHTML, like Gecko) Chrome/99.0.4844.51 Safari/537.36',
  'dnt' => '1',
  'upgrade-insecure-requests' => '1',
  'connection' => 'close',
  'host' => 'puzhenshop.feibu.info',
)
[ begin ] [ PARAM ] array (
)
---------------------------------------------------------------
[ 2022-03-15T14:58:49+08:00 ] 113.66.210.237 GET puzhenshop.feibu.info/index.php?s=/admin/store/index
[ begin ] [ ROUTE ] array (
  'type' => 'module',
  'module' => 
  array (
    0 => 'admin',
    1 => 'store',
    2 => 'index',
  ),
)
[ begin ] [ HEADER ] array (
  'cookie' => '__gads=ID=00d075fa159d8ac8:T=1597915774:S=ALNI_MZogTGW2LAF0H_NTkBymWmUYtnOxQ; __root_domain_v=.feibu.info; _qddaz=QD.932230466496504; Hm_lvt_8231d52c4580fdb4fc6a6098e03a174f=1646725837; Hm_lpvt_8231d52c4580fdb4fc6a6098e03a174f=1646726312; PHPSESSID=cmubvvptf0coclkkcre98a0a9b',
  'accept-language' => 'en,zh-CN;q=0.9,zh;q=0.8',
  'accept-encoding' => 'gzip, deflate',
  'referer' => 'http://puzhenshop.feibu.info/index.php?s=/admin/index/index',
  'accept' => 'text/html,application/xhtml+xml,application/xml;q=0.9,image/avif,image/webp,image/apng,*/*;q=0.8,application/signed-exchange;v=b3;q=0.9',
  'user-agent' => 'Mozilla/5.0 (Macintosh; Intel Mac OS X 10_14_6) AppleWebKit/537.36 (KHTML, like Gecko) Chrome/99.0.4844.51 Safari/537.36',
  'dnt' => '1',
  'upgrade-insecure-requests' => '1',
  'connection' => 'close',
  'host' => 'puzhenshop.feibu.info',
)
[ begin ] [ PARAM ] array (
)
---------------------------------------------------------------
[ 2022-03-15T15:03:19+08:00 ] 113.66.210.237 GET puzhenshop.feibu.info/index.php?s=/admin/store/index
[ begin ] [ ROUTE ] array (
  'type' => 'module',
  'module' => 
  array (
    0 => 'admin',
    1 => 'store',
    2 => 'index',
  ),
)
[ begin ] [ HEADER ] array (
  'cookie' => '__gads=ID=00d075fa159d8ac8:T=1597915774:S=ALNI_MZogTGW2LAF0H_NTkBymWmUYtnOxQ; __root_domain_v=.feibu.info; _qddaz=QD.932230466496504; Hm_lvt_8231d52c4580fdb4fc6a6098e03a174f=1646725837; Hm_lpvt_8231d52c4580fdb4fc6a6098e03a174f=1646726312; PHPSESSID=cmubvvptf0coclkkcre98a0a9b',
  'accept-language' => 'en,zh-CN;q=0.9,zh;q=0.8',
  'accept-encoding' => 'gzip, deflate',
  'referer' => 'http://puzhenshop.feibu.info/index.php?s=/admin/index/index',
  'accept' => 'text/html,application/xhtml+xml,application/xml;q=0.9,image/avif,image/webp,image/apng,*/*;q=0.8,application/signed-exchange;v=b3;q=0.9',
  'user-agent' => 'Mozilla/5.0 (Macintosh; Intel Mac OS X 10_14_6) AppleWebKit/537.36 (KHTML, like Gecko) Chrome/99.0.4844.51 Safari/537.36',
  'upgrade-insecure-requests' => '1',
  'dnt' => '1',
  'cache-control' => 'max-age=0',
  'connection' => 'close',
  'host' => 'puzhenshop.feibu.info',
)
[ begin ] [ PARAM ] array (
)
---------------------------------------------------------------
[ 2022-03-15T15:03:23+08:00 ] 113.66.210.237 GET puzhenshop.feibu.info/index.php?s=/admin/store/index
[ begin ] [ ROUTE ] array (
  'type' => 'module',
  'module' => 
  array (
    0 => 'admin',
    1 => 'store',
    2 => 'index',
  ),
)
[ begin ] [ HEADER ] array (
  'cookie' => '__gads=ID=00d075fa159d8ac8:T=1597915774:S=ALNI_MZogTGW2LAF0H_NTkBymWmUYtnOxQ; __root_domain_v=.feibu.info; _qddaz=QD.932230466496504; Hm_lvt_8231d52c4580fdb4fc6a6098e03a174f=1646725837; Hm_lpvt_8231d52c4580fdb4fc6a6098e03a174f=1646726312; PHPSESSID=cmubvvptf0coclkkcre98a0a9b',
  'accept-language' => 'en,zh-CN;q=0.9,zh;q=0.8',
  'accept-encoding' => 'gzip, deflate',
  'referer' => 'http://puzhenshop.feibu.info/index.php?s=/admin/index/index',
  'accept' => 'text/html,application/xhtml+xml,application/xml;q=0.9,image/avif,image/webp,image/apng,*/*;q=0.8,application/signed-exchange;v=b3;q=0.9',
  'user-agent' => 'Mozilla/5.0 (Macintosh; Intel Mac OS X 10_14_6) AppleWebKit/537.36 (KHTML, like Gecko) Chrome/99.0.4844.51 Safari/537.36',
  'upgrade-insecure-requests' => '1',
  'dnt' => '1',
  'cache-control' => 'no-cache',
  'pragma' => 'no-cache',
  'connection' => 'close',
  'host' => 'puzhenshop.feibu.info',
)
[ begin ] [ PARAM ] array (
)
---------------------------------------------------------------
[ 2022-03-15T15:03:25+08:00 ] 113.66.210.237 GET puzhenshop.feibu.info/index.php?s=/admin/setting.cache/clear
[ begin ] [ ROUTE ] array (
  'type' => 'module',
  'module' => 
  array (
    0 => 'admin',
    1 => 'setting.cache',
    2 => 'clear',
  ),
)
[ begin ] [ HEADER ] array (
  'cookie' => '__gads=ID=00d075fa159d8ac8:T=1597915774:S=ALNI_MZogTGW2LAF0H_NTkBymWmUYtnOxQ; __root_domain_v=.feibu.info; _qddaz=QD.932230466496504; Hm_lvt_8231d52c4580fdb4fc6a6098e03a174f=1646725837; Hm_lpvt_8231d52c4580fdb4fc6a6098e03a174f=1646726312; PHPSESSID=cmubvvptf0coclkkcre98a0a9b',
  'accept-language' => 'en,zh-CN;q=0.9,zh;q=0.8',
  'accept-encoding' => 'gzip, deflate',
  'referer' => 'http://puzhenshop.feibu.info/index.php?s=/admin/store/index',
  'accept' => 'text/html,application/xhtml+xml,application/xml;q=0.9,image/avif,image/webp,image/apng,*/*;q=0.8,application/signed-exchange;v=b3;q=0.9',
  'user-agent' => 'Mozilla/5.0 (Macintosh; Intel Mac OS X 10_14_6) AppleWebKit/537.36 (KHTML, like Gecko) Chrome/99.0.4844.51 Safari/537.36',
  'dnt' => '1',
  'upgrade-insecure-requests' => '1',
  'connection' => 'close',
  'host' => 'puzhenshop.feibu.info',
)
[ begin ] [ PARAM ] array (
)
---------------------------------------------------------------
[ 2022-03-15T15:03:26+08:00 ] 113.66.210.237 POST puzhenshop.feibu.info/index.php?s=/admin/setting.cache/clear
[ begin ] [ ROUTE ] array (
  'type' => 'module',
  'module' => 
  array (
    0 => 'admin',
    1 => 'setting.cache',
    2 => 'clear',
  ),
)
[ begin ] [ HEADER ] array (
  'cookie' => '__gads=ID=00d075fa159d8ac8:T=1597915774:S=ALNI_MZogTGW2LAF0H_NTkBymWmUYtnOxQ; __root_domain_v=.feibu.info; _qddaz=QD.932230466496504; Hm_lvt_8231d52c4580fdb4fc6a6098e03a174f=1646725837; Hm_lpvt_8231d52c4580fdb4fc6a6098e03a174f=1646726312; PHPSESSID=cmubvvptf0coclkkcre98a0a9b',
  'accept-language' => 'en,zh-CN;q=0.9,zh;q=0.8',
  'accept-encoding' => 'gzip, deflate',
  'referer' => 'http://puzhenshop.feibu.info/index.php?s=/admin/setting.cache/clear',
  'origin' => 'http://puzhenshop.feibu.info',
  'content-type' => 'multipart/form-data; boundary=----WebKitFormBoundaryOcAfHR77SA0FKgJp',
  'user-agent' => 'Mozilla/5.0 (Macintosh; Intel Mac OS X 10_14_6) AppleWebKit/537.36 (KHTML, like Gecko) Chrome/99.0.4844.51 Safari/537.36',
  'x-requested-with' => 'XMLHttpRequest',
  'dnt' => '1',
  'accept' => 'application/json, text/javascript, */*; q=0.01',
  'content-length' => '348',
  'connection' => 'close',
  'host' => 'puzhenshop.feibu.info',
)
[ begin ] [ PARAM ] array (
  'cache' => 
  array (
    'item' => 
    array (
      0 => 'data',
      1 => 'temp',
    ),
  ),
)
---------------------------------------------------------------
[ 2022-03-15T15:03:28+08:00 ] 113.66.210.237 GET puzhenshop.feibu.info/index.php?s=/admin/setting.cache/clear
[ begin ] [ ROUTE ] array (
  'type' => 'module',
  'module' => 
  array (
    0 => 'admin',
    1 => 'setting.cache',
    2 => 'clear',
  ),
)
[ begin ] [ HEADER ] array (
  'cookie' => '__gads=ID=00d075fa159d8ac8:T=1597915774:S=ALNI_MZogTGW2LAF0H_NTkBymWmUYtnOxQ; __root_domain_v=.feibu.info; _qddaz=QD.932230466496504; Hm_lvt_8231d52c4580fdb4fc6a6098e03a174f=1646725837; Hm_lpvt_8231d52c4580fdb4fc6a6098e03a174f=1646726312; PHPSESSID=cmubvvptf0coclkkcre98a0a9b',
  'accept-language' => 'en,zh-CN;q=0.9,zh;q=0.8',
  'accept-encoding' => 'gzip, deflate',
  'referer' => 'http://puzhenshop.feibu.info/index.php?s=/admin/setting.cache/clear',
  'accept' => 'text/html,application/xhtml+xml,application/xml;q=0.9,image/avif,image/webp,image/apng,*/*;q=0.8,application/signed-exchange;v=b3;q=0.9',
  'user-agent' => 'Mozilla/5.0 (Macintosh; Intel Mac OS X 10_14_6) AppleWebKit/537.36 (KHTML, like Gecko) Chrome/99.0.4844.51 Safari/537.36',
  'dnt' => '1',
  'upgrade-insecure-requests' => '1',
  'cache-control' => 'max-age=0',
  'connection' => 'close',
  'host' => 'puzhenshop.feibu.info',
)
[ begin ] [ PARAM ] array (
)
---------------------------------------------------------------
[ 2022-03-15T15:03:29+08:00 ] 113.66.210.237 GET puzhenshop.feibu.info/index.php?s=/admin/store/index
[ begin ] [ ROUTE ] array (
  'type' => 'module',
  'module' => 
  array (
    0 => 'admin',
    1 => 'store',
    2 => 'index',
  ),
)
[ begin ] [ HEADER ] array (
  'cookie' => '__gads=ID=00d075fa159d8ac8:T=1597915774:S=ALNI_MZogTGW2LAF0H_NTkBymWmUYtnOxQ; __root_domain_v=.feibu.info; _qddaz=QD.932230466496504; Hm_lvt_8231d52c4580fdb4fc6a6098e03a174f=1646725837; Hm_lpvt_8231d52c4580fdb4fc6a6098e03a174f=1646726312; PHPSESSID=cmubvvptf0coclkkcre98a0a9b',
  'accept-language' => 'en,zh-CN;q=0.9,zh;q=0.8',
  'accept-encoding' => 'gzip, deflate',
  'referer' => 'http://puzhenshop.feibu.info/index.php?s=/admin/setting.cache/clear',
  'accept' => 'text/html,application/xhtml+xml,application/xml;q=0.9,image/avif,image/webp,image/apng,*/*;q=0.8,application/signed-exchange;v=b3;q=0.9',
  'user-agent' => 'Mozilla/5.0 (Macintosh; Intel Mac OS X 10_14_6) AppleWebKit/537.36 (KHTML, like Gecko) Chrome/99.0.4844.51 Safari/537.36',
  'dnt' => '1',
  'upgrade-insecure-requests' => '1',
  'connection' => 'close',
  'host' => 'puzhenshop.feibu.info',
)
[ begin ] [ PARAM ] array (
)
---------------------------------------------------------------
[ 2022-03-15T15:03:30+08:00 ] 113.66.210.237 GET puzhenshop.feibu.info/index.php?s=/admin/store/index
[ begin ] [ ROUTE ] array (
  'type' => 'module',
  'module' => 
  array (
    0 => 'admin',
    1 => 'store',
    2 => 'index',
  ),
)
[ begin ] [ HEADER ] array (
  'cookie' => '__gads=ID=00d075fa159d8ac8:T=1597915774:S=ALNI_MZogTGW2LAF0H_NTkBymWmUYtnOxQ; __root_domain_v=.feibu.info; _qddaz=QD.932230466496504; Hm_lvt_8231d52c4580fdb4fc6a6098e03a174f=1646725837; Hm_lpvt_8231d52c4580fdb4fc6a6098e03a174f=1646726312; PHPSESSID=cmubvvptf0coclkkcre98a0a9b',
  'accept-language' => 'en,zh-CN;q=0.9,zh;q=0.8',
  'accept-encoding' => 'gzip, deflate',
  'referer' => 'http://puzhenshop.feibu.info/index.php?s=/admin/setting.cache/clear',
  'accept' => 'text/html,application/xhtml+xml,application/xml;q=0.9,image/avif,image/webp,image/apng,*/*;q=0.8,application/signed-exchange;v=b3;q=0.9',
  'user-agent' => 'Mozilla/5.0 (Macintosh; Intel Mac OS X 10_14_6) AppleWebKit/537.36 (KHTML, like Gecko) Chrome/99.0.4844.51 Safari/537.36',
  'upgrade-insecure-requests' => '1',
  'dnt' => '1',
  'cache-control' => 'max-age=0',
  'connection' => 'close',
  'host' => 'puzhenshop.feibu.info',
)
[ begin ] [ PARAM ] array (
)
