---------------------------------------------------------------
[ 2022-03-18T13:26:13+08:00 ] 47.97.216.82 GET puzhenshop.feibu.info/
[ begin ] [ ROUTE ] array (
  'type' => 'module',
  'module' => 
  array (
    0 => '',
    1 => NULL,
    2 => NULL,
  ),
)
[ begin ] [ HEADER ] array (
  'accept-encoding' => 'gzip',
  'connection' => 'close',
  'host' => 'puzhenshop.feibu.info',
  'user-agent' => 'Mozilla/5.0 (X11; Ubuntu; Linux x86_64; rv:36.0) Gecko/20100101 Firefox/36.0',
)
[ begin ] [ PARAM ] array (
)
---------------------------------------------------------------
[ 2022-03-18T13:26:14+08:00 ] 47.97.216.82 GET puzhenshop.feibu.info/index.php?s=/store/passport/login
[ begin ] [ ROUTE ] array (
  'type' => 'module',
  'module' => 
  array (
    0 => 'store',
    1 => 'passport',
    2 => 'login',
  ),
)
[ begin ] [ HEADER ] array (
  'accept-encoding' => 'gzip',
  'connection' => 'close',
  'host' => 'puzhenshop.feibu.info',
  'user-agent' => 'Mozilla/5.0 (X11; Ubuntu; Linux x86_64; rv:36.0) Gecko/20100101 Firefox/36.0',
)
[ begin ] [ PARAM ] array (
)
---------------------------------------------------------------
[ 2022-03-18T16:06:52+08:00 ] 116.22.236.91 GET puzhenshop.feibu.info/index.php?s=/storehttp://puzhenshop.feibu.info/index.php?s=/admin
[ begin ] [ ROUTE ] array (
  'type' => 'module',
  'module' => 
  array (
    0 => '',
    1 => 'index.php',
    2 => NULL,
  ),
)
[ begin ] [ HEADER ] array (
  'cookie' => 'Hm_lvt_8231d52c4580fdb4fc6a6098e03a174f=1646725906',
  'accept-language' => 'zh-CN,zh;q=0.9',
  'accept-encoding' => 'gzip, deflate',
  'accept' => 'text/html,application/xhtml+xml,application/xml;q=0.9,image/avif,image/webp,image/apng,*/*;q=0.8,application/signed-exchange;v=b3;q=0.9',
  'user-agent' => 'Mozilla/5.0 (Macintosh; Intel Mac OS X 10_14_6) AppleWebKit/537.36 (KHTML, like Gecko) Chrome/99.0.4844.51 Safari/537.36',
  'upgrade-insecure-requests' => '1',
  'connection' => 'close',
  'host' => 'puzhenshop.feibu.info',
)
[ begin ] [ PARAM ] array (
)
---------------------------------------------------------------
[ 2022-03-18T16:12:58+08:00 ] 116.22.236.91 GET puzhenshop.feibu.info/index.php?s=/admin
[ begin ] [ ROUTE ] array (
  'type' => 'module',
  'module' => 
  array (
    0 => 'admin',
    1 => NULL,
    2 => NULL,
  ),
)
[ begin ] [ HEADER ] array (
  'cookie' => 'Hm_lvt_8231d52c4580fdb4fc6a6098e03a174f=1646725906',
  'accept-language' => 'zh-CN,zh;q=0.9',
  'accept-encoding' => 'gzip, deflate',
  'accept' => 'text/html,application/xhtml+xml,application/xml;q=0.9,image/avif,image/webp,image/apng,*/*;q=0.8,application/signed-exchange;v=b3;q=0.9',
  'user-agent' => 'Mozilla/5.0 (Macintosh; Intel Mac OS X 10_14_6) AppleWebKit/537.36 (KHTML, like Gecko) Chrome/99.0.4844.51 Safari/537.36',
  'upgrade-insecure-requests' => '1',
  'connection' => 'close',
  'host' => 'puzhenshop.feibu.info',
)
[ begin ] [ PARAM ] array (
)
---------------------------------------------------------------
[ 2022-03-18T16:12:58+08:00 ] 116.22.236.91 GET puzhenshop.feibu.info/index.php?s=/admin/passport/login
[ begin ] [ ROUTE ] array (
  'type' => 'module',
  'module' => 
  array (
    0 => 'admin',
    1 => 'passport',
    2 => 'login',
  ),
)
[ begin ] [ HEADER ] array (
  'cookie' => 'Hm_lvt_8231d52c4580fdb4fc6a6098e03a174f=1646725906; PHPSESSID=psbv7ufk63g5gma3st4r72hks5',
  'accept-language' => 'zh-CN,zh;q=0.9',
  'accept-encoding' => 'gzip, deflate',
  'accept' => 'text/html,application/xhtml+xml,application/xml;q=0.9,image/avif,image/webp,image/apng,*/*;q=0.8,application/signed-exchange;v=b3;q=0.9',
  'user-agent' => 'Mozilla/5.0 (Macintosh; Intel Mac OS X 10_14_6) AppleWebKit/537.36 (KHTML, like Gecko) Chrome/99.0.4844.51 Safari/537.36',
  'upgrade-insecure-requests' => '1',
  'connection' => 'close',
  'host' => 'puzhenshop.feibu.info',
)
[ begin ] [ PARAM ] array (
)
---------------------------------------------------------------
[ 2022-03-18T16:13:03+08:00 ] 116.22.236.91 POST puzhenshop.feibu.info/index.php?s=/admin/passport/login
[ begin ] [ ROUTE ] array (
  'type' => 'module',
  'module' => 
  array (
    0 => 'admin',
    1 => 'passport',
    2 => 'login',
  ),
)
[ begin ] [ HEADER ] array (
  'cookie' => 'Hm_lvt_8231d52c4580fdb4fc6a6098e03a174f=1646725906; PHPSESSID=psbv7ufk63g5gma3st4r72hks5',
  'accept-language' => 'zh-CN,zh;q=0.9',
  'accept-encoding' => 'gzip, deflate',
  'referer' => 'http://puzhenshop.feibu.info/index.php?s=/admin/passport/login',
  'origin' => 'http://puzhenshop.feibu.info',
  'content-type' => 'application/x-www-form-urlencoded; charset=UTF-8',
  'user-agent' => 'Mozilla/5.0 (Macintosh; Intel Mac OS X 10_14_6) AppleWebKit/537.36 (KHTML, like Gecko) Chrome/99.0.4844.51 Safari/537.36',
  'x-requested-with' => 'XMLHttpRequest',
  'accept' => 'application/json, text/javascript, */*; q=0.01',
  'content-length' => '65',
  'connection' => 'close',
  'host' => 'puzhenshop.feibu.info',
)
[ begin ] [ PARAM ] array (
  'User' => 
  array (
    'user_name' => 'admin@yuanxin.com',
    'password' => '123456',
  ),
)
---------------------------------------------------------------
[ 2022-03-18T16:13:06+08:00 ] 116.22.236.91 POST puzhenshop.feibu.info/index.php?s=/admin/passport/login
[ begin ] [ ROUTE ] array (
  'type' => 'module',
  'module' => 
  array (
    0 => 'admin',
    1 => 'passport',
    2 => 'login',
  ),
)
[ begin ] [ HEADER ] array (
  'cookie' => 'Hm_lvt_8231d52c4580fdb4fc6a6098e03a174f=1646725906; PHPSESSID=psbv7ufk63g5gma3st4r72hks5',
  'accept-language' => 'zh-CN,zh;q=0.9',
  'accept-encoding' => 'gzip, deflate',
  'referer' => 'http://puzhenshop.feibu.info/index.php?s=/admin/passport/login',
  'origin' => 'http://puzhenshop.feibu.info',
  'content-type' => 'application/x-www-form-urlencoded; charset=UTF-8',
  'user-agent' => 'Mozilla/5.0 (Macintosh; Intel Mac OS X 10_14_6) AppleWebKit/537.36 (KHTML, like Gecko) Chrome/99.0.4844.51 Safari/537.36',
  'x-requested-with' => 'XMLHttpRequest',
  'accept' => 'application/json, text/javascript, */*; q=0.01',
  'content-length' => '51',
  'connection' => 'close',
  'host' => 'puzhenshop.feibu.info',
)
[ begin ] [ PARAM ] array (
  'User' => 
  array (
    'user_name' => 'admin',
    'password' => '123456',
  ),
)
---------------------------------------------------------------
[ 2022-03-18T16:13:08+08:00 ] 116.22.236.91 GET puzhenshop.feibu.info/index.php?s=/admin/index/index
[ begin ] [ ROUTE ] array (
  'type' => 'module',
  'module' => 
  array (
    0 => 'admin',
    1 => 'index',
    2 => 'index',
  ),
)
[ begin ] [ HEADER ] array (
  'cookie' => 'Hm_lvt_8231d52c4580fdb4fc6a6098e03a174f=1646725906; PHPSESSID=psbv7ufk63g5gma3st4r72hks5',
  'accept-language' => 'zh-CN,zh;q=0.9',
  'accept-encoding' => 'gzip, deflate',
  'referer' => 'http://puzhenshop.feibu.info/index.php?s=/admin/passport/login',
  'accept' => 'text/html,application/xhtml+xml,application/xml;q=0.9,image/avif,image/webp,image/apng,*/*;q=0.8,application/signed-exchange;v=b3;q=0.9',
  'user-agent' => 'Mozilla/5.0 (Macintosh; Intel Mac OS X 10_14_6) AppleWebKit/537.36 (KHTML, like Gecko) Chrome/99.0.4844.51 Safari/537.36',
  'upgrade-insecure-requests' => '1',
  'connection' => 'close',
  'host' => 'puzhenshop.feibu.info',
)
[ begin ] [ PARAM ] array (
)
---------------------------------------------------------------
[ 2022-03-18T16:13:16+08:00 ] 116.22.236.91 GET puzhenshop.feibu.info/index.php?s=/admin/store/index
[ begin ] [ ROUTE ] array (
  'type' => 'module',
  'module' => 
  array (
    0 => 'admin',
    1 => 'store',
    2 => 'index',
  ),
)
[ begin ] [ HEADER ] array (
  'cookie' => 'Hm_lvt_8231d52c4580fdb4fc6a6098e03a174f=1646725906; PHPSESSID=psbv7ufk63g5gma3st4r72hks5',
  'accept-language' => 'zh-CN,zh;q=0.9',
  'accept-encoding' => 'gzip, deflate',
  'referer' => 'http://puzhenshop.feibu.info/index.php?s=/admin/index/index',
  'accept' => 'text/html,application/xhtml+xml,application/xml;q=0.9,image/avif,image/webp,image/apng,*/*;q=0.8,application/signed-exchange;v=b3;q=0.9',
  'user-agent' => 'Mozilla/5.0 (Macintosh; Intel Mac OS X 10_14_6) AppleWebKit/537.36 (KHTML, like Gecko) Chrome/99.0.4844.51 Safari/537.36',
  'upgrade-insecure-requests' => '1',
  'connection' => 'close',
  'host' => 'puzhenshop.feibu.info',
)
[ begin ] [ PARAM ] array (
)
---------------------------------------------------------------
[ 2022-03-18T16:13:18+08:00 ] 116.22.236.91 GET puzhenshop.feibu.info/index.php?s=/admin/store/enter/wxapp_id/10001
[ begin ] [ ROUTE ] array (
  'type' => 'module',
  'module' => 
  array (
    0 => 'admin',
    1 => 'store',
    2 => 'enter',
  ),
)
[ begin ] [ HEADER ] array (
  'cookie' => 'Hm_lvt_8231d52c4580fdb4fc6a6098e03a174f=1646725906; PHPSESSID=psbv7ufk63g5gma3st4r72hks5',
  'accept-language' => 'zh-CN,zh;q=0.9',
  'accept-encoding' => 'gzip, deflate',
  'referer' => 'http://puzhenshop.feibu.info/index.php?s=/admin/store/index',
  'accept' => 'text/html,application/xhtml+xml,application/xml;q=0.9,image/avif,image/webp,image/apng,*/*;q=0.8,application/signed-exchange;v=b3;q=0.9',
  'user-agent' => 'Mozilla/5.0 (Macintosh; Intel Mac OS X 10_14_6) AppleWebKit/537.36 (KHTML, like Gecko) Chrome/99.0.4844.51 Safari/537.36',
  'upgrade-insecure-requests' => '1',
  'connection' => 'close',
  'host' => 'puzhenshop.feibu.info',
)
[ begin ] [ PARAM ] array (
  'wxapp_id' => '10001',
)
---------------------------------------------------------------
[ 2022-03-18T16:13:18+08:00 ] 116.22.236.91 GET puzhenshop.feibu.info/index.php?s=/store/index/index
[ begin ] [ ROUTE ] array (
  'type' => 'module',
  'module' => 
  array (
    0 => 'store',
    1 => 'index',
    2 => 'index',
  ),
)
[ begin ] [ HEADER ] array (
  'cookie' => 'Hm_lvt_8231d52c4580fdb4fc6a6098e03a174f=1646725906; PHPSESSID=psbv7ufk63g5gma3st4r72hks5',
  'accept-language' => 'zh-CN,zh;q=0.9',
  'accept-encoding' => 'gzip, deflate',
  'referer' => 'http://puzhenshop.feibu.info/index.php?s=/admin/store/index',
  'accept' => 'text/html,application/xhtml+xml,application/xml;q=0.9,image/avif,image/webp,image/apng,*/*;q=0.8,application/signed-exchange;v=b3;q=0.9',
  'user-agent' => 'Mozilla/5.0 (Macintosh; Intel Mac OS X 10_14_6) AppleWebKit/537.36 (KHTML, like Gecko) Chrome/99.0.4844.51 Safari/537.36',
  'upgrade-insecure-requests' => '1',
  'connection' => 'close',
  'host' => 'puzhenshop.feibu.info',
)
[ begin ] [ PARAM ] array (
)
---------------------------------------------------------------
[ 2022-03-18T16:13:21+08:00 ] 116.22.236.91 GET puzhenshop.feibu.info/index.php?s=/store/store.user/index
[ begin ] [ ROUTE ] array (
  'type' => 'module',
  'module' => 
  array (
    0 => 'store',
    1 => 'store.user',
    2 => 'index',
  ),
)
[ begin ] [ HEADER ] array (
  'cookie' => 'Hm_lvt_8231d52c4580fdb4fc6a6098e03a174f=1646725906; PHPSESSID=psbv7ufk63g5gma3st4r72hks5',
  'accept-language' => 'zh-CN,zh;q=0.9',
  'accept-encoding' => 'gzip, deflate',
  'referer' => 'http://puzhenshop.feibu.info/index.php?s=/store/index/index',
  'accept' => 'text/html,application/xhtml+xml,application/xml;q=0.9,image/avif,image/webp,image/apng,*/*;q=0.8,application/signed-exchange;v=b3;q=0.9',
  'user-agent' => 'Mozilla/5.0 (Macintosh; Intel Mac OS X 10_14_6) AppleWebKit/537.36 (KHTML, like Gecko) Chrome/99.0.4844.51 Safari/537.36',
  'upgrade-insecure-requests' => '1',
  'connection' => 'close',
  'host' => 'puzhenshop.feibu.info',
)
[ begin ] [ PARAM ] array (
)
---------------------------------------------------------------
[ 2022-03-18T16:13:23+08:00 ] 116.22.236.91 GET puzhenshop.feibu.info/index.php?s=/store/order/all_list
[ begin ] [ ROUTE ] array (
  'type' => 'module',
  'module' => 
  array (
    0 => 'store',
    1 => 'order',
    2 => 'all_list',
  ),
)
[ begin ] [ HEADER ] array (
  'cookie' => 'Hm_lvt_8231d52c4580fdb4fc6a6098e03a174f=1646725906; PHPSESSID=psbv7ufk63g5gma3st4r72hks5',
  'accept-language' => 'zh-CN,zh;q=0.9',
  'accept-encoding' => 'gzip, deflate',
  'referer' => 'http://puzhenshop.feibu.info/index.php?s=/store/store.user/index',
  'accept' => 'text/html,application/xhtml+xml,application/xml;q=0.9,image/avif,image/webp,image/apng,*/*;q=0.8,application/signed-exchange;v=b3;q=0.9',
  'user-agent' => 'Mozilla/5.0 (Macintosh; Intel Mac OS X 10_14_6) AppleWebKit/537.36 (KHTML, like Gecko) Chrome/99.0.4844.51 Safari/537.36',
  'upgrade-insecure-requests' => '1',
  'connection' => 'close',
  'host' => 'puzhenshop.feibu.info',
)
[ begin ] [ PARAM ] array (
)
---------------------------------------------------------------
[ 2022-03-18T16:13:24+08:00 ] 116.22.236.91 GET puzhenshop.feibu.info/index.php?s=/store/goods/index
[ begin ] [ ROUTE ] array (
  'type' => 'module',
  'module' => 
  array (
    0 => 'store',
    1 => 'goods',
    2 => 'index',
  ),
)
[ begin ] [ HEADER ] array (
  'cookie' => 'Hm_lvt_8231d52c4580fdb4fc6a6098e03a174f=1646725906; PHPSESSID=psbv7ufk63g5gma3st4r72hks5',
  'accept-language' => 'zh-CN,zh;q=0.9',
  'accept-encoding' => 'gzip, deflate',
  'referer' => 'http://puzhenshop.feibu.info/index.php?s=/store/order/all_list',
  'accept' => 'text/html,application/xhtml+xml,application/xml;q=0.9,image/avif,image/webp,image/apng,*/*;q=0.8,application/signed-exchange;v=b3;q=0.9',
  'user-agent' => 'Mozilla/5.0 (Macintosh; Intel Mac OS X 10_14_6) AppleWebKit/537.36 (KHTML, like Gecko) Chrome/99.0.4844.51 Safari/537.36',
  'upgrade-insecure-requests' => '1',
  'connection' => 'close',
  'host' => 'puzhenshop.feibu.info',
)
[ begin ] [ PARAM ] array (
)
---------------------------------------------------------------
[ 2022-03-18T16:13:30+08:00 ] 116.22.236.91 GET puzhenshop.feibu.info/index.php?s=/store/goods/edit/goods_id/10001
[ begin ] [ ROUTE ] array (
  'type' => 'module',
  'module' => 
  array (
    0 => 'store',
    1 => 'goods',
    2 => 'edit',
  ),
)
[ begin ] [ HEADER ] array (
  'cookie' => 'Hm_lvt_8231d52c4580fdb4fc6a6098e03a174f=1646725906; PHPSESSID=psbv7ufk63g5gma3st4r72hks5',
  'accept-language' => 'zh-CN,zh;q=0.9',
  'accept-encoding' => 'gzip, deflate',
  'referer' => 'http://puzhenshop.feibu.info/index.php?s=/store/goods/index',
  'accept' => 'text/html,application/xhtml+xml,application/xml;q=0.9,image/avif,image/webp,image/apng,*/*;q=0.8,application/signed-exchange;v=b3;q=0.9',
  'user-agent' => 'Mozilla/5.0 (Macintosh; Intel Mac OS X 10_14_6) AppleWebKit/537.36 (KHTML, like Gecko) Chrome/99.0.4844.51 Safari/537.36',
  'upgrade-insecure-requests' => '1',
  'connection' => 'close',
  'host' => 'puzhenshop.feibu.info',
)
[ begin ] [ PARAM ] array (
  'goods_id' => '10001',
)
---------------------------------------------------------------
[ 2022-03-18T16:13:39+08:00 ] 116.22.236.91 GET puzhenshop.feibu.info/index.php?s=/store/goods/index
[ begin ] [ ROUTE ] array (
  'type' => 'module',
  'module' => 
  array (
    0 => 'store',
    1 => 'goods',
    2 => 'index',
  ),
)
[ begin ] [ HEADER ] array (
  'cookie' => 'Hm_lvt_8231d52c4580fdb4fc6a6098e03a174f=1646725906; PHPSESSID=psbv7ufk63g5gma3st4r72hks5',
  'accept-language' => 'zh-CN,zh;q=0.9',
  'accept-encoding' => 'gzip, deflate',
  'referer' => 'http://puzhenshop.feibu.info/index.php?s=/store/goods/edit/goods_id/10001',
  'accept' => 'text/html,application/xhtml+xml,application/xml;q=0.9,image/avif,image/webp,image/apng,*/*;q=0.8,application/signed-exchange;v=b3;q=0.9',
  'user-agent' => 'Mozilla/5.0 (Macintosh; Intel Mac OS X 10_14_6) AppleWebKit/537.36 (KHTML, like Gecko) Chrome/99.0.4844.51 Safari/537.36',
  'upgrade-insecure-requests' => '1',
  'connection' => 'close',
  'host' => 'puzhenshop.feibu.info',
)
[ begin ] [ PARAM ] array (
)
---------------------------------------------------------------
[ 2022-03-18T16:13:39+08:00 ] 116.22.236.91 GET puzhenshop.feibu.info/index.php?s=/store/order/all_list
[ begin ] [ ROUTE ] array (
  'type' => 'module',
  'module' => 
  array (
    0 => 'store',
    1 => 'order',
    2 => 'all_list',
  ),
)
[ begin ] [ HEADER ] array (
  'cookie' => 'Hm_lvt_8231d52c4580fdb4fc6a6098e03a174f=1646725906; PHPSESSID=psbv7ufk63g5gma3st4r72hks5',
  'accept-language' => 'zh-CN,zh;q=0.9',
  'accept-encoding' => 'gzip, deflate',
  'referer' => 'http://puzhenshop.feibu.info/index.php?s=/store/goods/index',
  'accept' => 'text/html,application/xhtml+xml,application/xml;q=0.9,image/avif,image/webp,image/apng,*/*;q=0.8,application/signed-exchange;v=b3;q=0.9',
  'user-agent' => 'Mozilla/5.0 (Macintosh; Intel Mac OS X 10_14_6) AppleWebKit/537.36 (KHTML, like Gecko) Chrome/99.0.4844.51 Safari/537.36',
  'upgrade-insecure-requests' => '1',
  'connection' => 'close',
  'host' => 'puzhenshop.feibu.info',
)
[ begin ] [ PARAM ] array (
)
---------------------------------------------------------------
[ 2022-03-18T16:13:41+08:00 ] 116.22.236.91 GET puzhenshop.feibu.info/index.php?s=/store/user/index
[ begin ] [ ROUTE ] array (
  'type' => 'module',
  'module' => 
  array (
    0 => 'store',
    1 => 'user',
    2 => 'index',
  ),
)
[ begin ] [ HEADER ] array (
  'cookie' => 'Hm_lvt_8231d52c4580fdb4fc6a6098e03a174f=1646725906; PHPSESSID=psbv7ufk63g5gma3st4r72hks5',
  'accept-language' => 'zh-CN,zh;q=0.9',
  'accept-encoding' => 'gzip, deflate',
  'referer' => 'http://puzhenshop.feibu.info/index.php?s=/store/order/all_list',
  'accept' => 'text/html,application/xhtml+xml,application/xml;q=0.9,image/avif,image/webp,image/apng,*/*;q=0.8,application/signed-exchange;v=b3;q=0.9',
  'user-agent' => 'Mozilla/5.0 (Macintosh; Intel Mac OS X 10_14_6) AppleWebKit/537.36 (KHTML, like Gecko) Chrome/99.0.4844.51 Safari/537.36',
  'upgrade-insecure-requests' => '1',
  'connection' => 'close',
  'host' => 'puzhenshop.feibu.info',
)
[ begin ] [ PARAM ] array (
)
---------------------------------------------------------------
[ 2022-03-18T16:13:43+08:00 ] 116.22.236.91 GET puzhenshop.feibu.info/index.php?s=/store/wxapp/setting
[ begin ] [ ROUTE ] array (
  'type' => 'module',
  'module' => 
  array (
    0 => 'store',
    1 => 'wxapp',
    2 => 'setting',
  ),
)
[ begin ] [ HEADER ] array (
  'cookie' => 'Hm_lvt_8231d52c4580fdb4fc6a6098e03a174f=1646725906; PHPSESSID=psbv7ufk63g5gma3st4r72hks5',
  'accept-language' => 'zh-CN,zh;q=0.9',
  'accept-encoding' => 'gzip, deflate',
  'referer' => 'http://puzhenshop.feibu.info/index.php?s=/store/user/index',
  'accept' => 'text/html,application/xhtml+xml,application/xml;q=0.9,image/avif,image/webp,image/apng,*/*;q=0.8,application/signed-exchange;v=b3;q=0.9',
  'user-agent' => 'Mozilla/5.0 (Macintosh; Intel Mac OS X 10_14_6) AppleWebKit/537.36 (KHTML, like Gecko) Chrome/99.0.4844.51 Safari/537.36',
  'upgrade-insecure-requests' => '1',
  'connection' => 'close',
  'host' => 'puzhenshop.feibu.info',
)
[ begin ] [ PARAM ] array (
)
---------------------------------------------------------------
[ 2022-03-18T16:13:50+08:00 ] 116.22.236.91 GET puzhenshop.feibu.info/index.php?s=/store/wxapp.page/index
[ begin ] [ ROUTE ] array (
  'type' => 'module',
  'module' => 
  array (
    0 => 'store',
    1 => 'wxapp.page',
    2 => 'index',
  ),
)
[ begin ] [ HEADER ] array (
  'cookie' => 'Hm_lvt_8231d52c4580fdb4fc6a6098e03a174f=1646725906; PHPSESSID=psbv7ufk63g5gma3st4r72hks5',
  'accept-language' => 'zh-CN,zh;q=0.9',
  'accept-encoding' => 'gzip, deflate',
  'referer' => 'http://puzhenshop.feibu.info/index.php?s=/store/wxapp/setting',
  'accept' => 'text/html,application/xhtml+xml,application/xml;q=0.9,image/avif,image/webp,image/apng,*/*;q=0.8,application/signed-exchange;v=b3;q=0.9',
  'user-agent' => 'Mozilla/5.0 (Macintosh; Intel Mac OS X 10_14_6) AppleWebKit/537.36 (KHTML, like Gecko) Chrome/99.0.4844.51 Safari/537.36',
  'upgrade-insecure-requests' => '1',
  'connection' => 'close',
  'host' => 'puzhenshop.feibu.info',
)
[ begin ] [ PARAM ] array (
)
---------------------------------------------------------------
[ 2022-03-18T16:13:53+08:00 ] 116.22.236.91 GET puzhenshop.feibu.info/index.php?s=/store/wxapp.page/edit/page_id/10001
[ begin ] [ ROUTE ] array (
  'type' => 'module',
  'module' => 
  array (
    0 => 'store',
    1 => 'wxapp.page',
    2 => 'edit',
  ),
)
[ begin ] [ HEADER ] array (
  'cookie' => 'Hm_lvt_8231d52c4580fdb4fc6a6098e03a174f=1646725906; PHPSESSID=psbv7ufk63g5gma3st4r72hks5',
  'accept-language' => 'zh-CN,zh;q=0.9',
  'accept-encoding' => 'gzip, deflate',
  'referer' => 'http://puzhenshop.feibu.info/index.php?s=/store/wxapp.page/index',
  'accept' => 'text/html,application/xhtml+xml,application/xml;q=0.9,image/avif,image/webp,image/apng,*/*;q=0.8,application/signed-exchange;v=b3;q=0.9',
  'user-agent' => 'Mozilla/5.0 (Macintosh; Intel Mac OS X 10_14_6) AppleWebKit/537.36 (KHTML, like Gecko) Chrome/99.0.4844.51 Safari/537.36',
  'upgrade-insecure-requests' => '1',
  'connection' => 'close',
  'host' => 'puzhenshop.feibu.info',
)
[ begin ] [ PARAM ] array (
  'page_id' => '10001',
)
---------------------------------------------------------------
[ 2022-03-18T16:13:57+08:00 ] 116.22.236.91 GET puzhenshop.feibu.info/index.php?s=/store/wxapp.page/links
[ begin ] [ ROUTE ] array (
  'type' => 'module',
  'module' => 
  array (
    0 => 'store',
    1 => 'wxapp.page',
    2 => 'links',
  ),
)
[ begin ] [ HEADER ] array (
  'cookie' => 'Hm_lvt_8231d52c4580fdb4fc6a6098e03a174f=1646725906; PHPSESSID=psbv7ufk63g5gma3st4r72hks5',
  'accept-language' => 'zh-CN,zh;q=0.9',
  'accept-encoding' => 'gzip, deflate',
  'referer' => 'http://puzhenshop.feibu.info/index.php?s=/store/wxapp.page/edit/page_id/10001',
  'accept' => 'text/html,application/xhtml+xml,application/xml;q=0.9,image/avif,image/webp,image/apng,*/*;q=0.8,application/signed-exchange;v=b3;q=0.9',
  'user-agent' => 'Mozilla/5.0 (Macintosh; Intel Mac OS X 10_14_6) AppleWebKit/537.36 (KHTML, like Gecko) Chrome/99.0.4844.51 Safari/537.36',
  'upgrade-insecure-requests' => '1',
  'connection' => 'close',
  'host' => 'puzhenshop.feibu.info',
)
[ begin ] [ PARAM ] array (
)
---------------------------------------------------------------
[ 2022-03-18T16:13:58+08:00 ] 116.22.236.91 GET puzhenshop.feibu.info/index.php?s=/store/wxapp.page/category
[ begin ] [ ROUTE ] array (
  'type' => 'module',
  'module' => 
  array (
    0 => 'store',
    1 => 'wxapp.page',
    2 => 'category',
  ),
)
[ begin ] [ HEADER ] array (
  'cookie' => 'Hm_lvt_8231d52c4580fdb4fc6a6098e03a174f=1646725906; PHPSESSID=psbv7ufk63g5gma3st4r72hks5',
  'accept-language' => 'zh-CN,zh;q=0.9',
  'accept-encoding' => 'gzip, deflate',
  'referer' => 'http://puzhenshop.feibu.info/index.php?s=/store/wxapp.page/links',
  'accept' => 'text/html,application/xhtml+xml,application/xml;q=0.9,image/avif,image/webp,image/apng,*/*;q=0.8,application/signed-exchange;v=b3;q=0.9',
  'user-agent' => 'Mozilla/5.0 (Macintosh; Intel Mac OS X 10_14_6) AppleWebKit/537.36 (KHTML, like Gecko) Chrome/99.0.4844.51 Safari/537.36',
  'upgrade-insecure-requests' => '1',
  'connection' => 'close',
  'host' => 'puzhenshop.feibu.info',
)
[ begin ] [ PARAM ] array (
)
---------------------------------------------------------------
[ 2022-03-18T16:14:09+08:00 ] 116.22.236.91 GET puzhenshop.feibu.info/index.php?s=/store/wxapp.page/links
[ begin ] [ ROUTE ] array (
  'type' => 'module',
  'module' => 
  array (
    0 => 'store',
    1 => 'wxapp.page',
    2 => 'links',
  ),
)
[ begin ] [ HEADER ] array (
  'cookie' => 'Hm_lvt_8231d52c4580fdb4fc6a6098e03a174f=1646725906; PHPSESSID=psbv7ufk63g5gma3st4r72hks5',
  'accept-language' => 'zh-CN,zh;q=0.9',
  'accept-encoding' => 'gzip, deflate',
  'referer' => 'http://puzhenshop.feibu.info/index.php?s=/store/wxapp.page/category',
  'accept' => 'text/html,application/xhtml+xml,application/xml;q=0.9,image/avif,image/webp,image/apng,*/*;q=0.8,application/signed-exchange;v=b3;q=0.9',
  'user-agent' => 'Mozilla/5.0 (Macintosh; Intel Mac OS X 10_14_6) AppleWebKit/537.36 (KHTML, like Gecko) Chrome/99.0.4844.51 Safari/537.36',
  'upgrade-insecure-requests' => '1',
  'connection' => 'close',
  'host' => 'puzhenshop.feibu.info',
)
[ begin ] [ PARAM ] array (
)
---------------------------------------------------------------
[ 2022-03-18T16:14:10+08:00 ] 116.22.236.91 GET puzhenshop.feibu.info/index.php?s=/store/wxapp.submsg/index
[ begin ] [ ROUTE ] array (
  'type' => 'module',
  'module' => 
  array (
    0 => 'store',
    1 => 'wxapp.submsg',
    2 => 'index',
  ),
)
[ begin ] [ HEADER ] array (
  'cookie' => 'Hm_lvt_8231d52c4580fdb4fc6a6098e03a174f=1646725906; PHPSESSID=psbv7ufk63g5gma3st4r72hks5',
  'accept-language' => 'zh-CN,zh;q=0.9',
  'accept-encoding' => 'gzip, deflate',
  'referer' => 'http://puzhenshop.feibu.info/index.php?s=/store/wxapp.page/links',
  'accept' => 'text/html,application/xhtml+xml,application/xml;q=0.9,image/avif,image/webp,image/apng,*/*;q=0.8,application/signed-exchange;v=b3;q=0.9',
  'user-agent' => 'Mozilla/5.0 (Macintosh; Intel Mac OS X 10_14_6) AppleWebKit/537.36 (KHTML, like Gecko) Chrome/99.0.4844.51 Safari/537.36',
  'upgrade-insecure-requests' => '1',
  'connection' => 'close',
  'host' => 'puzhenshop.feibu.info',
)
[ begin ] [ PARAM ] array (
)
---------------------------------------------------------------
[ 2022-03-18T16:14:12+08:00 ] 116.22.236.91 GET puzhenshop.feibu.info/index.php?s=/store/wxapp.help/index
[ begin ] [ ROUTE ] array (
  'type' => 'module',
  'module' => 
  array (
    0 => 'store',
    1 => 'wxapp.help',
    2 => 'index',
  ),
)
[ begin ] [ HEADER ] array (
  'cookie' => 'Hm_lvt_8231d52c4580fdb4fc6a6098e03a174f=1646725906; PHPSESSID=psbv7ufk63g5gma3st4r72hks5',
  'accept-language' => 'zh-CN,zh;q=0.9',
  'accept-encoding' => 'gzip, deflate',
  'referer' => 'http://puzhenshop.feibu.info/index.php?s=/store/wxapp.submsg/index',
  'accept' => 'text/html,application/xhtml+xml,application/xml;q=0.9,image/avif,image/webp,image/apng,*/*;q=0.8,application/signed-exchange;v=b3;q=0.9',
  'user-agent' => 'Mozilla/5.0 (Macintosh; Intel Mac OS X 10_14_6) AppleWebKit/537.36 (KHTML, like Gecko) Chrome/99.0.4844.51 Safari/537.36',
  'upgrade-insecure-requests' => '1',
  'connection' => 'close',
  'host' => 'puzhenshop.feibu.info',
)
[ begin ] [ PARAM ] array (
)
---------------------------------------------------------------
[ 2022-03-18T16:17:52+08:00 ] 113.96.232.118 GET puzhenshop.feibu.info/
[ begin ] [ ROUTE ] array (
  'type' => 'module',
  'module' => 
  array (
    0 => '',
    1 => NULL,
    2 => NULL,
  ),
)
[ begin ] [ HEADER ] array (
  'connection' => 'close',
  'pragma' => 'no-cache',
  'host' => 'puzhenshop.feibu.info',
  'accept' => '*/*',
  'user-agent' => 'Mozilla/5.0 (iPhone; CPU iPhone OS 8_3 like Mac OS X) AppleWebKit/600.1.4 (KHTML; like Gecko) Mobile/12F70 MicroMessenger/6.1.5 NetType/WIFI',
)
[ begin ] [ PARAM ] array (
)
---------------------------------------------------------------
[ 2022-03-18T16:18:12+08:00 ] 116.22.236.91 GET puzhenshop.feibu.info/index.php?s=/store/wxapp.submsg/index
[ begin ] [ ROUTE ] array (
  'type' => 'module',
  'module' => 
  array (
    0 => 'store',
    1 => 'wxapp.submsg',
    2 => 'index',
  ),
)
[ begin ] [ HEADER ] array (
  'cookie' => 'Hm_lvt_8231d52c4580fdb4fc6a6098e03a174f=1646725906; PHPSESSID=psbv7ufk63g5gma3st4r72hks5',
  'accept-language' => 'zh-CN,zh;q=0.9',
  'accept-encoding' => 'gzip, deflate',
  'referer' => 'http://puzhenshop.feibu.info/index.php?s=/store/wxapp.page/links',
  'accept' => 'text/html,application/xhtml+xml,application/xml;q=0.9,image/avif,image/webp,image/apng,*/*;q=0.8,application/signed-exchange;v=b3;q=0.9',
  'user-agent' => 'Mozilla/5.0 (Macintosh; Intel Mac OS X 10_14_6) AppleWebKit/537.36 (KHTML, like Gecko) Chrome/99.0.4844.51 Safari/537.36',
  'upgrade-insecure-requests' => '1',
  'connection' => 'close',
  'host' => 'puzhenshop.feibu.info',
)
[ begin ] [ PARAM ] array (
)
---------------------------------------------------------------
[ 2022-03-18T16:18:47+08:00 ] 116.22.236.91 GET puzhenshop.feibu.info/index.php?s=/api/page/index&page_id=0&wxapp_id=10001&token=
[ begin ] [ ROUTE ] array (
  'type' => 'module',
  'module' => 
  array (
    0 => 'api',
    1 => 'page',
    2 => 'index',
  ),
)
[ begin ] [ HEADER ] array (
  'accept-encoding' => 'gzip, deflate',
  'referer' => 'https://servicewechat.com/wx361a9bc8120dc069/devtools/page-frame.html',
  'accept' => '*/*',
  'content-type' => 'application/json',
  'user-agent' => 'Mozilla/5.0 (iPhone; CPU iPhone OS 11_0 like Mac OS X) AppleWebKit/604.1.38 (KHTML, like Gecko) Version/11.0 Mobile/15A372 Safari/604.1 wechatdevtools/1.05.2109131 MicroMessenger/8.0.5 Language/zh_CN webview/',
  'connection' => 'close',
  'host' => 'puzhenshop.feibu.info',
)
[ begin ] [ PARAM ] array (
  'page_id' => '0',
  'wxapp_id' => '10001',
  'token' => '',
)
---------------------------------------------------------------
[ 2022-03-18T16:18:49+08:00 ] 116.22.236.91 GET puzhenshop.feibu.info/index.php?s=/api/category/index&wxapp_id=10001&token=
[ begin ] [ ROUTE ] array (
  'type' => 'module',
  'module' => 
  array (
    0 => 'api',
    1 => 'category',
    2 => 'index',
  ),
)
[ begin ] [ HEADER ] array (
  'accept-encoding' => 'gzip, deflate',
  'referer' => 'https://servicewechat.com/wx361a9bc8120dc069/devtools/page-frame.html',
  'accept' => '*/*',
  'content-type' => 'application/json',
  'user-agent' => 'Mozilla/5.0 (iPhone; CPU iPhone OS 11_0 like Mac OS X) AppleWebKit/604.1.38 (KHTML, like Gecko) Version/11.0 Mobile/15A372 Safari/604.1 wechatdevtools/1.05.2109131 MicroMessenger/8.0.5 Language/zh_CN webview/',
  'connection' => 'close',
  'host' => 'puzhenshop.feibu.info',
)
[ begin ] [ PARAM ] array (
  'wxapp_id' => '10001',
  'token' => '',
)
---------------------------------------------------------------
[ 2022-03-18T16:18:51+08:00 ] 116.22.236.91 GET puzhenshop.feibu.info/index.php?s=/api/user.index/detail&wxapp_id=10001&token=
[ begin ] [ ROUTE ] array (
  'type' => 'module',
  'module' => 
  array (
    0 => 'api',
    1 => 'user.index',
    2 => 'detail',
  ),
)
[ begin ] [ HEADER ] array (
  'accept-encoding' => 'gzip, deflate',
  'referer' => 'https://servicewechat.com/wx361a9bc8120dc069/devtools/page-frame.html',
  'accept' => '*/*',
  'content-type' => 'application/json',
  'user-agent' => 'Mozilla/5.0 (iPhone; CPU iPhone OS 11_0 like Mac OS X) AppleWebKit/604.1.38 (KHTML, like Gecko) Version/11.0 Mobile/15A372 Safari/604.1 wechatdevtools/1.05.2109131 MicroMessenger/8.0.5 Language/zh_CN webview/',
  'connection' => 'close',
  'host' => 'puzhenshop.feibu.info',
)
[ begin ] [ PARAM ] array (
  'wxapp_id' => '10001',
  'token' => '',
)
---------------------------------------------------------------
[ 2022-03-18T16:24:27+08:00 ] 116.22.236.91 GET puzhenshop.feibu.info/index.php?s=/store/wxapp.page/index
[ begin ] [ ROUTE ] array (
  'type' => 'module',
  'module' => 
  array (
    0 => 'store',
    1 => 'wxapp.page',
    2 => 'index',
  ),
)
[ begin ] [ HEADER ] array (
  'cookie' => 'Hm_lvt_8231d52c4580fdb4fc6a6098e03a174f=1646725906; PHPSESSID=psbv7ufk63g5gma3st4r72hks5',
  'accept-language' => 'zh-CN,zh;q=0.9',
  'accept-encoding' => 'gzip, deflate',
  'referer' => 'http://puzhenshop.feibu.info/index.php?s=/store/wxapp.submsg/index',
  'accept' => 'text/html,application/xhtml+xml,application/xml;q=0.9,image/avif,image/webp,image/apng,*/*;q=0.8,application/signed-exchange;v=b3;q=0.9',
  'user-agent' => 'Mozilla/5.0 (Macintosh; Intel Mac OS X 10_14_6) AppleWebKit/537.36 (KHTML, like Gecko) Chrome/99.0.4844.51 Safari/537.36',
  'upgrade-insecure-requests' => '1',
  'connection' => 'close',
  'host' => 'puzhenshop.feibu.info',
)
[ begin ] [ PARAM ] array (
)
---------------------------------------------------------------
[ 2022-03-18T16:24:29+08:00 ] 116.22.236.91 GET puzhenshop.feibu.info/index.php?s=/store/wxapp.page/add
[ begin ] [ ROUTE ] array (
  'type' => 'module',
  'module' => 
  array (
    0 => 'store',
    1 => 'wxapp.page',
    2 => 'add',
  ),
)
[ begin ] [ HEADER ] array (
  'cookie' => 'Hm_lvt_8231d52c4580fdb4fc6a6098e03a174f=1646725906; PHPSESSID=psbv7ufk63g5gma3st4r72hks5',
  'accept-language' => 'zh-CN,zh;q=0.9',
  'accept-encoding' => 'gzip, deflate',
  'referer' => 'http://puzhenshop.feibu.info/index.php?s=/store/wxapp.page/index',
  'accept' => 'text/html,application/xhtml+xml,application/xml;q=0.9,image/avif,image/webp,image/apng,*/*;q=0.8,application/signed-exchange;v=b3;q=0.9',
  'user-agent' => 'Mozilla/5.0 (Macintosh; Intel Mac OS X 10_14_6) AppleWebKit/537.36 (KHTML, like Gecko) Chrome/99.0.4844.51 Safari/537.36',
  'upgrade-insecure-requests' => '1',
  'connection' => 'close',
  'host' => 'puzhenshop.feibu.info',
)
[ begin ] [ PARAM ] array (
)
---------------------------------------------------------------
[ 2022-03-18T16:24:48+08:00 ] 116.22.236.91 GET puzhenshop.feibu.info/index.php?s=/store/wxapp.page/index
[ begin ] [ ROUTE ] array (
  'type' => 'module',
  'module' => 
  array (
    0 => 'store',
    1 => 'wxapp.page',
    2 => 'index',
  ),
)
[ begin ] [ HEADER ] array (
  'cookie' => 'Hm_lvt_8231d52c4580fdb4fc6a6098e03a174f=1646725906; PHPSESSID=psbv7ufk63g5gma3st4r72hks5',
  'accept-language' => 'zh-CN,zh;q=0.9',
  'accept-encoding' => 'gzip, deflate',
  'referer' => 'http://puzhenshop.feibu.info/index.php?s=/store/wxapp.page/add',
  'accept' => 'text/html,application/xhtml+xml,application/xml;q=0.9,image/avif,image/webp,image/apng,*/*;q=0.8,application/signed-exchange;v=b3;q=0.9',
  'user-agent' => 'Mozilla/5.0 (Macintosh; Intel Mac OS X 10_14_6) AppleWebKit/537.36 (KHTML, like Gecko) Chrome/99.0.4844.51 Safari/537.36',
  'upgrade-insecure-requests' => '1',
  'connection' => 'close',
  'host' => 'puzhenshop.feibu.info',
)
[ begin ] [ PARAM ] array (
)
---------------------------------------------------------------
[ 2022-03-18T16:24:49+08:00 ] 116.22.236.91 GET puzhenshop.feibu.info/index.php?s=/store/wxapp.page/edit/page_id/10001
[ begin ] [ ROUTE ] array (
  'type' => 'module',
  'module' => 
  array (
    0 => 'store',
    1 => 'wxapp.page',
    2 => 'edit',
  ),
)
[ begin ] [ HEADER ] array (
  'cookie' => 'Hm_lvt_8231d52c4580fdb4fc6a6098e03a174f=1646725906; PHPSESSID=psbv7ufk63g5gma3st4r72hks5',
  'accept-language' => 'zh-CN,zh;q=0.9',
  'accept-encoding' => 'gzip, deflate',
  'referer' => 'http://puzhenshop.feibu.info/index.php?s=/store/wxapp.page/index',
  'accept' => 'text/html,application/xhtml+xml,application/xml;q=0.9,image/avif,image/webp,image/apng,*/*;q=0.8,application/signed-exchange;v=b3;q=0.9',
  'user-agent' => 'Mozilla/5.0 (Macintosh; Intel Mac OS X 10_14_6) AppleWebKit/537.36 (KHTML, like Gecko) Chrome/99.0.4844.51 Safari/537.36',
  'upgrade-insecure-requests' => '1',
  'connection' => 'close',
  'host' => 'puzhenshop.feibu.info',
)
[ begin ] [ PARAM ] array (
  'page_id' => '10001',
)
---------------------------------------------------------------
[ 2022-03-18T16:27:11+08:00 ] 116.22.236.91 GET puzhenshop.feibu.info/index.php?s=/store/upload.library/fileList&group_id=-1
[ begin ] [ ROUTE ] array (
  'type' => 'module',
  'module' => 
  array (
    0 => 'store',
    1 => 'upload.library',
    2 => 'fileList',
  ),
)
[ begin ] [ HEADER ] array (
  'cookie' => 'Hm_lvt_8231d52c4580fdb4fc6a6098e03a174f=1646725906; PHPSESSID=psbv7ufk63g5gma3st4r72hks5',
  'accept-language' => 'zh-CN,zh;q=0.9',
  'accept-encoding' => 'gzip, deflate',
  'referer' => 'http://puzhenshop.feibu.info/index.php?s=/store/wxapp.page/edit/page_id/10001',
  'x-requested-with' => 'XMLHttpRequest',
  'user-agent' => 'Mozilla/5.0 (Macintosh; Intel Mac OS X 10_14_6) AppleWebKit/537.36 (KHTML, like Gecko) Chrome/99.0.4844.51 Safari/537.36',
  'accept' => 'application/json, text/javascript, */*; q=0.01',
  'connection' => 'close',
  'host' => 'puzhenshop.feibu.info',
)
[ begin ] [ PARAM ] array (
  'group_id' => '-1',
)
---------------------------------------------------------------
[ 2022-03-18T16:27:20+08:00 ] 116.22.236.91 POST puzhenshop.feibu.info/index.php?s=/store/upload/image
[ begin ] [ ROUTE ] array (
  'type' => 'module',
  'module' => 
  array (
    0 => 'store',
    1 => 'upload',
    2 => 'image',
  ),
)
[ begin ] [ HEADER ] array (
  'cookie' => 'Hm_lvt_8231d52c4580fdb4fc6a6098e03a174f=1646725906; PHPSESSID=psbv7ufk63g5gma3st4r72hks5',
  'accept-language' => 'zh-CN,zh;q=0.9',
  'accept-encoding' => 'gzip, deflate',
  'referer' => 'http://puzhenshop.feibu.info/index.php?s=/store/wxapp.page/edit/page_id/10001',
  'origin' => 'http://puzhenshop.feibu.info',
  'content-type' => 'multipart/form-data; boundary=----WebKitFormBoundaryFA9QLjMfFaVc6izP',
  'user-agent' => 'Mozilla/5.0 (Macintosh; Intel Mac OS X 10_14_6) AppleWebKit/537.36 (KHTML, like Gecko) Chrome/99.0.4844.51 Safari/537.36',
  'x-requested-with' => 'XMLHttpRequest',
  'accept' => 'application/json, text/javascript, */*; q=0.01',
  'content-length' => '438124',
  'connection' => 'close',
  'host' => 'puzhenshop.feibu.info',
)
[ begin ] [ PARAM ] array (
  'id' => 'WU_FILE_0',
  'name' => 'banner@2x.png',
  'type' => 'image/png',
  'lastModifiedDate' => 'Fri Mar 18 2022 06:55:14 GMT+0800 (中国标准时间)',
  'size' => '437284',
  'group_id' => '-1',
)
---------------------------------------------------------------
[ 2022-03-18T16:28:05+08:00 ] 116.22.236.91 POST puzhenshop.feibu.info/index.php?s=/store/wxapp.page/edit/page_id/10001
[ begin ] [ ROUTE ] array (
  'type' => 'module',
  'module' => 
  array (
    0 => 'store',
    1 => 'wxapp.page',
    2 => 'edit',
  ),
)
[ begin ] [ HEADER ] array (
  'cookie' => 'Hm_lvt_8231d52c4580fdb4fc6a6098e03a174f=1646725906; PHPSESSID=psbv7ufk63g5gma3st4r72hks5',
  'accept-language' => 'zh-CN,zh;q=0.9',
  'accept-encoding' => 'gzip, deflate',
  'referer' => 'http://puzhenshop.feibu.info/index.php?s=/store/wxapp.page/edit/page_id/10001',
  'origin' => 'http://puzhenshop.feibu.info',
  'content-type' => 'application/x-www-form-urlencoded; charset=UTF-8',
  'user-agent' => 'Mozilla/5.0 (Macintosh; Intel Mac OS X 10_14_6) AppleWebKit/537.36 (KHTML, like Gecko) Chrome/99.0.4844.51 Safari/537.36',
  'x-requested-with' => 'XMLHttpRequest',
  'accept' => '*/*',
  'content-length' => '1344',
  'connection' => 'close',
  'host' => 'puzhenshop.feibu.info',
)
[ begin ] [ PARAM ] array (
  'data' => '{&quot;page&quot;:{&quot;type&quot;:&quot;page&quot;,&quot;name&quot;:&quot;页面设置&quot;,&quot;params&quot;:{&quot;name&quot;:&quot;页面名称&quot;,&quot;title&quot;:&quot;萤火小程序商城&quot;,&quot;share_title&quot;:&quot;分享标题&quot;},&quot;style&quot;:{&quot;titleTextColor&quot;:&quot;white&quot;,&quot;titleBackgroundColor&quot;:&quot;#ff8000&quot;},&quot;id&quot;:&quot;page&quot;},&quot;items&quot;:[{&quot;name&quot;:&quot;搜索框&quot;,&quot;type&quot;:&quot;search&quot;,&quot;params&quot;:{&quot;placeholder&quot;:&quot;请输入关键字进行搜索&quot;},&quot;style&quot;:{&quot;textAlign&quot;:&quot;left&quot;,&quot;searchStyle&quot;:&quot;&quot;},&quot;id&quot;:&quot;n50214144672381&quot;},{&quot;name&quot;:&quot;图片轮播&quot;,&quot;type&quot;:&quot;banner&quot;,&quot;style&quot;:{&quot;btnColor&quot;:&quot;#ffffff&quot;,&quot;btnShape&quot;:&quot;rectangle&quot;},&quot;params&quot;:{&quot;interval&quot;:&quot;2800&quot;},&quot;data&quot;:[{&quot;imgUrl&quot;:&quot;http://puzhenshop.feibu.info/uploads/202203181627204f5c33281.png&quot;,&quot;linkUrl&quot;:&quot;&quot;},{&quot;imgUrl&quot;:&quot;http://puzhenshop.feibu.info/assets/store/img/diy/banner/01.png&quot;,&quot;linkUrl&quot;:&quot;&quot;}]}]}',
  'page_id' => '10001',
)
---------------------------------------------------------------
[ 2022-03-18T16:28:07+08:00 ] 116.22.236.91 GET puzhenshop.feibu.info/index.php?s=/store/wxapp.page/edit/page_id/10001
[ begin ] [ ROUTE ] array (
  'type' => 'module',
  'module' => 
  array (
    0 => 'store',
    1 => 'wxapp.page',
    2 => 'edit',
  ),
)
[ begin ] [ HEADER ] array (
  'cookie' => 'Hm_lvt_8231d52c4580fdb4fc6a6098e03a174f=1646725906; PHPSESSID=psbv7ufk63g5gma3st4r72hks5',
  'accept-language' => 'zh-CN,zh;q=0.9',
  'accept-encoding' => 'gzip, deflate',
  'referer' => 'http://puzhenshop.feibu.info/index.php?s=/store/wxapp.page/edit/page_id/10001',
  'accept' => 'text/html,application/xhtml+xml,application/xml;q=0.9,image/avif,image/webp,image/apng,*/*;q=0.8,application/signed-exchange;v=b3;q=0.9',
  'user-agent' => 'Mozilla/5.0 (Macintosh; Intel Mac OS X 10_14_6) AppleWebKit/537.36 (KHTML, like Gecko) Chrome/99.0.4844.51 Safari/537.36',
  'upgrade-insecure-requests' => '1',
  'cache-control' => 'max-age=0',
  'connection' => 'close',
  'host' => 'puzhenshop.feibu.info',
)
[ begin ] [ PARAM ] array (
  'page_id' => '10001',
)
---------------------------------------------------------------
[ 2022-03-18T16:28:14+08:00 ] 116.22.236.91 GET puzhenshop.feibu.info/index.php?s=/api/page/index&page_id=0&wxapp_id=10001&token=
[ begin ] [ ROUTE ] array (
  'type' => 'module',
  'module' => 
  array (
    0 => 'api',
    1 => 'page',
    2 => 'index',
  ),
)
[ begin ] [ HEADER ] array (
  'accept-encoding' => 'gzip, deflate',
  'referer' => 'https://servicewechat.com/wx361a9bc8120dc069/devtools/page-frame.html',
  'accept' => '*/*',
  'content-type' => 'application/json',
  'user-agent' => 'Mozilla/5.0 (iPhone; CPU iPhone OS 11_0 like Mac OS X) AppleWebKit/604.1.38 (KHTML, like Gecko) Version/11.0 Mobile/15A372 Safari/604.1 wechatdevtools/1.05.2109131 MicroMessenger/8.0.5 Language/zh_CN webview/',
  'connection' => 'close',
  'host' => 'puzhenshop.feibu.info',
)
[ begin ] [ PARAM ] array (
  'page_id' => '0',
  'wxapp_id' => '10001',
  'token' => '',
)
---------------------------------------------------------------
[ 2022-03-18T16:28:25+08:00 ] 116.22.236.91 GET puzhenshop.feibu.info/index.php?s=/store/upload.library/fileList&group_id=-1
[ begin ] [ ROUTE ] array (
  'type' => 'module',
  'module' => 
  array (
    0 => 'store',
    1 => 'upload.library',
    2 => 'fileList',
  ),
)
[ begin ] [ HEADER ] array (
  'cookie' => 'Hm_lvt_8231d52c4580fdb4fc6a6098e03a174f=1646725906; PHPSESSID=psbv7ufk63g5gma3st4r72hks5',
  'accept-language' => 'zh-CN,zh;q=0.9',
  'accept-encoding' => 'gzip, deflate',
  'referer' => 'http://puzhenshop.feibu.info/index.php?s=/store/wxapp.page/edit/page_id/10001',
  'x-requested-with' => 'XMLHttpRequest',
  'user-agent' => 'Mozilla/5.0 (Macintosh; Intel Mac OS X 10_14_6) AppleWebKit/537.36 (KHTML, like Gecko) Chrome/99.0.4844.51 Safari/537.36',
  'accept' => 'application/json, text/javascript, */*; q=0.01',
  'connection' => 'close',
  'host' => 'puzhenshop.feibu.info',
)
[ begin ] [ PARAM ] array (
  'group_id' => '-1',
)
---------------------------------------------------------------
[ 2022-03-18T16:28:32+08:00 ] 116.22.236.91 POST puzhenshop.feibu.info/index.php?s=/store/wxapp.page/edit/page_id/10001
[ begin ] [ ROUTE ] array (
  'type' => 'module',
  'module' => 
  array (
    0 => 'store',
    1 => 'wxapp.page',
    2 => 'edit',
  ),
)
[ begin ] [ HEADER ] array (
  'cookie' => 'Hm_lvt_8231d52c4580fdb4fc6a6098e03a174f=1646725906; PHPSESSID=psbv7ufk63g5gma3st4r72hks5',
  'accept-language' => 'zh-CN,zh;q=0.9',
  'accept-encoding' => 'gzip, deflate',
  'referer' => 'http://puzhenshop.feibu.info/index.php?s=/store/wxapp.page/edit/page_id/10001',
  'origin' => 'http://puzhenshop.feibu.info',
  'content-type' => 'application/x-www-form-urlencoded; charset=UTF-8',
  'user-agent' => 'Mozilla/5.0 (Macintosh; Intel Mac OS X 10_14_6) AppleWebKit/537.36 (KHTML, like Gecko) Chrome/99.0.4844.51 Safari/537.36',
  'x-requested-with' => 'XMLHttpRequest',
  'accept' => '*/*',
  'content-length' => '1337',
  'connection' => 'close',
  'host' => 'puzhenshop.feibu.info',
)
[ begin ] [ PARAM ] array (
  'data' => '{&quot;page&quot;:{&quot;type&quot;:&quot;page&quot;,&quot;name&quot;:&quot;页面设置&quot;,&quot;params&quot;:{&quot;name&quot;:&quot;页面名称&quot;,&quot;title&quot;:&quot;萤火小程序商城&quot;,&quot;share_title&quot;:&quot;分享标题&quot;},&quot;style&quot;:{&quot;titleTextColor&quot;:&quot;white&quot;,&quot;titleBackgroundColor&quot;:&quot;#ff8000&quot;},&quot;id&quot;:&quot;page&quot;},&quot;items&quot;:[{&quot;name&quot;:&quot;搜索框&quot;,&quot;type&quot;:&quot;search&quot;,&quot;params&quot;:{&quot;placeholder&quot;:&quot;请输入关键字进行搜索&quot;},&quot;style&quot;:{&quot;textAlign&quot;:&quot;left&quot;,&quot;searchStyle&quot;:&quot;&quot;},&quot;id&quot;:&quot;n50214144672381&quot;},{&quot;name&quot;:&quot;图片轮播&quot;,&quot;type&quot;:&quot;banner&quot;,&quot;style&quot;:{&quot;btnColor&quot;:&quot;#ffffff&quot;,&quot;btnShape&quot;:&quot;rectangle&quot;},&quot;params&quot;:{&quot;interval&quot;:&quot;2800&quot;},&quot;data&quot;:[{&quot;imgUrl&quot;:&quot;http://puzhenshop.feibu.info/uploads/202203181627204f5c33281.png&quot;,&quot;linkUrl&quot;:&quot;&quot;},{&quot;imgUrl&quot;:&quot;http://puzhenshop.feibu.info/uploads/202203181627204f5c33281.png&quot;,&quot;linkUrl&quot;:&quot;&quot;}]}]}',
  'page_id' => '10001',
)
---------------------------------------------------------------
[ 2022-03-18T16:28:33+08:00 ] 116.22.236.91 GET puzhenshop.feibu.info/index.php?s=/store/wxapp.page/edit/page_id/10001
[ begin ] [ ROUTE ] array (
  'type' => 'module',
  'module' => 
  array (
    0 => 'store',
    1 => 'wxapp.page',
    2 => 'edit',
  ),
)
[ begin ] [ HEADER ] array (
  'cookie' => 'Hm_lvt_8231d52c4580fdb4fc6a6098e03a174f=1646725906; PHPSESSID=psbv7ufk63g5gma3st4r72hks5',
  'accept-language' => 'zh-CN,zh;q=0.9',
  'accept-encoding' => 'gzip, deflate',
  'referer' => 'http://puzhenshop.feibu.info/index.php?s=/store/wxapp.page/edit/page_id/10001',
  'accept' => 'text/html,application/xhtml+xml,application/xml;q=0.9,image/avif,image/webp,image/apng,*/*;q=0.8,application/signed-exchange;v=b3;q=0.9',
  'user-agent' => 'Mozilla/5.0 (Macintosh; Intel Mac OS X 10_14_6) AppleWebKit/537.36 (KHTML, like Gecko) Chrome/99.0.4844.51 Safari/537.36',
  'upgrade-insecure-requests' => '1',
  'cache-control' => 'max-age=0',
  'connection' => 'close',
  'host' => 'puzhenshop.feibu.info',
)
[ begin ] [ PARAM ] array (
  'page_id' => '10001',
)
---------------------------------------------------------------
[ 2022-03-18T16:28:42+08:00 ] 116.22.236.91 GET puzhenshop.feibu.info/index.php?s=/api/page/index&page_id=0&wxapp_id=10001&token=
[ begin ] [ ROUTE ] array (
  'type' => 'module',
  'module' => 
  array (
    0 => 'api',
    1 => 'page',
    2 => 'index',
  ),
)
[ begin ] [ HEADER ] array (
  'accept-encoding' => 'gzip, deflate',
  'referer' => 'https://servicewechat.com/wx361a9bc8120dc069/devtools/page-frame.html',
  'accept' => '*/*',
  'content-type' => 'application/json',
  'user-agent' => 'Mozilla/5.0 (iPhone; CPU iPhone OS 11_0 like Mac OS X) AppleWebKit/604.1.38 (KHTML, like Gecko) Version/11.0 Mobile/15A372 Safari/604.1 wechatdevtools/1.05.2109131 MicroMessenger/8.0.5 Language/zh_CN webview/',
  'connection' => 'close',
  'host' => 'puzhenshop.feibu.info',
)
[ begin ] [ PARAM ] array (
  'page_id' => '0',
  'wxapp_id' => '10001',
  'token' => '',
)
---------------------------------------------------------------
[ 2022-03-18T16:34:49+08:00 ] 116.22.236.91 GET puzhenshop.feibu.info/index.php?s=/store/upload.library/fileList&group_id=-1
[ begin ] [ ROUTE ] array (
  'type' => 'module',
  'module' => 
  array (
    0 => 'store',
    1 => 'upload.library',
    2 => 'fileList',
  ),
)
[ begin ] [ HEADER ] array (
  'cookie' => 'Hm_lvt_8231d52c4580fdb4fc6a6098e03a174f=1646725906; PHPSESSID=psbv7ufk63g5gma3st4r72hks5',
  'accept-language' => 'zh-CN,zh;q=0.9',
  'accept-encoding' => 'gzip, deflate',
  'referer' => 'http://puzhenshop.feibu.info/index.php?s=/store/wxapp.page/edit/page_id/10001',
  'x-requested-with' => 'XMLHttpRequest',
  'user-agent' => 'Mozilla/5.0 (Macintosh; Intel Mac OS X 10_14_6) AppleWebKit/537.36 (KHTML, like Gecko) Chrome/99.0.4844.51 Safari/537.36',
  'accept' => 'application/json, text/javascript, */*; q=0.01',
  'connection' => 'close',
  'host' => 'puzhenshop.feibu.info',
)
[ begin ] [ PARAM ] array (
  'group_id' => '-1',
)
---------------------------------------------------------------
[ 2022-03-18T16:34:55+08:00 ] 116.22.236.91 POST puzhenshop.feibu.info/index.php?s=/store/upload/image
[ begin ] [ ROUTE ] array (
  'type' => 'module',
  'module' => 
  array (
    0 => 'store',
    1 => 'upload',
    2 => 'image',
  ),
)
[ begin ] [ HEADER ] array (
  'cookie' => 'Hm_lvt_8231d52c4580fdb4fc6a6098e03a174f=1646725906; PHPSESSID=psbv7ufk63g5gma3st4r72hks5',
  'accept-language' => 'zh-CN,zh;q=0.9',
  'accept-encoding' => 'gzip, deflate',
  'referer' => 'http://puzhenshop.feibu.info/index.php?s=/store/wxapp.page/edit/page_id/10001',
  'origin' => 'http://puzhenshop.feibu.info',
  'content-type' => 'multipart/form-data; boundary=----WebKitFormBoundaryBD1lZsMZTLErsZOv',
  'user-agent' => 'Mozilla/5.0 (Macintosh; Intel Mac OS X 10_14_6) AppleWebKit/537.36 (KHTML, like Gecko) Chrome/99.0.4844.51 Safari/537.36',
  'x-requested-with' => 'XMLHttpRequest',
  'accept' => 'application/json, text/javascript, */*; q=0.01',
  'content-length' => '348481',
  'connection' => 'close',
  'host' => 'puzhenshop.feibu.info',
)
[ begin ] [ PARAM ] array (
  'id' => 'WU_FILE_0',
  'name' => 'banner@2x.png',
  'type' => 'image/png',
  'lastModifiedDate' => 'Fri Mar 18 2022 16:34:35 GMT+0800 (中国标准时间)',
  'size' => '347641',
  'group_id' => '-1',
)
---------------------------------------------------------------
[ 2022-03-18T16:35:00+08:00 ] 116.22.236.91 GET puzhenshop.feibu.info/index.php?s=/store/upload.library/fileList&group_id=-1
[ begin ] [ ROUTE ] array (
  'type' => 'module',
  'module' => 
  array (
    0 => 'store',
    1 => 'upload.library',
    2 => 'fileList',
  ),
)
[ begin ] [ HEADER ] array (
  'cookie' => 'Hm_lvt_8231d52c4580fdb4fc6a6098e03a174f=1646725906; PHPSESSID=psbv7ufk63g5gma3st4r72hks5',
  'accept-language' => 'zh-CN,zh;q=0.9',
  'accept-encoding' => 'gzip, deflate',
  'referer' => 'http://puzhenshop.feibu.info/index.php?s=/store/wxapp.page/edit/page_id/10001',
  'x-requested-with' => 'XMLHttpRequest',
  'user-agent' => 'Mozilla/5.0 (Macintosh; Intel Mac OS X 10_14_6) AppleWebKit/537.36 (KHTML, like Gecko) Chrome/99.0.4844.51 Safari/537.36',
  'accept' => 'application/json, text/javascript, */*; q=0.01',
  'connection' => 'close',
  'host' => 'puzhenshop.feibu.info',
)
[ begin ] [ PARAM ] array (
  'group_id' => '-1',
)
---------------------------------------------------------------
[ 2022-03-18T16:35:23+08:00 ] 116.22.236.91 GET puzhenshop.feibu.info/index.php?s=/store/data.shop/lists
[ begin ] [ ROUTE ] array (
  'type' => 'module',
  'module' => 
  array (
    0 => 'store',
    1 => 'data.shop',
    2 => 'lists',
  ),
)
[ begin ] [ HEADER ] array (
  'cookie' => 'Hm_lvt_8231d52c4580fdb4fc6a6098e03a174f=1646725906; PHPSESSID=psbv7ufk63g5gma3st4r72hks5',
  'accept-language' => 'zh-CN,zh;q=0.9',
  'accept-encoding' => 'gzip, deflate',
  'referer' => 'http://puzhenshop.feibu.info/index.php?s=/store/wxapp.page/edit/page_id/10001',
  'accept' => 'text/html,application/xhtml+xml,application/xml;q=0.9,image/avif,image/webp,image/apng,*/*;q=0.8,application/signed-exchange;v=b3;q=0.9',
  'user-agent' => 'Mozilla/5.0 (Macintosh; Intel Mac OS X 10_14_6) AppleWebKit/537.36 (KHTML, like Gecko) Chrome/99.0.4844.51 Safari/537.36',
  'upgrade-insecure-requests' => '1',
  'connection' => 'close',
  'host' => 'puzhenshop.feibu.info',
)
[ begin ] [ PARAM ] array (
)
---------------------------------------------------------------
[ 2022-03-18T16:39:12+08:00 ] 116.22.236.91 GET puzhenshop.feibu.info/index.php?s=/store/data.goods/lists&status=10
[ begin ] [ ROUTE ] array (
  'type' => 'module',
  'module' => 
  array (
    0 => 'store',
    1 => 'data.goods',
    2 => 'lists',
  ),
)
[ begin ] [ HEADER ] array (
  'cookie' => 'Hm_lvt_8231d52c4580fdb4fc6a6098e03a174f=1646725906; PHPSESSID=psbv7ufk63g5gma3st4r72hks5',
  'accept-language' => 'zh-CN,zh;q=0.9',
  'accept-encoding' => 'gzip, deflate',
  'referer' => 'http://puzhenshop.feibu.info/index.php?s=/store/wxapp.page/edit/page_id/10001',
  'accept' => 'text/html,application/xhtml+xml,application/xml;q=0.9,image/avif,image/webp,image/apng,*/*;q=0.8,application/signed-exchange;v=b3;q=0.9',
  'user-agent' => 'Mozilla/5.0 (Macintosh; Intel Mac OS X 10_14_6) AppleWebKit/537.36 (KHTML, like Gecko) Chrome/99.0.4844.51 Safari/537.36',
  'upgrade-insecure-requests' => '1',
  'connection' => 'close',
  'host' => 'puzhenshop.feibu.info',
)
[ begin ] [ PARAM ] array (
  'status' => '10',
)
---------------------------------------------------------------
[ 2022-03-18T16:48:29+08:00 ] 116.22.236.91 GET puzhenshop.feibu.info/index.php?s=/store/upload.library/fileList&group_id=-1
[ begin ] [ ROUTE ] array (
  'type' => 'module',
  'module' => 
  array (
    0 => 'store',
    1 => 'upload.library',
    2 => 'fileList',
  ),
)
[ begin ] [ HEADER ] array (
  'cookie' => 'Hm_lvt_8231d52c4580fdb4fc6a6098e03a174f=1646725906; PHPSESSID=psbv7ufk63g5gma3st4r72hks5',
  'accept-language' => 'zh-CN,zh;q=0.9',
  'accept-encoding' => 'gzip, deflate',
  'referer' => 'http://puzhenshop.feibu.info/index.php?s=/store/wxapp.page/edit/page_id/10001',
  'x-requested-with' => 'XMLHttpRequest',
  'user-agent' => 'Mozilla/5.0 (Macintosh; Intel Mac OS X 10_14_6) AppleWebKit/537.36 (KHTML, like Gecko) Chrome/99.0.4844.51 Safari/537.36',
  'accept' => 'application/json, text/javascript, */*; q=0.01',
  'connection' => 'close',
  'host' => 'puzhenshop.feibu.info',
)
[ begin ] [ PARAM ] array (
  'group_id' => '-1',
)
---------------------------------------------------------------
[ 2022-03-18T16:48:34+08:00 ] 116.22.236.91 POST puzhenshop.feibu.info/index.php?s=/store/upload/image
[ begin ] [ ROUTE ] array (
  'type' => 'module',
  'module' => 
  array (
    0 => 'store',
    1 => 'upload',
    2 => 'image',
  ),
)
[ begin ] [ HEADER ] array (
  'cookie' => 'Hm_lvt_8231d52c4580fdb4fc6a6098e03a174f=1646725906; PHPSESSID=psbv7ufk63g5gma3st4r72hks5',
  'accept-language' => 'zh-CN,zh;q=0.9',
  'accept-encoding' => 'gzip, deflate',
  'referer' => 'http://puzhenshop.feibu.info/index.php?s=/store/wxapp.page/edit/page_id/10001',
  'origin' => 'http://puzhenshop.feibu.info',
  'content-type' => 'multipart/form-data; boundary=----WebKitFormBoundaryPxFBcTGTAQasNi7q',
  'user-agent' => 'Mozilla/5.0 (Macintosh; Intel Mac OS X 10_14_6) AppleWebKit/537.36 (KHTML, like Gecko) Chrome/99.0.4844.51 Safari/537.36',
  'x-requested-with' => 'XMLHttpRequest',
  'accept' => 'application/json, text/javascript, */*; q=0.01',
  'content-length' => '31646',
  'connection' => 'close',
  'host' => 'puzhenshop.feibu.info',
)
[ begin ] [ PARAM ] array (
  'id' => 'WU_FILE_1',
  'name' => '1647593301305.jpg',
  'type' => 'image/jpeg',
  'lastModifiedDate' => 'Fri Mar 18 2022 16:48:23 GMT+0800 (中国标准时间)',
  'size' => '30797',
  'group_id' => '-1',
)
---------------------------------------------------------------
[ 2022-03-18T16:48:38+08:00 ] 116.22.236.91 GET puzhenshop.feibu.info/index.php?s=/store/upload.library/fileList&group_id=-1
[ begin ] [ ROUTE ] array (
  'type' => 'module',
  'module' => 
  array (
    0 => 'store',
    1 => 'upload.library',
    2 => 'fileList',
  ),
)
[ begin ] [ HEADER ] array (
  'cookie' => 'Hm_lvt_8231d52c4580fdb4fc6a6098e03a174f=1646725906; PHPSESSID=psbv7ufk63g5gma3st4r72hks5',
  'accept-language' => 'zh-CN,zh;q=0.9',
  'accept-encoding' => 'gzip, deflate',
  'referer' => 'http://puzhenshop.feibu.info/index.php?s=/store/wxapp.page/edit/page_id/10001',
  'x-requested-with' => 'XMLHttpRequest',
  'user-agent' => 'Mozilla/5.0 (Macintosh; Intel Mac OS X 10_14_6) AppleWebKit/537.36 (KHTML, like Gecko) Chrome/99.0.4844.51 Safari/537.36',
  'accept' => 'application/json, text/javascript, */*; q=0.01',
  'connection' => 'close',
  'host' => 'puzhenshop.feibu.info',
)
[ begin ] [ PARAM ] array (
  'group_id' => '-1',
)
---------------------------------------------------------------
[ 2022-03-18T16:48:40+08:00 ] 116.22.236.91 GET puzhenshop.feibu.info/index.php?s=/store/upload.library/fileList&group_id=-1
[ begin ] [ ROUTE ] array (
  'type' => 'module',
  'module' => 
  array (
    0 => 'store',
    1 => 'upload.library',
    2 => 'fileList',
  ),
)
[ begin ] [ HEADER ] array (
  'cookie' => 'Hm_lvt_8231d52c4580fdb4fc6a6098e03a174f=1646725906; PHPSESSID=psbv7ufk63g5gma3st4r72hks5',
  'accept-language' => 'zh-CN,zh;q=0.9',
  'accept-encoding' => 'gzip, deflate',
  'referer' => 'http://puzhenshop.feibu.info/index.php?s=/store/wxapp.page/edit/page_id/10001',
  'x-requested-with' => 'XMLHttpRequest',
  'user-agent' => 'Mozilla/5.0 (Macintosh; Intel Mac OS X 10_14_6) AppleWebKit/537.36 (KHTML, like Gecko) Chrome/99.0.4844.51 Safari/537.36',
  'accept' => 'application/json, text/javascript, */*; q=0.01',
  'connection' => 'close',
  'host' => 'puzhenshop.feibu.info',
)
[ begin ] [ PARAM ] array (
  'group_id' => '-1',
)
---------------------------------------------------------------
[ 2022-03-18T16:51:10+08:00 ] 116.22.236.91 GET puzhenshop.feibu.info/index.php?s=/api/page/index&page_id=0&wxapp_id=10001&token=
[ begin ] [ ROUTE ] array (
  'type' => 'module',
  'module' => 
  array (
    0 => 'api',
    1 => 'page',
    2 => 'index',
  ),
)
[ begin ] [ HEADER ] array (
  'accept-encoding' => 'gzip, deflate',
  'referer' => 'https://servicewechat.com/wx361a9bc8120dc069/devtools/page-frame.html',
  'accept' => '*/*',
  'content-type' => 'application/json',
  'user-agent' => 'Mozilla/5.0 (iPhone; CPU iPhone OS 11_0 like Mac OS X) AppleWebKit/604.1.38 (KHTML, like Gecko) Version/11.0 Mobile/15A372 Safari/604.1 wechatdevtools/1.05.2109131 MicroMessenger/8.0.5 Language/zh_CN webview/',
  'connection' => 'close',
  'host' => 'puzhenshop.feibu.info',
)
[ begin ] [ PARAM ] array (
  'page_id' => '0',
  'wxapp_id' => '10001',
  'token' => '',
)
---------------------------------------------------------------
[ 2022-03-18T16:51:19+08:00 ] 116.22.236.91 POST puzhenshop.feibu.info/index.php?s=/store/wxapp.page/edit/page_id/10001
[ begin ] [ ROUTE ] array (
  'type' => 'module',
  'module' => 
  array (
    0 => 'store',
    1 => 'wxapp.page',
    2 => 'edit',
  ),
)
[ begin ] [ HEADER ] array (
  'cookie' => 'Hm_lvt_8231d52c4580fdb4fc6a6098e03a174f=1646725906; PHPSESSID=psbv7ufk63g5gma3st4r72hks5',
  'accept-language' => 'zh-CN,zh;q=0.9',
  'accept-encoding' => 'gzip, deflate',
  'referer' => 'http://puzhenshop.feibu.info/index.php?s=/store/wxapp.page/edit/page_id/10001',
  'origin' => 'http://puzhenshop.feibu.info',
  'content-type' => 'application/x-www-form-urlencoded; charset=UTF-8',
  'user-agent' => 'Mozilla/5.0 (Macintosh; Intel Mac OS X 10_14_6) AppleWebKit/537.36 (KHTML, like Gecko) Chrome/99.0.4844.51 Safari/537.36',
  'x-requested-with' => 'XMLHttpRequest',
  'accept' => '*/*',
  'content-length' => '5351',
  'connection' => 'close',
  'host' => 'puzhenshop.feibu.info',
)
[ begin ] [ PARAM ] array (
  'data' => '{&quot;page&quot;:{&quot;type&quot;:&quot;page&quot;,&quot;name&quot;:&quot;页面设置&quot;,&quot;params&quot;:{&quot;name&quot;:&quot;首页&quot;,&quot;title&quot;:&quot;朴真服务&quot;,&quot;share_title&quot;:&quot;朴真服务&quot;},&quot;style&quot;:{&quot;titleTextColor&quot;:&quot;white&quot;,&quot;titleBackgroundColor&quot;:&quot;#f25142&quot;},&quot;id&quot;:&quot;page&quot;},&quot;items&quot;:[{&quot;name&quot;:&quot;搜索框&quot;,&quot;type&quot;:&quot;search&quot;,&quot;params&quot;:{&quot;placeholder&quot;:&quot;请输入关键字进行搜索&quot;},&quot;style&quot;:{&quot;textAlign&quot;:&quot;left&quot;,&quot;searchStyle&quot;:&quot;&quot;},&quot;id&quot;:&quot;n50214144672381&quot;},{&quot;name&quot;:&quot;图片轮播&quot;,&quot;type&quot;:&quot;banner&quot;,&quot;style&quot;:{&quot;btnColor&quot;:&quot;#ffffff&quot;,&quot;btnShape&quot;:&quot;round&quot;},&quot;params&quot;:{&quot;interval&quot;:&quot;2800&quot;},&quot;data&quot;:[{&quot;imgUrl&quot;:&quot;http://puzhenshop.feibu.info/uploads/20220318163455746ea6783.png&quot;,&quot;linkUrl&quot;:&quot;&quot;},{&quot;imgUrl&quot;:&quot;http://puzhenshop.feibu.info/uploads/20220318163455746ea6783.png&quot;,&quot;linkUrl&quot;:&quot;&quot;}]},{&quot;name&quot;:&quot;单图组&quot;,&quot;type&quot;:&quot;imageSingle&quot;,&quot;style&quot;:{&quot;paddingTop&quot;:&quot;26&quot;,&quot;paddingLeft&quot;:&quot;50&quot;,&quot;background&quot;:&quot;#ffffff&quot;},&quot;data&quot;:[{&quot;imgUrl&quot;:&quot;http://puzhenshop.feibu.info/uploads/20220318164834677e24067.jpg&quot;,&quot;imgName&quot;:&quot;image-1.jpg&quot;,&quot;linkUrl&quot;:&quot;&quot;}]},{&quot;name&quot;:&quot;商品组&quot;,&quot;type&quot;:&quot;goods&quot;,&quot;params&quot;:{&quot;source&quot;:&quot;choice&quot;,&quot;auto&quot;:{&quot;category&quot;:0,&quot;goodsSort&quot;:&quot;all&quot;,&quot;showNum&quot;:6}},&quot;style&quot;:{&quot;background&quot;:&quot;#F6F6F6&quot;,&quot;display&quot;:&quot;list&quot;,&quot;column&quot;:&quot;2&quot;,&quot;show&quot;:{&quot;goodsName&quot;:&quot;1&quot;,&quot;goodsPrice&quot;:true,&quot;linePrice&quot;:false,&quot;sellingPoint&quot;:&quot;0&quot;,&quot;goodsSales&quot;:&quot;0&quot;}},&quot;defaultData&quot;:[{&quot;goods_name&quot;:&quot;此处显示商品名称&quot;,&quot;image&quot;:&quot;http://puzhenshop.feibu.info/assets/store/img/diy/goods/01.png&quot;,&quot;goods_price&quot;:&quot;99.00&quot;,&quot;line_price&quot;:&quot;139.00&quot;,&quot;selling_point&quot;:&quot;此款商品美观大方 不容错过&quot;,&quot;goods_sales&quot;:&quot;100&quot;},{&quot;goods_name&quot;:&quot;此处显示商品名称&quot;,&quot;image&quot;:&quot;http://puzhenshop.feibu.info/assets/store/img/diy/goods/01.png&quot;,&quot;goods_price&quot;:&quot;99.00&quot;,&quot;line_price&quot;:&quot;139.00&quot;,&quot;selling_point&quot;:&quot;此款商品美观大方 不容错过&quot;,&quot;goods_sales&quot;:&quot;100&quot;},{&quot;goods_name&quot;:&quot;此处显示商品名称&quot;,&quot;image&quot;:&quot;http://puzhenshop.feibu.info/assets/store/img/diy/goods/01.png&quot;,&quot;goods_price&quot;:&quot;99.00&quot;,&quot;line_price&quot;:&quot;139.00&quot;,&quot;selling_point&quot;:&quot;此款商品美观大方 不容错过&quot;,&quot;goods_sales&quot;:&quot;100&quot;},{&quot;goods_name&quot;:&quot;此处显示商品名称&quot;,&quot;image&quot;:&quot;http://puzhenshop.feibu.info/assets/store/img/diy/goods/01.png&quot;,&quot;goods_price&quot;:&quot;99.00&quot;,&quot;line_price&quot;:&quot;139.00&quot;,&quot;selling_point&quot;:&quot;此款商品美观大方 不容错过&quot;,&quot;goods_sales&quot;:&quot;100&quot;}],&quot;data&quot;:[{&quot;goods_name&quot;:&quot;此处显示商品名称&quot;,&quot;image&quot;:&quot;http://puzhenshop.feibu.info/assets/store/img/diy/goods/01.png&quot;,&quot;goods_price&quot;:&quot;99.00&quot;,&quot;line_price&quot;:&quot;139.00&quot;,&quot;selling_point&quot;:&quot;此款商品美观大方 不容错过&quot;,&quot;goods_sales&quot;:&quot;100&quot;,&quot;is_default&quot;:true},{&quot;goods_name&quot;:&quot;此处显示商品名称&quot;,&quot;image&quot;:&quot;http://puzhenshop.feibu.info/assets/store/img/diy/goods/01.png&quot;,&quot;goods_price&quot;:&quot;99.00&quot;,&quot;line_price&quot;:&quot;139.00&quot;,&quot;selling_point&quot;:&quot;此款商品美观大方 不容错过&quot;,&quot;goods_sales&quot;:&quot;100&quot;,&quot;is_default&quot;:true},{&quot;goods_id&quot;:&quot;10001&quot;,&quot;goods_name&quot;:&quot;test&quot;,&quot;selling_point&quot;:&quot;&quot;,&quot;image&quot;:&quot;http://puzhenshop.feibu.info/uploads/2022031620403381ab48570.jpg&quot;,&quot;goods_image&quot;:&quot;http://puzhenshop.feibu.info/uploads/2022031620403381ab48570.jpg&quot;,&quot;goods_price&quot;:&quot;1.00&quot;,&quot;line_price&quot;:&quot;0.00&quot;,&quot;goods_sales&quot;:0}]}]}',
  'page_id' => '10001',
)
---------------------------------------------------------------
[ 2022-03-18T16:51:21+08:00 ] 116.22.236.91 GET puzhenshop.feibu.info/index.php?s=/store/wxapp.page/edit/page_id/10001
[ begin ] [ ROUTE ] array (
  'type' => 'module',
  'module' => 
  array (
    0 => 'store',
    1 => 'wxapp.page',
    2 => 'edit',
  ),
)
[ begin ] [ HEADER ] array (
  'cookie' => 'Hm_lvt_8231d52c4580fdb4fc6a6098e03a174f=1646725906; PHPSESSID=psbv7ufk63g5gma3st4r72hks5',
  'accept-language' => 'zh-CN,zh;q=0.9',
  'accept-encoding' => 'gzip, deflate',
  'referer' => 'http://puzhenshop.feibu.info/index.php?s=/store/wxapp.page/edit/page_id/10001',
  'accept' => 'text/html,application/xhtml+xml,application/xml;q=0.9,image/avif,image/webp,image/apng,*/*;q=0.8,application/signed-exchange;v=b3;q=0.9',
  'user-agent' => 'Mozilla/5.0 (Macintosh; Intel Mac OS X 10_14_6) AppleWebKit/537.36 (KHTML, like Gecko) Chrome/99.0.4844.51 Safari/537.36',
  'upgrade-insecure-requests' => '1',
  'cache-control' => 'max-age=0',
  'connection' => 'close',
  'host' => 'puzhenshop.feibu.info',
)
[ begin ] [ PARAM ] array (
  'page_id' => '10001',
)
---------------------------------------------------------------
[ 2022-03-18T16:51:32+08:00 ] 116.22.236.91 GET puzhenshop.feibu.info/index.php?s=/api/page/index&page_id=0&wxapp_id=10001&token=
[ begin ] [ ROUTE ] array (
  'type' => 'module',
  'module' => 
  array (
    0 => 'api',
    1 => 'page',
    2 => 'index',
  ),
)
[ begin ] [ HEADER ] array (
  'accept-encoding' => 'gzip, deflate',
  'referer' => 'https://servicewechat.com/wx361a9bc8120dc069/devtools/page-frame.html',
  'accept' => '*/*',
  'content-type' => 'application/json',
  'user-agent' => 'Mozilla/5.0 (iPhone; CPU iPhone OS 11_0 like Mac OS X) AppleWebKit/604.1.38 (KHTML, like Gecko) Version/11.0 Mobile/15A372 Safari/604.1 wechatdevtools/1.05.2109131 MicroMessenger/8.0.5 Language/zh_CN webview/',
  'connection' => 'close',
  'host' => 'puzhenshop.feibu.info',
)
[ begin ] [ PARAM ] array (
  'page_id' => '0',
  'wxapp_id' => '10001',
  'token' => '',
)
---------------------------------------------------------------
[ 2022-03-18T16:51:42+08:00 ] 116.22.236.91 GET puzhenshop.feibu.info/index.php?s=/api/category/index&wxapp_id=10001&token=
[ begin ] [ ROUTE ] array (
  'type' => 'module',
  'module' => 
  array (
    0 => 'api',
    1 => 'category',
    2 => 'index',
  ),
)
[ begin ] [ HEADER ] array (
  'accept-encoding' => 'gzip, deflate',
  'referer' => 'https://servicewechat.com/wx361a9bc8120dc069/devtools/page-frame.html',
  'accept' => '*/*',
  'content-type' => 'application/json',
  'user-agent' => 'Mozilla/5.0 (iPhone; CPU iPhone OS 11_0 like Mac OS X) AppleWebKit/604.1.38 (KHTML, like Gecko) Version/11.0 Mobile/15A372 Safari/604.1 wechatdevtools/1.05.2109131 MicroMessenger/8.0.5 Language/zh_CN webview/',
  'connection' => 'close',
  'host' => 'puzhenshop.feibu.info',
)
[ begin ] [ PARAM ] array (
  'wxapp_id' => '10001',
  'token' => '',
)
