---------------------------------------------------------------
[ 2022-03-30T15:59:09+08:00 ] 218.19.206.139 GET puzhenshop.feibu.info/index.php?s=/store/shop/index
[运行时间：0.377525s] [吞吐率：2.65req/s] [内存消耗：3,600.51kb] [文件加载：90]
[ info ] [ LANG ] E:\UPUPW_ANK_W64\WebRoot\Vhosts\puzhen\2.0.0\source\thinkphp\lang\zh-cn.php
[ info ] [ ROUTE ] array (
  'type' => 'module',
  'module' => 
  array (
    0 => 'store',
    1 => 'shop',
    2 => 'index',
  ),
)
[ info ] [ HEADER ] array (
  'cookie' => '__gads=ID=00d075fa159d8ac8:T=1597915774:S=ALNI_MZogTGW2LAF0H_NTkBymWmUYtnOxQ; __root_domain_v=.feibu.info; _qddaz=QD.932230466496504; Hm_lvt_8231d52c4580fdb4fc6a6098e03a174f=1646725837; Hm_lpvt_8231d52c4580fdb4fc6a6098e03a174f=1646726312; PHPSESSID=cmubvvptf0coclkkcre98a0a9b; thinkphp_show_page_trace=0|0',
  'accept-language' => 'en,zh-CN;q=0.9,zh;q=0.8',
  'accept-encoding' => 'gzip, deflate',
  'referer' => 'http://puzhenshop.feibu.info/index.php?s=/store/setting.cache/clear',
  'accept' => 'text/html,application/xhtml+xml,application/xml;q=0.9,image/avif,image/webp,image/apng,*/*;q=0.8,application/signed-exchange;v=b3;q=0.9',
  'user-agent' => 'Mozilla/5.0 (Macintosh; Intel Mac OS X 10_14_6) AppleWebKit/537.36 (KHTML, like Gecko) Chrome/99.0.4844.51 Safari/537.36',
  'dnt' => '1',
  'upgrade-insecure-requests' => '1',
  'connection' => 'close',
  'host' => 'puzhenshop.feibu.info',
)
[ info ] [ PARAM ] array (
)
[ info ] [ BEHAVIOR ] Run app\common\behavior\App @app_begin [ RunTime:0.002189s ]
[ info ] [ SESSION ] INIT array (
  'id' => '',
  'var_session_id' => '',
  'prefix' => '',
  'type' => '',
  'auto_start' => true,
)
[ info ] [ DB ] INIT mysql
[ info ] [ CACHE ] INIT File
[ info ] [ RUN ] app\store\controller\Shop->index[ E:\UPUPW_ANK_W64\WebRoot\Vhosts\puzhen\2.0.0\source\application\store\controller\Shop.php ]
[ info ] [ VIEW ] E:\UPUPW_ANK_W64\WebRoot\Vhosts\puzhen\2.0.0\web/../source/application/store\view\shop\index.php [ array (
  0 => 'base_url',
  1 => 'store_url',
  2 => 'group',
  3 => 'menus',
  4 => 'store',
  5 => 'setting',
  6 => 'request',
  7 => 'version',
  8 => 'list',
) ]
[ info ] [ LOG ] INIT File
---------------------------------------------------------------
[ 2022-03-30T15:59:10+08:00 ] 218.19.206.139 GET puzhenshop.feibu.info/index.php?s=/store/shop/index
[运行时间：0.104635s] [吞吐率：9.56req/s] [内存消耗：3,373.96kb] [文件加载：88]
[ info ] [ LANG ] E:\UPUPW_ANK_W64\WebRoot\Vhosts\puzhen\2.0.0\source\thinkphp\lang\zh-cn.php
[ info ] [ ROUTE ] array (
  'type' => 'module',
  'module' => 
  array (
    0 => 'store',
    1 => 'shop',
    2 => 'index',
  ),
)
[ info ] [ HEADER ] array (
  'cookie' => '__gads=ID=00d075fa159d8ac8:T=1597915774:S=ALNI_MZogTGW2LAF0H_NTkBymWmUYtnOxQ; __root_domain_v=.feibu.info; _qddaz=QD.932230466496504; Hm_lvt_8231d52c4580fdb4fc6a6098e03a174f=1646725837; Hm_lpvt_8231d52c4580fdb4fc6a6098e03a174f=1646726312; PHPSESSID=cmubvvptf0coclkkcre98a0a9b; thinkphp_show_page_trace=0|0',
  'accept-language' => 'en,zh-CN;q=0.9,zh;q=0.8',
  'accept-encoding' => 'gzip, deflate',
  'referer' => 'http://puzhenshop.feibu.info/index.php?s=/store/setting.cache/clear',
  'accept' => 'text/html,application/xhtml+xml,application/xml;q=0.9,image/avif,image/webp,image/apng,*/*;q=0.8,application/signed-exchange;v=b3;q=0.9',
  'user-agent' => 'Mozilla/5.0 (Macintosh; Intel Mac OS X 10_14_6) AppleWebKit/537.36 (KHTML, like Gecko) Chrome/99.0.4844.51 Safari/537.36',
  'dnt' => '1',
  'upgrade-insecure-requests' => '1',
  'connection' => 'close',
  'host' => 'puzhenshop.feibu.info',
)
[ info ] [ PARAM ] array (
)
[ info ] [ BEHAVIOR ] Run app\common\behavior\App @app_begin [ RunTime:0.000245s ]
[ info ] [ SESSION ] INIT array (
  'id' => '',
  'var_session_id' => '',
  'prefix' => '',
  'type' => '',
  'auto_start' => true,
)
[ info ] [ DB ] INIT mysql
[ info ] [ CACHE ] INIT File
[ info ] [ RUN ] app\store\controller\Shop->index[ E:\UPUPW_ANK_W64\WebRoot\Vhosts\puzhen\2.0.0\source\application\store\controller\Shop.php ]
[ info ] [ VIEW ] E:\UPUPW_ANK_W64\WebRoot\Vhosts\puzhen\2.0.0\web/../source/application/store\view\shop\index.php [ array (
  0 => 'base_url',
  1 => 'store_url',
  2 => 'group',
  3 => 'menus',
  4 => 'store',
  5 => 'setting',
  6 => 'request',
  7 => 'version',
  8 => 'list',
) ]
[ info ] [ LOG ] INIT File
