---------------------------------------------------------------
[ 2022-05-05T16:33:09+08:00 ] 116.22.149.220 GET puzhenshop.feibu.info/index.php?s=/admin/passport/login
[运行时间：0.111562s] [吞吐率：8.96req/s] [内存消耗：1,785.64kb] [文件加载：61]
[ info ] [ LANG ] E:\UPUPW_ANK_W64\WebRoot\Vhosts\puzhen\2.0.0\source\thinkphp\lang\zh-cn.php
[ info ] [ ROUTE ] array (
  'type' => 'module',
  'module' => 
  array (
    0 => 'admin',
    1 => 'passport',
    2 => 'login',
  ),
)
[ info ] [ HEADER ] array (
  'cookie' => '__gads=ID=00d075fa159d8ac8:T=1597915774:S=ALNI_MZogTGW2LAF0H_NTkBymWmUYtnOxQ; __root_domain_v=.feibu.info; _qddaz=QD.932230466496504; Hm_lvt_8231d52c4580fdb4fc6a6098e03a174f=1646725837; Hm_lpvt_8231d52c4580fdb4fc6a6098e03a174f=1646726312; PHPSESSID=cmubvvptf0coclkkcre98a0a9b; thinkphp_show_page_trace=0|0',
  'accept-language' => 'en,zh-CN;q=0.9,zh;q=0.8',
  'accept-encoding' => 'gzip, deflate',
  'accept' => 'text/html,application/xhtml+xml,application/xml;q=0.9,image/avif,image/webp,image/apng,*/*;q=0.8,application/signed-exchange;v=b3;q=0.9',
  'user-agent' => 'Mozilla/5.0 (Macintosh; Intel Mac OS X 10_14_6) AppleWebKit/537.36 (KHTML, like Gecko) Chrome/100.0.4896.127 Safari/537.36',
  'upgrade-insecure-requests' => '1',
  'dnt' => '1',
  'cache-control' => 'max-age=0',
  'connection' => 'close',
  'host' => 'puzhenshop.feibu.info',
)
[ info ] [ PARAM ] array (
)
[ info ] [ BEHAVIOR ] Run app\common\behavior\App @app_begin [ RunTime:0.000429s ]
[ info ] [ SESSION ] INIT array (
  'id' => '',
  'var_session_id' => '',
  'prefix' => '',
  'type' => '',
  'auto_start' => true,
)
[ info ] [ RUN ] app\admin\controller\Passport->login[ E:\UPUPW_ANK_W64\WebRoot\Vhosts\puzhen\2.0.0\source\application\admin\controller\Passport.php ]
[ info ] [ VIEW ] E:\UPUPW_ANK_W64\WebRoot\Vhosts\puzhen\2.0.0\web/../source/application/admin\view\passport\login.php [ array (
) ]
[ info ] [ LOG ] INIT File
---------------------------------------------------------------
[ 2022-05-05T17:11:35+08:00 ] 116.22.149.220 POST puzhenshop.feibu.info/index.php?s=/api/upload/image
[运行时间：0.278131s] [吞吐率：3.60req/s] [内存消耗：3,434.54kb] [文件加载：98]
[ info ] [ LANG ] E:\UPUPW_ANK_W64\WebRoot\Vhosts\puzhen\2.0.0\source\thinkphp\lang\zh-cn.php
[ info ] [ ROUTE ] array (
  'type' => 'module',
  'module' => 
  array (
    0 => 'api',
    1 => 'upload',
    2 => 'image',
  ),
)
[ info ] [ HEADER ] array (
  'connection' => 'close',
  'content-length' => '3722',
  'content-type' => 'multipart/form-data; boundary=--------------------------187342000001764622583335',
  'host' => 'puzhenshop.feibu.info',
  'user-agent' => 'Mozilla/5.0 (iPhone; CPU iPhone OS 11_0 like Mac OS X) AppleWebKit/604.1.38 (KHTML, like Gecko) Version/11.0 Mobile/15A372 Safari/604.1 wechatdevtools/1.05.2109131 MicroMessenger/8.0.5 Language/zh_CN webview/',
  'referer' => 'https://servicewechat.com/wx6433138919cd9715/devtools/page-frame.html',
)
[ info ] [ PARAM ] array (
  'wxapp_id' => '10001',
  'token' => 'b207995fb461f449bdafe362cf70fa9a',
)
[ info ] [ BEHAVIOR ] Run app\common\behavior\App @app_begin [ RunTime:0.000437s ]
[ info ] [ DB ] INIT mysql
[ info ] [ CACHE ] INIT File
[ info ] [ BEHAVIOR ] Run app\task\behavior\user\Grade @user_grade [ RunTime:0.026030s ]
[ info ] [ BEHAVIOR ] Run app\task\behavior\user\Grade @user_grade [ RunTime:0.026058s ]
[ info ] [ RUN ] app\api\controller\Upload->image[ E:\UPUPW_ANK_W64\WebRoot\Vhosts\puzhen\2.0.0\source\application\api\controller\Upload.php ]
[ info ] [ LOG ] INIT File
---------------------------------------------------------------
[ 2022-05-05T17:11:36+08:00 ] 116.22.149.220 POST puzhenshop.feibu.info/index.php?s=/api/upload/image
[运行时间：0.166356s] [吞吐率：6.01req/s] [内存消耗：3,412.73kb] [文件加载：97]
[ info ] [ LANG ] E:\UPUPW_ANK_W64\WebRoot\Vhosts\puzhen\2.0.0\source\thinkphp\lang\zh-cn.php
[ info ] [ ROUTE ] array (
  'type' => 'module',
  'module' => 
  array (
    0 => 'api',
    1 => 'upload',
    2 => 'image',
  ),
)
[ info ] [ HEADER ] array (
  'connection' => 'close',
  'content-length' => '8942',
  'content-type' => 'multipart/form-data; boundary=--------------------------274220616017452794846939',
  'host' => 'puzhenshop.feibu.info',
  'user-agent' => 'Mozilla/5.0 (iPhone; CPU iPhone OS 11_0 like Mac OS X) AppleWebKit/604.1.38 (KHTML, like Gecko) Version/11.0 Mobile/15A372 Safari/604.1 wechatdevtools/1.05.2109131 MicroMessenger/8.0.5 Language/zh_CN webview/',
  'referer' => 'https://servicewechat.com/wx6433138919cd9715/devtools/page-frame.html',
)
[ info ] [ PARAM ] array (
  'wxapp_id' => '10001',
  'token' => 'b207995fb461f449bdafe362cf70fa9a',
)
[ info ] [ BEHAVIOR ] Run app\common\behavior\App @app_begin [ RunTime:0.000336s ]
[ info ] [ DB ] INIT mysql
[ info ] [ CACHE ] INIT File
[ info ] [ BEHAVIOR ] Run app\task\behavior\user\Grade @user_grade [ RunTime:0.000283s ]
[ info ] [ BEHAVIOR ] Run app\task\behavior\user\Grade @user_grade [ RunTime:0.000296s ]
[ info ] [ RUN ] app\api\controller\Upload->image[ E:\UPUPW_ANK_W64\WebRoot\Vhosts\puzhen\2.0.0\source\application\api\controller\Upload.php ]
[ info ] [ LOG ] INIT File
---------------------------------------------------------------
[ 2022-05-05T17:11:36+08:00 ] 116.22.149.220 POST puzhenshop.feibu.info/index.php?s=/api/upload/image
[运行时间：0.254058s] [吞吐率：3.94req/s] [内存消耗：3,412.02kb] [文件加载：97]
[ info ] [ LANG ] E:\UPUPW_ANK_W64\WebRoot\Vhosts\puzhen\2.0.0\source\thinkphp\lang\zh-cn.php
[ info ] [ ROUTE ] array (
  'type' => 'module',
  'module' => 
  array (
    0 => 'api',
    1 => 'upload',
    2 => 'image',
  ),
)
[ info ] [ HEADER ] array (
  'connection' => 'close',
  'content-length' => '2840',
  'content-type' => 'multipart/form-data; boundary=--------------------------389681942666783332233804',
  'host' => 'puzhenshop.feibu.info',
  'user-agent' => 'Mozilla/5.0 (iPhone; CPU iPhone OS 11_0 like Mac OS X) AppleWebKit/604.1.38 (KHTML, like Gecko) Version/11.0 Mobile/15A372 Safari/604.1 wechatdevtools/1.05.2109131 MicroMessenger/8.0.5 Language/zh_CN webview/',
  'referer' => 'https://servicewechat.com/wx6433138919cd9715/devtools/page-frame.html',
)
[ info ] [ PARAM ] array (
  'wxapp_id' => '10001',
  'token' => 'b207995fb461f449bdafe362cf70fa9a',
)
[ info ] [ BEHAVIOR ] Run app\common\behavior\App @app_begin [ RunTime:0.000207s ]
[ info ] [ DB ] INIT mysql
[ info ] [ CACHE ] INIT File
[ info ] [ BEHAVIOR ] Run app\task\behavior\user\Grade @user_grade [ RunTime:0.000165s ]
[ info ] [ BEHAVIOR ] Run app\task\behavior\user\Grade @user_grade [ RunTime:0.000176s ]
[ info ] [ RUN ] app\api\controller\Upload->image[ E:\UPUPW_ANK_W64\WebRoot\Vhosts\puzhen\2.0.0\source\application\api\controller\Upload.php ]
[ info ] [ LOG ] INIT File
---------------------------------------------------------------
[ 2022-05-05T17:11:36+08:00 ] 116.22.149.220 POST puzhenshop.feibu.info/index.php?s=/api/upload/image
[运行时间：0.224633s] [吞吐率：4.45req/s] [内存消耗：3,412.73kb] [文件加载：97]
[ info ] [ LANG ] E:\UPUPW_ANK_W64\WebRoot\Vhosts\puzhen\2.0.0\source\thinkphp\lang\zh-cn.php
[ info ] [ ROUTE ] array (
  'type' => 'module',
  'module' => 
  array (
    0 => 'api',
    1 => 'upload',
    2 => 'image',
  ),
)
[ info ] [ HEADER ] array (
  'connection' => 'close',
  'content-length' => '2662',
  'content-type' => 'multipart/form-data; boundary=--------------------------410984401581066694689667',
  'host' => 'puzhenshop.feibu.info',
  'user-agent' => 'Mozilla/5.0 (iPhone; CPU iPhone OS 11_0 like Mac OS X) AppleWebKit/604.1.38 (KHTML, like Gecko) Version/11.0 Mobile/15A372 Safari/604.1 wechatdevtools/1.05.2109131 MicroMessenger/8.0.5 Language/zh_CN webview/',
  'referer' => 'https://servicewechat.com/wx6433138919cd9715/devtools/page-frame.html',
)
[ info ] [ PARAM ] array (
  'wxapp_id' => '10001',
  'token' => 'b207995fb461f449bdafe362cf70fa9a',
)
[ info ] [ BEHAVIOR ] Run app\common\behavior\App @app_begin [ RunTime:0.000356s ]
[ info ] [ DB ] INIT mysql
[ info ] [ CACHE ] INIT File
[ info ] [ BEHAVIOR ] Run app\task\behavior\user\Grade @user_grade [ RunTime:0.000235s ]
[ info ] [ BEHAVIOR ] Run app\task\behavior\user\Grade @user_grade [ RunTime:0.000247s ]
[ info ] [ RUN ] app\api\controller\Upload->image[ E:\UPUPW_ANK_W64\WebRoot\Vhosts\puzhen\2.0.0\source\application\api\controller\Upload.php ]
[ info ] [ LOG ] INIT File
---------------------------------------------------------------
[ 2022-05-05T17:11:36+08:00 ] 116.22.149.220 POST puzhenshop.feibu.info/index.php?s=/api/upload/image
[运行时间：0.165287s] [吞吐率：6.05req/s] [内存消耗：3,412.73kb] [文件加载：97]
[ info ] [ LANG ] E:\UPUPW_ANK_W64\WebRoot\Vhosts\puzhen\2.0.0\source\thinkphp\lang\zh-cn.php
[ info ] [ ROUTE ] array (
  'type' => 'module',
  'module' => 
  array (
    0 => 'api',
    1 => 'upload',
    2 => 'image',
  ),
)
[ info ] [ HEADER ] array (
  'connection' => 'close',
  'content-length' => '19822',
  'content-type' => 'multipart/form-data; boundary=--------------------------837841523779722042480077',
  'host' => 'puzhenshop.feibu.info',
  'user-agent' => 'Mozilla/5.0 (iPhone; CPU iPhone OS 11_0 like Mac OS X) AppleWebKit/604.1.38 (KHTML, like Gecko) Version/11.0 Mobile/15A372 Safari/604.1 wechatdevtools/1.05.2109131 MicroMessenger/8.0.5 Language/zh_CN webview/',
  'referer' => 'https://servicewechat.com/wx6433138919cd9715/devtools/page-frame.html',
)
[ info ] [ PARAM ] array (
  'wxapp_id' => '10001',
  'token' => 'b207995fb461f449bdafe362cf70fa9a',
)
[ info ] [ BEHAVIOR ] Run app\common\behavior\App @app_begin [ RunTime:0.000392s ]
[ info ] [ DB ] INIT mysql
[ info ] [ CACHE ] INIT File
[ info ] [ BEHAVIOR ] Run app\task\behavior\user\Grade @user_grade [ RunTime:0.000254s ]
[ info ] [ BEHAVIOR ] Run app\task\behavior\user\Grade @user_grade [ RunTime:0.000266s ]
[ info ] [ RUN ] app\api\controller\Upload->image[ E:\UPUPW_ANK_W64\WebRoot\Vhosts\puzhen\2.0.0\source\application\api\controller\Upload.php ]
[ info ] [ LOG ] INIT File
---------------------------------------------------------------
[ 2022-05-05T17:11:36+08:00 ] 116.22.149.220 POST puzhenshop.feibu.info/index.php?s=/api/distributor_apply/add
[运行时间：0.213287s] [吞吐率：4.69req/s] [内存消耗：3,227.40kb] [文件加载：89]
[ info ] [ LANG ] E:\UPUPW_ANK_W64\WebRoot\Vhosts\puzhen\2.0.0\source\thinkphp\lang\zh-cn.php
[ info ] [ ROUTE ] array (
  'type' => 'module',
  'module' => 
  array (
    0 => 'api',
    1 => 'distributor_apply',
    2 => 'add',
  ),
)
[ info ] [ HEADER ] array (
  'accept-encoding' => 'gzip, deflate',
  'referer' => 'https://servicewechat.com/wx6433138919cd9715/devtools/page-frame.html',
  'accept' => '*/*',
  'content-type' => 'application/x-www-form-urlencoded',
  'user-agent' => 'Mozilla/5.0 (iPhone; CPU iPhone OS 11_0 like Mac OS X) AppleWebKit/604.1.38 (KHTML, like Gecko) Version/11.0 Mobile/15A372 Safari/604.1 wechatdevtools/1.05.2109131 MicroMessenger/8.0.5 Language/zh_CN webview/',
  'content-length' => '199',
  'connection' => 'close',
  'host' => 'puzhenshop.feibu.info',
)
[ info ] [ PARAM ] array (
  'linkman' => '112',
  'phone' => '15920541729',
  'address' => '112121',
  'summary' => 'undefined',
  'region' => 'undefined',
  'coordinate' => 'undefined',
  'images' => '10070,10071,10072,10073,10074',
  'wxapp_id' => '10001',
  'token' => 'b207995fb461f449bdafe362cf70fa9a',
)
[ info ] [ BEHAVIOR ] Run app\common\behavior\App @app_begin [ RunTime:0.000190s ]
[ info ] [ DB ] INIT mysql
[ info ] [ CACHE ] INIT File
[ info ] [ BEHAVIOR ] Run app\task\behavior\user\Grade @user_grade [ RunTime:0.000170s ]
[ info ] [ BEHAVIOR ] Run app\task\behavior\user\Grade @user_grade [ RunTime:0.000180s ]
[ info ] [ RUN ] app\api\controller\DistributorApply->add[ E:\UPUPW_ANK_W64\WebRoot\Vhosts\puzhen\2.0.0\source\application\api\controller\DistributorApply.php ]
[ info ] [ LOG ] INIT File
---------------------------------------------------------------
[ 2022-05-05T21:00:40+08:00 ] 113.98.116.106 POST puzhenshop.feibu.info/index.php?s=/api/upload/image
[运行时间：0.262125s] [吞吐率：3.81req/s] [内存消耗：3,434.54kb] [文件加载：98]
[ info ] [ LANG ] E:\UPUPW_ANK_W64\WebRoot\Vhosts\puzhen\2.0.0\source\thinkphp\lang\zh-cn.php
[ info ] [ ROUTE ] array (
  'type' => 'module',
  'module' => 
  array (
    0 => 'api',
    1 => 'upload',
    2 => 'image',
  ),
)
[ info ] [ HEADER ] array (
  'connection' => 'close',
  'content-length' => '3722',
  'content-type' => 'multipart/form-data; boundary=--------------------------300889574383607646288907',
  'host' => 'puzhenshop.feibu.info',
  'user-agent' => 'Mozilla/5.0 (iPhone; CPU iPhone OS 11_0 like Mac OS X) AppleWebKit/604.1.38 (KHTML, like Gecko) Version/11.0 Mobile/15A372 Safari/604.1 wechatdevtools/1.05.2109131 MicroMessenger/8.0.5 Language/zh_CN webview/',
  'referer' => 'https://servicewechat.com/wx6433138919cd9715/devtools/page-frame.html',
)
[ info ] [ PARAM ] array (
  'wxapp_id' => '10001',
  'token' => 'b207995fb461f449bdafe362cf70fa9a',
)
[ info ] [ BEHAVIOR ] Run app\common\behavior\App @app_begin [ RunTime:0.000447s ]
[ info ] [ DB ] INIT mysql
[ info ] [ CACHE ] INIT File
[ info ] [ BEHAVIOR ] Run app\task\behavior\user\Grade @user_grade [ RunTime:0.024177s ]
[ info ] [ BEHAVIOR ] Run app\task\behavior\user\Grade @user_grade [ RunTime:0.024202s ]
[ info ] [ RUN ] app\api\controller\Upload->image[ E:\UPUPW_ANK_W64\WebRoot\Vhosts\puzhen\2.0.0\source\application\api\controller\Upload.php ]
[ info ] [ LOG ] INIT File
---------------------------------------------------------------
[ 2022-05-05T21:00:41+08:00 ] 113.98.116.106 POST puzhenshop.feibu.info/index.php?s=/api/upload/image
[运行时间：0.251486s] [吞吐率：3.98req/s] [内存消耗：3,412.02kb] [文件加载：97]
[ info ] [ LANG ] E:\UPUPW_ANK_W64\WebRoot\Vhosts\puzhen\2.0.0\source\thinkphp\lang\zh-cn.php
[ info ] [ ROUTE ] array (
  'type' => 'module',
  'module' => 
  array (
    0 => 'api',
    1 => 'upload',
    2 => 'image',
  ),
)
[ info ] [ HEADER ] array (
  'connection' => 'close',
  'content-length' => '2840',
  'content-type' => 'multipart/form-data; boundary=--------------------------495257227691757588165898',
  'host' => 'puzhenshop.feibu.info',
  'user-agent' => 'Mozilla/5.0 (iPhone; CPU iPhone OS 11_0 like Mac OS X) AppleWebKit/604.1.38 (KHTML, like Gecko) Version/11.0 Mobile/15A372 Safari/604.1 wechatdevtools/1.05.2109131 MicroMessenger/8.0.5 Language/zh_CN webview/',
  'referer' => 'https://servicewechat.com/wx6433138919cd9715/devtools/page-frame.html',
)
[ info ] [ PARAM ] array (
  'wxapp_id' => '10001',
  'token' => 'b207995fb461f449bdafe362cf70fa9a',
)
[ info ] [ BEHAVIOR ] Run app\common\behavior\App @app_begin [ RunTime:0.000204s ]
[ info ] [ DB ] INIT mysql
[ info ] [ CACHE ] INIT File
[ info ] [ BEHAVIOR ] Run app\task\behavior\user\Grade @user_grade [ RunTime:0.000183s ]
[ info ] [ BEHAVIOR ] Run app\task\behavior\user\Grade @user_grade [ RunTime:0.000195s ]
[ info ] [ RUN ] app\api\controller\Upload->image[ E:\UPUPW_ANK_W64\WebRoot\Vhosts\puzhen\2.0.0\source\application\api\controller\Upload.php ]
[ info ] [ LOG ] INIT File
---------------------------------------------------------------
[ 2022-05-05T21:00:41+08:00 ] 113.98.116.106 POST puzhenshop.feibu.info/index.php?s=/api/upload/image
[运行时间：0.216046s] [吞吐率：4.63req/s] [内存消耗：3,412.73kb] [文件加载：97]
[ info ] [ LANG ] E:\UPUPW_ANK_W64\WebRoot\Vhosts\puzhen\2.0.0\source\thinkphp\lang\zh-cn.php
[ info ] [ ROUTE ] array (
  'type' => 'module',
  'module' => 
  array (
    0 => 'api',
    1 => 'upload',
    2 => 'image',
  ),
)
[ info ] [ HEADER ] array (
  'connection' => 'close',
  'content-length' => '2662',
  'content-type' => 'multipart/form-data; boundary=--------------------------580655226593617033780654',
  'host' => 'puzhenshop.feibu.info',
  'user-agent' => 'Mozilla/5.0 (iPhone; CPU iPhone OS 11_0 like Mac OS X) AppleWebKit/604.1.38 (KHTML, like Gecko) Version/11.0 Mobile/15A372 Safari/604.1 wechatdevtools/1.05.2109131 MicroMessenger/8.0.5 Language/zh_CN webview/',
  'referer' => 'https://servicewechat.com/wx6433138919cd9715/devtools/page-frame.html',
)
[ info ] [ PARAM ] array (
  'wxapp_id' => '10001',
  'token' => 'b207995fb461f449bdafe362cf70fa9a',
)
[ info ] [ BEHAVIOR ] Run app\common\behavior\App @app_begin [ RunTime:0.000506s ]
[ info ] [ DB ] INIT mysql
[ info ] [ CACHE ] INIT File
[ info ] [ BEHAVIOR ] Run app\task\behavior\user\Grade @user_grade [ RunTime:0.000316s ]
[ info ] [ BEHAVIOR ] Run app\task\behavior\user\Grade @user_grade [ RunTime:0.000332s ]
[ info ] [ RUN ] app\api\controller\Upload->image[ E:\UPUPW_ANK_W64\WebRoot\Vhosts\puzhen\2.0.0\source\application\api\controller\Upload.php ]
[ info ] [ LOG ] INIT File
---------------------------------------------------------------
[ 2022-05-05T21:00:41+08:00 ] 116.22.197.243 POST puzhenshop.feibu.info/index.php?s=/api/upload/image
[运行时间：0.193073s] [吞吐率：5.18req/s] [内存消耗：3,412.73kb] [文件加载：97]
[ info ] [ LANG ] E:\UPUPW_ANK_W64\WebRoot\Vhosts\puzhen\2.0.0\source\thinkphp\lang\zh-cn.php
[ info ] [ ROUTE ] array (
  'type' => 'module',
  'module' => 
  array (
    0 => 'api',
    1 => 'upload',
    2 => 'image',
  ),
)
[ info ] [ HEADER ] array (
  'connection' => 'close',
  'content-length' => '19822',
  'content-type' => 'multipart/form-data; boundary=--------------------------844021657068780466845117',
  'host' => 'puzhenshop.feibu.info',
  'user-agent' => 'Mozilla/5.0 (iPhone; CPU iPhone OS 11_0 like Mac OS X) AppleWebKit/604.1.38 (KHTML, like Gecko) Version/11.0 Mobile/15A372 Safari/604.1 wechatdevtools/1.05.2109131 MicroMessenger/8.0.5 Language/zh_CN webview/',
  'referer' => 'https://servicewechat.com/wx6433138919cd9715/devtools/page-frame.html',
)
[ info ] [ PARAM ] array (
  'wxapp_id' => '10001',
  'token' => 'b207995fb461f449bdafe362cf70fa9a',
)
[ info ] [ BEHAVIOR ] Run app\common\behavior\App @app_begin [ RunTime:0.000374s ]
[ info ] [ DB ] INIT mysql
[ info ] [ CACHE ] INIT File
[ info ] [ BEHAVIOR ] Run app\task\behavior\user\Grade @user_grade [ RunTime:0.000257s ]
[ info ] [ BEHAVIOR ] Run app\task\behavior\user\Grade @user_grade [ RunTime:0.000271s ]
[ info ] [ RUN ] app\api\controller\Upload->image[ E:\UPUPW_ANK_W64\WebRoot\Vhosts\puzhen\2.0.0\source\application\api\controller\Upload.php ]
[ info ] [ LOG ] INIT File
---------------------------------------------------------------
[ 2022-05-05T21:00:41+08:00 ] 113.98.116.106 POST puzhenshop.feibu.info/index.php?s=/api/upload/image
[运行时间：0.175351s] [吞吐率：5.70req/s] [内存消耗：3,412.73kb] [文件加载：97]
[ info ] [ LANG ] E:\UPUPW_ANK_W64\WebRoot\Vhosts\puzhen\2.0.0\source\thinkphp\lang\zh-cn.php
[ info ] [ ROUTE ] array (
  'type' => 'module',
  'module' => 
  array (
    0 => 'api',
    1 => 'upload',
    2 => 'image',
  ),
)
[ info ] [ HEADER ] array (
  'connection' => 'close',
  'content-length' => '8942',
  'content-type' => 'multipart/form-data; boundary=--------------------------131510381719279027517709',
  'host' => 'puzhenshop.feibu.info',
  'user-agent' => 'Mozilla/5.0 (iPhone; CPU iPhone OS 11_0 like Mac OS X) AppleWebKit/604.1.38 (KHTML, like Gecko) Version/11.0 Mobile/15A372 Safari/604.1 wechatdevtools/1.05.2109131 MicroMessenger/8.0.5 Language/zh_CN webview/',
  'referer' => 'https://servicewechat.com/wx6433138919cd9715/devtools/page-frame.html',
)
[ info ] [ PARAM ] array (
  'wxapp_id' => '10001',
  'token' => 'b207995fb461f449bdafe362cf70fa9a',
)
[ info ] [ BEHAVIOR ] Run app\common\behavior\App @app_begin [ RunTime:0.000332s ]
[ info ] [ DB ] INIT mysql
[ info ] [ CACHE ] INIT File
[ info ] [ BEHAVIOR ] Run app\task\behavior\user\Grade @user_grade [ RunTime:0.000242s ]
[ info ] [ BEHAVIOR ] Run app\task\behavior\user\Grade @user_grade [ RunTime:0.000254s ]
[ info ] [ RUN ] app\api\controller\Upload->image[ E:\UPUPW_ANK_W64\WebRoot\Vhosts\puzhen\2.0.0\source\application\api\controller\Upload.php ]
[ info ] [ LOG ] INIT File
---------------------------------------------------------------
[ 2022-05-05T21:00:41+08:00 ] 116.22.197.243 POST puzhenshop.feibu.info/index.php?s=/api/distributor_apply/add
[运行时间：0.232641s] [吞吐率：4.30req/s] [内存消耗：3,227.40kb] [文件加载：89]
[ info ] [ LANG ] E:\UPUPW_ANK_W64\WebRoot\Vhosts\puzhen\2.0.0\source\thinkphp\lang\zh-cn.php
[ info ] [ ROUTE ] array (
  'type' => 'module',
  'module' => 
  array (
    0 => 'api',
    1 => 'distributor_apply',
    2 => 'add',
  ),
)
[ info ] [ HEADER ] array (
  'accept-encoding' => 'gzip, deflate',
  'referer' => 'https://servicewechat.com/wx6433138919cd9715/devtools/page-frame.html',
  'accept' => '*/*',
  'content-type' => 'application/x-www-form-urlencoded',
  'user-agent' => 'Mozilla/5.0 (iPhone; CPU iPhone OS 11_0 like Mac OS X) AppleWebKit/604.1.38 (KHTML, like Gecko) Version/11.0 Mobile/15A372 Safari/604.1 wechatdevtools/1.05.2109131 MicroMessenger/8.0.5 Language/zh_CN webview/',
  'content-length' => '199',
  'connection' => 'close',
  'host' => 'puzhenshop.feibu.info',
)
[ info ] [ PARAM ] array (
  'linkman' => '112',
  'phone' => '15920541729',
  'address' => '112121',
  'summary' => 'undefined',
  'region' => 'undefined',
  'coordinate' => 'undefined',
  'images' => '10075,10076,10077,10078,10079',
  'wxapp_id' => '10001',
  'token' => 'b207995fb461f449bdafe362cf70fa9a',
)
[ info ] [ BEHAVIOR ] Run app\common\behavior\App @app_begin [ RunTime:0.000183s ]
[ info ] [ DB ] INIT mysql
[ info ] [ CACHE ] INIT File
[ info ] [ BEHAVIOR ] Run app\task\behavior\user\Grade @user_grade [ RunTime:0.000199s ]
[ info ] [ BEHAVIOR ] Run app\task\behavior\user\Grade @user_grade [ RunTime:0.000210s ]
[ info ] [ RUN ] app\api\controller\DistributorApply->add[ E:\UPUPW_ANK_W64\WebRoot\Vhosts\puzhen\2.0.0\source\application\api\controller\DistributorApply.php ]
[ info ] [ LOG ] INIT File
---------------------------------------------------------------
[ 2022-05-05T21:01:21+08:00 ] 113.98.116.106 GET puzhenshop.feibu.info/index.php?s=/api/page/index&page_id=0&wxapp_id=10001&token=b207995fb461f449bdafe362cf70fa9a
[运行时间：0.294019s] [吞吐率：3.40req/s] [内存消耗：3,738.33kb] [文件加载：102]
[ info ] [ LANG ] E:\UPUPW_ANK_W64\WebRoot\Vhosts\puzhen\2.0.0\source\thinkphp\lang\zh-cn.php
[ info ] [ ROUTE ] array (
  'type' => 'module',
  'module' => 
  array (
    0 => 'api',
    1 => 'page',
    2 => 'index',
  ),
)
[ info ] [ HEADER ] array (
  'accept-encoding' => 'gzip, deflate',
  'referer' => 'https://servicewechat.com/wx6433138919cd9715/devtools/page-frame.html',
  'accept' => '*/*',
  'content-type' => 'application/json',
  'user-agent' => 'Mozilla/5.0 (iPhone; CPU iPhone OS 11_0 like Mac OS X) AppleWebKit/604.1.38 (KHTML, like Gecko) Version/11.0 Mobile/15A372 Safari/604.1 wechatdevtools/1.05.2109131 MicroMessenger/8.0.5 Language/zh_CN webview/',
  'connection' => 'close',
  'host' => 'puzhenshop.feibu.info',
)
[ info ] [ PARAM ] array (
  'page_id' => '0',
  'wxapp_id' => '10001',
  'token' => 'b207995fb461f449bdafe362cf70fa9a',
)
[ info ] [ BEHAVIOR ] Run app\common\behavior\App @app_begin [ RunTime:0.000371s ]
[ info ] [ DB ] INIT mysql
[ info ] [ RUN ] app\api\controller\Page->index[ E:\UPUPW_ANK_W64\WebRoot\Vhosts\puzhen\2.0.0\source\application\api\controller\Page.php ]
[ info ] [ CACHE ] INIT File
[ info ] [ BEHAVIOR ] Run app\task\behavior\user\Grade @user_grade [ RunTime:0.000272s ]
[ info ] [ BEHAVIOR ] Run app\task\behavior\user\Grade @user_grade [ RunTime:0.000334s ]
[ info ] [ LOG ] INIT File
---------------------------------------------------------------
[ 2022-05-05T21:01:42+08:00 ] 113.98.116.106 POST puzhenshop.feibu.info/index.php?s=/api/upload/image
[运行时间：0.184415s] [吞吐率：5.42req/s] [内存消耗：3,412.73kb] [文件加载：97]
[ info ] [ LANG ] E:\UPUPW_ANK_W64\WebRoot\Vhosts\puzhen\2.0.0\source\thinkphp\lang\zh-cn.php
[ info ] [ ROUTE ] array (
  'type' => 'module',
  'module' => 
  array (
    0 => 'api',
    1 => 'upload',
    2 => 'image',
  ),
)
[ info ] [ HEADER ] array (
  'connection' => 'close',
  'content-length' => '3722',
  'content-type' => 'multipart/form-data; boundary=--------------------------865604950375614471051154',
  'host' => 'puzhenshop.feibu.info',
  'user-agent' => 'Mozilla/5.0 (iPhone; CPU iPhone OS 11_0 like Mac OS X) AppleWebKit/604.1.38 (KHTML, like Gecko) Version/11.0 Mobile/15A372 Safari/604.1 wechatdevtools/1.05.2109131 MicroMessenger/8.0.5 Language/zh_CN webview/',
  'referer' => 'https://servicewechat.com/wx6433138919cd9715/devtools/page-frame.html',
)
[ info ] [ PARAM ] array (
  'wxapp_id' => '10001',
  'token' => 'b207995fb461f449bdafe362cf70fa9a',
)
[ info ] [ BEHAVIOR ] Run app\common\behavior\App @app_begin [ RunTime:0.000355s ]
[ info ] [ DB ] INIT mysql
[ info ] [ CACHE ] INIT File
[ info ] [ BEHAVIOR ] Run app\task\behavior\user\Grade @user_grade [ RunTime:0.000280s ]
[ info ] [ BEHAVIOR ] Run app\task\behavior\user\Grade @user_grade [ RunTime:0.000294s ]
[ info ] [ RUN ] app\api\controller\Upload->image[ E:\UPUPW_ANK_W64\WebRoot\Vhosts\puzhen\2.0.0\source\application\api\controller\Upload.php ]
[ info ] [ LOG ] INIT File
---------------------------------------------------------------
[ 2022-05-05T21:01:42+08:00 ] 113.98.116.106 POST puzhenshop.feibu.info/index.php?s=/api/distributor_apply/add
[运行时间：0.195877s] [吞吐率：5.11req/s] [内存消耗：3,225.96kb] [文件加载：89]
[ info ] [ LANG ] E:\UPUPW_ANK_W64\WebRoot\Vhosts\puzhen\2.0.0\source\thinkphp\lang\zh-cn.php
[ info ] [ ROUTE ] array (
  'type' => 'module',
  'module' => 
  array (
    0 => 'api',
    1 => 'distributor_apply',
    2 => 'add',
  ),
)
[ info ] [ HEADER ] array (
  'accept-encoding' => 'gzip, deflate',
  'referer' => 'https://servicewechat.com/wx6433138919cd9715/devtools/page-frame.html',
  'accept' => '*/*',
  'content-type' => 'application/x-www-form-urlencoded',
  'user-agent' => 'Mozilla/5.0 (iPhone; CPU iPhone OS 11_0 like Mac OS X) AppleWebKit/604.1.38 (KHTML, like Gecko) Version/11.0 Mobile/15A372 Safari/604.1 wechatdevtools/1.05.2109131 MicroMessenger/8.0.5 Language/zh_CN webview/',
  'content-length' => '248',
  'connection' => 'close',
  'host' => 'puzhenshop.feibu.info',
)
[ info ] [ PARAM ] array (
  'linkman' => '杨金',
  'phone' => '15920541729',
  'address' => '胡三岁哈晒啥啥啦',
  'summary' => 'undefined',
  'region' => 'undefined',
  'coordinate' => 'undefined',
  'images' => '10080',
  'wxapp_id' => '10001',
  'token' => 'b207995fb461f449bdafe362cf70fa9a',
)
[ info ] [ BEHAVIOR ] Run app\common\behavior\App @app_begin [ RunTime:0.000222s ]
[ info ] [ DB ] INIT mysql
[ info ] [ CACHE ] INIT File
[ info ] [ BEHAVIOR ] Run app\task\behavior\user\Grade @user_grade [ RunTime:0.000170s ]
[ info ] [ BEHAVIOR ] Run app\task\behavior\user\Grade @user_grade [ RunTime:0.000181s ]
[ info ] [ RUN ] app\api\controller\DistributorApply->add[ E:\UPUPW_ANK_W64\WebRoot\Vhosts\puzhen\2.0.0\source\application\api\controller\DistributorApply.php ]
[ info ] [ LOG ] INIT File
---------------------------------------------------------------
[ 2022-05-05T21:01:53+08:00 ] 116.22.197.243 GET puzhenshop.feibu.info/index.php?s=/api/user.index/detail&wxapp_id=10001&token=b207995fb461f449bdafe362cf70fa9a
[运行时间：0.274141s] [吞吐率：3.65req/s] [内存消耗：3,706.31kb] [文件加载：111]
[ info ] [ LANG ] E:\UPUPW_ANK_W64\WebRoot\Vhosts\puzhen\2.0.0\source\thinkphp\lang\zh-cn.php
[ info ] [ ROUTE ] array (
  'type' => 'module',
  'module' => 
  array (
    0 => 'api',
    1 => 'user.index',
    2 => 'detail',
  ),
)
[ info ] [ HEADER ] array (
  'accept-encoding' => 'gzip, deflate',
  'referer' => 'https://servicewechat.com/wx6433138919cd9715/devtools/page-frame.html',
  'accept' => '*/*',
  'content-type' => 'application/json',
  'user-agent' => 'Mozilla/5.0 (iPhone; CPU iPhone OS 11_0 like Mac OS X) AppleWebKit/604.1.38 (KHTML, like Gecko) Version/11.0 Mobile/15A372 Safari/604.1 wechatdevtools/1.05.2109131 MicroMessenger/8.0.5 Language/zh_CN webview/',
  'connection' => 'close',
  'host' => 'puzhenshop.feibu.info',
)
[ info ] [ PARAM ] array (
  'wxapp_id' => '10001',
  'token' => 'b207995fb461f449bdafe362cf70fa9a',
)
[ info ] [ BEHAVIOR ] Run app\common\behavior\App @app_begin [ RunTime:0.000208s ]
[ info ] [ DB ] INIT mysql
[ info ] [ RUN ] app\api\controller\user\Index->detail[ E:\UPUPW_ANK_W64\WebRoot\Vhosts\puzhen\2.0.0\source\application\api\controller\user\Index.php ]
[ info ] [ CACHE ] INIT File
[ info ] [ BEHAVIOR ] Run app\task\behavior\user\Grade @user_grade [ RunTime:0.000157s ]
[ info ] [ BEHAVIOR ] Run app\task\behavior\user\Grade @user_grade [ RunTime:0.000170s ]
[ info ] [ BEHAVIOR ] Run app\task\behavior\Order @order [ RunTime:0.000030s ]
[ info ] [ BEHAVIOR ] Run app\task\behavior\Order @order [ RunTime:0.004346s ]
[ info ] [ BEHAVIOR ] Run app\task\behavior\sharp\Order @order [ RunTime:0.036453s ]
[ info ] [ BEHAVIOR ] Run app\task\behavior\Order @order [ RunTime:0.036463s ]
[ info ] [ LOG ] INIT File
---------------------------------------------------------------
[ 2022-05-05T21:02:01+08:00 ] 113.98.116.106 GET puzhenshop.feibu.info/index.php?s=/api/user.equipment/lists&page=1&wxapp_id=10001&token=b207995fb461f449bdafe362cf70fa9a
[运行时间：0.295537s] [吞吐率：3.38req/s] [内存消耗：3,460.95kb] [文件加载：95]
[ info ] [ LANG ] E:\UPUPW_ANK_W64\WebRoot\Vhosts\puzhen\2.0.0\source\thinkphp\lang\zh-cn.php
[ info ] [ ROUTE ] array (
  'type' => 'module',
  'module' => 
  array (
    0 => 'api',
    1 => 'user.equipment',
    2 => 'lists',
  ),
)
[ info ] [ HEADER ] array (
  'accept-encoding' => 'gzip, deflate',
  'referer' => 'https://servicewechat.com/wx6433138919cd9715/devtools/page-frame.html',
  'accept' => '*/*',
  'content-type' => 'application/json',
  'user-agent' => 'Mozilla/5.0 (iPhone; CPU iPhone OS 11_0 like Mac OS X) AppleWebKit/604.1.38 (KHTML, like Gecko) Version/11.0 Mobile/15A372 Safari/604.1 wechatdevtools/1.05.2109131 MicroMessenger/8.0.5 Language/zh_CN webview/',
  'connection' => 'close',
  'host' => 'puzhenshop.feibu.info',
)
[ info ] [ PARAM ] array (
  'page' => '1',
  'wxapp_id' => '10001',
  'token' => 'b207995fb461f449bdafe362cf70fa9a',
)
[ info ] [ BEHAVIOR ] Run app\common\behavior\App @app_begin [ RunTime:0.000205s ]
[ info ] [ DB ] INIT mysql
[ info ] [ CACHE ] INIT File
[ info ] [ BEHAVIOR ] Run app\task\behavior\user\Grade @user_grade [ RunTime:0.000203s ]
[ info ] [ BEHAVIOR ] Run app\task\behavior\user\Grade @user_grade [ RunTime:0.000220s ]
[ info ] [ RUN ] app\api\controller\user\Equipment->lists[ E:\UPUPW_ANK_W64\WebRoot\Vhosts\puzhen\2.0.0\source\application\api\controller\user\Equipment.php ]
[ info ] [ LOG ] INIT File
---------------------------------------------------------------
[ 2022-05-05T21:06:27+08:00 ] 113.98.116.106 GET puzhenshop.feibu.info/index.php?s=/api/page/index&page_id=0&wxapp_id=10001&token=b207995fb461f449bdafe362cf70fa9a
[运行时间：0.286037s] [吞吐率：3.50req/s] [内存消耗：3,738.33kb] [文件加载：102]
[ info ] [ LANG ] E:\UPUPW_ANK_W64\WebRoot\Vhosts\puzhen\2.0.0\source\thinkphp\lang\zh-cn.php
[ info ] [ ROUTE ] array (
  'type' => 'module',
  'module' => 
  array (
    0 => 'api',
    1 => 'page',
    2 => 'index',
  ),
)
[ info ] [ HEADER ] array (
  'accept-encoding' => 'gzip, deflate',
  'referer' => 'https://servicewechat.com/wx6433138919cd9715/devtools/page-frame.html',
  'accept' => '*/*',
  'content-type' => 'application/json',
  'user-agent' => 'Mozilla/5.0 (iPhone; CPU iPhone OS 11_0 like Mac OS X) AppleWebKit/604.1.38 (KHTML, like Gecko) Version/11.0 Mobile/15A372 Safari/604.1 wechatdevtools/1.05.2109131 MicroMessenger/8.0.5 Language/zh_CN webview/',
  'connection' => 'close',
  'host' => 'puzhenshop.feibu.info',
)
[ info ] [ PARAM ] array (
  'page_id' => '0',
  'wxapp_id' => '10001',
  'token' => 'b207995fb461f449bdafe362cf70fa9a',
)
[ info ] [ BEHAVIOR ] Run app\common\behavior\App @app_begin [ RunTime:0.000356s ]
[ info ] [ DB ] INIT mysql
[ info ] [ RUN ] app\api\controller\Page->index[ E:\UPUPW_ANK_W64\WebRoot\Vhosts\puzhen\2.0.0\source\application\api\controller\Page.php ]
[ info ] [ CACHE ] INIT File
[ info ] [ BEHAVIOR ] Run app\task\behavior\user\Grade @user_grade [ RunTime:0.000247s ]
[ info ] [ BEHAVIOR ] Run app\task\behavior\user\Grade @user_grade [ RunTime:0.000258s ]
[ info ] [ LOG ] INIT File
---------------------------------------------------------------
[ 2022-05-05T21:06:39+08:00 ] 116.22.197.243 POST puzhenshop.feibu.info/index.php?s=/api/upload/image
[运行时间：0.172712s] [吞吐率：5.79req/s] [内存消耗：3,412.73kb] [文件加载：97]
[ info ] [ LANG ] E:\UPUPW_ANK_W64\WebRoot\Vhosts\puzhen\2.0.0\source\thinkphp\lang\zh-cn.php
[ info ] [ ROUTE ] array (
  'type' => 'module',
  'module' => 
  array (
    0 => 'api',
    1 => 'upload',
    2 => 'image',
  ),
)
[ info ] [ HEADER ] array (
  'connection' => 'close',
  'content-length' => '3761',
  'content-type' => 'multipart/form-data; boundary=--------------------------133415434033418320979872',
  'host' => 'puzhenshop.feibu.info',
  'user-agent' => 'Mozilla/5.0 (iPhone; CPU iPhone OS 11_0 like Mac OS X) AppleWebKit/604.1.38 (KHTML, like Gecko) Version/11.0 Mobile/15A372 Safari/604.1 wechatdevtools/1.05.2109131 MicroMessenger/8.0.5 Language/zh_CN webview/',
  'referer' => 'https://servicewechat.com/wx6433138919cd9715/devtools/page-frame.html',
)
[ info ] [ PARAM ] array (
  'wxapp_id' => '10001',
  'token' => 'b207995fb461f449bdafe362cf70fa9a',
)
[ info ] [ BEHAVIOR ] Run app\common\behavior\App @app_begin [ RunTime:0.000349s ]
[ info ] [ DB ] INIT mysql
[ info ] [ CACHE ] INIT File
[ info ] [ BEHAVIOR ] Run app\task\behavior\user\Grade @user_grade [ RunTime:0.000277s ]
[ info ] [ BEHAVIOR ] Run app\task\behavior\user\Grade @user_grade [ RunTime:0.000290s ]
[ info ] [ RUN ] app\api\controller\Upload->image[ E:\UPUPW_ANK_W64\WebRoot\Vhosts\puzhen\2.0.0\source\application\api\controller\Upload.php ]
[ info ] [ LOG ] INIT File
---------------------------------------------------------------
[ 2022-05-05T21:06:39+08:00 ] 116.22.197.243 POST puzhenshop.feibu.info/index.php?s=/api/distributor_apply/add
[运行时间：0.159641s] [吞吐率：6.26req/s] [内存消耗：3,224.15kb] [文件加载：89]
[ info ] [ LANG ] E:\UPUPW_ANK_W64\WebRoot\Vhosts\puzhen\2.0.0\source\thinkphp\lang\zh-cn.php
[ info ] [ ROUTE ] array (
  'type' => 'module',
  'module' => 
  array (
    0 => 'api',
    1 => 'distributor_apply',
    2 => 'add',
  ),
)
[ info ] [ HEADER ] array (
  'accept-encoding' => 'gzip, deflate',
  'referer' => 'https://servicewechat.com/wx6433138919cd9715/devtools/page-frame.html',
  'accept' => '*/*',
  'content-type' => 'application/x-www-form-urlencoded',
  'user-agent' => 'Mozilla/5.0 (iPhone; CPU iPhone OS 11_0 like Mac OS X) AppleWebKit/604.1.38 (KHTML, like Gecko) Version/11.0 Mobile/15A372 Safari/604.1 wechatdevtools/1.05.2109131 MicroMessenger/8.0.5 Language/zh_CN webview/',
  'content-length' => '107',
  'connection' => 'close',
  'host' => 'puzhenshop.feibu.info',
)
[ info ] [ PARAM ] array (
  'linkman' => '121',
  'phone' => '15920541739',
  'address' => 'sd',
  'images' => '10081',
  'wxapp_id' => '10001',
  'token' => 'b207995fb461f449bdafe362cf70fa9a',
)
[ info ] [ BEHAVIOR ] Run app\common\behavior\App @app_begin [ RunTime:0.000229s ]
[ info ] [ DB ] INIT mysql
[ info ] [ CACHE ] INIT File
[ info ] [ BEHAVIOR ] Run app\task\behavior\user\Grade @user_grade [ RunTime:0.000188s ]
[ info ] [ BEHAVIOR ] Run app\task\behavior\user\Grade @user_grade [ RunTime:0.000200s ]
[ info ] [ RUN ] app\api\controller\DistributorApply->add[ E:\UPUPW_ANK_W64\WebRoot\Vhosts\puzhen\2.0.0\source\application\api\controller\DistributorApply.php ]
[ info ] [ LOG ] INIT File
---------------------------------------------------------------
[ 2022-05-05T21:06:44+08:00 ] 116.22.197.243 GET puzhenshop.feibu.info/index.php?s=/api/distributor/lists&page=1&latitude=23.18139&longitude=113.48067&wxapp_id=10001&token=b207995fb461f449bdafe362cf70fa9a
[运行时间：0.153550s] [吞吐率：6.51req/s] [内存消耗：7,520.74kb] [文件加载：84]
[ info ] [ LANG ] E:\UPUPW_ANK_W64\WebRoot\Vhosts\puzhen\2.0.0\source\thinkphp\lang\zh-cn.php
[ info ] [ ROUTE ] array (
  'type' => 'module',
  'module' => 
  array (
    0 => 'api',
    1 => 'distributor',
    2 => 'lists',
  ),
)
[ info ] [ HEADER ] array (
  'accept-encoding' => 'gzip, deflate',
  'referer' => 'https://servicewechat.com/wx6433138919cd9715/devtools/page-frame.html',
  'accept' => '*/*',
  'content-type' => 'application/json',
  'user-agent' => 'Mozilla/5.0 (iPhone; CPU iPhone OS 11_0 like Mac OS X) AppleWebKit/604.1.38 (KHTML, like Gecko) Version/11.0 Mobile/15A372 Safari/604.1 wechatdevtools/1.05.2109131 MicroMessenger/8.0.5 Language/zh_CN webview/',
  'connection' => 'close',
  'host' => 'puzhenshop.feibu.info',
)
[ info ] [ PARAM ] array (
  'page' => '1',
  'latitude' => '23.18139',
  'longitude' => '113.48067',
  'wxapp_id' => '10001',
  'token' => 'b207995fb461f449bdafe362cf70fa9a',
)
[ info ] [ BEHAVIOR ] Run app\common\behavior\App @app_begin [ RunTime:0.000216s ]
[ info ] [ DB ] INIT mysql
[ info ] [ RUN ] app\api\controller\Distributor->lists[ E:\UPUPW_ANK_W64\WebRoot\Vhosts\puzhen\2.0.0\source\application\api\controller\Distributor.php ]
[ info ] [ CACHE ] INIT File
[ info ] [ LOG ] INIT File
---------------------------------------------------------------
[ 2022-05-05T21:07:36+08:00 ] 113.98.116.106 POST puzhenshop.feibu.info/index.php?s=/api/upload/image
[运行时间：0.163462s] [吞吐率：6.12req/s] [内存消耗：3,412.73kb] [文件加载：97]
[ info ] [ LANG ] E:\UPUPW_ANK_W64\WebRoot\Vhosts\puzhen\2.0.0\source\thinkphp\lang\zh-cn.php
[ info ] [ ROUTE ] array (
  'type' => 'module',
  'module' => 
  array (
    0 => 'api',
    1 => 'upload',
    2 => 'image',
  ),
)
[ info ] [ HEADER ] array (
  'connection' => 'close',
  'content-length' => '85745',
  'content-type' => 'multipart/form-data; boundary=--------------------------621122064233920244122766',
  'host' => 'puzhenshop.feibu.info',
  'user-agent' => 'Mozilla/5.0 (iPhone; CPU iPhone OS 11_0 like Mac OS X) AppleWebKit/604.1.38 (KHTML, like Gecko) Version/11.0 Mobile/15A372 Safari/604.1 wechatdevtools/1.05.2109131 MicroMessenger/8.0.5 Language/zh_CN webview/',
  'referer' => 'https://servicewechat.com/wx6433138919cd9715/devtools/page-frame.html',
)
[ info ] [ PARAM ] array (
  'wxapp_id' => '10001',
  'token' => 'b207995fb461f449bdafe362cf70fa9a',
)
[ info ] [ BEHAVIOR ] Run app\common\behavior\App @app_begin [ RunTime:0.000368s ]
[ info ] [ DB ] INIT mysql
[ info ] [ CACHE ] INIT File
[ info ] [ BEHAVIOR ] Run app\task\behavior\user\Grade @user_grade [ RunTime:0.000304s ]
[ info ] [ BEHAVIOR ] Run app\task\behavior\user\Grade @user_grade [ RunTime:0.000314s ]
[ info ] [ RUN ] app\api\controller\Upload->image[ E:\UPUPW_ANK_W64\WebRoot\Vhosts\puzhen\2.0.0\source\application\api\controller\Upload.php ]
[ info ] [ LOG ] INIT File
---------------------------------------------------------------
[ 2022-05-05T21:07:37+08:00 ] 113.98.116.106 POST puzhenshop.feibu.info/index.php?s=/api/distributor_apply/add
[运行时间：0.178175s] [吞吐率：5.61req/s] [内存消耗：3,224.15kb] [文件加载：89]
[ info ] [ LANG ] E:\UPUPW_ANK_W64\WebRoot\Vhosts\puzhen\2.0.0\source\thinkphp\lang\zh-cn.php
[ info ] [ ROUTE ] array (
  'type' => 'module',
  'module' => 
  array (
    0 => 'api',
    1 => 'distributor_apply',
    2 => 'add',
  ),
)
[ info ] [ HEADER ] array (
  'accept-encoding' => 'gzip, deflate',
  'referer' => 'https://servicewechat.com/wx6433138919cd9715/devtools/page-frame.html',
  'accept' => '*/*',
  'content-type' => 'application/x-www-form-urlencoded',
  'user-agent' => 'Mozilla/5.0 (iPhone; CPU iPhone OS 11_0 like Mac OS X) AppleWebKit/604.1.38 (KHTML, like Gecko) Version/11.0 Mobile/15A372 Safari/604.1 wechatdevtools/1.05.2109131 MicroMessenger/8.0.5 Language/zh_CN webview/',
  'content-length' => '107',
  'connection' => 'close',
  'host' => 'puzhenshop.feibu.info',
)
[ info ] [ PARAM ] array (
  'linkman' => 'ded',
  'phone' => '15920742819',
  'address' => 'we',
  'images' => '10082',
  'wxapp_id' => '10001',
  'token' => 'b207995fb461f449bdafe362cf70fa9a',
)
[ info ] [ BEHAVIOR ] Run app\common\behavior\App @app_begin [ RunTime:0.000240s ]
[ info ] [ DB ] INIT mysql
[ info ] [ CACHE ] INIT File
[ info ] [ BEHAVIOR ] Run app\task\behavior\user\Grade @user_grade [ RunTime:0.000145s ]
[ info ] [ BEHAVIOR ] Run app\task\behavior\user\Grade @user_grade [ RunTime:0.000157s ]
[ info ] [ RUN ] app\api\controller\DistributorApply->add[ E:\UPUPW_ANK_W64\WebRoot\Vhosts\puzhen\2.0.0\source\application\api\controller\DistributorApply.php ]
[ info ] [ LOG ] INIT File
---------------------------------------------------------------
[ 2022-05-05T21:07:45+08:00 ] 113.98.116.106 POST puzhenshop.feibu.info/index.php?s=/api/upload/image
[运行时间：0.157341s] [吞吐率：6.36req/s] [内存消耗：3,412.02kb] [文件加载：97]
[ info ] [ LANG ] E:\UPUPW_ANK_W64\WebRoot\Vhosts\puzhen\2.0.0\source\thinkphp\lang\zh-cn.php
[ info ] [ ROUTE ] array (
  'type' => 'module',
  'module' => 
  array (
    0 => 'api',
    1 => 'upload',
    2 => 'image',
  ),
)
[ info ] [ HEADER ] array (
  'connection' => 'close',
  'content-length' => '85745',
  'content-type' => 'multipart/form-data; boundary=--------------------------371374495434723599429891',
  'host' => 'puzhenshop.feibu.info',
  'user-agent' => 'Mozilla/5.0 (iPhone; CPU iPhone OS 11_0 like Mac OS X) AppleWebKit/604.1.38 (KHTML, like Gecko) Version/11.0 Mobile/15A372 Safari/604.1 wechatdevtools/1.05.2109131 MicroMessenger/8.0.5 Language/zh_CN webview/',
  'referer' => 'https://servicewechat.com/wx6433138919cd9715/devtools/page-frame.html',
)
[ info ] [ PARAM ] array (
  'wxapp_id' => '10001',
  'token' => 'b207995fb461f449bdafe362cf70fa9a',
)
[ info ] [ BEHAVIOR ] Run app\common\behavior\App @app_begin [ RunTime:0.000193s ]
[ info ] [ DB ] INIT mysql
[ info ] [ CACHE ] INIT File
[ info ] [ BEHAVIOR ] Run app\task\behavior\user\Grade @user_grade [ RunTime:0.000144s ]
[ info ] [ BEHAVIOR ] Run app\task\behavior\user\Grade @user_grade [ RunTime:0.000154s ]
[ info ] [ RUN ] app\api\controller\Upload->image[ E:\UPUPW_ANK_W64\WebRoot\Vhosts\puzhen\2.0.0\source\application\api\controller\Upload.php ]
[ info ] [ LOG ] INIT File
---------------------------------------------------------------
[ 2022-05-05T21:07:45+08:00 ] 116.22.197.243 POST puzhenshop.feibu.info/index.php?s=/api/distributor_apply/add
[运行时间：0.243683s] [吞吐率：4.10req/s] [内存消耗：3,224.15kb] [文件加载：89]
[ info ] [ LANG ] E:\UPUPW_ANK_W64\WebRoot\Vhosts\puzhen\2.0.0\source\thinkphp\lang\zh-cn.php
[ info ] [ ROUTE ] array (
  'type' => 'module',
  'module' => 
  array (
    0 => 'api',
    1 => 'distributor_apply',
    2 => 'add',
  ),
)
[ info ] [ HEADER ] array (
  'accept-encoding' => 'gzip, deflate',
  'referer' => 'https://servicewechat.com/wx6433138919cd9715/devtools/page-frame.html',
  'accept' => '*/*',
  'content-type' => 'application/x-www-form-urlencoded',
  'user-agent' => 'Mozilla/5.0 (iPhone; CPU iPhone OS 11_0 like Mac OS X) AppleWebKit/604.1.38 (KHTML, like Gecko) Version/11.0 Mobile/15A372 Safari/604.1 wechatdevtools/1.05.2109131 MicroMessenger/8.0.5 Language/zh_CN webview/',
  'content-length' => '107',
  'connection' => 'close',
  'host' => 'puzhenshop.feibu.info',
)
[ info ] [ PARAM ] array (
  'linkman' => 'ded',
  'phone' => '15920742819',
  'address' => 'we',
  'images' => '10083',
  'wxapp_id' => '10001',
  'token' => 'b207995fb461f449bdafe362cf70fa9a',
)
[ info ] [ BEHAVIOR ] Run app\common\behavior\App @app_begin [ RunTime:0.000277s ]
[ info ] [ DB ] INIT mysql
[ info ] [ CACHE ] INIT File
[ info ] [ BEHAVIOR ] Run app\task\behavior\user\Grade @user_grade [ RunTime:0.000218s ]
[ info ] [ BEHAVIOR ] Run app\task\behavior\user\Grade @user_grade [ RunTime:0.000236s ]
[ info ] [ RUN ] app\api\controller\DistributorApply->add[ E:\UPUPW_ANK_W64\WebRoot\Vhosts\puzhen\2.0.0\source\application\api\controller\DistributorApply.php ]
[ info ] [ LOG ] INIT File
---------------------------------------------------------------
[ 2022-05-05T21:10:07+08:00 ] 116.22.197.243 GET puzhenshop.feibu.info/index.php?s=/api/page/index&page_id=0&wxapp_id=10001&token=b207995fb461f449bdafe362cf70fa9a
[运行时间：0.300702s] [吞吐率：3.33req/s] [内存消耗：3,738.33kb] [文件加载：102]
[ info ] [ LANG ] E:\UPUPW_ANK_W64\WebRoot\Vhosts\puzhen\2.0.0\source\thinkphp\lang\zh-cn.php
[ info ] [ ROUTE ] array (
  'type' => 'module',
  'module' => 
  array (
    0 => 'api',
    1 => 'page',
    2 => 'index',
  ),
)
[ info ] [ HEADER ] array (
  'accept-encoding' => 'gzip, deflate',
  'referer' => 'https://servicewechat.com/wx6433138919cd9715/devtools/page-frame.html',
  'accept' => '*/*',
  'content-type' => 'application/json',
  'user-agent' => 'Mozilla/5.0 (iPhone; CPU iPhone OS 11_0 like Mac OS X) AppleWebKit/604.1.38 (KHTML, like Gecko) Version/11.0 Mobile/15A372 Safari/604.1 wechatdevtools/1.05.2109131 MicroMessenger/8.0.5 Language/zh_CN webview/',
  'connection' => 'close',
  'host' => 'puzhenshop.feibu.info',
)
[ info ] [ PARAM ] array (
  'page_id' => '0',
  'wxapp_id' => '10001',
  'token' => 'b207995fb461f449bdafe362cf70fa9a',
)
[ info ] [ BEHAVIOR ] Run app\common\behavior\App @app_begin [ RunTime:0.000314s ]
[ info ] [ DB ] INIT mysql
[ info ] [ RUN ] app\api\controller\Page->index[ E:\UPUPW_ANK_W64\WebRoot\Vhosts\puzhen\2.0.0\source\application\api\controller\Page.php ]
[ info ] [ CACHE ] INIT File
[ info ] [ BEHAVIOR ] Run app\task\behavior\user\Grade @user_grade [ RunTime:0.000322s ]
[ info ] [ BEHAVIOR ] Run app\task\behavior\user\Grade @user_grade [ RunTime:0.000335s ]
[ info ] [ LOG ] INIT File
---------------------------------------------------------------
[ 2022-05-05T21:10:09+08:00 ] 116.22.197.243 GET puzhenshop.feibu.info/index.php?s=/api/user.index/detail&wxapp_id=10001&token=b207995fb461f449bdafe362cf70fa9a
[运行时间：0.189172s] [吞吐率：5.29req/s] [内存消耗：3,660.16kb] [文件加载：108]
[ info ] [ LANG ] E:\UPUPW_ANK_W64\WebRoot\Vhosts\puzhen\2.0.0\source\thinkphp\lang\zh-cn.php
[ info ] [ ROUTE ] array (
  'type' => 'module',
  'module' => 
  array (
    0 => 'api',
    1 => 'user.index',
    2 => 'detail',
  ),
)
[ info ] [ HEADER ] array (
  'accept-encoding' => 'gzip, deflate',
  'referer' => 'https://servicewechat.com/wx6433138919cd9715/devtools/page-frame.html',
  'accept' => '*/*',
  'content-type' => 'application/json',
  'user-agent' => 'Mozilla/5.0 (iPhone; CPU iPhone OS 11_0 like Mac OS X) AppleWebKit/604.1.38 (KHTML, like Gecko) Version/11.0 Mobile/15A372 Safari/604.1 wechatdevtools/1.05.2109131 MicroMessenger/8.0.5 Language/zh_CN webview/',
  'connection' => 'close',
  'host' => 'puzhenshop.feibu.info',
)
[ info ] [ PARAM ] array (
  'wxapp_id' => '10001',
  'token' => 'b207995fb461f449bdafe362cf70fa9a',
)
[ info ] [ BEHAVIOR ] Run app\common\behavior\App @app_begin [ RunTime:0.000188s ]
[ info ] [ DB ] INIT mysql
[ info ] [ RUN ] app\api\controller\user\Index->detail[ E:\UPUPW_ANK_W64\WebRoot\Vhosts\puzhen\2.0.0\source\application\api\controller\user\Index.php ]
[ info ] [ CACHE ] INIT File
[ info ] [ BEHAVIOR ] Run app\task\behavior\user\Grade @user_grade [ RunTime:0.000187s ]
[ info ] [ BEHAVIOR ] Run app\task\behavior\user\Grade @user_grade [ RunTime:0.000201s ]
[ info ] [ BEHAVIOR ] Run app\task\behavior\Order @order [ RunTime:0.000267s ]
[ info ] [ BEHAVIOR ] Run app\task\behavior\sharp\Order @order [ RunTime:0.036012s ]
[ info ] [ BEHAVIOR ] Run app\task\behavior\Order @order [ RunTime:0.036026s ]
[ info ] [ LOG ] INIT File
---------------------------------------------------------------
[ 2022-05-05T21:10:54+08:00 ] 113.98.116.106 GET puzhenshop.feibu.info/index.php?s=/api/page/index&page_id=0&wxapp_id=10001&token=b207995fb461f449bdafe362cf70fa9a
[运行时间：0.299198s] [吞吐率：3.34req/s] [内存消耗：3,759.55kb] [文件加载：103]
[ info ] [ LANG ] E:\UPUPW_ANK_W64\WebRoot\Vhosts\puzhen\2.0.0\source\thinkphp\lang\zh-cn.php
[ info ] [ ROUTE ] array (
  'type' => 'module',
  'module' => 
  array (
    0 => 'api',
    1 => 'page',
    2 => 'index',
  ),
)
[ info ] [ HEADER ] array (
  'accept-encoding' => 'gzip, deflate',
  'referer' => 'https://servicewechat.com/wx6433138919cd9715/devtools/page-frame.html',
  'accept' => '*/*',
  'content-type' => 'application/json',
  'user-agent' => 'Mozilla/5.0 (iPhone; CPU iPhone OS 11_0 like Mac OS X) AppleWebKit/604.1.38 (KHTML, like Gecko) Version/11.0 Mobile/15A372 Safari/604.1 wechatdevtools/1.05.2109131 MicroMessenger/8.0.5 Language/zh_CN webview/',
  'connection' => 'close',
  'host' => 'puzhenshop.feibu.info',
)
[ info ] [ PARAM ] array (
  'page_id' => '0',
  'wxapp_id' => '10001',
  'token' => 'b207995fb461f449bdafe362cf70fa9a',
)
[ info ] [ BEHAVIOR ] Run app\common\behavior\App @app_begin [ RunTime:0.000350s ]
[ info ] [ DB ] INIT mysql
[ info ] [ RUN ] app\api\controller\Page->index[ E:\UPUPW_ANK_W64\WebRoot\Vhosts\puzhen\2.0.0\source\application\api\controller\Page.php ]
[ info ] [ CACHE ] INIT File
[ info ] [ BEHAVIOR ] Run app\task\behavior\user\Grade @user_grade [ RunTime:0.017474s ]
[ info ] [ BEHAVIOR ] Run app\task\behavior\user\Grade @user_grade [ RunTime:0.017493s ]
[ info ] [ LOG ] INIT File
---------------------------------------------------------------
[ 2022-05-05T21:10:55+08:00 ] 113.98.116.106 GET puzhenshop.feibu.info/index.php?s=/api/user.index/detail&wxapp_id=10001&token=b207995fb461f449bdafe362cf70fa9a
[运行时间：0.232980s] [吞吐率：4.29req/s] [内存消耗：3,660.16kb] [文件加载：108]
[ info ] [ LANG ] E:\UPUPW_ANK_W64\WebRoot\Vhosts\puzhen\2.0.0\source\thinkphp\lang\zh-cn.php
[ info ] [ ROUTE ] array (
  'type' => 'module',
  'module' => 
  array (
    0 => 'api',
    1 => 'user.index',
    2 => 'detail',
  ),
)
[ info ] [ HEADER ] array (
  'accept-encoding' => 'gzip, deflate',
  'referer' => 'https://servicewechat.com/wx6433138919cd9715/devtools/page-frame.html',
  'accept' => '*/*',
  'content-type' => 'application/json',
  'user-agent' => 'Mozilla/5.0 (iPhone; CPU iPhone OS 11_0 like Mac OS X) AppleWebKit/604.1.38 (KHTML, like Gecko) Version/11.0 Mobile/15A372 Safari/604.1 wechatdevtools/1.05.2109131 MicroMessenger/8.0.5 Language/zh_CN webview/',
  'connection' => 'close',
  'host' => 'puzhenshop.feibu.info',
)
[ info ] [ PARAM ] array (
  'wxapp_id' => '10001',
  'token' => 'b207995fb461f449bdafe362cf70fa9a',
)
[ info ] [ BEHAVIOR ] Run app\common\behavior\App @app_begin [ RunTime:0.000252s ]
[ info ] [ DB ] INIT mysql
[ info ] [ RUN ] app\api\controller\user\Index->detail[ E:\UPUPW_ANK_W64\WebRoot\Vhosts\puzhen\2.0.0\source\application\api\controller\user\Index.php ]
[ info ] [ CACHE ] INIT File
[ info ] [ BEHAVIOR ] Run app\task\behavior\user\Grade @user_grade [ RunTime:0.000161s ]
[ info ] [ BEHAVIOR ] Run app\task\behavior\user\Grade @user_grade [ RunTime:0.000174s ]
[ info ] [ BEHAVIOR ] Run app\task\behavior\Order @order [ RunTime:0.000253s ]
[ info ] [ BEHAVIOR ] Run app\task\behavior\sharp\Order @order [ RunTime:0.048770s ]
[ info ] [ BEHAVIOR ] Run app\task\behavior\Order @order [ RunTime:0.048783s ]
[ info ] [ LOG ] INIT File
---------------------------------------------------------------
[ 2022-05-05T21:10:58+08:00 ] 113.98.116.106 GET puzhenshop.feibu.info/index.php?s=/api/user.index/detail&wxapp_id=10001&token=b207995fb461f449bdafe362cf70fa9a
[运行时间：0.195599s] [吞吐率：5.11req/s] [内存消耗：3,660.16kb] [文件加载：108]
[ info ] [ LANG ] E:\UPUPW_ANK_W64\WebRoot\Vhosts\puzhen\2.0.0\source\thinkphp\lang\zh-cn.php
[ info ] [ ROUTE ] array (
  'type' => 'module',
  'module' => 
  array (
    0 => 'api',
    1 => 'user.index',
    2 => 'detail',
  ),
)
[ info ] [ HEADER ] array (
  'accept-encoding' => 'gzip, deflate',
  'referer' => 'https://servicewechat.com/wx6433138919cd9715/devtools/page-frame.html',
  'accept' => '*/*',
  'content-type' => 'application/json',
  'user-agent' => 'Mozilla/5.0 (iPhone; CPU iPhone OS 11_0 like Mac OS X) AppleWebKit/604.1.38 (KHTML, like Gecko) Version/11.0 Mobile/15A372 Safari/604.1 wechatdevtools/1.05.2109131 MicroMessenger/8.0.5 Language/zh_CN webview/',
  'connection' => 'close',
  'host' => 'puzhenshop.feibu.info',
)
[ info ] [ PARAM ] array (
  'wxapp_id' => '10001',
  'token' => 'b207995fb461f449bdafe362cf70fa9a',
)
[ info ] [ BEHAVIOR ] Run app\common\behavior\App @app_begin [ RunTime:0.000197s ]
[ info ] [ DB ] INIT mysql
[ info ] [ RUN ] app\api\controller\user\Index->detail[ E:\UPUPW_ANK_W64\WebRoot\Vhosts\puzhen\2.0.0\source\application\api\controller\user\Index.php ]
[ info ] [ CACHE ] INIT File
[ info ] [ BEHAVIOR ] Run app\task\behavior\user\Grade @user_grade [ RunTime:0.000151s ]
[ info ] [ BEHAVIOR ] Run app\task\behavior\user\Grade @user_grade [ RunTime:0.000163s ]
[ info ] [ BEHAVIOR ] Run app\task\behavior\Order @order [ RunTime:0.000152s ]
[ info ] [ BEHAVIOR ] Run app\task\behavior\sharp\Order @order [ RunTime:0.038645s ]
[ info ] [ BEHAVIOR ] Run app\task\behavior\Order @order [ RunTime:0.038656s ]
[ info ] [ LOG ] INIT File
---------------------------------------------------------------
[ 2022-05-05T21:11:00+08:00 ] 113.98.116.106 GET puzhenshop.feibu.info/index.php?s=/api/tea_qrcode/lists&page=1&wxapp_id=10001&token=b207995fb461f449bdafe362cf70fa9a
[运行时间：0.256319s] [吞吐率：3.90req/s] [内存消耗：3,396.59kb] [文件加载：91]
[ info ] [ LANG ] E:\UPUPW_ANK_W64\WebRoot\Vhosts\puzhen\2.0.0\source\thinkphp\lang\zh-cn.php
[ info ] [ ROUTE ] array (
  'type' => 'module',
  'module' => 
  array (
    0 => 'api',
    1 => 'tea_qrcode',
    2 => 'lists',
  ),
)
[ info ] [ HEADER ] array (
  'accept-encoding' => 'gzip, deflate',
  'referer' => 'https://servicewechat.com/wx6433138919cd9715/devtools/page-frame.html',
  'accept' => '*/*',
  'content-type' => 'application/json',
  'user-agent' => 'Mozilla/5.0 (iPhone; CPU iPhone OS 11_0 like Mac OS X) AppleWebKit/604.1.38 (KHTML, like Gecko) Version/11.0 Mobile/15A372 Safari/604.1 wechatdevtools/1.05.2109131 MicroMessenger/8.0.5 Language/zh_CN webview/',
  'connection' => 'close',
  'host' => 'puzhenshop.feibu.info',
)
[ info ] [ PARAM ] array (
  'page' => '1',
  'wxapp_id' => '10001',
  'token' => 'b207995fb461f449bdafe362cf70fa9a',
)
[ info ] [ BEHAVIOR ] Run app\common\behavior\App @app_begin [ RunTime:0.000272s ]
[ info ] [ DB ] INIT mysql
[ info ] [ RUN ] app\api\controller\TeaQrcode->lists[ E:\UPUPW_ANK_W64\WebRoot\Vhosts\puzhen\2.0.0\source\application\api\controller\TeaQrcode.php ]
[ info ] [ CACHE ] INIT File
[ info ] [ BEHAVIOR ] Run app\task\behavior\user\Grade @user_grade [ RunTime:0.000153s ]
[ info ] [ BEHAVIOR ] Run app\task\behavior\user\Grade @user_grade [ RunTime:0.000165s ]
[ info ] [ LOG ] INIT File
---------------------------------------------------------------
[ 2022-05-05T21:11:03+08:00 ] 113.98.116.106 GET puzhenshop.feibu.info/index.php?s=/api/tea_qrcode/lists&page=2&wxapp_id=10001&token=b207995fb461f449bdafe362cf70fa9a
[运行时间：0.283337s] [吞吐率：3.53req/s] [内存消耗：3,394.84kb] [文件加载：91]
[ info ] [ LANG ] E:\UPUPW_ANK_W64\WebRoot\Vhosts\puzhen\2.0.0\source\thinkphp\lang\zh-cn.php
[ info ] [ ROUTE ] array (
  'type' => 'module',
  'module' => 
  array (
    0 => 'api',
    1 => 'tea_qrcode',
    2 => 'lists',
  ),
)
[ info ] [ HEADER ] array (
  'accept-encoding' => 'gzip, deflate',
  'referer' => 'https://servicewechat.com/wx6433138919cd9715/devtools/page-frame.html',
  'accept' => '*/*',
  'content-type' => 'application/json',
  'user-agent' => 'Mozilla/5.0 (iPhone; CPU iPhone OS 11_0 like Mac OS X) AppleWebKit/604.1.38 (KHTML, like Gecko) Version/11.0 Mobile/15A372 Safari/604.1 wechatdevtools/1.05.2109131 MicroMessenger/8.0.5 Language/zh_CN webview/',
  'connection' => 'close',
  'host' => 'puzhenshop.feibu.info',
)
[ info ] [ PARAM ] array (
  'page' => '2',
  'wxapp_id' => '10001',
  'token' => 'b207995fb461f449bdafe362cf70fa9a',
)
[ info ] [ BEHAVIOR ] Run app\common\behavior\App @app_begin [ RunTime:0.000303s ]
[ info ] [ DB ] INIT mysql
[ info ] [ RUN ] app\api\controller\TeaQrcode->lists[ E:\UPUPW_ANK_W64\WebRoot\Vhosts\puzhen\2.0.0\source\application\api\controller\TeaQrcode.php ]
[ info ] [ CACHE ] INIT File
[ info ] [ BEHAVIOR ] Run app\task\behavior\user\Grade @user_grade [ RunTime:0.000221s ]
[ info ] [ BEHAVIOR ] Run app\task\behavior\user\Grade @user_grade [ RunTime:0.000239s ]
[ info ] [ LOG ] INIT File
---------------------------------------------------------------
[ 2022-05-05T21:11:14+08:00 ] 116.22.197.243 GET puzhenshop.feibu.info/index.php?s=/api/tea_qrcode/lists&page=1&wxapp_id=10001&token=b207995fb461f449bdafe362cf70fa9a
[运行时间：0.278341s] [吞吐率：3.59req/s] [内存消耗：3,397.30kb] [文件加载：91]
[ info ] [ LANG ] E:\UPUPW_ANK_W64\WebRoot\Vhosts\puzhen\2.0.0\source\thinkphp\lang\zh-cn.php
[ info ] [ ROUTE ] array (
  'type' => 'module',
  'module' => 
  array (
    0 => 'api',
    1 => 'tea_qrcode',
    2 => 'lists',
  ),
)
[ info ] [ HEADER ] array (
  'accept-encoding' => 'gzip, deflate',
  'referer' => 'https://servicewechat.com/wx6433138919cd9715/devtools/page-frame.html',
  'accept' => '*/*',
  'content-type' => 'application/json',
  'user-agent' => 'Mozilla/5.0 (iPhone; CPU iPhone OS 11_0 like Mac OS X) AppleWebKit/604.1.38 (KHTML, like Gecko) Version/11.0 Mobile/15A372 Safari/604.1 wechatdevtools/1.05.2109131 MicroMessenger/8.0.5 Language/zh_CN webview/',
  'connection' => 'close',
  'host' => 'puzhenshop.feibu.info',
)
[ info ] [ PARAM ] array (
  'page' => '1',
  'wxapp_id' => '10001',
  'token' => 'b207995fb461f449bdafe362cf70fa9a',
)
[ info ] [ BEHAVIOR ] Run app\common\behavior\App @app_begin [ RunTime:0.000329s ]
[ info ] [ DB ] INIT mysql
[ info ] [ RUN ] app\api\controller\TeaQrcode->lists[ E:\UPUPW_ANK_W64\WebRoot\Vhosts\puzhen\2.0.0\source\application\api\controller\TeaQrcode.php ]
[ info ] [ CACHE ] INIT File
[ info ] [ BEHAVIOR ] Run app\task\behavior\user\Grade @user_grade [ RunTime:0.000257s ]
[ info ] [ BEHAVIOR ] Run app\task\behavior\user\Grade @user_grade [ RunTime:0.000269s ]
[ info ] [ LOG ] INIT File
---------------------------------------------------------------
[ 2022-05-05T21:11:17+08:00 ] 116.22.197.243 GET puzhenshop.feibu.info/index.php?s=/api/tea_qrcode/lists&page=2&wxapp_id=10001&token=b207995fb461f449bdafe362cf70fa9a
[运行时间：0.248031s] [吞吐率：4.03req/s] [内存消耗：3,394.84kb] [文件加载：91]
[ info ] [ LANG ] E:\UPUPW_ANK_W64\WebRoot\Vhosts\puzhen\2.0.0\source\thinkphp\lang\zh-cn.php
[ info ] [ ROUTE ] array (
  'type' => 'module',
  'module' => 
  array (
    0 => 'api',
    1 => 'tea_qrcode',
    2 => 'lists',
  ),
)
[ info ] [ HEADER ] array (
  'accept-encoding' => 'gzip, deflate',
  'referer' => 'https://servicewechat.com/wx6433138919cd9715/devtools/page-frame.html',
  'accept' => '*/*',
  'content-type' => 'application/json',
  'user-agent' => 'Mozilla/5.0 (iPhone; CPU iPhone OS 11_0 like Mac OS X) AppleWebKit/604.1.38 (KHTML, like Gecko) Version/11.0 Mobile/15A372 Safari/604.1 wechatdevtools/1.05.2109131 MicroMessenger/8.0.5 Language/zh_CN webview/',
  'connection' => 'close',
  'host' => 'puzhenshop.feibu.info',
)
[ info ] [ PARAM ] array (
  'page' => '2',
  'wxapp_id' => '10001',
  'token' => 'b207995fb461f449bdafe362cf70fa9a',
)
[ info ] [ BEHAVIOR ] Run app\common\behavior\App @app_begin [ RunTime:0.000183s ]
[ info ] [ DB ] INIT mysql
[ info ] [ RUN ] app\api\controller\TeaQrcode->lists[ E:\UPUPW_ANK_W64\WebRoot\Vhosts\puzhen\2.0.0\source\application\api\controller\TeaQrcode.php ]
[ info ] [ CACHE ] INIT File
[ info ] [ BEHAVIOR ] Run app\task\behavior\user\Grade @user_grade [ RunTime:0.000151s ]
[ info ] [ BEHAVIOR ] Run app\task\behavior\user\Grade @user_grade [ RunTime:0.000162s ]
[ info ] [ LOG ] INIT File
---------------------------------------------------------------
[ 2022-05-05T21:11:18+08:00 ] 116.22.197.243 GET puzhenshop.feibu.info/index.php?s=/api/user.index/detail&wxapp_id=10001&token=b207995fb461f449bdafe362cf70fa9a
[运行时间：0.195874s] [吞吐率：5.11req/s] [内存消耗：3,660.16kb] [文件加载：108]
[ info ] [ LANG ] E:\UPUPW_ANK_W64\WebRoot\Vhosts\puzhen\2.0.0\source\thinkphp\lang\zh-cn.php
[ info ] [ ROUTE ] array (
  'type' => 'module',
  'module' => 
  array (
    0 => 'api',
    1 => 'user.index',
    2 => 'detail',
  ),
)
[ info ] [ HEADER ] array (
  'accept-encoding' => 'gzip, deflate',
  'referer' => 'https://servicewechat.com/wx6433138919cd9715/devtools/page-frame.html',
  'accept' => '*/*',
  'content-type' => 'application/json',
  'user-agent' => 'Mozilla/5.0 (iPhone; CPU iPhone OS 11_0 like Mac OS X) AppleWebKit/604.1.38 (KHTML, like Gecko) Version/11.0 Mobile/15A372 Safari/604.1 wechatdevtools/1.05.2109131 MicroMessenger/8.0.5 Language/zh_CN webview/',
  'connection' => 'close',
  'host' => 'puzhenshop.feibu.info',
)
[ info ] [ PARAM ] array (
  'wxapp_id' => '10001',
  'token' => 'b207995fb461f449bdafe362cf70fa9a',
)
[ info ] [ BEHAVIOR ] Run app\common\behavior\App @app_begin [ RunTime:0.000259s ]
[ info ] [ DB ] INIT mysql
[ info ] [ RUN ] app\api\controller\user\Index->detail[ E:\UPUPW_ANK_W64\WebRoot\Vhosts\puzhen\2.0.0\source\application\api\controller\user\Index.php ]
[ info ] [ CACHE ] INIT File
[ info ] [ BEHAVIOR ] Run app\task\behavior\user\Grade @user_grade [ RunTime:0.000160s ]
[ info ] [ BEHAVIOR ] Run app\task\behavior\user\Grade @user_grade [ RunTime:0.000171s ]
[ info ] [ BEHAVIOR ] Run app\task\behavior\Order @order [ RunTime:0.000263s ]
[ info ] [ BEHAVIOR ] Run app\task\behavior\sharp\Order @order [ RunTime:0.038330s ]
[ info ] [ BEHAVIOR ] Run app\task\behavior\Order @order [ RunTime:0.038342s ]
[ info ] [ LOG ] INIT File
---------------------------------------------------------------
[ 2022-05-05T21:11:21+08:00 ] 116.22.197.243 GET puzhenshop.feibu.info/index.php?s=/api/goods/detail&goods_id=10009&wxapp_id=10001&token=b207995fb461f449bdafe362cf70fa9a
[运行时间：0.486301s] [吞吐率：2.06req/s] [内存消耗：4,026.83kb] [文件加载：119]
[ info ] [ LANG ] E:\UPUPW_ANK_W64\WebRoot\Vhosts\puzhen\2.0.0\source\thinkphp\lang\zh-cn.php
[ info ] [ ROUTE ] array (
  'type' => 'module',
  'module' => 
  array (
    0 => 'api',
    1 => 'goods',
    2 => 'detail',
  ),
)
[ info ] [ HEADER ] array (
  'accept-encoding' => 'gzip, deflate',
  'referer' => 'https://servicewechat.com/wx6433138919cd9715/devtools/page-frame.html',
  'accept' => '*/*',
  'content-type' => 'application/json',
  'user-agent' => 'Mozilla/5.0 (iPhone; CPU iPhone OS 11_0 like Mac OS X) AppleWebKit/604.1.38 (KHTML, like Gecko) Version/11.0 Mobile/15A372 Safari/604.1 wechatdevtools/1.05.2109131 MicroMessenger/8.0.5 Language/zh_CN webview/',
  'connection' => 'close',
  'host' => 'puzhenshop.feibu.info',
)
[ info ] [ PARAM ] array (
  'goods_id' => '10009',
  'wxapp_id' => '10001',
  'token' => 'b207995fb461f449bdafe362cf70fa9a',
)
[ info ] [ BEHAVIOR ] Run app\common\behavior\App @app_begin [ RunTime:0.000201s ]
[ info ] [ DB ] INIT mysql
[ info ] [ RUN ] app\api\controller\Goods->detail[ E:\UPUPW_ANK_W64\WebRoot\Vhosts\puzhen\2.0.0\source\application\api\controller\Goods.php ]
[ info ] [ CACHE ] INIT File
[ info ] [ BEHAVIOR ] Run app\task\behavior\user\Grade @user_grade [ RunTime:0.000216s ]
[ info ] [ BEHAVIOR ] Run app\task\behavior\user\Grade @user_grade [ RunTime:0.000234s ]
[ info ] [ LOG ] INIT File
---------------------------------------------------------------
[ 2022-05-05T21:11:23+08:00 ] 116.22.197.243 POST puzhenshop.feibu.info/index.php?s=/api/collection/add/type/Goods
[运行时间：0.215979s] [吞吐率：4.63req/s] [内存消耗：3,396.86kb] [文件加载：90]
[ info ] [ LANG ] E:\UPUPW_ANK_W64\WebRoot\Vhosts\puzhen\2.0.0\source\thinkphp\lang\zh-cn.php
[ info ] [ ROUTE ] array (
  'type' => 'module',
  'module' => 
  array (
    0 => 'api',
    1 => 'collection',
    2 => 'add',
  ),
)
[ info ] [ HEADER ] array (
  'accept-encoding' => 'gzip, deflate',
  'referer' => 'https://servicewechat.com/wx6433138919cd9715/devtools/page-frame.html',
  'accept' => '*/*',
  'content-type' => 'application/x-www-form-urlencoded',
  'user-agent' => 'Mozilla/5.0 (iPhone; CPU iPhone OS 11_0 like Mac OS X) AppleWebKit/604.1.38 (KHTML, like Gecko) Version/11.0 Mobile/15A372 Safari/604.1 wechatdevtools/1.05.2109131 MicroMessenger/8.0.5 Language/zh_CN webview/',
  'content-length' => '62',
  'connection' => 'close',
  'host' => 'puzhenshop.feibu.info',
)
[ info ] [ PARAM ] array (
  'id' => '10009',
  'wxapp_id' => '10001',
  'token' => 'b207995fb461f449bdafe362cf70fa9a',
  'type' => 'Goods',
)
[ info ] [ BEHAVIOR ] Run app\common\behavior\App @app_begin [ RunTime:0.000184s ]
[ info ] [ DB ] INIT mysql
[ info ] [ RUN ] app\api\controller\Collection->add[ E:\UPUPW_ANK_W64\WebRoot\Vhosts\puzhen\2.0.0\source\application\api\controller\Collection.php ]
[ info ] [ CACHE ] INIT File
[ info ] [ BEHAVIOR ] Run app\task\behavior\user\Grade @user_grade [ RunTime:0.000141s ]
[ info ] [ BEHAVIOR ] Run app\task\behavior\user\Grade @user_grade [ RunTime:0.000152s ]
[ info ] [ LOG ] INIT File
---------------------------------------------------------------
[ 2022-05-05T21:11:26+08:00 ] 116.22.197.243 GET puzhenshop.feibu.info/index.php?s=/api/goods/detail&goods_id=10008&wxapp_id=10001&token=b207995fb461f449bdafe362cf70fa9a
[运行时间：0.416773s] [吞吐率：2.40req/s] [内存消耗：4,027.33kb] [文件加载：119]
[ info ] [ LANG ] E:\UPUPW_ANK_W64\WebRoot\Vhosts\puzhen\2.0.0\source\thinkphp\lang\zh-cn.php
[ info ] [ ROUTE ] array (
  'type' => 'module',
  'module' => 
  array (
    0 => 'api',
    1 => 'goods',
    2 => 'detail',
  ),
)
[ info ] [ HEADER ] array (
  'accept-encoding' => 'gzip, deflate',
  'referer' => 'https://servicewechat.com/wx6433138919cd9715/devtools/page-frame.html',
  'accept' => '*/*',
  'content-type' => 'application/json',
  'user-agent' => 'Mozilla/5.0 (iPhone; CPU iPhone OS 11_0 like Mac OS X) AppleWebKit/604.1.38 (KHTML, like Gecko) Version/11.0 Mobile/15A372 Safari/604.1 wechatdevtools/1.05.2109131 MicroMessenger/8.0.5 Language/zh_CN webview/',
  'connection' => 'close',
  'host' => 'puzhenshop.feibu.info',
)
[ info ] [ PARAM ] array (
  'goods_id' => '10008',
  'wxapp_id' => '10001',
  'token' => 'b207995fb461f449bdafe362cf70fa9a',
)
[ info ] [ BEHAVIOR ] Run app\common\behavior\App @app_begin [ RunTime:0.000194s ]
[ info ] [ DB ] INIT mysql
[ info ] [ RUN ] app\api\controller\Goods->detail[ E:\UPUPW_ANK_W64\WebRoot\Vhosts\puzhen\2.0.0\source\application\api\controller\Goods.php ]
[ info ] [ CACHE ] INIT File
[ info ] [ BEHAVIOR ] Run app\task\behavior\user\Grade @user_grade [ RunTime:0.000150s ]
[ info ] [ BEHAVIOR ] Run app\task\behavior\user\Grade @user_grade [ RunTime:0.000161s ]
[ info ] [ LOG ] INIT File
---------------------------------------------------------------
[ 2022-05-05T21:11:28+08:00 ] 116.22.197.243 POST puzhenshop.feibu.info/index.php?s=/api/collection/add/type/Goods
[运行时间：0.172388s] [吞吐率：5.80req/s] [内存消耗：3,397.89kb] [文件加载：90]
[ info ] [ LANG ] E:\UPUPW_ANK_W64\WebRoot\Vhosts\puzhen\2.0.0\source\thinkphp\lang\zh-cn.php
[ info ] [ ROUTE ] array (
  'type' => 'module',
  'module' => 
  array (
    0 => 'api',
    1 => 'collection',
    2 => 'add',
  ),
)
[ info ] [ HEADER ] array (
  'accept-encoding' => 'gzip, deflate',
  'referer' => 'https://servicewechat.com/wx6433138919cd9715/devtools/page-frame.html',
  'accept' => '*/*',
  'content-type' => 'application/x-www-form-urlencoded',
  'user-agent' => 'Mozilla/5.0 (iPhone; CPU iPhone OS 11_0 like Mac OS X) AppleWebKit/604.1.38 (KHTML, like Gecko) Version/11.0 Mobile/15A372 Safari/604.1 wechatdevtools/1.05.2109131 MicroMessenger/8.0.5 Language/zh_CN webview/',
  'content-length' => '62',
  'connection' => 'close',
  'host' => 'puzhenshop.feibu.info',
)
[ info ] [ PARAM ] array (
  'id' => '10008',
  'wxapp_id' => '10001',
  'token' => 'b207995fb461f449bdafe362cf70fa9a',
  'type' => 'Goods',
)
[ info ] [ BEHAVIOR ] Run app\common\behavior\App @app_begin [ RunTime:0.000199s ]
[ info ] [ DB ] INIT mysql
[ info ] [ RUN ] app\api\controller\Collection->add[ E:\UPUPW_ANK_W64\WebRoot\Vhosts\puzhen\2.0.0\source\application\api\controller\Collection.php ]
[ info ] [ CACHE ] INIT File
[ info ] [ BEHAVIOR ] Run app\task\behavior\user\Grade @user_grade [ RunTime:0.000158s ]
[ info ] [ BEHAVIOR ] Run app\task\behavior\user\Grade @user_grade [ RunTime:0.000169s ]
[ info ] [ LOG ] INIT File
---------------------------------------------------------------
[ 2022-05-05T21:11:32+08:00 ] 116.22.197.243 GET puzhenshop.feibu.info/index.php?s=/api/goods/detail&goods_id=10007&wxapp_id=10001&token=b207995fb461f449bdafe362cf70fa9a
[运行时间：0.403166s] [吞吐率：2.48req/s] [内存消耗：4,027.33kb] [文件加载：119]
[ info ] [ LANG ] E:\UPUPW_ANK_W64\WebRoot\Vhosts\puzhen\2.0.0\source\thinkphp\lang\zh-cn.php
[ info ] [ ROUTE ] array (
  'type' => 'module',
  'module' => 
  array (
    0 => 'api',
    1 => 'goods',
    2 => 'detail',
  ),
)
[ info ] [ HEADER ] array (
  'accept-encoding' => 'gzip, deflate',
  'referer' => 'https://servicewechat.com/wx6433138919cd9715/devtools/page-frame.html',
  'accept' => '*/*',
  'content-type' => 'application/json',
  'user-agent' => 'Mozilla/5.0 (iPhone; CPU iPhone OS 11_0 like Mac OS X) AppleWebKit/604.1.38 (KHTML, like Gecko) Version/11.0 Mobile/15A372 Safari/604.1 wechatdevtools/1.05.2109131 MicroMessenger/8.0.5 Language/zh_CN webview/',
  'connection' => 'close',
  'host' => 'puzhenshop.feibu.info',
)
[ info ] [ PARAM ] array (
  'goods_id' => '10007',
  'wxapp_id' => '10001',
  'token' => 'b207995fb461f449bdafe362cf70fa9a',
)
[ info ] [ BEHAVIOR ] Run app\common\behavior\App @app_begin [ RunTime:0.000192s ]
[ info ] [ DB ] INIT mysql
[ info ] [ RUN ] app\api\controller\Goods->detail[ E:\UPUPW_ANK_W64\WebRoot\Vhosts\puzhen\2.0.0\source\application\api\controller\Goods.php ]
[ info ] [ CACHE ] INIT File
[ info ] [ BEHAVIOR ] Run app\task\behavior\user\Grade @user_grade [ RunTime:0.000147s ]
[ info ] [ BEHAVIOR ] Run app\task\behavior\user\Grade @user_grade [ RunTime:0.000158s ]
[ info ] [ LOG ] INIT File
---------------------------------------------------------------
[ 2022-05-05T21:11:33+08:00 ] 116.22.197.243 POST puzhenshop.feibu.info/index.php?s=/api/collection/add/type/Goods
[运行时间：0.204440s] [吞吐率：4.89req/s] [内存消耗：3,397.89kb] [文件加载：90]
[ info ] [ LANG ] E:\UPUPW_ANK_W64\WebRoot\Vhosts\puzhen\2.0.0\source\thinkphp\lang\zh-cn.php
[ info ] [ ROUTE ] array (
  'type' => 'module',
  'module' => 
  array (
    0 => 'api',
    1 => 'collection',
    2 => 'add',
  ),
)
[ info ] [ HEADER ] array (
  'accept-encoding' => 'gzip, deflate',
  'referer' => 'https://servicewechat.com/wx6433138919cd9715/devtools/page-frame.html',
  'accept' => '*/*',
  'content-type' => 'application/x-www-form-urlencoded',
  'user-agent' => 'Mozilla/5.0 (iPhone; CPU iPhone OS 11_0 like Mac OS X) AppleWebKit/604.1.38 (KHTML, like Gecko) Version/11.0 Mobile/15A372 Safari/604.1 wechatdevtools/1.05.2109131 MicroMessenger/8.0.5 Language/zh_CN webview/',
  'content-length' => '62',
  'connection' => 'close',
  'host' => 'puzhenshop.feibu.info',
)
[ info ] [ PARAM ] array (
  'id' => '10007',
  'wxapp_id' => '10001',
  'token' => 'b207995fb461f449bdafe362cf70fa9a',
  'type' => 'Goods',
)
[ info ] [ BEHAVIOR ] Run app\common\behavior\App @app_begin [ RunTime:0.000214s ]
[ info ] [ DB ] INIT mysql
[ info ] [ RUN ] app\api\controller\Collection->add[ E:\UPUPW_ANK_W64\WebRoot\Vhosts\puzhen\2.0.0\source\application\api\controller\Collection.php ]
[ info ] [ CACHE ] INIT File
[ info ] [ BEHAVIOR ] Run app\task\behavior\user\Grade @user_grade [ RunTime:0.000156s ]
[ info ] [ BEHAVIOR ] Run app\task\behavior\user\Grade @user_grade [ RunTime:0.000168s ]
[ info ] [ LOG ] INIT File
---------------------------------------------------------------
[ 2022-05-05T21:11:36+08:00 ] 116.22.197.243 GET puzhenshop.feibu.info/index.php?s=/api/user.index/detail&wxapp_id=10001&token=b207995fb461f449bdafe362cf70fa9a
[运行时间：0.220741s] [吞吐率：4.53req/s] [内存消耗：3,660.16kb] [文件加载：108]
[ info ] [ LANG ] E:\UPUPW_ANK_W64\WebRoot\Vhosts\puzhen\2.0.0\source\thinkphp\lang\zh-cn.php
[ info ] [ ROUTE ] array (
  'type' => 'module',
  'module' => 
  array (
    0 => 'api',
    1 => 'user.index',
    2 => 'detail',
  ),
)
[ info ] [ HEADER ] array (
  'accept-encoding' => 'gzip, deflate',
  'referer' => 'https://servicewechat.com/wx6433138919cd9715/devtools/page-frame.html',
  'accept' => '*/*',
  'content-type' => 'application/json',
  'user-agent' => 'Mozilla/5.0 (iPhone; CPU iPhone OS 11_0 like Mac OS X) AppleWebKit/604.1.38 (KHTML, like Gecko) Version/11.0 Mobile/15A372 Safari/604.1 wechatdevtools/1.05.2109131 MicroMessenger/8.0.5 Language/zh_CN webview/',
  'connection' => 'close',
  'host' => 'puzhenshop.feibu.info',
)
[ info ] [ PARAM ] array (
  'wxapp_id' => '10001',
  'token' => 'b207995fb461f449bdafe362cf70fa9a',
)
[ info ] [ BEHAVIOR ] Run app\common\behavior\App @app_begin [ RunTime:0.000211s ]
[ info ] [ DB ] INIT mysql
[ info ] [ RUN ] app\api\controller\user\Index->detail[ E:\UPUPW_ANK_W64\WebRoot\Vhosts\puzhen\2.0.0\source\application\api\controller\user\Index.php ]
[ info ] [ CACHE ] INIT File
[ info ] [ BEHAVIOR ] Run app\task\behavior\user\Grade @user_grade [ RunTime:0.000168s ]
[ info ] [ BEHAVIOR ] Run app\task\behavior\user\Grade @user_grade [ RunTime:0.000182s ]
[ info ] [ BEHAVIOR ] Run app\task\behavior\Order @order [ RunTime:0.000187s ]
[ info ] [ BEHAVIOR ] Run app\task\behavior\sharp\Order @order [ RunTime:0.043817s ]
[ info ] [ BEHAVIOR ] Run app\task\behavior\Order @order [ RunTime:0.043830s ]
[ info ] [ LOG ] INIT File
---------------------------------------------------------------
[ 2022-05-05T21:11:37+08:00 ] 116.22.197.243 GET puzhenshop.feibu.info/index.php?s=/api/tea_qrcode/lists&page=1&wxapp_id=10001&token=b207995fb461f449bdafe362cf70fa9a
[运行时间：0.298978s] [吞吐率：3.34req/s] [内存消耗：3,396.59kb] [文件加载：91]
[ info ] [ LANG ] E:\UPUPW_ANK_W64\WebRoot\Vhosts\puzhen\2.0.0\source\thinkphp\lang\zh-cn.php
[ info ] [ ROUTE ] array (
  'type' => 'module',
  'module' => 
  array (
    0 => 'api',
    1 => 'tea_qrcode',
    2 => 'lists',
  ),
)
[ info ] [ HEADER ] array (
  'accept-encoding' => 'gzip, deflate',
  'referer' => 'https://servicewechat.com/wx6433138919cd9715/devtools/page-frame.html',
  'accept' => '*/*',
  'content-type' => 'application/json',
  'user-agent' => 'Mozilla/5.0 (iPhone; CPU iPhone OS 11_0 like Mac OS X) AppleWebKit/604.1.38 (KHTML, like Gecko) Version/11.0 Mobile/15A372 Safari/604.1 wechatdevtools/1.05.2109131 MicroMessenger/8.0.5 Language/zh_CN webview/',
  'connection' => 'close',
  'host' => 'puzhenshop.feibu.info',
)
[ info ] [ PARAM ] array (
  'page' => '1',
  'wxapp_id' => '10001',
  'token' => 'b207995fb461f449bdafe362cf70fa9a',
)
[ info ] [ BEHAVIOR ] Run app\common\behavior\App @app_begin [ RunTime:0.000227s ]
[ info ] [ DB ] INIT mysql
[ info ] [ RUN ] app\api\controller\TeaQrcode->lists[ E:\UPUPW_ANK_W64\WebRoot\Vhosts\puzhen\2.0.0\source\application\api\controller\TeaQrcode.php ]
[ info ] [ CACHE ] INIT File
[ info ] [ BEHAVIOR ] Run app\task\behavior\user\Grade @user_grade [ RunTime:0.000175s ]
[ info ] [ BEHAVIOR ] Run app\task\behavior\user\Grade @user_grade [ RunTime:0.000196s ]
[ info ] [ LOG ] INIT File
---------------------------------------------------------------
[ 2022-05-05T21:11:46+08:00 ] 116.22.197.243 GET puzhenshop.feibu.info/index.php?s=/api/tea_qrcode/lists&page=1&wxapp_id=10001&token=b207995fb461f449bdafe362cf70fa9a
[运行时间：0.330640s] [吞吐率：3.02req/s] [内存消耗：3,396.59kb] [文件加载：91]
[ info ] [ LANG ] E:\UPUPW_ANK_W64\WebRoot\Vhosts\puzhen\2.0.0\source\thinkphp\lang\zh-cn.php
[ info ] [ ROUTE ] array (
  'type' => 'module',
  'module' => 
  array (
    0 => 'api',
    1 => 'tea_qrcode',
    2 => 'lists',
  ),
)
[ info ] [ HEADER ] array (
  'accept-encoding' => 'gzip, deflate',
  'referer' => 'https://servicewechat.com/wx6433138919cd9715/devtools/page-frame.html',
  'accept' => '*/*',
  'content-type' => 'application/json',
  'user-agent' => 'Mozilla/5.0 (iPhone; CPU iPhone OS 11_0 like Mac OS X) AppleWebKit/604.1.38 (KHTML, like Gecko) Version/11.0 Mobile/15A372 Safari/604.1 wechatdevtools/1.05.2109131 MicroMessenger/8.0.5 Language/zh_CN webview/',
  'connection' => 'close',
  'host' => 'puzhenshop.feibu.info',
)
[ info ] [ PARAM ] array (
  'page' => '1',
  'wxapp_id' => '10001',
  'token' => 'b207995fb461f449bdafe362cf70fa9a',
)
[ info ] [ BEHAVIOR ] Run app\common\behavior\App @app_begin [ RunTime:0.000285s ]
[ info ] [ DB ] INIT mysql
[ info ] [ RUN ] app\api\controller\TeaQrcode->lists[ E:\UPUPW_ANK_W64\WebRoot\Vhosts\puzhen\2.0.0\source\application\api\controller\TeaQrcode.php ]
[ info ] [ CACHE ] INIT File
[ info ] [ BEHAVIOR ] Run app\task\behavior\user\Grade @user_grade [ RunTime:0.000144s ]
[ info ] [ BEHAVIOR ] Run app\task\behavior\user\Grade @user_grade [ RunTime:0.000156s ]
[ info ] [ LOG ] INIT File
---------------------------------------------------------------
[ 2022-05-05T21:22:41+08:00 ] 116.22.197.243 GET puzhenshop.feibu.info/index.php?s=/api/tea_qrcode/lists&page=1&wxapp_id=10001&token=b207995fb461f449bdafe362cf70fa9a
[运行时间：0.357188s] [吞吐率：2.80req/s] [内存消耗：3,419.16kb] [文件加载：92]
[ info ] [ LANG ] E:\UPUPW_ANK_W64\WebRoot\Vhosts\puzhen\2.0.0\source\thinkphp\lang\zh-cn.php
[ info ] [ ROUTE ] array (
  'type' => 'module',
  'module' => 
  array (
    0 => 'api',
    1 => 'tea_qrcode',
    2 => 'lists',
  ),
)
[ info ] [ HEADER ] array (
  'accept-encoding' => 'gzip, deflate',
  'referer' => 'https://servicewechat.com/wx6433138919cd9715/devtools/page-frame.html',
  'accept' => '*/*',
  'content-type' => 'application/json',
  'user-agent' => 'Mozilla/5.0 (iPhone; CPU iPhone OS 11_0 like Mac OS X) AppleWebKit/604.1.38 (KHTML, like Gecko) Version/11.0 Mobile/15A372 Safari/604.1 wechatdevtools/1.05.2109131 MicroMessenger/8.0.5 Language/zh_CN webview/',
  'connection' => 'close',
  'host' => 'puzhenshop.feibu.info',
)
[ info ] [ PARAM ] array (
  'page' => '1',
  'wxapp_id' => '10001',
  'token' => 'b207995fb461f449bdafe362cf70fa9a',
)
[ info ] [ BEHAVIOR ] Run app\common\behavior\App @app_begin [ RunTime:0.000341s ]
[ info ] [ DB ] INIT mysql
[ info ] [ RUN ] app\api\controller\TeaQrcode->lists[ E:\UPUPW_ANK_W64\WebRoot\Vhosts\puzhen\2.0.0\source\application\api\controller\TeaQrcode.php ]
[ info ] [ CACHE ] INIT File
[ info ] [ BEHAVIOR ] Run app\task\behavior\user\Grade @user_grade [ RunTime:0.022501s ]
[ info ] [ BEHAVIOR ] Run app\task\behavior\user\Grade @user_grade [ RunTime:0.022517s ]
[ info ] [ LOG ] INIT File
---------------------------------------------------------------
[ 2022-05-05T21:22:51+08:00 ] 113.98.116.106 GET puzhenshop.feibu.info/index.php?s=/api/tea_qrcode/lists&page=1&wxapp_id=10001&token=b207995fb461f449bdafe362cf70fa9a
[运行时间：0.247214s] [吞吐率：4.05req/s] [内存消耗：3,396.59kb] [文件加载：91]
[ info ] [ LANG ] E:\UPUPW_ANK_W64\WebRoot\Vhosts\puzhen\2.0.0\source\thinkphp\lang\zh-cn.php
[ info ] [ ROUTE ] array (
  'type' => 'module',
  'module' => 
  array (
    0 => 'api',
    1 => 'tea_qrcode',
    2 => 'lists',
  ),
)
[ info ] [ HEADER ] array (
  'accept-encoding' => 'gzip, deflate',
  'referer' => 'https://servicewechat.com/wx6433138919cd9715/devtools/page-frame.html',
  'accept' => '*/*',
  'content-type' => 'application/json',
  'user-agent' => 'Mozilla/5.0 (iPhone; CPU iPhone OS 11_0 like Mac OS X) AppleWebKit/604.1.38 (KHTML, like Gecko) Version/11.0 Mobile/15A372 Safari/604.1 wechatdevtools/1.05.2109131 MicroMessenger/8.0.5 Language/zh_CN webview/',
  'connection' => 'close',
  'host' => 'puzhenshop.feibu.info',
)
[ info ] [ PARAM ] array (
  'page' => '1',
  'wxapp_id' => '10001',
  'token' => 'b207995fb461f449bdafe362cf70fa9a',
)
[ info ] [ BEHAVIOR ] Run app\common\behavior\App @app_begin [ RunTime:0.000182s ]
[ info ] [ DB ] INIT mysql
[ info ] [ RUN ] app\api\controller\TeaQrcode->lists[ E:\UPUPW_ANK_W64\WebRoot\Vhosts\puzhen\2.0.0\source\application\api\controller\TeaQrcode.php ]
[ info ] [ CACHE ] INIT File
[ info ] [ BEHAVIOR ] Run app\task\behavior\user\Grade @user_grade [ RunTime:0.000149s ]
[ info ] [ BEHAVIOR ] Run app\task\behavior\user\Grade @user_grade [ RunTime:0.000160s ]
[ info ] [ LOG ] INIT File
---------------------------------------------------------------
[ 2022-05-05T21:23:43+08:00 ] 113.98.116.106 GET puzhenshop.feibu.info/index.php?s=/api/tea_qrcode/lists&page=1&wxapp_id=10001&token=b207995fb461f449bdafe362cf70fa9a
[运行时间：0.272371s] [吞吐率：3.67req/s] [内存消耗：3,397.30kb] [文件加载：91]
[ info ] [ LANG ] E:\UPUPW_ANK_W64\WebRoot\Vhosts\puzhen\2.0.0\source\thinkphp\lang\zh-cn.php
[ info ] [ ROUTE ] array (
  'type' => 'module',
  'module' => 
  array (
    0 => 'api',
    1 => 'tea_qrcode',
    2 => 'lists',
  ),
)
[ info ] [ HEADER ] array (
  'accept-encoding' => 'gzip, deflate',
  'referer' => 'https://servicewechat.com/wx6433138919cd9715/devtools/page-frame.html',
  'accept' => '*/*',
  'content-type' => 'application/json',
  'user-agent' => 'Mozilla/5.0 (iPhone; CPU iPhone OS 11_0 like Mac OS X) AppleWebKit/604.1.38 (KHTML, like Gecko) Version/11.0 Mobile/15A372 Safari/604.1 wechatdevtools/1.05.2109131 MicroMessenger/8.0.5 Language/zh_CN webview/',
  'connection' => 'close',
  'host' => 'puzhenshop.feibu.info',
)
[ info ] [ PARAM ] array (
  'page' => '1',
  'wxapp_id' => '10001',
  'token' => 'b207995fb461f449bdafe362cf70fa9a',
)
[ info ] [ BEHAVIOR ] Run app\common\behavior\App @app_begin [ RunTime:0.000406s ]
[ info ] [ DB ] INIT mysql
[ info ] [ RUN ] app\api\controller\TeaQrcode->lists[ E:\UPUPW_ANK_W64\WebRoot\Vhosts\puzhen\2.0.0\source\application\api\controller\TeaQrcode.php ]
[ info ] [ CACHE ] INIT File
[ info ] [ BEHAVIOR ] Run app\task\behavior\user\Grade @user_grade [ RunTime:0.000322s ]
[ info ] [ BEHAVIOR ] Run app\task\behavior\user\Grade @user_grade [ RunTime:0.000334s ]
[ info ] [ LOG ] INIT File
---------------------------------------------------------------
[ 2022-05-05T21:24:25+08:00 ] 113.98.116.106 GET puzhenshop.feibu.info/index.php?s=/api/tea_qrcode/lists&page=1&wxapp_id=10001&token=b207995fb461f449bdafe362cf70fa9a
[运行时间：0.288005s] [吞吐率：3.47req/s] [内存消耗：3,397.30kb] [文件加载：91]
[ info ] [ LANG ] E:\UPUPW_ANK_W64\WebRoot\Vhosts\puzhen\2.0.0\source\thinkphp\lang\zh-cn.php
[ info ] [ ROUTE ] array (
  'type' => 'module',
  'module' => 
  array (
    0 => 'api',
    1 => 'tea_qrcode',
    2 => 'lists',
  ),
)
[ info ] [ HEADER ] array (
  'accept-encoding' => 'gzip, deflate',
  'referer' => 'https://servicewechat.com/wx6433138919cd9715/devtools/page-frame.html',
  'accept' => '*/*',
  'content-type' => 'application/json',
  'user-agent' => 'Mozilla/5.0 (iPhone; CPU iPhone OS 11_0 like Mac OS X) AppleWebKit/604.1.38 (KHTML, like Gecko) Version/11.0 Mobile/15A372 Safari/604.1 wechatdevtools/1.05.2109131 MicroMessenger/8.0.5 Language/zh_CN webview/',
  'connection' => 'close',
  'host' => 'puzhenshop.feibu.info',
)
[ info ] [ PARAM ] array (
  'page' => '1',
  'wxapp_id' => '10001',
  'token' => 'b207995fb461f449bdafe362cf70fa9a',
)
[ info ] [ BEHAVIOR ] Run app\common\behavior\App @app_begin [ RunTime:0.000389s ]
[ info ] [ DB ] INIT mysql
[ info ] [ RUN ] app\api\controller\TeaQrcode->lists[ E:\UPUPW_ANK_W64\WebRoot\Vhosts\puzhen\2.0.0\source\application\api\controller\TeaQrcode.php ]
[ info ] [ CACHE ] INIT File
[ info ] [ BEHAVIOR ] Run app\task\behavior\user\Grade @user_grade [ RunTime:0.000285s ]
[ info ] [ BEHAVIOR ] Run app\task\behavior\user\Grade @user_grade [ RunTime:0.000298s ]
[ info ] [ LOG ] INIT File
---------------------------------------------------------------
[ 2022-05-05T21:25:26+08:00 ] 116.22.197.243 GET puzhenshop.feibu.info/index.php?s=/api/collection/lists/type/Goods&page=1&wxapp_id=10001&token=b207995fb461f449bdafe362cf70fa9a
[运行时间：0.269332s] [吞吐率：3.71req/s] [内存消耗：3,607.71kb] [文件加载：100]
[ info ] [ LANG ] E:\UPUPW_ANK_W64\WebRoot\Vhosts\puzhen\2.0.0\source\thinkphp\lang\zh-cn.php
[ info ] [ ROUTE ] array (
  'type' => 'module',
  'module' => 
  array (
    0 => 'api',
    1 => 'collection',
    2 => 'lists',
  ),
)
[ info ] [ HEADER ] array (
  'accept-encoding' => 'gzip, deflate',
  'referer' => 'https://servicewechat.com/wx6433138919cd9715/devtools/page-frame.html',
  'accept' => '*/*',
  'content-type' => 'application/json',
  'user-agent' => 'Mozilla/5.0 (iPhone; CPU iPhone OS 11_0 like Mac OS X) AppleWebKit/604.1.38 (KHTML, like Gecko) Version/11.0 Mobile/15A372 Safari/604.1 wechatdevtools/1.05.2109131 MicroMessenger/8.0.5 Language/zh_CN webview/',
  'connection' => 'close',
  'host' => 'puzhenshop.feibu.info',
)
[ info ] [ PARAM ] array (
  'page' => '1',
  'wxapp_id' => '10001',
  'token' => 'b207995fb461f449bdafe362cf70fa9a',
  'type' => 'Goods',
)
[ info ] [ BEHAVIOR ] Run app\common\behavior\App @app_begin [ RunTime:0.000356s ]
[ info ] [ DB ] INIT mysql
[ info ] [ RUN ] app\api\controller\Collection->lists[ E:\UPUPW_ANK_W64\WebRoot\Vhosts\puzhen\2.0.0\source\application\api\controller\Collection.php ]
[ info ] [ CACHE ] INIT File
[ info ] [ BEHAVIOR ] Run app\task\behavior\user\Grade @user_grade [ RunTime:0.000308s ]
[ info ] [ BEHAVIOR ] Run app\task\behavior\user\Grade @user_grade [ RunTime:0.000319s ]
[ info ] [ LOG ] INIT File
---------------------------------------------------------------
[ 2022-05-05T21:27:45+08:00 ] 113.98.116.106 GET puzhenshop.feibu.info/index.php?s=/api/collection/lists/type/Goods&page=1&wxapp_id=10001&token=b207995fb461f449bdafe362cf70fa9a
[运行时间：0.204310s] [吞吐率：4.89req/s] [内存消耗：3,607.71kb] [文件加载：100]
[ info ] [ LANG ] E:\UPUPW_ANK_W64\WebRoot\Vhosts\puzhen\2.0.0\source\thinkphp\lang\zh-cn.php
[ info ] [ ROUTE ] array (
  'type' => 'module',
  'module' => 
  array (
    0 => 'api',
    1 => 'collection',
    2 => 'lists',
  ),
)
[ info ] [ HEADER ] array (
  'accept-encoding' => 'gzip, deflate',
  'referer' => 'https://servicewechat.com/wx6433138919cd9715/devtools/page-frame.html',
  'accept' => '*/*',
  'content-type' => 'application/json',
  'user-agent' => 'Mozilla/5.0 (iPhone; CPU iPhone OS 11_0 like Mac OS X) AppleWebKit/604.1.38 (KHTML, like Gecko) Version/11.0 Mobile/15A372 Safari/604.1 wechatdevtools/1.05.2109131 MicroMessenger/8.0.5 Language/zh_CN webview/',
  'connection' => 'close',
  'host' => 'puzhenshop.feibu.info',
)
[ info ] [ PARAM ] array (
  'page' => '1',
  'wxapp_id' => '10001',
  'token' => 'b207995fb461f449bdafe362cf70fa9a',
  'type' => 'Goods',
)
[ info ] [ BEHAVIOR ] Run app\common\behavior\App @app_begin [ RunTime:0.000385s ]
[ info ] [ DB ] INIT mysql
[ info ] [ RUN ] app\api\controller\Collection->lists[ E:\UPUPW_ANK_W64\WebRoot\Vhosts\puzhen\2.0.0\source\application\api\controller\Collection.php ]
[ info ] [ CACHE ] INIT File
[ info ] [ BEHAVIOR ] Run app\task\behavior\user\Grade @user_grade [ RunTime:0.000252s ]
[ info ] [ BEHAVIOR ] Run app\task\behavior\user\Grade @user_grade [ RunTime:0.000265s ]
[ info ] [ LOG ] INIT File
---------------------------------------------------------------
[ 2022-05-05T21:28:29+08:00 ] 116.22.197.243 GET puzhenshop.feibu.info/index.php?s=/api/collection/lists/type/Goods&page=1&wxapp_id=10001&token=b207995fb461f449bdafe362cf70fa9a
[运行时间：0.243467s] [吞吐率：4.11req/s] [内存消耗：3,607.71kb] [文件加载：100]
[ info ] [ LANG ] E:\UPUPW_ANK_W64\WebRoot\Vhosts\puzhen\2.0.0\source\thinkphp\lang\zh-cn.php
[ info ] [ ROUTE ] array (
  'type' => 'module',
  'module' => 
  array (
    0 => 'api',
    1 => 'collection',
    2 => 'lists',
  ),
)
[ info ] [ HEADER ] array (
  'accept-encoding' => 'gzip, deflate',
  'referer' => 'https://servicewechat.com/wx6433138919cd9715/devtools/page-frame.html',
  'accept' => '*/*',
  'content-type' => 'application/json',
  'user-agent' => 'Mozilla/5.0 (iPhone; CPU iPhone OS 11_0 like Mac OS X) AppleWebKit/604.1.38 (KHTML, like Gecko) Version/11.0 Mobile/15A372 Safari/604.1 wechatdevtools/1.05.2109131 MicroMessenger/8.0.5 Language/zh_CN webview/',
  'connection' => 'close',
  'host' => 'puzhenshop.feibu.info',
)
[ info ] [ PARAM ] array (
  'page' => '1',
  'wxapp_id' => '10001',
  'token' => 'b207995fb461f449bdafe362cf70fa9a',
  'type' => 'Goods',
)
[ info ] [ BEHAVIOR ] Run app\common\behavior\App @app_begin [ RunTime:0.000311s ]
[ info ] [ DB ] INIT mysql
[ info ] [ RUN ] app\api\controller\Collection->lists[ E:\UPUPW_ANK_W64\WebRoot\Vhosts\puzhen\2.0.0\source\application\api\controller\Collection.php ]
[ info ] [ CACHE ] INIT File
[ info ] [ BEHAVIOR ] Run app\task\behavior\user\Grade @user_grade [ RunTime:0.000246s ]
[ info ] [ BEHAVIOR ] Run app\task\behavior\user\Grade @user_grade [ RunTime:0.000259s ]
[ info ] [ LOG ] INIT File
---------------------------------------------------------------
[ 2022-05-05T21:29:20+08:00 ] 116.22.197.243 GET puzhenshop.feibu.info/index.php?s=/api/collection/lists/type/Goods&page=1&wxapp_id=10001&token=b207995fb461f449bdafe362cf70fa9a
[运行时间：0.302084s] [吞吐率：3.31req/s] [内存消耗：3,607.71kb] [文件加载：100]
[ info ] [ LANG ] E:\UPUPW_ANK_W64\WebRoot\Vhosts\puzhen\2.0.0\source\thinkphp\lang\zh-cn.php
[ info ] [ ROUTE ] array (
  'type' => 'module',
  'module' => 
  array (
    0 => 'api',
    1 => 'collection',
    2 => 'lists',
  ),
)
[ info ] [ HEADER ] array (
  'accept-encoding' => 'gzip, deflate',
  'referer' => 'https://servicewechat.com/wx6433138919cd9715/devtools/page-frame.html',
  'accept' => '*/*',
  'content-type' => 'application/json',
  'user-agent' => 'Mozilla/5.0 (iPhone; CPU iPhone OS 11_0 like Mac OS X) AppleWebKit/604.1.38 (KHTML, like Gecko) Version/11.0 Mobile/15A372 Safari/604.1 wechatdevtools/1.05.2109131 MicroMessenger/8.0.5 Language/zh_CN webview/',
  'connection' => 'close',
  'host' => 'puzhenshop.feibu.info',
)
[ info ] [ PARAM ] array (
  'page' => '1',
  'wxapp_id' => '10001',
  'token' => 'b207995fb461f449bdafe362cf70fa9a',
  'type' => 'Goods',
)
[ info ] [ BEHAVIOR ] Run app\common\behavior\App @app_begin [ RunTime:0.000377s ]
[ info ] [ DB ] INIT mysql
[ info ] [ RUN ] app\api\controller\Collection->lists[ E:\UPUPW_ANK_W64\WebRoot\Vhosts\puzhen\2.0.0\source\application\api\controller\Collection.php ]
[ info ] [ CACHE ] INIT File
[ info ] [ BEHAVIOR ] Run app\task\behavior\user\Grade @user_grade [ RunTime:0.000250s ]
[ info ] [ BEHAVIOR ] Run app\task\behavior\user\Grade @user_grade [ RunTime:0.000263s ]
[ info ] [ LOG ] INIT File
---------------------------------------------------------------
[ 2022-05-05T21:30:17+08:00 ] 116.22.197.243 GET puzhenshop.feibu.info/index.php?s=/api/collection/lists/type/Goods&page=1&wxapp_id=10001&token=b207995fb461f449bdafe362cf70fa9a
[运行时间：0.350285s] [吞吐率：2.85req/s] [内存消耗：3,607.71kb] [文件加载：100]
[ info ] [ LANG ] E:\UPUPW_ANK_W64\WebRoot\Vhosts\puzhen\2.0.0\source\thinkphp\lang\zh-cn.php
[ info ] [ ROUTE ] array (
  'type' => 'module',
  'module' => 
  array (
    0 => 'api',
    1 => 'collection',
    2 => 'lists',
  ),
)
[ info ] [ HEADER ] array (
  'accept-encoding' => 'gzip, deflate',
  'referer' => 'https://servicewechat.com/wx6433138919cd9715/devtools/page-frame.html',
  'accept' => '*/*',
  'content-type' => 'application/json',
  'user-agent' => 'Mozilla/5.0 (iPhone; CPU iPhone OS 11_0 like Mac OS X) AppleWebKit/604.1.38 (KHTML, like Gecko) Version/11.0 Mobile/15A372 Safari/604.1 wechatdevtools/1.05.2109131 MicroMessenger/8.0.5 Language/zh_CN webview/',
  'connection' => 'close',
  'host' => 'puzhenshop.feibu.info',
)
[ info ] [ PARAM ] array (
  'page' => '1',
  'wxapp_id' => '10001',
  'token' => 'b207995fb461f449bdafe362cf70fa9a',
  'type' => 'Goods',
)
[ info ] [ BEHAVIOR ] Run app\common\behavior\App @app_begin [ RunTime:0.000322s ]
[ info ] [ DB ] INIT mysql
[ info ] [ RUN ] app\api\controller\Collection->lists[ E:\UPUPW_ANK_W64\WebRoot\Vhosts\puzhen\2.0.0\source\application\api\controller\Collection.php ]
[ info ] [ CACHE ] INIT File
[ info ] [ BEHAVIOR ] Run app\task\behavior\user\Grade @user_grade [ RunTime:0.000285s ]
[ info ] [ BEHAVIOR ] Run app\task\behavior\user\Grade @user_grade [ RunTime:0.000298s ]
[ info ] [ LOG ] INIT File
