---------------------------------------------------------------
[ 2022-05-10T08:07:21+08:00 ] 183.38.213.4 GET puzhenshop.feibu.info/index.php?s=/api/user.index/detail&wxapp_id=10001&token=f46d37b92146d47762a906dd525add77
[ yoshop-info ] behavior Order --close --close_days 3 --deadline_time 1651882041 --orderIds []
[ yoshop-info ] behavior Order --receive --receive_days 10 --deadline_time 1651277241 --orderIds []
[ yoshop-info ] behavior Order --settled --refund_days 7 --deadline_time 1651536441 --orderIds []
[ yoshop-info ] behavior sharp Order --close --close_minute 10 --deadline_time 1652140641 --orderIds []
---------------------------------------------------------------
[ 2022-05-10T11:50:15+08:00 ] 218.19.205.82 GET puzhenshop.feibu.info/index.php?s=/store/index/index
[ yoshop-info ] behavior Order --close --close_days 3 --deadline_time 1651895415 --orderIds []
[ yoshop-info ] behavior Order --receive --receive_days 10 --deadline_time 1651290615 --orderIds []
[ yoshop-info ] behavior Order --settled --refund_days 7 --deadline_time 1651549815 --orderIds []
[ yoshop-info ] behavior sharp Order --close --close_minute 10 --deadline_time 1652154015 --orderIds []
---------------------------------------------------------------
[ 2022-05-10T16:08:48+08:00 ] 218.19.205.82 GET puzhenshop.feibu.info/index.php?s=/api/user.index/detail&wxapp_id=10001&token=4ef8dc51e806d0a2abf6f91985fb6375
[ yoshop-info ] behavior Order --close --close_days 3 --deadline_time 1651910928 --orderIds []
[ yoshop-info ] behavior Order --receive --receive_days 10 --deadline_time 1651306128 --orderIds []
[ yoshop-info ] behavior Order --settled --refund_days 7 --deadline_time 1651565328 --orderIds []
[ yoshop-info ] behavior sharp Order --close --close_minute 10 --deadline_time 1652169528 --orderIds []
---------------------------------------------------------------
[ 2022-05-10T16:08:53+08:00 ] 218.19.205.82 GET puzhenshop.feibu.info/index.php?s=/api/user.index/detail&wxapp_id=10001&token=4ef8dc51e806d0a2abf6f91985fb6375
[ yoshop-info ] behavior sharp Order --close --close_minute 10 --deadline_time 1652169533 --orderIds []
---------------------------------------------------------------
[ 2022-05-10T17:11:20+08:00 ] 223.104.64.228 GET puzhenshop.feibu.info/index.php?s=/api/user.index/detail&wxapp_id=10001&token=ca0d0e33ad7b56681e59d6fdc409af97
[ yoshop-info ] behavior Order --close --close_days 3 --deadline_time 1651914679 --orderIds []
[ yoshop-info ] behavior Order --receive --receive_days 10 --deadline_time 1651309880 --orderIds []
[ yoshop-info ] behavior Order --settled --refund_days 7 --deadline_time 1651569080 --orderIds []
[ yoshop-info ] behavior sharp Order --close --close_minute 10 --deadline_time 1652173280 --orderIds []
---------------------------------------------------------------
[ 2022-05-10T18:53:27+08:00 ] 183.38.213.4 GET puzhenshop.feibu.info/index.php?s=/api/user.index/detail&wxapp_id=10001&token=f46d37b92146d47762a906dd525add77
[ yoshop-info ] behavior Order --close --close_days 3 --deadline_time 1651920807 --orderIds []
[ yoshop-info ] behavior Order --receive --receive_days 10 --deadline_time 1651316007 --orderIds []
[ yoshop-info ] behavior Order --settled --refund_days 7 --deadline_time 1651575207 --orderIds []
[ yoshop-info ] behavior sharp Order --close --close_minute 10 --deadline_time 1652179407 --orderIds []
