---------------------------------------------------------------
[ 2022-05-19T14:30:18+08:00 ] 125.95.3.84 GET puzhenshop.feibu.info/index.php?s=/api/page/banner&wxapp_id=10001&token=32f43b02d8c9b68263d0ce481637fc62
[运行时间：0.261444s] [吞吐率：3.82req/s] [内存消耗：2,989.09kb] [文件加载：77]
[ info ] [ LANG ] E:\UPUPW_ANK_W64\WebRoot\Vhosts\puzhen\2.0.0\source\thinkphp\lang\zh-cn.php
[ info ] [ ROUTE ] array (
  'type' => 'module',
  'module' => 
  array (
    0 => 'api',
    1 => 'page',
    2 => 'banner',
  ),
)
[ info ] [ HEADER ] array (
  'accept-encoding' => 'gzip,compress,br,deflate',
  'content-type' => 'application/json',
  'user-agent' => 'Mozilla/5.0 (Linux; Android 12; M2012K11AC Build/SKQ1.211006.001; wv) AppleWebKit/537.36 (KHTML, like Gecko) Version/4.0 Chrome/86.0.4240.99 XWEB/3225 MMWEBSDK/20220402 Mobile Safari/537.36 MMWEBID/7767 MicroMessenger/8.0.22.2140(0x280016E6) WeChat/arm64 Weixin NetType/WIFI Language/zh_CN ABI/arm64 MiniProgramEnv/android',
  'charset' => 'utf-8',
  'connection' => 'close',
  'host' => 'puzhenshop.feibu.info',
)
[ info ] [ PARAM ] array (
  'wxapp_id' => '10001',
  'token' => '32f43b02d8c9b68263d0ce481637fc62',
)
[ info ] [ BEHAVIOR ] Run app\common\behavior\App @app_begin [ RunTime:0.001080s ]
[ info ] [ DB ] INIT mysql
[ info ] [ RUN ] app\api\controller\Page->banner[ E:\UPUPW_ANK_W64\WebRoot\Vhosts\puzhen\2.0.0\source\application\api\controller\Page.php ]
[ info ] [ LOG ] INIT File
---------------------------------------------------------------
[ 2022-05-19T14:30:18+08:00 ] 125.95.3.84 GET puzhenshop.feibu.info/index.php?s=/api/page/index&page_id=0&wxapp_id=10001&token=32f43b02d8c9b68263d0ce481637fc62
[运行时间：0.414792s] [吞吐率：2.41req/s] [内存消耗：3,776.88kb] [文件加载：103]
[ info ] [ LANG ] E:\UPUPW_ANK_W64\WebRoot\Vhosts\puzhen\2.0.0\source\thinkphp\lang\zh-cn.php
[ info ] [ ROUTE ] array (
  'type' => 'module',
  'module' => 
  array (
    0 => 'api',
    1 => 'page',
    2 => 'index',
  ),
)
[ info ] [ HEADER ] array (
  'accept-encoding' => 'gzip,compress,br,deflate',
  'content-type' => 'application/json',
  'user-agent' => 'Mozilla/5.0 (Linux; Android 12; M2012K11AC Build/SKQ1.211006.001; wv) AppleWebKit/537.36 (KHTML, like Gecko) Version/4.0 Chrome/86.0.4240.99 XWEB/3225 MMWEBSDK/20220402 Mobile Safari/537.36 MMWEBID/7767 MicroMessenger/8.0.22.2140(0x280016E6) WeChat/arm64 Weixin NetType/WIFI Language/zh_CN ABI/arm64 MiniProgramEnv/android',
  'charset' => 'utf-8',
  'connection' => 'close',
  'host' => 'puzhenshop.feibu.info',
)
[ info ] [ PARAM ] array (
  'page_id' => '0',
  'wxapp_id' => '10001',
  'token' => '32f43b02d8c9b68263d0ce481637fc62',
)
[ info ] [ BEHAVIOR ] Run app\common\behavior\App @app_begin [ RunTime:0.001494s ]
[ info ] [ DB ] INIT mysql
[ info ] [ RUN ] app\api\controller\Page->index[ E:\UPUPW_ANK_W64\WebRoot\Vhosts\puzhen\2.0.0\source\application\api\controller\Page.php ]
[ info ] [ CACHE ] INIT File
[ info ] [ BEHAVIOR ] Run app\task\behavior\user\Grade @user_grade [ RunTime:0.020086s ]
[ info ] [ BEHAVIOR ] Run app\task\behavior\user\Grade @user_grade [ RunTime:0.020107s ]
[ info ] [ LOG ] INIT File
---------------------------------------------------------------
[ 2022-05-19T14:30:23+08:00 ] 125.95.3.84 GET puzhenshop.feibu.info/index.php?s=/api/category/index&wxapp_id=10001&token=32f43b02d8c9b68263d0ce481637fc62
[运行时间：0.092453s] [吞吐率：10.82req/s] [内存消耗：2,935.32kb] [文件加载：75]
[ info ] [ LANG ] E:\UPUPW_ANK_W64\WebRoot\Vhosts\puzhen\2.0.0\source\thinkphp\lang\zh-cn.php
[ info ] [ ROUTE ] array (
  'type' => 'module',
  'module' => 
  array (
    0 => 'api',
    1 => 'category',
    2 => 'index',
  ),
)
[ info ] [ HEADER ] array (
  'accept-encoding' => 'gzip,compress,br,deflate',
  'content-type' => 'application/json',
  'user-agent' => 'Mozilla/5.0 (Linux; Android 12; M2012K11AC Build/SKQ1.211006.001; wv) AppleWebKit/537.36 (KHTML, like Gecko) Version/4.0 Chrome/86.0.4240.99 XWEB/3225 MMWEBSDK/20220402 Mobile Safari/537.36 MMWEBID/7767 MicroMessenger/8.0.22.2140(0x280016E6) WeChat/arm64 Weixin NetType/WIFI Language/zh_CN ABI/arm64 MiniProgramEnv/android',
  'charset' => 'utf-8',
  'connection' => 'close',
  'host' => 'puzhenshop.feibu.info',
)
[ info ] [ PARAM ] array (
  'wxapp_id' => '10001',
  'token' => '32f43b02d8c9b68263d0ce481637fc62',
)
[ info ] [ BEHAVIOR ] Run app\common\behavior\App @app_begin [ RunTime:0.000189s ]
[ info ] [ DB ] INIT mysql
[ info ] [ RUN ] app\api\controller\Category->index[ E:\UPUPW_ANK_W64\WebRoot\Vhosts\puzhen\2.0.0\source\application\api\controller\Category.php ]
[ info ] [ CACHE ] INIT File
[ info ] [ LOG ] INIT File
---------------------------------------------------------------
[ 2022-05-19T14:30:40+08:00 ] 125.95.3.84 GET puzhenshop.feibu.info/index.php?s=/api/distributor/lists&page=1&latitude=23.13093234592014&longitude=113.04962537977431&wxapp_id=10001&token=32f43b02d8c9b68263d0ce481637fc62
[运行时间：0.155870s] [吞吐率：6.42req/s] [内存消耗：7,526.21kb] [文件加载：84]
[ info ] [ LANG ] E:\UPUPW_ANK_W64\WebRoot\Vhosts\puzhen\2.0.0\source\thinkphp\lang\zh-cn.php
[ info ] [ ROUTE ] array (
  'type' => 'module',
  'module' => 
  array (
    0 => 'api',
    1 => 'distributor',
    2 => 'lists',
  ),
)
[ info ] [ HEADER ] array (
  'accept-encoding' => 'gzip,compress,br,deflate',
  'content-type' => 'application/json',
  'user-agent' => 'Mozilla/5.0 (Linux; Android 12; M2012K11AC Build/SKQ1.211006.001; wv) AppleWebKit/537.36 (KHTML, like Gecko) Version/4.0 Chrome/86.0.4240.99 XWEB/3225 MMWEBSDK/20220402 Mobile Safari/537.36 MMWEBID/7767 MicroMessenger/8.0.22.2140(0x280016E6) WeChat/arm64 Weixin NetType/WIFI Language/zh_CN ABI/arm64 MiniProgramEnv/android',
  'charset' => 'utf-8',
  'connection' => 'close',
  'host' => 'puzhenshop.feibu.info',
)
[ info ] [ PARAM ] array (
  'page' => '1',
  'latitude' => '23.13093234592014',
  'longitude' => '113.04962537977431',
  'wxapp_id' => '10001',
  'token' => '32f43b02d8c9b68263d0ce481637fc62',
)
[ info ] [ BEHAVIOR ] Run app\common\behavior\App @app_begin [ RunTime:0.000346s ]
[ info ] [ DB ] INIT mysql
[ info ] [ RUN ] app\api\controller\Distributor->lists[ E:\UPUPW_ANK_W64\WebRoot\Vhosts\puzhen\2.0.0\source\application\api\controller\Distributor.php ]
[ info ] [ CACHE ] INIT File
[ info ] [ LOG ] INIT File
---------------------------------------------------------------
[ 2022-05-19T14:30:59+08:00 ] 125.95.3.84 GET puzhenshop.feibu.info/index.php?s=/api/distributor/lists&page=1&latitude=23.13093234592014&longitude=113.04962537977431&wxapp_id=10001&token=32f43b02d8c9b68263d0ce481637fc62
[运行时间：0.129703s] [吞吐率：7.71req/s] [内存消耗：7,526.21kb] [文件加载：84]
[ info ] [ LANG ] E:\UPUPW_ANK_W64\WebRoot\Vhosts\puzhen\2.0.0\source\thinkphp\lang\zh-cn.php
[ info ] [ ROUTE ] array (
  'type' => 'module',
  'module' => 
  array (
    0 => 'api',
    1 => 'distributor',
    2 => 'lists',
  ),
)
[ info ] [ HEADER ] array (
  'accept-encoding' => 'gzip,compress,br,deflate',
  'content-type' => 'application/json',
  'user-agent' => 'Mozilla/5.0 (Linux; Android 12; M2012K11AC Build/SKQ1.211006.001; wv) AppleWebKit/537.36 (KHTML, like Gecko) Version/4.0 Chrome/86.0.4240.99 XWEB/3225 MMWEBSDK/20220402 Mobile Safari/537.36 MMWEBID/7767 MicroMessenger/8.0.22.2140(0x280016E6) WeChat/arm64 Weixin NetType/WIFI Language/zh_CN ABI/arm64 MiniProgramEnv/android',
  'charset' => 'utf-8',
  'connection' => 'close',
  'host' => 'puzhenshop.feibu.info',
)
[ info ] [ PARAM ] array (
  'page' => '1',
  'latitude' => '23.13093234592014',
  'longitude' => '113.04962537977431',
  'wxapp_id' => '10001',
  'token' => '32f43b02d8c9b68263d0ce481637fc62',
)
[ info ] [ BEHAVIOR ] Run app\common\behavior\App @app_begin [ RunTime:0.000368s ]
[ info ] [ DB ] INIT mysql
[ info ] [ RUN ] app\api\controller\Distributor->lists[ E:\UPUPW_ANK_W64\WebRoot\Vhosts\puzhen\2.0.0\source\application\api\controller\Distributor.php ]
[ info ] [ CACHE ] INIT File
[ info ] [ LOG ] INIT File
---------------------------------------------------------------
[ 2022-05-19T14:31:06+08:00 ] 125.95.3.84 GET puzhenshop.feibu.info/index.php?s=/api/user.index/detail&wxapp_id=10001&token=32f43b02d8c9b68263d0ce481637fc62
[运行时间：0.230722s] [吞吐率：4.33req/s] [内存消耗：3,726.98kb] [文件加载：109]
[ info ] [ LANG ] E:\UPUPW_ANK_W64\WebRoot\Vhosts\puzhen\2.0.0\source\thinkphp\lang\zh-cn.php
[ info ] [ ROUTE ] array (
  'type' => 'module',
  'module' => 
  array (
    0 => 'api',
    1 => 'user.index',
    2 => 'detail',
  ),
)
[ info ] [ HEADER ] array (
  'accept-encoding' => 'gzip,compress,br,deflate',
  'content-type' => 'application/json',
  'user-agent' => 'Mozilla/5.0 (Linux; Android 12; M2012K11AC Build/SKQ1.211006.001; wv) AppleWebKit/537.36 (KHTML, like Gecko) Version/4.0 Chrome/86.0.4240.99 XWEB/3225 MMWEBSDK/20220402 Mobile Safari/537.36 MMWEBID/7767 MicroMessenger/8.0.22.2140(0x280016E6) WeChat/arm64 Weixin NetType/WIFI Language/zh_CN ABI/arm64 MiniProgramEnv/android',
  'charset' => 'utf-8',
  'connection' => 'close',
  'host' => 'puzhenshop.feibu.info',
)
[ info ] [ PARAM ] array (
  'wxapp_id' => '10001',
  'token' => '32f43b02d8c9b68263d0ce481637fc62',
)
[ info ] [ BEHAVIOR ] Run app\common\behavior\App @app_begin [ RunTime:0.000203s ]
[ info ] [ DB ] INIT mysql
[ info ] [ RUN ] app\api\controller\user\Index->detail[ E:\UPUPW_ANK_W64\WebRoot\Vhosts\puzhen\2.0.0\source\application\api\controller\user\Index.php ]
[ info ] [ CACHE ] INIT File
[ info ] [ BEHAVIOR ] Run app\task\behavior\user\Grade @user_grade [ RunTime:0.000336s ]
[ info ] [ BEHAVIOR ] Run app\task\behavior\user\Grade @user_grade [ RunTime:0.000350s ]
[ info ] [ BEHAVIOR ] Run app\task\behavior\Order @order [ RunTime:0.000054s ]
[ info ] [ BEHAVIOR ] Run app\task\behavior\Order @order [ RunTime:0.004363s ]
[ info ] [ BEHAVIOR ] Run app\task\behavior\sharp\Order @order [ RunTime:0.035350s ]
[ info ] [ BEHAVIOR ] Run app\task\behavior\Order @order [ RunTime:0.035365s ]
[ info ] [ LOG ] INIT File
---------------------------------------------------------------
[ 2022-05-19T14:32:41+08:00 ] 125.95.3.84 GET puzhenshop.feibu.info/index.php?s=/api/tea_qrcode/lists&page=1&wxapp_id=10001&token=32f43b02d8c9b68263d0ce481637fc62
[运行时间：0.121236s] [吞吐率：8.25req/s] [内存消耗：3,237.82kb] [文件加载：89]
[ info ] [ LANG ] E:\UPUPW_ANK_W64\WebRoot\Vhosts\puzhen\2.0.0\source\thinkphp\lang\zh-cn.php
[ info ] [ ROUTE ] array (
  'type' => 'module',
  'module' => 
  array (
    0 => 'api',
    1 => 'tea_qrcode',
    2 => 'lists',
  ),
)
[ info ] [ HEADER ] array (
  'accept-encoding' => 'gzip,compress,br,deflate',
  'content-type' => 'application/json',
  'user-agent' => 'Mozilla/5.0 (Linux; Android 12; M2012K11AC Build/SKQ1.211006.001; wv) AppleWebKit/537.36 (KHTML, like Gecko) Version/4.0 Chrome/86.0.4240.99 XWEB/3225 MMWEBSDK/20220402 Mobile Safari/537.36 MMWEBID/7767 MicroMessenger/8.0.22.2140(0x280016E6) WeChat/arm64 Weixin NetType/WIFI Language/zh_CN ABI/arm64 MiniProgramEnv/android',
  'charset' => 'utf-8',
  'connection' => 'close',
  'host' => 'puzhenshop.feibu.info',
)
[ info ] [ PARAM ] array (
  'page' => '1',
  'wxapp_id' => '10001',
  'token' => '32f43b02d8c9b68263d0ce481637fc62',
)
[ info ] [ BEHAVIOR ] Run app\common\behavior\App @app_begin [ RunTime:0.000345s ]
[ info ] [ DB ] INIT mysql
[ info ] [ RUN ] app\api\controller\TeaQrcode->lists[ E:\UPUPW_ANK_W64\WebRoot\Vhosts\puzhen\2.0.0\source\application\api\controller\TeaQrcode.php ]
[ info ] [ CACHE ] INIT File
[ info ] [ BEHAVIOR ] Run app\task\behavior\user\Grade @user_grade [ RunTime:0.000276s ]
[ info ] [ BEHAVIOR ] Run app\task\behavior\user\Grade @user_grade [ RunTime:0.000291s ]
[ info ] [ LOG ] INIT File
---------------------------------------------------------------
[ 2022-05-19T14:32:48+08:00 ] 125.95.3.84 POST puzhenshop.feibu.info/index.php?s=/api/user/login
[运行时间：0.799269s] [吞吐率：1.25req/s] [内存消耗：3,125.51kb] [文件加载：83]
[ info ] [ LANG ] E:\UPUPW_ANK_W64\WebRoot\Vhosts\puzhen\2.0.0\source\thinkphp\lang\zh-cn.php
[ info ] [ ROUTE ] array (
  'type' => 'module',
  'module' => 
  array (
    0 => 'api',
    1 => 'user',
    2 => 'login',
  ),
)
[ info ] [ HEADER ] array (
  'accept-encoding' => 'gzip,compress,br,deflate',
  'content-type' => 'application/x-www-form-urlencoded',
  'user-agent' => 'Mozilla/5.0 (Linux; Android 12; M2012K11AC Build/SKQ1.211006.001; wv) AppleWebKit/537.36 (KHTML, like Gecko) Version/4.0 Chrome/86.0.4240.99 XWEB/3225 MMWEBSDK/20220402 Mobile Safari/537.36 MMWEBID/7767 MicroMessenger/8.0.22.2140(0x280016E6) WeChat/arm64 Weixin NetType/WIFI Language/zh_CN ABI/arm64 MiniProgramEnv/android',
  'charset' => 'utf-8',
  'content-length' => '1064',
  'connection' => 'close',
  'host' => 'puzhenshop.feibu.info',
)
[ info ] [ PARAM ] array (
  'code' => '053bxjll2SABc94dh8ol2GenbH0bxjlI',
  'user_info' => '{&quot;nickName&quot;:&quot;罗超&quot;,&quot;gender&quot;:0,&quot;language&quot;:&quot;zh_CN&quot;,&quot;city&quot;:&quot;&quot;,&quot;province&quot;:&quot;&quot;,&quot;country&quot;:&quot;&quot;,&quot;avatarUrl&quot;:&quot;https://thirdwx.qlogo.cn/mmopen/vi_32/4AsjgAb0Ay8ianBN8fR0dfaPMUs1yFSVibL7jZnsvuTbviblIEsz13eADouduoibW5NADl9vtBt3rOszXlibpiclZ4KA/132&quot;}',
  'encrypted_data' => 'LSBobP65kPWpVbFZ+gWEuSnzHGvm5P355sfMM/mLJuSFYUkRGp2QTarQDPenMiVzuAzDph3iC4NQ9H847LWMFJO5kMdkOY7rAHVxpFxVyVzDCQ5N4KHNGCiZAY/MJ7QNDfeDZPwCQwRriAanyP/rnQ5U+2COmXmuxKe+pXl5JQ86OHAPsCsNY7bNwmLajX3byVVIZeggpdcQGsIvaG86yzmAmDKmeeneEXLyKg0Ut+PHLWnl28YNjBClAWqFKUMmuuAMt2OLQgGPH/isIiix5xG3EcRTUP3Tf2l/p2+M4+xLhtgFwvKXFfA906u0YOncMLbVwXaDy7N8j/p4Nd8GI8Eld8QWYm9i0a6c//hjwLCpoOeMVLhudHeShCOQTsqZkD0d+ZxijLPA4EHp9gvl4dXoXmBWL7UpjJnrCOD7vuSFIz4xBYKaq9CHFncXDx0Y1yQWwkFdDKpx4M90v62wPg==',
  'iv' => 'XMUOCnl4NALdgSvBHXOXMA==',
  'signature' => '355304e892433602a97589d33a0b84ec3dced19b',
  'referee_id' => '',
  'wxapp_id' => '10001',
  'token' => '32f43b02d8c9b68263d0ce481637fc62',
)
[ info ] [ BEHAVIOR ] Run app\common\behavior\App @app_begin [ RunTime:0.000193s ]
[ info ] [ DB ] INIT mysql
[ info ] [ RUN ] app\api\controller\User->login[ E:\UPUPW_ANK_W64\WebRoot\Vhosts\puzhen\2.0.0\source\application\api\controller\User.php ]
[ info ] [ CACHE ] INIT File
[ info ] [ LOG ] INIT File
---------------------------------------------------------------
[ 2022-05-19T14:32:57+08:00 ] 125.95.3.84 GET puzhenshop.feibu.info/index.php?s=/api/goods/detail&goods_id=10009&wxapp_id=10001&token=7c7b74ccacb55180beac265b3bd7fee3
[运行时间：0.472549s] [吞吐率：2.12req/s] [内存消耗：4,024.33kb] [文件加载：119]
[ info ] [ LANG ] E:\UPUPW_ANK_W64\WebRoot\Vhosts\puzhen\2.0.0\source\thinkphp\lang\zh-cn.php
[ info ] [ ROUTE ] array (
  'type' => 'module',
  'module' => 
  array (
    0 => 'api',
    1 => 'goods',
    2 => 'detail',
  ),
)
[ info ] [ HEADER ] array (
  'accept-encoding' => 'gzip,compress,br,deflate',
  'content-type' => 'application/json',
  'user-agent' => 'Mozilla/5.0 (Linux; Android 12; M2012K11AC Build/SKQ1.211006.001; wv) AppleWebKit/537.36 (KHTML, like Gecko) Version/4.0 Chrome/86.0.4240.99 XWEB/3225 MMWEBSDK/20220402 Mobile Safari/537.36 MMWEBID/7767 MicroMessenger/8.0.22.2140(0x280016E6) WeChat/arm64 Weixin NetType/WIFI Language/zh_CN ABI/arm64 MiniProgramEnv/android',
  'charset' => 'utf-8',
  'connection' => 'close',
  'host' => 'puzhenshop.feibu.info',
)
[ info ] [ PARAM ] array (
  'goods_id' => '10009',
  'wxapp_id' => '10001',
  'token' => '7c7b74ccacb55180beac265b3bd7fee3',
)
[ info ] [ BEHAVIOR ] Run app\common\behavior\App @app_begin [ RunTime:0.000363s ]
[ info ] [ DB ] INIT mysql
[ info ] [ RUN ] app\api\controller\Goods->detail[ E:\UPUPW_ANK_W64\WebRoot\Vhosts\puzhen\2.0.0\source\application\api\controller\Goods.php ]
[ info ] [ CACHE ] INIT File
[ info ] [ BEHAVIOR ] Run app\task\behavior\user\Grade @user_grade [ RunTime:0.000268s ]
[ info ] [ BEHAVIOR ] Run app\task\behavior\user\Grade @user_grade [ RunTime:0.000283s ]
[ info ] [ LOG ] INIT File
