---------------------------------------------------------------
[ 2022-05-22T14:40:43+08:00 ] 113.66.255.41 GET puzhenshop.feibu.info/index.php?s=/store/tea_qrcode.factory_tea_qrcode/add
[ sql ] [ DB ] CONNECT:[ UseTime:0.012584s ] mysql:host=39.108.144.9;port=3306;dbname=puzhen_shop;charset=utf8
[ sql ] [ SQL ] SHOW COLUMNS FROM `puzhen_store_user` [ RunTime:0.010585s ]
[ sql ] [ SQL ] SELECT * FROM `puzhen_store_user` WHERE  `puzhen_store_user`.`wxapp_id` = 10001  AND `is_delete` = 0  AND `store_user_id` = 10001 LIMIT 1 [ RunTime:0.008141s ]
[ sql ] [ SQL ] SHOW COLUMNS FROM `puzhen_tea` [ RunTime:0.010690s ]
[ sql ] [ SQL ] SELECT * FROM `puzhen_tea` WHERE  `puzhen_tea`.`wxapp_id` = 10001 ORDER BY `code` ASC [ RunTime:0.007996s ]
[ sql ] [ SQL ] SHOW COLUMNS FROM `puzhen_factory` [ RunTime:0.010516s ]
[ sql ] [ SQL ] SELECT * FROM `puzhen_factory` WHERE  `puzhen_factory`.`wxapp_id` = 10001  AND `is_delete` = 0 ORDER BY `is_self` DESC,`sort` ASC,`create_time` ASC [ RunTime:0.008084s ]
---------------------------------------------------------------
[ 2022-05-22T15:10:56+08:00 ] 113.98.117.65 GET puzhenshop.feibu.info/index.php?s=/store/tea_qrcode.factory_tea_qrcode/add
[ sql ] [ DB ] CONNECT:[ UseTime:0.009491s ] mysql:host=39.108.144.9;port=3306;dbname=puzhen_shop;charset=utf8
[ sql ] [ SQL ] SHOW COLUMNS FROM `puzhen_store_user` [ RunTime:0.007887s ]
[ sql ] [ SQL ] SELECT * FROM `puzhen_store_user` WHERE  `puzhen_store_user`.`wxapp_id` = 10001  AND `is_delete` = 0  AND `store_user_id` = 10001 LIMIT 1 [ RunTime:0.005992s ]
[ sql ] [ SQL ] SHOW COLUMNS FROM `puzhen_tea` [ RunTime:0.007665s ]
[ sql ] [ SQL ] SELECT * FROM `puzhen_tea` WHERE  `puzhen_tea`.`wxapp_id` = 10001 ORDER BY `code` ASC [ RunTime:0.005930s ]
[ sql ] [ SQL ] SHOW COLUMNS FROM `puzhen_factory` [ RunTime:0.007690s ]
[ sql ] [ SQL ] SELECT * FROM `puzhen_factory` WHERE  `puzhen_factory`.`wxapp_id` = 10001  AND `is_delete` = 0 ORDER BY `is_self` DESC,`sort` ASC,`create_time` ASC [ RunTime:0.005940s ]
---------------------------------------------------------------
[ 2022-05-22T15:18:14+08:00 ] 113.66.255.41 GET puzhenshop.feibu.info/index.php?s=/store/tea_qrcode.factory_tea_qrcode/add
[ sql ] [ DB ] CONNECT:[ UseTime:0.011655s ] mysql:host=39.108.144.9;port=3306;dbname=puzhen_shop;charset=utf8
[ sql ] [ SQL ] SHOW COLUMNS FROM `puzhen_store_user` [ RunTime:0.009443s ]
[ sql ] [ SQL ] SELECT * FROM `puzhen_store_user` WHERE  `puzhen_store_user`.`wxapp_id` = 10001  AND `is_delete` = 0  AND `store_user_id` = 10001 LIMIT 1 [ RunTime:0.007608s ]
[ sql ] [ SQL ] SHOW COLUMNS FROM `puzhen_tea` [ RunTime:0.009005s ]
[ sql ] [ SQL ] SELECT * FROM `puzhen_tea` WHERE  `puzhen_tea`.`wxapp_id` = 10001 ORDER BY `code` ASC [ RunTime:0.007628s ]
[ sql ] [ SQL ] SHOW COLUMNS FROM `puzhen_factory` [ RunTime:0.009199s ]
[ sql ] [ SQL ] SELECT * FROM `puzhen_factory` WHERE  `puzhen_factory`.`wxapp_id` = 10001  AND `is_delete` = 0 ORDER BY `is_self` DESC,`sort` ASC,`create_time` ASC [ RunTime:0.007786s ]
---------------------------------------------------------------
[ 2022-05-22T15:18:27+08:00 ] 113.98.117.65 GET puzhenshop.feibu.info/index.php?s=/store/tea_qrcode.factory_tea_qrcode/add
[ sql ] [ DB ] CONNECT:[ UseTime:0.011843s ] mysql:host=39.108.144.9;port=3306;dbname=puzhen_shop;charset=utf8
[ sql ] [ SQL ] SHOW COLUMNS FROM `puzhen_store_user` [ RunTime:0.009138s ]
[ sql ] [ SQL ] SELECT * FROM `puzhen_store_user` WHERE  `puzhen_store_user`.`wxapp_id` = 10001  AND `is_delete` = 0  AND `store_user_id` = 10001 LIMIT 1 [ RunTime:0.007782s ]
[ sql ] [ SQL ] SHOW COLUMNS FROM `puzhen_tea` [ RunTime:0.008766s ]
[ sql ] [ SQL ] SELECT * FROM `puzhen_tea` WHERE  `puzhen_tea`.`wxapp_id` = 10001 ORDER BY `code` ASC [ RunTime:0.007613s ]
[ sql ] [ SQL ] SHOW COLUMNS FROM `puzhen_factory` [ RunTime:0.008752s ]
[ sql ] [ SQL ] SELECT * FROM `puzhen_factory` WHERE  `puzhen_factory`.`wxapp_id` = 10001  AND `is_delete` = 0 ORDER BY `is_self` DESC,`sort` ASC,`create_time` ASC [ RunTime:0.007582s ]
---------------------------------------------------------------
[ 2022-05-22T15:20:21+08:00 ] 113.66.255.41 GET puzhenshop.feibu.info/index.php?s=/store/tea_qrcode.factory_tea_qrcode/add
[ sql ] [ DB ] CONNECT:[ UseTime:0.018285s ] mysql:host=39.108.144.9;port=3306;dbname=puzhen_shop;charset=utf8
[ sql ] [ SQL ] SHOW COLUMNS FROM `puzhen_store_user` [ RunTime:0.009714s ]
[ sql ] [ SQL ] SELECT * FROM `puzhen_store_user` WHERE  `puzhen_store_user`.`wxapp_id` = 10001  AND `is_delete` = 0  AND `store_user_id` = 10001 LIMIT 1 [ RunTime:0.008340s ]
[ sql ] [ SQL ] SHOW COLUMNS FROM `puzhen_tea` [ RunTime:0.009588s ]
[ sql ] [ SQL ] SELECT * FROM `puzhen_tea` WHERE  `puzhen_tea`.`wxapp_id` = 10001 ORDER BY `code` ASC [ RunTime:0.008120s ]
[ sql ] [ SQL ] SHOW COLUMNS FROM `puzhen_factory` [ RunTime:0.010005s ]
[ sql ] [ SQL ] SELECT * FROM `puzhen_factory` WHERE  `puzhen_factory`.`wxapp_id` = 10001  AND `is_delete` = 0 ORDER BY `is_self` DESC,`sort` ASC,`create_time` ASC [ RunTime:0.008171s ]
---------------------------------------------------------------
[ 2022-05-22T15:20:38+08:00 ] 113.66.255.41 GET puzhenshop.feibu.info/index.php?s=/store/tea_qrcode.factory_tea_qrcode/add
[ sql ] [ DB ] CONNECT:[ UseTime:0.011544s ] mysql:host=39.108.144.9;port=3306;dbname=puzhen_shop;charset=utf8
[ sql ] [ SQL ] SHOW COLUMNS FROM `puzhen_store_user` [ RunTime:0.008059s ]
[ sql ] [ SQL ] SELECT * FROM `puzhen_store_user` WHERE  `puzhen_store_user`.`wxapp_id` = 10001  AND `is_delete` = 0  AND `store_user_id` = 10001 LIMIT 1 [ RunTime:0.007539s ]
[ sql ] [ SQL ] SHOW COLUMNS FROM `puzhen_tea` [ RunTime:0.007918s ]
[ sql ] [ SQL ] SELECT * FROM `puzhen_tea` WHERE  `puzhen_tea`.`wxapp_id` = 10001 ORDER BY `code` ASC [ RunTime:0.007365s ]
[ sql ] [ SQL ] SHOW COLUMNS FROM `puzhen_factory` [ RunTime:0.007956s ]
[ sql ] [ SQL ] SELECT * FROM `puzhen_factory` WHERE  `puzhen_factory`.`wxapp_id` = 10001  AND `is_delete` = 0 ORDER BY `is_self` DESC,`sort` ASC,`create_time` ASC [ RunTime:0.007455s ]
---------------------------------------------------------------
[ 2022-05-22T15:20:49+08:00 ] 113.66.255.41 GET puzhenshop.feibu.info/index.php?s=/store/tea_qrcode.factory_tea_qrcode/add
[ sql ] [ DB ] CONNECT:[ UseTime:0.018469s ] mysql:host=39.108.144.9;port=3306;dbname=puzhen_shop;charset=utf8
[ sql ] [ SQL ] SHOW COLUMNS FROM `puzhen_store_user` [ RunTime:0.008053s ]
[ sql ] [ SQL ] SELECT * FROM `puzhen_store_user` WHERE  `puzhen_store_user`.`wxapp_id` = 10001  AND `is_delete` = 0  AND `store_user_id` = 10001 LIMIT 1 [ RunTime:0.007475s ]
[ sql ] [ SQL ] SHOW COLUMNS FROM `puzhen_tea` [ RunTime:0.008082s ]
[ sql ] [ SQL ] SELECT * FROM `puzhen_tea` WHERE  `puzhen_tea`.`wxapp_id` = 10001 ORDER BY `code` ASC [ RunTime:0.007490s ]
[ sql ] [ SQL ] SHOW COLUMNS FROM `puzhen_factory` [ RunTime:0.007972s ]
[ sql ] [ SQL ] SELECT * FROM `puzhen_factory` WHERE  `puzhen_factory`.`wxapp_id` = 10001  AND `is_delete` = 0 ORDER BY `is_self` DESC,`sort` ASC,`create_time` ASC [ RunTime:0.007568s ]
---------------------------------------------------------------
[ 2022-05-22T15:22:07+08:00 ] 113.66.255.41 GET puzhenshop.feibu.info/index.php?s=/store/tea_qrcode.factory_tea_qrcode/add
[ sql ] [ DB ] CONNECT:[ UseTime:0.011671s ] mysql:host=39.108.144.9;port=3306;dbname=puzhen_shop;charset=utf8
[ sql ] [ SQL ] SHOW COLUMNS FROM `puzhen_store_user` [ RunTime:0.009111s ]
[ sql ] [ SQL ] SELECT * FROM `puzhen_store_user` WHERE  `puzhen_store_user`.`wxapp_id` = 10001  AND `is_delete` = 0  AND `store_user_id` = 10001 LIMIT 1 [ RunTime:0.007515s ]
[ sql ] [ SQL ] SHOW COLUMNS FROM `puzhen_tea` [ RunTime:0.009534s ]
[ sql ] [ SQL ] SELECT * FROM `puzhen_tea` WHERE  `puzhen_tea`.`wxapp_id` = 10001 ORDER BY `code` ASC [ RunTime:0.007677s ]
[ sql ] [ SQL ] SHOW COLUMNS FROM `puzhen_factory` [ RunTime:0.009393s ]
[ sql ] [ SQL ] SELECT * FROM `puzhen_factory` WHERE  `puzhen_factory`.`wxapp_id` = 10001  AND `is_delete` = 0 ORDER BY `is_self` DESC,`sort` ASC,`create_time` ASC [ RunTime:0.007859s ]
---------------------------------------------------------------
[ 2022-05-22T15:22:16+08:00 ] 113.66.255.41 GET puzhenshop.feibu.info/index.php?s=/store/tea_qrcode.factory_tea_qrcode/add
[ sql ] [ DB ] CONNECT:[ UseTime:0.010516s ] mysql:host=39.108.144.9;port=3306;dbname=puzhen_shop;charset=utf8
[ sql ] [ SQL ] SHOW COLUMNS FROM `puzhen_store_user` [ RunTime:0.008178s ]
[ sql ] [ SQL ] SELECT * FROM `puzhen_store_user` WHERE  `puzhen_store_user`.`wxapp_id` = 10001  AND `is_delete` = 0  AND `store_user_id` = 10001 LIMIT 1 [ RunTime:0.006799s ]
[ sql ] [ SQL ] SHOW COLUMNS FROM `puzhen_tea` [ RunTime:0.008116s ]
[ sql ] [ SQL ] SELECT * FROM `puzhen_tea` WHERE  `puzhen_tea`.`wxapp_id` = 10001 ORDER BY `code` ASC [ RunTime:0.006774s ]
[ sql ] [ SQL ] SHOW COLUMNS FROM `puzhen_factory` [ RunTime:0.008011s ]
[ sql ] [ SQL ] SELECT * FROM `puzhen_factory` WHERE  `puzhen_factory`.`wxapp_id` = 10001  AND `is_delete` = 0 ORDER BY `is_self` DESC,`sort` ASC,`create_time` ASC [ RunTime:0.006807s ]
---------------------------------------------------------------
[ 2022-05-22T15:22:28+08:00 ] 113.66.255.41 GET puzhenshop.feibu.info/index.php?s=/store/tea_qrcode.factory_tea_qrcode/add
[ sql ] [ DB ] CONNECT:[ UseTime:0.019683s ] mysql:host=39.108.144.9;port=3306;dbname=puzhen_shop;charset=utf8
[ sql ] [ SQL ] SHOW COLUMNS FROM `puzhen_store_user` [ RunTime:0.009882s ]
[ sql ] [ SQL ] SELECT * FROM `puzhen_store_user` WHERE  `puzhen_store_user`.`wxapp_id` = 10001  AND `is_delete` = 0  AND `store_user_id` = 10001 LIMIT 1 [ RunTime:0.008438s ]
[ sql ] [ SQL ] SHOW COLUMNS FROM `puzhen_tea` [ RunTime:0.009703s ]
[ sql ] [ SQL ] SELECT * FROM `puzhen_tea` WHERE  `puzhen_tea`.`wxapp_id` = 10001 ORDER BY `code` ASC [ RunTime:0.008395s ]
[ sql ] [ SQL ] SHOW COLUMNS FROM `puzhen_factory` [ RunTime:0.009636s ]
[ sql ] [ SQL ] SELECT * FROM `puzhen_factory` WHERE  `puzhen_factory`.`wxapp_id` = 10001  AND `is_delete` = 0 ORDER BY `is_self` DESC,`sort` ASC,`create_time` ASC [ RunTime:0.008570s ]
---------------------------------------------------------------
[ 2022-05-22T15:41:30+08:00 ] 113.66.255.41 GET puzhenshop.feibu.info/index.php?s=/store/tea_qrcode.factory_tea_qrcode/add
[ sql ] [ DB ] CONNECT:[ UseTime:0.013667s ] mysql:host=39.108.144.9;port=3306;dbname=puzhen_shop;charset=utf8
[ sql ] [ SQL ] SHOW COLUMNS FROM `puzhen_store_user` [ RunTime:0.009534s ]
[ sql ] [ SQL ] SELECT * FROM `puzhen_store_user` WHERE  `puzhen_store_user`.`wxapp_id` = 10001  AND `is_delete` = 0  AND `store_user_id` = 10001 LIMIT 1 [ RunTime:0.009099s ]
[ sql ] [ SQL ] SHOW COLUMNS FROM `puzhen_tea` [ RunTime:0.009626s ]
[ sql ] [ SQL ] SELECT * FROM `puzhen_tea` WHERE  `puzhen_tea`.`wxapp_id` = 10001 ORDER BY `code` ASC [ RunTime:0.008843s ]
[ sql ] [ SQL ] SHOW COLUMNS FROM `puzhen_factory` [ RunTime:0.009566s ]
[ sql ] [ SQL ] SELECT * FROM `puzhen_factory` WHERE  `puzhen_factory`.`wxapp_id` = 10001  AND `is_delete` = 0 ORDER BY `is_self` DESC,`sort` ASC,`create_time` ASC [ RunTime:0.008918s ]
---------------------------------------------------------------
[ 2022-05-22T16:39:10+08:00 ] 113.66.255.41 GET puzhenshop.feibu.info/index.php?s=/store/tea_qrcode.factory_tea_qrcode/add
[ sql ] [ DB ] CONNECT:[ UseTime:0.015160s ] mysql:host=39.108.144.9;port=3306;dbname=puzhen_shop;charset=utf8
[ sql ] [ SQL ] SHOW COLUMNS FROM `puzhen_store_user` [ RunTime:0.012257s ]
[ sql ] [ SQL ] SELECT * FROM `puzhen_store_user` WHERE  `puzhen_store_user`.`wxapp_id` = 10001  AND `is_delete` = 0  AND `store_user_id` = 10001 LIMIT 1 [ RunTime:0.010124s ]
[ sql ] [ SQL ] SHOW COLUMNS FROM `puzhen_tea` [ RunTime:0.011914s ]
[ sql ] [ SQL ] SELECT * FROM `puzhen_tea` WHERE  `puzhen_tea`.`wxapp_id` = 10001 ORDER BY `code` ASC [ RunTime:0.009988s ]
[ sql ] [ SQL ] SHOW COLUMNS FROM `puzhen_factory` [ RunTime:0.012261s ]
[ sql ] [ SQL ] SELECT * FROM `puzhen_factory` WHERE  `puzhen_factory`.`wxapp_id` = 10001  AND `is_delete` = 0 ORDER BY `is_self` DESC,`sort` ASC,`create_time` ASC [ RunTime:0.010052s ]
---------------------------------------------------------------
[ 2022-05-22T16:39:11+08:00 ] 113.66.255.41 GET puzhenshop.feibu.info/index.php?s=/store/tea_qrcode.factory_tea_qrcode/add
[ sql ] [ DB ] CONNECT:[ UseTime:0.012556s ] mysql:host=39.108.144.9;port=3306;dbname=puzhen_shop;charset=utf8
[ sql ] [ SQL ] SHOW COLUMNS FROM `puzhen_store_user` [ RunTime:0.009672s ]
[ sql ] [ SQL ] SELECT * FROM `puzhen_store_user` WHERE  `puzhen_store_user`.`wxapp_id` = 10001  AND `is_delete` = 0  AND `store_user_id` = 10001 LIMIT 1 [ RunTime:0.008291s ]
[ sql ] [ SQL ] SHOW COLUMNS FROM `puzhen_tea` [ RunTime:0.009527s ]
[ sql ] [ SQL ] SELECT * FROM `puzhen_tea` WHERE  `puzhen_tea`.`wxapp_id` = 10001 ORDER BY `code` ASC [ RunTime:0.008227s ]
[ sql ] [ SQL ] SHOW COLUMNS FROM `puzhen_factory` [ RunTime:0.009549s ]
[ sql ] [ SQL ] SELECT * FROM `puzhen_factory` WHERE  `puzhen_factory`.`wxapp_id` = 10001  AND `is_delete` = 0 ORDER BY `is_self` DESC,`sort` ASC,`create_time` ASC [ RunTime:0.008460s ]
---------------------------------------------------------------
[ 2022-05-22T16:39:37+08:00 ] 113.98.117.65 POST puzhenshop.feibu.info/index.php?s=/store/tea_qrcode.factory_tea_qrcode/add
[ sql ] [ DB ] CONNECT:[ UseTime:0.015127s ] mysql:host=39.108.144.9;port=3306;dbname=puzhen_shop;charset=utf8
[ sql ] [ SQL ] SHOW COLUMNS FROM `puzhen_store_user` [ RunTime:0.011291s ]
[ sql ] [ SQL ] SELECT * FROM `puzhen_store_user` WHERE  `puzhen_store_user`.`wxapp_id` = 10001  AND `is_delete` = 0  AND `store_user_id` = 10001 LIMIT 1 [ RunTime:0.009858s ]
[ sql ] [ SQL ] SHOW COLUMNS FROM `puzhen_factory` [ RunTime:0.011438s ]
[ sql ] [ SQL ] SELECT * FROM `puzhen_factory` WHERE  `puzhen_factory`.`wxapp_id` = 10001  AND `factory_id` = 1 LIMIT 1 [ RunTime:0.009864s ]
[ sql ] [ SQL ] SHOW COLUMNS FROM `puzhen_tea` [ RunTime:0.011146s ]
[ sql ] [ SQL ] SELECT `name` FROM `puzhen_tea` WHERE  `puzhen_tea`.`wxapp_id` = 10001  AND `code` = 'A' LIMIT 1 [ RunTime:0.009830s ]
[ sql ] [ SQL ] SHOW COLUMNS FROM `puzhen_tea_qrcode` [ RunTime:0.012501s ]
[ sql ] [ SQL ] INSERT INTO `puzhen_tea_qrcode` (`factory_id` , `user_id` , `name` , `data` , `image` , `detail_image` , `wxapp_id` , `create_time` , `update_time`) VALUES (1 , 0 , '2121' , '{\"name\":\"2121\",\"url\":\"https:\\/\\/api.fspuzhen.cn?type=weapp&factory_id=1\",\"tea\":\"A\",\"weight\":\"5\",\"number\":\"8\",\"temperature_arr\":[\"8\"],\"seconds_arr\":[\"8\"]}' , '/600-d41d8cd98f00b204e9800998ecf8427e.png' , '/detail-02b1be0d48924c327124732726097157-600-d41d8cd98f00b204e9800998ecf8427e.png' , 10001 , 1653208777 , 1653208777) [ RunTime:0.011523s ]
---------------------------------------------------------------
[ 2022-05-22T16:39:38+08:00 ] 113.98.117.65 GET puzhenshop.feibu.info/index.php?s=/store/tea_qrcode.factory_tea_qrcode/index
[ sql ] [ DB ] CONNECT:[ UseTime:0.012694s ] mysql:host=39.108.144.9;port=3306;dbname=puzhen_shop;charset=utf8
[ sql ] [ SQL ] SHOW COLUMNS FROM `puzhen_store_user` [ RunTime:0.009134s ]
[ sql ] [ SQL ] SELECT * FROM `puzhen_store_user` WHERE  `puzhen_store_user`.`wxapp_id` = 10001  AND `is_delete` = 0  AND `store_user_id` = 10001 LIMIT 1 [ RunTime:0.007818s ]
[ sql ] [ SQL ] SHOW COLUMNS FROM `puzhen_tea_qrcode` [ RunTime:0.009110s ]
[ sql ] [ SQL ] SELECT COUNT(*) AS tp_count FROM `puzhen_tea_qrcode` WHERE  `puzhen_tea_qrcode`.`wxapp_id` = 10001  AND `factory_id` <> 0 LIMIT 1 [ RunTime:0.007995s ]
[ sql ] [ SQL ] SELECT * FROM `puzhen_tea_qrcode` WHERE  `puzhen_tea_qrcode`.`wxapp_id` = 10001  AND `factory_id` <> 0 ORDER BY `tea_qrcode_id` DESC LIMIT 0,15 [ RunTime:0.008274s ]
[ sql ] [ SQL ] SHOW COLUMNS FROM `puzhen_goods` [ RunTime:0.010055s ]
[ sql ] [ SQL ] SHOW COLUMNS FROM `puzhen_goods_tea_qrcode` [ RunTime:0.008854s ]
[ sql ] [ SQL ] SELECT * FROM `puzhen_goods_tea_qrcode` WHERE  `puzhen_goods_tea_qrcode`.`wxapp_id` = 10001  AND `tea_qrcode_id` IN (227,226,224,223,221) [ RunTime:0.007866s ]
[ sql ] [ SQL ] SELECT * FROM `puzhen_goods` WHERE  `puzhen_goods`.`wxapp_id` = 10001  AND `goods_id` IN (10006,10017,10011,10014,10010) [ RunTime:0.008015s ]
[ sql ] [ SQL ] SHOW COLUMNS FROM `puzhen_goods_image` [ RunTime:0.009732s ]
[ sql ] [ SQL ] SELECT * FROM `puzhen_goods_image` WHERE  `puzhen_goods_image`.`wxapp_id` = 10001  AND `goods_id` IN (10006,10010,10011,10014,10017) ORDER BY `id` ASC [ RunTime:0.007895s ]
[ sql ] [ SQL ] SHOW COLUMNS FROM `puzhen_upload_file` [ RunTime:0.009673s ]
[ sql ] [ SQL ] SELECT * FROM `puzhen_upload_file` WHERE  `puzhen_upload_file`.`wxapp_id` = 10001  AND `file_id` IN (10010,10005,10107) [ RunTime:0.007852s ]
[ sql ] [ SQL ] SHOW COLUMNS FROM `puzhen_factory` [ RunTime:0.008975s ]
[ sql ] [ SQL ] SELECT * FROM `puzhen_factory` WHERE  `puzhen_factory`.`wxapp_id` = 10001  AND `is_delete` = 0 ORDER BY `is_self` DESC,`sort` ASC,`create_time` ASC [ RunTime:0.007827s ]
[ sql ] [ SQL ] SELECT * FROM `puzhen_factory` WHERE  `puzhen_factory`.`wxapp_id` = 10001  AND `factory_id` = 1 LIMIT 1 [ RunTime:0.007839s ]
[ sql ] [ SQL ] SELECT * FROM `puzhen_factory` WHERE  `puzhen_factory`.`wxapp_id` = 10001  AND `factory_id` = 1 LIMIT 1 [ RunTime:0.007697s ]
[ sql ] [ SQL ] SELECT * FROM `puzhen_factory` WHERE  `puzhen_factory`.`wxapp_id` = 10001  AND `factory_id` = 1 LIMIT 1 [ RunTime:0.007751s ]
[ sql ] [ SQL ] SELECT * FROM `puzhen_factory` WHERE  `puzhen_factory`.`wxapp_id` = 10001  AND `factory_id` = 1 LIMIT 1 [ RunTime:0.007879s ]
[ sql ] [ SQL ] SELECT * FROM `puzhen_factory` WHERE  `puzhen_factory`.`wxapp_id` = 10001  AND `factory_id` = 1 LIMIT 1 [ RunTime:0.007639s ]
---------------------------------------------------------------
[ 2022-05-22T16:39:42+08:00 ] 113.98.117.65 GET puzhenshop.feibu.info/index.php?s=/store/tea_qrcode.factory_tea_qrcode/edit/tea_qrcode_id/227
[ sql ] [ DB ] CONNECT:[ UseTime:0.018498s ] mysql:host=39.108.144.9;port=3306;dbname=puzhen_shop;charset=utf8
[ sql ] [ SQL ] SHOW COLUMNS FROM `puzhen_store_user` [ RunTime:0.009567s ]
[ sql ] [ SQL ] SELECT * FROM `puzhen_store_user` WHERE  `puzhen_store_user`.`wxapp_id` = 10001  AND `is_delete` = 0  AND `store_user_id` = 10001 LIMIT 1 [ RunTime:0.007964s ]
[ sql ] [ SQL ] SHOW COLUMNS FROM `puzhen_tea_qrcode` [ RunTime:0.009284s ]
[ sql ] [ SQL ] SELECT * FROM `puzhen_tea_qrcode` WHERE  `puzhen_tea_qrcode`.`wxapp_id` = 10001  AND `tea_qrcode_id` = 227 LIMIT 1 [ RunTime:0.007932s ]
[ sql ] [ SQL ] SHOW COLUMNS FROM `puzhen_factory` [ RunTime:0.009313s ]
[ sql ] [ SQL ] SELECT * FROM `puzhen_factory` WHERE  `puzhen_factory`.`wxapp_id` = 10001  AND `factory_id` = 1 LIMIT 1 [ RunTime:0.007955s ]
[ sql ] [ SQL ] SHOW COLUMNS FROM `puzhen_tea` [ RunTime:0.009702s ]
[ sql ] [ SQL ] SELECT `name` FROM `puzhen_tea` WHERE  `puzhen_tea`.`wxapp_id` = 10001  AND `code` = 'A' LIMIT 1 [ RunTime:0.007781s ]
[ sql ] [ SQL ] SELECT `name` FROM `puzhen_tea` WHERE  `puzhen_tea`.`wxapp_id` = 10001  AND `code` = 'A' LIMIT 1 [ RunTime:0.007816s ]
[ sql ] [ SQL ] SELECT `name` FROM `puzhen_tea` WHERE  `puzhen_tea`.`wxapp_id` = 10001  AND `code` = 'A' LIMIT 1 [ RunTime:0.007966s ]
[ sql ] [ SQL ] SELECT `name` FROM `puzhen_tea` WHERE  `puzhen_tea`.`wxapp_id` = 10001  AND `code` = 'A' LIMIT 1 [ RunTime:0.008032s ]
[ sql ] [ SQL ] SELECT `name` FROM `puzhen_tea` WHERE  `puzhen_tea`.`wxapp_id` = 10001  AND `code` = 'A' LIMIT 1 [ RunTime:0.007753s ]
[ sql ] [ SQL ] SELECT `name` FROM `puzhen_tea` WHERE  `puzhen_tea`.`wxapp_id` = 10001  AND `code` = 'A' LIMIT 1 [ RunTime:0.007775s ]
[ sql ] [ SQL ] SHOW COLUMNS FROM `puzhen_goods_tea_qrcode` [ RunTime:0.009200s ]
[ sql ] [ SQL ] SELECT * FROM `puzhen_goods_tea_qrcode` WHERE  `puzhen_goods_tea_qrcode`.`wxapp_id` = 10001  AND `tea_qrcode_id` = 227 [ RunTime:0.007836s ]
---------------------------------------------------------------
[ 2022-05-22T16:41:16+08:00 ] 113.66.255.41 GET puzhenshop.feibu.info/index.php?s=/store/tea_qrcode.factory_tea_qrcode/index
[ sql ] [ DB ] CONNECT:[ UseTime:0.019437s ] mysql:host=39.108.144.9;port=3306;dbname=puzhen_shop;charset=utf8
[ sql ] [ SQL ] SHOW COLUMNS FROM `puzhen_store_user` [ RunTime:0.009665s ]
[ sql ] [ SQL ] SELECT * FROM `puzhen_store_user` WHERE  `puzhen_store_user`.`wxapp_id` = 10001  AND `is_delete` = 0  AND `store_user_id` = 10001 LIMIT 1 [ RunTime:0.009029s ]
[ sql ] [ SQL ] SHOW COLUMNS FROM `puzhen_tea_qrcode` [ RunTime:0.010536s ]
[ sql ] [ SQL ] SELECT COUNT(*) AS tp_count FROM `puzhen_tea_qrcode` WHERE  `puzhen_tea_qrcode`.`wxapp_id` = 10001  AND `factory_id` <> 0 LIMIT 1 [ RunTime:0.009199s ]
[ sql ] [ SQL ] SELECT * FROM `puzhen_tea_qrcode` WHERE  `puzhen_tea_qrcode`.`wxapp_id` = 10001  AND `factory_id` <> 0 ORDER BY `tea_qrcode_id` DESC LIMIT 0,15 [ RunTime:0.009512s ]
[ sql ] [ SQL ] SHOW COLUMNS FROM `puzhen_goods` [ RunTime:0.010983s ]
[ sql ] [ SQL ] SHOW COLUMNS FROM `puzhen_goods_tea_qrcode` [ RunTime:0.010640s ]
[ sql ] [ SQL ] SELECT * FROM `puzhen_goods_tea_qrcode` WHERE  `puzhen_goods_tea_qrcode`.`wxapp_id` = 10001  AND `tea_qrcode_id` IN (227,226,224,223,221) [ RunTime:0.009104s ]
[ sql ] [ SQL ] SELECT * FROM `puzhen_goods` WHERE  `puzhen_goods`.`wxapp_id` = 10001  AND `goods_id` IN (10006,10017,10011,10014,10010) [ RunTime:0.009352s ]
[ sql ] [ SQL ] SHOW COLUMNS FROM `puzhen_goods_image` [ RunTime:0.010575s ]
[ sql ] [ SQL ] SELECT * FROM `puzhen_goods_image` WHERE  `puzhen_goods_image`.`wxapp_id` = 10001  AND `goods_id` IN (10006,10010,10011,10014,10017) ORDER BY `id` ASC [ RunTime:0.009149s ]
[ sql ] [ SQL ] SHOW COLUMNS FROM `puzhen_upload_file` [ RunTime:0.010830s ]
[ sql ] [ SQL ] SELECT * FROM `puzhen_upload_file` WHERE  `puzhen_upload_file`.`wxapp_id` = 10001  AND `file_id` IN (10010,10005,10107) [ RunTime:0.009333s ]
[ sql ] [ SQL ] SHOW COLUMNS FROM `puzhen_factory` [ RunTime:0.009798s ]
[ sql ] [ SQL ] SELECT * FROM `puzhen_factory` WHERE  `puzhen_factory`.`wxapp_id` = 10001  AND `is_delete` = 0 ORDER BY `is_self` DESC,`sort` ASC,`create_time` ASC [ RunTime:0.009256s ]
[ sql ] [ SQL ] SELECT * FROM `puzhen_factory` WHERE  `puzhen_factory`.`wxapp_id` = 10001  AND `factory_id` = 1 LIMIT 1 [ RunTime:0.009079s ]
[ sql ] [ SQL ] SELECT * FROM `puzhen_factory` WHERE  `puzhen_factory`.`wxapp_id` = 10001  AND `factory_id` = 1 LIMIT 1 [ RunTime:0.009102s ]
[ sql ] [ SQL ] SELECT * FROM `puzhen_factory` WHERE  `puzhen_factory`.`wxapp_id` = 10001  AND `factory_id` = 1 LIMIT 1 [ RunTime:0.009018s ]
[ sql ] [ SQL ] SELECT * FROM `puzhen_factory` WHERE  `puzhen_factory`.`wxapp_id` = 10001  AND `factory_id` = 1 LIMIT 1 [ RunTime:0.009107s ]
[ sql ] [ SQL ] SELECT * FROM `puzhen_factory` WHERE  `puzhen_factory`.`wxapp_id` = 10001  AND `factory_id` = 1 LIMIT 1 [ RunTime:0.009076s ]
---------------------------------------------------------------
[ 2022-05-22T16:41:18+08:00 ] 113.66.255.41 GET puzhenshop.feibu.info/index.php?s=/store/tea_qrcode.factory_tea_qrcode/add
[ sql ] [ DB ] CONNECT:[ UseTime:0.011503s ] mysql:host=39.108.144.9;port=3306;dbname=puzhen_shop;charset=utf8
[ sql ] [ SQL ] SHOW COLUMNS FROM `puzhen_store_user` [ RunTime:0.008451s ]
[ sql ] [ SQL ] SELECT * FROM `puzhen_store_user` WHERE  `puzhen_store_user`.`wxapp_id` = 10001  AND `is_delete` = 0  AND `store_user_id` = 10001 LIMIT 1 [ RunTime:0.007607s ]
[ sql ] [ SQL ] SHOW COLUMNS FROM `puzhen_tea` [ RunTime:0.008507s ]
[ sql ] [ SQL ] SELECT * FROM `puzhen_tea` WHERE  `puzhen_tea`.`wxapp_id` = 10001 ORDER BY `code` ASC [ RunTime:0.007560s ]
[ sql ] [ SQL ] SHOW COLUMNS FROM `puzhen_factory` [ RunTime:0.008642s ]
[ sql ] [ SQL ] SELECT * FROM `puzhen_factory` WHERE  `puzhen_factory`.`wxapp_id` = 10001  AND `is_delete` = 0 ORDER BY `is_self` DESC,`sort` ASC,`create_time` ASC [ RunTime:0.007765s ]
---------------------------------------------------------------
[ 2022-05-22T23:48:01+08:00 ] 113.66.255.41 GET puzhenshop.feibu.info/index.php?s=/store/tea_qrcode.factory_tea_qrcode/add
[ sql ] [ DB ] CONNECT:[ UseTime:0.011657s ] mysql:host=39.108.144.9;port=3306;dbname=puzhen_shop;charset=utf8
[ sql ] [ SQL ] SHOW COLUMNS FROM `puzhen_store_user` [ RunTime:0.009370s ]
[ sql ] [ SQL ] SELECT * FROM `puzhen_store_user` WHERE  `puzhen_store_user`.`wxapp_id` = 10001  AND `is_delete` = 0  AND `store_user_id` = 10001 LIMIT 1 [ RunTime:0.007602s ]
[ sql ] [ SQL ] SHOW COLUMNS FROM `puzhen_tea` [ RunTime:0.009631s ]
[ sql ] [ SQL ] SELECT * FROM `puzhen_tea` WHERE  `puzhen_tea`.`wxapp_id` = 10001 ORDER BY `code` ASC [ RunTime:0.007707s ]
[ sql ] [ SQL ] SHOW COLUMNS FROM `puzhen_factory` [ RunTime:0.010568s ]
[ sql ] [ SQL ] SELECT * FROM `puzhen_factory` WHERE  `puzhen_factory`.`wxapp_id` = 10001  AND `is_delete` = 0 ORDER BY `is_self` DESC,`sort` ASC,`create_time` ASC [ RunTime:0.008038s ]
---------------------------------------------------------------
[ 2022-05-22T23:48:58+08:00 ] 113.66.255.41 GET puzhenshop.feibu.info/index.php?s=/store/tea_qrcode.factory_tea_qrcode/add
[ sql ] [ DB ] CONNECT:[ UseTime:0.010747s ] mysql:host=39.108.144.9;port=3306;dbname=puzhen_shop;charset=utf8
[ sql ] [ SQL ] SHOW COLUMNS FROM `puzhen_store_user` [ RunTime:0.008254s ]
[ sql ] [ SQL ] SELECT * FROM `puzhen_store_user` WHERE  `puzhen_store_user`.`wxapp_id` = 10001  AND `is_delete` = 0  AND `store_user_id` = 10001 LIMIT 1 [ RunTime:0.006838s ]
[ sql ] [ SQL ] SHOW COLUMNS FROM `puzhen_tea` [ RunTime:0.008120s ]
[ sql ] [ SQL ] SELECT * FROM `puzhen_tea` WHERE  `puzhen_tea`.`wxapp_id` = 10001 ORDER BY `code` ASC [ RunTime:0.006866s ]
[ sql ] [ SQL ] SHOW COLUMNS FROM `puzhen_factory` [ RunTime:0.008180s ]
[ sql ] [ SQL ] SELECT * FROM `puzhen_factory` WHERE  `puzhen_factory`.`wxapp_id` = 10001  AND `is_delete` = 0 ORDER BY `is_self` DESC,`sort` ASC,`create_time` ASC [ RunTime:0.007046s ]
---------------------------------------------------------------
[ 2022-05-22T23:49:37+08:00 ] 113.66.255.41 GET puzhenshop.feibu.info/index.php?s=/store/tea_qrcode.factory_tea_qrcode/add
[ sql ] [ DB ] CONNECT:[ UseTime:0.010688s ] mysql:host=39.108.144.9;port=3306;dbname=puzhen_shop;charset=utf8
[ sql ] [ SQL ] SHOW COLUMNS FROM `puzhen_store_user` [ RunTime:0.008315s ]
[ sql ] [ SQL ] SELECT * FROM `puzhen_store_user` WHERE  `puzhen_store_user`.`wxapp_id` = 10001  AND `is_delete` = 0  AND `store_user_id` = 10001 LIMIT 1 [ RunTime:0.006738s ]
[ sql ] [ SQL ] SHOW COLUMNS FROM `puzhen_tea` [ RunTime:0.008137s ]
[ sql ] [ SQL ] SELECT * FROM `puzhen_tea` WHERE  `puzhen_tea`.`wxapp_id` = 10001 ORDER BY `code` ASC [ RunTime:0.007011s ]
[ sql ] [ SQL ] SHOW COLUMNS FROM `puzhen_factory` [ RunTime:0.008472s ]
[ sql ] [ SQL ] SELECT * FROM `puzhen_factory` WHERE  `puzhen_factory`.`wxapp_id` = 10001  AND `is_delete` = 0 ORDER BY `is_self` DESC,`sort` ASC,`create_time` ASC [ RunTime:0.007048s ]
---------------------------------------------------------------
[ 2022-05-22T23:50:09+08:00 ] 113.66.255.41 GET puzhenshop.feibu.info/index.php?s=/store/tea_qrcode.factory_tea_qrcode/add
[ sql ] [ DB ] CONNECT:[ UseTime:0.012330s ] mysql:host=39.108.144.9;port=3306;dbname=puzhen_shop;charset=utf8
[ sql ] [ SQL ] SHOW COLUMNS FROM `puzhen_store_user` [ RunTime:0.009421s ]
[ sql ] [ SQL ] SELECT * FROM `puzhen_store_user` WHERE  `puzhen_store_user`.`wxapp_id` = 10001  AND `is_delete` = 0  AND `store_user_id` = 10001 LIMIT 1 [ RunTime:0.007913s ]
[ sql ] [ SQL ] SHOW COLUMNS FROM `puzhen_tea` [ RunTime:0.009405s ]
[ sql ] [ SQL ] SELECT * FROM `puzhen_tea` WHERE  `puzhen_tea`.`wxapp_id` = 10001 ORDER BY `code` ASC [ RunTime:0.007919s ]
[ sql ] [ SQL ] SHOW COLUMNS FROM `puzhen_factory` [ RunTime:0.009309s ]
[ sql ] [ SQL ] SELECT * FROM `puzhen_factory` WHERE  `puzhen_factory`.`wxapp_id` = 10001  AND `is_delete` = 0 ORDER BY `is_self` DESC,`sort` ASC,`create_time` ASC [ RunTime:0.007739s ]
---------------------------------------------------------------
[ 2022-05-22T23:50:30+08:00 ] 113.66.255.41 GET puzhenshop.feibu.info/index.php?s=/store/tea_qrcode.factory_tea_qrcode/add
[ sql ] [ DB ] CONNECT:[ UseTime:0.011064s ] mysql:host=39.108.144.9;port=3306;dbname=puzhen_shop;charset=utf8
[ sql ] [ SQL ] SHOW COLUMNS FROM `puzhen_store_user` [ RunTime:0.008573s ]
[ sql ] [ SQL ] SELECT * FROM `puzhen_store_user` WHERE  `puzhen_store_user`.`wxapp_id` = 10001  AND `is_delete` = 0  AND `store_user_id` = 10001 LIMIT 1 [ RunTime:0.007130s ]
[ sql ] [ SQL ] SHOW COLUMNS FROM `puzhen_tea` [ RunTime:0.008294s ]
[ sql ] [ SQL ] SELECT * FROM `puzhen_tea` WHERE  `puzhen_tea`.`wxapp_id` = 10001 ORDER BY `code` ASC [ RunTime:0.007098s ]
[ sql ] [ SQL ] SHOW COLUMNS FROM `puzhen_factory` [ RunTime:0.008386s ]
[ sql ] [ SQL ] SELECT * FROM `puzhen_factory` WHERE  `puzhen_factory`.`wxapp_id` = 10001  AND `is_delete` = 0 ORDER BY `is_self` DESC,`sort` ASC,`create_time` ASC [ RunTime:0.007164s ]
---------------------------------------------------------------
[ 2022-05-22T23:50:43+08:00 ] 113.66.255.41 GET puzhenshop.feibu.info/index.php?s=/store/tea_qrcode.factory_tea_qrcode/add
[ sql ] [ DB ] CONNECT:[ UseTime:0.014069s ] mysql:host=39.108.144.9;port=3306;dbname=puzhen_shop;charset=utf8
[ sql ] [ SQL ] SHOW COLUMNS FROM `puzhen_store_user` [ RunTime:0.010890s ]
[ sql ] [ SQL ] SELECT * FROM `puzhen_store_user` WHERE  `puzhen_store_user`.`wxapp_id` = 10001  AND `is_delete` = 0  AND `store_user_id` = 10001 LIMIT 1 [ RunTime:0.009172s ]
[ sql ] [ SQL ] SHOW COLUMNS FROM `puzhen_tea` [ RunTime:0.010417s ]
[ sql ] [ SQL ] SELECT * FROM `puzhen_tea` WHERE  `puzhen_tea`.`wxapp_id` = 10001 ORDER BY `code` ASC [ RunTime:0.008944s ]
[ sql ] [ SQL ] SHOW COLUMNS FROM `puzhen_factory` [ RunTime:0.010338s ]
[ sql ] [ SQL ] SELECT * FROM `puzhen_factory` WHERE  `puzhen_factory`.`wxapp_id` = 10001  AND `is_delete` = 0 ORDER BY `is_self` DESC,`sort` ASC,`create_time` ASC [ RunTime:0.009113s ]
---------------------------------------------------------------
[ 2022-05-22T23:50:51+08:00 ] 113.66.255.41 GET puzhenshop.feibu.info/index.php?s=/store/tea_qrcode.factory_tea_qrcode/add
[ sql ] [ DB ] CONNECT:[ UseTime:0.012634s ] mysql:host=39.108.144.9;port=3306;dbname=puzhen_shop;charset=utf8
[ sql ] [ SQL ] SHOW COLUMNS FROM `puzhen_store_user` [ RunTime:0.009489s ]
[ sql ] [ SQL ] SELECT * FROM `puzhen_store_user` WHERE  `puzhen_store_user`.`wxapp_id` = 10001  AND `is_delete` = 0  AND `store_user_id` = 10001 LIMIT 1 [ RunTime:0.008287s ]
[ sql ] [ SQL ] SHOW COLUMNS FROM `puzhen_tea` [ RunTime:0.009493s ]
[ sql ] [ SQL ] SELECT * FROM `puzhen_tea` WHERE  `puzhen_tea`.`wxapp_id` = 10001 ORDER BY `code` ASC [ RunTime:0.007923s ]
[ sql ] [ SQL ] SHOW COLUMNS FROM `puzhen_factory` [ RunTime:0.010113s ]
[ sql ] [ SQL ] SELECT * FROM `puzhen_factory` WHERE  `puzhen_factory`.`wxapp_id` = 10001  AND `is_delete` = 0 ORDER BY `is_self` DESC,`sort` ASC,`create_time` ASC [ RunTime:0.008239s ]
---------------------------------------------------------------
[ 2022-05-22T23:51:12+08:00 ] 113.66.255.41 GET puzhenshop.feibu.info/index.php?s=/store/tea_qrcode.factory_tea_qrcode/add
[ sql ] [ DB ] CONNECT:[ UseTime:0.011658s ] mysql:host=39.108.144.9;port=3306;dbname=puzhen_shop;charset=utf8
[ sql ] [ SQL ] SHOW COLUMNS FROM `puzhen_store_user` [ RunTime:0.009406s ]
[ sql ] [ SQL ] SELECT * FROM `puzhen_store_user` WHERE  `puzhen_store_user`.`wxapp_id` = 10001  AND `is_delete` = 0  AND `store_user_id` = 10001 LIMIT 1 [ RunTime:0.007766s ]
[ sql ] [ SQL ] SHOW COLUMNS FROM `puzhen_tea` [ RunTime:0.009131s ]
[ sql ] [ SQL ] SELECT * FROM `puzhen_tea` WHERE  `puzhen_tea`.`wxapp_id` = 10001 ORDER BY `code` ASC [ RunTime:0.007659s ]
[ sql ] [ SQL ] SHOW COLUMNS FROM `puzhen_factory` [ RunTime:0.009050s ]
[ sql ] [ SQL ] SELECT * FROM `puzhen_factory` WHERE  `puzhen_factory`.`wxapp_id` = 10001  AND `is_delete` = 0 ORDER BY `is_self` DESC,`sort` ASC,`create_time` ASC [ RunTime:0.007627s ]
---------------------------------------------------------------
[ 2022-05-22T23:51:33+08:00 ] 113.66.255.41 GET puzhenshop.feibu.info/index.php?s=/store/tea_qrcode.factory_tea_qrcode/add
[ sql ] [ DB ] CONNECT:[ UseTime:0.016572s ] mysql:host=39.108.144.9;port=3306;dbname=puzhen_shop;charset=utf8
[ sql ] [ SQL ] SHOW COLUMNS FROM `puzhen_store_user` [ RunTime:0.007711s ]
[ sql ] [ SQL ] SELECT * FROM `puzhen_store_user` WHERE  `puzhen_store_user`.`wxapp_id` = 10001  AND `is_delete` = 0  AND `store_user_id` = 10001 LIMIT 1 [ RunTime:0.006152s ]
[ sql ] [ SQL ] SHOW COLUMNS FROM `puzhen_tea` [ RunTime:0.007370s ]
[ sql ] [ SQL ] SELECT * FROM `puzhen_tea` WHERE  `puzhen_tea`.`wxapp_id` = 10001 ORDER BY `code` ASC [ RunTime:0.005934s ]
[ sql ] [ SQL ] SHOW COLUMNS FROM `puzhen_factory` [ RunTime:0.007369s ]
[ sql ] [ SQL ] SELECT * FROM `puzhen_factory` WHERE  `puzhen_factory`.`wxapp_id` = 10001  AND `is_delete` = 0 ORDER BY `is_self` DESC,`sort` ASC,`create_time` ASC [ RunTime:0.006060s ]
---------------------------------------------------------------
[ 2022-05-22T23:51:42+08:00 ] 113.66.255.41 GET puzhenshop.feibu.info/index.php?s=/store/tea_qrcode.factory_tea_qrcode/add
[ sql ] [ DB ] CONNECT:[ UseTime:0.012237s ] mysql:host=39.108.144.9;port=3306;dbname=puzhen_shop;charset=utf8
[ sql ] [ SQL ] SHOW COLUMNS FROM `puzhen_store_user` [ RunTime:0.009220s ]
[ sql ] [ SQL ] SELECT * FROM `puzhen_store_user` WHERE  `puzhen_store_user`.`wxapp_id` = 10001  AND `is_delete` = 0  AND `store_user_id` = 10001 LIMIT 1 [ RunTime:0.008014s ]
[ sql ] [ SQL ] SHOW COLUMNS FROM `puzhen_tea` [ RunTime:0.009455s ]
[ sql ] [ SQL ] SELECT * FROM `puzhen_tea` WHERE  `puzhen_tea`.`wxapp_id` = 10001 ORDER BY `code` ASC [ RunTime:0.007920s ]
[ sql ] [ SQL ] SHOW COLUMNS FROM `puzhen_factory` [ RunTime:0.009026s ]
[ sql ] [ SQL ] SELECT * FROM `puzhen_factory` WHERE  `puzhen_factory`.`wxapp_id` = 10001  AND `is_delete` = 0 ORDER BY `is_self` DESC,`sort` ASC,`create_time` ASC [ RunTime:0.007929s ]
---------------------------------------------------------------
[ 2022-05-22T23:52:05+08:00 ] 113.66.255.41 GET puzhenshop.feibu.info/index.php?s=/store/tea_qrcode.factory_tea_qrcode/add
[ sql ] [ DB ] CONNECT:[ UseTime:0.012373s ] mysql:host=39.108.144.9;port=3306;dbname=puzhen_shop;charset=utf8
[ sql ] [ SQL ] SHOW COLUMNS FROM `puzhen_store_user` [ RunTime:0.008669s ]
[ sql ] [ SQL ] SELECT * FROM `puzhen_store_user` WHERE  `puzhen_store_user`.`wxapp_id` = 10001  AND `is_delete` = 0  AND `store_user_id` = 10001 LIMIT 1 [ RunTime:0.008104s ]
[ sql ] [ SQL ] SHOW COLUMNS FROM `puzhen_tea` [ RunTime:0.008658s ]
[ sql ] [ SQL ] SELECT * FROM `puzhen_tea` WHERE  `puzhen_tea`.`wxapp_id` = 10001 ORDER BY `code` ASC [ RunTime:0.008130s ]
[ sql ] [ SQL ] SHOW COLUMNS FROM `puzhen_factory` [ RunTime:0.008497s ]
[ sql ] [ SQL ] SELECT * FROM `puzhen_factory` WHERE  `puzhen_factory`.`wxapp_id` = 10001  AND `is_delete` = 0 ORDER BY `is_self` DESC,`sort` ASC,`create_time` ASC [ RunTime:0.008123s ]
---------------------------------------------------------------
[ 2022-05-22T23:52:47+08:00 ] 113.66.255.41 GET puzhenshop.feibu.info/index.php?s=/store/tea_qrcode.factory_tea_qrcode/add
[ sql ] [ DB ] CONNECT:[ UseTime:0.011206s ] mysql:host=39.108.144.9;port=3306;dbname=puzhen_shop;charset=utf8
[ sql ] [ SQL ] SHOW COLUMNS FROM `puzhen_store_user` [ RunTime:0.008651s ]
[ sql ] [ SQL ] SELECT * FROM `puzhen_store_user` WHERE  `puzhen_store_user`.`wxapp_id` = 10001  AND `is_delete` = 0  AND `store_user_id` = 10001 LIMIT 1 [ RunTime:0.007316s ]
[ sql ] [ SQL ] SHOW COLUMNS FROM `puzhen_tea` [ RunTime:0.008566s ]
[ sql ] [ SQL ] SELECT * FROM `puzhen_tea` WHERE  `puzhen_tea`.`wxapp_id` = 10001 ORDER BY `code` ASC [ RunTime:0.007311s ]
[ sql ] [ SQL ] SHOW COLUMNS FROM `puzhen_factory` [ RunTime:0.008723s ]
[ sql ] [ SQL ] SELECT * FROM `puzhen_factory` WHERE  `puzhen_factory`.`wxapp_id` = 10001  AND `is_delete` = 0 ORDER BY `is_self` DESC,`sort` ASC,`create_time` ASC [ RunTime:0.007408s ]
---------------------------------------------------------------
[ 2022-05-22T23:52:55+08:00 ] 113.66.255.41 GET puzhenshop.feibu.info/index.php?s=/store/tea_qrcode.factory_tea_qrcode/add
[ sql ] [ DB ] CONNECT:[ UseTime:0.018798s ] mysql:host=39.108.144.9;port=3306;dbname=puzhen_shop;charset=utf8
[ sql ] [ SQL ] SHOW COLUMNS FROM `puzhen_store_user` [ RunTime:0.009142s ]
[ sql ] [ SQL ] SELECT * FROM `puzhen_store_user` WHERE  `puzhen_store_user`.`wxapp_id` = 10001  AND `is_delete` = 0  AND `store_user_id` = 10001 LIMIT 1 [ RunTime:0.008707s ]
[ sql ] [ SQL ] SHOW COLUMNS FROM `puzhen_tea` [ RunTime:0.009023s ]
[ sql ] [ SQL ] SELECT * FROM `puzhen_tea` WHERE  `puzhen_tea`.`wxapp_id` = 10001 ORDER BY `code` ASC [ RunTime:0.008681s ]
[ sql ] [ SQL ] SHOW COLUMNS FROM `puzhen_factory` [ RunTime:0.009280s ]
[ sql ] [ SQL ] SELECT * FROM `puzhen_factory` WHERE  `puzhen_factory`.`wxapp_id` = 10001  AND `is_delete` = 0 ORDER BY `is_self` DESC,`sort` ASC,`create_time` ASC [ RunTime:0.008820s ]
---------------------------------------------------------------
[ 2022-05-22T23:55:15+08:00 ] 113.66.255.41 GET puzhenshop.feibu.info/index.php?s=/store/tea_qrcode.factory_tea_qrcode/add
[ sql ] [ DB ] CONNECT:[ UseTime:0.010981s ] mysql:host=39.108.144.9;port=3306;dbname=puzhen_shop;charset=utf8
[ sql ] [ SQL ] SHOW COLUMNS FROM `puzhen_store_user` [ RunTime:0.007665s ]
[ sql ] [ SQL ] SELECT * FROM `puzhen_store_user` WHERE  `puzhen_store_user`.`wxapp_id` = 10001  AND `is_delete` = 0  AND `store_user_id` = 10001 LIMIT 1 [ RunTime:0.006966s ]
[ sql ] [ SQL ] SHOW COLUMNS FROM `puzhen_tea` [ RunTime:0.007426s ]
[ sql ] [ SQL ] SELECT * FROM `puzhen_tea` WHERE  `puzhen_tea`.`wxapp_id` = 10001 ORDER BY `code` ASC [ RunTime:0.006797s ]
[ sql ] [ SQL ] SHOW COLUMNS FROM `puzhen_factory` [ RunTime:0.007303s ]
[ sql ] [ SQL ] SELECT * FROM `puzhen_factory` WHERE  `puzhen_factory`.`wxapp_id` = 10001  AND `is_delete` = 0 ORDER BY `is_self` DESC,`sort` ASC,`create_time` ASC [ RunTime:0.006959s ]
---------------------------------------------------------------
[ 2022-05-22T23:55:39+08:00 ] 113.66.255.41 GET puzhenshop.feibu.info/index.php?s=/store/tea_qrcode.factory_tea_qrcode/add
[ sql ] [ DB ] CONNECT:[ UseTime:0.019366s ] mysql:host=39.108.144.9;port=3306;dbname=puzhen_shop;charset=utf8
[ sql ] [ SQL ] SHOW COLUMNS FROM `puzhen_store_user` [ RunTime:0.010657s ]
[ sql ] [ SQL ] SELECT * FROM `puzhen_store_user` WHERE  `puzhen_store_user`.`wxapp_id` = 10001  AND `is_delete` = 0  AND `store_user_id` = 10001 LIMIT 1 [ RunTime:0.009249s ]
[ sql ] [ SQL ] SHOW COLUMNS FROM `puzhen_tea` [ RunTime:0.010779s ]
[ sql ] [ SQL ] SELECT * FROM `puzhen_tea` WHERE  `puzhen_tea`.`wxapp_id` = 10001 ORDER BY `code` ASC [ RunTime:0.009147s ]
[ sql ] [ SQL ] SHOW COLUMNS FROM `puzhen_factory` [ RunTime:0.010513s ]
[ sql ] [ SQL ] SELECT * FROM `puzhen_factory` WHERE  `puzhen_factory`.`wxapp_id` = 10001  AND `is_delete` = 0 ORDER BY `is_self` DESC,`sort` ASC,`create_time` ASC [ RunTime:0.009226s ]
---------------------------------------------------------------
[ 2022-05-22T23:55:46+08:00 ] 113.98.117.65 GET puzhenshop.feibu.info/index.php?s=/store/tea_qrcode.factory_tea_qrcode/add
[ sql ] [ DB ] CONNECT:[ UseTime:0.018077s ] mysql:host=39.108.144.9;port=3306;dbname=puzhen_shop;charset=utf8
[ sql ] [ SQL ] SHOW COLUMNS FROM `puzhen_store_user` [ RunTime:0.008155s ]
[ sql ] [ SQL ] SELECT * FROM `puzhen_store_user` WHERE  `puzhen_store_user`.`wxapp_id` = 10001  AND `is_delete` = 0  AND `store_user_id` = 10001 LIMIT 1 [ RunTime:0.007650s ]
[ sql ] [ SQL ] SHOW COLUMNS FROM `puzhen_tea` [ RunTime:0.008404s ]
[ sql ] [ SQL ] SELECT * FROM `puzhen_tea` WHERE  `puzhen_tea`.`wxapp_id` = 10001 ORDER BY `code` ASC [ RunTime:0.007449s ]
[ sql ] [ SQL ] SHOW COLUMNS FROM `puzhen_factory` [ RunTime:0.008047s ]
[ sql ] [ SQL ] SELECT * FROM `puzhen_factory` WHERE  `puzhen_factory`.`wxapp_id` = 10001  AND `is_delete` = 0 ORDER BY `is_self` DESC,`sort` ASC,`create_time` ASC [ RunTime:0.007554s ]
