---------------------------------------------------------------
[ 2022-05-26T10:42:27+08:00 ] 183.38.205.134 GET puzhenshop.feibu.info/index.php?s=/api/page/banner&wxapp_id=10001&token=4e361d955a8eb8602a55f3c900fde6db
[ sql ] [ DB ] CONNECT:[ UseTime:0.015058s ] mysql:host=39.108.144.9;port=3306;dbname=puzhen_shop;charset=utf8
[ sql ] [ SQL ] SHOW COLUMNS FROM `puzhen_wxapp` [ RunTime:0.010732s ]
[ sql ] [ SQL ] SELECT * FROM `puzhen_wxapp` WHERE  `puzhen_wxapp`.`wxapp_id` = '10001'  AND `wxapp_id` = 10001 LIMIT 1 [ RunTime:0.008380s ]
[ sql ] [ SQL ] SHOW COLUMNS FROM `puzhen_banner` [ RunTime:0.010915s ]
[ sql ] [ SQL ] SELECT * FROM `puzhen_banner` WHERE  `puzhen_banner`.`wxapp_id` = '10001' ORDER BY `sort` ASC,`create_time` ASC [ RunTime:0.008577s ]
[ sql ] [ SQL ] SHOW COLUMNS FROM `puzhen_upload_file` [ RunTime:0.009898s ]
[ sql ] [ SQL ] SELECT * FROM `puzhen_upload_file` WHERE  `puzhen_upload_file`.`wxapp_id` = '10001'  AND `file_id` IN (10005,10096) [ RunTime:0.008307s ]
---------------------------------------------------------------
[ 2022-05-26T10:42:27+08:00 ] 183.38.205.134 GET puzhenshop.feibu.info/index.php?s=/api/page/index&page_id=0&wxapp_id=10001&token=4e361d955a8eb8602a55f3c900fde6db
[ sql ] [ DB ] CONNECT:[ UseTime:0.016559s ] mysql:host=39.108.144.9;port=3306;dbname=puzhen_shop;charset=utf8
[ sql ] [ SQL ] SHOW COLUMNS FROM `puzhen_wxapp` [ RunTime:0.010891s ]
[ sql ] [ SQL ] SELECT * FROM `puzhen_wxapp` WHERE  `puzhen_wxapp`.`wxapp_id` = '10001'  AND `wxapp_id` = 10001 LIMIT 1 [ RunTime:0.009553s ]
[ sql ] [ SQL ] SHOW COLUMNS FROM `puzhen_user` [ RunTime:0.012255s ]
[ sql ] [ SQL ] SHOW COLUMNS FROM `puzhen_user_address` [ RunTime:0.011127s ]
[ sql ] [ SQL ] SHOW COLUMNS FROM `puzhen_user_grade` [ RunTime:0.011680s ]
[ sql ] [ SQL ] SELECT * FROM `puzhen_user_grade` WHERE  `puzhen_user_grade`.`wxapp_id` = '10001'  AND `status` = 1  AND `is_delete` = 0  AND `wxapp_id` = 10001 ORDER BY `weight` DESC [ RunTime:0.009737s ]
[ sql ] [ SQL ] SELECT * FROM `puzhen_user` WHERE  `puzhen_user`.`wxapp_id` = '10001'  AND `is_delete` = 0  AND `open_id` = 'oolAV5D2Z48fjybOxlPxfYC0Q-YM' LIMIT 1 [ RunTime:0.009731s ]
[ sql ] [ SQL ] SELECT * FROM `puzhen_user_address` WHERE  `puzhen_user_address`.`wxapp_id` = '10001'  AND `user_id` = 10003 [ RunTime:0.009585s ]
[ sql ] [ SQL ] SELECT * FROM `puzhen_user_address` WHERE  `puzhen_user_address`.`wxapp_id` = '10001'  AND `address_id` = 0 [ RunTime:0.009586s ]
[ sql ] [ SQL ] SELECT * FROM `puzhen_user_grade` WHERE  `puzhen_user_grade`.`wxapp_id` = '10001'  AND `grade_id` = 0 [ RunTime:0.009747s ]
[ sql ] [ SQL ] SHOW COLUMNS FROM `puzhen_wxapp_page` [ RunTime:0.011731s ]
[ sql ] [ SQL ] SELECT * FROM `puzhen_wxapp_page` WHERE  `puzhen_wxapp_page`.`wxapp_id` = '10001'  AND `page_type` = 10 LIMIT 1 [ RunTime:0.009757s ]
[ sql ] [ SQL ] SHOW COLUMNS FROM `puzhen_goods_sku` [ RunTime:0.011126s ]
[ sql ] [ SQL ] SHOW COLUMNS FROM `puzhen_category` [ RunTime:0.011496s ]
[ sql ] [ SQL ] SHOW COLUMNS FROM `puzhen_goods` [ RunTime:0.012171s ]
[ sql ] [ SQL ] SELECT COUNT(*) AS tp_count FROM `puzhen_goods` WHERE  ( `puzhen_goods`.`wxapp_id` = '10001' AND `puzhen_goods`.`wxapp_id` = '10001' )  AND `is_delete` = 0  AND `goods_status` = 10 LIMIT 1 [ RunTime:0.009796s ]
[ sql ] [ SQL ] SELECT *,(sales_initial + sales_actual) as goods_sales,( SELECT MIN(goods_price) FROM `puzhen_goods_sku` WHERE  `puzhen_goods_sku`.`wxapp_id` = '10001'  AND ( `goods_id` = `puzhen_goods`.`goods_id` ) ) AS goods_min_price,( SELECT MAX(goods_price) FROM `puzhen_goods_sku` WHERE  `puzhen_goods_sku`.`wxapp_id` = '10001'  AND ( `goods_id` = `puzhen_goods`.`goods_id` ) ) AS goods_max_price,( SELECT MIN(ref_price) FROM `puzhen_goods_sku` WHERE  `puzhen_goods_sku`.`wxapp_id` = '10001'  AND ( `goods_id` = `puzhen_goods`.`goods_id` ) ) AS goods_min_ref_price,( SELECT MAX(ref_price) FROM `puzhen_goods_sku` WHERE  `puzhen_goods_sku`.`wxapp_id` = '10001'  AND ( `goods_id` = `puzhen_goods`.`goods_id` ) ) AS goods_max_ref_price FROM `puzhen_goods` WHERE  ( `puzhen_goods`.`wxapp_id` = '10001' AND `puzhen_goods`.`wxapp_id` = '10001' )  AND `is_delete` = 0  AND `goods_status` = 10 ORDER BY `goods_sort`,`goods_id` DESC LIMIT 0,6 [ RunTime:0.013821s ]
[ sql ] [ SQL ] SELECT * FROM `puzhen_category` WHERE  `puzhen_category`.`wxapp_id` = '10001'  AND `category_id` IN (10015,10014,10004) [ RunTime:0.009661s ]
[ sql ] [ SQL ] SHOW COLUMNS FROM `puzhen_goods_image` [ RunTime:0.011072s ]
[ sql ] [ SQL ] SELECT * FROM `puzhen_goods_image` WHERE  `puzhen_goods_image`.`wxapp_id` = '10001'  AND `goods_id` IN (10038,10037,10011,10010,10009,10008) ORDER BY `id` ASC [ RunTime:0.009661s ]
[ sql ] [ SQL ] SHOW COLUMNS FROM `puzhen_upload_file` [ RunTime:0.010904s ]
[ sql ] [ SQL ] SELECT * FROM `puzhen_upload_file` WHERE  `puzhen_upload_file`.`wxapp_id` = '10001'  AND `file_id` IN (10010,10005,10094,10095) [ RunTime:0.009696s ]
[ sql ] [ SQL ] SELECT * FROM `puzhen_goods_sku` WHERE  `puzhen_goods_sku`.`wxapp_id` = '10001'  AND `goods_id` IN (10038,10037,10011,10010,10009,10008) ORDER BY `goods_sku_id` ASC [ RunTime:0.009736s ]
[ sql ] [ SQL ] SHOW COLUMNS FROM `puzhen_collection` [ RunTime:0.011493s ]
[ sql ] [ SQL ] SELECT `collection_id` FROM `puzhen_collection` WHERE  `puzhen_collection`.`wxapp_id` = '10001'  AND `user_id` = 10003  AND `collectionable_type` = 'Goods'  AND `collectionable_id` = 10038 LIMIT 1 [ RunTime:0.009552s ]
[ sql ] [ SQL ] SELECT `collection_id` FROM `puzhen_collection` WHERE  `puzhen_collection`.`wxapp_id` = '10001'  AND `user_id` = 10003  AND `collectionable_type` = 'Goods'  AND `collectionable_id` = 10037 LIMIT 1 [ RunTime:0.009556s ]
[ sql ] [ SQL ] SELECT `collection_id` FROM `puzhen_collection` WHERE  `puzhen_collection`.`wxapp_id` = '10001'  AND `user_id` = 10003  AND `collectionable_type` = 'Goods'  AND `collectionable_id` = 10011 LIMIT 1 [ RunTime:0.009491s ]
[ sql ] [ SQL ] SELECT `collection_id` FROM `puzhen_collection` WHERE  `puzhen_collection`.`wxapp_id` = '10001'  AND `user_id` = 10003  AND `collectionable_type` = 'Goods'  AND `collectionable_id` = 10010 LIMIT 1 [ RunTime:0.009528s ]
[ sql ] [ SQL ] SELECT `collection_id` FROM `puzhen_collection` WHERE  `puzhen_collection`.`wxapp_id` = '10001'  AND `user_id` = 10003  AND `collectionable_type` = 'Goods'  AND `collectionable_id` = 10009 LIMIT 1 [ RunTime:0.009456s ]
[ sql ] [ SQL ] SELECT `collection_id` FROM `puzhen_collection` WHERE  `puzhen_collection`.`wxapp_id` = '10001'  AND `user_id` = 10003  AND `collectionable_type` = 'Goods'  AND `collectionable_id` = 10008 LIMIT 1 [ RunTime:0.009444s ]
---------------------------------------------------------------
[ 2022-05-26T10:42:52+08:00 ] 183.38.205.134 GET puzhenshop.feibu.info/index.php?s=/api/tea_qrcode/lists&page=1&wxapp_id=10001&token=4e361d955a8eb8602a55f3c900fde6db
[ sql ] [ DB ] CONNECT:[ UseTime:0.013944s ] mysql:host=39.108.144.9;port=3306;dbname=puzhen_shop;charset=utf8
[ sql ] [ SQL ] SHOW COLUMNS FROM `puzhen_wxapp` [ RunTime:0.010700s ]
[ sql ] [ SQL ] SELECT * FROM `puzhen_wxapp` WHERE  `puzhen_wxapp`.`wxapp_id` = '10001'  AND `wxapp_id` = 10001 LIMIT 1 [ RunTime:0.009251s ]
[ sql ] [ SQL ] SHOW COLUMNS FROM `puzhen_user` [ RunTime:0.010454s ]
[ sql ] [ SQL ] SHOW COLUMNS FROM `puzhen_user_address` [ RunTime:0.010266s ]
[ sql ] [ SQL ] SHOW COLUMNS FROM `puzhen_user_grade` [ RunTime:0.010272s ]
[ sql ] [ SQL ] SELECT * FROM `puzhen_user` WHERE  `puzhen_user`.`wxapp_id` = '10001'  AND `is_delete` = 0  AND `open_id` = 'oolAV5D2Z48fjybOxlPxfYC0Q-YM' LIMIT 1 [ RunTime:0.009123s ]
[ sql ] [ SQL ] SELECT * FROM `puzhen_user_address` WHERE  `puzhen_user_address`.`wxapp_id` = '10001'  AND `user_id` = 10003 [ RunTime:0.008874s ]
[ sql ] [ SQL ] SELECT * FROM `puzhen_user_address` WHERE  `puzhen_user_address`.`wxapp_id` = '10001'  AND `address_id` = 0 [ RunTime:0.008861s ]
[ sql ] [ SQL ] SELECT * FROM `puzhen_user_grade` WHERE  `puzhen_user_grade`.`wxapp_id` = '10001'  AND `grade_id` = 0 [ RunTime:0.009029s ]
[ sql ] [ SQL ] SHOW COLUMNS FROM `puzhen_tea_qrcode` [ RunTime:0.011208s ]
[ sql ] [ SQL ] SELECT COUNT(*) AS tp_count FROM `puzhen_tea_qrcode` WHERE  `puzhen_tea_qrcode`.`wxapp_id` = '10001'  AND `user_id` = 10003 LIMIT 1 [ RunTime:0.008920s ]
[ sql ] [ SQL ] SELECT * FROM `puzhen_tea_qrcode` WHERE  `puzhen_tea_qrcode`.`wxapp_id` = '10001'  AND `user_id` = 10003 ORDER BY `tea_qrcode_id` DESC LIMIT 0,15 [ RunTime:0.009163s ]
[ sql ] [ SQL ] SHOW COLUMNS FROM `puzhen_tea` [ RunTime:0.010297s ]
[ sql ] [ SQL ] SELECT `name` FROM `puzhen_tea` WHERE  `puzhen_tea`.`wxapp_id` = '10001'  AND `code` = 'B' LIMIT 1 [ RunTime:0.008802s ]
[ sql ] [ SQL ] SELECT `name` FROM `puzhen_tea` WHERE  `puzhen_tea`.`wxapp_id` = '10001'  AND `code` = 'B' LIMIT 1 [ RunTime:0.008833s ]
---------------------------------------------------------------
[ 2022-05-26T10:44:27+08:00 ] 183.38.205.134 GET puzhenshop.feibu.info/index.php?s=/api/tea_qrcode/detail&tea_qrcode_id=193&wxapp_id=10001&token=4e361d955a8eb8602a55f3c900fde6db
[ sql ] [ DB ] CONNECT:[ UseTime:0.015785s ] mysql:host=39.108.144.9;port=3306;dbname=puzhen_shop;charset=utf8
[ sql ] [ SQL ] SHOW COLUMNS FROM `puzhen_wxapp` [ RunTime:0.011739s ]
[ sql ] [ SQL ] SELECT * FROM `puzhen_wxapp` WHERE  `puzhen_wxapp`.`wxapp_id` = '10001'  AND `wxapp_id` = 10001 LIMIT 1 [ RunTime:0.010223s ]
[ sql ] [ SQL ] SHOW COLUMNS FROM `puzhen_tea_qrcode` [ RunTime:0.011852s ]
[ sql ] [ SQL ] SELECT * FROM `puzhen_tea_qrcode` WHERE  `puzhen_tea_qrcode`.`wxapp_id` = '10001'  AND `tea_qrcode_id` = 193 LIMIT 1 [ RunTime:0.011001s ]
[ sql ] [ SQL ] SHOW COLUMNS FROM `puzhen_tea` [ RunTime:0.011436s ]
[ sql ] [ SQL ] SELECT `name` FROM `puzhen_tea` WHERE  `puzhen_tea`.`wxapp_id` = '10001'  AND `code` = 'B' LIMIT 1 [ RunTime:0.010205s ]
---------------------------------------------------------------
[ 2022-05-26T10:45:06+08:00 ] 183.38.205.134 GET puzhenshop.feibu.info/index.php?s=/api/category/index&wxapp_id=10001&token=4e361d955a8eb8602a55f3c900fde6db
[ sql ] [ DB ] CONNECT:[ UseTime:0.020001s ] mysql:host=39.108.144.9;port=3306;dbname=puzhen_shop;charset=utf8
[ sql ] [ SQL ] SHOW COLUMNS FROM `puzhen_wxapp` [ RunTime:0.010142s ]
[ sql ] [ SQL ] SELECT * FROM `puzhen_wxapp` WHERE  `puzhen_wxapp`.`wxapp_id` = '10001'  AND `wxapp_id` = 10001 LIMIT 1 [ RunTime:0.008671s ]
[ sql ] [ SQL ] SHOW COLUMNS FROM `puzhen_wxapp_category` [ RunTime:0.010986s ]
[ sql ] [ SQL ] SELECT * FROM `puzhen_wxapp_category` WHERE  `puzhen_wxapp_category`.`wxapp_id` = '10001' LIMIT 1 [ RunTime:0.008647s ]
---------------------------------------------------------------
[ 2022-05-26T10:45:10+08:00 ] 183.38.205.134 GET puzhenshop.feibu.info/index.php?s=/api/goods/lists&page=1&sortType=all&sort=&category_id=10004&search=&wxapp_id=10001&token=4e361d955a8eb8602a55f3c900fde6db
[ sql ] [ DB ] CONNECT:[ UseTime:0.011446s ] mysql:host=39.108.144.9;port=3306;dbname=puzhen_shop;charset=utf8
[ sql ] [ SQL ] SHOW COLUMNS FROM `puzhen_wxapp` [ RunTime:0.008548s ]
[ sql ] [ SQL ] SELECT * FROM `puzhen_wxapp` WHERE  `puzhen_wxapp`.`wxapp_id` = '10001'  AND `wxapp_id` = 10001 LIMIT 1 [ RunTime:0.007474s ]
[ sql ] [ SQL ] SHOW COLUMNS FROM `puzhen_user` [ RunTime:0.008934s ]
[ sql ] [ SQL ] SHOW COLUMNS FROM `puzhen_user_address` [ RunTime:0.009083s ]
[ sql ] [ SQL ] SHOW COLUMNS FROM `puzhen_user_grade` [ RunTime:0.008666s ]
[ sql ] [ SQL ] SELECT * FROM `puzhen_user` WHERE  `puzhen_user`.`wxapp_id` = '10001'  AND `is_delete` = 0  AND `open_id` = 'oolAV5D2Z48fjybOxlPxfYC0Q-YM' LIMIT 1 [ RunTime:0.007558s ]
[ sql ] [ SQL ] SELECT * FROM `puzhen_user_address` WHERE  `puzhen_user_address`.`wxapp_id` = '10001'  AND `user_id` = 10003 [ RunTime:0.007352s ]
[ sql ] [ SQL ] SELECT * FROM `puzhen_user_address` WHERE  `puzhen_user_address`.`wxapp_id` = '10001'  AND `address_id` = 0 [ RunTime:0.007313s ]
[ sql ] [ SQL ] SELECT * FROM `puzhen_user_grade` WHERE  `puzhen_user_grade`.`wxapp_id` = '10001'  AND `grade_id` = 0 [ RunTime:0.007193s ]
[ sql ] [ SQL ] SHOW COLUMNS FROM `puzhen_goods_sku` [ RunTime:0.008730s ]
[ sql ] [ SQL ] SHOW COLUMNS FROM `puzhen_category` [ RunTime:0.008755s ]
[ sql ] [ SQL ] SHOW COLUMNS FROM `puzhen_goods` [ RunTime:0.008539s ]
[ sql ] [ SQL ] SELECT COUNT(*) AS tp_count FROM `puzhen_goods` WHERE  ( `puzhen_goods`.`wxapp_id` = '10001' AND `puzhen_goods`.`wxapp_id` = '10001' )  AND `is_delete` = 0  AND `category_id` IN (10004)  AND `goods_status` = 10 LIMIT 1 [ RunTime:0.007363s ]
[ sql ] [ SQL ] SELECT *,(sales_initial + sales_actual) as goods_sales,( SELECT MIN(goods_price) FROM `puzhen_goods_sku` WHERE  `puzhen_goods_sku`.`wxapp_id` = '10001'  AND ( `goods_id` = `puzhen_goods`.`goods_id` ) ) AS goods_min_price,( SELECT MAX(goods_price) FROM `puzhen_goods_sku` WHERE  `puzhen_goods_sku`.`wxapp_id` = '10001'  AND ( `goods_id` = `puzhen_goods`.`goods_id` ) ) AS goods_max_price,( SELECT MIN(ref_price) FROM `puzhen_goods_sku` WHERE  `puzhen_goods_sku`.`wxapp_id` = '10001'  AND ( `goods_id` = `puzhen_goods`.`goods_id` ) ) AS goods_min_ref_price,( SELECT MAX(ref_price) FROM `puzhen_goods_sku` WHERE  `puzhen_goods_sku`.`wxapp_id` = '10001'  AND ( `goods_id` = `puzhen_goods`.`goods_id` ) ) AS goods_max_ref_price FROM `puzhen_goods` WHERE  ( `puzhen_goods`.`wxapp_id` = '10001' AND `puzhen_goods`.`wxapp_id` = '10001' )  AND `is_delete` = 0  AND `category_id` IN (10004)  AND `goods_status` = 10 ORDER BY `goods_sort`,`goods_id` DESC LIMIT 0,15 [ RunTime:0.010050s ]
[ sql ] [ SQL ] SELECT * FROM `puzhen_category` WHERE  `puzhen_category`.`wxapp_id` = '10001'  AND `category_id` IN (10004) [ RunTime:0.007307s ]
[ sql ] [ SQL ] SHOW COLUMNS FROM `puzhen_goods_image` [ RunTime:0.008453s ]
[ sql ] [ SQL ] SELECT * FROM `puzhen_goods_image` WHERE  `puzhen_goods_image`.`wxapp_id` = '10001'  AND `goods_id` IN (10010,10009,10008,10007) ORDER BY `id` ASC [ RunTime:0.007285s ]
[ sql ] [ SQL ] SHOW COLUMNS FROM `puzhen_upload_file` [ RunTime:0.009250s ]
[ sql ] [ SQL ] SELECT * FROM `puzhen_upload_file` WHERE  `puzhen_upload_file`.`wxapp_id` = '10001'  AND `file_id` IN (10010,10005) [ RunTime:0.007376s ]
[ sql ] [ SQL ] SELECT * FROM `puzhen_goods_sku` WHERE  `puzhen_goods_sku`.`wxapp_id` = '10001'  AND `goods_id` IN (10010,10009,10008,10007) ORDER BY `goods_sku_id` ASC [ RunTime:0.007495s ]
[ sql ] [ SQL ] SHOW COLUMNS FROM `puzhen_collection` [ RunTime:0.008590s ]
[ sql ] [ SQL ] SELECT `collection_id` FROM `puzhen_collection` WHERE  `puzhen_collection`.`wxapp_id` = '10001'  AND `user_id` = 10003  AND `collectionable_type` = 'Goods'  AND `collectionable_id` = 10010 LIMIT 1 [ RunTime:0.007211s ]
[ sql ] [ SQL ] SELECT `collection_id` FROM `puzhen_collection` WHERE  `puzhen_collection`.`wxapp_id` = '10001'  AND `user_id` = 10003  AND `collectionable_type` = 'Goods'  AND `collectionable_id` = 10009 LIMIT 1 [ RunTime:0.007237s ]
[ sql ] [ SQL ] SELECT `collection_id` FROM `puzhen_collection` WHERE  `puzhen_collection`.`wxapp_id` = '10001'  AND `user_id` = 10003  AND `collectionable_type` = 'Goods'  AND `collectionable_id` = 10008 LIMIT 1 [ RunTime:0.007287s ]
[ sql ] [ SQL ] SELECT `collection_id` FROM `puzhen_collection` WHERE  `puzhen_collection`.`wxapp_id` = '10001'  AND `user_id` = 10003  AND `collectionable_type` = 'Goods'  AND `collectionable_id` = 10007 LIMIT 1 [ RunTime:0.007295s ]
---------------------------------------------------------------
[ 2022-05-26T10:45:19+08:00 ] 183.38.205.134 GET puzhenshop.feibu.info/index.php?s=/api/goods/detail&goods_id=10010&wxapp_id=10001&token=4e361d955a8eb8602a55f3c900fde6db
[ sql ] [ DB ] CONNECT:[ UseTime:0.018967s ] mysql:host=39.108.144.9;port=3306;dbname=puzhen_shop;charset=utf8
[ sql ] [ SQL ] SHOW COLUMNS FROM `puzhen_wxapp` [ RunTime:0.010293s ]
[ sql ] [ SQL ] SELECT * FROM `puzhen_wxapp` WHERE  `puzhen_wxapp`.`wxapp_id` = '10001'  AND `wxapp_id` = 10001 LIMIT 1 [ RunTime:0.009075s ]
[ sql ] [ SQL ] SHOW COLUMNS FROM `puzhen_user` [ RunTime:0.010600s ]
[ sql ] [ SQL ] SHOW COLUMNS FROM `puzhen_user_address` [ RunTime:0.010209s ]
[ sql ] [ SQL ] SHOW COLUMNS FROM `puzhen_user_grade` [ RunTime:0.010330s ]
[ sql ] [ SQL ] SELECT * FROM `puzhen_user` WHERE  `puzhen_user`.`wxapp_id` = '10001'  AND `is_delete` = 0  AND `open_id` = 'oolAV5D2Z48fjybOxlPxfYC0Q-YM' LIMIT 1 [ RunTime:0.009283s ]
[ sql ] [ SQL ] SELECT * FROM `puzhen_user_address` WHERE  `puzhen_user_address`.`wxapp_id` = '10001'  AND `user_id` = 10003 [ RunTime:0.008887s ]
[ sql ] [ SQL ] SELECT * FROM `puzhen_user_address` WHERE  `puzhen_user_address`.`wxapp_id` = '10001'  AND `address_id` = 0 [ RunTime:0.009100s ]
[ sql ] [ SQL ] SELECT * FROM `puzhen_user_grade` WHERE  `puzhen_user_grade`.`wxapp_id` = '10001'  AND `grade_id` = 0 [ RunTime:0.008948s ]
[ sql ] [ SQL ] SELECT * FROM `puzhen_user` WHERE  `puzhen_user`.`wxapp_id` = '10001'  AND `is_delete` = 0  AND `open_id` = 'oolAV5D2Z48fjybOxlPxfYC0Q-YM' LIMIT 1 [ RunTime:0.009145s ]
[ sql ] [ SQL ] SELECT * FROM `puzhen_user_address` WHERE  `puzhen_user_address`.`wxapp_id` = '10001'  AND `user_id` = 10003 [ RunTime:0.008973s ]
[ sql ] [ SQL ] SELECT * FROM `puzhen_user_address` WHERE  `puzhen_user_address`.`wxapp_id` = '10001'  AND `address_id` = 0 [ RunTime:0.008929s ]
[ sql ] [ SQL ] SELECT * FROM `puzhen_user_grade` WHERE  `puzhen_user_grade`.`wxapp_id` = '10001'  AND `grade_id` = 0 [ RunTime:0.008928s ]
[ sql ] [ SQL ] SHOW COLUMNS FROM `puzhen_category` [ RunTime:0.010224s ]
[ sql ] [ SQL ] SHOW COLUMNS FROM `puzhen_goods` [ RunTime:0.010009s ]
[ sql ] [ SQL ] SHOW COLUMNS FROM `puzhen_delivery` [ RunTime:0.011701s ]
[ sql ] [ SQL ] SHOW COLUMNS FROM `puzhen_comment` [ RunTime:0.011113s ]
[ sql ] [ SQL ] SELECT *,(SELECT COUNT(*) AS tp_count FROM `puzhen_comment` WHERE  `puzhen_comment`.`wxapp_id` = '10001'  AND `is_delete` = 0  AND `status` = 1  AND ( `goods_id` =puzhen_goods.goods_id ) LIMIT 1) AS `comment_data_count` FROM `puzhen_goods` WHERE  ( `puzhen_goods`.`wxapp_id` = '10001' AND `puzhen_goods`.`wxapp_id` = '10001' )  AND `goods_id` = 10010 LIMIT 1 [ RunTime:0.009419s ]
[ sql ] [ SQL ] SELECT * FROM `puzhen_category` WHERE  `puzhen_category`.`wxapp_id` = '10001'  AND `category_id` = 10004 [ RunTime:0.008924s ]
[ sql ] [ SQL ] SHOW COLUMNS FROM `puzhen_tea_qrcode` [ RunTime:0.010330s ]
[ sql ] [ SQL ] SHOW COLUMNS FROM `puzhen_goods_tea_qrcode` [ RunTime:0.011032s ]
[ sql ] [ SQL ] SELECT * FROM `puzhen_goods_tea_qrcode` WHERE  `puzhen_goods_tea_qrcode`.`wxapp_id` = '10001'  AND `goods_id` = 10010 [ RunTime:0.008999s ]
[ sql ] [ SQL ] SELECT * FROM `puzhen_tea_qrcode` WHERE  `puzhen_tea_qrcode`.`wxapp_id` = '10001'  AND `tea_qrcode_id` IN (235) [ RunTime:0.009097s ]
[ sql ] [ SQL ] SHOW COLUMNS FROM `puzhen_goods_image` [ RunTime:0.010207s ]
[ sql ] [ SQL ] SELECT * FROM `puzhen_goods_image` WHERE  `puzhen_goods_image`.`wxapp_id` = '10001'  AND `goods_id` = 10010 ORDER BY `id` ASC [ RunTime:0.009118s ]
[ sql ] [ SQL ] SHOW COLUMNS FROM `puzhen_upload_file` [ RunTime:0.010266s ]
[ sql ] [ SQL ] SELECT * FROM `puzhen_upload_file` WHERE  `puzhen_upload_file`.`wxapp_id` = '10001'  AND `file_id` IN (10010,10005) [ RunTime:0.009072s ]
[ sql ] [ SQL ] SHOW COLUMNS FROM `puzhen_goods_sku` [ RunTime:0.010148s ]
[ sql ] [ SQL ] SELECT * FROM `puzhen_goods_sku` WHERE  `puzhen_goods_sku`.`wxapp_id` = '10001'  AND `goods_id` = 10010 ORDER BY `goods_sku_id` ASC [ RunTime:0.009214s ]
[ sql ] [ SQL ] SELECT * FROM `puzhen_upload_file` WHERE  `puzhen_upload_file`.`wxapp_id` = '10001'  AND `file_id` IN (0) [ RunTime:0.009092s ]
[ sql ] [ SQL ] SHOW COLUMNS FROM `puzhen_spec_value` [ RunTime:0.012718s ]
[ sql ] [ SQL ] SHOW COLUMNS FROM `puzhen_goods_spec_rel` [ RunTime:0.010419s ]
[ sql ] [ SQL ] SHOW COLUMNS FROM `puzhen_spec` [ RunTime:0.011227s ]
[ sql ] [ SQL ] SELECT `puzhen_spec_value`.*,pivot.id AS pivot__id,pivot.goods_id AS pivot__goods_id,pivot.spec_id AS pivot__spec_id,pivot.spec_value_id AS pivot__spec_value_id,pivot.factory_id AS pivot__factory_id,pivot.wxapp_id AS pivot__wxapp_id,pivot.create_time AS pivot__create_time FROM `puzhen_spec_value` INNER JOIN `puzhen_goods_spec_rel` `pivot` ON `pivot`.`spec_value_id`=`puzhen_spec_value`.`spec_value_id` WHERE  `puzhen_spec_value`.`wxapp_id` = '10001'  AND `pivot`.`goods_id` = 10010 ORDER BY `id` ASC [ RunTime:0.009072s ]
[ sql ] [ SQL ] SELECT * FROM `puzhen_delivery` WHERE  `puzhen_delivery`.`wxapp_id` = '10001'  AND `delivery_id` = 10001 [ RunTime:0.009067s ]
[ sql ] [ SQL ] SHOW COLUMNS FROM `puzhen_delivery_rule` [ RunTime:0.011556s ]
[ sql ] [ SQL ] SELECT * FROM `puzhen_delivery_rule` WHERE  `puzhen_delivery_rule`.`wxapp_id` = '10001'  AND `delivery_id` IN (10001) [ RunTime:0.009014s ]
[ sql ] [ SQL ] SELECT * FROM `puzhen_comment` WHERE  `puzhen_comment`.`wxapp_id` = '10001'  AND `is_delete` = 0  AND `status` = 1  AND `goods_id` = 10010 LIMIT 2 [ RunTime:0.009054s ]
[ sql ] [ SQL ] SHOW COLUMNS FROM `puzhen_collection` [ RunTime:0.010213s ]
[ sql ] [ SQL ] SELECT `collection_id` FROM `puzhen_collection` WHERE  `puzhen_collection`.`wxapp_id` = '10001'  AND `user_id` = 10003  AND `collectionable_type` = 'Goods'  AND `collectionable_id` = 10010 LIMIT 1 [ RunTime:0.008961s ]
[ sql ] [ SQL ] SHOW COLUMNS FROM `puzhen_tea` [ RunTime:0.010456s ]
[ sql ] [ SQL ] SELECT `name` FROM `puzhen_tea` WHERE  `puzhen_tea`.`wxapp_id` = '10001'  AND `code` = 'G' LIMIT 1 [ RunTime:0.008913s ]
---------------------------------------------------------------
[ 2022-05-26T10:45:23+08:00 ] 183.38.205.134 GET puzhenshop.feibu.info/index.php?s=/api/tea_qrcode/detail&tea_qrcode_id=235&wxapp_id=10001&token=4e361d955a8eb8602a55f3c900fde6db
[ sql ] [ DB ] CONNECT:[ UseTime:0.020350s ] mysql:host=39.108.144.9;port=3306;dbname=puzhen_shop;charset=utf8
[ sql ] [ SQL ] SHOW COLUMNS FROM `puzhen_wxapp` [ RunTime:0.010774s ]
[ sql ] [ SQL ] SELECT * FROM `puzhen_wxapp` WHERE  `puzhen_wxapp`.`wxapp_id` = '10001'  AND `wxapp_id` = 10001 LIMIT 1 [ RunTime:0.010276s ]
[ sql ] [ SQL ] SHOW COLUMNS FROM `puzhen_tea_qrcode` [ RunTime:0.010847s ]
[ sql ] [ SQL ] SELECT * FROM `puzhen_tea_qrcode` WHERE  `puzhen_tea_qrcode`.`wxapp_id` = '10001'  AND `tea_qrcode_id` = 235 LIMIT 1 [ RunTime:0.010511s ]
[ sql ] [ SQL ] SHOW COLUMNS FROM `puzhen_tea` [ RunTime:0.010699s ]
[ sql ] [ SQL ] SELECT `name` FROM `puzhen_tea` WHERE  `puzhen_tea`.`wxapp_id` = '10001'  AND `code` = 'G' LIMIT 1 [ RunTime:0.010073s ]
---------------------------------------------------------------
[ 2022-05-26T10:45:23+08:00 ] 183.38.205.134 GET puzhenshop.feibu.info/index.php?s=/api/tea_qrcode_comment/lists/tea_qrcode_id/235&wxapp_id=10001&token=4e361d955a8eb8602a55f3c900fde6db
[ sql ] [ DB ] CONNECT:[ UseTime:0.011423s ] mysql:host=39.108.144.9;port=3306;dbname=puzhen_shop;charset=utf8
[ sql ] [ SQL ] SHOW COLUMNS FROM `puzhen_wxapp` [ RunTime:0.008994s ]
[ sql ] [ SQL ] SELECT * FROM `puzhen_wxapp` WHERE  `puzhen_wxapp`.`wxapp_id` = '10001'  AND `wxapp_id` = 10001 LIMIT 1 [ RunTime:0.007530s ]
[ sql ] [ SQL ] SHOW COLUMNS FROM `puzhen_user` [ RunTime:0.009525s ]
[ sql ] [ SQL ] SHOW COLUMNS FROM `puzhen_tea_qrcode_comment` [ RunTime:0.010317s ]
[ sql ] [ SQL ] SELECT COUNT(*) AS tp_count FROM `puzhen_tea_qrcode_comment` WHERE  `puzhen_tea_qrcode_comment`.`wxapp_id` = '10001'  AND `tea_qrcode_id` = 235  AND `status` = 1 LIMIT 1 [ RunTime:0.007549s ]
[ sql ] [ SQL ] SELECT * FROM `puzhen_tea_qrcode_comment` WHERE  `puzhen_tea_qrcode_comment`.`wxapp_id` = '10001'  AND `tea_qrcode_id` = 235  AND `status` = 1 ORDER BY `sort` ASC,`create_time` DESC LIMIT 0,15 [ RunTime:0.007947s ]
---------------------------------------------------------------
[ 2022-05-26T10:45:29+08:00 ] 183.38.205.134 GET puzhenshop.feibu.info/index.php?s=/api/goods/detail&goods_id=10010&wxapp_id=10001&token=4e361d955a8eb8602a55f3c900fde6db
[ sql ] [ DB ] CONNECT:[ UseTime:0.013297s ] mysql:host=39.108.144.9;port=3306;dbname=puzhen_shop;charset=utf8
[ sql ] [ SQL ] SHOW COLUMNS FROM `puzhen_wxapp` [ RunTime:0.010775s ]
[ sql ] [ SQL ] SELECT * FROM `puzhen_wxapp` WHERE  `puzhen_wxapp`.`wxapp_id` = '10001'  AND `wxapp_id` = 10001 LIMIT 1 [ RunTime:0.008814s ]
[ sql ] [ SQL ] SHOW COLUMNS FROM `puzhen_user` [ RunTime:0.010162s ]
[ sql ] [ SQL ] SHOW COLUMNS FROM `puzhen_user_address` [ RunTime:0.009977s ]
[ sql ] [ SQL ] SHOW COLUMNS FROM `puzhen_user_grade` [ RunTime:0.010693s ]
[ sql ] [ SQL ] SELECT * FROM `puzhen_user` WHERE  `puzhen_user`.`wxapp_id` = '10001'  AND `is_delete` = 0  AND `open_id` = 'oolAV5D2Z48fjybOxlPxfYC0Q-YM' LIMIT 1 [ RunTime:0.012314s ]
[ sql ] [ SQL ] SELECT * FROM `puzhen_user_address` WHERE  `puzhen_user_address`.`wxapp_id` = '10001'  AND `user_id` = 10003 [ RunTime:0.008812s ]
[ sql ] [ SQL ] SELECT * FROM `puzhen_user_address` WHERE  `puzhen_user_address`.`wxapp_id` = '10001'  AND `address_id` = 0 [ RunTime:0.008689s ]
[ sql ] [ SQL ] SELECT * FROM `puzhen_user_grade` WHERE  `puzhen_user_grade`.`wxapp_id` = '10001'  AND `grade_id` = 0 [ RunTime:0.008786s ]
[ sql ] [ SQL ] SELECT * FROM `puzhen_user` WHERE  `puzhen_user`.`wxapp_id` = '10001'  AND `is_delete` = 0  AND `open_id` = 'oolAV5D2Z48fjybOxlPxfYC0Q-YM' LIMIT 1 [ RunTime:0.008974s ]
[ sql ] [ SQL ] SELECT * FROM `puzhen_user_address` WHERE  `puzhen_user_address`.`wxapp_id` = '10001'  AND `user_id` = 10003 [ RunTime:0.008644s ]
[ sql ] [ SQL ] SELECT * FROM `puzhen_user_address` WHERE  `puzhen_user_address`.`wxapp_id` = '10001'  AND `address_id` = 0 [ RunTime:0.008627s ]
[ sql ] [ SQL ] SELECT * FROM `puzhen_user_grade` WHERE  `puzhen_user_grade`.`wxapp_id` = '10001'  AND `grade_id` = 0 [ RunTime:0.008647s ]
[ sql ] [ SQL ] SHOW COLUMNS FROM `puzhen_category` [ RunTime:0.010144s ]
[ sql ] [ SQL ] SHOW COLUMNS FROM `puzhen_goods` [ RunTime:0.010590s ]
[ sql ] [ SQL ] SHOW COLUMNS FROM `puzhen_delivery` [ RunTime:0.010193s ]
[ sql ] [ SQL ] SHOW COLUMNS FROM `puzhen_comment` [ RunTime:0.010262s ]
[ sql ] [ SQL ] SELECT *,(SELECT COUNT(*) AS tp_count FROM `puzhen_comment` WHERE  `puzhen_comment`.`wxapp_id` = '10001'  AND `is_delete` = 0  AND `status` = 1  AND ( `goods_id` =puzhen_goods.goods_id ) LIMIT 1) AS `comment_data_count` FROM `puzhen_goods` WHERE  ( `puzhen_goods`.`wxapp_id` = '10001' AND `puzhen_goods`.`wxapp_id` = '10001' )  AND `goods_id` = 10010 LIMIT 1 [ RunTime:0.009080s ]
[ sql ] [ SQL ] SELECT * FROM `puzhen_category` WHERE  `puzhen_category`.`wxapp_id` = '10001'  AND `category_id` = 10004 [ RunTime:0.008618s ]
[ sql ] [ SQL ] SHOW COLUMNS FROM `puzhen_tea_qrcode` [ RunTime:0.009934s ]
[ sql ] [ SQL ] SHOW COLUMNS FROM `puzhen_goods_tea_qrcode` [ RunTime:0.009962s ]
[ sql ] [ SQL ] SELECT * FROM `puzhen_goods_tea_qrcode` WHERE  `puzhen_goods_tea_qrcode`.`wxapp_id` = '10001'  AND `goods_id` = 10010 [ RunTime:0.008758s ]
[ sql ] [ SQL ] SELECT * FROM `puzhen_tea_qrcode` WHERE  `puzhen_tea_qrcode`.`wxapp_id` = '10001'  AND `tea_qrcode_id` IN (235) [ RunTime:0.008725s ]
[ sql ] [ SQL ] SHOW COLUMNS FROM `puzhen_goods_image` [ RunTime:0.010122s ]
[ sql ] [ SQL ] SELECT * FROM `puzhen_goods_image` WHERE  `puzhen_goods_image`.`wxapp_id` = '10001'  AND `goods_id` = 10010 ORDER BY `id` ASC [ RunTime:0.008707s ]
[ sql ] [ SQL ] SHOW COLUMNS FROM `puzhen_upload_file` [ RunTime:0.010020s ]
[ sql ] [ SQL ] SELECT * FROM `puzhen_upload_file` WHERE  `puzhen_upload_file`.`wxapp_id` = '10001'  AND `file_id` IN (10010,10005) [ RunTime:0.008905s ]
[ sql ] [ SQL ] SHOW COLUMNS FROM `puzhen_goods_sku` [ RunTime:0.010182s ]
[ sql ] [ SQL ] SELECT * FROM `puzhen_goods_sku` WHERE  `puzhen_goods_sku`.`wxapp_id` = '10001'  AND `goods_id` = 10010 ORDER BY `goods_sku_id` ASC [ RunTime:0.008896s ]
[ sql ] [ SQL ] SELECT * FROM `puzhen_upload_file` WHERE  `puzhen_upload_file`.`wxapp_id` = '10001'  AND `file_id` IN (0) [ RunTime:0.008739s ]
[ sql ] [ SQL ] SHOW COLUMNS FROM `puzhen_spec_value` [ RunTime:0.010146s ]
[ sql ] [ SQL ] SHOW COLUMNS FROM `puzhen_goods_spec_rel` [ RunTime:0.010019s ]
[ sql ] [ SQL ] SHOW COLUMNS FROM `puzhen_spec` [ RunTime:0.010011s ]
[ sql ] [ SQL ] SELECT `puzhen_spec_value`.*,pivot.id AS pivot__id,pivot.goods_id AS pivot__goods_id,pivot.spec_id AS pivot__spec_id,pivot.spec_value_id AS pivot__spec_value_id,pivot.factory_id AS pivot__factory_id,pivot.wxapp_id AS pivot__wxapp_id,pivot.create_time AS pivot__create_time FROM `puzhen_spec_value` INNER JOIN `puzhen_goods_spec_rel` `pivot` ON `pivot`.`spec_value_id`=`puzhen_spec_value`.`spec_value_id` WHERE  `puzhen_spec_value`.`wxapp_id` = '10001'  AND `pivot`.`goods_id` = 10010 ORDER BY `id` ASC [ RunTime:0.008982s ]
[ sql ] [ SQL ] SELECT * FROM `puzhen_delivery` WHERE  `puzhen_delivery`.`wxapp_id` = '10001'  AND `delivery_id` = 10001 [ RunTime:0.008847s ]
[ sql ] [ SQL ] SHOW COLUMNS FROM `puzhen_delivery_rule` [ RunTime:0.010366s ]
[ sql ] [ SQL ] SELECT * FROM `puzhen_delivery_rule` WHERE  `puzhen_delivery_rule`.`wxapp_id` = '10001'  AND `delivery_id` IN (10001) [ RunTime:0.008997s ]
[ sql ] [ SQL ] SELECT * FROM `puzhen_comment` WHERE  `puzhen_comment`.`wxapp_id` = '10001'  AND `is_delete` = 0  AND `status` = 1  AND `goods_id` = 10010 LIMIT 2 [ RunTime:0.009049s ]
[ sql ] [ SQL ] SHOW COLUMNS FROM `puzhen_collection` [ RunTime:0.010451s ]
[ sql ] [ SQL ] SELECT `collection_id` FROM `puzhen_collection` WHERE  `puzhen_collection`.`wxapp_id` = '10001'  AND `user_id` = 10003  AND `collectionable_type` = 'Goods'  AND `collectionable_id` = 10010 LIMIT 1 [ RunTime:0.008826s ]
[ sql ] [ SQL ] SHOW COLUMNS FROM `puzhen_tea` [ RunTime:0.010258s ]
[ sql ] [ SQL ] SELECT `name` FROM `puzhen_tea` WHERE  `puzhen_tea`.`wxapp_id` = '10001'  AND `code` = 'G' LIMIT 1 [ RunTime:0.008806s ]
---------------------------------------------------------------
[ 2022-05-26T10:46:55+08:00 ] 183.38.205.134 GET puzhenshop.feibu.info/index.php?s=/api/goods/lists&page=1&sortType=all&sort=&category_id=0&search=%E7%A6%8F%E9%BC%8E%E7%99%BD%E8%8C%B6&wxapp_id=10001&token=4e361d955a8eb8602a55f3c900fde6db
[ sql ] [ DB ] CONNECT:[ UseTime:0.013484s ] mysql:host=39.108.144.9;port=3306;dbname=puzhen_shop;charset=utf8
[ sql ] [ SQL ] SHOW COLUMNS FROM `puzhen_wxapp` [ RunTime:0.010243s ]
[ sql ] [ SQL ] SELECT * FROM `puzhen_wxapp` WHERE  `puzhen_wxapp`.`wxapp_id` = '10001'  AND `wxapp_id` = 10001 LIMIT 1 [ RunTime:0.008703s ]
[ sql ] [ SQL ] SHOW COLUMNS FROM `puzhen_user` [ RunTime:0.010009s ]
[ sql ] [ SQL ] SHOW COLUMNS FROM `puzhen_user_address` [ RunTime:0.009915s ]
[ sql ] [ SQL ] SHOW COLUMNS FROM `puzhen_user_grade` [ RunTime:0.009894s ]
[ sql ] [ SQL ] SELECT * FROM `puzhen_user` WHERE  `puzhen_user`.`wxapp_id` = '10001'  AND `is_delete` = 0  AND `open_id` = 'oolAV5D2Z48fjybOxlPxfYC0Q-YM' LIMIT 1 [ RunTime:0.008870s ]
[ sql ] [ SQL ] SELECT * FROM `puzhen_user_address` WHERE  `puzhen_user_address`.`wxapp_id` = '10001'  AND `user_id` = 10003 [ RunTime:0.008575s ]
[ sql ] [ SQL ] SELECT * FROM `puzhen_user_address` WHERE  `puzhen_user_address`.`wxapp_id` = '10001'  AND `address_id` = 0 [ RunTime:0.008625s ]
[ sql ] [ SQL ] SELECT * FROM `puzhen_user_grade` WHERE  `puzhen_user_grade`.`wxapp_id` = '10001'  AND `grade_id` = 0 [ RunTime:0.008606s ]
[ sql ] [ SQL ] SHOW COLUMNS FROM `puzhen_goods_sku` [ RunTime:0.009191s ]
[ sql ] [ SQL ] SHOW COLUMNS FROM `puzhen_category` [ RunTime:0.009770s ]
[ sql ] [ SQL ] SHOW COLUMNS FROM `puzhen_goods` [ RunTime:0.009817s ]
[ sql ] [ SQL ] SELECT COUNT(*) AS tp_count FROM `puzhen_goods` WHERE  ( `puzhen_goods`.`wxapp_id` = '10001' AND `puzhen_goods`.`wxapp_id` = '10001' )  AND `is_delete` = 0  AND `goods_status` = 10  AND `goods_name` LIKE '%福鼎白茶%' LIMIT 1 [ RunTime:0.008729s ]
[ sql ] [ SQL ] SELECT *,(sales_initial + sales_actual) as goods_sales,( SELECT MIN(goods_price) FROM `puzhen_goods_sku` WHERE  `puzhen_goods_sku`.`wxapp_id` = '10001'  AND ( `goods_id` = `puzhen_goods`.`goods_id` ) ) AS goods_min_price,( SELECT MAX(goods_price) FROM `puzhen_goods_sku` WHERE  `puzhen_goods_sku`.`wxapp_id` = '10001'  AND ( `goods_id` = `puzhen_goods`.`goods_id` ) ) AS goods_max_price,( SELECT MIN(ref_price) FROM `puzhen_goods_sku` WHERE  `puzhen_goods_sku`.`wxapp_id` = '10001'  AND ( `goods_id` = `puzhen_goods`.`goods_id` ) ) AS goods_min_ref_price,( SELECT MAX(ref_price) FROM `puzhen_goods_sku` WHERE  `puzhen_goods_sku`.`wxapp_id` = '10001'  AND ( `goods_id` = `puzhen_goods`.`goods_id` ) ) AS goods_max_ref_price FROM `puzhen_goods` WHERE  ( `puzhen_goods`.`wxapp_id` = '10001' AND `puzhen_goods`.`wxapp_id` = '10001' )  AND `is_delete` = 0  AND `goods_status` = 10  AND `goods_name` LIKE '%福鼎白茶%' ORDER BY `goods_sort`,`goods_id` DESC LIMIT 0,15 [ RunTime:0.011215s ]
---------------------------------------------------------------
[ 2022-05-26T10:47:56+08:00 ] 183.38.205.134 GET puzhenshop.feibu.info/index.php?s=/api/goods/detail&goods_id=10010&wxapp_id=10001&token=4e361d955a8eb8602a55f3c900fde6db
[ sql ] [ DB ] CONNECT:[ UseTime:0.019156s ] mysql:host=39.108.144.9;port=3306;dbname=puzhen_shop;charset=utf8
[ sql ] [ SQL ] SHOW COLUMNS FROM `puzhen_wxapp` [ RunTime:0.009073s ]
[ sql ] [ SQL ] SELECT * FROM `puzhen_wxapp` WHERE  `puzhen_wxapp`.`wxapp_id` = '10001'  AND `wxapp_id` = 10001 LIMIT 1 [ RunTime:0.008550s ]
[ sql ] [ SQL ] SHOW COLUMNS FROM `puzhen_user` [ RunTime:0.009609s ]
[ sql ] [ SQL ] SHOW COLUMNS FROM `puzhen_user_address` [ RunTime:0.009537s ]
[ sql ] [ SQL ] SHOW COLUMNS FROM `puzhen_user_grade` [ RunTime:0.009446s ]
[ sql ] [ SQL ] SELECT * FROM `puzhen_user` WHERE  `puzhen_user`.`wxapp_id` = '10001'  AND `is_delete` = 0  AND `open_id` = 'oolAV5D2Z48fjybOxlPxfYC0Q-YM' LIMIT 1 [ RunTime:0.008586s ]
[ sql ] [ SQL ] SELECT * FROM `puzhen_user_address` WHERE  `puzhen_user_address`.`wxapp_id` = '10001'  AND `user_id` = 10003 [ RunTime:0.008372s ]
[ sql ] [ SQL ] SELECT * FROM `puzhen_user_address` WHERE  `puzhen_user_address`.`wxapp_id` = '10001'  AND `address_id` = 0 [ RunTime:0.008319s ]
[ sql ] [ SQL ] SELECT * FROM `puzhen_user_grade` WHERE  `puzhen_user_grade`.`wxapp_id` = '10001'  AND `grade_id` = 0 [ RunTime:0.008459s ]
[ sql ] [ SQL ] SELECT * FROM `puzhen_user` WHERE  `puzhen_user`.`wxapp_id` = '10001'  AND `is_delete` = 0  AND `open_id` = 'oolAV5D2Z48fjybOxlPxfYC0Q-YM' LIMIT 1 [ RunTime:0.008548s ]
[ sql ] [ SQL ] SELECT * FROM `puzhen_user_address` WHERE  `puzhen_user_address`.`wxapp_id` = '10001'  AND `user_id` = 10003 [ RunTime:0.008449s ]
[ sql ] [ SQL ] SELECT * FROM `puzhen_user_address` WHERE  `puzhen_user_address`.`wxapp_id` = '10001'  AND `address_id` = 0 [ RunTime:0.008569s ]
[ sql ] [ SQL ] SELECT * FROM `puzhen_user_grade` WHERE  `puzhen_user_grade`.`wxapp_id` = '10001'  AND `grade_id` = 0 [ RunTime:0.008535s ]
[ sql ] [ SQL ] SHOW COLUMNS FROM `puzhen_category` [ RunTime:0.009647s ]
[ sql ] [ SQL ] SHOW COLUMNS FROM `puzhen_goods` [ RunTime:0.009754s ]
[ sql ] [ SQL ] SHOW COLUMNS FROM `puzhen_delivery` [ RunTime:0.009845s ]
[ sql ] [ SQL ] SHOW COLUMNS FROM `puzhen_comment` [ RunTime:0.009593s ]
[ sql ] [ SQL ] SELECT *,(SELECT COUNT(*) AS tp_count FROM `puzhen_comment` WHERE  `puzhen_comment`.`wxapp_id` = '10001'  AND `is_delete` = 0  AND `status` = 1  AND ( `goods_id` =puzhen_goods.goods_id ) LIMIT 1) AS `comment_data_count` FROM `puzhen_goods` WHERE  ( `puzhen_goods`.`wxapp_id` = '10001' AND `puzhen_goods`.`wxapp_id` = '10001' )  AND `goods_id` = 10010 LIMIT 1 [ RunTime:0.008748s ]
[ sql ] [ SQL ] SELECT * FROM `puzhen_category` WHERE  `puzhen_category`.`wxapp_id` = '10001'  AND `category_id` = 10004 [ RunTime:0.008392s ]
[ sql ] [ SQL ] SHOW COLUMNS FROM `puzhen_tea_qrcode` [ RunTime:0.009927s ]
[ sql ] [ SQL ] SHOW COLUMNS FROM `puzhen_goods_tea_qrcode` [ RunTime:0.009620s ]
[ sql ] [ SQL ] SELECT * FROM `puzhen_goods_tea_qrcode` WHERE  `puzhen_goods_tea_qrcode`.`wxapp_id` = '10001'  AND `goods_id` = 10010 [ RunTime:0.008455s ]
[ sql ] [ SQL ] SELECT * FROM `puzhen_tea_qrcode` WHERE  `puzhen_tea_qrcode`.`wxapp_id` = '10001'  AND `tea_qrcode_id` IN (235) [ RunTime:0.008443s ]
[ sql ] [ SQL ] SHOW COLUMNS FROM `puzhen_goods_image` [ RunTime:0.009808s ]
[ sql ] [ SQL ] SELECT * FROM `puzhen_goods_image` WHERE  `puzhen_goods_image`.`wxapp_id` = '10001'  AND `goods_id` = 10010 ORDER BY `id` ASC [ RunTime:0.008595s ]
[ sql ] [ SQL ] SHOW COLUMNS FROM `puzhen_upload_file` [ RunTime:0.009782s ]
[ sql ] [ SQL ] SELECT * FROM `puzhen_upload_file` WHERE  `puzhen_upload_file`.`wxapp_id` = '10001'  AND `file_id` IN (10010,10005) [ RunTime:0.008552s ]
[ sql ] [ SQL ] SHOW COLUMNS FROM `puzhen_goods_sku` [ RunTime:0.009740s ]
[ sql ] [ SQL ] SELECT * FROM `puzhen_goods_sku` WHERE  `puzhen_goods_sku`.`wxapp_id` = '10001'  AND `goods_id` = 10010 ORDER BY `goods_sku_id` ASC [ RunTime:0.008597s ]
[ sql ] [ SQL ] SELECT * FROM `puzhen_upload_file` WHERE  `puzhen_upload_file`.`wxapp_id` = '10001'  AND `file_id` IN (0) [ RunTime:0.008479s ]
[ sql ] [ SQL ] SHOW COLUMNS FROM `puzhen_spec_value` [ RunTime:0.009570s ]
[ sql ] [ SQL ] SHOW COLUMNS FROM `puzhen_goods_spec_rel` [ RunTime:0.009627s ]
[ sql ] [ SQL ] SHOW COLUMNS FROM `puzhen_spec` [ RunTime:0.009446s ]
[ sql ] [ SQL ] SELECT `puzhen_spec_value`.*,pivot.id AS pivot__id,pivot.goods_id AS pivot__goods_id,pivot.spec_id AS pivot__spec_id,pivot.spec_value_id AS pivot__spec_value_id,pivot.factory_id AS pivot__factory_id,pivot.wxapp_id AS pivot__wxapp_id,pivot.create_time AS pivot__create_time FROM `puzhen_spec_value` INNER JOIN `puzhen_goods_spec_rel` `pivot` ON `pivot`.`spec_value_id`=`puzhen_spec_value`.`spec_value_id` WHERE  `puzhen_spec_value`.`wxapp_id` = '10001'  AND `pivot`.`goods_id` = 10010 ORDER BY `id` ASC [ RunTime:0.008765s ]
[ sql ] [ SQL ] SELECT * FROM `puzhen_delivery` WHERE  `puzhen_delivery`.`wxapp_id` = '10001'  AND `delivery_id` = 10001 [ RunTime:0.008624s ]
[ sql ] [ SQL ] SHOW COLUMNS FROM `puzhen_delivery_rule` [ RunTime:0.009960s ]
[ sql ] [ SQL ] SELECT * FROM `puzhen_delivery_rule` WHERE  `puzhen_delivery_rule`.`wxapp_id` = '10001'  AND `delivery_id` IN (10001) [ RunTime:0.008781s ]
[ sql ] [ SQL ] SELECT * FROM `puzhen_comment` WHERE  `puzhen_comment`.`wxapp_id` = '10001'  AND `is_delete` = 0  AND `status` = 1  AND `goods_id` = 10010 LIMIT 2 [ RunTime:0.008786s ]
[ sql ] [ SQL ] SHOW COLUMNS FROM `puzhen_collection` [ RunTime:0.010147s ]
[ sql ] [ SQL ] SELECT `collection_id` FROM `puzhen_collection` WHERE  `puzhen_collection`.`wxapp_id` = '10001'  AND `user_id` = 10003  AND `collectionable_type` = 'Goods'  AND `collectionable_id` = 10010 LIMIT 1 [ RunTime:0.008732s ]
[ sql ] [ SQL ] SHOW COLUMNS FROM `puzhen_tea` [ RunTime:0.010381s ]
[ sql ] [ SQL ] SELECT `name` FROM `puzhen_tea` WHERE  `puzhen_tea`.`wxapp_id` = '10001'  AND `code` = 'G' LIMIT 1 [ RunTime:0.008662s ]
---------------------------------------------------------------
[ 2022-05-26T10:47:57+08:00 ] 183.38.205.134 GET puzhenshop.feibu.info/index.php?s=/api/user.index/detail&wxapp_id=10001&token=4e361d955a8eb8602a55f3c900fde6db
[ sql ] [ DB ] CONNECT:[ UseTime:0.012185s ] mysql:host=39.108.144.9;port=3306;dbname=puzhen_shop;charset=utf8
[ sql ] [ SQL ] SHOW COLUMNS FROM `puzhen_wxapp` [ RunTime:0.009579s ]
[ sql ] [ SQL ] SELECT * FROM `puzhen_wxapp` WHERE  `puzhen_wxapp`.`wxapp_id` = '10001'  AND `wxapp_id` = 10001 LIMIT 1 [ RunTime:0.008165s ]
[ sql ] [ SQL ] SHOW COLUMNS FROM `puzhen_user` [ RunTime:0.009162s ]
[ sql ] [ SQL ] SHOW COLUMNS FROM `puzhen_user_address` [ RunTime:0.009099s ]
[ sql ] [ SQL ] SHOW COLUMNS FROM `puzhen_user_grade` [ RunTime:0.009120s ]
[ sql ] [ SQL ] SELECT * FROM `puzhen_user` WHERE  `puzhen_user`.`wxapp_id` = '10001'  AND `is_delete` = 0  AND `open_id` = 'oolAV5D2Z48fjybOxlPxfYC0Q-YM' LIMIT 1 [ RunTime:0.008121s ]
[ sql ] [ SQL ] SELECT * FROM `puzhen_user_address` WHERE  `puzhen_user_address`.`wxapp_id` = '10001'  AND `user_id` = 10003 [ RunTime:0.008040s ]
[ sql ] [ SQL ] SELECT * FROM `puzhen_user_address` WHERE  `puzhen_user_address`.`wxapp_id` = '10001'  AND `address_id` = 0 [ RunTime:0.008085s ]
[ sql ] [ SQL ] SELECT * FROM `puzhen_user_grade` WHERE  `puzhen_user_grade`.`wxapp_id` = '10001'  AND `grade_id` = 0 [ RunTime:0.008028s ]
[ sql ] [ SQL ] SHOW COLUMNS FROM `puzhen_order` [ RunTime:0.010736s ]
[ sql ] [ SQL ] SELECT * FROM `puzhen_order` WHERE  ( `puzhen_order`.`wxapp_id` = '10001' AND `puzhen_order`.`wxapp_id` = '10001' )  AND `pay_status` = 10  AND `order_status` = 10  AND `create_time` <= 1653274077  AND `is_delete` = 0 [ RunTime:0.008157s ]
[ sql ] [ SQL ] SELECT `order_id` FROM `puzhen_order` WHERE  `puzhen_order`.`wxapp_id` = '10001'  AND `pay_status` = 20  AND `delivery_status` = 20  AND `receipt_status` = 10  AND `delivery_time` <= 1652669277 [ RunTime:0.007837s ]
[ sql ] [ SQL ] SELECT * FROM `puzhen_order` WHERE  `puzhen_order`.`wxapp_id` = '10001'  AND `order_status` = 30  AND `receipt_time` <= 1652928477  AND `is_settled` = 0  AND `is_delete` = 0 [ RunTime:0.008165s ]
[ sql ] [ SQL ] SHOW COLUMNS FROM `puzhen_sharp_setting` [ RunTime:0.009977s ]
[ sql ] [ SQL ] SELECT * FROM `puzhen_sharp_setting` WHERE  `puzhen_sharp_setting`.`wxapp_id` = '10001' [ RunTime:0.007979s ]
[ sql ] [ SQL ] SELECT * FROM `puzhen_order` WHERE  `puzhen_order`.`wxapp_id` = '10001'  AND `order_source` = 30  AND `pay_status` = 10  AND `order_status` = 10  AND `create_time` <= 1653532677  AND `is_delete` = 0 [ RunTime:0.008385s ]
[ sql ] [ SQL ] SELECT COUNT(*) AS tp_count FROM `puzhen_order` WHERE  `puzhen_order`.`wxapp_id` = '10001'  AND `user_id` = 10003  AND `order_status` <> 20  AND `pay_status` = 10  AND `is_delete` = 0 LIMIT 1 [ RunTime:0.008083s ]
[ sql ] [ SQL ] SELECT COUNT(*) AS tp_count FROM `puzhen_order` WHERE  `puzhen_order`.`wxapp_id` = '10001'  AND `user_id` = 10003  AND `order_status` <> 20  AND `pay_status` = 20  AND `delivery_status` = 20  AND `receipt_status` = 10  AND `is_delete` = 0 LIMIT 1 [ RunTime:0.008117s ]
[ sql ] [ SQL ] SELECT COUNT(*) AS tp_count FROM `puzhen_order` WHERE  `puzhen_order`.`wxapp_id` = '10001'  AND `user_id` = 10003  AND ( `order_status` <> 20 AND `order_status` = 30 )  AND `is_comment` = 0  AND `is_delete` = 0 LIMIT 1 [ RunTime:0.007928s ]
---------------------------------------------------------------
[ 2022-05-26T10:47:59+08:00 ] 183.38.205.134 GET puzhenshop.feibu.info/index.php?s=/api/tea_qrcode/lists&page=1&wxapp_id=10001&token=4e361d955a8eb8602a55f3c900fde6db
[ sql ] [ DB ] CONNECT:[ UseTime:0.021950s ] mysql:host=39.108.144.9;port=3306;dbname=puzhen_shop;charset=utf8
[ sql ] [ SQL ] SHOW COLUMNS FROM `puzhen_wxapp` [ RunTime:0.012644s ]
[ sql ] [ SQL ] SELECT * FROM `puzhen_wxapp` WHERE  `puzhen_wxapp`.`wxapp_id` = '10001'  AND `wxapp_id` = 10001 LIMIT 1 [ RunTime:0.011170s ]
[ sql ] [ SQL ] SHOW COLUMNS FROM `puzhen_user` [ RunTime:0.012423s ]
[ sql ] [ SQL ] SHOW COLUMNS FROM `puzhen_user_address` [ RunTime:0.012440s ]
[ sql ] [ SQL ] SHOW COLUMNS FROM `puzhen_user_grade` [ RunTime:0.012496s ]
[ sql ] [ SQL ] SELECT * FROM `puzhen_user` WHERE  `puzhen_user`.`wxapp_id` = '10001'  AND `is_delete` = 0  AND `open_id` = 'oolAV5D2Z48fjybOxlPxfYC0Q-YM' LIMIT 1 [ RunTime:0.011245s ]
[ sql ] [ SQL ] SELECT * FROM `puzhen_user_address` WHERE  `puzhen_user_address`.`wxapp_id` = '10001'  AND `user_id` = 10003 [ RunTime:0.011669s ]
[ sql ] [ SQL ] SELECT * FROM `puzhen_user_address` WHERE  `puzhen_user_address`.`wxapp_id` = '10001'  AND `address_id` = 0 [ RunTime:0.011055s ]
[ sql ] [ SQL ] SELECT * FROM `puzhen_user_grade` WHERE  `puzhen_user_grade`.`wxapp_id` = '10001'  AND `grade_id` = 0 [ RunTime:0.011015s ]
[ sql ] [ SQL ] SHOW COLUMNS FROM `puzhen_tea_qrcode` [ RunTime:0.012478s ]
[ sql ] [ SQL ] SELECT COUNT(*) AS tp_count FROM `puzhen_tea_qrcode` WHERE  `puzhen_tea_qrcode`.`wxapp_id` = '10001'  AND `user_id` = 10003 LIMIT 1 [ RunTime:0.011013s ]
[ sql ] [ SQL ] SELECT * FROM `puzhen_tea_qrcode` WHERE  `puzhen_tea_qrcode`.`wxapp_id` = '10001'  AND `user_id` = 10003 ORDER BY `tea_qrcode_id` DESC LIMIT 0,15 [ RunTime:0.011197s ]
[ sql ] [ SQL ] SHOW COLUMNS FROM `puzhen_tea` [ RunTime:0.012560s ]
[ sql ] [ SQL ] SELECT `name` FROM `puzhen_tea` WHERE  `puzhen_tea`.`wxapp_id` = '10001'  AND `code` = 'B' LIMIT 1 [ RunTime:0.010988s ]
[ sql ] [ SQL ] SELECT `name` FROM `puzhen_tea` WHERE  `puzhen_tea`.`wxapp_id` = '10001'  AND `code` = 'B' LIMIT 1 [ RunTime:0.011009s ]
---------------------------------------------------------------
[ 2022-05-26T10:48:00+08:00 ] 183.38.205.134 GET puzhenshop.feibu.info/index.php?s=/api/user.index/detail&wxapp_id=10001&token=4e361d955a8eb8602a55f3c900fde6db
[ sql ] [ DB ] CONNECT:[ UseTime:0.016348s ] mysql:host=39.108.144.9;port=3306;dbname=puzhen_shop;charset=utf8
[ sql ] [ SQL ] SHOW COLUMNS FROM `puzhen_wxapp` [ RunTime:0.007570s ]
[ sql ] [ SQL ] SELECT * FROM `puzhen_wxapp` WHERE  `puzhen_wxapp`.`wxapp_id` = '10001'  AND `wxapp_id` = 10001 LIMIT 1 [ RunTime:0.006107s ]
[ sql ] [ SQL ] SHOW COLUMNS FROM `puzhen_user` [ RunTime:0.007121s ]
[ sql ] [ SQL ] SHOW COLUMNS FROM `puzhen_user_address` [ RunTime:0.006877s ]
[ sql ] [ SQL ] SHOW COLUMNS FROM `puzhen_user_grade` [ RunTime:0.006948s ]
[ sql ] [ SQL ] SELECT * FROM `puzhen_user` WHERE  `puzhen_user`.`wxapp_id` = '10001'  AND `is_delete` = 0  AND `open_id` = 'oolAV5D2Z48fjybOxlPxfYC0Q-YM' LIMIT 1 [ RunTime:0.006001s ]
[ sql ] [ SQL ] SELECT * FROM `puzhen_user_address` WHERE  `puzhen_user_address`.`wxapp_id` = '10001'  AND `user_id` = 10003 [ RunTime:0.005986s ]
[ sql ] [ SQL ] SELECT * FROM `puzhen_user_address` WHERE  `puzhen_user_address`.`wxapp_id` = '10001'  AND `address_id` = 0 [ RunTime:0.005919s ]
[ sql ] [ SQL ] SELECT * FROM `puzhen_user_grade` WHERE  `puzhen_user_grade`.`wxapp_id` = '10001'  AND `grade_id` = 0 [ RunTime:0.006093s ]
[ sql ] [ SQL ] SHOW COLUMNS FROM `puzhen_sharp_setting` [ RunTime:0.007405s ]
[ sql ] [ SQL ] SELECT * FROM `puzhen_sharp_setting` WHERE  `puzhen_sharp_setting`.`wxapp_id` = '10001' [ RunTime:0.006109s ]
[ sql ] [ SQL ] SHOW COLUMNS FROM `puzhen_order` [ RunTime:0.008157s ]
[ sql ] [ SQL ] SELECT * FROM `puzhen_order` WHERE  `puzhen_order`.`wxapp_id` = '10001'  AND `order_source` = 30  AND `pay_status` = 10  AND `order_status` = 10  AND `create_time` <= 1653532680  AND `is_delete` = 0 [ RunTime:0.006551s ]
[ sql ] [ SQL ] SELECT COUNT(*) AS tp_count FROM `puzhen_order` WHERE  `puzhen_order`.`wxapp_id` = '10001'  AND `user_id` = 10003  AND `order_status` <> 20  AND `pay_status` = 10  AND `is_delete` = 0 LIMIT 1 [ RunTime:0.006143s ]
[ sql ] [ SQL ] SELECT COUNT(*) AS tp_count FROM `puzhen_order` WHERE  `puzhen_order`.`wxapp_id` = '10001'  AND `user_id` = 10003  AND `order_status` <> 20  AND `pay_status` = 20  AND `delivery_status` = 20  AND `receipt_status` = 10  AND `is_delete` = 0 LIMIT 1 [ RunTime:0.006244s ]
[ sql ] [ SQL ] SELECT COUNT(*) AS tp_count FROM `puzhen_order` WHERE  `puzhen_order`.`wxapp_id` = '10001'  AND `user_id` = 10003  AND ( `order_status` <> 20 AND `order_status` = 30 )  AND `is_comment` = 0  AND `is_delete` = 0 LIMIT 1 [ RunTime:0.006221s ]
---------------------------------------------------------------
[ 2022-05-26T10:48:02+08:00 ] 183.38.205.134 GET puzhenshop.feibu.info/index.php?s=/api/collection/lists/type/Goods&page=1&wxapp_id=10001&token=4e361d955a8eb8602a55f3c900fde6db
[ sql ] [ DB ] CONNECT:[ UseTime:0.012336s ] mysql:host=39.108.144.9;port=3306;dbname=puzhen_shop;charset=utf8
[ sql ] [ SQL ] SHOW COLUMNS FROM `puzhen_wxapp` [ RunTime:0.008684s ]
[ sql ] [ SQL ] SELECT * FROM `puzhen_wxapp` WHERE  `puzhen_wxapp`.`wxapp_id` = '10001'  AND `wxapp_id` = 10001 LIMIT 1 [ RunTime:0.008165s ]
[ sql ] [ SQL ] SHOW COLUMNS FROM `puzhen_user` [ RunTime:0.009212s ]
[ sql ] [ SQL ] SHOW COLUMNS FROM `puzhen_user_address` [ RunTime:0.009376s ]
[ sql ] [ SQL ] SHOW COLUMNS FROM `puzhen_user_grade` [ RunTime:0.009305s ]
[ sql ] [ SQL ] SELECT * FROM `puzhen_user` WHERE  `puzhen_user`.`wxapp_id` = '10001'  AND `is_delete` = 0  AND `open_id` = 'oolAV5D2Z48fjybOxlPxfYC0Q-YM' LIMIT 1 [ RunTime:0.008312s ]
[ sql ] [ SQL ] SELECT * FROM `puzhen_user_address` WHERE  `puzhen_user_address`.`wxapp_id` = '10001'  AND `user_id` = 10003 [ RunTime:0.008088s ]
[ sql ] [ SQL ] SELECT * FROM `puzhen_user_address` WHERE  `puzhen_user_address`.`wxapp_id` = '10001'  AND `address_id` = 0 [ RunTime:0.008106s ]
[ sql ] [ SQL ] SELECT * FROM `puzhen_user_grade` WHERE  `puzhen_user_grade`.`wxapp_id` = '10001'  AND `grade_id` = 0 [ RunTime:0.008731s ]
[ sql ] [ SQL ] SHOW COLUMNS FROM `puzhen_category` [ RunTime:0.009317s ]
[ sql ] [ SQL ] SHOW COLUMNS FROM `puzhen_goods` [ RunTime:0.009237s ]
[ sql ] [ SQL ] SELECT COUNT(*) AS tp_count FROM `puzhen_goods` `goods` INNER JOIN `puzhen_collection` `collection` ON `goods`.`goods_id`=`collection`.`collectionable_id` WHERE  `goods`.`wxapp_id` = '10001'  AND `collection`.`collectionable_type` = 'Goods'  AND `collection`.`user_id` = 10003  AND `goods`.`is_delete` = 0  AND `goods`.`goods_status` = 10 LIMIT 1 [ RunTime:0.008894s ]
[ sql ] [ SQL ] SELECT * FROM `puzhen_goods` `goods` INNER JOIN `puzhen_collection` `collection` ON `goods`.`goods_id`=`collection`.`collectionable_id` WHERE  `goods`.`wxapp_id` = '10001'  AND `collection`.`collectionable_type` = 'Goods'  AND `collection`.`user_id` = 10003  AND `goods`.`is_delete` = 0  AND `goods`.`goods_status` = 10 ORDER BY `collection`.`create_time` DESC LIMIT 0,15 [ RunTime:0.008425s ]
[ sql ] [ SQL ] SELECT * FROM `puzhen_category` WHERE  `puzhen_category`.`wxapp_id` = '10001'  AND `category_id` IN (10004) [ RunTime:0.008246s ]
[ sql ] [ SQL ] SHOW COLUMNS FROM `puzhen_goods_image` [ RunTime:0.009380s ]
[ sql ] [ SQL ] SELECT * FROM `puzhen_goods_image` WHERE  `puzhen_goods_image`.`wxapp_id` = '10001'  AND `goods_id` IN (10010) ORDER BY `id` ASC [ RunTime:0.008350s ]
[ sql ] [ SQL ] SHOW COLUMNS FROM `puzhen_upload_file` [ RunTime:0.009387s ]
[ sql ] [ SQL ] SELECT * FROM `puzhen_upload_file` WHERE  `puzhen_upload_file`.`wxapp_id` = '10001'  AND `file_id` IN (10010,10005) [ RunTime:0.008305s ]
[ sql ] [ SQL ] SHOW COLUMNS FROM `puzhen_goods_sku` [ RunTime:0.009639s ]
[ sql ] [ SQL ] SELECT * FROM `puzhen_goods_sku` WHERE  `puzhen_goods_sku`.`wxapp_id` = '10001'  AND `goods_id` IN (10010) ORDER BY `goods_sku_id` ASC [ RunTime:0.008793s ]
[ sql ] [ SQL ] SHOW COLUMNS FROM `puzhen_collection` [ RunTime:0.008850s ]
[ sql ] [ SQL ] SELECT `collection_id` FROM `puzhen_collection` WHERE  `puzhen_collection`.`wxapp_id` = '10001'  AND `user_id` = 10003  AND `collectionable_type` = 'Goods'  AND `collectionable_id` = 10010 LIMIT 1 [ RunTime:0.011015s ]
---------------------------------------------------------------
[ 2022-05-26T10:48:10+08:00 ] 183.38.205.134 GET puzhenshop.feibu.info/index.php?s=/api/user.index/detail&wxapp_id=10001&token=4e361d955a8eb8602a55f3c900fde6db
[ sql ] [ DB ] CONNECT:[ UseTime:0.011242s ] mysql:host=39.108.144.9;port=3306;dbname=puzhen_shop;charset=utf8
[ sql ] [ SQL ] SHOW COLUMNS FROM `puzhen_wxapp` [ RunTime:0.007736s ]
[ sql ] [ SQL ] SELECT * FROM `puzhen_wxapp` WHERE  `puzhen_wxapp`.`wxapp_id` = '10001'  AND `wxapp_id` = 10001 LIMIT 1 [ RunTime:0.007226s ]
[ sql ] [ SQL ] SHOW COLUMNS FROM `puzhen_user` [ RunTime:0.007638s ]
[ sql ] [ SQL ] SHOW COLUMNS FROM `puzhen_user_address` [ RunTime:0.007672s ]
[ sql ] [ SQL ] SHOW COLUMNS FROM `puzhen_user_grade` [ RunTime:0.007600s ]
[ sql ] [ SQL ] SELECT * FROM `puzhen_user` WHERE  `puzhen_user`.`wxapp_id` = '10001'  AND `is_delete` = 0  AND `open_id` = 'oolAV5D2Z48fjybOxlPxfYC0Q-YM' LIMIT 1 [ RunTime:0.007452s ]
[ sql ] [ SQL ] SELECT * FROM `puzhen_user_address` WHERE  `puzhen_user_address`.`wxapp_id` = '10001'  AND `user_id` = 10003 [ RunTime:0.007225s ]
[ sql ] [ SQL ] SELECT * FROM `puzhen_user_address` WHERE  `puzhen_user_address`.`wxapp_id` = '10001'  AND `address_id` = 0 [ RunTime:0.007172s ]
[ sql ] [ SQL ] SELECT * FROM `puzhen_user_grade` WHERE  `puzhen_user_grade`.`wxapp_id` = '10001'  AND `grade_id` = 0 [ RunTime:0.007129s ]
[ sql ] [ SQL ] SHOW COLUMNS FROM `puzhen_sharp_setting` [ RunTime:0.008444s ]
[ sql ] [ SQL ] SELECT * FROM `puzhen_sharp_setting` WHERE  `puzhen_sharp_setting`.`wxapp_id` = '10001' [ RunTime:0.007128s ]
[ sql ] [ SQL ] SHOW COLUMNS FROM `puzhen_order` [ RunTime:0.008593s ]
[ sql ] [ SQL ] SELECT * FROM `puzhen_order` WHERE  `puzhen_order`.`wxapp_id` = '10001'  AND `order_source` = 30  AND `pay_status` = 10  AND `order_status` = 10  AND `create_time` <= 1653532690  AND `is_delete` = 0 [ RunTime:0.007448s ]
[ sql ] [ SQL ] SELECT COUNT(*) AS tp_count FROM `puzhen_order` WHERE  `puzhen_order`.`wxapp_id` = '10001'  AND `user_id` = 10003  AND `order_status` <> 20  AND `pay_status` = 10  AND `is_delete` = 0 LIMIT 1 [ RunTime:0.007168s ]
[ sql ] [ SQL ] SELECT COUNT(*) AS tp_count FROM `puzhen_order` WHERE  `puzhen_order`.`wxapp_id` = '10001'  AND `user_id` = 10003  AND `order_status` <> 20  AND `pay_status` = 20  AND `delivery_status` = 20  AND `receipt_status` = 10  AND `is_delete` = 0 LIMIT 1 [ RunTime:0.007096s ]
[ sql ] [ SQL ] SELECT COUNT(*) AS tp_count FROM `puzhen_order` WHERE  `puzhen_order`.`wxapp_id` = '10001'  AND `user_id` = 10003  AND ( `order_status` <> 20 AND `order_status` = 30 )  AND `is_comment` = 0  AND `is_delete` = 0 LIMIT 1 [ RunTime:0.007112s ]
---------------------------------------------------------------
[ 2022-05-26T10:48:15+08:00 ] 183.38.205.134 GET puzhenshop.feibu.info/index.php?s=/api/tea_qrcode/lists&page=1&wxapp_id=10001&token=4e361d955a8eb8602a55f3c900fde6db
[ sql ] [ DB ] CONNECT:[ UseTime:0.014074s ] mysql:host=39.108.144.9;port=3306;dbname=puzhen_shop;charset=utf8
[ sql ] [ SQL ] SHOW COLUMNS FROM `puzhen_wxapp` [ RunTime:0.009982s ]
[ sql ] [ SQL ] SELECT * FROM `puzhen_wxapp` WHERE  `puzhen_wxapp`.`wxapp_id` = '10001'  AND `wxapp_id` = 10001 LIMIT 1 [ RunTime:0.009972s ]
[ sql ] [ SQL ] SHOW COLUMNS FROM `puzhen_user` [ RunTime:0.011451s ]
[ sql ] [ SQL ] SHOW COLUMNS FROM `puzhen_user_address` [ RunTime:0.010920s ]
[ sql ] [ SQL ] SHOW COLUMNS FROM `puzhen_user_grade` [ RunTime:0.010381s ]
[ sql ] [ SQL ] SELECT * FROM `puzhen_user` WHERE  `puzhen_user`.`wxapp_id` = '10001'  AND `is_delete` = 0  AND `open_id` = 'oolAV5D2Z48fjybOxlPxfYC0Q-YM' LIMIT 1 [ RunTime:0.009535s ]
[ sql ] [ SQL ] SELECT * FROM `puzhen_user_address` WHERE  `puzhen_user_address`.`wxapp_id` = '10001'  AND `user_id` = 10003 [ RunTime:0.009358s ]
[ sql ] [ SQL ] SELECT * FROM `puzhen_user_address` WHERE  `puzhen_user_address`.`wxapp_id` = '10001'  AND `address_id` = 0 [ RunTime:0.009254s ]
[ sql ] [ SQL ] SELECT * FROM `puzhen_user_grade` WHERE  `puzhen_user_grade`.`wxapp_id` = '10001'  AND `grade_id` = 0 [ RunTime:0.009171s ]
[ sql ] [ SQL ] SHOW COLUMNS FROM `puzhen_tea_qrcode` [ RunTime:0.010648s ]
[ sql ] [ SQL ] SELECT COUNT(*) AS tp_count FROM `puzhen_tea_qrcode` WHERE  `puzhen_tea_qrcode`.`wxapp_id` = '10001'  AND `user_id` = 10003 LIMIT 1 [ RunTime:0.009262s ]
[ sql ] [ SQL ] SELECT * FROM `puzhen_tea_qrcode` WHERE  `puzhen_tea_qrcode`.`wxapp_id` = '10001'  AND `user_id` = 10003 ORDER BY `tea_qrcode_id` DESC LIMIT 0,15 [ RunTime:0.010185s ]
[ sql ] [ SQL ] SHOW COLUMNS FROM `puzhen_tea` [ RunTime:0.010637s ]
[ sql ] [ SQL ] SELECT `name` FROM `puzhen_tea` WHERE  `puzhen_tea`.`wxapp_id` = '10001'  AND `code` = 'B' LIMIT 1 [ RunTime:0.009085s ]
[ sql ] [ SQL ] SELECT `name` FROM `puzhen_tea` WHERE  `puzhen_tea`.`wxapp_id` = '10001'  AND `code` = 'B' LIMIT 1 [ RunTime:0.009174s ]
---------------------------------------------------------------
[ 2022-05-26T10:48:19+08:00 ] 183.38.205.134 GET puzhenshop.feibu.info/index.php?s=/api/user.index/detail&wxapp_id=10001&token=4e361d955a8eb8602a55f3c900fde6db
[ sql ] [ DB ] CONNECT:[ UseTime:0.019998s ] mysql:host=39.108.144.9;port=3306;dbname=puzhen_shop;charset=utf8
[ sql ] [ SQL ] SHOW COLUMNS FROM `puzhen_wxapp` [ RunTime:0.010542s ]
[ sql ] [ SQL ] SELECT * FROM `puzhen_wxapp` WHERE  `puzhen_wxapp`.`wxapp_id` = '10001'  AND `wxapp_id` = 10001 LIMIT 1 [ RunTime:0.009994s ]
[ sql ] [ SQL ] SHOW COLUMNS FROM `puzhen_user` [ RunTime:0.010635s ]
[ sql ] [ SQL ] SHOW COLUMNS FROM `puzhen_user_address` [ RunTime:0.010607s ]
[ sql ] [ SQL ] SHOW COLUMNS FROM `puzhen_user_grade` [ RunTime:0.010558s ]
[ sql ] [ SQL ] SELECT * FROM `puzhen_user` WHERE  `puzhen_user`.`wxapp_id` = '10001'  AND `is_delete` = 0  AND `open_id` = 'oolAV5D2Z48fjybOxlPxfYC0Q-YM' LIMIT 1 [ RunTime:0.010110s ]
[ sql ] [ SQL ] SELECT * FROM `puzhen_user_address` WHERE  `puzhen_user_address`.`wxapp_id` = '10001'  AND `user_id` = 10003 [ RunTime:0.009787s ]
[ sql ] [ SQL ] SELECT * FROM `puzhen_user_address` WHERE  `puzhen_user_address`.`wxapp_id` = '10001'  AND `address_id` = 0 [ RunTime:0.009808s ]
[ sql ] [ SQL ] SELECT * FROM `puzhen_user_grade` WHERE  `puzhen_user_grade`.`wxapp_id` = '10001'  AND `grade_id` = 0 [ RunTime:0.009881s ]
[ sql ] [ SQL ] SHOW COLUMNS FROM `puzhen_sharp_setting` [ RunTime:0.011087s ]
[ sql ] [ SQL ] SELECT * FROM `puzhen_sharp_setting` WHERE  `puzhen_sharp_setting`.`wxapp_id` = '10001' [ RunTime:0.009700s ]
[ sql ] [ SQL ] SHOW COLUMNS FROM `puzhen_order` [ RunTime:0.011110s ]
[ sql ] [ SQL ] SELECT * FROM `puzhen_order` WHERE  `puzhen_order`.`wxapp_id` = '10001'  AND `order_source` = 30  AND `pay_status` = 10  AND `order_status` = 10  AND `create_time` <= 1653532699  AND `is_delete` = 0 [ RunTime:0.010102s ]
[ sql ] [ SQL ] SELECT COUNT(*) AS tp_count FROM `puzhen_order` WHERE  `puzhen_order`.`wxapp_id` = '10001'  AND `user_id` = 10003  AND `order_status` <> 20  AND `pay_status` = 10  AND `is_delete` = 0 LIMIT 1 [ RunTime:0.009817s ]
[ sql ] [ SQL ] SELECT COUNT(*) AS tp_count FROM `puzhen_order` WHERE  `puzhen_order`.`wxapp_id` = '10001'  AND `user_id` = 10003  AND `order_status` <> 20  AND `pay_status` = 20  AND `delivery_status` = 20  AND `receipt_status` = 10  AND `is_delete` = 0 LIMIT 1 [ RunTime:0.009888s ]
[ sql ] [ SQL ] SELECT COUNT(*) AS tp_count FROM `puzhen_order` WHERE  `puzhen_order`.`wxapp_id` = '10001'  AND `user_id` = 10003  AND ( `order_status` <> 20 AND `order_status` = 30 )  AND `is_comment` = 0  AND `is_delete` = 0 LIMIT 1 [ RunTime:0.009927s ]
---------------------------------------------------------------
[ 2022-05-26T10:48:20+08:00 ] 183.38.205.134 GET puzhenshop.feibu.info/index.php?s=/api/collection/lists/type/Goods&page=1&wxapp_id=10001&token=4e361d955a8eb8602a55f3c900fde6db
[ sql ] [ DB ] CONNECT:[ UseTime:0.013678s ] mysql:host=39.108.144.9;port=3306;dbname=puzhen_shop;charset=utf8
[ sql ] [ SQL ] SHOW COLUMNS FROM `puzhen_wxapp` [ RunTime:0.010719s ]
[ sql ] [ SQL ] SELECT * FROM `puzhen_wxapp` WHERE  `puzhen_wxapp`.`wxapp_id` = '10001'  AND `wxapp_id` = 10001 LIMIT 1 [ RunTime:0.009341s ]
[ sql ] [ SQL ] SHOW COLUMNS FROM `puzhen_user` [ RunTime:0.010862s ]
[ sql ] [ SQL ] SHOW COLUMNS FROM `puzhen_user_address` [ RunTime:0.010819s ]
[ sql ] [ SQL ] SHOW COLUMNS FROM `puzhen_user_grade` [ RunTime:0.010758s ]
[ sql ] [ SQL ] SELECT * FROM `puzhen_user` WHERE  `puzhen_user`.`wxapp_id` = '10001'  AND `is_delete` = 0  AND `open_id` = 'oolAV5D2Z48fjybOxlPxfYC0Q-YM' LIMIT 1 [ RunTime:0.009342s ]
[ sql ] [ SQL ] SELECT * FROM `puzhen_user_address` WHERE  `puzhen_user_address`.`wxapp_id` = '10001'  AND `user_id` = 10003 [ RunTime:0.009111s ]
[ sql ] [ SQL ] SELECT * FROM `puzhen_user_address` WHERE  `puzhen_user_address`.`wxapp_id` = '10001'  AND `address_id` = 0 [ RunTime:0.009118s ]
[ sql ] [ SQL ] SELECT * FROM `puzhen_user_grade` WHERE  `puzhen_user_grade`.`wxapp_id` = '10001'  AND `grade_id` = 0 [ RunTime:0.009069s ]
[ sql ] [ SQL ] SHOW COLUMNS FROM `puzhen_category` [ RunTime:0.010721s ]
[ sql ] [ SQL ] SHOW COLUMNS FROM `puzhen_goods` [ RunTime:0.011140s ]
[ sql ] [ SQL ] SELECT COUNT(*) AS tp_count FROM `puzhen_goods` `goods` INNER JOIN `puzhen_collection` `collection` ON `goods`.`goods_id`=`collection`.`collectionable_id` WHERE  `goods`.`wxapp_id` = '10001'  AND `collection`.`collectionable_type` = 'Goods'  AND `collection`.`user_id` = 10003  AND `goods`.`is_delete` = 0  AND `goods`.`goods_status` = 10 LIMIT 1 [ RunTime:0.010553s ]
[ sql ] [ SQL ] SELECT * FROM `puzhen_goods` `goods` INNER JOIN `puzhen_collection` `collection` ON `goods`.`goods_id`=`collection`.`collectionable_id` WHERE  `goods`.`wxapp_id` = '10001'  AND `collection`.`collectionable_type` = 'Goods'  AND `collection`.`user_id` = 10003  AND `goods`.`is_delete` = 0  AND `goods`.`goods_status` = 10 ORDER BY `collection`.`create_time` DESC LIMIT 0,15 [ RunTime:0.009454s ]
[ sql ] [ SQL ] SELECT * FROM `puzhen_category` WHERE  `puzhen_category`.`wxapp_id` = '10001'  AND `category_id` IN (10004) [ RunTime:0.009167s ]
[ sql ] [ SQL ] SHOW COLUMNS FROM `puzhen_goods_image` [ RunTime:0.011653s ]
[ sql ] [ SQL ] SELECT * FROM `puzhen_goods_image` WHERE  `puzhen_goods_image`.`wxapp_id` = '10001'  AND `goods_id` IN (10010) ORDER BY `id` ASC [ RunTime:0.009254s ]
[ sql ] [ SQL ] SHOW COLUMNS FROM `puzhen_upload_file` [ RunTime:0.010948s ]
[ sql ] [ SQL ] SELECT * FROM `puzhen_upload_file` WHERE  `puzhen_upload_file`.`wxapp_id` = '10001'  AND `file_id` IN (10010,10005) [ RunTime:0.009192s ]
[ sql ] [ SQL ] SHOW COLUMNS FROM `puzhen_goods_sku` [ RunTime:0.010895s ]
[ sql ] [ SQL ] SELECT * FROM `puzhen_goods_sku` WHERE  `puzhen_goods_sku`.`wxapp_id` = '10001'  AND `goods_id` IN (10010) ORDER BY `goods_sku_id` ASC [ RunTime:0.009330s ]
[ sql ] [ SQL ] SHOW COLUMNS FROM `puzhen_collection` [ RunTime:0.009724s ]
[ sql ] [ SQL ] SELECT `collection_id` FROM `puzhen_collection` WHERE  `puzhen_collection`.`wxapp_id` = '10001'  AND `user_id` = 10003  AND `collectionable_type` = 'Goods'  AND `collectionable_id` = 10010 LIMIT 1 [ RunTime:0.009032s ]
---------------------------------------------------------------
[ 2022-05-26T10:48:21+08:00 ] 183.38.205.134 GET puzhenshop.feibu.info/index.php?s=/api/user.index/detail&wxapp_id=10001&token=4e361d955a8eb8602a55f3c900fde6db
[ sql ] [ DB ] CONNECT:[ UseTime:0.018069s ] mysql:host=39.108.144.9;port=3306;dbname=puzhen_shop;charset=utf8
[ sql ] [ SQL ] SHOW COLUMNS FROM `puzhen_wxapp` [ RunTime:0.008828s ]
[ sql ] [ SQL ] SELECT * FROM `puzhen_wxapp` WHERE  `puzhen_wxapp`.`wxapp_id` = '10001'  AND `wxapp_id` = 10001 LIMIT 1 [ RunTime:0.007574s ]
[ sql ] [ SQL ] SHOW COLUMNS FROM `puzhen_user` [ RunTime:0.008959s ]
[ sql ] [ SQL ] SHOW COLUMNS FROM `puzhen_user_address` [ RunTime:0.008670s ]
[ sql ] [ SQL ] SHOW COLUMNS FROM `puzhen_user_grade` [ RunTime:0.009333s ]
[ sql ] [ SQL ] SELECT * FROM `puzhen_user` WHERE  `puzhen_user`.`wxapp_id` = '10001'  AND `is_delete` = 0  AND `open_id` = 'oolAV5D2Z48fjybOxlPxfYC0Q-YM' LIMIT 1 [ RunTime:0.007807s ]
[ sql ] [ SQL ] SELECT * FROM `puzhen_user_address` WHERE  `puzhen_user_address`.`wxapp_id` = '10001'  AND `user_id` = 10003 [ RunTime:0.007475s ]
[ sql ] [ SQL ] SELECT * FROM `puzhen_user_address` WHERE  `puzhen_user_address`.`wxapp_id` = '10001'  AND `address_id` = 0 [ RunTime:0.007444s ]
[ sql ] [ SQL ] SELECT * FROM `puzhen_user_grade` WHERE  `puzhen_user_grade`.`wxapp_id` = '10001'  AND `grade_id` = 0 [ RunTime:0.007493s ]
[ sql ] [ SQL ] SHOW COLUMNS FROM `puzhen_sharp_setting` [ RunTime:0.009001s ]
[ sql ] [ SQL ] SELECT * FROM `puzhen_sharp_setting` WHERE  `puzhen_sharp_setting`.`wxapp_id` = '10001' [ RunTime:0.007470s ]
[ sql ] [ SQL ] SHOW COLUMNS FROM `puzhen_order` [ RunTime:0.008963s ]
[ sql ] [ SQL ] SELECT * FROM `puzhen_order` WHERE  `puzhen_order`.`wxapp_id` = '10001'  AND `order_source` = 30  AND `pay_status` = 10  AND `order_status` = 10  AND `create_time` <= 1653532701  AND `is_delete` = 0 [ RunTime:0.007718s ]
[ sql ] [ SQL ] SELECT COUNT(*) AS tp_count FROM `puzhen_order` WHERE  `puzhen_order`.`wxapp_id` = '10001'  AND `user_id` = 10003  AND `order_status` <> 20  AND `pay_status` = 10  AND `is_delete` = 0 LIMIT 1 [ RunTime:0.007475s ]
[ sql ] [ SQL ] SELECT COUNT(*) AS tp_count FROM `puzhen_order` WHERE  `puzhen_order`.`wxapp_id` = '10001'  AND `user_id` = 10003  AND `order_status` <> 20  AND `pay_status` = 20  AND `delivery_status` = 20  AND `receipt_status` = 10  AND `is_delete` = 0 LIMIT 1 [ RunTime:0.007487s ]
[ sql ] [ SQL ] SELECT COUNT(*) AS tp_count FROM `puzhen_order` WHERE  `puzhen_order`.`wxapp_id` = '10001'  AND `user_id` = 10003  AND ( `order_status` <> 20 AND `order_status` = 30 )  AND `is_comment` = 0  AND `is_delete` = 0 LIMIT 1 [ RunTime:0.007528s ]
---------------------------------------------------------------
[ 2022-05-26T10:49:11+08:00 ] 183.38.205.134 GET puzhenshop.feibu.info/index.php?s=/api/tea_qrcode/lists&page=1&wxapp_id=10001&token=4e361d955a8eb8602a55f3c900fde6db
[ sql ] [ DB ] CONNECT:[ UseTime:0.013211s ] mysql:host=39.108.144.9;port=3306;dbname=puzhen_shop;charset=utf8
[ sql ] [ SQL ] SHOW COLUMNS FROM `puzhen_wxapp` [ RunTime:0.008967s ]
[ sql ] [ SQL ] SELECT * FROM `puzhen_wxapp` WHERE  `puzhen_wxapp`.`wxapp_id` = '10001'  AND `wxapp_id` = 10001 LIMIT 1 [ RunTime:0.008519s ]
[ sql ] [ SQL ] SHOW COLUMNS FROM `puzhen_user` [ RunTime:0.008908s ]
[ sql ] [ SQL ] SHOW COLUMNS FROM `puzhen_user_address` [ RunTime:0.008796s ]
[ sql ] [ SQL ] SHOW COLUMNS FROM `puzhen_user_grade` [ RunTime:0.008936s ]
[ sql ] [ SQL ] SELECT * FROM `puzhen_user` WHERE  `puzhen_user`.`wxapp_id` = '10001'  AND `is_delete` = 0  AND `open_id` = 'oolAV5D2Z48fjybOxlPxfYC0Q-YM' LIMIT 1 [ RunTime:0.008582s ]
[ sql ] [ SQL ] SELECT * FROM `puzhen_user_address` WHERE  `puzhen_user_address`.`wxapp_id` = '10001'  AND `user_id` = 10003 [ RunTime:0.008387s ]
[ sql ] [ SQL ] SELECT * FROM `puzhen_user_address` WHERE  `puzhen_user_address`.`wxapp_id` = '10001'  AND `address_id` = 0 [ RunTime:0.008366s ]
[ sql ] [ SQL ] SELECT * FROM `puzhen_user_grade` WHERE  `puzhen_user_grade`.`wxapp_id` = '10001'  AND `grade_id` = 0 [ RunTime:0.008349s ]
[ sql ] [ SQL ] SHOW COLUMNS FROM `puzhen_tea_qrcode` [ RunTime:0.009816s ]
[ sql ] [ SQL ] SELECT COUNT(*) AS tp_count FROM `puzhen_tea_qrcode` WHERE  `puzhen_tea_qrcode`.`wxapp_id` = '10001'  AND `user_id` = 10003 LIMIT 1 [ RunTime:0.008536s ]
[ sql ] [ SQL ] SELECT * FROM `puzhen_tea_qrcode` WHERE  `puzhen_tea_qrcode`.`wxapp_id` = '10001'  AND `user_id` = 10003 ORDER BY `tea_qrcode_id` DESC LIMIT 0,15 [ RunTime:0.008573s ]
[ sql ] [ SQL ] SHOW COLUMNS FROM `puzhen_tea` [ RunTime:0.009919s ]
[ sql ] [ SQL ] SELECT `name` FROM `puzhen_tea` WHERE  `puzhen_tea`.`wxapp_id` = '10001'  AND `code` = 'B' LIMIT 1 [ RunTime:0.008306s ]
[ sql ] [ SQL ] SELECT `name` FROM `puzhen_tea` WHERE  `puzhen_tea`.`wxapp_id` = '10001'  AND `code` = 'B' LIMIT 1 [ RunTime:0.008313s ]
---------------------------------------------------------------
[ 2022-05-26T11:11:01+08:00 ] 183.38.205.134 GET puzhenshop.feibu.info/index.php?s=/api/user.index/detail&wxapp_id=10001&token=4e361d955a8eb8602a55f3c900fde6db
[ sql ] [ DB ] CONNECT:[ UseTime:0.010411s ] mysql:host=39.108.144.9;port=3306;dbname=puzhen_shop;charset=utf8
[ sql ] [ SQL ] SHOW COLUMNS FROM `puzhen_wxapp` [ RunTime:0.007109s ]
[ sql ] [ SQL ] SELECT * FROM `puzhen_wxapp` WHERE  `puzhen_wxapp`.`wxapp_id` = '10001'  AND `wxapp_id` = 10001 LIMIT 1 [ RunTime:0.006557s ]
[ sql ] [ SQL ] SHOW COLUMNS FROM `puzhen_user` [ RunTime:0.007259s ]
[ sql ] [ SQL ] SHOW COLUMNS FROM `puzhen_user_address` [ RunTime:0.007290s ]
[ sql ] [ SQL ] SHOW COLUMNS FROM `puzhen_user_grade` [ RunTime:0.007325s ]
[ sql ] [ SQL ] SELECT * FROM `puzhen_user_grade` WHERE  `puzhen_user_grade`.`wxapp_id` = '10001'  AND `status` = 1  AND `is_delete` = 0  AND `wxapp_id` = 10001 ORDER BY `weight` DESC [ RunTime:0.006705s ]
[ sql ] [ SQL ] SELECT * FROM `puzhen_user` WHERE  `puzhen_user`.`wxapp_id` = '10001'  AND `is_delete` = 0  AND `open_id` = 'oolAV5D2Z48fjybOxlPxfYC0Q-YM' LIMIT 1 [ RunTime:0.006782s ]
[ sql ] [ SQL ] SELECT * FROM `puzhen_user_address` WHERE  `puzhen_user_address`.`wxapp_id` = '10001'  AND `user_id` = 10003 [ RunTime:0.006592s ]
[ sql ] [ SQL ] SELECT * FROM `puzhen_user_address` WHERE  `puzhen_user_address`.`wxapp_id` = '10001'  AND `address_id` = 0 [ RunTime:0.006552s ]
[ sql ] [ SQL ] SELECT * FROM `puzhen_user_grade` WHERE  `puzhen_user_grade`.`wxapp_id` = '10001'  AND `grade_id` = 0 [ RunTime:0.006607s ]
[ sql ] [ SQL ] SHOW COLUMNS FROM `puzhen_sharp_setting` [ RunTime:0.007264s ]
[ sql ] [ SQL ] SELECT * FROM `puzhen_sharp_setting` WHERE  `puzhen_sharp_setting`.`wxapp_id` = '10001' [ RunTime:0.006652s ]
[ sql ] [ SQL ] SHOW COLUMNS FROM `puzhen_order` [ RunTime:0.007270s ]
[ sql ] [ SQL ] SELECT * FROM `puzhen_order` WHERE  `puzhen_order`.`wxapp_id` = '10001'  AND `order_source` = 30  AND `pay_status` = 10  AND `order_status` = 10  AND `create_time` <= 1653534061  AND `is_delete` = 0 [ RunTime:0.006803s ]
[ sql ] [ SQL ] SELECT COUNT(*) AS tp_count FROM `puzhen_order` WHERE  `puzhen_order`.`wxapp_id` = '10001'  AND `user_id` = 10003  AND `order_status` <> 20  AND `pay_status` = 10  AND `is_delete` = 0 LIMIT 1 [ RunTime:0.006582s ]
[ sql ] [ SQL ] SELECT COUNT(*) AS tp_count FROM `puzhen_order` WHERE  `puzhen_order`.`wxapp_id` = '10001'  AND `user_id` = 10003  AND `order_status` <> 20  AND `pay_status` = 20  AND `delivery_status` = 20  AND `receipt_status` = 10  AND `is_delete` = 0 LIMIT 1 [ RunTime:0.006628s ]
[ sql ] [ SQL ] SELECT COUNT(*) AS tp_count FROM `puzhen_order` WHERE  `puzhen_order`.`wxapp_id` = '10001'  AND `user_id` = 10003  AND ( `order_status` <> 20 AND `order_status` = 30 )  AND `is_comment` = 0  AND `is_delete` = 0 LIMIT 1 [ RunTime:0.006629s ]
---------------------------------------------------------------
[ 2022-05-26T11:12:48+08:00 ] 183.38.205.134 GET puzhenshop.feibu.info/index.php?s=/api/distributor/lists&page=1&latitude=&longitude=&wxapp_id=10001&token=4e361d955a8eb8602a55f3c900fde6db
[ sql ] [ DB ] CONNECT:[ UseTime:0.013898s ] mysql:host=39.108.144.9;port=3306;dbname=puzhen_shop;charset=utf8
[ sql ] [ SQL ] SHOW COLUMNS FROM `puzhen_wxapp` [ RunTime:0.010310s ]
[ sql ] [ SQL ] SELECT * FROM `puzhen_wxapp` WHERE  `puzhen_wxapp`.`wxapp_id` = '10001'  AND `wxapp_id` = 10001 LIMIT 1 [ RunTime:0.009111s ]
[ sql ] [ SQL ] SHOW COLUMNS FROM `puzhen_distributor` [ RunTime:0.011467s ]
[ sql ] [ SQL ] SELECT COUNT(*) AS tp_count FROM `puzhen_distributor` WHERE  `puzhen_distributor`.`wxapp_id` = '10001'  AND `is_delete` = 0 LIMIT 1 [ RunTime:0.008974s ]
[ sql ] [ SQL ] SELECT *,ROUND(  
                    6371.393 * 2 * ASIN(  
                        SQRT(  
                            POW(  
                                SIN(  
                                    (  
                                        0 * 3.1415926 / 180 - latitude * PI() / 180  
                                    ) / 2  
                                ),  
                                2  
                            ) + COS(0 * 3.1415926 / 180) * COS(latitude * PI() / 180) * POW(  
                                SIN(  
                                    (  
                                        0 * 3.1415926 / 180 - longitude * PI() / 180  
                                    ) / 2  
                                ),  
                                2  
                            )  
                        )  
                    ) * 1000  
                ) AS distance FROM `puzhen_distributor` WHERE  `puzhen_distributor`.`wxapp_id` = '10001'  AND `is_delete` = 0 ORDER BY `distance` ASC,`sort` ASC,`create_time` DESC LIMIT 0,15 [ RunTime:0.009439s ]
[ sql ] [ SQL ] SHOW COLUMNS FROM `puzhen_upload_file` [ RunTime:0.010764s ]
[ sql ] [ SQL ] SELECT * FROM `puzhen_upload_file` WHERE  `puzhen_upload_file`.`wxapp_id` = '10001'  AND `file_id` IN (10010,10093) [ RunTime:0.009120s ]
---------------------------------------------------------------
[ 2022-05-26T11:16:54+08:00 ] 183.38.205.134 GET puzhenshop.feibu.info/index.php?s=/api/goods/lists&page=1&sortType=all&sort=&category_id=10004&search=&wxapp_id=10001&token=4e361d955a8eb8602a55f3c900fde6db
[ sql ] [ DB ] CONNECT:[ UseTime:0.012843s ] mysql:host=39.108.144.9;port=3306;dbname=puzhen_shop;charset=utf8
[ sql ] [ SQL ] SHOW COLUMNS FROM `puzhen_wxapp` [ RunTime:0.009807s ]
[ sql ] [ SQL ] SELECT * FROM `puzhen_wxapp` WHERE  `puzhen_wxapp`.`wxapp_id` = '10001'  AND `wxapp_id` = 10001 LIMIT 1 [ RunTime:0.008217s ]
[ sql ] [ SQL ] SHOW COLUMNS FROM `puzhen_user` [ RunTime:0.009547s ]
[ sql ] [ SQL ] SHOW COLUMNS FROM `puzhen_user_address` [ RunTime:0.009534s ]
[ sql ] [ SQL ] SHOW COLUMNS FROM `puzhen_user_grade` [ RunTime:0.009285s ]
[ sql ] [ SQL ] SELECT * FROM `puzhen_user` WHERE  `puzhen_user`.`wxapp_id` = '10001'  AND `is_delete` = 0  AND `open_id` = 'oolAV5D2Z48fjybOxlPxfYC0Q-YM' LIMIT 1 [ RunTime:0.008455s ]
[ sql ] [ SQL ] SELECT * FROM `puzhen_user_address` WHERE  `puzhen_user_address`.`wxapp_id` = '10001'  AND `user_id` = 10003 [ RunTime:0.008160s ]
[ sql ] [ SQL ] SELECT * FROM `puzhen_user_address` WHERE  `puzhen_user_address`.`wxapp_id` = '10001'  AND `address_id` = 0 [ RunTime:0.008339s ]
[ sql ] [ SQL ] SELECT * FROM `puzhen_user_grade` WHERE  `puzhen_user_grade`.`wxapp_id` = '10001'  AND `grade_id` = 0 [ RunTime:0.008178s ]
[ sql ] [ SQL ] SHOW COLUMNS FROM `puzhen_goods_sku` [ RunTime:0.010567s ]
[ sql ] [ SQL ] SHOW COLUMNS FROM `puzhen_category` [ RunTime:0.010532s ]
[ sql ] [ SQL ] SHOW COLUMNS FROM `puzhen_goods` [ RunTime:0.010426s ]
[ sql ] [ SQL ] SELECT COUNT(*) AS tp_count FROM `puzhen_goods` WHERE  ( `puzhen_goods`.`wxapp_id` = '10001' AND `puzhen_goods`.`wxapp_id` = '10001' )  AND `is_delete` = 0  AND `category_id` IN (10004)  AND `goods_status` = 10 LIMIT 1 [ RunTime:0.008413s ]
[ sql ] [ SQL ] SELECT *,(sales_initial + sales_actual) as goods_sales,( SELECT MIN(goods_price) FROM `puzhen_goods_sku` WHERE  `puzhen_goods_sku`.`wxapp_id` = '10001'  AND ( `goods_id` = `puzhen_goods`.`goods_id` ) ) AS goods_min_price,( SELECT MAX(goods_price) FROM `puzhen_goods_sku` WHERE  `puzhen_goods_sku`.`wxapp_id` = '10001'  AND ( `goods_id` = `puzhen_goods`.`goods_id` ) ) AS goods_max_price,( SELECT MIN(ref_price) FROM `puzhen_goods_sku` WHERE  `puzhen_goods_sku`.`wxapp_id` = '10001'  AND ( `goods_id` = `puzhen_goods`.`goods_id` ) ) AS goods_min_ref_price,( SELECT MAX(ref_price) FROM `puzhen_goods_sku` WHERE  `puzhen_goods_sku`.`wxapp_id` = '10001'  AND ( `goods_id` = `puzhen_goods`.`goods_id` ) ) AS goods_max_ref_price FROM `puzhen_goods` WHERE  ( `puzhen_goods`.`wxapp_id` = '10001' AND `puzhen_goods`.`wxapp_id` = '10001' )  AND `is_delete` = 0  AND `category_id` IN (10004)  AND `goods_status` = 10 ORDER BY `goods_sort`,`goods_id` DESC LIMIT 0,15 [ RunTime:0.011391s ]
[ sql ] [ SQL ] SELECT * FROM `puzhen_category` WHERE  `puzhen_category`.`wxapp_id` = '10001'  AND `category_id` IN (10004) [ RunTime:0.008228s ]
[ sql ] [ SQL ] SHOW COLUMNS FROM `puzhen_goods_image` [ RunTime:0.009644s ]
[ sql ] [ SQL ] SELECT * FROM `puzhen_goods_image` WHERE  `puzhen_goods_image`.`wxapp_id` = '10001'  AND `goods_id` IN (10010,10009,10008,10007) ORDER BY `id` ASC [ RunTime:0.008388s ]
[ sql ] [ SQL ] SHOW COLUMNS FROM `puzhen_upload_file` [ RunTime:0.009590s ]
[ sql ] [ SQL ] SELECT * FROM `puzhen_upload_file` WHERE  `puzhen_upload_file`.`wxapp_id` = '10001'  AND `file_id` IN (10010,10005) [ RunTime:0.008233s ]
[ sql ] [ SQL ] SELECT * FROM `puzhen_goods_sku` WHERE  `puzhen_goods_sku`.`wxapp_id` = '10001'  AND `goods_id` IN (10010,10009,10008,10007) ORDER BY `goods_sku_id` ASC [ RunTime:0.008316s ]
[ sql ] [ SQL ] SHOW COLUMNS FROM `puzhen_collection` [ RunTime:0.009419s ]
[ sql ] [ SQL ] SELECT `collection_id` FROM `puzhen_collection` WHERE  `puzhen_collection`.`wxapp_id` = '10001'  AND `user_id` = 10003  AND `collectionable_type` = 'Goods'  AND `collectionable_id` = 10010 LIMIT 1 [ RunTime:0.008156s ]
[ sql ] [ SQL ] SELECT `collection_id` FROM `puzhen_collection` WHERE  `puzhen_collection`.`wxapp_id` = '10001'  AND `user_id` = 10003  AND `collectionable_type` = 'Goods'  AND `collectionable_id` = 10009 LIMIT 1 [ RunTime:0.008180s ]
[ sql ] [ SQL ] SELECT `collection_id` FROM `puzhen_collection` WHERE  `puzhen_collection`.`wxapp_id` = '10001'  AND `user_id` = 10003  AND `collectionable_type` = 'Goods'  AND `collectionable_id` = 10008 LIMIT 1 [ RunTime:0.008016s ]
[ sql ] [ SQL ] SELECT `collection_id` FROM `puzhen_collection` WHERE  `puzhen_collection`.`wxapp_id` = '10001'  AND `user_id` = 10003  AND `collectionable_type` = 'Goods'  AND `collectionable_id` = 10007 LIMIT 1 [ RunTime:0.008046s ]
---------------------------------------------------------------
[ 2022-05-26T11:20:36+08:00 ] 183.38.205.134 GET puzhenshop.feibu.info/index.php?s=/api/goods/lists&page=1&sortType=all&sort=&category_id=10004&search=&wxapp_id=10001&token=4e361d955a8eb8602a55f3c900fde6db
[ sql ] [ DB ] CONNECT:[ UseTime:0.018412s ] mysql:host=39.108.144.9;port=3306;dbname=puzhen_shop;charset=utf8
[ sql ] [ SQL ] SHOW COLUMNS FROM `puzhen_wxapp` [ RunTime:0.009048s ]
[ sql ] [ SQL ] SELECT * FROM `puzhen_wxapp` WHERE  `puzhen_wxapp`.`wxapp_id` = '10001'  AND `wxapp_id` = 10001 LIMIT 1 [ RunTime:0.007487s ]
[ sql ] [ SQL ] SHOW COLUMNS FROM `puzhen_user` [ RunTime:0.009256s ]
[ sql ] [ SQL ] SHOW COLUMNS FROM `puzhen_user_address` [ RunTime:0.009247s ]
[ sql ] [ SQL ] SHOW COLUMNS FROM `puzhen_user_grade` [ RunTime:0.009316s ]
[ sql ] [ SQL ] SELECT * FROM `puzhen_user` WHERE  `puzhen_user`.`wxapp_id` = '10001'  AND `is_delete` = 0  AND `open_id` = 'oolAV5D2Z48fjybOxlPxfYC0Q-YM' LIMIT 1 [ RunTime:0.007718s ]
[ sql ] [ SQL ] SELECT * FROM `puzhen_user_address` WHERE  `puzhen_user_address`.`wxapp_id` = '10001'  AND `user_id` = 10003 [ RunTime:0.007431s ]
[ sql ] [ SQL ] SELECT * FROM `puzhen_user_address` WHERE  `puzhen_user_address`.`wxapp_id` = '10001'  AND `address_id` = 0 [ RunTime:0.007482s ]
[ sql ] [ SQL ] SELECT * FROM `puzhen_user_grade` WHERE  `puzhen_user_grade`.`wxapp_id` = '10001'  AND `grade_id` = 0 [ RunTime:0.007425s ]
[ sql ] [ SQL ] SHOW COLUMNS FROM `puzhen_goods_sku` [ RunTime:0.009560s ]
[ sql ] [ SQL ] SHOW COLUMNS FROM `puzhen_category` [ RunTime:0.009328s ]
[ sql ] [ SQL ] SHOW COLUMNS FROM `puzhen_goods` [ RunTime:0.009604s ]
[ sql ] [ SQL ] SELECT COUNT(*) AS tp_count FROM `puzhen_goods` WHERE  ( `puzhen_goods`.`wxapp_id` = '10001' AND `puzhen_goods`.`wxapp_id` = '10001' )  AND `is_delete` = 0  AND `category_id` IN (10004)  AND `goods_status` = 10 LIMIT 1 [ RunTime:0.007771s ]
[ sql ] [ SQL ] SELECT *,(sales_initial + sales_actual) as goods_sales,( SELECT MIN(goods_price) FROM `puzhen_goods_sku` WHERE  `puzhen_goods_sku`.`wxapp_id` = '10001'  AND ( `goods_id` = `puzhen_goods`.`goods_id` ) ) AS goods_min_price,( SELECT MAX(goods_price) FROM `puzhen_goods_sku` WHERE  `puzhen_goods_sku`.`wxapp_id` = '10001'  AND ( `goods_id` = `puzhen_goods`.`goods_id` ) ) AS goods_max_price,( SELECT MIN(ref_price) FROM `puzhen_goods_sku` WHERE  `puzhen_goods_sku`.`wxapp_id` = '10001'  AND ( `goods_id` = `puzhen_goods`.`goods_id` ) ) AS goods_min_ref_price,( SELECT MAX(ref_price) FROM `puzhen_goods_sku` WHERE  `puzhen_goods_sku`.`wxapp_id` = '10001'  AND ( `goods_id` = `puzhen_goods`.`goods_id` ) ) AS goods_max_ref_price FROM `puzhen_goods` WHERE  ( `puzhen_goods`.`wxapp_id` = '10001' AND `puzhen_goods`.`wxapp_id` = '10001' )  AND `is_delete` = 0  AND `category_id` IN (10004)  AND `goods_status` = 10 ORDER BY `goods_sort`,`goods_id` DESC LIMIT 0,15 [ RunTime:0.011496s ]
[ sql ] [ SQL ] SELECT * FROM `puzhen_category` WHERE  `puzhen_category`.`wxapp_id` = '10001'  AND `category_id` IN (10004) [ RunTime:0.007583s ]
[ sql ] [ SQL ] SHOW COLUMNS FROM `puzhen_goods_image` [ RunTime:0.009584s ]
[ sql ] [ SQL ] SELECT * FROM `puzhen_goods_image` WHERE  `puzhen_goods_image`.`wxapp_id` = '10001'  AND `goods_id` IN (10010,10009,10008,10007) ORDER BY `id` ASC [ RunTime:0.007588s ]
[ sql ] [ SQL ] SHOW COLUMNS FROM `puzhen_upload_file` [ RunTime:0.009577s ]
[ sql ] [ SQL ] SELECT * FROM `puzhen_upload_file` WHERE  `puzhen_upload_file`.`wxapp_id` = '10001'  AND `file_id` IN (10010,10005) [ RunTime:0.007619s ]
[ sql ] [ SQL ] SELECT * FROM `puzhen_goods_sku` WHERE  `puzhen_goods_sku`.`wxapp_id` = '10001'  AND `goods_id` IN (10010,10009,10008,10007) ORDER BY `goods_sku_id` ASC [ RunTime:0.007821s ]
[ sql ] [ SQL ] SHOW COLUMNS FROM `puzhen_collection` [ RunTime:0.009443s ]
[ sql ] [ SQL ] SELECT `collection_id` FROM `puzhen_collection` WHERE  `puzhen_collection`.`wxapp_id` = '10001'  AND `user_id` = 10003  AND `collectionable_type` = 'Goods'  AND `collectionable_id` = 10010 LIMIT 1 [ RunTime:0.007617s ]
[ sql ] [ SQL ] SELECT `collection_id` FROM `puzhen_collection` WHERE  `puzhen_collection`.`wxapp_id` = '10001'  AND `user_id` = 10003  AND `collectionable_type` = 'Goods'  AND `collectionable_id` = 10009 LIMIT 1 [ RunTime:0.007491s ]
[ sql ] [ SQL ] SELECT `collection_id` FROM `puzhen_collection` WHERE  `puzhen_collection`.`wxapp_id` = '10001'  AND `user_id` = 10003  AND `collectionable_type` = 'Goods'  AND `collectionable_id` = 10008 LIMIT 1 [ RunTime:0.007921s ]
[ sql ] [ SQL ] SELECT `collection_id` FROM `puzhen_collection` WHERE  `puzhen_collection`.`wxapp_id` = '10001'  AND `user_id` = 10003  AND `collectionable_type` = 'Goods'  AND `collectionable_id` = 10007 LIMIT 1 [ RunTime:0.007611s ]
---------------------------------------------------------------
[ 2022-05-26T15:23:48+08:00 ] 183.38.205.134 GET puzhenshop.feibu.info/index.php?s=/api/page/index&page_id=0&wxapp_id=10001&token=4e361d955a8eb8602a55f3c900fde6db
[ sql ] [ DB ] CONNECT:[ UseTime:0.012566s ] mysql:host=39.108.144.9;port=3306;dbname=puzhen_shop;charset=utf8
[ sql ] [ SQL ] SHOW COLUMNS FROM `puzhen_wxapp` [ RunTime:0.009463s ]
[ sql ] [ SQL ] SELECT * FROM `puzhen_wxapp` WHERE  `puzhen_wxapp`.`wxapp_id` = '10001'  AND `wxapp_id` = 10001 LIMIT 1 [ RunTime:0.008109s ]
[ sql ] [ SQL ] SHOW COLUMNS FROM `puzhen_user` [ RunTime:0.009622s ]
[ sql ] [ SQL ] SHOW COLUMNS FROM `puzhen_user_address` [ RunTime:0.009786s ]
[ sql ] [ SQL ] SHOW COLUMNS FROM `puzhen_user_grade` [ RunTime:0.009510s ]
[ sql ] [ SQL ] SELECT * FROM `puzhen_user_grade` WHERE  `puzhen_user_grade`.`wxapp_id` = '10001'  AND `status` = 1  AND `is_delete` = 0  AND `wxapp_id` = 10001 ORDER BY `weight` DESC [ RunTime:0.008317s ]
[ sql ] [ SQL ] SELECT * FROM `puzhen_user` WHERE  `puzhen_user`.`wxapp_id` = '10001'  AND `is_delete` = 0  AND `open_id` = 'oolAV5D2Z48fjybOxlPxfYC0Q-YM' LIMIT 1 [ RunTime:0.008352s ]
[ sql ] [ SQL ] SELECT * FROM `puzhen_user_address` WHERE  `puzhen_user_address`.`wxapp_id` = '10001'  AND `user_id` = 10003 [ RunTime:0.008042s ]
[ sql ] [ SQL ] SELECT * FROM `puzhen_user_address` WHERE  `puzhen_user_address`.`wxapp_id` = '10001'  AND `address_id` = 0 [ RunTime:0.008118s ]
[ sql ] [ SQL ] SELECT * FROM `puzhen_user_grade` WHERE  `puzhen_user_grade`.`wxapp_id` = '10001'  AND `grade_id` = 0 [ RunTime:0.008276s ]
[ sql ] [ SQL ] SHOW COLUMNS FROM `puzhen_wxapp_page` [ RunTime:0.009792s ]
[ sql ] [ SQL ] SELECT * FROM `puzhen_wxapp_page` WHERE  `puzhen_wxapp_page`.`wxapp_id` = '10001'  AND `page_type` = 10 LIMIT 1 [ RunTime:0.008369s ]
[ sql ] [ SQL ] SHOW COLUMNS FROM `puzhen_goods_sku` [ RunTime:0.009457s ]
[ sql ] [ SQL ] SHOW COLUMNS FROM `puzhen_category` [ RunTime:0.009510s ]
[ sql ] [ SQL ] SHOW COLUMNS FROM `puzhen_goods` [ RunTime:0.009624s ]
[ sql ] [ SQL ] SELECT COUNT(*) AS tp_count FROM `puzhen_goods` WHERE  ( `puzhen_goods`.`wxapp_id` = '10001' AND `puzhen_goods`.`wxapp_id` = '10001' )  AND `is_delete` = 0  AND `goods_status` = 10 LIMIT 1 [ RunTime:0.008141s ]
[ sql ] [ SQL ] SELECT *,(sales_initial + sales_actual) as goods_sales,( SELECT MIN(goods_price) FROM `puzhen_goods_sku` WHERE  `puzhen_goods_sku`.`wxapp_id` = '10001'  AND ( `goods_id` = `puzhen_goods`.`goods_id` ) ) AS goods_min_price,( SELECT MAX(goods_price) FROM `puzhen_goods_sku` WHERE  `puzhen_goods_sku`.`wxapp_id` = '10001'  AND ( `goods_id` = `puzhen_goods`.`goods_id` ) ) AS goods_max_price,( SELECT MIN(ref_price) FROM `puzhen_goods_sku` WHERE  `puzhen_goods_sku`.`wxapp_id` = '10001'  AND ( `goods_id` = `puzhen_goods`.`goods_id` ) ) AS goods_min_ref_price,( SELECT MAX(ref_price) FROM `puzhen_goods_sku` WHERE  `puzhen_goods_sku`.`wxapp_id` = '10001'  AND ( `goods_id` = `puzhen_goods`.`goods_id` ) ) AS goods_max_ref_price FROM `puzhen_goods` WHERE  ( `puzhen_goods`.`wxapp_id` = '10001' AND `puzhen_goods`.`wxapp_id` = '10001' )  AND `is_delete` = 0  AND `goods_status` = 10 ORDER BY `goods_sort`,`goods_id` DESC LIMIT 0,6 [ RunTime:0.010593s ]
[ sql ] [ SQL ] SELECT * FROM `puzhen_category` WHERE  `puzhen_category`.`wxapp_id` = '10001'  AND `category_id` IN (10015,10014,10004) [ RunTime:0.008144s ]
[ sql ] [ SQL ] SHOW COLUMNS FROM `puzhen_goods_image` [ RunTime:0.009302s ]
[ sql ] [ SQL ] SELECT * FROM `puzhen_goods_image` WHERE  `puzhen_goods_image`.`wxapp_id` = '10001'  AND `goods_id` IN (10038,10037,10011,10010,10009,10008) ORDER BY `id` ASC [ RunTime:0.008139s ]
[ sql ] [ SQL ] SHOW COLUMNS FROM `puzhen_upload_file` [ RunTime:0.009165s ]
[ sql ] [ SQL ] SELECT * FROM `puzhen_upload_file` WHERE  `puzhen_upload_file`.`wxapp_id` = '10001'  AND `file_id` IN (10010,10005,10094,10095) [ RunTime:0.008346s ]
[ sql ] [ SQL ] SELECT * FROM `puzhen_goods_sku` WHERE  `puzhen_goods_sku`.`wxapp_id` = '10001'  AND `goods_id` IN (10038,10037,10011,10010,10009,10008) ORDER BY `goods_sku_id` ASC [ RunTime:0.008354s ]
[ sql ] [ SQL ] SHOW COLUMNS FROM `puzhen_collection` [ RunTime:0.009291s ]
[ sql ] [ SQL ] SELECT `collection_id` FROM `puzhen_collection` WHERE  `puzhen_collection`.`wxapp_id` = '10001'  AND `user_id` = 10003  AND `collectionable_type` = 'Goods'  AND `collectionable_id` = 10038 LIMIT 1 [ RunTime:0.008007s ]
[ sql ] [ SQL ] SELECT `collection_id` FROM `puzhen_collection` WHERE  `puzhen_collection`.`wxapp_id` = '10001'  AND `user_id` = 10003  AND `collectionable_type` = 'Goods'  AND `collectionable_id` = 10037 LIMIT 1 [ RunTime:0.007918s ]
[ sql ] [ SQL ] SELECT `collection_id` FROM `puzhen_collection` WHERE  `puzhen_collection`.`wxapp_id` = '10001'  AND `user_id` = 10003  AND `collectionable_type` = 'Goods'  AND `collectionable_id` = 10011 LIMIT 1 [ RunTime:0.007980s ]
[ sql ] [ SQL ] SELECT `collection_id` FROM `puzhen_collection` WHERE  `puzhen_collection`.`wxapp_id` = '10001'  AND `user_id` = 10003  AND `collectionable_type` = 'Goods'  AND `collectionable_id` = 10010 LIMIT 1 [ RunTime:0.007919s ]
[ sql ] [ SQL ] SELECT `collection_id` FROM `puzhen_collection` WHERE  `puzhen_collection`.`wxapp_id` = '10001'  AND `user_id` = 10003  AND `collectionable_type` = 'Goods'  AND `collectionable_id` = 10009 LIMIT 1 [ RunTime:0.008025s ]
[ sql ] [ SQL ] SELECT `collection_id` FROM `puzhen_collection` WHERE  `puzhen_collection`.`wxapp_id` = '10001'  AND `user_id` = 10003  AND `collectionable_type` = 'Goods'  AND `collectionable_id` = 10008 LIMIT 1 [ RunTime:0.008119s ]
---------------------------------------------------------------
[ 2022-05-26T15:23:49+08:00 ] 183.38.205.134 GET puzhenshop.feibu.info/index.php?s=/api/page/banner&wxapp_id=10001&token=4e361d955a8eb8602a55f3c900fde6db
[ sql ] [ DB ] CONNECT:[ UseTime:0.013019s ] mysql:host=39.108.144.9;port=3306;dbname=puzhen_shop;charset=utf8
[ sql ] [ SQL ] SHOW COLUMNS FROM `puzhen_wxapp` [ RunTime:0.009575s ]
[ sql ] [ SQL ] SELECT * FROM `puzhen_wxapp` WHERE  `puzhen_wxapp`.`wxapp_id` = '10001'  AND `wxapp_id` = 10001 LIMIT 1 [ RunTime:0.008606s ]
[ sql ] [ SQL ] SHOW COLUMNS FROM `puzhen_banner` [ RunTime:0.009546s ]
[ sql ] [ SQL ] SELECT * FROM `puzhen_banner` WHERE  `puzhen_banner`.`wxapp_id` = '10001' ORDER BY `sort` ASC,`create_time` ASC [ RunTime:0.008497s ]
[ sql ] [ SQL ] SHOW COLUMNS FROM `puzhen_upload_file` [ RunTime:0.009273s ]
[ sql ] [ SQL ] SELECT * FROM `puzhen_upload_file` WHERE  `puzhen_upload_file`.`wxapp_id` = '10001'  AND `file_id` IN (10005,10096) [ RunTime:0.008583s ]
---------------------------------------------------------------
[ 2022-05-26T16:35:59+08:00 ] 113.105.219.167 POST puzhenshop.feibu.info/index.php?s=/store/passport/login
[ sql ] [ DB ] CONNECT:[ UseTime:0.015781s ] mysql:host=39.108.144.9;port=3306;dbname=puzhen_shop;charset=utf8
[ sql ] [ SQL ] SHOW COLUMNS FROM `puzhen_wxapp` [ RunTime:0.011578s ]
[ sql ] [ SQL ] SHOW COLUMNS FROM `puzhen_store_user` [ RunTime:0.012189s ]
[ sql ] [ SQL ] SELECT * FROM `puzhen_store_user` WHERE  `user_name` = 'admin'  AND `password` = '66c63585eec964e89dedd44e73a11755'  AND `is_delete` = 0 LIMIT 1 [ RunTime:0.010290s ]
[ sql ] [ SQL ] SELECT * FROM `puzhen_wxapp` WHERE  `wxapp_id` = 10001 [ RunTime:0.010112s ]
---------------------------------------------------------------
[ 2022-05-26T16:36:01+08:00 ] 113.105.219.167 GET puzhenshop.feibu.info/index.php?s=/store/index/index
[ sql ] [ DB ] CONNECT:[ UseTime:0.019379s ] mysql:host=39.108.144.9;port=3306;dbname=puzhen_shop;charset=utf8
[ sql ] [ SQL ] SHOW COLUMNS FROM `puzhen_store_user` [ RunTime:0.009814s ]
[ sql ] [ SQL ] SELECT * FROM `puzhen_store_user` WHERE  `puzhen_store_user`.`wxapp_id` = 10001  AND `is_delete` = 0  AND `store_user_id` = 10001 LIMIT 1 [ RunTime:0.008668s ]
[ sql ] [ SQL ] SHOW COLUMNS FROM `puzhen_user` [ RunTime:0.010142s ]
[ sql ] [ SQL ] SELECT COUNT(*) AS tp_count FROM `puzhen_user` WHERE  `puzhen_user`.`wxapp_id` = 10001  AND `is_delete` = 0 LIMIT 1 [ RunTime:0.008684s ]
[ sql ] [ SQL ] SHOW COLUMNS FROM `puzhen_goods` [ RunTime:0.010017s ]
[ sql ] [ SQL ] SELECT COUNT(*) AS tp_count FROM `puzhen_goods` WHERE  `puzhen_goods`.`wxapp_id` = 10001  AND `is_delete` = 0 LIMIT 1 [ RunTime:0.008560s ]
[ sql ] [ SQL ] SHOW COLUMNS FROM `puzhen_factory` [ RunTime:0.010648s ]
[ sql ] [ SQL ] SELECT COUNT(*) AS tp_count FROM `puzhen_factory` WHERE  `puzhen_factory`.`wxapp_id` = 10001  AND `is_delete` = 0 LIMIT 1 [ RunTime:0.008567s ]
[ sql ] [ SQL ] SHOW COLUMNS FROM `puzhen_distributor` [ RunTime:0.009851s ]
[ sql ] [ SQL ] SELECT COUNT(*) AS tp_count FROM `puzhen_distributor` WHERE  `puzhen_distributor`.`wxapp_id` = 10001  AND `is_delete` = 0 LIMIT 1 [ RunTime:0.008672s ]
[ sql ] [ SQL ] SHOW COLUMNS FROM `puzhen_equipment` [ RunTime:0.010382s ]
[ sql ] [ SQL ] SELECT COUNT(*) AS tp_count FROM `puzhen_equipment` WHERE  `puzhen_equipment`.`wxapp_id` = 10001  AND `is_delete` = 0 LIMIT 1 [ RunTime:0.008510s ]
[ sql ] [ SQL ] SHOW COLUMNS FROM `puzhen_user_equipment` [ RunTime:0.010179s ]
[ sql ] [ SQL ] SELECT COUNT(*) AS tp_count FROM `puzhen_user_equipment` WHERE  `puzhen_user_equipment`.`wxapp_id` = 10001  AND `status` = 20 LIMIT 1 [ RunTime:0.008419s ]
[ sql ] [ SQL ] SHOW COLUMNS FROM `puzhen_tea_qrcode` [ RunTime:0.009787s ]
[ sql ] [ SQL ] SELECT COUNT(*) AS tp_count FROM `puzhen_tea_qrcode` WHERE  `puzhen_tea_qrcode`.`wxapp_id` = 10001  AND `user_id` <> 0 LIMIT 1 [ RunTime:0.008625s ]
---------------------------------------------------------------
[ 2022-05-26T16:36:12+08:00 ] 113.105.219.167 GET puzhenshop.feibu.info/index.php?s=/store/passport/logout
[ sql ] [ DB ] CONNECT:[ UseTime:0.011864s ] mysql:host=39.108.144.9;port=3306;dbname=puzhen_shop;charset=utf8
[ sql ] [ SQL ] SHOW COLUMNS FROM `puzhen_store_user` [ RunTime:0.009134s ]
[ sql ] [ SQL ] SELECT * FROM `puzhen_store_user` WHERE  `puzhen_store_user`.`wxapp_id` = 10001  AND `is_delete` = 0  AND `store_user_id` = 10001 LIMIT 1 [ RunTime:0.007869s ]
---------------------------------------------------------------
[ 2022-05-26T16:37:13+08:00 ] 113.105.219.167 POST puzhenshop.feibu.info/index.php?s=/factory/passport/login
[ sql ] [ DB ] CONNECT:[ UseTime:0.013616s ] mysql:host=39.108.144.9;port=3306;dbname=puzhen_shop;charset=utf8
[ sql ] [ SQL ] SHOW COLUMNS FROM `puzhen_wxapp` [ RunTime:0.010045s ]
[ sql ] [ SQL ] SHOW COLUMNS FROM `puzhen_factory` [ RunTime:0.010020s ]
[ sql ] [ SQL ] SHOW COLUMNS FROM `puzhen_factory_user` [ RunTime:0.010619s ]
[ sql ] [ SQL ] SELECT * FROM `puzhen_factory_user` WHERE  `user_name` = 'admin'  AND `password` = '66c63585eec964e89dedd44e73a11755'  AND `is_delete` = 0 LIMIT 1 [ RunTime:0.008995s ]
[ sql ] [ SQL ] SELECT * FROM `puzhen_wxapp` WHERE  `wxapp_id` = 10001 [ RunTime:0.008870s ]
[ sql ] [ SQL ] SELECT * FROM `puzhen_factory` WHERE  `factory_id` = 1 [ RunTime:0.008823s ]
---------------------------------------------------------------
[ 2022-05-26T16:37:15+08:00 ] 113.105.219.167 GET puzhenshop.feibu.info/index.php?s=/factory/index/index
[ sql ] [ DB ] CONNECT:[ UseTime:0.020405s ] mysql:host=39.108.144.9;port=3306;dbname=puzhen_shop;charset=utf8
[ sql ] [ SQL ] SHOW COLUMNS FROM `puzhen_factory_user` [ RunTime:0.011600s ]
[ sql ] [ SQL ] SELECT * FROM `puzhen_factory_user` WHERE  `puzhen_factory_user`.`wxapp_id` = 10001  AND `puzhen_factory_user`.`factory_id` = 1  AND `is_delete` = 0  AND `factory_user_id` = 10001 LIMIT 1 [ RunTime:0.011050s ]
[ sql ] [ SQL ] SHOW COLUMNS FROM `puzhen_goods` [ RunTime:0.012278s ]
[ sql ] [ SQL ] SELECT COUNT(*) AS tp_count FROM `puzhen_goods` WHERE  `puzhen_goods`.`wxapp_id` = 10001  AND `puzhen_goods`.`factory_id` = 1  AND `is_delete` = 0 LIMIT 1 [ RunTime:0.010211s ]
[ sql ] [ SQL ] SHOW COLUMNS FROM `puzhen_tea_qrcode` [ RunTime:0.011560s ]
[ sql ] [ SQL ] SELECT COUNT(*) AS tp_count FROM `puzhen_tea_qrcode` WHERE  `puzhen_tea_qrcode`.`wxapp_id` = 10001  AND `puzhen_tea_qrcode`.`factory_id` = 1 LIMIT 1 [ RunTime:0.010167s ]
---------------------------------------------------------------
[ 2022-05-26T16:37:20+08:00 ] 113.105.219.167 GET puzhenshop.feibu.info/index.php?s=/factory/passport/login
[ sql ] [ DB ] CONNECT:[ UseTime:0.019605s ] mysql:host=39.108.144.9;port=3306;dbname=puzhen_shop;charset=utf8
[ sql ] [ SQL ] SHOW COLUMNS FROM `puzhen_factory_user` [ RunTime:0.010522s ]
[ sql ] [ SQL ] SELECT * FROM `puzhen_factory_user` WHERE  `puzhen_factory_user`.`wxapp_id` = 10001  AND `puzhen_factory_user`.`factory_id` = 1  AND `is_delete` = 0  AND `factory_user_id` = 10001 LIMIT 1 [ RunTime:0.009393s ]
