---------------------------------------------------------------
[ 2022-05-31T10:16:40+08:00 ] 183.38.142.128 GET puzhenshop.feibu.info/index.php?s=/api/page/index&page_id=0&wxapp_id=10001&token=4e361d955a8eb8602a55f3c900fde6db
[ begin ] [ ROUTE ] array (
  'type' => 'module',
  'module' => 
  array (
    0 => 'api',
    1 => 'page',
    2 => 'index',
  ),
)
[ begin ] [ HEADER ] array (
  'accept-encoding' => 'gzip,compress,br,deflate',
  'content-type' => 'application/json',
  'user-agent' => 'Mozilla/5.0 (Linux; Android 11; PCAM00 Build/RKQ1.201217.002; wv) AppleWebKit/537.36 (KHTML, like Gecko) Version/4.0 Chrome/86.0.4240.99 XWEB/3225 MMWEBSDK/20220402 Mobile Safari/537.36 MMWEBID/1497 MicroMessenger/8.0.22.2140(0x280016F2) WeChat/arm64 Weixin NetType/4G Language/zh_CN ABI/arm64 MiniProgramEnv/android',
  'charset' => 'utf-8',
  'connection' => 'close',
  'host' => 'puzhenshop.feibu.info',
)
[ begin ] [ PARAM ] array (
  'page_id' => '0',
  'wxapp_id' => '10001',
  'token' => '4e361d955a8eb8602a55f3c900fde6db',
)
---------------------------------------------------------------
[ 2022-05-31T10:16:41+08:00 ] 183.38.142.128 GET puzhenshop.feibu.info/index.php?s=/api/page/banner&wxapp_id=10001&token=4e361d955a8eb8602a55f3c900fde6db
[ begin ] [ ROUTE ] array (
  'type' => 'module',
  'module' => 
  array (
    0 => 'api',
    1 => 'page',
    2 => 'banner',
  ),
)
[ begin ] [ HEADER ] array (
  'accept-encoding' => 'gzip,compress,br,deflate',
  'content-type' => 'application/json',
  'user-agent' => 'Mozilla/5.0 (Linux; Android 11; PCAM00 Build/RKQ1.201217.002; wv) AppleWebKit/537.36 (KHTML, like Gecko) Version/4.0 Chrome/86.0.4240.99 XWEB/3225 MMWEBSDK/20220402 Mobile Safari/537.36 MMWEBID/1497 MicroMessenger/8.0.22.2140(0x280016F2) WeChat/arm64 Weixin NetType/4G Language/zh_CN ABI/arm64 MiniProgramEnv/android',
  'charset' => 'utf-8',
  'connection' => 'close',
  'host' => 'puzhenshop.feibu.info',
)
[ begin ] [ PARAM ] array (
  'wxapp_id' => '10001',
  'token' => '4e361d955a8eb8602a55f3c900fde6db',
)
---------------------------------------------------------------
[ 2022-05-31T10:16:53+08:00 ] 183.38.142.128 GET puzhenshop.feibu.info/index.php?s=/api/category/index&wxapp_id=10001&token=4e361d955a8eb8602a55f3c900fde6db
[ begin ] [ ROUTE ] array (
  'type' => 'module',
  'module' => 
  array (
    0 => 'api',
    1 => 'category',
    2 => 'index',
  ),
)
[ begin ] [ HEADER ] array (
  'accept-encoding' => 'gzip,compress,br,deflate',
  'content-type' => 'application/json',
  'user-agent' => 'Mozilla/5.0 (Linux; Android 11; PCAM00 Build/RKQ1.201217.002; wv) AppleWebKit/537.36 (KHTML, like Gecko) Version/4.0 Chrome/86.0.4240.99 XWEB/3225 MMWEBSDK/20220402 Mobile Safari/537.36 MMWEBID/1497 MicroMessenger/8.0.22.2140(0x280016F2) WeChat/arm64 Weixin NetType/4G Language/zh_CN ABI/arm64 MiniProgramEnv/android',
  'charset' => 'utf-8',
  'connection' => 'close',
  'host' => 'puzhenshop.feibu.info',
)
[ begin ] [ PARAM ] array (
  'wxapp_id' => '10001',
  'token' => '4e361d955a8eb8602a55f3c900fde6db',
)
---------------------------------------------------------------
[ 2022-05-31T10:16:55+08:00 ] 183.38.142.128 GET puzhenshop.feibu.info/index.php?s=/api/goods/lists&page=1&sortType=all&sort=&category_id=10004&search=&wxapp_id=10001&token=4e361d955a8eb8602a55f3c900fde6db
[ begin ] [ ROUTE ] array (
  'type' => 'module',
  'module' => 
  array (
    0 => 'api',
    1 => 'goods',
    2 => 'lists',
  ),
)
[ begin ] [ HEADER ] array (
  'accept-encoding' => 'gzip,compress,br,deflate',
  'content-type' => 'application/json',
  'user-agent' => 'Mozilla/5.0 (Linux; Android 11; PCAM00 Build/RKQ1.201217.002; wv) AppleWebKit/537.36 (KHTML, like Gecko) Version/4.0 Chrome/86.0.4240.99 XWEB/3225 MMWEBSDK/20220402 Mobile Safari/537.36 MMWEBID/1497 MicroMessenger/8.0.22.2140(0x280016F2) WeChat/arm64 Weixin NetType/4G Language/zh_CN ABI/arm64 MiniProgramEnv/android',
  'charset' => 'utf-8',
  'connection' => 'close',
  'host' => 'puzhenshop.feibu.info',
)
[ begin ] [ PARAM ] array (
  'page' => '1',
  'sortType' => 'all',
  'sort' => '',
  'category_id' => '10004',
  'search' => '',
  'wxapp_id' => '10001',
  'token' => '4e361d955a8eb8602a55f3c900fde6db',
)
---------------------------------------------------------------
[ 2022-05-31T10:17:25+08:00 ] 183.38.142.128 GET puzhenshop.feibu.info/index.php?s=/api/goods/detail&goods_id=10010&wxapp_id=10001&token=4e361d955a8eb8602a55f3c900fde6db
[ begin ] [ ROUTE ] array (
  'type' => 'module',
  'module' => 
  array (
    0 => 'api',
    1 => 'goods',
    2 => 'detail',
  ),
)
[ begin ] [ HEADER ] array (
  'accept-encoding' => 'gzip,compress,br,deflate',
  'content-type' => 'application/json',
  'user-agent' => 'Mozilla/5.0 (Linux; Android 11; PCAM00 Build/RKQ1.201217.002; wv) AppleWebKit/537.36 (KHTML, like Gecko) Version/4.0 Chrome/86.0.4240.99 XWEB/3225 MMWEBSDK/20220402 Mobile Safari/537.36 MMWEBID/1497 MicroMessenger/8.0.22.2140(0x280016F2) WeChat/arm64 Weixin NetType/4G Language/zh_CN ABI/arm64 MiniProgramEnv/android',
  'charset' => 'utf-8',
  'connection' => 'close',
  'host' => 'puzhenshop.feibu.info',
)
[ begin ] [ PARAM ] array (
  'goods_id' => '10010',
  'wxapp_id' => '10001',
  'token' => '4e361d955a8eb8602a55f3c900fde6db',
)
---------------------------------------------------------------
[ 2022-05-31T10:17:37+08:00 ] 183.38.142.128 GET puzhenshop.feibu.info/index.php?s=/api/goods/detail&goods_id=10010&wxapp_id=10001&token=4e361d955a8eb8602a55f3c900fde6db
[ begin ] [ ROUTE ] array (
  'type' => 'module',
  'module' => 
  array (
    0 => 'api',
    1 => 'goods',
    2 => 'detail',
  ),
)
[ begin ] [ HEADER ] array (
  'accept-encoding' => 'gzip,compress,br,deflate',
  'content-type' => 'application/json',
  'user-agent' => 'Mozilla/5.0 (Linux; Android 11; PCAM00 Build/RKQ1.201217.002; wv) AppleWebKit/537.36 (KHTML, like Gecko) Version/4.0 Chrome/86.0.4240.99 XWEB/3225 MMWEBSDK/20220402 Mobile Safari/537.36 MMWEBID/1497 MicroMessenger/8.0.22.2140(0x280016F2) WeChat/arm64 Weixin NetType/4G Language/zh_CN ABI/arm64 MiniProgramEnv/android',
  'charset' => 'utf-8',
  'connection' => 'close',
  'host' => 'puzhenshop.feibu.info',
)
[ begin ] [ PARAM ] array (
  'goods_id' => '10010',
  'wxapp_id' => '10001',
  'token' => '4e361d955a8eb8602a55f3c900fde6db',
)
---------------------------------------------------------------
[ 2022-05-31T14:31:36+08:00 ] 183.46.57.17 GET puzhenshop.feibu.info/index.php?s=/api/page/index&page_id=0&wxapp_id=10001&token=
[ begin ] [ ROUTE ] array (
  'type' => 'module',
  'module' => 
  array (
    0 => 'api',
    1 => 'page',
    2 => 'index',
  ),
)
[ begin ] [ HEADER ] array (
  'accept-encoding' => 'gzip,compress,br,deflate',
  'content-type' => 'application/json',
  'user-agent' => 'Mozilla/5.0 (Linux; Android 12; M2012K11AC Build/SKQ1.211006.001; wv) AppleWebKit/537.36 (KHTML, like Gecko) Version/4.0 Chrome/86.0.4240.99 XWEB/3225 MMWEBSDK/20220402 Mobile Safari/537.36 MMWEBID/7767 MicroMessenger/8.0.22.2140(0x280016E6) WeChat/arm64 Weixin NetType/5G Language/zh_CN ABI/arm64 MiniProgramEnv/android',
  'charset' => 'utf-8',
  'connection' => 'close',
  'host' => 'puzhenshop.feibu.info',
)
[ begin ] [ PARAM ] array (
  'page_id' => '0',
  'wxapp_id' => '10001',
  'token' => '',
)
---------------------------------------------------------------
[ 2022-05-31T14:31:36+08:00 ] 183.46.57.17 GET puzhenshop.feibu.info/index.php?s=/api/page/banner&wxapp_id=10001&token=
[ begin ] [ ROUTE ] array (
  'type' => 'module',
  'module' => 
  array (
    0 => 'api',
    1 => 'page',
    2 => 'banner',
  ),
)
[ begin ] [ HEADER ] array (
  'accept-encoding' => 'gzip,compress,br,deflate',
  'content-type' => 'application/json',
  'user-agent' => 'Mozilla/5.0 (Linux; Android 12; M2012K11AC Build/SKQ1.211006.001; wv) AppleWebKit/537.36 (KHTML, like Gecko) Version/4.0 Chrome/86.0.4240.99 XWEB/3225 MMWEBSDK/20220402 Mobile Safari/537.36 MMWEBID/7767 MicroMessenger/8.0.22.2140(0x280016E6) WeChat/arm64 Weixin NetType/5G Language/zh_CN ABI/arm64 MiniProgramEnv/android',
  'charset' => 'utf-8',
  'connection' => 'close',
  'host' => 'puzhenshop.feibu.info',
)
[ begin ] [ PARAM ] array (
  'wxapp_id' => '10001',
  'token' => '',
)
---------------------------------------------------------------
[ 2022-05-31T14:31:44+08:00 ] 183.46.57.17 GET puzhenshop.feibu.info/index.php?s=/api/category/index&wxapp_id=10001&token=
[ begin ] [ ROUTE ] array (
  'type' => 'module',
  'module' => 
  array (
    0 => 'api',
    1 => 'category',
    2 => 'index',
  ),
)
[ begin ] [ HEADER ] array (
  'accept-encoding' => 'gzip,compress,br,deflate',
  'content-type' => 'application/json',
  'user-agent' => 'Mozilla/5.0 (Linux; Android 12; M2012K11AC Build/SKQ1.211006.001; wv) AppleWebKit/537.36 (KHTML, like Gecko) Version/4.0 Chrome/86.0.4240.99 XWEB/3225 MMWEBSDK/20220402 Mobile Safari/537.36 MMWEBID/7767 MicroMessenger/8.0.22.2140(0x280016E6) WeChat/arm64 Weixin NetType/5G Language/zh_CN ABI/arm64 MiniProgramEnv/android',
  'charset' => 'utf-8',
  'connection' => 'close',
  'host' => 'puzhenshop.feibu.info',
)
[ begin ] [ PARAM ] array (
  'wxapp_id' => '10001',
  'token' => '',
)
---------------------------------------------------------------
[ 2022-05-31T14:31:56+08:00 ] 183.46.57.17 GET puzhenshop.feibu.info/index.php?s=/api/distributor/lists&page=1&latitude=22.822416178385417&longitude=113.26493516710069&wxapp_id=10001&token=
[ begin ] [ ROUTE ] array (
  'type' => 'module',
  'module' => 
  array (
    0 => 'api',
    1 => 'distributor',
    2 => 'lists',
  ),
)
[ begin ] [ HEADER ] array (
  'accept-encoding' => 'gzip,compress,br,deflate',
  'content-type' => 'application/json',
  'user-agent' => 'Mozilla/5.0 (Linux; Android 12; M2012K11AC Build/SKQ1.211006.001; wv) AppleWebKit/537.36 (KHTML, like Gecko) Version/4.0 Chrome/86.0.4240.99 XWEB/3225 MMWEBSDK/20220402 Mobile Safari/537.36 MMWEBID/7767 MicroMessenger/8.0.22.2140(0x280016E6) WeChat/arm64 Weixin NetType/5G Language/zh_CN ABI/arm64 MiniProgramEnv/android',
  'charset' => 'utf-8',
  'connection' => 'close',
  'host' => 'puzhenshop.feibu.info',
)
[ begin ] [ PARAM ] array (
  'page' => '1',
  'latitude' => '22.822416178385417',
  'longitude' => '113.26493516710069',
  'wxapp_id' => '10001',
  'token' => '',
)
---------------------------------------------------------------
[ 2022-05-31T14:31:57+08:00 ] 183.46.57.17 GET puzhenshop.feibu.info/index.php?s=/api/distributor/lists&page=1&latitude=22.822416178385417&longitude=113.26493516710069&wxapp_id=10001&token=
[ begin ] [ ROUTE ] array (
  'type' => 'module',
  'module' => 
  array (
    0 => 'api',
    1 => 'distributor',
    2 => 'lists',
  ),
)
[ begin ] [ HEADER ] array (
  'accept-encoding' => 'gzip,compress,br,deflate',
  'content-type' => 'application/json',
  'user-agent' => 'Mozilla/5.0 (Linux; Android 12; M2012K11AC Build/SKQ1.211006.001; wv) AppleWebKit/537.36 (KHTML, like Gecko) Version/4.0 Chrome/86.0.4240.99 XWEB/3225 MMWEBSDK/20220402 Mobile Safari/537.36 MMWEBID/7767 MicroMessenger/8.0.22.2140(0x280016E6) WeChat/arm64 Weixin NetType/5G Language/zh_CN ABI/arm64 MiniProgramEnv/android',
  'charset' => 'utf-8',
  'connection' => 'close',
  'host' => 'puzhenshop.feibu.info',
)
[ begin ] [ PARAM ] array (
  'page' => '1',
  'latitude' => '22.822416178385417',
  'longitude' => '113.26493516710069',
  'wxapp_id' => '10001',
  'token' => '',
)
---------------------------------------------------------------
[ 2022-05-31T14:35:06+08:00 ] 183.46.57.17 GET puzhenshop.feibu.info/index.php?s=/api/page/index&page_id=0&wxapp_id=10001&token=
[ begin ] [ ROUTE ] array (
  'type' => 'module',
  'module' => 
  array (
    0 => 'api',
    1 => 'page',
    2 => 'index',
  ),
)
[ begin ] [ HEADER ] array (
  'accept-encoding' => 'gzip,compress,br,deflate',
  'content-type' => 'application/json',
  'user-agent' => 'Mozilla/5.0 (Linux; Android 12; M2012K11AC Build/SKQ1.211006.001; wv) AppleWebKit/537.36 (KHTML, like Gecko) Version/4.0 Chrome/86.0.4240.99 XWEB/3225 MMWEBSDK/20220402 Mobile Safari/537.36 MMWEBID/7767 MicroMessenger/8.0.22.2140(0x280016E6) WeChat/arm64 Weixin NetType/5G Language/zh_CN ABI/arm64 MiniProgramEnv/android',
  'charset' => 'utf-8',
  'connection' => 'close',
  'host' => 'puzhenshop.feibu.info',
)
[ begin ] [ PARAM ] array (
  'page_id' => '0',
  'wxapp_id' => '10001',
  'token' => '',
)
---------------------------------------------------------------
[ 2022-05-31T14:35:07+08:00 ] 183.46.57.17 GET puzhenshop.feibu.info/index.php?s=/api/page/banner&wxapp_id=10001&token=
[ begin ] [ ROUTE ] array (
  'type' => 'module',
  'module' => 
  array (
    0 => 'api',
    1 => 'page',
    2 => 'banner',
  ),
)
[ begin ] [ HEADER ] array (
  'accept-encoding' => 'gzip,compress,br,deflate',
  'content-type' => 'application/json',
  'user-agent' => 'Mozilla/5.0 (Linux; Android 12; M2012K11AC Build/SKQ1.211006.001; wv) AppleWebKit/537.36 (KHTML, like Gecko) Version/4.0 Chrome/86.0.4240.99 XWEB/3225 MMWEBSDK/20220402 Mobile Safari/537.36 MMWEBID/7767 MicroMessenger/8.0.22.2140(0x280016E6) WeChat/arm64 Weixin NetType/5G Language/zh_CN ABI/arm64 MiniProgramEnv/android',
  'charset' => 'utf-8',
  'connection' => 'close',
  'host' => 'puzhenshop.feibu.info',
)
[ begin ] [ PARAM ] array (
  'wxapp_id' => '10001',
  'token' => '',
)
---------------------------------------------------------------
[ 2022-05-31T14:36:39+08:00 ] 183.46.57.17 GET puzhenshop.feibu.info/index.php?s=/api/category/index&wxapp_id=10001&token=
[ begin ] [ ROUTE ] array (
  'type' => 'module',
  'module' => 
  array (
    0 => 'api',
    1 => 'category',
    2 => 'index',
  ),
)
[ begin ] [ HEADER ] array (
  'accept-encoding' => 'gzip,compress,br,deflate',
  'content-type' => 'application/json',
  'user-agent' => 'Mozilla/5.0 (Linux; Android 12; M2012K11AC Build/SKQ1.211006.001; wv) AppleWebKit/537.36 (KHTML, like Gecko) Version/4.0 Chrome/86.0.4240.99 XWEB/3225 MMWEBSDK/20220402 Mobile Safari/537.36 MMWEBID/7767 MicroMessenger/8.0.22.2140(0x280016E6) WeChat/arm64 Weixin NetType/5G Language/zh_CN ABI/arm64 MiniProgramEnv/android',
  'charset' => 'utf-8',
  'connection' => 'close',
  'host' => 'puzhenshop.feibu.info',
)
[ begin ] [ PARAM ] array (
  'wxapp_id' => '10001',
  'token' => '',
)
---------------------------------------------------------------
[ 2022-05-31T14:36:43+08:00 ] 183.46.57.17 GET puzhenshop.feibu.info/index.php?s=/api/distributor/lists&page=1&latitude=22.822413465711804&longitude=113.264990234375&wxapp_id=10001&token=
[ begin ] [ ROUTE ] array (
  'type' => 'module',
  'module' => 
  array (
    0 => 'api',
    1 => 'distributor',
    2 => 'lists',
  ),
)
[ begin ] [ HEADER ] array (
  'accept-encoding' => 'gzip,compress,br,deflate',
  'content-type' => 'application/json',
  'user-agent' => 'Mozilla/5.0 (Linux; Android 12; M2012K11AC Build/SKQ1.211006.001; wv) AppleWebKit/537.36 (KHTML, like Gecko) Version/4.0 Chrome/86.0.4240.99 XWEB/3225 MMWEBSDK/20220402 Mobile Safari/537.36 MMWEBID/7767 MicroMessenger/8.0.22.2140(0x280016E6) WeChat/arm64 Weixin NetType/5G Language/zh_CN ABI/arm64 MiniProgramEnv/android',
  'charset' => 'utf-8',
  'connection' => 'close',
  'host' => 'puzhenshop.feibu.info',
)
[ begin ] [ PARAM ] array (
  'page' => '1',
  'latitude' => '22.822413465711804',
  'longitude' => '113.264990234375',
  'wxapp_id' => '10001',
  'token' => '',
)
---------------------------------------------------------------
[ 2022-05-31T14:36:46+08:00 ] 183.46.57.17 GET puzhenshop.feibu.info/index.php?s=/api/distributor/lists&page=1&latitude=22.822413465711804&longitude=113.264990234375&wxapp_id=10001&token=
[ begin ] [ ROUTE ] array (
  'type' => 'module',
  'module' => 
  array (
    0 => 'api',
    1 => 'distributor',
    2 => 'lists',
  ),
)
[ begin ] [ HEADER ] array (
  'accept-encoding' => 'gzip,compress,br,deflate',
  'content-type' => 'application/json',
  'user-agent' => 'Mozilla/5.0 (Linux; Android 12; M2012K11AC Build/SKQ1.211006.001; wv) AppleWebKit/537.36 (KHTML, like Gecko) Version/4.0 Chrome/86.0.4240.99 XWEB/3225 MMWEBSDK/20220402 Mobile Safari/537.36 MMWEBID/7767 MicroMessenger/8.0.22.2140(0x280016E6) WeChat/arm64 Weixin NetType/5G Language/zh_CN ABI/arm64 MiniProgramEnv/android',
  'charset' => 'utf-8',
  'connection' => 'close',
  'host' => 'puzhenshop.feibu.info',
)
[ begin ] [ PARAM ] array (
  'page' => '1',
  'latitude' => '22.822413465711804',
  'longitude' => '113.264990234375',
  'wxapp_id' => '10001',
  'token' => '',
)
---------------------------------------------------------------
[ 2022-05-31T14:36:47+08:00 ] 183.46.57.17 GET puzhenshop.feibu.info/index.php?s=/api/distributor/lists&page=1&latitude=22.822413465711804&longitude=113.264990234375&wxapp_id=10001&token=
[ begin ] [ ROUTE ] array (
  'type' => 'module',
  'module' => 
  array (
    0 => 'api',
    1 => 'distributor',
    2 => 'lists',
  ),
)
[ begin ] [ HEADER ] array (
  'accept-encoding' => 'gzip,compress,br,deflate',
  'content-type' => 'application/json',
  'user-agent' => 'Mozilla/5.0 (Linux; Android 12; M2012K11AC Build/SKQ1.211006.001; wv) AppleWebKit/537.36 (KHTML, like Gecko) Version/4.0 Chrome/86.0.4240.99 XWEB/3225 MMWEBSDK/20220402 Mobile Safari/537.36 MMWEBID/7767 MicroMessenger/8.0.22.2140(0x280016E6) WeChat/arm64 Weixin NetType/5G Language/zh_CN ABI/arm64 MiniProgramEnv/android',
  'charset' => 'utf-8',
  'connection' => 'close',
  'host' => 'puzhenshop.feibu.info',
)
[ begin ] [ PARAM ] array (
  'page' => '1',
  'latitude' => '22.822413465711804',
  'longitude' => '113.264990234375',
  'wxapp_id' => '10001',
  'token' => '',
)
---------------------------------------------------------------
[ 2022-05-31T14:36:59+08:00 ] 183.46.57.17 GET puzhenshop.feibu.info/index.php?s=/api/distributor/lists&page=1&latitude=22.822413465711804&longitude=113.264990234375&wxapp_id=10001&token=
[ begin ] [ ROUTE ] array (
  'type' => 'module',
  'module' => 
  array (
    0 => 'api',
    1 => 'distributor',
    2 => 'lists',
  ),
)
[ begin ] [ HEADER ] array (
  'accept-encoding' => 'gzip,compress,br,deflate',
  'content-type' => 'application/json',
  'user-agent' => 'Mozilla/5.0 (Linux; Android 12; M2012K11AC Build/SKQ1.211006.001; wv) AppleWebKit/537.36 (KHTML, like Gecko) Version/4.0 Chrome/86.0.4240.99 XWEB/3225 MMWEBSDK/20220402 Mobile Safari/537.36 MMWEBID/7767 MicroMessenger/8.0.22.2140(0x280016E6) WeChat/arm64 Weixin NetType/5G Language/zh_CN ABI/arm64 MiniProgramEnv/android',
  'charset' => 'utf-8',
  'connection' => 'close',
  'host' => 'puzhenshop.feibu.info',
)
[ begin ] [ PARAM ] array (
  'page' => '1',
  'latitude' => '22.822413465711804',
  'longitude' => '113.264990234375',
  'wxapp_id' => '10001',
  'token' => '',
)
---------------------------------------------------------------
[ 2022-05-31T14:37:02+08:00 ] 183.46.57.17 GET puzhenshop.feibu.info/index.php?s=/api/distributor/lists&page=1&latitude=22.822413465711804&longitude=113.264990234375&wxapp_id=10001&token=
[ begin ] [ ROUTE ] array (
  'type' => 'module',
  'module' => 
  array (
    0 => 'api',
    1 => 'distributor',
    2 => 'lists',
  ),
)
[ begin ] [ HEADER ] array (
  'accept-encoding' => 'gzip,compress,br,deflate',
  'content-type' => 'application/json',
  'user-agent' => 'Mozilla/5.0 (Linux; Android 12; M2012K11AC Build/SKQ1.211006.001; wv) AppleWebKit/537.36 (KHTML, like Gecko) Version/4.0 Chrome/86.0.4240.99 XWEB/3225 MMWEBSDK/20220402 Mobile Safari/537.36 MMWEBID/7767 MicroMessenger/8.0.22.2140(0x280016E6) WeChat/arm64 Weixin NetType/5G Language/zh_CN ABI/arm64 MiniProgramEnv/android',
  'charset' => 'utf-8',
  'connection' => 'close',
  'host' => 'puzhenshop.feibu.info',
)
[ begin ] [ PARAM ] array (
  'page' => '1',
  'latitude' => '22.822413465711804',
  'longitude' => '113.264990234375',
  'wxapp_id' => '10001',
  'token' => '',
)
---------------------------------------------------------------
[ 2022-05-31T14:37:03+08:00 ] 183.46.57.17 GET puzhenshop.feibu.info/index.php?s=/api/distributor/lists&page=1&latitude=22.822413465711804&longitude=113.264990234375&wxapp_id=10001&token=
[ begin ] [ ROUTE ] array (
  'type' => 'module',
  'module' => 
  array (
    0 => 'api',
    1 => 'distributor',
    2 => 'lists',
  ),
)
[ begin ] [ HEADER ] array (
  'accept-encoding' => 'gzip,compress,br,deflate',
  'content-type' => 'application/json',
  'user-agent' => 'Mozilla/5.0 (Linux; Android 12; M2012K11AC Build/SKQ1.211006.001; wv) AppleWebKit/537.36 (KHTML, like Gecko) Version/4.0 Chrome/86.0.4240.99 XWEB/3225 MMWEBSDK/20220402 Mobile Safari/537.36 MMWEBID/7767 MicroMessenger/8.0.22.2140(0x280016E6) WeChat/arm64 Weixin NetType/5G Language/zh_CN ABI/arm64 MiniProgramEnv/android',
  'charset' => 'utf-8',
  'connection' => 'close',
  'host' => 'puzhenshop.feibu.info',
)
[ begin ] [ PARAM ] array (
  'page' => '1',
  'latitude' => '22.822413465711804',
  'longitude' => '113.264990234375',
  'wxapp_id' => '10001',
  'token' => '',
)
---------------------------------------------------------------
[ 2022-05-31T14:37:05+08:00 ] 183.46.57.17 GET puzhenshop.feibu.info/index.php?s=/api/distributor/lists&page=1&latitude=22.822413465711804&longitude=113.264990234375&wxapp_id=10001&token=
[ begin ] [ ROUTE ] array (
  'type' => 'module',
  'module' => 
  array (
    0 => 'api',
    1 => 'distributor',
    2 => 'lists',
  ),
)
[ begin ] [ HEADER ] array (
  'accept-encoding' => 'gzip,compress,br,deflate',
  'content-type' => 'application/json',
  'user-agent' => 'Mozilla/5.0 (Linux; Android 12; M2012K11AC Build/SKQ1.211006.001; wv) AppleWebKit/537.36 (KHTML, like Gecko) Version/4.0 Chrome/86.0.4240.99 XWEB/3225 MMWEBSDK/20220402 Mobile Safari/537.36 MMWEBID/7767 MicroMessenger/8.0.22.2140(0x280016E6) WeChat/arm64 Weixin NetType/5G Language/zh_CN ABI/arm64 MiniProgramEnv/android',
  'charset' => 'utf-8',
  'connection' => 'close',
  'host' => 'puzhenshop.feibu.info',
)
[ begin ] [ PARAM ] array (
  'page' => '1',
  'latitude' => '22.822413465711804',
  'longitude' => '113.264990234375',
  'wxapp_id' => '10001',
  'token' => '',
)
---------------------------------------------------------------
[ 2022-05-31T14:37:56+08:00 ] 183.46.57.17 GET puzhenshop.feibu.info/index.php?s=/api/distributor/lists&page=1&latitude=22.822413465711804&longitude=113.264990234375&wxapp_id=10001&token=
[ begin ] [ ROUTE ] array (
  'type' => 'module',
  'module' => 
  array (
    0 => 'api',
    1 => 'distributor',
    2 => 'lists',
  ),
)
[ begin ] [ HEADER ] array (
  'accept-encoding' => 'gzip,compress,br,deflate',
  'content-type' => 'application/json',
  'user-agent' => 'Mozilla/5.0 (Linux; Android 12; M2012K11AC Build/SKQ1.211006.001; wv) AppleWebKit/537.36 (KHTML, like Gecko) Version/4.0 Chrome/86.0.4240.99 XWEB/3225 MMWEBSDK/20220402 Mobile Safari/537.36 MMWEBID/7767 MicroMessenger/8.0.22.2140(0x280016E6) WeChat/arm64 Weixin NetType/5G Language/zh_CN ABI/arm64 MiniProgramEnv/android',
  'charset' => 'utf-8',
  'connection' => 'close',
  'host' => 'puzhenshop.feibu.info',
)
[ begin ] [ PARAM ] array (
  'page' => '1',
  'latitude' => '22.822413465711804',
  'longitude' => '113.264990234375',
  'wxapp_id' => '10001',
  'token' => '',
)
---------------------------------------------------------------
[ 2022-05-31T14:42:48+08:00 ] 183.46.57.17 GET puzhenshop.feibu.info/index.php?s=/api/distributor/detail&distributor_id=2&wxapp_id=10001&token=
[ begin ] [ ROUTE ] array (
  'type' => 'module',
  'module' => 
  array (
    0 => 'api',
    1 => 'distributor',
    2 => 'detail',
  ),
)
[ begin ] [ HEADER ] array (
  'accept-encoding' => 'gzip,compress,br,deflate',
  'content-type' => 'application/json',
  'user-agent' => 'Mozilla/5.0 (Linux; Android 12; M2012K11AC Build/SKQ1.211006.001; wv) AppleWebKit/537.36 (KHTML, like Gecko) Version/4.0 Chrome/86.0.4240.99 XWEB/3225 MMWEBSDK/20220402 Mobile Safari/537.36 MMWEBID/7767 MicroMessenger/8.0.22.2140(0x280016E6) WeChat/arm64 Weixin NetType/5G Language/zh_CN ABI/arm64 MiniProgramEnv/android',
  'charset' => 'utf-8',
  'connection' => 'close',
  'host' => 'puzhenshop.feibu.info',
)
[ begin ] [ PARAM ] array (
  'distributor_id' => '2',
  'wxapp_id' => '10001',
  'token' => '',
)
---------------------------------------------------------------
[ 2022-05-31T14:42:48+08:00 ] 183.46.57.17 GET puzhenshop.feibu.info/index.php?s=/api/distributor.goods/lists&page=1&distributor_id=2&wxapp_id=10001&token=
[ begin ] [ ROUTE ] array (
  'type' => 'module',
  'module' => 
  array (
    0 => 'api',
    1 => 'distributor.goods',
    2 => 'lists',
  ),
)
[ begin ] [ HEADER ] array (
  'accept-encoding' => 'gzip,compress,br,deflate',
  'content-type' => 'application/json',
  'user-agent' => 'Mozilla/5.0 (Linux; Android 12; M2012K11AC Build/SKQ1.211006.001; wv) AppleWebKit/537.36 (KHTML, like Gecko) Version/4.0 Chrome/86.0.4240.99 XWEB/3225 MMWEBSDK/20220402 Mobile Safari/537.36 MMWEBID/7767 MicroMessenger/8.0.22.2140(0x280016E6) WeChat/arm64 Weixin NetType/5G Language/zh_CN ABI/arm64 MiniProgramEnv/android',
  'charset' => 'utf-8',
  'connection' => 'close',
  'host' => 'puzhenshop.feibu.info',
)
[ begin ] [ PARAM ] array (
  'page' => '1',
  'distributor_id' => '2',
  'wxapp_id' => '10001',
  'token' => '',
)
---------------------------------------------------------------
[ 2022-05-31T14:47:10+08:00 ] 183.46.57.17 GET puzhenshop.feibu.info/index.php?s=/api/distributor/lists&page=1&latitude=22.822413465711804&longitude=113.264990234375&wxapp_id=10001&token=
[ begin ] [ ROUTE ] array (
  'type' => 'module',
  'module' => 
  array (
    0 => 'api',
    1 => 'distributor',
    2 => 'lists',
  ),
)
[ begin ] [ HEADER ] array (
  'accept-encoding' => 'gzip,compress,br,deflate',
  'content-type' => 'application/json',
  'user-agent' => 'Mozilla/5.0 (Linux; Android 12; M2012K11AC Build/SKQ1.211006.001; wv) AppleWebKit/537.36 (KHTML, like Gecko) Version/4.0 Chrome/86.0.4240.99 XWEB/3225 MMWEBSDK/20220402 Mobile Safari/537.36 MMWEBID/7767 MicroMessenger/8.0.22.2140(0x280016E6) WeChat/arm64 Weixin NetType/5G Language/zh_CN ABI/arm64 MiniProgramEnv/android',
  'charset' => 'utf-8',
  'connection' => 'close',
  'host' => 'puzhenshop.feibu.info',
)
[ begin ] [ PARAM ] array (
  'page' => '1',
  'latitude' => '22.822413465711804',
  'longitude' => '113.264990234375',
  'wxapp_id' => '10001',
  'token' => '',
)
---------------------------------------------------------------
[ 2022-05-31T14:47:54+08:00 ] 183.46.57.17 GET puzhenshop.feibu.info/index.php?s=/api/goods/lists&page=1&sortType=all&sort=&category_id=10004&search=&wxapp_id=10001&token=
[ begin ] [ ROUTE ] array (
  'type' => 'module',
  'module' => 
  array (
    0 => 'api',
    1 => 'goods',
    2 => 'lists',
  ),
)
[ begin ] [ HEADER ] array (
  'accept-encoding' => 'gzip,compress,br,deflate',
  'content-type' => 'application/json',
  'user-agent' => 'Mozilla/5.0 (Linux; Android 12; M2012K11AC Build/SKQ1.211006.001; wv) AppleWebKit/537.36 (KHTML, like Gecko) Version/4.0 Chrome/86.0.4240.99 XWEB/3225 MMWEBSDK/20220402 Mobile Safari/537.36 MMWEBID/7767 MicroMessenger/8.0.22.2140(0x280016E6) WeChat/arm64 Weixin NetType/5G Language/zh_CN ABI/arm64 MiniProgramEnv/android',
  'charset' => 'utf-8',
  'connection' => 'close',
  'host' => 'puzhenshop.feibu.info',
)
[ begin ] [ PARAM ] array (
  'page' => '1',
  'sortType' => 'all',
  'sort' => '',
  'category_id' => '10004',
  'search' => '',
  'wxapp_id' => '10001',
  'token' => '',
)
---------------------------------------------------------------
[ 2022-05-31T14:47:57+08:00 ] 183.46.57.17 GET puzhenshop.feibu.info/index.php?s=/api/goods/detail&goods_id=10009&wxapp_id=10001&token=
[ begin ] [ ROUTE ] array (
  'type' => 'module',
  'module' => 
  array (
    0 => 'api',
    1 => 'goods',
    2 => 'detail',
  ),
)
[ begin ] [ HEADER ] array (
  'accept-encoding' => 'gzip,compress,br,deflate',
  'content-type' => 'application/json',
  'user-agent' => 'Mozilla/5.0 (Linux; Android 12; M2012K11AC Build/SKQ1.211006.001; wv) AppleWebKit/537.36 (KHTML, like Gecko) Version/4.0 Chrome/86.0.4240.99 XWEB/3225 MMWEBSDK/20220402 Mobile Safari/537.36 MMWEBID/7767 MicroMessenger/8.0.22.2140(0x280016E6) WeChat/arm64 Weixin NetType/5G Language/zh_CN ABI/arm64 MiniProgramEnv/android',
  'charset' => 'utf-8',
  'connection' => 'close',
  'host' => 'puzhenshop.feibu.info',
)
[ begin ] [ PARAM ] array (
  'goods_id' => '10009',
  'wxapp_id' => '10001',
  'token' => '',
)
---------------------------------------------------------------
[ 2022-05-31T14:48:00+08:00 ] 183.46.57.17 GET puzhenshop.feibu.info/index.php?s=/api/tea_qrcode/detail&tea_qrcode_id=230&wxapp_id=10001&token=
[ begin ] [ ROUTE ] array (
  'type' => 'module',
  'module' => 
  array (
    0 => 'api',
    1 => 'tea_qrcode',
    2 => 'detail',
  ),
)
[ begin ] [ HEADER ] array (
  'accept-encoding' => 'gzip,compress,br,deflate',
  'content-type' => 'application/json',
  'user-agent' => 'Mozilla/5.0 (Linux; Android 12; M2012K11AC Build/SKQ1.211006.001; wv) AppleWebKit/537.36 (KHTML, like Gecko) Version/4.0 Chrome/86.0.4240.99 XWEB/3225 MMWEBSDK/20220402 Mobile Safari/537.36 MMWEBID/7767 MicroMessenger/8.0.22.2140(0x280016E6) WeChat/arm64 Weixin NetType/5G Language/zh_CN ABI/arm64 MiniProgramEnv/android',
  'charset' => 'utf-8',
  'connection' => 'close',
  'host' => 'puzhenshop.feibu.info',
)
[ begin ] [ PARAM ] array (
  'tea_qrcode_id' => '230',
  'wxapp_id' => '10001',
  'token' => '',
)
---------------------------------------------------------------
[ 2022-05-31T14:48:00+08:00 ] 183.46.57.17 GET puzhenshop.feibu.info/index.php?s=/api/tea_qrcode_comment/lists/tea_qrcode_id/230&wxapp_id=10001&token=
[ begin ] [ ROUTE ] array (
  'type' => 'module',
  'module' => 
  array (
    0 => 'api',
    1 => 'tea_qrcode_comment',
    2 => 'lists',
  ),
)
[ begin ] [ HEADER ] array (
  'accept-encoding' => 'gzip,compress,br,deflate',
  'content-type' => 'application/json',
  'user-agent' => 'Mozilla/5.0 (Linux; Android 12; M2012K11AC Build/SKQ1.211006.001; wv) AppleWebKit/537.36 (KHTML, like Gecko) Version/4.0 Chrome/86.0.4240.99 XWEB/3225 MMWEBSDK/20220402 Mobile Safari/537.36 MMWEBID/7767 MicroMessenger/8.0.22.2140(0x280016E6) WeChat/arm64 Weixin NetType/5G Language/zh_CN ABI/arm64 MiniProgramEnv/android',
  'charset' => 'utf-8',
  'connection' => 'close',
  'host' => 'puzhenshop.feibu.info',
)
[ begin ] [ PARAM ] array (
  'wxapp_id' => '10001',
  'token' => '',
  'tea_qrcode_id' => '230',
)
---------------------------------------------------------------
[ 2022-05-31T14:51:39+08:00 ] 183.46.57.17 GET puzhenshop.feibu.info/index.php?s=/api/tea_qrcode_comment/lists/tea_qrcode_id/230&wxapp_id=10001&token=
[ begin ] [ ROUTE ] array (
  'type' => 'module',
  'module' => 
  array (
    0 => 'api',
    1 => 'tea_qrcode_comment',
    2 => 'lists',
  ),
)
[ begin ] [ HEADER ] array (
  'accept-encoding' => 'gzip,compress,br,deflate',
  'content-type' => 'application/json',
  'user-agent' => 'Mozilla/5.0 (Linux; Android 12; M2012K11AC Build/SKQ1.211006.001; wv) AppleWebKit/537.36 (KHTML, like Gecko) Version/4.0 Chrome/86.0.4240.99 XWEB/3225 MMWEBSDK/20220402 Mobile Safari/537.36 MMWEBID/7767 MicroMessenger/8.0.22.2140(0x280016E6) WeChat/arm64 Weixin NetType/5G Language/zh_CN ABI/arm64 MiniProgramEnv/android',
  'charset' => 'utf-8',
  'connection' => 'close',
  'host' => 'puzhenshop.feibu.info',
)
[ begin ] [ PARAM ] array (
  'wxapp_id' => '10001',
  'token' => '',
  'tea_qrcode_id' => '230',
)
---------------------------------------------------------------
[ 2022-05-31T16:16:59+08:00 ] 183.38.142.128 GET puzhenshop.feibu.info/
[ begin ] [ ROUTE ] array (
  'type' => 'module',
  'module' => 
  array (
    0 => '',
    1 => NULL,
    2 => NULL,
  ),
)
[ begin ] [ HEADER ] array (
  'accept-language' => 'zh-CN,zh;q=0.9,en-US;q=0.8,en;q=0.7',
  'accept-encoding' => 'gzip, deflate',
  'x-requested-with' => 'com.tencent.mm',
  'accept' => 'text/html,application/xhtml+xml,application/xml;q=0.9,image/avif,image/wxpic,image/tpg,image/webp,image/apng,*/*;q=0.8,application/signed-exchange;v=b3;q=0.9',
  'user-agent' => 'Mozilla/5.0 (Linux; Android 11; PCAM00 Build/RKQ1.201217.002; wv) AppleWebKit/537.36 (KHTML, like Gecko) Version/4.0 Chrome/86.0.4240.99 XWEB/3225 MMWEBSDK/20220402 Mobile Safari/537.36 MMWEBID/1497 MicroMessenger/8.0.22.2140(0x280016F2) WeChat/arm64 Weixin NetType/4G Language/zh_CN ABI/arm64',
  'upgrade-insecure-requests' => '1',
  'connection' => 'close',
  'host' => 'puzhenshop.feibu.info',
)
[ begin ] [ PARAM ] array (
)
---------------------------------------------------------------
[ 2022-05-31T16:16:59+08:00 ] 183.38.142.128 GET puzhenshop.feibu.info/index.php?s=/store/passport/login
[ begin ] [ ROUTE ] array (
  'type' => 'module',
  'module' => 
  array (
    0 => 'store',
    1 => 'passport',
    2 => 'login',
  ),
)
[ begin ] [ HEADER ] array (
  'cookie' => 'PHPSESSID=8lu1ds1sroq722viaiat1rt65i',
  'accept-language' => 'zh-CN,zh;q=0.9,en-US;q=0.8,en;q=0.7',
  'accept-encoding' => 'gzip, deflate',
  'x-requested-with' => 'com.tencent.mm',
  'accept' => 'text/html,application/xhtml+xml,application/xml;q=0.9,image/avif,image/wxpic,image/tpg,image/webp,image/apng,*/*;q=0.8,application/signed-exchange;v=b3;q=0.9',
  'user-agent' => 'Mozilla/5.0 (Linux; Android 11; PCAM00 Build/RKQ1.201217.002; wv) AppleWebKit/537.36 (KHTML, like Gecko) Version/4.0 Chrome/86.0.4240.99 XWEB/3225 MMWEBSDK/20220402 Mobile Safari/537.36 MMWEBID/1497 MicroMessenger/8.0.22.2140(0x280016F2) WeChat/arm64 Weixin NetType/4G Language/zh_CN ABI/arm64',
  'upgrade-insecure-requests' => '1',
  'connection' => 'close',
  'host' => 'puzhenshop.feibu.info',
)
[ begin ] [ PARAM ] array (
)
---------------------------------------------------------------
[ 2022-05-31T16:17:10+08:00 ] 183.38.142.128 POST puzhenshop.feibu.info/index.php?s=/store/passport/login
[ begin ] [ ROUTE ] array (
  'type' => 'module',
  'module' => 
  array (
    0 => 'store',
    1 => 'passport',
    2 => 'login',
  ),
)
[ begin ] [ HEADER ] array (
  'cookie' => 'PHPSESSID=8lu1ds1sroq722viaiat1rt65i',
  'accept-language' => 'zh-CN,zh;q=0.9,en-US;q=0.8,en;q=0.7',
  'accept-encoding' => 'gzip, deflate',
  'referer' => 'http://puzhenshop.feibu.info/index.php?s=/store/passport/login',
  'origin' => 'http://puzhenshop.feibu.info',
  'content-type' => 'application/x-www-form-urlencoded; charset=UTF-8',
  'user-agent' => 'Mozilla/5.0 (Linux; Android 11; PCAM00 Build/RKQ1.201217.002; wv) AppleWebKit/537.36 (KHTML, like Gecko) Version/4.0 Chrome/86.0.4240.99 XWEB/3225 MMWEBSDK/20220402 Mobile Safari/537.36 MMWEBID/1497 MicroMessenger/8.0.22.2140(0x280016F2) WeChat/arm64 Weixin NetType/4G Language/zh_CN ABI/arm64',
  'x-requested-with' => 'XMLHttpRequest',
  'accept' => 'application/json, text/javascript, */*; q=0.01',
  'content-length' => '51',
  'connection' => 'close',
  'host' => 'puzhenshop.feibu.info',
)
[ begin ] [ PARAM ] array (
  'User' => 
  array (
    'user_name' => 'admin',
    'password' => '123456',
  ),
)
---------------------------------------------------------------
[ 2022-05-31T16:17:11+08:00 ] 183.38.142.128 POST puzhenshop.feibu.info/index.php?s=/store/passport/login
[ begin ] [ ROUTE ] array (
  'type' => 'module',
  'module' => 
  array (
    0 => 'store',
    1 => 'passport',
    2 => 'login',
  ),
)
[ begin ] [ HEADER ] array (
  'cookie' => 'PHPSESSID=8lu1ds1sroq722viaiat1rt65i',
  'accept-language' => 'zh-CN,zh;q=0.9,en-US;q=0.8,en;q=0.7',
  'accept-encoding' => 'gzip, deflate',
  'referer' => 'http://puzhenshop.feibu.info/index.php?s=/store/passport/login',
  'origin' => 'http://puzhenshop.feibu.info',
  'content-type' => 'application/x-www-form-urlencoded; charset=UTF-8',
  'user-agent' => 'Mozilla/5.0 (Linux; Android 11; PCAM00 Build/RKQ1.201217.002; wv) AppleWebKit/537.36 (KHTML, like Gecko) Version/4.0 Chrome/86.0.4240.99 XWEB/3225 MMWEBSDK/20220402 Mobile Safari/537.36 MMWEBID/1497 MicroMessenger/8.0.22.2140(0x280016F2) WeChat/arm64 Weixin NetType/4G Language/zh_CN ABI/arm64',
  'x-requested-with' => 'XMLHttpRequest',
  'accept' => 'application/json, text/javascript, */*; q=0.01',
  'content-length' => '51',
  'connection' => 'close',
  'host' => 'puzhenshop.feibu.info',
)
[ begin ] [ PARAM ] array (
  'User' => 
  array (
    'user_name' => 'admin',
    'password' => '123456',
  ),
)
---------------------------------------------------------------
[ 2022-05-31T16:17:12+08:00 ] 183.38.142.128 GET puzhenshop.feibu.info/index.php?s=/store/index/index
[ begin ] [ ROUTE ] array (
  'type' => 'module',
  'module' => 
  array (
    0 => 'store',
    1 => 'index',
    2 => 'index',
  ),
)
[ begin ] [ HEADER ] array (
  'cookie' => 'PHPSESSID=8lu1ds1sroq722viaiat1rt65i',
  'accept-language' => 'zh-CN,zh;q=0.9,en-US;q=0.8,en;q=0.7',
  'accept-encoding' => 'gzip, deflate',
  'referer' => 'http://puzhenshop.feibu.info/index.php?s=/store/passport/login',
  'x-requested-with' => 'com.tencent.mm',
  'accept' => 'text/html,application/xhtml+xml,application/xml;q=0.9,image/avif,image/wxpic,image/tpg,image/webp,image/apng,*/*;q=0.8,application/signed-exchange;v=b3;q=0.9',
  'user-agent' => 'Mozilla/5.0 (Linux; Android 11; PCAM00 Build/RKQ1.201217.002; wv) AppleWebKit/537.36 (KHTML, like Gecko) Version/4.0 Chrome/86.0.4240.99 XWEB/3225 MMWEBSDK/20220402 Mobile Safari/537.36 MMWEBID/1497 MicroMessenger/8.0.22.2140(0x280016F2) WeChat/arm64 Weixin NetType/4G Language/zh_CN ABI/arm64',
  'upgrade-insecure-requests' => '1',
  'connection' => 'close',
  'host' => 'puzhenshop.feibu.info',
)
[ begin ] [ PARAM ] array (
)
---------------------------------------------------------------
[ 2022-05-31T16:17:33+08:00 ] 183.38.142.128 GET puzhenshop.feibu.info/index.php?s=/store/factory/index
[ begin ] [ ROUTE ] array (
  'type' => 'module',
  'module' => 
  array (
    0 => 'store',
    1 => 'factory',
    2 => 'index',
  ),
)
[ begin ] [ HEADER ] array (
  'cookie' => 'PHPSESSID=8lu1ds1sroq722viaiat1rt65i',
  'accept-language' => 'zh-CN,zh;q=0.9,en-US;q=0.8,en;q=0.7',
  'accept-encoding' => 'gzip, deflate',
  'referer' => 'http://puzhenshop.feibu.info/index.php?s=/store/index/index',
  'x-requested-with' => 'com.tencent.mm',
  'accept' => 'text/html,application/xhtml+xml,application/xml;q=0.9,image/avif,image/wxpic,image/tpg,image/webp,image/apng,*/*;q=0.8,application/signed-exchange;v=b3;q=0.9',
  'user-agent' => 'Mozilla/5.0 (Linux; Android 11; PCAM00 Build/RKQ1.201217.002; wv) AppleWebKit/537.36 (KHTML, like Gecko) Version/4.0 Chrome/86.0.4240.99 XWEB/3225 MMWEBSDK/20220402 Mobile Safari/537.36 MMWEBID/1497 MicroMessenger/8.0.22.2140(0x280016F2) WeChat/arm64 Weixin NetType/4G Language/zh_CN ABI/arm64',
  'upgrade-insecure-requests' => '1',
  'connection' => 'close',
  'host' => 'puzhenshop.feibu.info',
)
[ begin ] [ PARAM ] array (
)
---------------------------------------------------------------
[ 2022-05-31T16:17:56+08:00 ] 183.38.142.128 GET puzhenshop.feibu.info/index.php?s=/store/factory/edit/factory_id/9
[ begin ] [ ROUTE ] array (
  'type' => 'module',
  'module' => 
  array (
    0 => 'store',
    1 => 'factory',
    2 => 'edit',
  ),
)
[ begin ] [ HEADER ] array (
  'cookie' => 'PHPSESSID=8lu1ds1sroq722viaiat1rt65i',
  'accept-language' => 'zh-CN,zh;q=0.9,en-US;q=0.8,en;q=0.7',
  'accept-encoding' => 'gzip, deflate',
  'referer' => 'http://puzhenshop.feibu.info/index.php?s=/store/factory/index',
  'x-requested-with' => 'com.tencent.mm',
  'accept' => 'text/html,application/xhtml+xml,application/xml;q=0.9,image/avif,image/wxpic,image/tpg,image/webp,image/apng,*/*;q=0.8,application/signed-exchange;v=b3;q=0.9',
  'user-agent' => 'Mozilla/5.0 (Linux; Android 11; PCAM00 Build/RKQ1.201217.002; wv) AppleWebKit/537.36 (KHTML, like Gecko) Version/4.0 Chrome/86.0.4240.99 XWEB/3225 MMWEBSDK/20220402 Mobile Safari/537.36 MMWEBID/1497 MicroMessenger/8.0.22.2140(0x280016F2) WeChat/arm64 Weixin NetType/4G Language/zh_CN ABI/arm64',
  'upgrade-insecure-requests' => '1',
  'connection' => 'close',
  'host' => 'puzhenshop.feibu.info',
)
[ begin ] [ PARAM ] array (
  'factory_id' => '9',
)
---------------------------------------------------------------
[ 2022-05-31T16:18:04+08:00 ] 183.38.142.128 GET puzhenshop.feibu.info/index.php?s=/store/factory/index
[ begin ] [ ROUTE ] array (
  'type' => 'module',
  'module' => 
  array (
    0 => 'store',
    1 => 'factory',
    2 => 'index',
  ),
)
[ begin ] [ HEADER ] array (
  'cookie' => 'PHPSESSID=8lu1ds1sroq722viaiat1rt65i',
  'accept-language' => 'zh-CN,zh;q=0.9,en-US;q=0.8,en;q=0.7',
  'accept-encoding' => 'gzip, deflate',
  'referer' => 'http://puzhenshop.feibu.info/index.php?s=/store/index/index',
  'x-requested-with' => 'com.tencent.mm',
  'accept' => 'text/html,application/xhtml+xml,application/xml;q=0.9,image/avif,image/wxpic,image/tpg,image/webp,image/apng,*/*;q=0.8,application/signed-exchange;v=b3;q=0.9',
  'user-agent' => 'Mozilla/5.0 (Linux; Android 11; PCAM00 Build/RKQ1.201217.002; wv) AppleWebKit/537.36 (KHTML, like Gecko) Version/4.0 Chrome/86.0.4240.99 XWEB/3225 MMWEBSDK/20220402 Mobile Safari/537.36 MMWEBID/1497 MicroMessenger/8.0.22.2140(0x280016F2) WeChat/arm64 Weixin NetType/4G Language/zh_CN ABI/arm64',
  'upgrade-insecure-requests' => '1',
  'connection' => 'close',
  'host' => 'puzhenshop.feibu.info',
)
[ begin ] [ PARAM ] array (
)
---------------------------------------------------------------
[ 2022-05-31T16:18:18+08:00 ] 183.38.142.128 GET puzhenshop.feibu.info/index.php?s=/factory/index/index
[ begin ] [ ROUTE ] array (
  'type' => 'module',
  'module' => 
  array (
    0 => 'factory',
    1 => 'index',
    2 => 'index',
  ),
)
[ begin ] [ HEADER ] array (
  'cookie' => 'PHPSESSID=8lu1ds1sroq722viaiat1rt65i',
  'accept-language' => 'zh-CN,zh;q=0.9,en-US;q=0.8,en;q=0.7',
  'accept-encoding' => 'gzip, deflate',
  'x-requested-with' => 'com.tencent.mm',
  'accept' => 'text/html,application/xhtml+xml,application/xml;q=0.9,image/avif,image/wxpic,image/tpg,image/webp,image/apng,*/*;q=0.8,application/signed-exchange;v=b3;q=0.9',
  'user-agent' => 'Mozilla/5.0 (Linux; Android 11; PCAM00 Build/RKQ1.201217.002; wv) AppleWebKit/537.36 (KHTML, like Gecko) Version/4.0 Chrome/86.0.4240.99 XWEB/3225 MMWEBSDK/20220402 Mobile Safari/537.36 MMWEBID/1497 MicroMessenger/8.0.22.2140(0x280016F2) WeChat/arm64 Weixin NetType/4G Language/zh_CN ABI/arm64',
  'upgrade-insecure-requests' => '1',
  'connection' => 'close',
  'host' => 'puzhenshop.feibu.info',
)
[ begin ] [ PARAM ] array (
)
---------------------------------------------------------------
[ 2022-05-31T16:18:19+08:00 ] 183.38.142.128 GET puzhenshop.feibu.info/index.php?s=/factory/passport/login
[ begin ] [ ROUTE ] array (
  'type' => 'module',
  'module' => 
  array (
    0 => 'factory',
    1 => 'passport',
    2 => 'login',
  ),
)
[ begin ] [ HEADER ] array (
  'cookie' => 'PHPSESSID=8lu1ds1sroq722viaiat1rt65i',
  'accept-language' => 'zh-CN,zh;q=0.9,en-US;q=0.8,en;q=0.7',
  'accept-encoding' => 'gzip, deflate',
  'x-requested-with' => 'com.tencent.mm',
  'accept' => 'text/html,application/xhtml+xml,application/xml;q=0.9,image/avif,image/wxpic,image/tpg,image/webp,image/apng,*/*;q=0.8,application/signed-exchange;v=b3;q=0.9',
  'user-agent' => 'Mozilla/5.0 (Linux; Android 11; PCAM00 Build/RKQ1.201217.002; wv) AppleWebKit/537.36 (KHTML, like Gecko) Version/4.0 Chrome/86.0.4240.99 XWEB/3225 MMWEBSDK/20220402 Mobile Safari/537.36 MMWEBID/1497 MicroMessenger/8.0.22.2140(0x280016F2) WeChat/arm64 Weixin NetType/4G Language/zh_CN ABI/arm64',
  'upgrade-insecure-requests' => '1',
  'connection' => 'close',
  'host' => 'puzhenshop.feibu.info',
)
[ begin ] [ PARAM ] array (
)
---------------------------------------------------------------
[ 2022-05-31T16:18:28+08:00 ] 183.38.142.128 POST puzhenshop.feibu.info/index.php?s=/factory/passport/login
[ begin ] [ ROUTE ] array (
  'type' => 'module',
  'module' => 
  array (
    0 => 'factory',
    1 => 'passport',
    2 => 'login',
  ),
)
[ begin ] [ HEADER ] array (
  'cookie' => 'PHPSESSID=8lu1ds1sroq722viaiat1rt65i',
  'accept-language' => 'zh-CN,zh;q=0.9,en-US;q=0.8,en;q=0.7',
  'accept-encoding' => 'gzip, deflate',
  'referer' => 'http://puzhenshop.feibu.info/index.php?s=/factory/passport/login',
  'origin' => 'http://puzhenshop.feibu.info',
  'content-type' => 'application/x-www-form-urlencoded; charset=UTF-8',
  'user-agent' => 'Mozilla/5.0 (Linux; Android 11; PCAM00 Build/RKQ1.201217.002; wv) AppleWebKit/537.36 (KHTML, like Gecko) Version/4.0 Chrome/86.0.4240.99 XWEB/3225 MMWEBSDK/20220402 Mobile Safari/537.36 MMWEBID/1497 MicroMessenger/8.0.22.2140(0x280016F2) WeChat/arm64 Weixin NetType/4G Language/zh_CN ABI/arm64',
  'x-requested-with' => 'XMLHttpRequest',
  'accept' => 'application/json, text/javascript, */*; q=0.01',
  'content-length' => '51',
  'connection' => 'close',
  'host' => 'puzhenshop.feibu.info',
)
[ begin ] [ PARAM ] array (
  'User' => 
  array (
    'user_name' => 'admin',
    'password' => '123456',
  ),
)
---------------------------------------------------------------
[ 2022-05-31T16:18:30+08:00 ] 183.38.142.128 GET puzhenshop.feibu.info/index.php?s=/factory/index/index
[ begin ] [ ROUTE ] array (
  'type' => 'module',
  'module' => 
  array (
    0 => 'factory',
    1 => 'index',
    2 => 'index',
  ),
)
[ begin ] [ HEADER ] array (
  'cookie' => 'PHPSESSID=8lu1ds1sroq722viaiat1rt65i',
  'accept-language' => 'zh-CN,zh;q=0.9,en-US;q=0.8,en;q=0.7',
  'accept-encoding' => 'gzip, deflate',
  'referer' => 'http://puzhenshop.feibu.info/index.php?s=/factory/passport/login',
  'x-requested-with' => 'com.tencent.mm',
  'accept' => 'text/html,application/xhtml+xml,application/xml;q=0.9,image/avif,image/wxpic,image/tpg,image/webp,image/apng,*/*;q=0.8,application/signed-exchange;v=b3;q=0.9',
  'user-agent' => 'Mozilla/5.0 (Linux; Android 11; PCAM00 Build/RKQ1.201217.002; wv) AppleWebKit/537.36 (KHTML, like Gecko) Version/4.0 Chrome/86.0.4240.99 XWEB/3225 MMWEBSDK/20220402 Mobile Safari/537.36 MMWEBID/1497 MicroMessenger/8.0.22.2140(0x280016F2) WeChat/arm64 Weixin NetType/4G Language/zh_CN ABI/arm64',
  'upgrade-insecure-requests' => '1',
  'connection' => 'close',
  'host' => 'puzhenshop.feibu.info',
)
[ begin ] [ PARAM ] array (
)
---------------------------------------------------------------
[ 2022-05-31T16:18:34+08:00 ] 183.38.142.128 GET puzhenshop.feibu.info/index.php?s=/factory/index/index
[ begin ] [ ROUTE ] array (
  'type' => 'module',
  'module' => 
  array (
    0 => 'factory',
    1 => 'index',
    2 => 'index',
  ),
)
[ begin ] [ HEADER ] array (
  'cookie' => 'PHPSESSID=8lu1ds1sroq722viaiat1rt65i',
  'accept-language' => 'zh-CN,zh;q=0.9,en-US;q=0.8,en;q=0.7',
  'accept-encoding' => 'gzip, deflate',
  'referer' => 'http://puzhenshop.feibu.info/index.php?s=/factory/index/index',
  'x-requested-with' => 'com.tencent.mm',
  'accept' => 'text/html,application/xhtml+xml,application/xml;q=0.9,image/avif,image/wxpic,image/tpg,image/webp,image/apng,*/*;q=0.8,application/signed-exchange;v=b3;q=0.9',
  'user-agent' => 'Mozilla/5.0 (Linux; Android 11; PCAM00 Build/RKQ1.201217.002; wv) AppleWebKit/537.36 (KHTML, like Gecko) Version/4.0 Chrome/86.0.4240.99 XWEB/3225 MMWEBSDK/20220402 Mobile Safari/537.36 MMWEBID/1497 MicroMessenger/8.0.22.2140(0x280016F2) WeChat/arm64 Weixin NetType/4G Language/zh_CN ABI/arm64',
  'upgrade-insecure-requests' => '1',
  'cache-control' => 'max-age=0',
  'connection' => 'close',
  'host' => 'puzhenshop.feibu.info',
)
[ begin ] [ PARAM ] array (
)
---------------------------------------------------------------
[ 2022-05-31T16:18:37+08:00 ] 183.38.142.128 GET puzhenshop.feibu.info/index.php?s=/factory/factory.user/index
[ begin ] [ ROUTE ] array (
  'type' => 'module',
  'module' => 
  array (
    0 => 'factory',
    1 => 'factory.user',
    2 => 'index',
  ),
)
[ begin ] [ HEADER ] array (
  'cookie' => 'PHPSESSID=8lu1ds1sroq722viaiat1rt65i',
  'accept-language' => 'zh-CN,zh;q=0.9,en-US;q=0.8,en;q=0.7',
  'accept-encoding' => 'gzip, deflate',
  'referer' => 'http://puzhenshop.feibu.info/index.php?s=/factory/index/index',
  'x-requested-with' => 'com.tencent.mm',
  'accept' => 'text/html,application/xhtml+xml,application/xml;q=0.9,image/avif,image/wxpic,image/tpg,image/webp,image/apng,*/*;q=0.8,application/signed-exchange;v=b3;q=0.9',
  'user-agent' => 'Mozilla/5.0 (Linux; Android 11; PCAM00 Build/RKQ1.201217.002; wv) AppleWebKit/537.36 (KHTML, like Gecko) Version/4.0 Chrome/86.0.4240.99 XWEB/3225 MMWEBSDK/20220402 Mobile Safari/537.36 MMWEBID/1497 MicroMessenger/8.0.22.2140(0x280016F2) WeChat/arm64 Weixin NetType/4G Language/zh_CN ABI/arm64',
  'upgrade-insecure-requests' => '1',
  'connection' => 'close',
  'host' => 'puzhenshop.feibu.info',
)
[ begin ] [ PARAM ] array (
)
---------------------------------------------------------------
[ 2022-05-31T16:18:39+08:00 ] 183.38.142.128 GET puzhenshop.feibu.info/index.php?s=/factory/factory.user/add
[ begin ] [ ROUTE ] array (
  'type' => 'module',
  'module' => 
  array (
    0 => 'factory',
    1 => 'factory.user',
    2 => 'add',
  ),
)
[ begin ] [ HEADER ] array (
  'cookie' => 'PHPSESSID=8lu1ds1sroq722viaiat1rt65i',
  'accept-language' => 'zh-CN,zh;q=0.9,en-US;q=0.8,en;q=0.7',
  'accept-encoding' => 'gzip, deflate',
  'referer' => 'http://puzhenshop.feibu.info/index.php?s=/factory/factory.user/index',
  'x-requested-with' => 'com.tencent.mm',
  'accept' => 'text/html,application/xhtml+xml,application/xml;q=0.9,image/avif,image/wxpic,image/tpg,image/webp,image/apng,*/*;q=0.8,application/signed-exchange;v=b3;q=0.9',
  'user-agent' => 'Mozilla/5.0 (Linux; Android 11; PCAM00 Build/RKQ1.201217.002; wv) AppleWebKit/537.36 (KHTML, like Gecko) Version/4.0 Chrome/86.0.4240.99 XWEB/3225 MMWEBSDK/20220402 Mobile Safari/537.36 MMWEBID/1497 MicroMessenger/8.0.22.2140(0x280016F2) WeChat/arm64 Weixin NetType/4G Language/zh_CN ABI/arm64',
  'upgrade-insecure-requests' => '1',
  'connection' => 'close',
  'host' => 'puzhenshop.feibu.info',
)
[ begin ] [ PARAM ] array (
)
---------------------------------------------------------------
[ 2022-05-31T16:18:44+08:00 ] 183.38.142.128 GET puzhenshop.feibu.info/index.php?s=/factory/index/index
[ begin ] [ ROUTE ] array (
  'type' => 'module',
  'module' => 
  array (
    0 => 'factory',
    1 => 'index',
    2 => 'index',
  ),
)
[ begin ] [ HEADER ] array (
  'cookie' => 'PHPSESSID=8lu1ds1sroq722viaiat1rt65i',
  'accept-language' => 'zh-CN,zh;q=0.9,en-US;q=0.8,en;q=0.7',
  'accept-encoding' => 'gzip, deflate',
  'referer' => 'http://puzhenshop.feibu.info/index.php?s=/factory/factory.user/add',
  'x-requested-with' => 'com.tencent.mm',
  'accept' => 'text/html,application/xhtml+xml,application/xml;q=0.9,image/avif,image/wxpic,image/tpg,image/webp,image/apng,*/*;q=0.8,application/signed-exchange;v=b3;q=0.9',
  'user-agent' => 'Mozilla/5.0 (Linux; Android 11; PCAM00 Build/RKQ1.201217.002; wv) AppleWebKit/537.36 (KHTML, like Gecko) Version/4.0 Chrome/86.0.4240.99 XWEB/3225 MMWEBSDK/20220402 Mobile Safari/537.36 MMWEBID/1497 MicroMessenger/8.0.22.2140(0x280016F2) WeChat/arm64 Weixin NetType/4G Language/zh_CN ABI/arm64',
  'upgrade-insecure-requests' => '1',
  'connection' => 'close',
  'host' => 'puzhenshop.feibu.info',
)
[ begin ] [ PARAM ] array (
)
---------------------------------------------------------------
[ 2022-05-31T16:18:49+08:00 ] 183.38.142.128 GET puzhenshop.feibu.info/index.php?s=/factory/tea_qrcode.factory_tea_qrcode/index
[ begin ] [ ROUTE ] array (
  'type' => 'module',
  'module' => 
  array (
    0 => 'factory',
    1 => 'tea_qrcode.factory_tea_qrcode',
    2 => 'index',
  ),
)
[ begin ] [ HEADER ] array (
  'cookie' => 'PHPSESSID=8lu1ds1sroq722viaiat1rt65i',
  'accept-language' => 'zh-CN,zh;q=0.9,en-US;q=0.8,en;q=0.7',
  'accept-encoding' => 'gzip, deflate',
  'referer' => 'http://puzhenshop.feibu.info/index.php?s=/factory/index/index',
  'x-requested-with' => 'com.tencent.mm',
  'accept' => 'text/html,application/xhtml+xml,application/xml;q=0.9,image/avif,image/wxpic,image/tpg,image/webp,image/apng,*/*;q=0.8,application/signed-exchange;v=b3;q=0.9',
  'user-agent' => 'Mozilla/5.0 (Linux; Android 11; PCAM00 Build/RKQ1.201217.002; wv) AppleWebKit/537.36 (KHTML, like Gecko) Version/4.0 Chrome/86.0.4240.99 XWEB/3225 MMWEBSDK/20220402 Mobile Safari/537.36 MMWEBID/1497 MicroMessenger/8.0.22.2140(0x280016F2) WeChat/arm64 Weixin NetType/4G Language/zh_CN ABI/arm64',
  'upgrade-insecure-requests' => '1',
  'connection' => 'close',
  'host' => 'puzhenshop.feibu.info',
)
[ begin ] [ PARAM ] array (
)
---------------------------------------------------------------
[ 2022-05-31T16:18:50+08:00 ] 183.38.142.128 GET puzhenshop.feibu.info/index.php?s=/factory/passport/logout
[ begin ] [ ROUTE ] array (
  'type' => 'module',
  'module' => 
  array (
    0 => 'factory',
    1 => 'passport',
    2 => 'logout',
  ),
)
[ begin ] [ HEADER ] array (
  'cookie' => 'PHPSESSID=8lu1ds1sroq722viaiat1rt65i',
  'accept-language' => 'zh-CN,zh;q=0.9,en-US;q=0.8,en;q=0.7',
  'accept-encoding' => 'gzip, deflate',
  'referer' => 'http://puzhenshop.feibu.info/index.php?s=/factory/tea_qrcode.factory_tea_qrcode/index',
  'x-requested-with' => 'com.tencent.mm',
  'accept' => 'text/html,application/xhtml+xml,application/xml;q=0.9,image/avif,image/wxpic,image/tpg,image/webp,image/apng,*/*;q=0.8,application/signed-exchange;v=b3;q=0.9',
  'user-agent' => 'Mozilla/5.0 (Linux; Android 11; PCAM00 Build/RKQ1.201217.002; wv) AppleWebKit/537.36 (KHTML, like Gecko) Version/4.0 Chrome/86.0.4240.99 XWEB/3225 MMWEBSDK/20220402 Mobile Safari/537.36 MMWEBID/1497 MicroMessenger/8.0.22.2140(0x280016F2) WeChat/arm64 Weixin NetType/4G Language/zh_CN ABI/arm64',
  'upgrade-insecure-requests' => '1',
  'connection' => 'close',
  'host' => 'puzhenshop.feibu.info',
)
[ begin ] [ PARAM ] array (
)
---------------------------------------------------------------
[ 2022-05-31T16:18:50+08:00 ] 183.38.142.128 GET puzhenshop.feibu.info/index.php?s=/factory/passport/login
[ begin ] [ ROUTE ] array (
  'type' => 'module',
  'module' => 
  array (
    0 => 'factory',
    1 => 'passport',
    2 => 'login',
  ),
)
[ begin ] [ HEADER ] array (
  'cookie' => 'PHPSESSID=8lu1ds1sroq722viaiat1rt65i',
  'accept-language' => 'zh-CN,zh;q=0.9,en-US;q=0.8,en;q=0.7',
  'accept-encoding' => 'gzip, deflate',
  'referer' => 'http://puzhenshop.feibu.info/index.php?s=/factory/tea_qrcode.factory_tea_qrcode/index',
  'x-requested-with' => 'com.tencent.mm',
  'accept' => 'text/html,application/xhtml+xml,application/xml;q=0.9,image/avif,image/wxpic,image/tpg,image/webp,image/apng,*/*;q=0.8,application/signed-exchange;v=b3;q=0.9',
  'user-agent' => 'Mozilla/5.0 (Linux; Android 11; PCAM00 Build/RKQ1.201217.002; wv) AppleWebKit/537.36 (KHTML, like Gecko) Version/4.0 Chrome/86.0.4240.99 XWEB/3225 MMWEBSDK/20220402 Mobile Safari/537.36 MMWEBID/1497 MicroMessenger/8.0.22.2140(0x280016F2) WeChat/arm64 Weixin NetType/4G Language/zh_CN ABI/arm64',
  'upgrade-insecure-requests' => '1',
  'connection' => 'close',
  'host' => 'puzhenshop.feibu.info',
)
[ begin ] [ PARAM ] array (
)
---------------------------------------------------------------
[ 2022-05-31T16:19:08+08:00 ] 183.38.142.128 GET puzhenshop.feibu.info/
[ begin ] [ ROUTE ] array (
  'type' => 'module',
  'module' => 
  array (
    0 => '',
    1 => NULL,
    2 => NULL,
  ),
)
[ begin ] [ HEADER ] array (
  'cookie' => 'PHPSESSID=8lu1ds1sroq722viaiat1rt65i',
  'accept-language' => 'zh-CN,zh;q=0.9,en-US;q=0.8,en;q=0.7',
  'accept-encoding' => 'gzip, deflate',
  'x-requested-with' => 'com.tencent.mm',
  'accept' => 'text/html,application/xhtml+xml,application/xml;q=0.9,image/avif,image/wxpic,image/tpg,image/webp,image/apng,*/*;q=0.8,application/signed-exchange;v=b3;q=0.9',
  'user-agent' => 'Mozilla/5.0 (Linux; Android 11; PCAM00 Build/RKQ1.201217.002; wv) AppleWebKit/537.36 (KHTML, like Gecko) Version/4.0 Chrome/86.0.4240.99 XWEB/3225 MMWEBSDK/20220402 Mobile Safari/537.36 MMWEBID/1497 MicroMessenger/8.0.22.2140(0x280016F2) WeChat/arm64 Weixin NetType/4G Language/zh_CN ABI/arm64',
  'upgrade-insecure-requests' => '1',
  'connection' => 'close',
  'host' => 'puzhenshop.feibu.info',
)
[ begin ] [ PARAM ] array (
)
---------------------------------------------------------------
[ 2022-05-31T16:19:13+08:00 ] 183.38.142.128 GET puzhenshop.feibu.info/index.php?s=/store/factory/index
[ begin ] [ ROUTE ] array (
  'type' => 'module',
  'module' => 
  array (
    0 => 'store',
    1 => 'factory',
    2 => 'index',
  ),
)
[ begin ] [ HEADER ] array (
  'cookie' => 'PHPSESSID=8lu1ds1sroq722viaiat1rt65i',
  'accept-language' => 'zh-CN,zh;q=0.9,en-US;q=0.8,en;q=0.7',
  'accept-encoding' => 'gzip, deflate',
  'referer' => 'http://puzhenshop.feibu.info/',
  'x-requested-with' => 'com.tencent.mm',
  'accept' => 'text/html,application/xhtml+xml,application/xml;q=0.9,image/avif,image/wxpic,image/tpg,image/webp,image/apng,*/*;q=0.8,application/signed-exchange;v=b3;q=0.9',
  'user-agent' => 'Mozilla/5.0 (Linux; Android 11; PCAM00 Build/RKQ1.201217.002; wv) AppleWebKit/537.36 (KHTML, like Gecko) Version/4.0 Chrome/86.0.4240.99 XWEB/3225 MMWEBSDK/20220402 Mobile Safari/537.36 MMWEBID/1497 MicroMessenger/8.0.22.2140(0x280016F2) WeChat/arm64 Weixin NetType/4G Language/zh_CN ABI/arm64',
  'upgrade-insecure-requests' => '1',
  'connection' => 'close',
  'host' => 'puzhenshop.feibu.info',
)
[ begin ] [ PARAM ] array (
)
---------------------------------------------------------------
[ 2022-05-31T16:19:14+08:00 ] 183.38.142.128 GET puzhenshop.feibu.info/index.php?s=/store/factory/add
[ begin ] [ ROUTE ] array (
  'type' => 'module',
  'module' => 
  array (
    0 => 'store',
    1 => 'factory',
    2 => 'add',
  ),
)
[ begin ] [ HEADER ] array (
  'cookie' => 'PHPSESSID=8lu1ds1sroq722viaiat1rt65i',
  'accept-language' => 'zh-CN,zh;q=0.9,en-US;q=0.8,en;q=0.7',
  'accept-encoding' => 'gzip, deflate',
  'referer' => 'http://puzhenshop.feibu.info/index.php?s=/store/factory/index',
  'x-requested-with' => 'com.tencent.mm',
  'accept' => 'text/html,application/xhtml+xml,application/xml;q=0.9,image/avif,image/wxpic,image/tpg,image/webp,image/apng,*/*;q=0.8,application/signed-exchange;v=b3;q=0.9',
  'user-agent' => 'Mozilla/5.0 (Linux; Android 11; PCAM00 Build/RKQ1.201217.002; wv) AppleWebKit/537.36 (KHTML, like Gecko) Version/4.0 Chrome/86.0.4240.99 XWEB/3225 MMWEBSDK/20220402 Mobile Safari/537.36 MMWEBID/1497 MicroMessenger/8.0.22.2140(0x280016F2) WeChat/arm64 Weixin NetType/4G Language/zh_CN ABI/arm64',
  'upgrade-insecure-requests' => '1',
  'connection' => 'close',
  'host' => 'puzhenshop.feibu.info',
)
[ begin ] [ PARAM ] array (
)
---------------------------------------------------------------
[ 2022-05-31T16:19:21+08:00 ] 183.38.142.128 GET puzhenshop.feibu.info/index.php?s=/factory/index/index
[ begin ] [ ROUTE ] array (
  'type' => 'module',
  'module' => 
  array (
    0 => 'factory',
    1 => 'index',
    2 => 'index',
  ),
)
[ begin ] [ HEADER ] array (
  'cookie' => 'PHPSESSID=8lu1ds1sroq722viaiat1rt65i',
  'accept-language' => 'zh-CN,zh;q=0.9,en-US;q=0.8,en;q=0.7',
  'accept-encoding' => 'gzip, deflate',
  'x-requested-with' => 'com.tencent.mm',
  'accept' => 'text/html,application/xhtml+xml,application/xml;q=0.9,image/avif,image/wxpic,image/tpg,image/webp,image/apng,*/*;q=0.8,application/signed-exchange;v=b3;q=0.9',
  'user-agent' => 'Mozilla/5.0 (Linux; Android 11; PCAM00 Build/RKQ1.201217.002; wv) AppleWebKit/537.36 (KHTML, like Gecko) Version/4.0 Chrome/86.0.4240.99 XWEB/3225 MMWEBSDK/20220402 Mobile Safari/537.36 MMWEBID/1497 MicroMessenger/8.0.22.2140(0x280016F2) WeChat/arm64 Weixin NetType/4G Language/zh_CN ABI/arm64',
  'upgrade-insecure-requests' => '1',
  'connection' => 'close',
  'host' => 'puzhenshop.feibu.info',
)
[ begin ] [ PARAM ] array (
)
---------------------------------------------------------------
[ 2022-05-31T16:19:21+08:00 ] 183.38.142.128 GET puzhenshop.feibu.info/index.php?s=/factory/passport/login
[ begin ] [ ROUTE ] array (
  'type' => 'module',
  'module' => 
  array (
    0 => 'factory',
    1 => 'passport',
    2 => 'login',
  ),
)
[ begin ] [ HEADER ] array (
  'cookie' => 'PHPSESSID=8lu1ds1sroq722viaiat1rt65i',
  'accept-language' => 'zh-CN,zh;q=0.9,en-US;q=0.8,en;q=0.7',
  'accept-encoding' => 'gzip, deflate',
  'x-requested-with' => 'com.tencent.mm',
  'accept' => 'text/html,application/xhtml+xml,application/xml;q=0.9,image/avif,image/wxpic,image/tpg,image/webp,image/apng,*/*;q=0.8,application/signed-exchange;v=b3;q=0.9',
  'user-agent' => 'Mozilla/5.0 (Linux; Android 11; PCAM00 Build/RKQ1.201217.002; wv) AppleWebKit/537.36 (KHTML, like Gecko) Version/4.0 Chrome/86.0.4240.99 XWEB/3225 MMWEBSDK/20220402 Mobile Safari/537.36 MMWEBID/1497 MicroMessenger/8.0.22.2140(0x280016F2) WeChat/arm64 Weixin NetType/4G Language/zh_CN ABI/arm64',
  'upgrade-insecure-requests' => '1',
  'connection' => 'close',
  'host' => 'puzhenshop.feibu.info',
)
[ begin ] [ PARAM ] array (
)
---------------------------------------------------------------
[ 2022-05-31T16:19:34+08:00 ] 183.38.142.128 POST puzhenshop.feibu.info/index.php?s=/factory/passport/login
[ begin ] [ ROUTE ] array (
  'type' => 'module',
  'module' => 
  array (
    0 => 'factory',
    1 => 'passport',
    2 => 'login',
  ),
)
[ begin ] [ HEADER ] array (
  'cookie' => 'PHPSESSID=8lu1ds1sroq722viaiat1rt65i',
  'accept-language' => 'zh-CN,zh;q=0.9,en-US;q=0.8,en;q=0.7',
  'accept-encoding' => 'gzip, deflate',
  'referer' => 'http://puzhenshop.feibu.info/index.php?s=/factory/passport/login',
  'origin' => 'http://puzhenshop.feibu.info',
  'content-type' => 'application/x-www-form-urlencoded; charset=UTF-8',
  'user-agent' => 'Mozilla/5.0 (Linux; Android 11; PCAM00 Build/RKQ1.201217.002; wv) AppleWebKit/537.36 (KHTML, like Gecko) Version/4.0 Chrome/86.0.4240.99 XWEB/3225 MMWEBSDK/20220402 Mobile Safari/537.36 MMWEBID/1497 MicroMessenger/8.0.22.2140(0x280016F2) WeChat/arm64 Weixin NetType/4G Language/zh_CN ABI/arm64',
  'x-requested-with' => 'XMLHttpRequest',
  'accept' => 'application/json, text/javascript, */*; q=0.01',
  'content-length' => '57',
  'connection' => 'close',
  'host' => 'puzhenshop.feibu.info',
)
[ begin ] [ PARAM ] array (
  'User' => 
  array (
    'user_name' => '13360345188',
    'password' => '123456',
  ),
)
---------------------------------------------------------------
[ 2022-05-31T16:19:42+08:00 ] 183.38.142.128 POST puzhenshop.feibu.info/index.php?s=/factory/passport/login
[ begin ] [ ROUTE ] array (
  'type' => 'module',
  'module' => 
  array (
    0 => 'factory',
    1 => 'passport',
    2 => 'login',
  ),
)
[ begin ] [ HEADER ] array (
  'cookie' => 'PHPSESSID=8lu1ds1sroq722viaiat1rt65i',
  'accept-language' => 'zh-CN,zh;q=0.9,en-US;q=0.8,en;q=0.7',
  'accept-encoding' => 'gzip, deflate',
  'referer' => 'http://puzhenshop.feibu.info/index.php?s=/factory/passport/login',
  'origin' => 'http://puzhenshop.feibu.info',
  'content-type' => 'application/x-www-form-urlencoded; charset=UTF-8',
  'user-agent' => 'Mozilla/5.0 (Linux; Android 11; PCAM00 Build/RKQ1.201217.002; wv) AppleWebKit/537.36 (KHTML, like Gecko) Version/4.0 Chrome/86.0.4240.99 XWEB/3225 MMWEBSDK/20220402 Mobile Safari/537.36 MMWEBID/1497 MicroMessenger/8.0.22.2140(0x280016F2) WeChat/arm64 Weixin NetType/4G Language/zh_CN ABI/arm64',
  'x-requested-with' => 'XMLHttpRequest',
  'accept' => 'application/json, text/javascript, */*; q=0.01',
  'content-length' => '59',
  'connection' => 'close',
  'host' => 'puzhenshop.feibu.info',
)
[ begin ] [ PARAM ] array (
  'User' => 
  array (
    'user_name' => '13360345188',
    'password' => '12345678',
  ),
)
---------------------------------------------------------------
[ 2022-05-31T16:19:48+08:00 ] 183.38.142.128 POST puzhenshop.feibu.info/index.php?s=/factory/passport/login
[ begin ] [ ROUTE ] array (
  'type' => 'module',
  'module' => 
  array (
    0 => 'factory',
    1 => 'passport',
    2 => 'login',
  ),
)
[ begin ] [ HEADER ] array (
  'cookie' => 'PHPSESSID=8lu1ds1sroq722viaiat1rt65i',
  'accept-language' => 'zh-CN,zh;q=0.9,en-US;q=0.8,en;q=0.7',
  'accept-encoding' => 'gzip, deflate',
  'referer' => 'http://puzhenshop.feibu.info/index.php?s=/factory/passport/login',
  'origin' => 'http://puzhenshop.feibu.info',
  'content-type' => 'application/x-www-form-urlencoded; charset=UTF-8',
  'user-agent' => 'Mozilla/5.0 (Linux; Android 11; PCAM00 Build/RKQ1.201217.002; wv) AppleWebKit/537.36 (KHTML, like Gecko) Version/4.0 Chrome/86.0.4240.99 XWEB/3225 MMWEBSDK/20220402 Mobile Safari/537.36 MMWEBID/1497 MicroMessenger/8.0.22.2140(0x280016F2) WeChat/arm64 Weixin NetType/4G Language/zh_CN ABI/arm64',
  'x-requested-with' => 'XMLHttpRequest',
  'accept' => 'application/json, text/javascript, */*; q=0.01',
  'content-length' => '58',
  'connection' => 'close',
  'host' => 'puzhenshop.feibu.info',
)
[ begin ] [ PARAM ] array (
  'User' => 
  array (
    'user_name' => '13360345188',
    'password' => '3643551',
  ),
)
---------------------------------------------------------------
[ 2022-05-31T16:19:58+08:00 ] 183.38.142.128 GET puzhenshop.feibu.info/
[ begin ] [ ROUTE ] array (
  'type' => 'module',
  'module' => 
  array (
    0 => '',
    1 => NULL,
    2 => NULL,
  ),
)
[ begin ] [ HEADER ] array (
  'cookie' => 'PHPSESSID=8lu1ds1sroq722viaiat1rt65i',
  'accept-language' => 'zh-CN,zh;q=0.9,en-US;q=0.8,en;q=0.7',
  'accept-encoding' => 'gzip, deflate',
  'x-requested-with' => 'com.tencent.mm',
  'accept' => 'text/html,application/xhtml+xml,application/xml;q=0.9,image/avif,image/wxpic,image/tpg,image/webp,image/apng,*/*;q=0.8,application/signed-exchange;v=b3;q=0.9',
  'user-agent' => 'Mozilla/5.0 (Linux; Android 11; PCAM00 Build/RKQ1.201217.002; wv) AppleWebKit/537.36 (KHTML, like Gecko) Version/4.0 Chrome/86.0.4240.99 XWEB/3225 MMWEBSDK/20220402 Mobile Safari/537.36 MMWEBID/1497 MicroMessenger/8.0.22.2140(0x280016F2) WeChat/arm64 Weixin NetType/4G Language/zh_CN ABI/arm64',
  'upgrade-insecure-requests' => '1',
  'connection' => 'close',
  'host' => 'puzhenshop.feibu.info',
)
[ begin ] [ PARAM ] array (
)
---------------------------------------------------------------
[ 2022-05-31T16:20:03+08:00 ] 183.38.142.128 GET puzhenshop.feibu.info/index.php?s=/store/user/index
[ begin ] [ ROUTE ] array (
  'type' => 'module',
  'module' => 
  array (
    0 => 'store',
    1 => 'user',
    2 => 'index',
  ),
)
[ begin ] [ HEADER ] array (
  'cookie' => 'PHPSESSID=8lu1ds1sroq722viaiat1rt65i',
  'accept-language' => 'zh-CN,zh;q=0.9,en-US;q=0.8,en;q=0.7',
  'accept-encoding' => 'gzip, deflate',
  'referer' => 'http://puzhenshop.feibu.info/',
  'x-requested-with' => 'com.tencent.mm',
  'accept' => 'text/html,application/xhtml+xml,application/xml;q=0.9,image/avif,image/wxpic,image/tpg,image/webp,image/apng,*/*;q=0.8,application/signed-exchange;v=b3;q=0.9',
  'user-agent' => 'Mozilla/5.0 (Linux; Android 11; PCAM00 Build/RKQ1.201217.002; wv) AppleWebKit/537.36 (KHTML, like Gecko) Version/4.0 Chrome/86.0.4240.99 XWEB/3225 MMWEBSDK/20220402 Mobile Safari/537.36 MMWEBID/1497 MicroMessenger/8.0.22.2140(0x280016F2) WeChat/arm64 Weixin NetType/4G Language/zh_CN ABI/arm64',
  'upgrade-insecure-requests' => '1',
  'connection' => 'close',
  'host' => 'puzhenshop.feibu.info',
)
[ begin ] [ PARAM ] array (
)
---------------------------------------------------------------
[ 2022-05-31T16:20:06+08:00 ] 183.38.142.128 GET puzhenshop.feibu.info/index.php?s=/store/factory/index
[ begin ] [ ROUTE ] array (
  'type' => 'module',
  'module' => 
  array (
    0 => 'store',
    1 => 'factory',
    2 => 'index',
  ),
)
[ begin ] [ HEADER ] array (
  'cookie' => 'PHPSESSID=8lu1ds1sroq722viaiat1rt65i',
  'accept-language' => 'zh-CN,zh;q=0.9,en-US;q=0.8,en;q=0.7',
  'accept-encoding' => 'gzip, deflate',
  'referer' => 'http://puzhenshop.feibu.info/index.php?s=/store/user/index',
  'x-requested-with' => 'com.tencent.mm',
  'accept' => 'text/html,application/xhtml+xml,application/xml;q=0.9,image/avif,image/wxpic,image/tpg,image/webp,image/apng,*/*;q=0.8,application/signed-exchange;v=b3;q=0.9',
  'user-agent' => 'Mozilla/5.0 (Linux; Android 11; PCAM00 Build/RKQ1.201217.002; wv) AppleWebKit/537.36 (KHTML, like Gecko) Version/4.0 Chrome/86.0.4240.99 XWEB/3225 MMWEBSDK/20220402 Mobile Safari/537.36 MMWEBID/1497 MicroMessenger/8.0.22.2140(0x280016F2) WeChat/arm64 Weixin NetType/4G Language/zh_CN ABI/arm64',
  'upgrade-insecure-requests' => '1',
  'connection' => 'close',
  'host' => 'puzhenshop.feibu.info',
)
[ begin ] [ PARAM ] array (
)
---------------------------------------------------------------
[ 2022-05-31T16:20:12+08:00 ] 183.38.142.128 GET puzhenshop.feibu.info/index.php?s=/factory/index/index
[ begin ] [ ROUTE ] array (
  'type' => 'module',
  'module' => 
  array (
    0 => 'factory',
    1 => 'index',
    2 => 'index',
  ),
)
[ begin ] [ HEADER ] array (
  'cookie' => 'PHPSESSID=8lu1ds1sroq722viaiat1rt65i',
  'accept-language' => 'zh-CN,zh;q=0.9,en-US;q=0.8,en;q=0.7',
  'accept-encoding' => 'gzip, deflate',
  'x-requested-with' => 'com.tencent.mm',
  'accept' => 'text/html,application/xhtml+xml,application/xml;q=0.9,image/avif,image/wxpic,image/tpg,image/webp,image/apng,*/*;q=0.8,application/signed-exchange;v=b3;q=0.9',
  'user-agent' => 'Mozilla/5.0 (Linux; Android 11; PCAM00 Build/RKQ1.201217.002; wv) AppleWebKit/537.36 (KHTML, like Gecko) Version/4.0 Chrome/86.0.4240.99 XWEB/3225 MMWEBSDK/20220402 Mobile Safari/537.36 MMWEBID/1497 MicroMessenger/8.0.22.2140(0x280016F2) WeChat/arm64 Weixin NetType/4G Language/zh_CN ABI/arm64',
  'upgrade-insecure-requests' => '1',
  'connection' => 'close',
  'host' => 'puzhenshop.feibu.info',
)
[ begin ] [ PARAM ] array (
)
---------------------------------------------------------------
[ 2022-05-31T16:20:12+08:00 ] 183.38.142.128 GET puzhenshop.feibu.info/index.php?s=/factory/passport/login
[ begin ] [ ROUTE ] array (
  'type' => 'module',
  'module' => 
  array (
    0 => 'factory',
    1 => 'passport',
    2 => 'login',
  ),
)
[ begin ] [ HEADER ] array (
  'cookie' => 'PHPSESSID=8lu1ds1sroq722viaiat1rt65i',
  'accept-language' => 'zh-CN,zh;q=0.9,en-US;q=0.8,en;q=0.7',
  'accept-encoding' => 'gzip, deflate',
  'x-requested-with' => 'com.tencent.mm',
  'accept' => 'text/html,application/xhtml+xml,application/xml;q=0.9,image/avif,image/wxpic,image/tpg,image/webp,image/apng,*/*;q=0.8,application/signed-exchange;v=b3;q=0.9',
  'user-agent' => 'Mozilla/5.0 (Linux; Android 11; PCAM00 Build/RKQ1.201217.002; wv) AppleWebKit/537.36 (KHTML, like Gecko) Version/4.0 Chrome/86.0.4240.99 XWEB/3225 MMWEBSDK/20220402 Mobile Safari/537.36 MMWEBID/1497 MicroMessenger/8.0.22.2140(0x280016F2) WeChat/arm64 Weixin NetType/4G Language/zh_CN ABI/arm64',
  'upgrade-insecure-requests' => '1',
  'connection' => 'close',
  'host' => 'puzhenshop.feibu.info',
)
[ begin ] [ PARAM ] array (
)
---------------------------------------------------------------
[ 2022-05-31T16:20:24+08:00 ] 183.38.142.128 POST puzhenshop.feibu.info/index.php?s=/factory/passport/login
[ begin ] [ ROUTE ] array (
  'type' => 'module',
  'module' => 
  array (
    0 => 'factory',
    1 => 'passport',
    2 => 'login',
  ),
)
[ begin ] [ HEADER ] array (
  'cookie' => 'PHPSESSID=8lu1ds1sroq722viaiat1rt65i',
  'accept-language' => 'zh-CN,zh;q=0.9,en-US;q=0.8,en;q=0.7',
  'accept-encoding' => 'gzip, deflate',
  'referer' => 'http://puzhenshop.feibu.info/index.php?s=/factory/passport/login',
  'origin' => 'http://puzhenshop.feibu.info',
  'content-type' => 'application/x-www-form-urlencoded; charset=UTF-8',
  'user-agent' => 'Mozilla/5.0 (Linux; Android 11; PCAM00 Build/RKQ1.201217.002; wv) AppleWebKit/537.36 (KHTML, like Gecko) Version/4.0 Chrome/86.0.4240.99 XWEB/3225 MMWEBSDK/20220402 Mobile Safari/537.36 MMWEBID/1497 MicroMessenger/8.0.22.2140(0x280016F2) WeChat/arm64 Weixin NetType/4G Language/zh_CN ABI/arm64',
  'x-requested-with' => 'XMLHttpRequest',
  'accept' => 'application/json, text/javascript, */*; q=0.01',
  'content-length' => '82',
  'connection' => 'close',
  'host' => 'puzhenshop.feibu.info',
)
[ begin ] [ PARAM ] array (
  'User' => 
  array (
    'user_name' => '',
    'password' => '123456',
  ),
)
---------------------------------------------------------------
[ 2022-05-31T17:56:21+08:00 ] 61.151.178.197 GET puzhenshop.feibu.info/index.php?s=/factory/passport/login
[ begin ] [ ROUTE ] array (
  'type' => 'module',
  'module' => 
  array (
    0 => 'factory',
    1 => 'passport',
    2 => 'login',
  ),
)
[ begin ] [ HEADER ] array (
  'connection' => 'close',
  'host' => 'puzhenshop.feibu.info',
  'accept-language' => 'zh-CN,zh;q=0.8,en-US;q=0.6,en;q=0.4',
  'accept' => '*/*',
  'user-agent' => 'Mozilla/5.0 (Linux; Android 4.4.4; HUAWEI ALE-CL00 Build/HuaweiALE-CL00; wv) AppleWebKit/537.36 (KHTML, like Gecko) Version/4.0 Chrome/53.0.2785.49 Mobile MQQBrowser/6.2 TBS/043024 Safari/537.36 MicroMessenger/6.5.4.1000 NetType/4G Language/zh_CN',
)
[ begin ] [ PARAM ] array (
)
