---------------------------------------------------------------
[ 2022-04-06T11:00:16+08:00 ] 116.22.142.57 GET puzhenshop.feibu.info/index.php?s=/admin/store/index
[运行时间：0.180092s] [吞吐率：5.55req/s] [内存消耗：1,724.37kb] [文件加载：59]
[ info ] [ LANG ] E:\UPUPW_ANK_W64\WebRoot\Vhosts\puzhen\2.0.0\source\thinkphp\lang\zh-cn.php
[ info ] [ ROUTE ] array (
  'type' => 'module',
  'module' => 
  array (
    0 => 'admin',
    1 => 'store',
    2 => 'index',
  ),
)
[ info ] [ HEADER ] array (
  'cookie' => '__gads=ID=00d075fa159d8ac8:T=1597915774:S=ALNI_MZogTGW2LAF0H_NTkBymWmUYtnOxQ; __root_domain_v=.feibu.info; _qddaz=QD.932230466496504; Hm_lvt_8231d52c4580fdb4fc6a6098e03a174f=1646725837; Hm_lpvt_8231d52c4580fdb4fc6a6098e03a174f=1646726312; PHPSESSID=cmubvvptf0coclkkcre98a0a9b; thinkphp_show_page_trace=0|0',
  'accept-language' => 'en,zh-CN;q=0.9,zh;q=0.8',
  'accept-encoding' => 'gzip, deflate',
  'accept' => 'text/html,application/xhtml+xml,application/xml;q=0.9,image/avif,image/webp,image/apng,*/*;q=0.8,application/signed-exchange;v=b3;q=0.9',
  'user-agent' => 'Mozilla/5.0 (Macintosh; Intel Mac OS X 10_14_6) AppleWebKit/537.36 (KHTML, like Gecko) Chrome/99.0.4844.84 Safari/537.36',
  'upgrade-insecure-requests' => '1',
  'dnt' => '1',
  'connection' => 'close',
  'host' => 'puzhenshop.feibu.info',
)
[ info ] [ PARAM ] array (
)
[ info ] [ BEHAVIOR ] Run app\common\behavior\App @app_begin [ RunTime:0.002364s ]
[ info ] [ SESSION ] INIT array (
  'id' => '',
  'var_session_id' => '',
  'prefix' => '',
  'type' => '',
  'auto_start' => true,
)
[ info ] [ LOG ] INIT File
---------------------------------------------------------------
[ 2022-04-06T11:00:16+08:00 ] 116.22.142.57 GET puzhenshop.feibu.info/index.php?s=/admin/passport/login
[运行时间：0.051740s] [吞吐率：19.33req/s] [内存消耗：1,909.55kb] [文件加载：63]
[ info ] [ LANG ] E:\UPUPW_ANK_W64\WebRoot\Vhosts\puzhen\2.0.0\source\thinkphp\lang\zh-cn.php
[ info ] [ ROUTE ] array (
  'type' => 'module',
  'module' => 
  array (
    0 => 'admin',
    1 => 'passport',
    2 => 'login',
  ),
)
[ info ] [ HEADER ] array (
  'cookie' => '__gads=ID=00d075fa159d8ac8:T=1597915774:S=ALNI_MZogTGW2LAF0H_NTkBymWmUYtnOxQ; __root_domain_v=.feibu.info; _qddaz=QD.932230466496504; Hm_lvt_8231d52c4580fdb4fc6a6098e03a174f=1646725837; Hm_lpvt_8231d52c4580fdb4fc6a6098e03a174f=1646726312; PHPSESSID=cmubvvptf0coclkkcre98a0a9b; thinkphp_show_page_trace=0|0',
  'accept-language' => 'en,zh-CN;q=0.9,zh;q=0.8',
  'accept-encoding' => 'gzip, deflate',
  'accept' => 'text/html,application/xhtml+xml,application/xml;q=0.9,image/avif,image/webp,image/apng,*/*;q=0.8,application/signed-exchange;v=b3;q=0.9',
  'user-agent' => 'Mozilla/5.0 (Macintosh; Intel Mac OS X 10_14_6) AppleWebKit/537.36 (KHTML, like Gecko) Chrome/99.0.4844.84 Safari/537.36',
  'upgrade-insecure-requests' => '1',
  'dnt' => '1',
  'connection' => 'close',
  'host' => 'puzhenshop.feibu.info',
)
[ info ] [ PARAM ] array (
)
[ info ] [ BEHAVIOR ] Run app\common\behavior\App @app_begin [ RunTime:0.000253s ]
[ info ] [ SESSION ] INIT array (
  'id' => '',
  'var_session_id' => '',
  'prefix' => '',
  'type' => '',
  'auto_start' => true,
)
[ info ] [ RUN ] app\admin\controller\Passport->login[ E:\UPUPW_ANK_W64\WebRoot\Vhosts\puzhen\2.0.0\source\application\admin\controller\Passport.php ]
[ info ] [ VIEW ] E:\UPUPW_ANK_W64\WebRoot\Vhosts\puzhen\2.0.0\web/../source/application/admin\view\passport\login.php [ array (
) ]
[ info ] [ LOG ] INIT File
