---------------------------------------------------------------
[ 2022-04-11T10:07:10+08:00 ] 218.19.205.222 GET puzhenshop.feibu.info/index.php?s=/store/goods/index
[运行时间：0.480601s] [吞吐率：2.08req/s] [内存消耗：3,808.29kb] [文件加载：100]
[ info ] [ LANG ] E:\UPUPW_ANK_W64\WebRoot\Vhosts\puzhen\2.0.0\source\thinkphp\lang\zh-cn.php
[ info ] [ ROUTE ] array (
  'type' => 'module',
  'module' => 
  array (
    0 => 'store',
    1 => 'goods',
    2 => 'index',
  ),
)
[ info ] [ HEADER ] array (
  'cookie' => 'PHPSESSID=psbv7ufk63g5gma3st4r72hks5; thinkphp_show_page_trace=0|0; Hm_lvt_8231d52c4580fdb4fc6a6098e03a174f=1646725906,1648092911; Hm_lpvt_8231d52c4580fdb4fc6a6098e03a174f=1648789821',
  'accept-language' => 'zh-CN,zh;q=0.9',
  'accept-encoding' => 'gzip, deflate',
  'referer' => 'http://puzhenshop.feibu.info/index.php?s=/store/goods/copy/goods_id/10007',
  'accept' => 'text/html,application/xhtml+xml,application/xml;q=0.9,image/avif,image/webp,image/apng,*/*;q=0.8,application/signed-exchange;v=b3;q=0.9',
  'user-agent' => 'Mozilla/5.0 (Macintosh; Intel Mac OS X 10_14_6) AppleWebKit/537.36 (KHTML, like Gecko) Chrome/99.0.4844.83 Safari/537.36',
  'upgrade-insecure-requests' => '1',
  'cache-control' => 'max-age=0',
  'connection' => 'close',
  'host' => 'puzhenshop.feibu.info',
)
[ info ] [ PARAM ] array (
)
[ info ] [ BEHAVIOR ] Run app\common\behavior\App @app_begin [ RunTime:0.001730s ]
[ info ] [ SESSION ] INIT array (
  'id' => '',
  'var_session_id' => '',
  'prefix' => '',
  'type' => '',
  'auto_start' => true,
)
[ info ] [ DB ] INIT mysql
[ info ] [ CACHE ] INIT File
[ info ] [ RUN ] app\store\controller\Goods->index[ E:\UPUPW_ANK_W64\WebRoot\Vhosts\puzhen\2.0.0\source\application\store\controller\Goods.php ]
[ info ] [ VIEW ] E:\UPUPW_ANK_W64\WebRoot\Vhosts\puzhen\2.0.0\web/../source/application/store\view\goods\index.php [ array (
  0 => 'base_url',
  1 => 'store_url',
  2 => 'group',
  3 => 'menus',
  4 => 'store',
  5 => 'setting',
  6 => 'request',
  7 => 'version',
  8 => 'list',
  9 => 'catgory',
) ]
[ info ] [ LOG ] INIT File
---------------------------------------------------------------
[ 2022-04-11T10:07:13+08:00 ] 218.19.205.222 GET puzhenshop.feibu.info/index.php?s=/store/index/index
[运行时间：0.461948s] [吞吐率：2.16req/s] [内存消耗：4,013.38kb] [文件加载：114]
[ info ] [ LANG ] E:\UPUPW_ANK_W64\WebRoot\Vhosts\puzhen\2.0.0\source\thinkphp\lang\zh-cn.php
[ info ] [ ROUTE ] array (
  'type' => 'module',
  'module' => 
  array (
    0 => 'store',
    1 => 'index',
    2 => 'index',
  ),
)
[ info ] [ HEADER ] array (
  'cookie' => 'PHPSESSID=psbv7ufk63g5gma3st4r72hks5; thinkphp_show_page_trace=0|0; Hm_lvt_8231d52c4580fdb4fc6a6098e03a174f=1646725906,1648092911; Hm_lpvt_8231d52c4580fdb4fc6a6098e03a174f=1648789821',
  'accept-language' => 'zh-CN,zh;q=0.9',
  'accept-encoding' => 'gzip, deflate',
  'referer' => 'http://puzhenshop.feibu.info/index.php?s=/store/goods/index',
  'accept' => 'text/html,application/xhtml+xml,application/xml;q=0.9,image/avif,image/webp,image/apng,*/*;q=0.8,application/signed-exchange;v=b3;q=0.9',
  'user-agent' => 'Mozilla/5.0 (Macintosh; Intel Mac OS X 10_14_6) AppleWebKit/537.36 (KHTML, like Gecko) Chrome/99.0.4844.83 Safari/537.36',
  'upgrade-insecure-requests' => '1',
  'connection' => 'close',
  'host' => 'puzhenshop.feibu.info',
)
[ info ] [ PARAM ] array (
)
[ info ] [ BEHAVIOR ] Run app\common\behavior\App @app_begin [ RunTime:0.000319s ]
[ info ] [ SESSION ] INIT array (
  'id' => '',
  'var_session_id' => '',
  'prefix' => '',
  'type' => '',
  'auto_start' => true,
)
[ info ] [ DB ] INIT mysql
[ info ] [ CACHE ] INIT File
[ info ] [ RUN ] app\store\controller\Index->index[ E:\UPUPW_ANK_W64\WebRoot\Vhosts\puzhen\2.0.0\source\application\store\controller\Index.php ]
[ info ] [ BEHAVIOR ] Run app\task\behavior\Order @order [ RunTime:0.000023s ]
[ info ] [ BEHAVIOR ] Run app\task\behavior\Order @order [ RunTime:0.005339s ]
[ info ] [ BEHAVIOR ] Run app\task\behavior\sharp\Order @order [ RunTime:0.042535s ]
[ info ] [ BEHAVIOR ] Run app\task\behavior\Order @order [ RunTime:0.042547s ]
[ info ] [ VIEW ] E:\UPUPW_ANK_W64\WebRoot\Vhosts\puzhen\2.0.0\web/../source/application/store\view\index\index.php [ array (
  0 => 'base_url',
  1 => 'store_url',
  2 => 'group',
  3 => 'menus',
  4 => 'store',
  5 => 'setting',
  6 => 'request',
  7 => 'version',
  8 => 'data',
) ]
[ info ] [ LOG ] INIT File
---------------------------------------------------------------
[ 2022-04-11T10:21:48+08:00 ] 218.19.205.222 GET puzhenshop.feibu.info/index.php?s=/store/goods/index
[运行时间：0.204319s] [吞吐率：4.89req/s] [内存消耗：3,807.99kb] [文件加载：100]
[ info ] [ LANG ] E:\UPUPW_ANK_W64\WebRoot\Vhosts\puzhen\2.0.0\source\thinkphp\lang\zh-cn.php
[ info ] [ ROUTE ] array (
  'type' => 'module',
  'module' => 
  array (
    0 => 'store',
    1 => 'goods',
    2 => 'index',
  ),
)
[ info ] [ HEADER ] array (
  'cookie' => 'PHPSESSID=psbv7ufk63g5gma3st4r72hks5; thinkphp_show_page_trace=0|0; Hm_lvt_8231d52c4580fdb4fc6a6098e03a174f=1646725906,1648092911; Hm_lpvt_8231d52c4580fdb4fc6a6098e03a174f=1648789821',
  'accept-language' => 'zh-CN,zh;q=0.9',
  'accept-encoding' => 'gzip, deflate',
  'referer' => 'http://puzhenshop.feibu.info/index.php?s=/store/index/index',
  'accept' => 'text/html,application/xhtml+xml,application/xml;q=0.9,image/avif,image/webp,image/apng,*/*;q=0.8,application/signed-exchange;v=b3;q=0.9',
  'user-agent' => 'Mozilla/5.0 (Macintosh; Intel Mac OS X 10_14_6) AppleWebKit/537.36 (KHTML, like Gecko) Chrome/99.0.4844.83 Safari/537.36',
  'upgrade-insecure-requests' => '1',
  'connection' => 'close',
  'host' => 'puzhenshop.feibu.info',
)
[ info ] [ PARAM ] array (
)
[ info ] [ BEHAVIOR ] Run app\common\behavior\App @app_begin [ RunTime:0.000490s ]
[ info ] [ SESSION ] INIT array (
  'id' => '',
  'var_session_id' => '',
  'prefix' => '',
  'type' => '',
  'auto_start' => true,
)
[ info ] [ DB ] INIT mysql
[ info ] [ CACHE ] INIT File
[ info ] [ RUN ] app\store\controller\Goods->index[ E:\UPUPW_ANK_W64\WebRoot\Vhosts\puzhen\2.0.0\source\application\store\controller\Goods.php ]
[ info ] [ VIEW ] E:\UPUPW_ANK_W64\WebRoot\Vhosts\puzhen\2.0.0\web/../source/application/store\view\goods\index.php [ array (
  0 => 'base_url',
  1 => 'store_url',
  2 => 'group',
  3 => 'menus',
  4 => 'store',
  5 => 'setting',
  6 => 'request',
  7 => 'version',
  8 => 'list',
  9 => 'catgory',
) ]
[ info ] [ LOG ] INIT File
---------------------------------------------------------------
[ 2022-04-11T10:21:50+08:00 ] 218.19.205.222 GET puzhenshop.feibu.info/index.php?s=/store/order/all_list
[运行时间：0.271791s] [吞吐率：3.68req/s] [内存消耗：4,246.37kb] [文件加载：116]
[ info ] [ LANG ] E:\UPUPW_ANK_W64\WebRoot\Vhosts\puzhen\2.0.0\source\thinkphp\lang\zh-cn.php
[ info ] [ ROUTE ] array (
  'type' => 'module',
  'module' => 
  array (
    0 => 'store',
    1 => 'order',
    2 => 'all_list',
  ),
)
[ info ] [ HEADER ] array (
  'cookie' => 'PHPSESSID=psbv7ufk63g5gma3st4r72hks5; thinkphp_show_page_trace=0|0; Hm_lvt_8231d52c4580fdb4fc6a6098e03a174f=1646725906,1648092911; Hm_lpvt_8231d52c4580fdb4fc6a6098e03a174f=1648789821',
  'accept-language' => 'zh-CN,zh;q=0.9',
  'accept-encoding' => 'gzip, deflate',
  'referer' => 'http://puzhenshop.feibu.info/index.php?s=/store/goods/index',
  'accept' => 'text/html,application/xhtml+xml,application/xml;q=0.9,image/avif,image/webp,image/apng,*/*;q=0.8,application/signed-exchange;v=b3;q=0.9',
  'user-agent' => 'Mozilla/5.0 (Macintosh; Intel Mac OS X 10_14_6) AppleWebKit/537.36 (KHTML, like Gecko) Chrome/99.0.4844.83 Safari/537.36',
  'upgrade-insecure-requests' => '1',
  'connection' => 'close',
  'host' => 'puzhenshop.feibu.info',
)
[ info ] [ PARAM ] array (
)
[ info ] [ BEHAVIOR ] Run app\common\behavior\App @app_begin [ RunTime:0.000236s ]
[ info ] [ SESSION ] INIT array (
  'id' => '',
  'var_session_id' => '',
  'prefix' => '',
  'type' => '',
  'auto_start' => true,
)
[ info ] [ DB ] INIT mysql
[ info ] [ CACHE ] INIT File
[ info ] [ RUN ] app\store\controller\Order->all_list[ E:\UPUPW_ANK_W64\WebRoot\Vhosts\puzhen\2.0.0\source\application\store\controller\Order.php ]
[ info ] [ BEHAVIOR ] Run app\task\behavior\Order @order [ RunTime:0.000429s ]
[ info ] [ BEHAVIOR ] Run app\task\behavior\sharp\Order @order [ RunTime:0.055348s ]
[ info ] [ BEHAVIOR ] Run app\task\behavior\Order @order [ RunTime:0.055360s ]
[ info ] [ VIEW ] E:\UPUPW_ANK_W64\WebRoot\Vhosts\puzhen\2.0.0\web/../source/application/store\view\order\index.php [ array (
  0 => 'base_url',
  1 => 'store_url',
  2 => 'group',
  3 => 'menus',
  4 => 'store',
  5 => 'setting',
  6 => 'request',
  7 => 'version',
  8 => 'title',
  9 => 'dataType',
  10 => 'list',
  11 => 'shopList',
) ]
[ info ] [ LOG ] INIT File
---------------------------------------------------------------
[ 2022-04-11T15:51:10+08:00 ] 218.19.205.222 GET puzhenshop.feibu.info/index.php?s=/store/user/index
[运行时间：0.339067s] [吞吐率：2.95req/s] [内存消耗：3,864.19kb] [文件加载：98]
[ info ] [ LANG ] E:\UPUPW_ANK_W64\WebRoot\Vhosts\puzhen\2.0.0\source\thinkphp\lang\zh-cn.php
[ info ] [ ROUTE ] array (
  'type' => 'module',
  'module' => 
  array (
    0 => 'store',
    1 => 'user',
    2 => 'index',
  ),
)
[ info ] [ HEADER ] array (
  'cookie' => 'PHPSESSID=psbv7ufk63g5gma3st4r72hks5; thinkphp_show_page_trace=0|0; Hm_lvt_8231d52c4580fdb4fc6a6098e03a174f=1646725906,1648092911; Hm_lpvt_8231d52c4580fdb4fc6a6098e03a174f=1648789821',
  'accept-language' => 'zh-CN,zh;q=0.9',
  'accept-encoding' => 'gzip, deflate',
  'referer' => 'http://puzhenshop.feibu.info/index.php?s=/store/order/all_list',
  'accept' => 'text/html,application/xhtml+xml,application/xml;q=0.9,image/avif,image/webp,image/apng,*/*;q=0.8,application/signed-exchange;v=b3;q=0.9',
  'user-agent' => 'Mozilla/5.0 (Macintosh; Intel Mac OS X 10_14_6) AppleWebKit/537.36 (KHTML, like Gecko) Chrome/99.0.4844.83 Safari/537.36',
  'upgrade-insecure-requests' => '1',
  'connection' => 'close',
  'host' => 'puzhenshop.feibu.info',
)
[ info ] [ PARAM ] array (
)
[ info ] [ BEHAVIOR ] Run app\common\behavior\App @app_begin [ RunTime:0.000643s ]
[ info ] [ SESSION ] INIT array (
  'id' => '',
  'var_session_id' => '',
  'prefix' => '',
  'type' => '',
  'auto_start' => true,
)
[ info ] [ DB ] INIT mysql
[ info ] [ CACHE ] INIT File
[ info ] [ RUN ] app\store\controller\User->index[ E:\UPUPW_ANK_W64\WebRoot\Vhosts\puzhen\2.0.0\source\application\store\controller\User.php ]
[ info ] [ BEHAVIOR ] Run app\task\behavior\user\Grade @user_grade [ RunTime:0.028497s ]
[ info ] [ BEHAVIOR ] Run app\task\behavior\user\Grade @user_grade [ RunTime:0.028524s ]
[ info ] [ VIEW ] E:\UPUPW_ANK_W64\WebRoot\Vhosts\puzhen\2.0.0\web/../source/application/store\view\user\index.php [ array (
  0 => 'base_url',
  1 => 'store_url',
  2 => 'group',
  3 => 'menus',
  4 => 'store',
  5 => 'setting',
  6 => 'request',
  7 => 'version',
  8 => 'list',
  9 => 'gradeList',
) ]
[ info ] [ LOG ] INIT File
---------------------------------------------------------------
[ 2022-04-11T15:51:16+08:00 ] 218.19.205.222 GET puzhenshop.feibu.info/index.php?s=/store/index/index
[运行时间：0.461823s] [吞吐率：2.17req/s] [内存消耗：4,013.38kb] [文件加载：114]
[ info ] [ LANG ] E:\UPUPW_ANK_W64\WebRoot\Vhosts\puzhen\2.0.0\source\thinkphp\lang\zh-cn.php
[ info ] [ ROUTE ] array (
  'type' => 'module',
  'module' => 
  array (
    0 => 'store',
    1 => 'index',
    2 => 'index',
  ),
)
[ info ] [ HEADER ] array (
  'cookie' => 'PHPSESSID=psbv7ufk63g5gma3st4r72hks5; thinkphp_show_page_trace=0|0; Hm_lvt_8231d52c4580fdb4fc6a6098e03a174f=1646725906,1648092911; Hm_lpvt_8231d52c4580fdb4fc6a6098e03a174f=1648789821',
  'accept-language' => 'zh-CN,zh;q=0.9',
  'accept-encoding' => 'gzip, deflate',
  'referer' => 'http://puzhenshop.feibu.info/index.php?s=/store/user/index',
  'accept' => 'text/html,application/xhtml+xml,application/xml;q=0.9,image/avif,image/webp,image/apng,*/*;q=0.8,application/signed-exchange;v=b3;q=0.9',
  'user-agent' => 'Mozilla/5.0 (Macintosh; Intel Mac OS X 10_14_6) AppleWebKit/537.36 (KHTML, like Gecko) Chrome/99.0.4844.83 Safari/537.36',
  'upgrade-insecure-requests' => '1',
  'connection' => 'close',
  'host' => 'puzhenshop.feibu.info',
)
[ info ] [ PARAM ] array (
)
[ info ] [ BEHAVIOR ] Run app\common\behavior\App @app_begin [ RunTime:0.000256s ]
[ info ] [ SESSION ] INIT array (
  'id' => '',
  'var_session_id' => '',
  'prefix' => '',
  'type' => '',
  'auto_start' => true,
)
[ info ] [ DB ] INIT mysql
[ info ] [ CACHE ] INIT File
[ info ] [ RUN ] app\store\controller\Index->index[ E:\UPUPW_ANK_W64\WebRoot\Vhosts\puzhen\2.0.0\source\application\store\controller\Index.php ]
[ info ] [ BEHAVIOR ] Run app\task\behavior\Order @order [ RunTime:0.000147s ]
[ info ] [ BEHAVIOR ] Run app\task\behavior\Order @order [ RunTime:0.005546s ]
[ info ] [ BEHAVIOR ] Run app\task\behavior\sharp\Order @order [ RunTime:0.037077s ]
[ info ] [ BEHAVIOR ] Run app\task\behavior\Order @order [ RunTime:0.037087s ]
[ info ] [ VIEW ] E:\UPUPW_ANK_W64\WebRoot\Vhosts\puzhen\2.0.0\web/../source/application/store\view\index\index.php [ array (
  0 => 'base_url',
  1 => 'store_url',
  2 => 'group',
  3 => 'menus',
  4 => 'store',
  5 => 'setting',
  6 => 'request',
  7 => 'version',
  8 => 'data',
) ]
[ info ] [ LOG ] INIT File
---------------------------------------------------------------
[ 2022-04-11T15:51:21+08:00 ] 218.19.205.222 GET puzhenshop.feibu.info/index.php?s=/store/store.user/index
[运行时间：0.110948s] [吞吐率：9.01req/s] [内存消耗：3,533.27kb] [文件加载：88]
[ info ] [ LANG ] E:\UPUPW_ANK_W64\WebRoot\Vhosts\puzhen\2.0.0\source\thinkphp\lang\zh-cn.php
[ info ] [ ROUTE ] array (
  'type' => 'module',
  'module' => 
  array (
    0 => 'store',
    1 => 'store.user',
    2 => 'index',
  ),
)
[ info ] [ HEADER ] array (
  'cookie' => 'PHPSESSID=psbv7ufk63g5gma3st4r72hks5; thinkphp_show_page_trace=0|0; Hm_lvt_8231d52c4580fdb4fc6a6098e03a174f=1646725906,1648092911; Hm_lpvt_8231d52c4580fdb4fc6a6098e03a174f=1648789821',
  'accept-language' => 'zh-CN,zh;q=0.9',
  'accept-encoding' => 'gzip, deflate',
  'referer' => 'http://puzhenshop.feibu.info/index.php?s=/store/index/index',
  'accept' => 'text/html,application/xhtml+xml,application/xml;q=0.9,image/avif,image/webp,image/apng,*/*;q=0.8,application/signed-exchange;v=b3;q=0.9',
  'user-agent' => 'Mozilla/5.0 (Macintosh; Intel Mac OS X 10_14_6) AppleWebKit/537.36 (KHTML, like Gecko) Chrome/99.0.4844.83 Safari/537.36',
  'upgrade-insecure-requests' => '1',
  'connection' => 'close',
  'host' => 'puzhenshop.feibu.info',
)
[ info ] [ PARAM ] array (
)
[ info ] [ BEHAVIOR ] Run app\common\behavior\App @app_begin [ RunTime:0.000283s ]
[ info ] [ SESSION ] INIT array (
  'id' => '',
  'var_session_id' => '',
  'prefix' => '',
  'type' => '',
  'auto_start' => true,
)
[ info ] [ DB ] INIT mysql
[ info ] [ CACHE ] INIT File
[ info ] [ RUN ] app\store\controller\store\User->index[ E:\UPUPW_ANK_W64\WebRoot\Vhosts\puzhen\2.0.0\source\application\store\controller\store\User.php ]
[ info ] [ VIEW ] E:\UPUPW_ANK_W64\WebRoot\Vhosts\puzhen\2.0.0\web/../source/application/store\view\store\user\index.php [ array (
  0 => 'base_url',
  1 => 'store_url',
  2 => 'group',
  3 => 'menus',
  4 => 'store',
  5 => 'setting',
  6 => 'request',
  7 => 'version',
  8 => 'list',
) ]
[ info ] [ LOG ] INIT File
---------------------------------------------------------------
[ 2022-04-11T15:51:21+08:00 ] 218.19.205.222 GET puzhenshop.feibu.info/index.php?s=/store/goods/index
[运行时间：0.258344s] [吞吐率：3.87req/s] [内存消耗：3,807.28kb] [文件加载：100]
[ info ] [ LANG ] E:\UPUPW_ANK_W64\WebRoot\Vhosts\puzhen\2.0.0\source\thinkphp\lang\zh-cn.php
[ info ] [ ROUTE ] array (
  'type' => 'module',
  'module' => 
  array (
    0 => 'store',
    1 => 'goods',
    2 => 'index',
  ),
)
[ info ] [ HEADER ] array (
  'cookie' => 'PHPSESSID=psbv7ufk63g5gma3st4r72hks5; thinkphp_show_page_trace=0|0; Hm_lvt_8231d52c4580fdb4fc6a6098e03a174f=1646725906,1648092911; Hm_lpvt_8231d52c4580fdb4fc6a6098e03a174f=1648789821',
  'accept-language' => 'zh-CN,zh;q=0.9',
  'accept-encoding' => 'gzip, deflate',
  'referer' => 'http://puzhenshop.feibu.info/index.php?s=/store/store.user/index',
  'accept' => 'text/html,application/xhtml+xml,application/xml;q=0.9,image/avif,image/webp,image/apng,*/*;q=0.8,application/signed-exchange;v=b3;q=0.9',
  'user-agent' => 'Mozilla/5.0 (Macintosh; Intel Mac OS X 10_14_6) AppleWebKit/537.36 (KHTML, like Gecko) Chrome/99.0.4844.83 Safari/537.36',
  'upgrade-insecure-requests' => '1',
  'connection' => 'close',
  'host' => 'puzhenshop.feibu.info',
)
[ info ] [ PARAM ] array (
)
[ info ] [ BEHAVIOR ] Run app\common\behavior\App @app_begin [ RunTime:0.000324s ]
[ info ] [ SESSION ] INIT array (
  'id' => '',
  'var_session_id' => '',
  'prefix' => '',
  'type' => '',
  'auto_start' => true,
)
[ info ] [ DB ] INIT mysql
[ info ] [ CACHE ] INIT File
[ info ] [ RUN ] app\store\controller\Goods->index[ E:\UPUPW_ANK_W64\WebRoot\Vhosts\puzhen\2.0.0\source\application\store\controller\Goods.php ]
[ info ] [ VIEW ] E:\UPUPW_ANK_W64\WebRoot\Vhosts\puzhen\2.0.0\web/../source/application/store\view\goods\index.php [ array (
  0 => 'base_url',
  1 => 'store_url',
  2 => 'group',
  3 => 'menus',
  4 => 'store',
  5 => 'setting',
  6 => 'request',
  7 => 'version',
  8 => 'list',
  9 => 'catgory',
) ]
[ info ] [ LOG ] INIT File
---------------------------------------------------------------
[ 2022-04-11T15:51:22+08:00 ] 218.19.205.222 GET puzhenshop.feibu.info/index.php?s=/store/order/all_list
[运行时间：0.236166s] [吞吐率：4.23req/s] [内存消耗：4,064.53kb] [文件加载：114]
[ info ] [ LANG ] E:\UPUPW_ANK_W64\WebRoot\Vhosts\puzhen\2.0.0\source\thinkphp\lang\zh-cn.php
[ info ] [ ROUTE ] array (
  'type' => 'module',
  'module' => 
  array (
    0 => 'store',
    1 => 'order',
    2 => 'all_list',
  ),
)
[ info ] [ HEADER ] array (
  'cookie' => 'PHPSESSID=psbv7ufk63g5gma3st4r72hks5; thinkphp_show_page_trace=0|0; Hm_lvt_8231d52c4580fdb4fc6a6098e03a174f=1646725906,1648092911; Hm_lpvt_8231d52c4580fdb4fc6a6098e03a174f=1648789821',
  'accept-language' => 'zh-CN,zh;q=0.9',
  'accept-encoding' => 'gzip, deflate',
  'referer' => 'http://puzhenshop.feibu.info/index.php?s=/store/goods/index',
  'accept' => 'text/html,application/xhtml+xml,application/xml;q=0.9,image/avif,image/webp,image/apng,*/*;q=0.8,application/signed-exchange;v=b3;q=0.9',
  'user-agent' => 'Mozilla/5.0 (Macintosh; Intel Mac OS X 10_14_6) AppleWebKit/537.36 (KHTML, like Gecko) Chrome/99.0.4844.83 Safari/537.36',
  'upgrade-insecure-requests' => '1',
  'connection' => 'close',
  'host' => 'puzhenshop.feibu.info',
)
[ info ] [ PARAM ] array (
)
[ info ] [ BEHAVIOR ] Run app\common\behavior\App @app_begin [ RunTime:0.000245s ]
[ info ] [ SESSION ] INIT array (
  'id' => '',
  'var_session_id' => '',
  'prefix' => '',
  'type' => '',
  'auto_start' => true,
)
[ info ] [ DB ] INIT mysql
[ info ] [ CACHE ] INIT File
[ info ] [ RUN ] app\store\controller\Order->all_list[ E:\UPUPW_ANK_W64\WebRoot\Vhosts\puzhen\2.0.0\source\application\store\controller\Order.php ]
[ info ] [ BEHAVIOR ] Run app\task\behavior\Order @order [ RunTime:0.000193s ]
[ info ] [ BEHAVIOR ] Run app\task\behavior\sharp\Order @order [ RunTime:0.046786s ]
[ info ] [ BEHAVIOR ] Run app\task\behavior\Order @order [ RunTime:0.046798s ]
[ info ] [ VIEW ] E:\UPUPW_ANK_W64\WebRoot\Vhosts\puzhen\2.0.0\web/../source/application/store\view\order\index.php [ array (
  0 => 'base_url',
  1 => 'store_url',
  2 => 'group',
  3 => 'menus',
  4 => 'store',
  5 => 'setting',
  6 => 'request',
  7 => 'version',
  8 => 'title',
  9 => 'dataType',
  10 => 'list',
  11 => 'shopList',
) ]
[ info ] [ LOG ] INIT File
