---------------------------------------------------------------
[ 2022-04-11T10:07:10+08:00 ] 218.19.205.222 GET puzhenshop.feibu.info/index.php?s=/store/goods/index
[ sql ] [ DB ] CONNECT:[ UseTime:0.014898s ] mysql:host=39.108.144.9;port=3306;dbname=puzhen_shop;charset=utf8
[ sql ] [ SQL ] SHOW COLUMNS FROM `puzhen_store_user` [ RunTime:0.013565s ]
[ sql ] [ SQL ] SELECT * FROM `puzhen_store_user` WHERE  `puzhen_store_user`.`wxapp_id` = 10001  AND `is_delete` = 0  AND `store_user_id` = 10001 LIMIT 1 [ RunTime:0.009433s ]
[ sql ] [ SQL ] SHOW COLUMNS FROM `puzhen_goods_sku` [ RunTime:0.014799s ]
[ sql ] [ SQL ] SHOW COLUMNS FROM `puzhen_category` [ RunTime:0.013098s ]
[ sql ] [ SQL ] SHOW COLUMNS FROM `puzhen_goods` [ RunTime:0.013174s ]
[ sql ] [ SQL ] SELECT COUNT(*) AS tp_count FROM `puzhen_goods` WHERE  ( `puzhen_goods`.`wxapp_id` = 10001 AND `puzhen_goods`.`wxapp_id` = 10001 )  AND `is_delete` = 0 LIMIT 1 [ RunTime:0.009459s ]
[ sql ] [ SQL ] SELECT *,(sales_initial + sales_actual) as goods_sales,( SELECT MIN(goods_price) FROM `puzhen_goods_sku` WHERE  `puzhen_goods_sku`.`wxapp_id` = 10001  AND ( `goods_id` = `puzhen_goods`.`goods_id` ) ) AS goods_min_price,( SELECT MAX(goods_price) FROM `puzhen_goods_sku` WHERE  `puzhen_goods_sku`.`wxapp_id` = 10001  AND ( `goods_id` = `puzhen_goods`.`goods_id` ) ) AS goods_max_price FROM `puzhen_goods` WHERE  ( `puzhen_goods`.`wxapp_id` = 10001 AND `puzhen_goods`.`wxapp_id` = 10001 )  AND `is_delete` = 0 ORDER BY `goods_sort`,`goods_id` DESC LIMIT 0,15 [ RunTime:0.011774s ]
[ sql ] [ SQL ] SELECT * FROM `puzhen_category` WHERE  `puzhen_category`.`wxapp_id` = 10001  AND `category_id` IN (10004) [ RunTime:0.009498s ]
[ sql ] [ SQL ] SHOW COLUMNS FROM `puzhen_goods_image` [ RunTime:0.013147s ]
[ sql ] [ SQL ] SELECT * FROM `puzhen_goods_image` WHERE  `puzhen_goods_image`.`wxapp_id` = 10001  AND `goods_id` IN (10008,10007,10006) ORDER BY `id` ASC [ RunTime:0.009234s ]
[ sql ] [ SQL ] SHOW COLUMNS FROM `puzhen_upload_file` [ RunTime:0.012645s ]
[ sql ] [ SQL ] SELECT * FROM `puzhen_upload_file` WHERE  `puzhen_upload_file`.`wxapp_id` = 10001  AND `file_id` IN (10010) [ RunTime:0.010079s ]
[ sql ] [ SQL ] SELECT * FROM `puzhen_goods_sku` WHERE  `puzhen_goods_sku`.`wxapp_id` = 10001  AND `goods_id` IN (10008,10007,10006) ORDER BY `goods_sku_id` ASC [ RunTime:0.009443s ]
---------------------------------------------------------------
[ 2022-04-11T10:07:13+08:00 ] 218.19.205.222 GET puzhenshop.feibu.info/index.php?s=/store/index/index
[ sql ] [ DB ] CONNECT:[ UseTime:0.011645s ] mysql:host=39.108.144.9;port=3306;dbname=puzhen_shop;charset=utf8
[ sql ] [ SQL ] SHOW COLUMNS FROM `puzhen_store_user` [ RunTime:0.010298s ]
[ sql ] [ SQL ] SELECT * FROM `puzhen_store_user` WHERE  `puzhen_store_user`.`wxapp_id` = 10001  AND `is_delete` = 0  AND `store_user_id` = 10001 LIMIT 1 [ RunTime:0.007778s ]
[ sql ] [ SQL ] SHOW COLUMNS FROM `puzhen_order` [ RunTime:0.011404s ]
[ sql ] [ SQL ] SHOW COLUMNS FROM `puzhen_user` [ RunTime:0.011360s ]
[ sql ] [ SQL ] SELECT * FROM `puzhen_order` WHERE  ( `puzhen_order`.`wxapp_id` = 10001 AND `puzhen_order`.`wxapp_id` = 10001 )  AND `pay_status` = 10  AND `order_status` = 10  AND `create_time` <= 1649383632  AND `is_delete` = 0 [ RunTime:0.007825s ]
[ sql ] [ SQL ] SELECT `order_id` FROM `puzhen_order` WHERE  `puzhen_order`.`wxapp_id` = 10001  AND `pay_status` = 20  AND `delivery_status` = 20  AND `receipt_status` = 10  AND `delivery_time` <= 1648778832 [ RunTime:0.007675s ]
[ sql ] [ SQL ] SELECT * FROM `puzhen_order` WHERE  `puzhen_order`.`wxapp_id` = 10001  AND `order_status` = 30  AND `receipt_time` <= 1649038032  AND `is_settled` = 0  AND `is_delete` = 0 [ RunTime:0.007869s ]
[ sql ] [ SQL ] SHOW COLUMNS FROM `puzhen_sharp_setting` [ RunTime:0.011280s ]
[ sql ] [ SQL ] SELECT * FROM `puzhen_sharp_setting` WHERE  `puzhen_sharp_setting`.`wxapp_id` = 10001 [ RunTime:0.007700s ]
[ sql ] [ SQL ] SELECT * FROM `puzhen_order` WHERE  `puzhen_order`.`wxapp_id` = 10001  AND `order_source` = 30  AND `pay_status` = 10  AND `order_status` = 10  AND `create_time` <= 1649642233  AND `is_delete` = 0 [ RunTime:0.007965s ]
[ sql ] [ SQL ] SHOW COLUMNS FROM `puzhen_goods` [ RunTime:0.010226s ]
[ sql ] [ SQL ] SELECT COUNT(*) AS tp_count FROM `puzhen_goods` WHERE  `puzhen_goods`.`wxapp_id` = 10001  AND `is_delete` = 0 LIMIT 1 [ RunTime:0.007590s ]
[ sql ] [ SQL ] SELECT COUNT(*) AS tp_count FROM `puzhen_user` WHERE  `puzhen_user`.`wxapp_id` = 10001  AND `is_delete` = 0 LIMIT 1 [ RunTime:0.007567s ]
[ sql ] [ SQL ] SELECT COUNT(*) AS tp_count FROM `puzhen_order` WHERE  `puzhen_order`.`wxapp_id` = 10001  AND `pay_status` = 20  AND `order_status` <> 20  AND `is_delete` = 0 LIMIT 1 [ RunTime:0.007771s ]
[ sql ] [ SQL ] SHOW COLUMNS FROM `puzhen_comment` [ RunTime:0.011922s ]
[ sql ] [ SQL ] SELECT COUNT(*) AS tp_count FROM `puzhen_comment` WHERE  `puzhen_comment`.`wxapp_id` = 10001  AND `is_delete` = 0 LIMIT 1 [ RunTime:0.007519s ]
[ sql ] [ SQL ] SELECT SUM(pay_price) AS tp_sum FROM `puzhen_order` WHERE  ( `puzhen_order`.`wxapp_id` = 10001 AND `puzhen_order`.`wxapp_id` = 10001 )  AND ( `pay_time` >= 1649606400 AND `pay_time` < 1649692800 )  AND `pay_status` = 20  AND `order_status` <> 20  AND `is_delete` = 0 LIMIT 1 [ RunTime:0.007521s ]
[ sql ] [ SQL ] SELECT SUM(pay_price) AS tp_sum FROM `puzhen_order` WHERE  ( `puzhen_order`.`wxapp_id` = 10001 AND `puzhen_order`.`wxapp_id` = 10001 )  AND ( `pay_time` >= 1649520000 AND `pay_time` < 1649606400 )  AND `pay_status` = 20  AND `order_status` <> 20  AND `is_delete` = 0 LIMIT 1 [ RunTime:0.007797s ]
[ sql ] [ SQL ] SELECT COUNT(*) AS tp_count FROM `puzhen_order` WHERE  `puzhen_order`.`wxapp_id` = 10001  AND `pay_status` = 20  AND `order_status` <> 20  AND ( `pay_time` >= 1649606400 AND `pay_time` < 1649692800 )  AND `is_delete` = 0 LIMIT 1 [ RunTime:0.007654s ]
[ sql ] [ SQL ] SELECT COUNT(*) AS tp_count FROM `puzhen_order` WHERE  `puzhen_order`.`wxapp_id` = 10001  AND `pay_status` = 20  AND `order_status` <> 20  AND ( `pay_time` >= 1649520000 AND `pay_time` < 1649606400 )  AND `is_delete` = 0 LIMIT 1 [ RunTime:0.007696s ]
[ sql ] [ SQL ] SELECT COUNT(*) AS tp_count FROM `puzhen_user` WHERE  ( `puzhen_user`.`wxapp_id` = 10001 AND `puzhen_user`.`wxapp_id` = 10001 )  AND ( `create_time` >= 1649606400 AND `create_time` < 1649692800 )  AND `is_delete` = 0 LIMIT 1 [ RunTime:0.008089s ]
[ sql ] [ SQL ] SELECT COUNT(*) AS tp_count FROM `puzhen_user` WHERE  ( `puzhen_user`.`wxapp_id` = 10001 AND `puzhen_user`.`wxapp_id` = 10001 )  AND ( `create_time` >= 1649520000 AND `create_time` < 1649606400 )  AND `is_delete` = 0 LIMIT 1 [ RunTime:0.007591s ]
[ sql ] [ SQL ] SELECT DISTINCT  `user_id` FROM `puzhen_order` WHERE  `puzhen_order`.`wxapp_id` = 10001  AND ( `pay_time` >= 1649606400 AND `pay_time` < 1649692800 )  AND `pay_status` = 20  AND `is_delete` = 0 [ RunTime:0.007687s ]
[ sql ] [ SQL ] SELECT DISTINCT  `user_id` FROM `puzhen_order` WHERE  `puzhen_order`.`wxapp_id` = 10001  AND ( `pay_time` >= 1649520000 AND `pay_time` < 1649606400 )  AND `pay_status` = 20  AND `is_delete` = 0 [ RunTime:0.007772s ]
[ sql ] [ SQL ] SELECT COUNT(*) AS tp_count FROM `puzhen_order` WHERE  `puzhen_order`.`wxapp_id` = 10001  AND `pay_status` = 20  AND `order_status` <> 20  AND ( `pay_time` >= 1649088000 AND `pay_time` < 1649174400 )  AND `is_delete` = 0 LIMIT 1 [ RunTime:0.007631s ]
[ sql ] [ SQL ] SELECT COUNT(*) AS tp_count FROM `puzhen_order` WHERE  `puzhen_order`.`wxapp_id` = 10001  AND `pay_status` = 20  AND `order_status` <> 20  AND ( `pay_time` >= 1649174400 AND `pay_time` < 1649260800 )  AND `is_delete` = 0 LIMIT 1 [ RunTime:0.007548s ]
[ sql ] [ SQL ] SELECT COUNT(*) AS tp_count FROM `puzhen_order` WHERE  `puzhen_order`.`wxapp_id` = 10001  AND `pay_status` = 20  AND `order_status` <> 20  AND ( `pay_time` >= 1649260800 AND `pay_time` < 1649347200 )  AND `is_delete` = 0 LIMIT 1 [ RunTime:0.007641s ]
[ sql ] [ SQL ] SELECT COUNT(*) AS tp_count FROM `puzhen_order` WHERE  `puzhen_order`.`wxapp_id` = 10001  AND `pay_status` = 20  AND `order_status` <> 20  AND ( `pay_time` >= 1649347200 AND `pay_time` < 1649433600 )  AND `is_delete` = 0 LIMIT 1 [ RunTime:0.007825s ]
[ sql ] [ SQL ] SELECT COUNT(*) AS tp_count FROM `puzhen_order` WHERE  `puzhen_order`.`wxapp_id` = 10001  AND `pay_status` = 20  AND `order_status` <> 20  AND ( `pay_time` >= 1649433600 AND `pay_time` < 1649520000 )  AND `is_delete` = 0 LIMIT 1 [ RunTime:0.007719s ]
[ sql ] [ SQL ] SELECT COUNT(*) AS tp_count FROM `puzhen_order` WHERE  `puzhen_order`.`wxapp_id` = 10001  AND `pay_status` = 20  AND `order_status` <> 20  AND ( `pay_time` >= 1649520000 AND `pay_time` < 1649606400 )  AND `is_delete` = 0 LIMIT 1 [ RunTime:0.007738s ]
[ sql ] [ SQL ] SELECT COUNT(*) AS tp_count FROM `puzhen_order` WHERE  `puzhen_order`.`wxapp_id` = 10001  AND `pay_status` = 20  AND `order_status` <> 20  AND ( `pay_time` >= 1649606400 AND `pay_time` < 1649692800 )  AND `is_delete` = 0 LIMIT 1 [ RunTime:0.007670s ]
[ sql ] [ SQL ] SELECT SUM(pay_price) AS tp_sum FROM `puzhen_order` WHERE  ( `puzhen_order`.`wxapp_id` = 10001 AND `puzhen_order`.`wxapp_id` = 10001 )  AND ( `pay_time` >= 1649088000 AND `pay_time` < 1649174400 )  AND `pay_status` = 20  AND `order_status` <> 20  AND `is_delete` = 0 LIMIT 1 [ RunTime:0.007645s ]
[ sql ] [ SQL ] SELECT SUM(pay_price) AS tp_sum FROM `puzhen_order` WHERE  ( `puzhen_order`.`wxapp_id` = 10001 AND `puzhen_order`.`wxapp_id` = 10001 )  AND ( `pay_time` >= 1649174400 AND `pay_time` < 1649260800 )  AND `pay_status` = 20  AND `order_status` <> 20  AND `is_delete` = 0 LIMIT 1 [ RunTime:0.007611s ]
[ sql ] [ SQL ] SELECT SUM(pay_price) AS tp_sum FROM `puzhen_order` WHERE  ( `puzhen_order`.`wxapp_id` = 10001 AND `puzhen_order`.`wxapp_id` = 10001 )  AND ( `pay_time` >= 1649260800 AND `pay_time` < 1649347200 )  AND `pay_status` = 20  AND `order_status` <> 20  AND `is_delete` = 0 LIMIT 1 [ RunTime:0.007702s ]
[ sql ] [ SQL ] SELECT SUM(pay_price) AS tp_sum FROM `puzhen_order` WHERE  ( `puzhen_order`.`wxapp_id` = 10001 AND `puzhen_order`.`wxapp_id` = 10001 )  AND ( `pay_time` >= 1649347200 AND `pay_time` < 1649433600 )  AND `pay_status` = 20  AND `order_status` <> 20  AND `is_delete` = 0 LIMIT 1 [ RunTime:0.007769s ]
[ sql ] [ SQL ] SELECT SUM(pay_price) AS tp_sum FROM `puzhen_order` WHERE  ( `puzhen_order`.`wxapp_id` = 10001 AND `puzhen_order`.`wxapp_id` = 10001 )  AND ( `pay_time` >= 1649433600 AND `pay_time` < 1649520000 )  AND `pay_status` = 20  AND `order_status` <> 20  AND `is_delete` = 0 LIMIT 1 [ RunTime:0.007555s ]
[ sql ] [ SQL ] SELECT SUM(pay_price) AS tp_sum FROM `puzhen_order` WHERE  ( `puzhen_order`.`wxapp_id` = 10001 AND `puzhen_order`.`wxapp_id` = 10001 )  AND ( `pay_time` >= 1649520000 AND `pay_time` < 1649606400 )  AND `pay_status` = 20  AND `order_status` <> 20  AND `is_delete` = 0 LIMIT 1 [ RunTime:0.007534s ]
[ sql ] [ SQL ] SELECT SUM(pay_price) AS tp_sum FROM `puzhen_order` WHERE  ( `puzhen_order`.`wxapp_id` = 10001 AND `puzhen_order`.`wxapp_id` = 10001 )  AND ( `pay_time` >= 1649606400 AND `pay_time` < 1649692800 )  AND `pay_status` = 20  AND `order_status` <> 20  AND `is_delete` = 0 LIMIT 1 [ RunTime:0.007542s ]
---------------------------------------------------------------
[ 2022-04-11T10:21:48+08:00 ] 218.19.205.222 GET puzhenshop.feibu.info/index.php?s=/store/goods/index
[ sql ] [ DB ] CONNECT:[ UseTime:0.011815s ] mysql:host=39.108.144.9;port=3306;dbname=puzhen_shop;charset=utf8
[ sql ] [ SQL ] SHOW COLUMNS FROM `puzhen_store_user` [ RunTime:0.009922s ]
[ sql ] [ SQL ] SELECT * FROM `puzhen_store_user` WHERE  `puzhen_store_user`.`wxapp_id` = 10001  AND `is_delete` = 0  AND `store_user_id` = 10001 LIMIT 1 [ RunTime:0.007700s ]
[ sql ] [ SQL ] SHOW COLUMNS FROM `puzhen_goods_sku` [ RunTime:0.009521s ]
[ sql ] [ SQL ] SHOW COLUMNS FROM `puzhen_category` [ RunTime:0.009312s ]
[ sql ] [ SQL ] SHOW COLUMNS FROM `puzhen_goods` [ RunTime:0.009548s ]
[ sql ] [ SQL ] SELECT COUNT(*) AS tp_count FROM `puzhen_goods` WHERE  ( `puzhen_goods`.`wxapp_id` = 10001 AND `puzhen_goods`.`wxapp_id` = 10001 )  AND `is_delete` = 0 LIMIT 1 [ RunTime:0.007467s ]
[ sql ] [ SQL ] SELECT *,(sales_initial + sales_actual) as goods_sales,( SELECT MIN(goods_price) FROM `puzhen_goods_sku` WHERE  `puzhen_goods_sku`.`wxapp_id` = 10001  AND ( `goods_id` = `puzhen_goods`.`goods_id` ) ) AS goods_min_price,( SELECT MAX(goods_price) FROM `puzhen_goods_sku` WHERE  `puzhen_goods_sku`.`wxapp_id` = 10001  AND ( `goods_id` = `puzhen_goods`.`goods_id` ) ) AS goods_max_price FROM `puzhen_goods` WHERE  ( `puzhen_goods`.`wxapp_id` = 10001 AND `puzhen_goods`.`wxapp_id` = 10001 )  AND `is_delete` = 0 ORDER BY `goods_sort`,`goods_id` DESC LIMIT 0,15 [ RunTime:0.009427s ]
[ sql ] [ SQL ] SELECT * FROM `puzhen_category` WHERE  `puzhen_category`.`wxapp_id` = 10001  AND `category_id` IN (10004) [ RunTime:0.007530s ]
[ sql ] [ SQL ] SHOW COLUMNS FROM `puzhen_goods_image` [ RunTime:0.009390s ]
[ sql ] [ SQL ] SELECT * FROM `puzhen_goods_image` WHERE  `puzhen_goods_image`.`wxapp_id` = 10001  AND `goods_id` IN (10008,10007,10006) ORDER BY `id` ASC [ RunTime:0.007567s ]
[ sql ] [ SQL ] SHOW COLUMNS FROM `puzhen_upload_file` [ RunTime:0.009347s ]
[ sql ] [ SQL ] SELECT * FROM `puzhen_upload_file` WHERE  `puzhen_upload_file`.`wxapp_id` = 10001  AND `file_id` IN (10010) [ RunTime:0.007483s ]
[ sql ] [ SQL ] SELECT * FROM `puzhen_goods_sku` WHERE  `puzhen_goods_sku`.`wxapp_id` = 10001  AND `goods_id` IN (10008,10007,10006) ORDER BY `goods_sku_id` ASC [ RunTime:0.007653s ]
---------------------------------------------------------------
[ 2022-04-11T10:21:50+08:00 ] 218.19.205.222 GET puzhenshop.feibu.info/index.php?s=/store/order/all_list
[ sql ] [ DB ] CONNECT:[ UseTime:0.011769s ] mysql:host=39.108.144.9;port=3306;dbname=puzhen_shop;charset=utf8
[ sql ] [ SQL ] SHOW COLUMNS FROM `puzhen_store_user` [ RunTime:0.009815s ]
[ sql ] [ SQL ] SELECT * FROM `puzhen_store_user` WHERE  `puzhen_store_user`.`wxapp_id` = 10001  AND `is_delete` = 0  AND `store_user_id` = 10001 LIMIT 1 [ RunTime:0.007854s ]
[ sql ] [ SQL ] SHOW COLUMNS FROM `puzhen_sharp_setting` [ RunTime:0.009584s ]
[ sql ] [ SQL ] SELECT * FROM `puzhen_sharp_setting` WHERE  `puzhen_sharp_setting`.`wxapp_id` = 10001 [ RunTime:0.007690s ]
[ sql ] [ SQL ] SHOW COLUMNS FROM `puzhen_order` [ RunTime:0.009796s ]
[ sql ] [ SQL ] SHOW COLUMNS FROM `puzhen_user` [ RunTime:0.009643s ]
[ sql ] [ SQL ] SELECT * FROM `puzhen_order` WHERE  `puzhen_order`.`wxapp_id` = 10001  AND `order_source` = 30  AND `pay_status` = 10  AND `order_status` = 10  AND `create_time` <= 1649643110  AND `is_delete` = 0 [ RunTime:0.008030s ]
[ sql ] [ SQL ] SELECT COUNT(*) AS tp_count FROM `puzhen_order` `order` INNER JOIN `puzhen_user` `user` ON `user`.`user_id`=`order`.`user_id` WHERE  `order`.`wxapp_id` = 10001  AND `order`.`is_delete` = 0 LIMIT 1 [ RunTime:0.007786s ]
[ sql ] [ SQL ] SELECT `order`.* FROM `puzhen_order` `order` INNER JOIN `puzhen_user` `user` ON `user`.`user_id`=`order`.`user_id` WHERE  `order`.`wxapp_id` = 10001  AND `order`.`is_delete` = 0 ORDER BY `order`.`create_time` DESC LIMIT 0,10 [ RunTime:0.008125s ]
[ sql ] [ SQL ] SHOW COLUMNS FROM `puzhen_order_goods` [ RunTime:0.011774s ]
[ sql ] [ SQL ] SELECT * FROM `puzhen_order_goods` WHERE  `puzhen_order_goods`.`wxapp_id` = 10001  AND `order_id` IN (10002,10001) [ RunTime:0.007954s ]
[ sql ] [ SQL ] SHOW COLUMNS FROM `puzhen_upload_file` [ RunTime:0.009857s ]
[ sql ] [ SQL ] SELECT * FROM `puzhen_upload_file` WHERE  `puzhen_upload_file`.`wxapp_id` = 10001  AND `file_id` IN (10001) [ RunTime:0.007880s ]
[ sql ] [ SQL ] SHOW COLUMNS FROM `puzhen_order_address` [ RunTime:0.017099s ]
[ sql ] [ SQL ] SELECT * FROM `puzhen_order_address` WHERE  `puzhen_order_address`.`wxapp_id` = 10001  AND `order_id` IN (10002,10001) [ RunTime:0.007938s ]
[ sql ] [ SQL ] SELECT * FROM `puzhen_user` WHERE  `puzhen_user`.`wxapp_id` = 10001  AND `user_id` IN (10001) [ RunTime:0.007819s ]
[ sql ] [ SQL ] SHOW COLUMNS FROM `puzhen_store_shop` [ RunTime:0.011186s ]
[ sql ] [ SQL ] SELECT * FROM `puzhen_store_shop` WHERE  `puzhen_store_shop`.`wxapp_id` = 10001  AND `is_delete` = 0 ORDER BY `sort` ASC,`create_time` DESC [ RunTime:0.007945s ]
---------------------------------------------------------------
[ 2022-04-11T15:51:10+08:00 ] 218.19.205.222 GET puzhenshop.feibu.info/index.php?s=/store/user/index
[ sql ] [ DB ] CONNECT:[ UseTime:0.012218s ] mysql:host=39.108.144.9;port=3306;dbname=puzhen_shop;charset=utf8
[ sql ] [ SQL ] SHOW COLUMNS FROM `puzhen_store_user` [ RunTime:0.010839s ]
[ sql ] [ SQL ] SELECT * FROM `puzhen_store_user` WHERE  `puzhen_store_user`.`wxapp_id` = 10001  AND `is_delete` = 0  AND `store_user_id` = 10001 LIMIT 1 [ RunTime:0.007712s ]
[ sql ] [ SQL ] SHOW COLUMNS FROM `puzhen_user_grade` [ RunTime:0.011031s ]
[ sql ] [ SQL ] SELECT * FROM `puzhen_user_grade` WHERE  `puzhen_user_grade`.`wxapp_id` = 10001  AND `status` = 1  AND `is_delete` = 0  AND `wxapp_id` = 10001 ORDER BY `weight` DESC [ RunTime:0.007926s ]
[ sql ] [ SQL ] SHOW COLUMNS FROM `puzhen_user` [ RunTime:0.010349s ]
[ sql ] [ SQL ] SELECT COUNT(*) AS tp_count FROM `puzhen_user` WHERE  `puzhen_user`.`wxapp_id` = 10001  AND `is_delete` = 0 LIMIT 1 [ RunTime:0.008057s ]
[ sql ] [ SQL ] SELECT * FROM `puzhen_user` WHERE  `puzhen_user`.`wxapp_id` = 10001  AND `is_delete` = 0 ORDER BY `create_time` DESC LIMIT 0,15 [ RunTime:0.007871s ]
[ sql ] [ SQL ] SELECT * FROM `puzhen_user_grade` WHERE  `puzhen_user_grade`.`wxapp_id` = 10001  AND `grade_id` IN (0) [ RunTime:0.007699s ]
[ sql ] [ SQL ] SELECT * FROM `puzhen_user_grade` WHERE  `puzhen_user_grade`.`wxapp_id` = 10001  AND `status` = 1  AND `is_delete` = 0  AND `wxapp_id` = 10001 ORDER BY `weight` ASC [ RunTime:0.007826s ]
---------------------------------------------------------------
[ 2022-04-11T15:51:16+08:00 ] 218.19.205.222 GET puzhenshop.feibu.info/index.php?s=/store/index/index
[ sql ] [ DB ] CONNECT:[ UseTime:0.012432s ] mysql:host=39.108.144.9;port=3306;dbname=puzhen_shop;charset=utf8
[ sql ] [ SQL ] SHOW COLUMNS FROM `puzhen_store_user` [ RunTime:0.010665s ]
[ sql ] [ SQL ] SELECT * FROM `puzhen_store_user` WHERE  `puzhen_store_user`.`wxapp_id` = 10001  AND `is_delete` = 0  AND `store_user_id` = 10001 LIMIT 1 [ RunTime:0.008290s ]
[ sql ] [ SQL ] SHOW COLUMNS FROM `puzhen_order` [ RunTime:0.011100s ]
[ sql ] [ SQL ] SHOW COLUMNS FROM `puzhen_user` [ RunTime:0.010289s ]
[ sql ] [ SQL ] SELECT * FROM `puzhen_order` WHERE  ( `puzhen_order`.`wxapp_id` = 10001 AND `puzhen_order`.`wxapp_id` = 10001 )  AND `pay_status` = 10  AND `order_status` = 10  AND `create_time` <= 1649404275  AND `is_delete` = 0 [ RunTime:0.008404s ]
[ sql ] [ SQL ] SELECT `order_id` FROM `puzhen_order` WHERE  `puzhen_order`.`wxapp_id` = 10001  AND `pay_status` = 20  AND `delivery_status` = 20  AND `receipt_status` = 10  AND `delivery_time` <= 1648799475 [ RunTime:0.008126s ]
[ sql ] [ SQL ] SELECT * FROM `puzhen_order` WHERE  `puzhen_order`.`wxapp_id` = 10001  AND `order_status` = 30  AND `receipt_time` <= 1649058675  AND `is_settled` = 0  AND `is_delete` = 0 [ RunTime:0.008257s ]
[ sql ] [ SQL ] SHOW COLUMNS FROM `puzhen_sharp_setting` [ RunTime:0.010734s ]
[ sql ] [ SQL ] SELECT * FROM `puzhen_sharp_setting` WHERE  `puzhen_sharp_setting`.`wxapp_id` = 10001 [ RunTime:0.008137s ]
[ sql ] [ SQL ] SELECT * FROM `puzhen_order` WHERE  `puzhen_order`.`wxapp_id` = 10001  AND `order_source` = 30  AND `pay_status` = 10  AND `order_status` = 10  AND `create_time` <= 1649662875  AND `is_delete` = 0 [ RunTime:0.008390s ]
[ sql ] [ SQL ] SHOW COLUMNS FROM `puzhen_goods` [ RunTime:0.010498s ]
[ sql ] [ SQL ] SELECT COUNT(*) AS tp_count FROM `puzhen_goods` WHERE  `puzhen_goods`.`wxapp_id` = 10001  AND `is_delete` = 0 LIMIT 1 [ RunTime:0.008107s ]
[ sql ] [ SQL ] SELECT COUNT(*) AS tp_count FROM `puzhen_user` WHERE  `puzhen_user`.`wxapp_id` = 10001  AND `is_delete` = 0 LIMIT 1 [ RunTime:0.008082s ]
[ sql ] [ SQL ] SELECT COUNT(*) AS tp_count FROM `puzhen_order` WHERE  `puzhen_order`.`wxapp_id` = 10001  AND `pay_status` = 20  AND `order_status` <> 20  AND `is_delete` = 0 LIMIT 1 [ RunTime:0.008087s ]
[ sql ] [ SQL ] SHOW COLUMNS FROM `puzhen_comment` [ RunTime:0.010526s ]
[ sql ] [ SQL ] SELECT COUNT(*) AS tp_count FROM `puzhen_comment` WHERE  `puzhen_comment`.`wxapp_id` = 10001  AND `is_delete` = 0 LIMIT 1 [ RunTime:0.008203s ]
[ sql ] [ SQL ] SELECT SUM(pay_price) AS tp_sum FROM `puzhen_order` WHERE  ( `puzhen_order`.`wxapp_id` = 10001 AND `puzhen_order`.`wxapp_id` = 10001 )  AND ( `pay_time` >= 1649606400 AND `pay_time` < 1649692800 )  AND `pay_status` = 20  AND `order_status` <> 20  AND `is_delete` = 0 LIMIT 1 [ RunTime:0.008190s ]
[ sql ] [ SQL ] SELECT SUM(pay_price) AS tp_sum FROM `puzhen_order` WHERE  ( `puzhen_order`.`wxapp_id` = 10001 AND `puzhen_order`.`wxapp_id` = 10001 )  AND ( `pay_time` >= 1649520000 AND `pay_time` < 1649606400 )  AND `pay_status` = 20  AND `order_status` <> 20  AND `is_delete` = 0 LIMIT 1 [ RunTime:0.008193s ]
[ sql ] [ SQL ] SELECT COUNT(*) AS tp_count FROM `puzhen_order` WHERE  `puzhen_order`.`wxapp_id` = 10001  AND `pay_status` = 20  AND `order_status` <> 20  AND ( `pay_time` >= 1649606400 AND `pay_time` < 1649692800 )  AND `is_delete` = 0 LIMIT 1 [ RunTime:0.008122s ]
[ sql ] [ SQL ] SELECT COUNT(*) AS tp_count FROM `puzhen_order` WHERE  `puzhen_order`.`wxapp_id` = 10001  AND `pay_status` = 20  AND `order_status` <> 20  AND ( `pay_time` >= 1649520000 AND `pay_time` < 1649606400 )  AND `is_delete` = 0 LIMIT 1 [ RunTime:0.008102s ]
[ sql ] [ SQL ] SELECT COUNT(*) AS tp_count FROM `puzhen_user` WHERE  ( `puzhen_user`.`wxapp_id` = 10001 AND `puzhen_user`.`wxapp_id` = 10001 )  AND ( `create_time` >= 1649606400 AND `create_time` < 1649692800 )  AND `is_delete` = 0 LIMIT 1 [ RunTime:0.008173s ]
[ sql ] [ SQL ] SELECT COUNT(*) AS tp_count FROM `puzhen_user` WHERE  ( `puzhen_user`.`wxapp_id` = 10001 AND `puzhen_user`.`wxapp_id` = 10001 )  AND ( `create_time` >= 1649520000 AND `create_time` < 1649606400 )  AND `is_delete` = 0 LIMIT 1 [ RunTime:0.008081s ]
[ sql ] [ SQL ] SELECT DISTINCT  `user_id` FROM `puzhen_order` WHERE  `puzhen_order`.`wxapp_id` = 10001  AND ( `pay_time` >= 1649606400 AND `pay_time` < 1649692800 )  AND `pay_status` = 20  AND `is_delete` = 0 [ RunTime:0.008128s ]
[ sql ] [ SQL ] SELECT DISTINCT  `user_id` FROM `puzhen_order` WHERE  `puzhen_order`.`wxapp_id` = 10001  AND ( `pay_time` >= 1649520000 AND `pay_time` < 1649606400 )  AND `pay_status` = 20  AND `is_delete` = 0 [ RunTime:0.008169s ]
[ sql ] [ SQL ] SELECT COUNT(*) AS tp_count FROM `puzhen_order` WHERE  `puzhen_order`.`wxapp_id` = 10001  AND `pay_status` = 20  AND `order_status` <> 20  AND ( `pay_time` >= 1649088000 AND `pay_time` < 1649174400 )  AND `is_delete` = 0 LIMIT 1 [ RunTime:0.008138s ]
[ sql ] [ SQL ] SELECT COUNT(*) AS tp_count FROM `puzhen_order` WHERE  `puzhen_order`.`wxapp_id` = 10001  AND `pay_status` = 20  AND `order_status` <> 20  AND ( `pay_time` >= 1649174400 AND `pay_time` < 1649260800 )  AND `is_delete` = 0 LIMIT 1 [ RunTime:0.008231s ]
[ sql ] [ SQL ] SELECT COUNT(*) AS tp_count FROM `puzhen_order` WHERE  `puzhen_order`.`wxapp_id` = 10001  AND `pay_status` = 20  AND `order_status` <> 20  AND ( `pay_time` >= 1649260800 AND `pay_time` < 1649347200 )  AND `is_delete` = 0 LIMIT 1 [ RunTime:0.008158s ]
[ sql ] [ SQL ] SELECT COUNT(*) AS tp_count FROM `puzhen_order` WHERE  `puzhen_order`.`wxapp_id` = 10001  AND `pay_status` = 20  AND `order_status` <> 20  AND ( `pay_time` >= 1649347200 AND `pay_time` < 1649433600 )  AND `is_delete` = 0 LIMIT 1 [ RunTime:0.008241s ]
[ sql ] [ SQL ] SELECT COUNT(*) AS tp_count FROM `puzhen_order` WHERE  `puzhen_order`.`wxapp_id` = 10001  AND `pay_status` = 20  AND `order_status` <> 20  AND ( `pay_time` >= 1649433600 AND `pay_time` < 1649520000 )  AND `is_delete` = 0 LIMIT 1 [ RunTime:0.008153s ]
[ sql ] [ SQL ] SELECT COUNT(*) AS tp_count FROM `puzhen_order` WHERE  `puzhen_order`.`wxapp_id` = 10001  AND `pay_status` = 20  AND `order_status` <> 20  AND ( `pay_time` >= 1649520000 AND `pay_time` < 1649606400 )  AND `is_delete` = 0 LIMIT 1 [ RunTime:0.008158s ]
[ sql ] [ SQL ] SELECT COUNT(*) AS tp_count FROM `puzhen_order` WHERE  `puzhen_order`.`wxapp_id` = 10001  AND `pay_status` = 20  AND `order_status` <> 20  AND ( `pay_time` >= 1649606400 AND `pay_time` < 1649692800 )  AND `is_delete` = 0 LIMIT 1 [ RunTime:0.008148s ]
[ sql ] [ SQL ] SELECT SUM(pay_price) AS tp_sum FROM `puzhen_order` WHERE  ( `puzhen_order`.`wxapp_id` = 10001 AND `puzhen_order`.`wxapp_id` = 10001 )  AND ( `pay_time` >= 1649088000 AND `pay_time` < 1649174400 )  AND `pay_status` = 20  AND `order_status` <> 20  AND `is_delete` = 0 LIMIT 1 [ RunTime:0.008227s ]
[ sql ] [ SQL ] SELECT SUM(pay_price) AS tp_sum FROM `puzhen_order` WHERE  ( `puzhen_order`.`wxapp_id` = 10001 AND `puzhen_order`.`wxapp_id` = 10001 )  AND ( `pay_time` >= 1649174400 AND `pay_time` < 1649260800 )  AND `pay_status` = 20  AND `order_status` <> 20  AND `is_delete` = 0 LIMIT 1 [ RunTime:0.008085s ]
[ sql ] [ SQL ] SELECT SUM(pay_price) AS tp_sum FROM `puzhen_order` WHERE  ( `puzhen_order`.`wxapp_id` = 10001 AND `puzhen_order`.`wxapp_id` = 10001 )  AND ( `pay_time` >= 1649260800 AND `pay_time` < 1649347200 )  AND `pay_status` = 20  AND `order_status` <> 20  AND `is_delete` = 0 LIMIT 1 [ RunTime:0.008097s ]
[ sql ] [ SQL ] SELECT SUM(pay_price) AS tp_sum FROM `puzhen_order` WHERE  ( `puzhen_order`.`wxapp_id` = 10001 AND `puzhen_order`.`wxapp_id` = 10001 )  AND ( `pay_time` >= 1649347200 AND `pay_time` < 1649433600 )  AND `pay_status` = 20  AND `order_status` <> 20  AND `is_delete` = 0 LIMIT 1 [ RunTime:0.008083s ]
[ sql ] [ SQL ] SELECT SUM(pay_price) AS tp_sum FROM `puzhen_order` WHERE  ( `puzhen_order`.`wxapp_id` = 10001 AND `puzhen_order`.`wxapp_id` = 10001 )  AND ( `pay_time` >= 1649433600 AND `pay_time` < 1649520000 )  AND `pay_status` = 20  AND `order_status` <> 20  AND `is_delete` = 0 LIMIT 1 [ RunTime:0.008135s ]
[ sql ] [ SQL ] SELECT SUM(pay_price) AS tp_sum FROM `puzhen_order` WHERE  ( `puzhen_order`.`wxapp_id` = 10001 AND `puzhen_order`.`wxapp_id` = 10001 )  AND ( `pay_time` >= 1649520000 AND `pay_time` < 1649606400 )  AND `pay_status` = 20  AND `order_status` <> 20  AND `is_delete` = 0 LIMIT 1 [ RunTime:0.008145s ]
[ sql ] [ SQL ] SELECT SUM(pay_price) AS tp_sum FROM `puzhen_order` WHERE  ( `puzhen_order`.`wxapp_id` = 10001 AND `puzhen_order`.`wxapp_id` = 10001 )  AND ( `pay_time` >= 1649606400 AND `pay_time` < 1649692800 )  AND `pay_status` = 20  AND `order_status` <> 20  AND `is_delete` = 0 LIMIT 1 [ RunTime:0.008036s ]
---------------------------------------------------------------
[ 2022-04-11T15:51:21+08:00 ] 218.19.205.222 GET puzhenshop.feibu.info/index.php?s=/store/store.user/index
[ sql ] [ DB ] CONNECT:[ UseTime:0.017738s ] mysql:host=39.108.144.9;port=3306;dbname=puzhen_shop;charset=utf8
[ sql ] [ SQL ] SHOW COLUMNS FROM `puzhen_store_user` [ RunTime:0.009365s ]
[ sql ] [ SQL ] SELECT * FROM `puzhen_store_user` WHERE  `puzhen_store_user`.`wxapp_id` = 10001  AND `is_delete` = 0  AND `store_user_id` = 10001 LIMIT 1 [ RunTime:0.007282s ]
[ sql ] [ SQL ] SELECT COUNT(*) AS tp_count FROM `puzhen_store_user` WHERE  `puzhen_store_user`.`wxapp_id` = 10001  AND `is_delete` = 0 LIMIT 1 [ RunTime:0.007214s ]
[ sql ] [ SQL ] SELECT * FROM `puzhen_store_user` WHERE  `puzhen_store_user`.`wxapp_id` = 10001  AND `is_delete` = 0 ORDER BY `create_time` DESC LIMIT 0,15 [ RunTime:0.007275s ]
---------------------------------------------------------------
[ 2022-04-11T15:51:21+08:00 ] 218.19.205.222 GET puzhenshop.feibu.info/index.php?s=/store/goods/index
[ sql ] [ DB ] CONNECT:[ UseTime:0.021558s ] mysql:host=39.108.144.9;port=3306;dbname=puzhen_shop;charset=utf8
[ sql ] [ SQL ] SHOW COLUMNS FROM `puzhen_store_user` [ RunTime:0.013252s ]
[ sql ] [ SQL ] SELECT * FROM `puzhen_store_user` WHERE  `puzhen_store_user`.`wxapp_id` = 10001  AND `is_delete` = 0  AND `store_user_id` = 10001 LIMIT 1 [ RunTime:0.010984s ]
[ sql ] [ SQL ] SHOW COLUMNS FROM `puzhen_goods_sku` [ RunTime:0.013220s ]
[ sql ] [ SQL ] SHOW COLUMNS FROM `puzhen_category` [ RunTime:0.013074s ]
[ sql ] [ SQL ] SHOW COLUMNS FROM `puzhen_goods` [ RunTime:0.013030s ]
[ sql ] [ SQL ] SELECT COUNT(*) AS tp_count FROM `puzhen_goods` WHERE  ( `puzhen_goods`.`wxapp_id` = 10001 AND `puzhen_goods`.`wxapp_id` = 10001 )  AND `is_delete` = 0 LIMIT 1 [ RunTime:0.010962s ]
[ sql ] [ SQL ] SELECT *,(sales_initial + sales_actual) as goods_sales,( SELECT MIN(goods_price) FROM `puzhen_goods_sku` WHERE  `puzhen_goods_sku`.`wxapp_id` = 10001  AND ( `goods_id` = `puzhen_goods`.`goods_id` ) ) AS goods_min_price,( SELECT MAX(goods_price) FROM `puzhen_goods_sku` WHERE  `puzhen_goods_sku`.`wxapp_id` = 10001  AND ( `goods_id` = `puzhen_goods`.`goods_id` ) ) AS goods_max_price FROM `puzhen_goods` WHERE  ( `puzhen_goods`.`wxapp_id` = 10001 AND `puzhen_goods`.`wxapp_id` = 10001 )  AND `is_delete` = 0 ORDER BY `goods_sort`,`goods_id` DESC LIMIT 0,15 [ RunTime:0.013041s ]
[ sql ] [ SQL ] SELECT * FROM `puzhen_category` WHERE  `puzhen_category`.`wxapp_id` = 10001  AND `category_id` IN (10004) [ RunTime:0.010836s ]
[ sql ] [ SQL ] SHOW COLUMNS FROM `puzhen_goods_image` [ RunTime:0.013339s ]
[ sql ] [ SQL ] SELECT * FROM `puzhen_goods_image` WHERE  `puzhen_goods_image`.`wxapp_id` = 10001  AND `goods_id` IN (10008,10007,10006) ORDER BY `id` ASC [ RunTime:0.010894s ]
[ sql ] [ SQL ] SHOW COLUMNS FROM `puzhen_upload_file` [ RunTime:0.013154s ]
[ sql ] [ SQL ] SELECT * FROM `puzhen_upload_file` WHERE  `puzhen_upload_file`.`wxapp_id` = 10001  AND `file_id` IN (10010) [ RunTime:0.010893s ]
[ sql ] [ SQL ] SELECT * FROM `puzhen_goods_sku` WHERE  `puzhen_goods_sku`.`wxapp_id` = 10001  AND `goods_id` IN (10008,10007,10006) ORDER BY `goods_sku_id` ASC [ RunTime:0.011081s ]
---------------------------------------------------------------
[ 2022-04-11T15:51:22+08:00 ] 218.19.205.222 GET puzhenshop.feibu.info/index.php?s=/store/order/all_list
[ sql ] [ DB ] CONNECT:[ UseTime:0.016499s ] mysql:host=39.108.144.9;port=3306;dbname=puzhen_shop;charset=utf8
[ sql ] [ SQL ] SHOW COLUMNS FROM `puzhen_store_user` [ RunTime:0.008764s ]
[ sql ] [ SQL ] SELECT * FROM `puzhen_store_user` WHERE  `puzhen_store_user`.`wxapp_id` = 10001  AND `is_delete` = 0  AND `store_user_id` = 10001 LIMIT 1 [ RunTime:0.006510s ]
[ sql ] [ SQL ] SHOW COLUMNS FROM `puzhen_sharp_setting` [ RunTime:0.008310s ]
[ sql ] [ SQL ] SELECT * FROM `puzhen_sharp_setting` WHERE  `puzhen_sharp_setting`.`wxapp_id` = 10001 [ RunTime:0.006382s ]
[ sql ] [ SQL ] SHOW COLUMNS FROM `puzhen_order` [ RunTime:0.008549s ]
[ sql ] [ SQL ] SHOW COLUMNS FROM `puzhen_user` [ RunTime:0.008393s ]
[ sql ] [ SQL ] SELECT * FROM `puzhen_order` WHERE  `puzhen_order`.`wxapp_id` = 10001  AND `order_source` = 30  AND `pay_status` = 10  AND `order_status` = 10  AND `create_time` <= 1649662882  AND `is_delete` = 0 [ RunTime:0.006735s ]
[ sql ] [ SQL ] SELECT COUNT(*) AS tp_count FROM `puzhen_order` `order` INNER JOIN `puzhen_user` `user` ON `user`.`user_id`=`order`.`user_id` WHERE  `order`.`wxapp_id` = 10001  AND `order`.`is_delete` = 0 LIMIT 1 [ RunTime:0.006672s ]
[ sql ] [ SQL ] SELECT `order`.* FROM `puzhen_order` `order` INNER JOIN `puzhen_user` `user` ON `user`.`user_id`=`order`.`user_id` WHERE  `order`.`wxapp_id` = 10001  AND `order`.`is_delete` = 0 ORDER BY `order`.`create_time` DESC LIMIT 0,10 [ RunTime:0.006784s ]
[ sql ] [ SQL ] SHOW COLUMNS FROM `puzhen_order_goods` [ RunTime:0.008970s ]
[ sql ] [ SQL ] SELECT * FROM `puzhen_order_goods` WHERE  `puzhen_order_goods`.`wxapp_id` = 10001  AND `order_id` IN (10002,10001) [ RunTime:0.006945s ]
[ sql ] [ SQL ] SHOW COLUMNS FROM `puzhen_upload_file` [ RunTime:0.008279s ]
[ sql ] [ SQL ] SELECT * FROM `puzhen_upload_file` WHERE  `puzhen_upload_file`.`wxapp_id` = 10001  AND `file_id` IN (10001) [ RunTime:0.006516s ]
[ sql ] [ SQL ] SHOW COLUMNS FROM `puzhen_order_address` [ RunTime:0.008465s ]
[ sql ] [ SQL ] SELECT * FROM `puzhen_order_address` WHERE  `puzhen_order_address`.`wxapp_id` = 10001  AND `order_id` IN (10002,10001) [ RunTime:0.006542s ]
[ sql ] [ SQL ] SELECT * FROM `puzhen_user` WHERE  `puzhen_user`.`wxapp_id` = 10001  AND `user_id` IN (10001) [ RunTime:0.006516s ]
[ sql ] [ SQL ] SHOW COLUMNS FROM `puzhen_store_shop` [ RunTime:0.008964s ]
[ sql ] [ SQL ] SELECT * FROM `puzhen_store_shop` WHERE  `puzhen_store_shop`.`wxapp_id` = 10001  AND `is_delete` = 0 ORDER BY `sort` ASC,`create_time` DESC [ RunTime:0.006647s ]
