---------------------------------------------------------------
[ 2022-04-16T00:17:26+08:00 ] 113.98.116.128 GET puzhenshop.feibu.info/index.php?s=/api/page/index&page_id=0&wxapp_id=10001&token=a660e5aad1b428400ff67bbdedd516d2
[运行时间：0.261441s] [吞吐率：3.82req/s] [内存消耗：3,709.09kb] [文件加载：101]
[ info ] [ LANG ] E:\UPUPW_ANK_W64\WebRoot\Vhosts\puzhen\2.0.0\source\thinkphp\lang\zh-cn.php
[ info ] [ ROUTE ] array (
  'type' => 'module',
  'module' => 
  array (
    0 => 'api',
    1 => 'page',
    2 => 'index',
  ),
)
[ info ] [ HEADER ] array (
  'accept-encoding' => 'gzip, deflate',
  'referer' => 'https://servicewechat.com/wx6433138919cd9715/devtools/page-frame.html',
  'accept' => '*/*',
  'content-type' => 'application/json',
  'user-agent' => 'Mozilla/5.0 (iPhone; CPU iPhone OS 11_0 like Mac OS X) AppleWebKit/604.1.38 (KHTML, like Gecko) Version/11.0 Mobile/15A372 Safari/604.1 wechatdevtools/1.05.2109131 MicroMessenger/8.0.5 Language/zh_CN webview/',
  'connection' => 'close',
  'host' => 'puzhenshop.feibu.info',
)
[ info ] [ PARAM ] array (
  'page_id' => '0',
  'wxapp_id' => '10001',
  'token' => 'a660e5aad1b428400ff67bbdedd516d2',
)
[ info ] [ BEHAVIOR ] Run app\common\behavior\App @app_begin [ RunTime:0.000596s ]
[ info ] [ DB ] INIT mysql
[ info ] [ RUN ] app\api\controller\Page->index[ E:\UPUPW_ANK_W64\WebRoot\Vhosts\puzhen\2.0.0\source\application\api\controller\Page.php ]
[ info ] [ CACHE ] INIT File
[ info ] [ BEHAVIOR ] Run app\task\behavior\user\Grade @user_grade [ RunTime:0.018427s ]
[ info ] [ BEHAVIOR ] Run app\task\behavior\user\Grade @user_grade [ RunTime:0.018443s ]
[ info ] [ LOG ] INIT File
---------------------------------------------------------------
[ 2022-04-16T00:17:40+08:00 ] 113.98.117.116 GET puzhenshop.feibu.info/index.php?s=/api/tea_qrcode/lists&page=1&wxapp_id=10001&token=a660e5aad1b428400ff67bbdedd516d2
[运行时间：0.329640s] [吞吐率：3.03req/s] [内存消耗：3,389.16kb] [文件加载：91]
[ info ] [ LANG ] E:\UPUPW_ANK_W64\WebRoot\Vhosts\puzhen\2.0.0\source\thinkphp\lang\zh-cn.php
[ info ] [ ROUTE ] array (
  'type' => 'module',
  'module' => 
  array (
    0 => 'api',
    1 => 'tea_qrcode',
    2 => 'lists',
  ),
)
[ info ] [ HEADER ] array (
  'accept-encoding' => 'gzip, deflate',
  'referer' => 'https://servicewechat.com/wx6433138919cd9715/devtools/page-frame.html',
  'accept' => '*/*',
  'content-type' => 'application/json',
  'user-agent' => 'Mozilla/5.0 (iPhone; CPU iPhone OS 11_0 like Mac OS X) AppleWebKit/604.1.38 (KHTML, like Gecko) Version/11.0 Mobile/15A372 Safari/604.1 wechatdevtools/1.05.2109131 MicroMessenger/8.0.5 Language/zh_CN webview/',
  'connection' => 'close',
  'host' => 'puzhenshop.feibu.info',
)
[ info ] [ PARAM ] array (
  'page' => '1',
  'wxapp_id' => '10001',
  'token' => 'a660e5aad1b428400ff67bbdedd516d2',
)
[ info ] [ BEHAVIOR ] Run app\common\behavior\App @app_begin [ RunTime:0.000278s ]
[ info ] [ DB ] INIT mysql
[ info ] [ RUN ] app\api\controller\TeaQrCode->lists[ E:\UPUPW_ANK_W64\WebRoot\Vhosts\puzhen\2.0.0\source\application\api\controller\TeaQrcode.php ]
[ info ] [ CACHE ] INIT File
[ info ] [ BEHAVIOR ] Run app\task\behavior\user\Grade @user_grade [ RunTime:0.000246s ]
[ info ] [ BEHAVIOR ] Run app\task\behavior\user\Grade @user_grade [ RunTime:0.000260s ]
[ info ] [ LOG ] INIT File
---------------------------------------------------------------
[ 2022-04-16T00:17:41+08:00 ] 113.98.117.116 GET puzhenshop.feibu.info/index.php?s=/api/tea_qrcode/lists&page=2&wxapp_id=10001&token=a660e5aad1b428400ff67bbdedd516d2
[运行时间：0.301990s] [吞吐率：3.31req/s] [内存消耗：3,388.73kb] [文件加载：91]
[ info ] [ LANG ] E:\UPUPW_ANK_W64\WebRoot\Vhosts\puzhen\2.0.0\source\thinkphp\lang\zh-cn.php
[ info ] [ ROUTE ] array (
  'type' => 'module',
  'module' => 
  array (
    0 => 'api',
    1 => 'tea_qrcode',
    2 => 'lists',
  ),
)
[ info ] [ HEADER ] array (
  'accept-encoding' => 'gzip, deflate',
  'referer' => 'https://servicewechat.com/wx6433138919cd9715/devtools/page-frame.html',
  'accept' => '*/*',
  'content-type' => 'application/json',
  'user-agent' => 'Mozilla/5.0 (iPhone; CPU iPhone OS 11_0 like Mac OS X) AppleWebKit/604.1.38 (KHTML, like Gecko) Version/11.0 Mobile/15A372 Safari/604.1 wechatdevtools/1.05.2109131 MicroMessenger/8.0.5 Language/zh_CN webview/',
  'connection' => 'close',
  'host' => 'puzhenshop.feibu.info',
)
[ info ] [ PARAM ] array (
  'page' => '2',
  'wxapp_id' => '10001',
  'token' => 'a660e5aad1b428400ff67bbdedd516d2',
)
[ info ] [ BEHAVIOR ] Run app\common\behavior\App @app_begin [ RunTime:0.000261s ]
[ info ] [ DB ] INIT mysql
[ info ] [ RUN ] app\api\controller\TeaQrCode->lists[ E:\UPUPW_ANK_W64\WebRoot\Vhosts\puzhen\2.0.0\source\application\api\controller\TeaQrcode.php ]
[ info ] [ CACHE ] INIT File
[ info ] [ BEHAVIOR ] Run app\task\behavior\user\Grade @user_grade [ RunTime:0.000208s ]
[ info ] [ BEHAVIOR ] Run app\task\behavior\user\Grade @user_grade [ RunTime:0.000223s ]
[ info ] [ LOG ] INIT File
---------------------------------------------------------------
[ 2022-04-16T00:17:41+08:00 ] 113.98.117.116 GET puzhenshop.feibu.info/index.php?s=/api/tea_qrcode/lists&page=3&wxapp_id=10001&token=a660e5aad1b428400ff67bbdedd516d2
[运行时间：0.185963s] [吞吐率：5.38req/s] [内存消耗：3,358.98kb] [文件加载：90]
[ info ] [ LANG ] E:\UPUPW_ANK_W64\WebRoot\Vhosts\puzhen\2.0.0\source\thinkphp\lang\zh-cn.php
[ info ] [ ROUTE ] array (
  'type' => 'module',
  'module' => 
  array (
    0 => 'api',
    1 => 'tea_qrcode',
    2 => 'lists',
  ),
)
[ info ] [ HEADER ] array (
  'accept-encoding' => 'gzip, deflate',
  'referer' => 'https://servicewechat.com/wx6433138919cd9715/devtools/page-frame.html',
  'accept' => '*/*',
  'content-type' => 'application/json',
  'user-agent' => 'Mozilla/5.0 (iPhone; CPU iPhone OS 11_0 like Mac OS X) AppleWebKit/604.1.38 (KHTML, like Gecko) Version/11.0 Mobile/15A372 Safari/604.1 wechatdevtools/1.05.2109131 MicroMessenger/8.0.5 Language/zh_CN webview/',
  'connection' => 'close',
  'host' => 'puzhenshop.feibu.info',
)
[ info ] [ PARAM ] array (
  'page' => '3',
  'wxapp_id' => '10001',
  'token' => 'a660e5aad1b428400ff67bbdedd516d2',
)
[ info ] [ BEHAVIOR ] Run app\common\behavior\App @app_begin [ RunTime:0.000362s ]
[ info ] [ DB ] INIT mysql
[ info ] [ RUN ] app\api\controller\TeaQrCode->lists[ E:\UPUPW_ANK_W64\WebRoot\Vhosts\puzhen\2.0.0\source\application\api\controller\TeaQrcode.php ]
[ info ] [ CACHE ] INIT File
[ info ] [ BEHAVIOR ] Run app\task\behavior\user\Grade @user_grade [ RunTime:0.000235s ]
[ info ] [ BEHAVIOR ] Run app\task\behavior\user\Grade @user_grade [ RunTime:0.000252s ]
[ info ] [ LOG ] INIT File
---------------------------------------------------------------
[ 2022-04-16T00:17:51+08:00 ] 113.98.117.116 GET puzhenshop.feibu.info/index.php?s=/api/page/index&page_id=0&wxapp_id=10001&token=a660e5aad1b428400ff67bbdedd516d2
[运行时间：0.276023s] [吞吐率：3.62req/s] [内存消耗：3,687.16kb] [文件加载：100]
[ info ] [ LANG ] E:\UPUPW_ANK_W64\WebRoot\Vhosts\puzhen\2.0.0\source\thinkphp\lang\zh-cn.php
[ info ] [ ROUTE ] array (
  'type' => 'module',
  'module' => 
  array (
    0 => 'api',
    1 => 'page',
    2 => 'index',
  ),
)
[ info ] [ HEADER ] array (
  'accept-encoding' => 'gzip, deflate',
  'referer' => 'https://servicewechat.com/wx6433138919cd9715/devtools/page-frame.html',
  'accept' => '*/*',
  'content-type' => 'application/json',
  'user-agent' => 'Mozilla/5.0 (iPhone; CPU iPhone OS 11_0 like Mac OS X) AppleWebKit/604.1.38 (KHTML, like Gecko) Version/11.0 Mobile/15A372 Safari/604.1 wechatdevtools/1.05.2109131 MicroMessenger/8.0.5 Language/zh_CN webview/',
  'connection' => 'close',
  'host' => 'puzhenshop.feibu.info',
)
[ info ] [ PARAM ] array (
  'page_id' => '0',
  'wxapp_id' => '10001',
  'token' => 'a660e5aad1b428400ff67bbdedd516d2',
)
[ info ] [ BEHAVIOR ] Run app\common\behavior\App @app_begin [ RunTime:0.000250s ]
[ info ] [ DB ] INIT mysql
[ info ] [ RUN ] app\api\controller\Page->index[ E:\UPUPW_ANK_W64\WebRoot\Vhosts\puzhen\2.0.0\source\application\api\controller\Page.php ]
[ info ] [ CACHE ] INIT File
[ info ] [ BEHAVIOR ] Run app\task\behavior\user\Grade @user_grade [ RunTime:0.000242s ]
[ info ] [ BEHAVIOR ] Run app\task\behavior\user\Grade @user_grade [ RunTime:0.000256s ]
[ info ] [ LOG ] INIT File
---------------------------------------------------------------
[ 2022-04-16T00:17:53+08:00 ] 113.98.117.116 GET puzhenshop.feibu.info/index.php?s=/api/tea_qrcode/lists&page=1&wxapp_id=10001&token=a660e5aad1b428400ff67bbdedd516d2
[运行时间：0.316014s] [吞吐率：3.16req/s] [内存消耗：3,389.16kb] [文件加载：91]
[ info ] [ LANG ] E:\UPUPW_ANK_W64\WebRoot\Vhosts\puzhen\2.0.0\source\thinkphp\lang\zh-cn.php
[ info ] [ ROUTE ] array (
  'type' => 'module',
  'module' => 
  array (
    0 => 'api',
    1 => 'tea_qrcode',
    2 => 'lists',
  ),
)
[ info ] [ HEADER ] array (
  'accept-encoding' => 'gzip, deflate',
  'referer' => 'https://servicewechat.com/wx6433138919cd9715/devtools/page-frame.html',
  'accept' => '*/*',
  'content-type' => 'application/json',
  'user-agent' => 'Mozilla/5.0 (iPhone; CPU iPhone OS 11_0 like Mac OS X) AppleWebKit/604.1.38 (KHTML, like Gecko) Version/11.0 Mobile/15A372 Safari/604.1 wechatdevtools/1.05.2109131 MicroMessenger/8.0.5 Language/zh_CN webview/',
  'connection' => 'close',
  'host' => 'puzhenshop.feibu.info',
)
[ info ] [ PARAM ] array (
  'page' => '1',
  'wxapp_id' => '10001',
  'token' => 'a660e5aad1b428400ff67bbdedd516d2',
)
[ info ] [ BEHAVIOR ] Run app\common\behavior\App @app_begin [ RunTime:0.000251s ]
[ info ] [ DB ] INIT mysql
[ info ] [ RUN ] app\api\controller\TeaQrCode->lists[ E:\UPUPW_ANK_W64\WebRoot\Vhosts\puzhen\2.0.0\source\application\api\controller\TeaQrcode.php ]
[ info ] [ CACHE ] INIT File
[ info ] [ BEHAVIOR ] Run app\task\behavior\user\Grade @user_grade [ RunTime:0.000215s ]
[ info ] [ BEHAVIOR ] Run app\task\behavior\user\Grade @user_grade [ RunTime:0.000231s ]
[ info ] [ LOG ] INIT File
---------------------------------------------------------------
[ 2022-04-16T00:17:54+08:00 ] 113.98.117.116 GET puzhenshop.feibu.info/index.php?s=/api/goods/detail&goods_id=10010&wxapp_id=10001&token=a660e5aad1b428400ff67bbdedd516d2
[运行时间：0.332896s] [吞吐率：3.00req/s] [内存消耗：3,879.91kb] [文件加载：113]
[ info ] [ LANG ] E:\UPUPW_ANK_W64\WebRoot\Vhosts\puzhen\2.0.0\source\thinkphp\lang\zh-cn.php
[ info ] [ ROUTE ] array (
  'type' => 'module',
  'module' => 
  array (
    0 => 'api',
    1 => 'goods',
    2 => 'detail',
  ),
)
[ info ] [ HEADER ] array (
  'accept-encoding' => 'gzip, deflate',
  'referer' => 'https://servicewechat.com/wx6433138919cd9715/devtools/page-frame.html',
  'accept' => '*/*',
  'content-type' => 'application/json',
  'user-agent' => 'Mozilla/5.0 (iPhone; CPU iPhone OS 11_0 like Mac OS X) AppleWebKit/604.1.38 (KHTML, like Gecko) Version/11.0 Mobile/15A372 Safari/604.1 wechatdevtools/1.05.2109131 MicroMessenger/8.0.5 Language/zh_CN webview/',
  'connection' => 'close',
  'host' => 'puzhenshop.feibu.info',
)
[ info ] [ PARAM ] array (
  'goods_id' => '10010',
  'wxapp_id' => '10001',
  'token' => 'a660e5aad1b428400ff67bbdedd516d2',
)
[ info ] [ BEHAVIOR ] Run app\common\behavior\App @app_begin [ RunTime:0.000280s ]
[ info ] [ DB ] INIT mysql
[ info ] [ RUN ] app\api\controller\Goods->detail[ E:\UPUPW_ANK_W64\WebRoot\Vhosts\puzhen\2.0.0\source\application\api\controller\Goods.php ]
[ info ] [ CACHE ] INIT File
[ info ] [ BEHAVIOR ] Run app\task\behavior\user\Grade @user_grade [ RunTime:0.000227s ]
[ info ] [ BEHAVIOR ] Run app\task\behavior\user\Grade @user_grade [ RunTime:0.000241s ]
[ info ] [ LOG ] INIT File
---------------------------------------------------------------
[ 2022-04-16T23:17:30+08:00 ] 113.98.116.128 GET puzhenshop.feibu.info/index.php?s=/api/tea_qrcode/lists&page=1&wxapp_id=10001&token=a660e5aad1b428400ff67bbdedd516d2
[运行时间：0.543158s] [吞吐率：1.84req/s] [内存消耗：3,411.73kb] [文件加载：92]
[ info ] [ LANG ] E:\UPUPW_ANK_W64\WebRoot\Vhosts\puzhen\2.0.0\source\thinkphp\lang\zh-cn.php
[ info ] [ ROUTE ] array (
  'type' => 'module',
  'module' => 
  array (
    0 => 'api',
    1 => 'tea_qrcode',
    2 => 'lists',
  ),
)
[ info ] [ HEADER ] array (
  'accept-encoding' => 'gzip, deflate',
  'referer' => 'https://servicewechat.com/wx6433138919cd9715/devtools/page-frame.html',
  'accept' => '*/*',
  'content-type' => 'application/json',
  'user-agent' => 'Mozilla/5.0 (iPhone; CPU iPhone OS 11_0 like Mac OS X) AppleWebKit/604.1.38 (KHTML, like Gecko) Version/11.0 Mobile/15A372 Safari/604.1 wechatdevtools/1.05.2109131 MicroMessenger/8.0.5 Language/zh_CN webview/',
  'connection' => 'close',
  'host' => 'puzhenshop.feibu.info',
)
[ info ] [ PARAM ] array (
  'page' => '1',
  'wxapp_id' => '10001',
  'token' => 'a660e5aad1b428400ff67bbdedd516d2',
)
[ info ] [ BEHAVIOR ] Run app\common\behavior\App @app_begin [ RunTime:0.001829s ]
[ info ] [ DB ] INIT mysql
[ info ] [ RUN ] app\api\controller\TeaQrCode->lists[ E:\UPUPW_ANK_W64\WebRoot\Vhosts\puzhen\2.0.0\source\application\api\controller\TeaQrcode.php ]
[ info ] [ CACHE ] INIT File
[ info ] [ BEHAVIOR ] Run app\task\behavior\user\Grade @user_grade [ RunTime:0.029989s ]
[ info ] [ BEHAVIOR ] Run app\task\behavior\user\Grade @user_grade [ RunTime:0.030010s ]
[ info ] [ LOG ] INIT File
---------------------------------------------------------------
[ 2022-04-16T23:17:31+08:00 ] 113.98.116.128 GET puzhenshop.feibu.info/index.php?s=/api/tea_qrcode/lists&page=2&wxapp_id=10001&token=a660e5aad1b428400ff67bbdedd516d2
[运行时间：0.303589s] [吞吐率：3.29req/s] [内存消耗：3,388.73kb] [文件加载：91]
[ info ] [ LANG ] E:\UPUPW_ANK_W64\WebRoot\Vhosts\puzhen\2.0.0\source\thinkphp\lang\zh-cn.php
[ info ] [ ROUTE ] array (
  'type' => 'module',
  'module' => 
  array (
    0 => 'api',
    1 => 'tea_qrcode',
    2 => 'lists',
  ),
)
[ info ] [ HEADER ] array (
  'accept-encoding' => 'gzip, deflate',
  'referer' => 'https://servicewechat.com/wx6433138919cd9715/devtools/page-frame.html',
  'accept' => '*/*',
  'content-type' => 'application/json',
  'user-agent' => 'Mozilla/5.0 (iPhone; CPU iPhone OS 11_0 like Mac OS X) AppleWebKit/604.1.38 (KHTML, like Gecko) Version/11.0 Mobile/15A372 Safari/604.1 wechatdevtools/1.05.2109131 MicroMessenger/8.0.5 Language/zh_CN webview/',
  'connection' => 'close',
  'host' => 'puzhenshop.feibu.info',
)
[ info ] [ PARAM ] array (
  'page' => '2',
  'wxapp_id' => '10001',
  'token' => 'a660e5aad1b428400ff67bbdedd516d2',
)
[ info ] [ BEHAVIOR ] Run app\common\behavior\App @app_begin [ RunTime:0.000304s ]
[ info ] [ DB ] INIT mysql
[ info ] [ RUN ] app\api\controller\TeaQrCode->lists[ E:\UPUPW_ANK_W64\WebRoot\Vhosts\puzhen\2.0.0\source\application\api\controller\TeaQrcode.php ]
[ info ] [ CACHE ] INIT File
[ info ] [ BEHAVIOR ] Run app\task\behavior\user\Grade @user_grade [ RunTime:0.000200s ]
[ info ] [ BEHAVIOR ] Run app\task\behavior\user\Grade @user_grade [ RunTime:0.000212s ]
[ info ] [ LOG ] INIT File
---------------------------------------------------------------
[ 2022-04-16T23:17:31+08:00 ] 113.98.116.128 GET puzhenshop.feibu.info/index.php?s=/api/tea_qrcode/lists&page=3&wxapp_id=10001&token=a660e5aad1b428400ff67bbdedd516d2
[运行时间：0.177842s] [吞吐率：5.62req/s] [内存消耗：3,358.98kb] [文件加载：90]
[ info ] [ LANG ] E:\UPUPW_ANK_W64\WebRoot\Vhosts\puzhen\2.0.0\source\thinkphp\lang\zh-cn.php
[ info ] [ ROUTE ] array (
  'type' => 'module',
  'module' => 
  array (
    0 => 'api',
    1 => 'tea_qrcode',
    2 => 'lists',
  ),
)
[ info ] [ HEADER ] array (
  'accept-encoding' => 'gzip, deflate',
  'referer' => 'https://servicewechat.com/wx6433138919cd9715/devtools/page-frame.html',
  'accept' => '*/*',
  'content-type' => 'application/json',
  'user-agent' => 'Mozilla/5.0 (iPhone; CPU iPhone OS 11_0 like Mac OS X) AppleWebKit/604.1.38 (KHTML, like Gecko) Version/11.0 Mobile/15A372 Safari/604.1 wechatdevtools/1.05.2109131 MicroMessenger/8.0.5 Language/zh_CN webview/',
  'connection' => 'close',
  'host' => 'puzhenshop.feibu.info',
)
[ info ] [ PARAM ] array (
  'page' => '3',
  'wxapp_id' => '10001',
  'token' => 'a660e5aad1b428400ff67bbdedd516d2',
)
[ info ] [ BEHAVIOR ] Run app\common\behavior\App @app_begin [ RunTime:0.000312s ]
[ info ] [ DB ] INIT mysql
[ info ] [ RUN ] app\api\controller\TeaQrCode->lists[ E:\UPUPW_ANK_W64\WebRoot\Vhosts\puzhen\2.0.0\source\application\api\controller\TeaQrcode.php ]
[ info ] [ CACHE ] INIT File
[ info ] [ BEHAVIOR ] Run app\task\behavior\user\Grade @user_grade [ RunTime:0.000218s ]
[ info ] [ BEHAVIOR ] Run app\task\behavior\user\Grade @user_grade [ RunTime:0.000231s ]
[ info ] [ LOG ] INIT File
---------------------------------------------------------------
[ 2022-04-16T23:17:40+08:00 ] 113.98.117.116 GET puzhenshop.feibu.info/index.php?s=/api/page/index&page_id=0&wxapp_id=10001&token=a660e5aad1b428400ff67bbdedd516d2
[运行时间：0.275806s] [吞吐率：3.63req/s] [内存消耗：3,687.16kb] [文件加载：100]
[ info ] [ LANG ] E:\UPUPW_ANK_W64\WebRoot\Vhosts\puzhen\2.0.0\source\thinkphp\lang\zh-cn.php
[ info ] [ ROUTE ] array (
  'type' => 'module',
  'module' => 
  array (
    0 => 'api',
    1 => 'page',
    2 => 'index',
  ),
)
[ info ] [ HEADER ] array (
  'accept-encoding' => 'gzip, deflate',
  'referer' => 'https://servicewechat.com/wx6433138919cd9715/devtools/page-frame.html',
  'accept' => '*/*',
  'content-type' => 'application/json',
  'user-agent' => 'Mozilla/5.0 (iPhone; CPU iPhone OS 11_0 like Mac OS X) AppleWebKit/604.1.38 (KHTML, like Gecko) Version/11.0 Mobile/15A372 Safari/604.1 wechatdevtools/1.05.2109131 MicroMessenger/8.0.5 Language/zh_CN webview/',
  'connection' => 'close',
  'host' => 'puzhenshop.feibu.info',
)
[ info ] [ PARAM ] array (
  'page_id' => '0',
  'wxapp_id' => '10001',
  'token' => 'a660e5aad1b428400ff67bbdedd516d2',
)
[ info ] [ BEHAVIOR ] Run app\common\behavior\App @app_begin [ RunTime:0.000250s ]
[ info ] [ DB ] INIT mysql
[ info ] [ RUN ] app\api\controller\Page->index[ E:\UPUPW_ANK_W64\WebRoot\Vhosts\puzhen\2.0.0\source\application\api\controller\Page.php ]
[ info ] [ CACHE ] INIT File
[ info ] [ BEHAVIOR ] Run app\task\behavior\user\Grade @user_grade [ RunTime:0.000205s ]
[ info ] [ BEHAVIOR ] Run app\task\behavior\user\Grade @user_grade [ RunTime:0.000217s ]
[ info ] [ LOG ] INIT File
---------------------------------------------------------------
[ 2022-04-16T23:17:43+08:00 ] 113.98.117.116 GET puzhenshop.feibu.info/index.php?s=/api/page/index&page_id=0&wxapp_id=10001&token=a660e5aad1b428400ff67bbdedd516d2
[运行时间：0.282830s] [吞吐率：3.54req/s] [内存消耗：3,687.16kb] [文件加载：100]
[ info ] [ LANG ] E:\UPUPW_ANK_W64\WebRoot\Vhosts\puzhen\2.0.0\source\thinkphp\lang\zh-cn.php
[ info ] [ ROUTE ] array (
  'type' => 'module',
  'module' => 
  array (
    0 => 'api',
    1 => 'page',
    2 => 'index',
  ),
)
[ info ] [ HEADER ] array (
  'accept-encoding' => 'gzip, deflate',
  'referer' => 'https://servicewechat.com/wx6433138919cd9715/devtools/page-frame.html',
  'accept' => '*/*',
  'content-type' => 'application/json',
  'user-agent' => 'Mozilla/5.0 (iPhone; CPU iPhone OS 11_0 like Mac OS X) AppleWebKit/604.1.38 (KHTML, like Gecko) Version/11.0 Mobile/15A372 Safari/604.1 wechatdevtools/1.05.2109131 MicroMessenger/8.0.5 Language/zh_CN webview/',
  'connection' => 'close',
  'host' => 'puzhenshop.feibu.info',
)
[ info ] [ PARAM ] array (
  'page_id' => '0',
  'wxapp_id' => '10001',
  'token' => 'a660e5aad1b428400ff67bbdedd516d2',
)
[ info ] [ BEHAVIOR ] Run app\common\behavior\App @app_begin [ RunTime:0.000239s ]
[ info ] [ DB ] INIT mysql
[ info ] [ RUN ] app\api\controller\Page->index[ E:\UPUPW_ANK_W64\WebRoot\Vhosts\puzhen\2.0.0\source\application\api\controller\Page.php ]
[ info ] [ CACHE ] INIT File
[ info ] [ BEHAVIOR ] Run app\task\behavior\user\Grade @user_grade [ RunTime:0.000235s ]
[ info ] [ BEHAVIOR ] Run app\task\behavior\user\Grade @user_grade [ RunTime:0.000248s ]
[ info ] [ LOG ] INIT File
---------------------------------------------------------------
[ 2022-04-16T23:34:19+08:00 ] 113.98.116.128 GET puzhenshop.feibu.info/index.php?s=/api/coupon/lists&wxapp_id=10001&token=a660e5aad1b428400ff67bbdedd516d2
[运行时间：0.247712s] [吞吐率：4.04req/s] [内存消耗：3,400.88kb] [文件加载：93]
[ info ] [ LANG ] E:\UPUPW_ANK_W64\WebRoot\Vhosts\puzhen\2.0.0\source\thinkphp\lang\zh-cn.php
[ info ] [ ROUTE ] array (
  'type' => 'module',
  'module' => 
  array (
    0 => 'api',
    1 => 'coupon',
    2 => 'lists',
  ),
)
[ info ] [ HEADER ] array (
  'accept-encoding' => 'gzip, deflate',
  'referer' => 'https://servicewechat.com/wx6433138919cd9715/devtools/page-frame.html',
  'accept' => '*/*',
  'content-type' => 'application/json',
  'user-agent' => 'Mozilla/5.0 (iPhone; CPU iPhone OS 11_0 like Mac OS X) AppleWebKit/604.1.38 (KHTML, like Gecko) Version/11.0 Mobile/15A372 Safari/604.1 wechatdevtools/1.05.2109131 MicroMessenger/8.0.5 Language/zh_CN webview/',
  'connection' => 'close',
  'host' => 'puzhenshop.feibu.info',
)
[ info ] [ PARAM ] array (
  'wxapp_id' => '10001',
  'token' => 'a660e5aad1b428400ff67bbdedd516d2',
)
[ info ] [ BEHAVIOR ] Run app\common\behavior\App @app_begin [ RunTime:0.000611s ]
[ info ] [ DB ] INIT mysql
[ info ] [ RUN ] app\api\controller\Coupon->lists[ E:\UPUPW_ANK_W64\WebRoot\Vhosts\puzhen\2.0.0\source\application\api\controller\Coupon.php ]
[ info ] [ CACHE ] INIT File
[ info ] [ BEHAVIOR ] Run app\task\behavior\user\Grade @user_grade [ RunTime:0.023602s ]
[ info ] [ BEHAVIOR ] Run app\task\behavior\user\Grade @user_grade [ RunTime:0.023620s ]
[ info ] [ BEHAVIOR ] Run app\task\behavior\UserCoupon @UserCoupon [ RunTime:0.026676s ]
[ info ] [ BEHAVIOR ] Run app\task\behavior\UserCoupon @UserCoupon [ RunTime:0.026698s ]
[ info ] [ LOG ] INIT File
---------------------------------------------------------------
[ 2022-04-16T23:34:22+08:00 ] 113.98.116.128 GET puzhenshop.feibu.info/index.php?s=/api/coupon/lists&wxapp_id=10001&token=a660e5aad1b428400ff67bbdedd516d2
[运行时间：0.207072s] [吞吐率：4.83req/s] [内存消耗：3,312.21kb] [文件加载：91]
[ info ] [ LANG ] E:\UPUPW_ANK_W64\WebRoot\Vhosts\puzhen\2.0.0\source\thinkphp\lang\zh-cn.php
[ info ] [ ROUTE ] array (
  'type' => 'module',
  'module' => 
  array (
    0 => 'api',
    1 => 'coupon',
    2 => 'lists',
  ),
)
[ info ] [ HEADER ] array (
  'accept-encoding' => 'gzip, deflate',
  'referer' => 'https://servicewechat.com/wx6433138919cd9715/devtools/page-frame.html',
  'accept' => '*/*',
  'content-type' => 'application/json',
  'user-agent' => 'Mozilla/5.0 (iPhone; CPU iPhone OS 11_0 like Mac OS X) AppleWebKit/604.1.38 (KHTML, like Gecko) Version/11.0 Mobile/15A372 Safari/604.1 wechatdevtools/1.05.2109131 MicroMessenger/8.0.5 Language/zh_CN webview/',
  'connection' => 'close',
  'host' => 'puzhenshop.feibu.info',
)
[ info ] [ PARAM ] array (
  'wxapp_id' => '10001',
  'token' => 'a660e5aad1b428400ff67bbdedd516d2',
)
[ info ] [ BEHAVIOR ] Run app\common\behavior\App @app_begin [ RunTime:0.000253s ]
[ info ] [ DB ] INIT mysql
[ info ] [ RUN ] app\api\controller\Coupon->lists[ E:\UPUPW_ANK_W64\WebRoot\Vhosts\puzhen\2.0.0\source\application\api\controller\Coupon.php ]
[ info ] [ CACHE ] INIT File
[ info ] [ BEHAVIOR ] Run app\task\behavior\user\Grade @user_grade [ RunTime:0.000234s ]
[ info ] [ BEHAVIOR ] Run app\task\behavior\user\Grade @user_grade [ RunTime:0.000247s ]
[ info ] [ BEHAVIOR ] Run app\task\behavior\UserCoupon @UserCoupon [ RunTime:0.000295s ]
[ info ] [ BEHAVIOR ] Run app\task\behavior\UserCoupon @UserCoupon [ RunTime:0.000309s ]
[ info ] [ LOG ] INIT File
---------------------------------------------------------------
[ 2022-04-16T23:34:32+08:00 ] 113.98.116.128 GET puzhenshop.feibu.info/index.php?s=/api/coupon/lists&wxapp_id=10001&token=a660e5aad1b428400ff67bbdedd516d2
[运行时间：0.203748s] [吞吐率：4.91req/s] [内存消耗：3,312.92kb] [文件加载：91]
[ info ] [ LANG ] E:\UPUPW_ANK_W64\WebRoot\Vhosts\puzhen\2.0.0\source\thinkphp\lang\zh-cn.php
[ info ] [ ROUTE ] array (
  'type' => 'module',
  'module' => 
  array (
    0 => 'api',
    1 => 'coupon',
    2 => 'lists',
  ),
)
[ info ] [ HEADER ] array (
  'accept-encoding' => 'gzip, deflate',
  'referer' => 'https://servicewechat.com/wx6433138919cd9715/devtools/page-frame.html',
  'accept' => '*/*',
  'content-type' => 'application/json',
  'user-agent' => 'Mozilla/5.0 (iPhone; CPU iPhone OS 11_0 like Mac OS X) AppleWebKit/604.1.38 (KHTML, like Gecko) Version/11.0 Mobile/15A372 Safari/604.1 wechatdevtools/1.05.2109131 MicroMessenger/8.0.5 Language/zh_CN webview/',
  'connection' => 'close',
  'host' => 'puzhenshop.feibu.info',
)
[ info ] [ PARAM ] array (
  'wxapp_id' => '10001',
  'token' => 'a660e5aad1b428400ff67bbdedd516d2',
)
[ info ] [ BEHAVIOR ] Run app\common\behavior\App @app_begin [ RunTime:0.000511s ]
[ info ] [ DB ] INIT mysql
[ info ] [ RUN ] app\api\controller\Coupon->lists[ E:\UPUPW_ANK_W64\WebRoot\Vhosts\puzhen\2.0.0\source\application\api\controller\Coupon.php ]
[ info ] [ CACHE ] INIT File
[ info ] [ BEHAVIOR ] Run app\task\behavior\user\Grade @user_grade [ RunTime:0.000405s ]
[ info ] [ BEHAVIOR ] Run app\task\behavior\user\Grade @user_grade [ RunTime:0.000417s ]
[ info ] [ BEHAVIOR ] Run app\task\behavior\UserCoupon @UserCoupon [ RunTime:0.000365s ]
[ info ] [ BEHAVIOR ] Run app\task\behavior\UserCoupon @UserCoupon [ RunTime:0.000377s ]
[ info ] [ LOG ] INIT File
---------------------------------------------------------------
[ 2022-04-16T23:34:34+08:00 ] 113.98.116.128 GET puzhenshop.feibu.info/index.php?s=/api/tea_qrcode/lists&page=1&wxapp_id=10001&token=a660e5aad1b428400ff67bbdedd516d2
[运行时间：0.309050s] [吞吐率：3.24req/s] [内存消耗：3,389.16kb] [文件加载：91]
[ info ] [ LANG ] E:\UPUPW_ANK_W64\WebRoot\Vhosts\puzhen\2.0.0\source\thinkphp\lang\zh-cn.php
[ info ] [ ROUTE ] array (
  'type' => 'module',
  'module' => 
  array (
    0 => 'api',
    1 => 'tea_qrcode',
    2 => 'lists',
  ),
)
[ info ] [ HEADER ] array (
  'accept-encoding' => 'gzip, deflate',
  'referer' => 'https://servicewechat.com/wx6433138919cd9715/devtools/page-frame.html',
  'accept' => '*/*',
  'content-type' => 'application/json',
  'user-agent' => 'Mozilla/5.0 (iPhone; CPU iPhone OS 11_0 like Mac OS X) AppleWebKit/604.1.38 (KHTML, like Gecko) Version/11.0 Mobile/15A372 Safari/604.1 wechatdevtools/1.05.2109131 MicroMessenger/8.0.5 Language/zh_CN webview/',
  'connection' => 'close',
  'host' => 'puzhenshop.feibu.info',
)
[ info ] [ PARAM ] array (
  'page' => '1',
  'wxapp_id' => '10001',
  'token' => 'a660e5aad1b428400ff67bbdedd516d2',
)
[ info ] [ BEHAVIOR ] Run app\common\behavior\App @app_begin [ RunTime:0.000259s ]
[ info ] [ DB ] INIT mysql
[ info ] [ RUN ] app\api\controller\TeaQrCode->lists[ E:\UPUPW_ANK_W64\WebRoot\Vhosts\puzhen\2.0.0\source\application\api\controller\TeaQrcode.php ]
[ info ] [ CACHE ] INIT File
[ info ] [ BEHAVIOR ] Run app\task\behavior\user\Grade @user_grade [ RunTime:0.000209s ]
[ info ] [ BEHAVIOR ] Run app\task\behavior\user\Grade @user_grade [ RunTime:0.000220s ]
[ info ] [ LOG ] INIT File
---------------------------------------------------------------
[ 2022-04-16T23:34:39+08:00 ] 113.98.116.128 GET puzhenshop.feibu.info/index.php?s=/api/tea_qrcode/lists&page=1&wxapp_id=10001&token=a660e5aad1b428400ff67bbdedd516d2
[运行时间：0.346684s] [吞吐率：2.88req/s] [内存消耗：3,389.16kb] [文件加载：91]
[ info ] [ LANG ] E:\UPUPW_ANK_W64\WebRoot\Vhosts\puzhen\2.0.0\source\thinkphp\lang\zh-cn.php
[ info ] [ ROUTE ] array (
  'type' => 'module',
  'module' => 
  array (
    0 => 'api',
    1 => 'tea_qrcode',
    2 => 'lists',
  ),
)
[ info ] [ HEADER ] array (
  'accept-encoding' => 'gzip, deflate',
  'referer' => 'https://servicewechat.com/wx6433138919cd9715/devtools/page-frame.html',
  'accept' => '*/*',
  'content-type' => 'application/json',
  'user-agent' => 'Mozilla/5.0 (iPhone; CPU iPhone OS 11_0 like Mac OS X) AppleWebKit/604.1.38 (KHTML, like Gecko) Version/11.0 Mobile/15A372 Safari/604.1 wechatdevtools/1.05.2109131 MicroMessenger/8.0.5 Language/zh_CN webview/',
  'connection' => 'close',
  'host' => 'puzhenshop.feibu.info',
)
[ info ] [ PARAM ] array (
  'page' => '1',
  'wxapp_id' => '10001',
  'token' => 'a660e5aad1b428400ff67bbdedd516d2',
)
[ info ] [ BEHAVIOR ] Run app\common\behavior\App @app_begin [ RunTime:0.000255s ]
[ info ] [ DB ] INIT mysql
[ info ] [ RUN ] app\api\controller\TeaQrCode->lists[ E:\UPUPW_ANK_W64\WebRoot\Vhosts\puzhen\2.0.0\source\application\api\controller\TeaQrcode.php ]
[ info ] [ CACHE ] INIT File
[ info ] [ BEHAVIOR ] Run app\task\behavior\user\Grade @user_grade [ RunTime:0.000233s ]
[ info ] [ BEHAVIOR ] Run app\task\behavior\user\Grade @user_grade [ RunTime:0.000251s ]
[ info ] [ LOG ] INIT File
---------------------------------------------------------------
[ 2022-04-16T23:34:41+08:00 ] 113.98.116.128 GET puzhenshop.feibu.info/index.php?s=/api/tea_qrcode/lists&page=1&name=22&wxapp_id=10001&token=a660e5aad1b428400ff67bbdedd516d2
[运行时间：0.245318s] [吞吐率：4.08req/s] [内存消耗：3,373.51kb] [文件加载：91]
[ info ] [ LANG ] E:\UPUPW_ANK_W64\WebRoot\Vhosts\puzhen\2.0.0\source\thinkphp\lang\zh-cn.php
[ info ] [ ROUTE ] array (
  'type' => 'module',
  'module' => 
  array (
    0 => 'api',
    1 => 'tea_qrcode',
    2 => 'lists',
  ),
)
[ info ] [ HEADER ] array (
  'accept-encoding' => 'gzip, deflate',
  'referer' => 'https://servicewechat.com/wx6433138919cd9715/devtools/page-frame.html',
  'accept' => '*/*',
  'content-type' => 'application/json',
  'user-agent' => 'Mozilla/5.0 (iPhone; CPU iPhone OS 11_0 like Mac OS X) AppleWebKit/604.1.38 (KHTML, like Gecko) Version/11.0 Mobile/15A372 Safari/604.1 wechatdevtools/1.05.2109131 MicroMessenger/8.0.5 Language/zh_CN webview/',
  'connection' => 'close',
  'host' => 'puzhenshop.feibu.info',
)
[ info ] [ PARAM ] array (
  'page' => '1',
  'name' => '22',
  'wxapp_id' => '10001',
  'token' => 'a660e5aad1b428400ff67bbdedd516d2',
)
[ info ] [ BEHAVIOR ] Run app\common\behavior\App @app_begin [ RunTime:0.000251s ]
[ info ] [ DB ] INIT mysql
[ info ] [ RUN ] app\api\controller\TeaQrCode->lists[ E:\UPUPW_ANK_W64\WebRoot\Vhosts\puzhen\2.0.0\source\application\api\controller\TeaQrcode.php ]
[ info ] [ CACHE ] INIT File
[ info ] [ BEHAVIOR ] Run app\task\behavior\user\Grade @user_grade [ RunTime:0.000205s ]
[ info ] [ BEHAVIOR ] Run app\task\behavior\user\Grade @user_grade [ RunTime:0.000217s ]
[ info ] [ LOG ] INIT File
---------------------------------------------------------------
[ 2022-04-16T23:34:44+08:00 ] 113.98.116.128 GET puzhenshop.feibu.info/index.php?s=/api/tea_qrcode/lists&page=1&wxapp_id=10001&token=a660e5aad1b428400ff67bbdedd516d2
[运行时间：0.314256s] [吞吐率：3.18req/s] [内存消耗：3,389.16kb] [文件加载：91]
[ info ] [ LANG ] E:\UPUPW_ANK_W64\WebRoot\Vhosts\puzhen\2.0.0\source\thinkphp\lang\zh-cn.php
[ info ] [ ROUTE ] array (
  'type' => 'module',
  'module' => 
  array (
    0 => 'api',
    1 => 'tea_qrcode',
    2 => 'lists',
  ),
)
[ info ] [ HEADER ] array (
  'accept-encoding' => 'gzip, deflate',
  'referer' => 'https://servicewechat.com/wx6433138919cd9715/devtools/page-frame.html',
  'accept' => '*/*',
  'content-type' => 'application/json',
  'user-agent' => 'Mozilla/5.0 (iPhone; CPU iPhone OS 11_0 like Mac OS X) AppleWebKit/604.1.38 (KHTML, like Gecko) Version/11.0 Mobile/15A372 Safari/604.1 wechatdevtools/1.05.2109131 MicroMessenger/8.0.5 Language/zh_CN webview/',
  'connection' => 'close',
  'host' => 'puzhenshop.feibu.info',
)
[ info ] [ PARAM ] array (
  'page' => '1',
  'wxapp_id' => '10001',
  'token' => 'a660e5aad1b428400ff67bbdedd516d2',
)
[ info ] [ BEHAVIOR ] Run app\common\behavior\App @app_begin [ RunTime:0.000247s ]
[ info ] [ DB ] INIT mysql
[ info ] [ RUN ] app\api\controller\TeaQrCode->lists[ E:\UPUPW_ANK_W64\WebRoot\Vhosts\puzhen\2.0.0\source\application\api\controller\TeaQrcode.php ]
[ info ] [ CACHE ] INIT File
[ info ] [ BEHAVIOR ] Run app\task\behavior\user\Grade @user_grade [ RunTime:0.000205s ]
[ info ] [ BEHAVIOR ] Run app\task\behavior\user\Grade @user_grade [ RunTime:0.000219s ]
[ info ] [ LOG ] INIT File
---------------------------------------------------------------
[ 2022-04-16T23:34:46+08:00 ] 113.98.116.128 GET puzhenshop.feibu.info/index.php?s=/api/tea_qrcode/lists&page=2&wxapp_id=10001&token=a660e5aad1b428400ff67bbdedd516d2
[运行时间：0.344793s] [吞吐率：2.90req/s] [内存消耗：3,388.73kb] [文件加载：91]
[ info ] [ LANG ] E:\UPUPW_ANK_W64\WebRoot\Vhosts\puzhen\2.0.0\source\thinkphp\lang\zh-cn.php
[ info ] [ ROUTE ] array (
  'type' => 'module',
  'module' => 
  array (
    0 => 'api',
    1 => 'tea_qrcode',
    2 => 'lists',
  ),
)
[ info ] [ HEADER ] array (
  'accept-encoding' => 'gzip, deflate',
  'referer' => 'https://servicewechat.com/wx6433138919cd9715/devtools/page-frame.html',
  'accept' => '*/*',
  'content-type' => 'application/json',
  'user-agent' => 'Mozilla/5.0 (iPhone; CPU iPhone OS 11_0 like Mac OS X) AppleWebKit/604.1.38 (KHTML, like Gecko) Version/11.0 Mobile/15A372 Safari/604.1 wechatdevtools/1.05.2109131 MicroMessenger/8.0.5 Language/zh_CN webview/',
  'connection' => 'close',
  'host' => 'puzhenshop.feibu.info',
)
[ info ] [ PARAM ] array (
  'page' => '2',
  'wxapp_id' => '10001',
  'token' => 'a660e5aad1b428400ff67bbdedd516d2',
)
[ info ] [ BEHAVIOR ] Run app\common\behavior\App @app_begin [ RunTime:0.000308s ]
[ info ] [ DB ] INIT mysql
[ info ] [ RUN ] app\api\controller\TeaQrCode->lists[ E:\UPUPW_ANK_W64\WebRoot\Vhosts\puzhen\2.0.0\source\application\api\controller\TeaQrcode.php ]
[ info ] [ CACHE ] INIT File
[ info ] [ BEHAVIOR ] Run app\task\behavior\user\Grade @user_grade [ RunTime:0.000239s ]
[ info ] [ BEHAVIOR ] Run app\task\behavior\user\Grade @user_grade [ RunTime:0.000252s ]
[ info ] [ LOG ] INIT File
---------------------------------------------------------------
[ 2022-04-16T23:34:48+08:00 ] 113.98.116.128 GET puzhenshop.feibu.info/index.php?s=/api/tea_qrcode/lists&page=3&wxapp_id=10001&token=a660e5aad1b428400ff67bbdedd516d2
[运行时间：0.186795s] [吞吐率：5.35req/s] [内存消耗：3,358.98kb] [文件加载：90]
[ info ] [ LANG ] E:\UPUPW_ANK_W64\WebRoot\Vhosts\puzhen\2.0.0\source\thinkphp\lang\zh-cn.php
[ info ] [ ROUTE ] array (
  'type' => 'module',
  'module' => 
  array (
    0 => 'api',
    1 => 'tea_qrcode',
    2 => 'lists',
  ),
)
[ info ] [ HEADER ] array (
  'accept-encoding' => 'gzip, deflate',
  'referer' => 'https://servicewechat.com/wx6433138919cd9715/devtools/page-frame.html',
  'accept' => '*/*',
  'content-type' => 'application/json',
  'user-agent' => 'Mozilla/5.0 (iPhone; CPU iPhone OS 11_0 like Mac OS X) AppleWebKit/604.1.38 (KHTML, like Gecko) Version/11.0 Mobile/15A372 Safari/604.1 wechatdevtools/1.05.2109131 MicroMessenger/8.0.5 Language/zh_CN webview/',
  'connection' => 'close',
  'host' => 'puzhenshop.feibu.info',
)
[ info ] [ PARAM ] array (
  'page' => '3',
  'wxapp_id' => '10001',
  'token' => 'a660e5aad1b428400ff67bbdedd516d2',
)
[ info ] [ BEHAVIOR ] Run app\common\behavior\App @app_begin [ RunTime:0.000263s ]
[ info ] [ DB ] INIT mysql
[ info ] [ RUN ] app\api\controller\TeaQrCode->lists[ E:\UPUPW_ANK_W64\WebRoot\Vhosts\puzhen\2.0.0\source\application\api\controller\TeaQrcode.php ]
[ info ] [ CACHE ] INIT File
[ info ] [ BEHAVIOR ] Run app\task\behavior\user\Grade @user_grade [ RunTime:0.000229s ]
[ info ] [ BEHAVIOR ] Run app\task\behavior\user\Grade @user_grade [ RunTime:0.000242s ]
[ info ] [ LOG ] INIT File
---------------------------------------------------------------
[ 2022-04-16T23:35:20+08:00 ] 113.98.117.116 GET puzhenshop.feibu.info/index.php?s=/api/tea_qrcode/lists&page=1&wxapp_id=10001&token=a660e5aad1b428400ff67bbdedd516d2
[运行时间：0.284342s] [吞吐率：3.52req/s] [内存消耗：3,389.88kb] [文件加载：91]
[ info ] [ LANG ] E:\UPUPW_ANK_W64\WebRoot\Vhosts\puzhen\2.0.0\source\thinkphp\lang\zh-cn.php
[ info ] [ ROUTE ] array (
  'type' => 'module',
  'module' => 
  array (
    0 => 'api',
    1 => 'tea_qrcode',
    2 => 'lists',
  ),
)
[ info ] [ HEADER ] array (
  'accept-encoding' => 'gzip, deflate',
  'referer' => 'https://servicewechat.com/wx6433138919cd9715/devtools/page-frame.html',
  'accept' => '*/*',
  'content-type' => 'application/json',
  'user-agent' => 'Mozilla/5.0 (iPhone; CPU iPhone OS 11_0 like Mac OS X) AppleWebKit/604.1.38 (KHTML, like Gecko) Version/11.0 Mobile/15A372 Safari/604.1 wechatdevtools/1.05.2109131 MicroMessenger/8.0.5 Language/zh_CN webview/',
  'connection' => 'close',
  'host' => 'puzhenshop.feibu.info',
)
[ info ] [ PARAM ] array (
  'page' => '1',
  'wxapp_id' => '10001',
  'token' => 'a660e5aad1b428400ff67bbdedd516d2',
)
[ info ] [ BEHAVIOR ] Run app\common\behavior\App @app_begin [ RunTime:0.000604s ]
[ info ] [ DB ] INIT mysql
[ info ] [ RUN ] app\api\controller\TeaQrCode->lists[ E:\UPUPW_ANK_W64\WebRoot\Vhosts\puzhen\2.0.0\source\application\api\controller\TeaQrcode.php ]
[ info ] [ CACHE ] INIT File
[ info ] [ BEHAVIOR ] Run app\task\behavior\user\Grade @user_grade [ RunTime:0.000390s ]
[ info ] [ BEHAVIOR ] Run app\task\behavior\user\Grade @user_grade [ RunTime:0.000404s ]
[ info ] [ LOG ] INIT File
---------------------------------------------------------------
[ 2022-04-16T23:35:27+08:00 ] 113.98.117.116 GET puzhenshop.feibu.info/index.php?s=/api/user.index/detail&wxapp_id=10001&token=a660e5aad1b428400ff67bbdedd516d2
[运行时间：0.322876s] [吞吐率：3.10req/s] [内存消耗：3,698.38kb] [文件加载：111]
[ info ] [ LANG ] E:\UPUPW_ANK_W64\WebRoot\Vhosts\puzhen\2.0.0\source\thinkphp\lang\zh-cn.php
[ info ] [ ROUTE ] array (
  'type' => 'module',
  'module' => 
  array (
    0 => 'api',
    1 => 'user.index',
    2 => 'detail',
  ),
)
[ info ] [ HEADER ] array (
  'accept-encoding' => 'gzip, deflate',
  'referer' => 'https://servicewechat.com/wx6433138919cd9715/devtools/page-frame.html',
  'accept' => '*/*',
  'content-type' => 'application/json',
  'user-agent' => 'Mozilla/5.0 (iPhone; CPU iPhone OS 11_0 like Mac OS X) AppleWebKit/604.1.38 (KHTML, like Gecko) Version/11.0 Mobile/15A372 Safari/604.1 wechatdevtools/1.05.2109131 MicroMessenger/8.0.5 Language/zh_CN webview/',
  'connection' => 'close',
  'host' => 'puzhenshop.feibu.info',
)
[ info ] [ PARAM ] array (
  'wxapp_id' => '10001',
  'token' => 'a660e5aad1b428400ff67bbdedd516d2',
)
[ info ] [ BEHAVIOR ] Run app\common\behavior\App @app_begin [ RunTime:0.000298s ]
[ info ] [ DB ] INIT mysql
[ info ] [ RUN ] app\api\controller\user\Index->detail[ E:\UPUPW_ANK_W64\WebRoot\Vhosts\puzhen\2.0.0\source\application\api\controller\user\Index.php ]
[ info ] [ CACHE ] INIT File
[ info ] [ BEHAVIOR ] Run app\task\behavior\user\Grade @user_grade [ RunTime:0.000216s ]
[ info ] [ BEHAVIOR ] Run app\task\behavior\user\Grade @user_grade [ RunTime:0.000227s ]
[ info ] [ BEHAVIOR ] Run app\task\behavior\Order @order [ RunTime:0.000024s ]
[ info ] [ BEHAVIOR ] Run app\task\behavior\Order @order [ RunTime:0.005309s ]
[ info ] [ BEHAVIOR ] Run app\task\behavior\sharp\Order @order [ RunTime:0.041260s ]
[ info ] [ BEHAVIOR ] Run app\task\behavior\Order @order [ RunTime:0.041270s ]
[ info ] [ LOG ] INIT File
---------------------------------------------------------------
[ 2022-04-16T23:35:29+08:00 ] 113.98.117.116 GET puzhenshop.feibu.info/index.php?s=/api/user.order/lists&page=1&dataType=received&wxapp_id=10001&token=a660e5aad1b428400ff67bbdedd516d2
[运行时间：0.208019s] [吞吐率：4.81req/s] [内存消耗：3,622.20kb] [文件加载：105]
[ info ] [ LANG ] E:\UPUPW_ANK_W64\WebRoot\Vhosts\puzhen\2.0.0\source\thinkphp\lang\zh-cn.php
[ info ] [ ROUTE ] array (
  'type' => 'module',
  'module' => 
  array (
    0 => 'api',
    1 => 'user.order',
    2 => 'lists',
  ),
)
[ info ] [ HEADER ] array (
  'accept-encoding' => 'gzip, deflate',
  'referer' => 'https://servicewechat.com/wx6433138919cd9715/devtools/page-frame.html',
  'accept' => '*/*',
  'content-type' => 'application/json',
  'user-agent' => 'Mozilla/5.0 (iPhone; CPU iPhone OS 11_0 like Mac OS X) AppleWebKit/604.1.38 (KHTML, like Gecko) Version/11.0 Mobile/15A372 Safari/604.1 wechatdevtools/1.05.2109131 MicroMessenger/8.0.5 Language/zh_CN webview/',
  'connection' => 'close',
  'host' => 'puzhenshop.feibu.info',
)
[ info ] [ PARAM ] array (
  'page' => '1',
  'dataType' => 'received',
  'wxapp_id' => '10001',
  'token' => 'a660e5aad1b428400ff67bbdedd516d2',
)
[ info ] [ BEHAVIOR ] Run app\common\behavior\App @app_begin [ RunTime:0.000286s ]
[ info ] [ DB ] INIT mysql
[ info ] [ CACHE ] INIT File
[ info ] [ BEHAVIOR ] Run app\task\behavior\user\Grade @user_grade [ RunTime:0.000205s ]
[ info ] [ BEHAVIOR ] Run app\task\behavior\user\Grade @user_grade [ RunTime:0.000217s ]
[ info ] [ RUN ] app\api\controller\user\Order->lists[ E:\UPUPW_ANK_W64\WebRoot\Vhosts\puzhen\2.0.0\source\application\api\controller\user\Order.php ]
[ info ] [ BEHAVIOR ] Run app\task\behavior\Order @order [ RunTime:0.000210s ]
[ info ] [ BEHAVIOR ] Run app\task\behavior\sharp\Order @order [ RunTime:0.044251s ]
[ info ] [ BEHAVIOR ] Run app\task\behavior\Order @order [ RunTime:0.044262s ]
[ info ] [ LOG ] INIT File
---------------------------------------------------------------
[ 2022-04-16T23:35:30+08:00 ] 113.98.117.116 GET puzhenshop.feibu.info/index.php?s=/api/user.order/lists&page=1&dataType=payment&wxapp_id=10001&token=a660e5aad1b428400ff67bbdedd516d2
[运行时间：0.178192s] [吞吐率：5.61req/s] [内存消耗：3,620.59kb] [文件加载：105]
[ info ] [ LANG ] E:\UPUPW_ANK_W64\WebRoot\Vhosts\puzhen\2.0.0\source\thinkphp\lang\zh-cn.php
[ info ] [ ROUTE ] array (
  'type' => 'module',
  'module' => 
  array (
    0 => 'api',
    1 => 'user.order',
    2 => 'lists',
  ),
)
[ info ] [ HEADER ] array (
  'accept-encoding' => 'gzip, deflate',
  'referer' => 'https://servicewechat.com/wx6433138919cd9715/devtools/page-frame.html',
  'accept' => '*/*',
  'content-type' => 'application/json',
  'user-agent' => 'Mozilla/5.0 (iPhone; CPU iPhone OS 11_0 like Mac OS X) AppleWebKit/604.1.38 (KHTML, like Gecko) Version/11.0 Mobile/15A372 Safari/604.1 wechatdevtools/1.05.2109131 MicroMessenger/8.0.5 Language/zh_CN webview/',
  'connection' => 'close',
  'host' => 'puzhenshop.feibu.info',
)
[ info ] [ PARAM ] array (
  'page' => '1',
  'dataType' => 'payment',
  'wxapp_id' => '10001',
  'token' => 'a660e5aad1b428400ff67bbdedd516d2',
)
[ info ] [ BEHAVIOR ] Run app\common\behavior\App @app_begin [ RunTime:0.000273s ]
[ info ] [ DB ] INIT mysql
[ info ] [ CACHE ] INIT File
[ info ] [ BEHAVIOR ] Run app\task\behavior\user\Grade @user_grade [ RunTime:0.000208s ]
[ info ] [ BEHAVIOR ] Run app\task\behavior\user\Grade @user_grade [ RunTime:0.000221s ]
[ info ] [ RUN ] app\api\controller\user\Order->lists[ E:\UPUPW_ANK_W64\WebRoot\Vhosts\puzhen\2.0.0\source\application\api\controller\user\Order.php ]
[ info ] [ BEHAVIOR ] Run app\task\behavior\Order @order [ RunTime:0.000215s ]
[ info ] [ BEHAVIOR ] Run app\task\behavior\sharp\Order @order [ RunTime:0.038772s ]
[ info ] [ BEHAVIOR ] Run app\task\behavior\Order @order [ RunTime:0.038786s ]
[ info ] [ LOG ] INIT File
---------------------------------------------------------------
[ 2022-04-16T23:35:31+08:00 ] 113.98.117.116 GET puzhenshop.feibu.info/index.php?s=/api/user.order/lists&page=1&dataType=delivery&wxapp_id=10001&token=a660e5aad1b428400ff67bbdedd516d2
[运行时间：0.200671s] [吞吐率：4.98req/s] [内存消耗：3,621.45kb] [文件加载：105]
[ info ] [ LANG ] E:\UPUPW_ANK_W64\WebRoot\Vhosts\puzhen\2.0.0\source\thinkphp\lang\zh-cn.php
[ info ] [ ROUTE ] array (
  'type' => 'module',
  'module' => 
  array (
    0 => 'api',
    1 => 'user.order',
    2 => 'lists',
  ),
)
[ info ] [ HEADER ] array (
  'accept-encoding' => 'gzip, deflate',
  'referer' => 'https://servicewechat.com/wx6433138919cd9715/devtools/page-frame.html',
  'accept' => '*/*',
  'content-type' => 'application/json',
  'user-agent' => 'Mozilla/5.0 (iPhone; CPU iPhone OS 11_0 like Mac OS X) AppleWebKit/604.1.38 (KHTML, like Gecko) Version/11.0 Mobile/15A372 Safari/604.1 wechatdevtools/1.05.2109131 MicroMessenger/8.0.5 Language/zh_CN webview/',
  'connection' => 'close',
  'host' => 'puzhenshop.feibu.info',
)
[ info ] [ PARAM ] array (
  'page' => '1',
  'dataType' => 'delivery',
  'wxapp_id' => '10001',
  'token' => 'a660e5aad1b428400ff67bbdedd516d2',
)
[ info ] [ BEHAVIOR ] Run app\common\behavior\App @app_begin [ RunTime:0.000249s ]
[ info ] [ DB ] INIT mysql
[ info ] [ CACHE ] INIT File
[ info ] [ BEHAVIOR ] Run app\task\behavior\user\Grade @user_grade [ RunTime:0.000203s ]
[ info ] [ BEHAVIOR ] Run app\task\behavior\user\Grade @user_grade [ RunTime:0.000214s ]
[ info ] [ RUN ] app\api\controller\user\Order->lists[ E:\UPUPW_ANK_W64\WebRoot\Vhosts\puzhen\2.0.0\source\application\api\controller\user\Order.php ]
[ info ] [ BEHAVIOR ] Run app\task\behavior\Order @order [ RunTime:0.000196s ]
[ info ] [ BEHAVIOR ] Run app\task\behavior\sharp\Order @order [ RunTime:0.041988s ]
[ info ] [ BEHAVIOR ] Run app\task\behavior\Order @order [ RunTime:0.042001s ]
[ info ] [ LOG ] INIT File
---------------------------------------------------------------
[ 2022-04-16T23:35:31+08:00 ] 113.98.117.116 GET puzhenshop.feibu.info/index.php?s=/api/user.order/lists&page=1&dataType=received&wxapp_id=10001&token=a660e5aad1b428400ff67bbdedd516d2
[运行时间：0.210313s] [吞吐率：4.75req/s] [内存消耗：3,622.20kb] [文件加载：105]
[ info ] [ LANG ] E:\UPUPW_ANK_W64\WebRoot\Vhosts\puzhen\2.0.0\source\thinkphp\lang\zh-cn.php
[ info ] [ ROUTE ] array (
  'type' => 'module',
  'module' => 
  array (
    0 => 'api',
    1 => 'user.order',
    2 => 'lists',
  ),
)
[ info ] [ HEADER ] array (
  'accept-encoding' => 'gzip, deflate',
  'referer' => 'https://servicewechat.com/wx6433138919cd9715/devtools/page-frame.html',
  'accept' => '*/*',
  'content-type' => 'application/json',
  'user-agent' => 'Mozilla/5.0 (iPhone; CPU iPhone OS 11_0 like Mac OS X) AppleWebKit/604.1.38 (KHTML, like Gecko) Version/11.0 Mobile/15A372 Safari/604.1 wechatdevtools/1.05.2109131 MicroMessenger/8.0.5 Language/zh_CN webview/',
  'connection' => 'close',
  'host' => 'puzhenshop.feibu.info',
)
[ info ] [ PARAM ] array (
  'page' => '1',
  'dataType' => 'received',
  'wxapp_id' => '10001',
  'token' => 'a660e5aad1b428400ff67bbdedd516d2',
)
[ info ] [ BEHAVIOR ] Run app\common\behavior\App @app_begin [ RunTime:0.000277s ]
[ info ] [ DB ] INIT mysql
[ info ] [ CACHE ] INIT File
[ info ] [ BEHAVIOR ] Run app\task\behavior\user\Grade @user_grade [ RunTime:0.000199s ]
[ info ] [ BEHAVIOR ] Run app\task\behavior\user\Grade @user_grade [ RunTime:0.000211s ]
[ info ] [ RUN ] app\api\controller\user\Order->lists[ E:\UPUPW_ANK_W64\WebRoot\Vhosts\puzhen\2.0.0\source\application\api\controller\user\Order.php ]
[ info ] [ BEHAVIOR ] Run app\task\behavior\Order @order [ RunTime:0.000206s ]
[ info ] [ BEHAVIOR ] Run app\task\behavior\sharp\Order @order [ RunTime:0.043977s ]
[ info ] [ BEHAVIOR ] Run app\task\behavior\Order @order [ RunTime:0.043990s ]
[ info ] [ LOG ] INIT File
---------------------------------------------------------------
[ 2022-04-16T23:35:32+08:00 ] 113.98.117.116 GET puzhenshop.feibu.info/index.php?s=/api/user.order/lists&page=1&dataType=payment&wxapp_id=10001&token=a660e5aad1b428400ff67bbdedd516d2
[运行时间：0.193107s] [吞吐率：5.18req/s] [内存消耗：3,620.59kb] [文件加载：105]
[ info ] [ LANG ] E:\UPUPW_ANK_W64\WebRoot\Vhosts\puzhen\2.0.0\source\thinkphp\lang\zh-cn.php
[ info ] [ ROUTE ] array (
  'type' => 'module',
  'module' => 
  array (
    0 => 'api',
    1 => 'user.order',
    2 => 'lists',
  ),
)
[ info ] [ HEADER ] array (
  'accept-encoding' => 'gzip, deflate',
  'referer' => 'https://servicewechat.com/wx6433138919cd9715/devtools/page-frame.html',
  'accept' => '*/*',
  'content-type' => 'application/json',
  'user-agent' => 'Mozilla/5.0 (iPhone; CPU iPhone OS 11_0 like Mac OS X) AppleWebKit/604.1.38 (KHTML, like Gecko) Version/11.0 Mobile/15A372 Safari/604.1 wechatdevtools/1.05.2109131 MicroMessenger/8.0.5 Language/zh_CN webview/',
  'connection' => 'close',
  'host' => 'puzhenshop.feibu.info',
)
[ info ] [ PARAM ] array (
  'page' => '1',
  'dataType' => 'payment',
  'wxapp_id' => '10001',
  'token' => 'a660e5aad1b428400ff67bbdedd516d2',
)
[ info ] [ BEHAVIOR ] Run app\common\behavior\App @app_begin [ RunTime:0.000333s ]
[ info ] [ DB ] INIT mysql
[ info ] [ CACHE ] INIT File
[ info ] [ BEHAVIOR ] Run app\task\behavior\user\Grade @user_grade [ RunTime:0.000210s ]
[ info ] [ BEHAVIOR ] Run app\task\behavior\user\Grade @user_grade [ RunTime:0.000221s ]
[ info ] [ RUN ] app\api\controller\user\Order->lists[ E:\UPUPW_ANK_W64\WebRoot\Vhosts\puzhen\2.0.0\source\application\api\controller\user\Order.php ]
[ info ] [ BEHAVIOR ] Run app\task\behavior\Order @order [ RunTime:0.000204s ]
[ info ] [ BEHAVIOR ] Run app\task\behavior\sharp\Order @order [ RunTime:0.041632s ]
[ info ] [ BEHAVIOR ] Run app\task\behavior\Order @order [ RunTime:0.041645s ]
[ info ] [ LOG ] INIT File
---------------------------------------------------------------
[ 2022-04-16T23:35:32+08:00 ] 113.98.117.116 GET puzhenshop.feibu.info/index.php?s=/api/user.order/lists&page=1&dataType=all&wxapp_id=10001&token=a660e5aad1b428400ff67bbdedd516d2
[运行时间：0.185128s] [吞吐率：5.40req/s] [内存消耗：3,616.39kb] [文件加载：104]
[ info ] [ LANG ] E:\UPUPW_ANK_W64\WebRoot\Vhosts\puzhen\2.0.0\source\thinkphp\lang\zh-cn.php
[ info ] [ ROUTE ] array (
  'type' => 'module',
  'module' => 
  array (
    0 => 'api',
    1 => 'user.order',
    2 => 'lists',
  ),
)
[ info ] [ HEADER ] array (
  'accept-encoding' => 'gzip, deflate',
  'referer' => 'https://servicewechat.com/wx6433138919cd9715/devtools/page-frame.html',
  'accept' => '*/*',
  'content-type' => 'application/json',
  'user-agent' => 'Mozilla/5.0 (iPhone; CPU iPhone OS 11_0 like Mac OS X) AppleWebKit/604.1.38 (KHTML, like Gecko) Version/11.0 Mobile/15A372 Safari/604.1 wechatdevtools/1.05.2109131 MicroMessenger/8.0.5 Language/zh_CN webview/',
  'connection' => 'close',
  'host' => 'puzhenshop.feibu.info',
)
[ info ] [ PARAM ] array (
  'page' => '1',
  'dataType' => 'all',
  'wxapp_id' => '10001',
  'token' => 'a660e5aad1b428400ff67bbdedd516d2',
)
[ info ] [ BEHAVIOR ] Run app\common\behavior\App @app_begin [ RunTime:0.000264s ]
[ info ] [ DB ] INIT mysql
[ info ] [ CACHE ] INIT File
[ info ] [ BEHAVIOR ] Run app\task\behavior\user\Grade @user_grade [ RunTime:0.000183s ]
[ info ] [ BEHAVIOR ] Run app\task\behavior\user\Grade @user_grade [ RunTime:0.000194s ]
[ info ] [ RUN ] app\api\controller\user\Order->lists[ E:\UPUPW_ANK_W64\WebRoot\Vhosts\puzhen\2.0.0\source\application\api\controller\user\Order.php ]
[ info ] [ BEHAVIOR ] Run app\task\behavior\Order @order [ RunTime:0.000254s ]
[ info ] [ BEHAVIOR ] Run app\task\behavior\sharp\Order @order [ RunTime:0.038846s ]
[ info ] [ BEHAVIOR ] Run app\task\behavior\Order @order [ RunTime:0.038857s ]
[ info ] [ LOG ] INIT File
---------------------------------------------------------------
[ 2022-04-16T23:35:32+08:00 ] 113.98.117.116 GET puzhenshop.feibu.info/index.php?s=/api/user.order/lists&page=1&dataType=payment&wxapp_id=10001&token=a660e5aad1b428400ff67bbdedd516d2
[运行时间：0.193797s] [吞吐率：5.16req/s] [内存消耗：3,620.59kb] [文件加载：105]
[ info ] [ LANG ] E:\UPUPW_ANK_W64\WebRoot\Vhosts\puzhen\2.0.0\source\thinkphp\lang\zh-cn.php
[ info ] [ ROUTE ] array (
  'type' => 'module',
  'module' => 
  array (
    0 => 'api',
    1 => 'user.order',
    2 => 'lists',
  ),
)
[ info ] [ HEADER ] array (
  'accept-encoding' => 'gzip, deflate',
  'referer' => 'https://servicewechat.com/wx6433138919cd9715/devtools/page-frame.html',
  'accept' => '*/*',
  'content-type' => 'application/json',
  'user-agent' => 'Mozilla/5.0 (iPhone; CPU iPhone OS 11_0 like Mac OS X) AppleWebKit/604.1.38 (KHTML, like Gecko) Version/11.0 Mobile/15A372 Safari/604.1 wechatdevtools/1.05.2109131 MicroMessenger/8.0.5 Language/zh_CN webview/',
  'connection' => 'close',
  'host' => 'puzhenshop.feibu.info',
)
[ info ] [ PARAM ] array (
  'page' => '1',
  'dataType' => 'payment',
  'wxapp_id' => '10001',
  'token' => 'a660e5aad1b428400ff67bbdedd516d2',
)
[ info ] [ BEHAVIOR ] Run app\common\behavior\App @app_begin [ RunTime:0.000244s ]
[ info ] [ DB ] INIT mysql
[ info ] [ CACHE ] INIT File
[ info ] [ BEHAVIOR ] Run app\task\behavior\user\Grade @user_grade [ RunTime:0.000243s ]
[ info ] [ BEHAVIOR ] Run app\task\behavior\user\Grade @user_grade [ RunTime:0.000255s ]
[ info ] [ RUN ] app\api\controller\user\Order->lists[ E:\UPUPW_ANK_W64\WebRoot\Vhosts\puzhen\2.0.0\source\application\api\controller\user\Order.php ]
[ info ] [ BEHAVIOR ] Run app\task\behavior\Order @order [ RunTime:0.000209s ]
[ info ] [ BEHAVIOR ] Run app\task\behavior\sharp\Order @order [ RunTime:0.040737s ]
[ info ] [ BEHAVIOR ] Run app\task\behavior\Order @order [ RunTime:0.040749s ]
[ info ] [ LOG ] INIT File
---------------------------------------------------------------
[ 2022-04-16T23:35:33+08:00 ] 113.98.117.116 GET puzhenshop.feibu.info/index.php?s=/api/user.order/lists&page=1&dataType=delivery&wxapp_id=10001&token=a660e5aad1b428400ff67bbdedd516d2
[运行时间：0.209661s] [吞吐率：4.77req/s] [内存消耗：3,621.45kb] [文件加载：105]
[ info ] [ LANG ] E:\UPUPW_ANK_W64\WebRoot\Vhosts\puzhen\2.0.0\source\thinkphp\lang\zh-cn.php
[ info ] [ ROUTE ] array (
  'type' => 'module',
  'module' => 
  array (
    0 => 'api',
    1 => 'user.order',
    2 => 'lists',
  ),
)
[ info ] [ HEADER ] array (
  'accept-encoding' => 'gzip, deflate',
  'referer' => 'https://servicewechat.com/wx6433138919cd9715/devtools/page-frame.html',
  'accept' => '*/*',
  'content-type' => 'application/json',
  'user-agent' => 'Mozilla/5.0 (iPhone; CPU iPhone OS 11_0 like Mac OS X) AppleWebKit/604.1.38 (KHTML, like Gecko) Version/11.0 Mobile/15A372 Safari/604.1 wechatdevtools/1.05.2109131 MicroMessenger/8.0.5 Language/zh_CN webview/',
  'connection' => 'close',
  'host' => 'puzhenshop.feibu.info',
)
[ info ] [ PARAM ] array (
  'page' => '1',
  'dataType' => 'delivery',
  'wxapp_id' => '10001',
  'token' => 'a660e5aad1b428400ff67bbdedd516d2',
)
[ info ] [ BEHAVIOR ] Run app\common\behavior\App @app_begin [ RunTime:0.000252s ]
[ info ] [ DB ] INIT mysql
[ info ] [ CACHE ] INIT File
[ info ] [ BEHAVIOR ] Run app\task\behavior\user\Grade @user_grade [ RunTime:0.000192s ]
[ info ] [ BEHAVIOR ] Run app\task\behavior\user\Grade @user_grade [ RunTime:0.000204s ]
[ info ] [ RUN ] app\api\controller\user\Order->lists[ E:\UPUPW_ANK_W64\WebRoot\Vhosts\puzhen\2.0.0\source\application\api\controller\user\Order.php ]
[ info ] [ BEHAVIOR ] Run app\task\behavior\Order @order [ RunTime:0.000212s ]
[ info ] [ BEHAVIOR ] Run app\task\behavior\sharp\Order @order [ RunTime:0.044455s ]
[ info ] [ BEHAVIOR ] Run app\task\behavior\Order @order [ RunTime:0.044467s ]
[ info ] [ LOG ] INIT File
---------------------------------------------------------------
[ 2022-04-16T23:35:34+08:00 ] 113.98.117.116 GET puzhenshop.feibu.info/index.php?s=/api/user.order/lists&page=1&dataType=delivery&wxapp_id=10001&token=a660e5aad1b428400ff67bbdedd516d2
[运行时间：0.212498s] [吞吐率：4.71req/s] [内存消耗：3,621.45kb] [文件加载：105]
[ info ] [ LANG ] E:\UPUPW_ANK_W64\WebRoot\Vhosts\puzhen\2.0.0\source\thinkphp\lang\zh-cn.php
[ info ] [ ROUTE ] array (
  'type' => 'module',
  'module' => 
  array (
    0 => 'api',
    1 => 'user.order',
    2 => 'lists',
  ),
)
[ info ] [ HEADER ] array (
  'accept-encoding' => 'gzip, deflate',
  'referer' => 'https://servicewechat.com/wx6433138919cd9715/devtools/page-frame.html',
  'accept' => '*/*',
  'content-type' => 'application/json',
  'user-agent' => 'Mozilla/5.0 (iPhone; CPU iPhone OS 11_0 like Mac OS X) AppleWebKit/604.1.38 (KHTML, like Gecko) Version/11.0 Mobile/15A372 Safari/604.1 wechatdevtools/1.05.2109131 MicroMessenger/8.0.5 Language/zh_CN webview/',
  'connection' => 'close',
  'host' => 'puzhenshop.feibu.info',
)
[ info ] [ PARAM ] array (
  'page' => '1',
  'dataType' => 'delivery',
  'wxapp_id' => '10001',
  'token' => 'a660e5aad1b428400ff67bbdedd516d2',
)
[ info ] [ BEHAVIOR ] Run app\common\behavior\App @app_begin [ RunTime:0.000298s ]
[ info ] [ DB ] INIT mysql
[ info ] [ CACHE ] INIT File
[ info ] [ BEHAVIOR ] Run app\task\behavior\user\Grade @user_grade [ RunTime:0.000210s ]
[ info ] [ BEHAVIOR ] Run app\task\behavior\user\Grade @user_grade [ RunTime:0.000221s ]
[ info ] [ RUN ] app\api\controller\user\Order->lists[ E:\UPUPW_ANK_W64\WebRoot\Vhosts\puzhen\2.0.0\source\application\api\controller\user\Order.php ]
[ info ] [ BEHAVIOR ] Run app\task\behavior\Order @order [ RunTime:0.000197s ]
[ info ] [ BEHAVIOR ] Run app\task\behavior\sharp\Order @order [ RunTime:0.044311s ]
[ info ] [ BEHAVIOR ] Run app\task\behavior\Order @order [ RunTime:0.044323s ]
[ info ] [ LOG ] INIT File
---------------------------------------------------------------
[ 2022-04-16T23:35:35+08:00 ] 113.98.117.116 GET puzhenshop.feibu.info/index.php?s=/api/user.order/lists&page=1&dataType=comment&wxapp_id=10001&token=a660e5aad1b428400ff67bbdedd516d2
[运行时间：0.172558s] [吞吐率：5.80req/s] [内存消耗：3,617.97kb] [文件加载：104]
[ info ] [ LANG ] E:\UPUPW_ANK_W64\WebRoot\Vhosts\puzhen\2.0.0\source\thinkphp\lang\zh-cn.php
[ info ] [ ROUTE ] array (
  'type' => 'module',
  'module' => 
  array (
    0 => 'api',
    1 => 'user.order',
    2 => 'lists',
  ),
)
[ info ] [ HEADER ] array (
  'accept-encoding' => 'gzip, deflate',
  'referer' => 'https://servicewechat.com/wx6433138919cd9715/devtools/page-frame.html',
  'accept' => '*/*',
  'content-type' => 'application/json',
  'user-agent' => 'Mozilla/5.0 (iPhone; CPU iPhone OS 11_0 like Mac OS X) AppleWebKit/604.1.38 (KHTML, like Gecko) Version/11.0 Mobile/15A372 Safari/604.1 wechatdevtools/1.05.2109131 MicroMessenger/8.0.5 Language/zh_CN webview/',
  'connection' => 'close',
  'host' => 'puzhenshop.feibu.info',
)
[ info ] [ PARAM ] array (
  'page' => '1',
  'dataType' => 'comment',
  'wxapp_id' => '10001',
  'token' => 'a660e5aad1b428400ff67bbdedd516d2',
)
[ info ] [ BEHAVIOR ] Run app\common\behavior\App @app_begin [ RunTime:0.000298s ]
[ info ] [ DB ] INIT mysql
[ info ] [ CACHE ] INIT File
[ info ] [ BEHAVIOR ] Run app\task\behavior\user\Grade @user_grade [ RunTime:0.000215s ]
[ info ] [ BEHAVIOR ] Run app\task\behavior\user\Grade @user_grade [ RunTime:0.000228s ]
[ info ] [ RUN ] app\api\controller\user\Order->lists[ E:\UPUPW_ANK_W64\WebRoot\Vhosts\puzhen\2.0.0\source\application\api\controller\user\Order.php ]
[ info ] [ BEHAVIOR ] Run app\task\behavior\Order @order [ RunTime:0.000251s ]
[ info ] [ BEHAVIOR ] Run app\task\behavior\sharp\Order @order [ RunTime:0.037653s ]
[ info ] [ BEHAVIOR ] Run app\task\behavior\Order @order [ RunTime:0.037665s ]
[ info ] [ LOG ] INIT File
---------------------------------------------------------------
[ 2022-04-16T23:35:35+08:00 ] 113.98.117.116 GET puzhenshop.feibu.info/index.php?s=/api/user.order/lists&page=1&dataType=received&wxapp_id=10001&token=a660e5aad1b428400ff67bbdedd516d2
[运行时间：0.208957s] [吞吐率：4.79req/s] [内存消耗：3,622.20kb] [文件加载：105]
[ info ] [ LANG ] E:\UPUPW_ANK_W64\WebRoot\Vhosts\puzhen\2.0.0\source\thinkphp\lang\zh-cn.php
[ info ] [ ROUTE ] array (
  'type' => 'module',
  'module' => 
  array (
    0 => 'api',
    1 => 'user.order',
    2 => 'lists',
  ),
)
[ info ] [ HEADER ] array (
  'accept-encoding' => 'gzip, deflate',
  'referer' => 'https://servicewechat.com/wx6433138919cd9715/devtools/page-frame.html',
  'accept' => '*/*',
  'content-type' => 'application/json',
  'user-agent' => 'Mozilla/5.0 (iPhone; CPU iPhone OS 11_0 like Mac OS X) AppleWebKit/604.1.38 (KHTML, like Gecko) Version/11.0 Mobile/15A372 Safari/604.1 wechatdevtools/1.05.2109131 MicroMessenger/8.0.5 Language/zh_CN webview/',
  'connection' => 'close',
  'host' => 'puzhenshop.feibu.info',
)
[ info ] [ PARAM ] array (
  'page' => '1',
  'dataType' => 'received',
  'wxapp_id' => '10001',
  'token' => 'a660e5aad1b428400ff67bbdedd516d2',
)
[ info ] [ BEHAVIOR ] Run app\common\behavior\App @app_begin [ RunTime:0.000242s ]
[ info ] [ DB ] INIT mysql
[ info ] [ CACHE ] INIT File
[ info ] [ BEHAVIOR ] Run app\task\behavior\user\Grade @user_grade [ RunTime:0.000203s ]
[ info ] [ BEHAVIOR ] Run app\task\behavior\user\Grade @user_grade [ RunTime:0.000214s ]
[ info ] [ RUN ] app\api\controller\user\Order->lists[ E:\UPUPW_ANK_W64\WebRoot\Vhosts\puzhen\2.0.0\source\application\api\controller\user\Order.php ]
[ info ] [ BEHAVIOR ] Run app\task\behavior\Order @order [ RunTime:0.000205s ]
[ info ] [ BEHAVIOR ] Run app\task\behavior\sharp\Order @order [ RunTime:0.044450s ]
[ info ] [ BEHAVIOR ] Run app\task\behavior\Order @order [ RunTime:0.044463s ]
[ info ] [ LOG ] INIT File
---------------------------------------------------------------
[ 2022-04-16T23:36:14+08:00 ] 113.98.116.128 GET puzhenshop.feibu.info/index.php?s=/api/user.index/detail&wxapp_id=10001&token=a660e5aad1b428400ff67bbdedd516d2
[运行时间：0.206686s] [吞吐率：4.84req/s] [内存消耗：3,652.94kb] [文件加载：108]
[ info ] [ LANG ] E:\UPUPW_ANK_W64\WebRoot\Vhosts\puzhen\2.0.0\source\thinkphp\lang\zh-cn.php
[ info ] [ ROUTE ] array (
  'type' => 'module',
  'module' => 
  array (
    0 => 'api',
    1 => 'user.index',
    2 => 'detail',
  ),
)
[ info ] [ HEADER ] array (
  'accept-encoding' => 'gzip, deflate',
  'referer' => 'https://servicewechat.com/wx6433138919cd9715/devtools/page-frame.html',
  'accept' => '*/*',
  'content-type' => 'application/json',
  'user-agent' => 'Mozilla/5.0 (iPhone; CPU iPhone OS 11_0 like Mac OS X) AppleWebKit/604.1.38 (KHTML, like Gecko) Version/11.0 Mobile/15A372 Safari/604.1 wechatdevtools/1.05.2109131 MicroMessenger/8.0.5 Language/zh_CN webview/',
  'connection' => 'close',
  'host' => 'puzhenshop.feibu.info',
)
[ info ] [ PARAM ] array (
  'wxapp_id' => '10001',
  'token' => 'a660e5aad1b428400ff67bbdedd516d2',
)
[ info ] [ BEHAVIOR ] Run app\common\behavior\App @app_begin [ RunTime:0.000590s ]
[ info ] [ DB ] INIT mysql
[ info ] [ RUN ] app\api\controller\user\Index->detail[ E:\UPUPW_ANK_W64\WebRoot\Vhosts\puzhen\2.0.0\source\application\api\controller\user\Index.php ]
[ info ] [ CACHE ] INIT File
[ info ] [ BEHAVIOR ] Run app\task\behavior\user\Grade @user_grade [ RunTime:0.000443s ]
[ info ] [ BEHAVIOR ] Run app\task\behavior\user\Grade @user_grade [ RunTime:0.000458s ]
[ info ] [ BEHAVIOR ] Run app\task\behavior\Order @order [ RunTime:0.000410s ]
[ info ] [ BEHAVIOR ] Run app\task\behavior\sharp\Order @order [ RunTime:0.036551s ]
[ info ] [ BEHAVIOR ] Run app\task\behavior\Order @order [ RunTime:0.036563s ]
[ info ] [ LOG ] INIT File
---------------------------------------------------------------
[ 2022-04-16T23:39:01+08:00 ] 113.98.116.128 GET puzhenshop.feibu.info/index.php?s=/api/coupon/lists&wxapp_id=10001&token=a660e5aad1b428400ff67bbdedd516d2
[运行时间：0.200858s] [吞吐率：4.98req/s] [内存消耗：3,312.92kb] [文件加载：91]
[ info ] [ LANG ] E:\UPUPW_ANK_W64\WebRoot\Vhosts\puzhen\2.0.0\source\thinkphp\lang\zh-cn.php
[ info ] [ ROUTE ] array (
  'type' => 'module',
  'module' => 
  array (
    0 => 'api',
    1 => 'coupon',
    2 => 'lists',
  ),
)
[ info ] [ HEADER ] array (
  'accept-encoding' => 'gzip, deflate',
  'referer' => 'https://servicewechat.com/wx6433138919cd9715/devtools/page-frame.html',
  'accept' => '*/*',
  'content-type' => 'application/json',
  'user-agent' => 'Mozilla/5.0 (iPhone; CPU iPhone OS 11_0 like Mac OS X) AppleWebKit/604.1.38 (KHTML, like Gecko) Version/11.0 Mobile/15A372 Safari/604.1 wechatdevtools/1.05.2109131 MicroMessenger/8.0.5 Language/zh_CN webview/',
  'connection' => 'close',
  'host' => 'puzhenshop.feibu.info',
)
[ info ] [ PARAM ] array (
  'wxapp_id' => '10001',
  'token' => 'a660e5aad1b428400ff67bbdedd516d2',
)
[ info ] [ BEHAVIOR ] Run app\common\behavior\App @app_begin [ RunTime:0.000580s ]
[ info ] [ DB ] INIT mysql
[ info ] [ RUN ] app\api\controller\Coupon->lists[ E:\UPUPW_ANK_W64\WebRoot\Vhosts\puzhen\2.0.0\source\application\api\controller\Coupon.php ]
[ info ] [ CACHE ] INIT File
[ info ] [ BEHAVIOR ] Run app\task\behavior\user\Grade @user_grade [ RunTime:0.000543s ]
[ info ] [ BEHAVIOR ] Run app\task\behavior\user\Grade @user_grade [ RunTime:0.000561s ]
[ info ] [ BEHAVIOR ] Run app\task\behavior\UserCoupon @UserCoupon [ RunTime:0.000447s ]
[ info ] [ BEHAVIOR ] Run app\task\behavior\UserCoupon @UserCoupon [ RunTime:0.000459s ]
[ info ] [ LOG ] INIT File
---------------------------------------------------------------
[ 2022-04-16T23:39:11+08:00 ] 113.98.116.128 GET puzhenshop.feibu.info/index.php?s=/api/coupon/lists&wxapp_id=10001&token=a660e5aad1b428400ff67bbdedd516d2
[运行时间：0.176444s] [吞吐率：5.67req/s] [内存消耗：3,312.92kb] [文件加载：91]
[ info ] [ LANG ] E:\UPUPW_ANK_W64\WebRoot\Vhosts\puzhen\2.0.0\source\thinkphp\lang\zh-cn.php
[ info ] [ ROUTE ] array (
  'type' => 'module',
  'module' => 
  array (
    0 => 'api',
    1 => 'coupon',
    2 => 'lists',
  ),
)
[ info ] [ HEADER ] array (
  'accept-encoding' => 'gzip, deflate',
  'referer' => 'https://servicewechat.com/wx6433138919cd9715/devtools/page-frame.html',
  'accept' => '*/*',
  'content-type' => 'application/json',
  'user-agent' => 'Mozilla/5.0 (iPhone; CPU iPhone OS 11_0 like Mac OS X) AppleWebKit/604.1.38 (KHTML, like Gecko) Version/11.0 Mobile/15A372 Safari/604.1 wechatdevtools/1.05.2109131 MicroMessenger/8.0.5 Language/zh_CN webview/',
  'connection' => 'close',
  'host' => 'puzhenshop.feibu.info',
)
[ info ] [ PARAM ] array (
  'wxapp_id' => '10001',
  'token' => 'a660e5aad1b428400ff67bbdedd516d2',
)
[ info ] [ BEHAVIOR ] Run app\common\behavior\App @app_begin [ RunTime:0.000569s ]
[ info ] [ DB ] INIT mysql
[ info ] [ RUN ] app\api\controller\Coupon->lists[ E:\UPUPW_ANK_W64\WebRoot\Vhosts\puzhen\2.0.0\source\application\api\controller\Coupon.php ]
[ info ] [ CACHE ] INIT File
[ info ] [ BEHAVIOR ] Run app\task\behavior\user\Grade @user_grade [ RunTime:0.000610s ]
[ info ] [ BEHAVIOR ] Run app\task\behavior\user\Grade @user_grade [ RunTime:0.000631s ]
[ info ] [ BEHAVIOR ] Run app\task\behavior\UserCoupon @UserCoupon [ RunTime:0.000566s ]
[ info ] [ BEHAVIOR ] Run app\task\behavior\UserCoupon @UserCoupon [ RunTime:0.000586s ]
[ info ] [ LOG ] INIT File
---------------------------------------------------------------
[ 2022-04-16T23:39:16+08:00 ] 113.98.116.128 GET puzhenshop.feibu.info/index.php?s=/api/coupon/lists&wxapp_id=10001&token=a660e5aad1b428400ff67bbdedd516d2
[运行时间：0.161207s] [吞吐率：6.20req/s] [内存消耗：3,312.21kb] [文件加载：91]
[ info ] [ LANG ] E:\UPUPW_ANK_W64\WebRoot\Vhosts\puzhen\2.0.0\source\thinkphp\lang\zh-cn.php
[ info ] [ ROUTE ] array (
  'type' => 'module',
  'module' => 
  array (
    0 => 'api',
    1 => 'coupon',
    2 => 'lists',
  ),
)
[ info ] [ HEADER ] array (
  'accept-encoding' => 'gzip, deflate',
  'referer' => 'https://servicewechat.com/wx6433138919cd9715/devtools/page-frame.html',
  'accept' => '*/*',
  'content-type' => 'application/json',
  'user-agent' => 'Mozilla/5.0 (iPhone; CPU iPhone OS 11_0 like Mac OS X) AppleWebKit/604.1.38 (KHTML, like Gecko) Version/11.0 Mobile/15A372 Safari/604.1 wechatdevtools/1.05.2109131 MicroMessenger/8.0.5 Language/zh_CN webview/',
  'connection' => 'close',
  'host' => 'puzhenshop.feibu.info',
)
[ info ] [ PARAM ] array (
  'wxapp_id' => '10001',
  'token' => 'a660e5aad1b428400ff67bbdedd516d2',
)
[ info ] [ BEHAVIOR ] Run app\common\behavior\App @app_begin [ RunTime:0.000242s ]
[ info ] [ DB ] INIT mysql
[ info ] [ RUN ] app\api\controller\Coupon->lists[ E:\UPUPW_ANK_W64\WebRoot\Vhosts\puzhen\2.0.0\source\application\api\controller\Coupon.php ]
[ info ] [ CACHE ] INIT File
[ info ] [ BEHAVIOR ] Run app\task\behavior\user\Grade @user_grade [ RunTime:0.000222s ]
[ info ] [ BEHAVIOR ] Run app\task\behavior\user\Grade @user_grade [ RunTime:0.000234s ]
[ info ] [ BEHAVIOR ] Run app\task\behavior\UserCoupon @UserCoupon [ RunTime:0.000209s ]
[ info ] [ BEHAVIOR ] Run app\task\behavior\UserCoupon @UserCoupon [ RunTime:0.000223s ]
[ info ] [ LOG ] INIT File
---------------------------------------------------------------
[ 2022-04-16T23:41:13+08:00 ] 113.98.116.128 GET puzhenshop.feibu.info/index.php?s=/api/page/index&page_id=0&wxapp_id=10001&token=a660e5aad1b428400ff67bbdedd516d2
[运行时间：0.300554s] [吞吐率：3.33req/s] [内存消耗：3,687.87kb] [文件加载：100]
[ info ] [ LANG ] E:\UPUPW_ANK_W64\WebRoot\Vhosts\puzhen\2.0.0\source\thinkphp\lang\zh-cn.php
[ info ] [ ROUTE ] array (
  'type' => 'module',
  'module' => 
  array (
    0 => 'api',
    1 => 'page',
    2 => 'index',
  ),
)
[ info ] [ HEADER ] array (
  'accept-encoding' => 'gzip, deflate',
  'referer' => 'https://servicewechat.com/wx6433138919cd9715/devtools/page-frame.html',
  'accept' => '*/*',
  'content-type' => 'application/json',
  'user-agent' => 'Mozilla/5.0 (iPhone; CPU iPhone OS 11_0 like Mac OS X) AppleWebKit/604.1.38 (KHTML, like Gecko) Version/11.0 Mobile/15A372 Safari/604.1 wechatdevtools/1.05.2109131 MicroMessenger/8.0.5 Language/zh_CN webview/',
  'connection' => 'close',
  'host' => 'puzhenshop.feibu.info',
)
[ info ] [ PARAM ] array (
  'page_id' => '0',
  'wxapp_id' => '10001',
  'token' => 'a660e5aad1b428400ff67bbdedd516d2',
)
[ info ] [ BEHAVIOR ] Run app\common\behavior\App @app_begin [ RunTime:0.000564s ]
[ info ] [ DB ] INIT mysql
[ info ] [ RUN ] app\api\controller\Page->index[ E:\UPUPW_ANK_W64\WebRoot\Vhosts\puzhen\2.0.0\source\application\api\controller\Page.php ]
[ info ] [ CACHE ] INIT File
[ info ] [ BEHAVIOR ] Run app\task\behavior\user\Grade @user_grade [ RunTime:0.000369s ]
[ info ] [ BEHAVIOR ] Run app\task\behavior\user\Grade @user_grade [ RunTime:0.000381s ]
[ info ] [ LOG ] INIT File
---------------------------------------------------------------
[ 2022-04-16T23:41:22+08:00 ] 113.98.116.128 GET puzhenshop.feibu.info/index.php?s=/api/page/index&page_id=0&wxapp_id=10001&token=a660e5aad1b428400ff67bbdedd516d2
[运行时间：0.242190s] [吞吐率：4.13req/s] [内存消耗：3,687.16kb] [文件加载：100]
[ info ] [ LANG ] E:\UPUPW_ANK_W64\WebRoot\Vhosts\puzhen\2.0.0\source\thinkphp\lang\zh-cn.php
[ info ] [ ROUTE ] array (
  'type' => 'module',
  'module' => 
  array (
    0 => 'api',
    1 => 'page',
    2 => 'index',
  ),
)
[ info ] [ HEADER ] array (
  'accept-encoding' => 'gzip, deflate',
  'referer' => 'https://servicewechat.com/wx6433138919cd9715/devtools/page-frame.html',
  'accept' => '*/*',
  'content-type' => 'application/json',
  'user-agent' => 'Mozilla/5.0 (iPhone; CPU iPhone OS 11_0 like Mac OS X) AppleWebKit/604.1.38 (KHTML, like Gecko) Version/11.0 Mobile/15A372 Safari/604.1 wechatdevtools/1.05.2109131 MicroMessenger/8.0.5 Language/zh_CN webview/',
  'connection' => 'close',
  'host' => 'puzhenshop.feibu.info',
)
[ info ] [ PARAM ] array (
  'page_id' => '0',
  'wxapp_id' => '10001',
  'token' => 'a660e5aad1b428400ff67bbdedd516d2',
)
[ info ] [ BEHAVIOR ] Run app\common\behavior\App @app_begin [ RunTime:0.000383s ]
[ info ] [ DB ] INIT mysql
[ info ] [ RUN ] app\api\controller\Page->index[ E:\UPUPW_ANK_W64\WebRoot\Vhosts\puzhen\2.0.0\source\application\api\controller\Page.php ]
[ info ] [ CACHE ] INIT File
[ info ] [ BEHAVIOR ] Run app\task\behavior\user\Grade @user_grade [ RunTime:0.000217s ]
[ info ] [ BEHAVIOR ] Run app\task\behavior\user\Grade @user_grade [ RunTime:0.000232s ]
[ info ] [ LOG ] INIT File
---------------------------------------------------------------
[ 2022-04-16T23:41:34+08:00 ] 113.98.116.128 GET puzhenshop.feibu.info/index.php?s=/api/page/index&page_id=0&wxapp_id=10001&token=a660e5aad1b428400ff67bbdedd516d2
[运行时间：0.283590s] [吞吐率：3.53req/s] [内存消耗：3,687.87kb] [文件加载：100]
[ info ] [ LANG ] E:\UPUPW_ANK_W64\WebRoot\Vhosts\puzhen\2.0.0\source\thinkphp\lang\zh-cn.php
[ info ] [ ROUTE ] array (
  'type' => 'module',
  'module' => 
  array (
    0 => 'api',
    1 => 'page',
    2 => 'index',
  ),
)
[ info ] [ HEADER ] array (
  'accept-encoding' => 'gzip, deflate',
  'referer' => 'https://servicewechat.com/wx6433138919cd9715/devtools/page-frame.html',
  'accept' => '*/*',
  'content-type' => 'application/json',
  'user-agent' => 'Mozilla/5.0 (iPhone; CPU iPhone OS 11_0 like Mac OS X) AppleWebKit/604.1.38 (KHTML, like Gecko) Version/11.0 Mobile/15A372 Safari/604.1 wechatdevtools/1.05.2109131 MicroMessenger/8.0.5 Language/zh_CN webview/',
  'connection' => 'close',
  'host' => 'puzhenshop.feibu.info',
)
[ info ] [ PARAM ] array (
  'page_id' => '0',
  'wxapp_id' => '10001',
  'token' => 'a660e5aad1b428400ff67bbdedd516d2',
)
[ info ] [ BEHAVIOR ] Run app\common\behavior\App @app_begin [ RunTime:0.000593s ]
[ info ] [ DB ] INIT mysql
[ info ] [ RUN ] app\api\controller\Page->index[ E:\UPUPW_ANK_W64\WebRoot\Vhosts\puzhen\2.0.0\source\application\api\controller\Page.php ]
[ info ] [ CACHE ] INIT File
[ info ] [ BEHAVIOR ] Run app\task\behavior\user\Grade @user_grade [ RunTime:0.000364s ]
[ info ] [ BEHAVIOR ] Run app\task\behavior\user\Grade @user_grade [ RunTime:0.000376s ]
[ info ] [ LOG ] INIT File
---------------------------------------------------------------
[ 2022-04-16T23:41:39+08:00 ] 113.98.116.128 GET puzhenshop.feibu.info/index.php?s=/api/page/index&page_id=0&wxapp_id=10001&token=a660e5aad1b428400ff67bbdedd516d2
[运行时间：0.252878s] [吞吐率：3.95req/s] [内存消耗：3,687.16kb] [文件加载：100]
[ info ] [ LANG ] E:\UPUPW_ANK_W64\WebRoot\Vhosts\puzhen\2.0.0\source\thinkphp\lang\zh-cn.php
[ info ] [ ROUTE ] array (
  'type' => 'module',
  'module' => 
  array (
    0 => 'api',
    1 => 'page',
    2 => 'index',
  ),
)
[ info ] [ HEADER ] array (
  'accept-encoding' => 'gzip, deflate',
  'referer' => 'https://servicewechat.com/wx6433138919cd9715/devtools/page-frame.html',
  'accept' => '*/*',
  'content-type' => 'application/json',
  'user-agent' => 'Mozilla/5.0 (iPhone; CPU iPhone OS 11_0 like Mac OS X) AppleWebKit/604.1.38 (KHTML, like Gecko) Version/11.0 Mobile/15A372 Safari/604.1 wechatdevtools/1.05.2109131 MicroMessenger/8.0.5 Language/zh_CN webview/',
  'connection' => 'close',
  'host' => 'puzhenshop.feibu.info',
)
[ info ] [ PARAM ] array (
  'page_id' => '0',
  'wxapp_id' => '10001',
  'token' => 'a660e5aad1b428400ff67bbdedd516d2',
)
[ info ] [ BEHAVIOR ] Run app\common\behavior\App @app_begin [ RunTime:0.000315s ]
[ info ] [ DB ] INIT mysql
[ info ] [ RUN ] app\api\controller\Page->index[ E:\UPUPW_ANK_W64\WebRoot\Vhosts\puzhen\2.0.0\source\application\api\controller\Page.php ]
[ info ] [ CACHE ] INIT File
[ info ] [ BEHAVIOR ] Run app\task\behavior\user\Grade @user_grade [ RunTime:0.000219s ]
[ info ] [ BEHAVIOR ] Run app\task\behavior\user\Grade @user_grade [ RunTime:0.000231s ]
[ info ] [ LOG ] INIT File
---------------------------------------------------------------
[ 2022-04-16T23:42:05+08:00 ] 113.98.116.128 GET puzhenshop.feibu.info/index.php?s=/api/page/index&page_id=0&wxapp_id=10001&token=a660e5aad1b428400ff67bbdedd516d2
[运行时间：0.310588s] [吞吐率：3.22req/s] [内存消耗：3,687.87kb] [文件加载：100]
[ info ] [ LANG ] E:\UPUPW_ANK_W64\WebRoot\Vhosts\puzhen\2.0.0\source\thinkphp\lang\zh-cn.php
[ info ] [ ROUTE ] array (
  'type' => 'module',
  'module' => 
  array (
    0 => 'api',
    1 => 'page',
    2 => 'index',
  ),
)
[ info ] [ HEADER ] array (
  'accept-encoding' => 'gzip, deflate',
  'referer' => 'https://servicewechat.com/wx6433138919cd9715/devtools/page-frame.html',
  'accept' => '*/*',
  'content-type' => 'application/json',
  'user-agent' => 'Mozilla/5.0 (iPhone; CPU iPhone OS 11_0 like Mac OS X) AppleWebKit/604.1.38 (KHTML, like Gecko) Version/11.0 Mobile/15A372 Safari/604.1 wechatdevtools/1.05.2109131 MicroMessenger/8.0.5 Language/zh_CN webview/',
  'connection' => 'close',
  'host' => 'puzhenshop.feibu.info',
)
[ info ] [ PARAM ] array (
  'page_id' => '0',
  'wxapp_id' => '10001',
  'token' => 'a660e5aad1b428400ff67bbdedd516d2',
)
[ info ] [ BEHAVIOR ] Run app\common\behavior\App @app_begin [ RunTime:0.000544s ]
[ info ] [ DB ] INIT mysql
[ info ] [ RUN ] app\api\controller\Page->index[ E:\UPUPW_ANK_W64\WebRoot\Vhosts\puzhen\2.0.0\source\application\api\controller\Page.php ]
[ info ] [ CACHE ] INIT File
[ info ] [ BEHAVIOR ] Run app\task\behavior\user\Grade @user_grade [ RunTime:0.000362s ]
[ info ] [ BEHAVIOR ] Run app\task\behavior\user\Grade @user_grade [ RunTime:0.000374s ]
[ info ] [ LOG ] INIT File
---------------------------------------------------------------
[ 2022-04-16T23:43:37+08:00 ] 113.98.117.116 GET puzhenshop.feibu.info/index.php?s=/api/coupon/lists&wxapp_id=10001&token=a660e5aad1b428400ff67bbdedd516d2
[运行时间：0.190595s] [吞吐率：5.25req/s] [内存消耗：3,312.92kb] [文件加载：91]
[ info ] [ LANG ] E:\UPUPW_ANK_W64\WebRoot\Vhosts\puzhen\2.0.0\source\thinkphp\lang\zh-cn.php
[ info ] [ ROUTE ] array (
  'type' => 'module',
  'module' => 
  array (
    0 => 'api',
    1 => 'coupon',
    2 => 'lists',
  ),
)
[ info ] [ HEADER ] array (
  'accept-encoding' => 'gzip, deflate',
  'referer' => 'https://servicewechat.com/wx6433138919cd9715/devtools/page-frame.html',
  'accept' => '*/*',
  'content-type' => 'application/json',
  'user-agent' => 'Mozilla/5.0 (iPhone; CPU iPhone OS 11_0 like Mac OS X) AppleWebKit/604.1.38 (KHTML, like Gecko) Version/11.0 Mobile/15A372 Safari/604.1 wechatdevtools/1.05.2109131 MicroMessenger/8.0.5 Language/zh_CN webview/',
  'connection' => 'close',
  'host' => 'puzhenshop.feibu.info',
)
[ info ] [ PARAM ] array (
  'wxapp_id' => '10001',
  'token' => 'a660e5aad1b428400ff67bbdedd516d2',
)
[ info ] [ BEHAVIOR ] Run app\common\behavior\App @app_begin [ RunTime:0.000514s ]
[ info ] [ DB ] INIT mysql
[ info ] [ RUN ] app\api\controller\Coupon->lists[ E:\UPUPW_ANK_W64\WebRoot\Vhosts\puzhen\2.0.0\source\application\api\controller\Coupon.php ]
[ info ] [ CACHE ] INIT File
[ info ] [ BEHAVIOR ] Run app\task\behavior\user\Grade @user_grade [ RunTime:0.000359s ]
[ info ] [ BEHAVIOR ] Run app\task\behavior\user\Grade @user_grade [ RunTime:0.000375s ]
[ info ] [ BEHAVIOR ] Run app\task\behavior\UserCoupon @UserCoupon [ RunTime:0.000484s ]
[ info ] [ BEHAVIOR ] Run app\task\behavior\UserCoupon @UserCoupon [ RunTime:0.000499s ]
[ info ] [ LOG ] INIT File
---------------------------------------------------------------
[ 2022-04-16T23:43:38+08:00 ] 113.98.117.116 GET puzhenshop.feibu.info/index.php?s=/api/coupon/lists&wxapp_id=10001&token=a660e5aad1b428400ff67bbdedd516d2
[运行时间：0.196422s] [吞吐率：5.09req/s] [内存消耗：3,312.21kb] [文件加载：91]
[ info ] [ LANG ] E:\UPUPW_ANK_W64\WebRoot\Vhosts\puzhen\2.0.0\source\thinkphp\lang\zh-cn.php
[ info ] [ ROUTE ] array (
  'type' => 'module',
  'module' => 
  array (
    0 => 'api',
    1 => 'coupon',
    2 => 'lists',
  ),
)
[ info ] [ HEADER ] array (
  'accept-encoding' => 'gzip, deflate',
  'referer' => 'https://servicewechat.com/wx6433138919cd9715/devtools/page-frame.html',
  'accept' => '*/*',
  'content-type' => 'application/json',
  'user-agent' => 'Mozilla/5.0 (iPhone; CPU iPhone OS 11_0 like Mac OS X) AppleWebKit/604.1.38 (KHTML, like Gecko) Version/11.0 Mobile/15A372 Safari/604.1 wechatdevtools/1.05.2109131 MicroMessenger/8.0.5 Language/zh_CN webview/',
  'connection' => 'close',
  'host' => 'puzhenshop.feibu.info',
)
[ info ] [ PARAM ] array (
  'wxapp_id' => '10001',
  'token' => 'a660e5aad1b428400ff67bbdedd516d2',
)
[ info ] [ BEHAVIOR ] Run app\common\behavior\App @app_begin [ RunTime:0.000245s ]
[ info ] [ DB ] INIT mysql
[ info ] [ RUN ] app\api\controller\Coupon->lists[ E:\UPUPW_ANK_W64\WebRoot\Vhosts\puzhen\2.0.0\source\application\api\controller\Coupon.php ]
[ info ] [ CACHE ] INIT File
[ info ] [ BEHAVIOR ] Run app\task\behavior\user\Grade @user_grade [ RunTime:0.000220s ]
[ info ] [ BEHAVIOR ] Run app\task\behavior\user\Grade @user_grade [ RunTime:0.000233s ]
[ info ] [ BEHAVIOR ] Run app\task\behavior\UserCoupon @UserCoupon [ RunTime:0.000248s ]
[ info ] [ BEHAVIOR ] Run app\task\behavior\UserCoupon @UserCoupon [ RunTime:0.000260s ]
[ info ] [ LOG ] INIT File
---------------------------------------------------------------
[ 2022-04-16T23:43:44+08:00 ] 113.98.117.116 GET puzhenshop.feibu.info/index.php?s=/api/coupon/lists&wxapp_id=10001&token=a660e5aad1b428400ff67bbdedd516d2
[运行时间：0.205330s] [吞吐率：4.87req/s] [内存消耗：3,312.21kb] [文件加载：91]
[ info ] [ LANG ] E:\UPUPW_ANK_W64\WebRoot\Vhosts\puzhen\2.0.0\source\thinkphp\lang\zh-cn.php
[ info ] [ ROUTE ] array (
  'type' => 'module',
  'module' => 
  array (
    0 => 'api',
    1 => 'coupon',
    2 => 'lists',
  ),
)
[ info ] [ HEADER ] array (
  'accept-encoding' => 'gzip, deflate',
  'referer' => 'https://servicewechat.com/wx6433138919cd9715/devtools/page-frame.html',
  'accept' => '*/*',
  'content-type' => 'application/json',
  'user-agent' => 'Mozilla/5.0 (iPhone; CPU iPhone OS 11_0 like Mac OS X) AppleWebKit/604.1.38 (KHTML, like Gecko) Version/11.0 Mobile/15A372 Safari/604.1 wechatdevtools/1.05.2109131 MicroMessenger/8.0.5 Language/zh_CN webview/',
  'connection' => 'close',
  'host' => 'puzhenshop.feibu.info',
)
[ info ] [ PARAM ] array (
  'wxapp_id' => '10001',
  'token' => 'a660e5aad1b428400ff67bbdedd516d2',
)
[ info ] [ BEHAVIOR ] Run app\common\behavior\App @app_begin [ RunTime:0.000292s ]
[ info ] [ DB ] INIT mysql
[ info ] [ RUN ] app\api\controller\Coupon->lists[ E:\UPUPW_ANK_W64\WebRoot\Vhosts\puzhen\2.0.0\source\application\api\controller\Coupon.php ]
[ info ] [ CACHE ] INIT File
[ info ] [ BEHAVIOR ] Run app\task\behavior\user\Grade @user_grade [ RunTime:0.000285s ]
[ info ] [ BEHAVIOR ] Run app\task\behavior\user\Grade @user_grade [ RunTime:0.000299s ]
[ info ] [ BEHAVIOR ] Run app\task\behavior\UserCoupon @UserCoupon [ RunTime:0.000308s ]
[ info ] [ BEHAVIOR ] Run app\task\behavior\UserCoupon @UserCoupon [ RunTime:0.000321s ]
[ info ] [ LOG ] INIT File
---------------------------------------------------------------
[ 2022-04-16T23:58:43+08:00 ] 113.98.117.116 GET puzhenshop.feibu.info/index.php?s=/api/user.comment/order&order_id=undefined&wxapp_id=10001&token=a660e5aad1b428400ff67bbdedd516d2
[运行时间：0.267115s] [吞吐率：3.74req/s] [内存消耗：3,741.47kb] [文件加载：112]
[ info ] [ LANG ] E:\UPUPW_ANK_W64\WebRoot\Vhosts\puzhen\2.0.0\source\thinkphp\lang\zh-cn.php
[ info ] [ ROUTE ] array (
  'type' => 'module',
  'module' => 
  array (
    0 => 'api',
    1 => 'user.comment',
    2 => 'order',
  ),
)
[ info ] [ HEADER ] array (
  'accept-encoding' => 'gzip, deflate',
  'referer' => 'https://servicewechat.com/wx6433138919cd9715/devtools/page-frame.html',
  'accept' => '*/*',
  'content-type' => 'application/json',
  'user-agent' => 'Mozilla/5.0 (iPhone; CPU iPhone OS 11_0 like Mac OS X) AppleWebKit/604.1.38 (KHTML, like Gecko) Version/11.0 Mobile/15A372 Safari/604.1 wechatdevtools/1.05.2109131 MicroMessenger/8.0.5 Language/zh_CN webview/',
  'connection' => 'close',
  'host' => 'puzhenshop.feibu.info',
)
[ info ] [ PARAM ] array (
  'order_id' => 'undefined',
  'wxapp_id' => '10001',
  'token' => 'a660e5aad1b428400ff67bbdedd516d2',
)
[ info ] [ BEHAVIOR ] Run app\common\behavior\App @app_begin [ RunTime:0.000538s ]
[ info ] [ DB ] INIT mysql
[ info ] [ RUN ] app\api\controller\user\Comment->order[ E:\UPUPW_ANK_W64\WebRoot\Vhosts\puzhen\2.0.0\source\application\api\controller\user\Comment.php ]
[ info ] [ CACHE ] INIT File
[ info ] [ BEHAVIOR ] Run app\task\behavior\user\Grade @user_grade [ RunTime:0.020006s ]
[ info ] [ BEHAVIOR ] Run app\task\behavior\user\Grade @user_grade [ RunTime:0.020036s ]
[ info ] [ BEHAVIOR ] Run app\task\behavior\Order @order [ RunTime:0.000601s ]
[ info ] [ BEHAVIOR ] Run app\task\behavior\sharp\Order @order [ RunTime:0.043241s ]
[ info ] [ BEHAVIOR ] Run app\task\behavior\Order @order [ RunTime:0.043258s ]
[ info ] [ LOG ] INIT File
