---------------------------------------------------------------
[ 2022-04-22T15:53:52+08:00 ] 218.19.206.154 GET puzhenshop.feibu.info/index.php?s=/admin/passport/login
[运行时间：0.180949s] [吞吐率：5.53req/s] [内存消耗：1,775.14kb] [文件加载：61]
[ info ] [ LANG ] E:\UPUPW_ANK_W64\WebRoot\Vhosts\puzhen\2.0.0\source\thinkphp\lang\zh-cn.php
[ info ] [ ROUTE ] array (
  'type' => 'module',
  'module' => 
  array (
    0 => 'admin',
    1 => 'passport',
    2 => 'login',
  ),
)
[ info ] [ HEADER ] array (
  'cookie' => '__gads=ID=00d075fa159d8ac8:T=1597915774:S=ALNI_MZogTGW2LAF0H_NTkBymWmUYtnOxQ; __root_domain_v=.feibu.info; _qddaz=QD.932230466496504; Hm_lvt_8231d52c4580fdb4fc6a6098e03a174f=1646725837; Hm_lpvt_8231d52c4580fdb4fc6a6098e03a174f=1646726312; PHPSESSID=cmubvvptf0coclkkcre98a0a9b; thinkphp_show_page_trace=0|0',
  'accept-language' => 'en,zh-CN;q=0.9,zh;q=0.8',
  'accept-encoding' => 'gzip, deflate',
  'accept' => 'text/html,application/xhtml+xml,application/xml;q=0.9,image/avif,image/webp,image/apng,*/*;q=0.8,application/signed-exchange;v=b3;q=0.9',
  'user-agent' => 'Mozilla/5.0 (Macintosh; Intel Mac OS X 10_14_6) AppleWebKit/537.36 (KHTML, like Gecko) Chrome/100.0.4896.88 Safari/537.36',
  'upgrade-insecure-requests' => '1',
  'dnt' => '1',
  'connection' => 'close',
  'host' => 'puzhenshop.feibu.info',
)
[ info ] [ PARAM ] array (
)
[ info ] [ BEHAVIOR ] Run app\common\behavior\App @app_begin [ RunTime:0.003051s ]
[ info ] [ SESSION ] INIT array (
  'id' => '',
  'var_session_id' => '',
  'prefix' => '',
  'type' => '',
  'auto_start' => true,
)
[ info ] [ RUN ] app\admin\controller\Passport->login[ E:\UPUPW_ANK_W64\WebRoot\Vhosts\puzhen\2.0.0\source\application\admin\controller\Passport.php ]
[ info ] [ VIEW ] E:\UPUPW_ANK_W64\WebRoot\Vhosts\puzhen\2.0.0\web/../source/application/admin\view\passport\login.php [ array (
) ]
[ info ] [ LOG ] INIT File
---------------------------------------------------------------
[ 2022-04-22T15:53:56+08:00 ] 218.19.206.154 POST puzhenshop.feibu.info/index.php?s=/admin/passport/login
[运行时间：0.104925s] [吞吐率：9.53req/s] [内存消耗：2,812.45kb] [文件加载：68]
[ info ] [ LANG ] E:\UPUPW_ANK_W64\WebRoot\Vhosts\puzhen\2.0.0\source\thinkphp\lang\zh-cn.php
[ info ] [ ROUTE ] array (
  'type' => 'module',
  'module' => 
  array (
    0 => 'admin',
    1 => 'passport',
    2 => 'login',
  ),
)
[ info ] [ HEADER ] array (
  'cookie' => '__gads=ID=00d075fa159d8ac8:T=1597915774:S=ALNI_MZogTGW2LAF0H_NTkBymWmUYtnOxQ; __root_domain_v=.feibu.info; _qddaz=QD.932230466496504; Hm_lvt_8231d52c4580fdb4fc6a6098e03a174f=1646725837; Hm_lpvt_8231d52c4580fdb4fc6a6098e03a174f=1646726312; PHPSESSID=cmubvvptf0coclkkcre98a0a9b; thinkphp_show_page_trace=0|0',
  'accept-language' => 'en,zh-CN;q=0.9,zh;q=0.8',
  'accept-encoding' => 'gzip, deflate',
  'referer' => 'http://puzhenshop.feibu.info/index.php?s=/admin/passport/login',
  'origin' => 'http://puzhenshop.feibu.info',
  'content-type' => 'application/x-www-form-urlencoded; charset=UTF-8',
  'user-agent' => 'Mozilla/5.0 (Macintosh; Intel Mac OS X 10_14_6) AppleWebKit/537.36 (KHTML, like Gecko) Chrome/100.0.4896.88 Safari/537.36',
  'x-requested-with' => 'XMLHttpRequest',
  'dnt' => '1',
  'accept' => 'application/json, text/javascript, */*; q=0.01',
  'content-length' => '55',
  'connection' => 'close',
  'host' => 'puzhenshop.feibu.info',
)
[ info ] [ PARAM ] array (
  'User' => 
  array (
    'user_name' => 'admin',
    'password' => 'afanti2021',
  ),
)
[ info ] [ BEHAVIOR ] Run app\common\behavior\App @app_begin [ RunTime:0.000189s ]
[ info ] [ SESSION ] INIT array (
  'id' => '',
  'var_session_id' => '',
  'prefix' => '',
  'type' => '',
  'auto_start' => true,
)
[ info ] [ RUN ] app\admin\controller\Passport->login[ E:\UPUPW_ANK_W64\WebRoot\Vhosts\puzhen\2.0.0\source\application\admin\controller\Passport.php ]
[ info ] [ DB ] INIT mysql
[ info ] [ LOG ] INIT File
---------------------------------------------------------------
[ 2022-04-22T15:53:59+08:00 ] 218.19.206.154 POST puzhenshop.feibu.info/index.php?s=/admin/passport/login
[运行时间：0.060611s] [吞吐率：16.50req/s] [内存消耗：2,813.66kb] [文件加载：68]
[ info ] [ LANG ] E:\UPUPW_ANK_W64\WebRoot\Vhosts\puzhen\2.0.0\source\thinkphp\lang\zh-cn.php
[ info ] [ ROUTE ] array (
  'type' => 'module',
  'module' => 
  array (
    0 => 'admin',
    1 => 'passport',
    2 => 'login',
  ),
)
[ info ] [ HEADER ] array (
  'cookie' => '__gads=ID=00d075fa159d8ac8:T=1597915774:S=ALNI_MZogTGW2LAF0H_NTkBymWmUYtnOxQ; __root_domain_v=.feibu.info; _qddaz=QD.932230466496504; Hm_lvt_8231d52c4580fdb4fc6a6098e03a174f=1646725837; Hm_lpvt_8231d52c4580fdb4fc6a6098e03a174f=1646726312; PHPSESSID=cmubvvptf0coclkkcre98a0a9b; thinkphp_show_page_trace=0|0',
  'accept-language' => 'en,zh-CN;q=0.9,zh;q=0.8',
  'accept-encoding' => 'gzip, deflate',
  'referer' => 'http://puzhenshop.feibu.info/index.php?s=/admin/passport/login',
  'origin' => 'http://puzhenshop.feibu.info',
  'content-type' => 'application/x-www-form-urlencoded; charset=UTF-8',
  'user-agent' => 'Mozilla/5.0 (Macintosh; Intel Mac OS X 10_14_6) AppleWebKit/537.36 (KHTML, like Gecko) Chrome/100.0.4896.88 Safari/537.36',
  'x-requested-with' => 'XMLHttpRequest',
  'dnt' => '1',
  'accept' => 'application/json, text/javascript, */*; q=0.01',
  'content-length' => '51',
  'connection' => 'close',
  'host' => 'puzhenshop.feibu.info',
)
[ info ] [ PARAM ] array (
  'User' => 
  array (
    'user_name' => 'admin',
    'password' => '123456',
  ),
)
[ info ] [ BEHAVIOR ] Run app\common\behavior\App @app_begin [ RunTime:0.000196s ]
[ info ] [ SESSION ] INIT array (
  'id' => '',
  'var_session_id' => '',
  'prefix' => '',
  'type' => '',
  'auto_start' => true,
)
[ info ] [ RUN ] app\admin\controller\Passport->login[ E:\UPUPW_ANK_W64\WebRoot\Vhosts\puzhen\2.0.0\source\application\admin\controller\Passport.php ]
[ info ] [ DB ] INIT mysql
[ info ] [ LOG ] INIT File
---------------------------------------------------------------
[ 2022-04-22T15:54:01+08:00 ] 218.19.206.154 GET puzhenshop.feibu.info/index.php?s=/admin/index/index
[运行时间：0.034613s] [吞吐率：28.89req/s] [内存消耗：1,928.41kb] [文件加载：63]
[ info ] [ LANG ] E:\UPUPW_ANK_W64\WebRoot\Vhosts\puzhen\2.0.0\source\thinkphp\lang\zh-cn.php
[ info ] [ ROUTE ] array (
  'type' => 'module',
  'module' => 
  array (
    0 => 'admin',
    1 => 'index',
    2 => 'index',
  ),
)
[ info ] [ HEADER ] array (
  'cookie' => '__gads=ID=00d075fa159d8ac8:T=1597915774:S=ALNI_MZogTGW2LAF0H_NTkBymWmUYtnOxQ; __root_domain_v=.feibu.info; _qddaz=QD.932230466496504; Hm_lvt_8231d52c4580fdb4fc6a6098e03a174f=1646725837; Hm_lpvt_8231d52c4580fdb4fc6a6098e03a174f=1646726312; PHPSESSID=cmubvvptf0coclkkcre98a0a9b; thinkphp_show_page_trace=0|0',
  'accept-language' => 'en,zh-CN;q=0.9,zh;q=0.8',
  'accept-encoding' => 'gzip, deflate',
  'referer' => 'http://puzhenshop.feibu.info/index.php?s=/admin/passport/login',
  'accept' => 'text/html,application/xhtml+xml,application/xml;q=0.9,image/avif,image/webp,image/apng,*/*;q=0.8,application/signed-exchange;v=b3;q=0.9',
  'user-agent' => 'Mozilla/5.0 (Macintosh; Intel Mac OS X 10_14_6) AppleWebKit/537.36 (KHTML, like Gecko) Chrome/100.0.4896.88 Safari/537.36',
  'dnt' => '1',
  'upgrade-insecure-requests' => '1',
  'connection' => 'close',
  'host' => 'puzhenshop.feibu.info',
)
[ info ] [ PARAM ] array (
)
[ info ] [ BEHAVIOR ] Run app\common\behavior\App @app_begin [ RunTime:0.000221s ]
[ info ] [ SESSION ] INIT array (
  'id' => '',
  'var_session_id' => '',
  'prefix' => '',
  'type' => '',
  'auto_start' => true,
)
[ info ] [ RUN ] app\admin\controller\Index->index[ E:\UPUPW_ANK_W64\WebRoot\Vhosts\puzhen\2.0.0\source\application\admin\controller\Index.php ]
[ info ] [ VIEW ] E:\UPUPW_ANK_W64\WebRoot\Vhosts\puzhen\2.0.0\web/../source/application/admin\view\index\index.php [ array (
  0 => 'base_url',
  1 => 'admin_url',
  2 => 'group',
  3 => 'menus',
  4 => 'admin',
  5 => 'version',
  6 => 'request',
) ]
[ info ] [ LOG ] INIT File
---------------------------------------------------------------
[ 2022-04-22T15:54:07+08:00 ] 218.19.206.154 GET puzhenshop.feibu.info/index.php?s=/admin/store/index
[运行时间：0.123043s] [吞吐率：8.13req/s] [内存消耗：3,277.13kb] [文件加载：85]
[ info ] [ LANG ] E:\UPUPW_ANK_W64\WebRoot\Vhosts\puzhen\2.0.0\source\thinkphp\lang\zh-cn.php
[ info ] [ ROUTE ] array (
  'type' => 'module',
  'module' => 
  array (
    0 => 'admin',
    1 => 'store',
    2 => 'index',
  ),
)
[ info ] [ HEADER ] array (
  'cookie' => '__gads=ID=00d075fa159d8ac8:T=1597915774:S=ALNI_MZogTGW2LAF0H_NTkBymWmUYtnOxQ; __root_domain_v=.feibu.info; _qddaz=QD.932230466496504; Hm_lvt_8231d52c4580fdb4fc6a6098e03a174f=1646725837; Hm_lpvt_8231d52c4580fdb4fc6a6098e03a174f=1646726312; PHPSESSID=cmubvvptf0coclkkcre98a0a9b; thinkphp_show_page_trace=0|0',
  'accept-language' => 'en,zh-CN;q=0.9,zh;q=0.8',
  'accept-encoding' => 'gzip, deflate',
  'referer' => 'http://puzhenshop.feibu.info/index.php?s=/admin/index/index',
  'accept' => 'text/html,application/xhtml+xml,application/xml;q=0.9,image/avif,image/webp,image/apng,*/*;q=0.8,application/signed-exchange;v=b3;q=0.9',
  'user-agent' => 'Mozilla/5.0 (Macintosh; Intel Mac OS X 10_14_6) AppleWebKit/537.36 (KHTML, like Gecko) Chrome/100.0.4896.88 Safari/537.36',
  'dnt' => '1',
  'upgrade-insecure-requests' => '1',
  'connection' => 'close',
  'host' => 'puzhenshop.feibu.info',
)
[ info ] [ PARAM ] array (
)
[ info ] [ BEHAVIOR ] Run app\common\behavior\App @app_begin [ RunTime:0.000220s ]
[ info ] [ SESSION ] INIT array (
  'id' => '',
  'var_session_id' => '',
  'prefix' => '',
  'type' => '',
  'auto_start' => true,
)
[ info ] [ RUN ] app\admin\controller\Store->index[ E:\UPUPW_ANK_W64\WebRoot\Vhosts\puzhen\2.0.0\source\application\admin\controller\Store.php ]
[ info ] [ DB ] INIT mysql
[ info ] [ CACHE ] INIT File
[ info ] [ VIEW ] E:\UPUPW_ANK_W64\WebRoot\Vhosts\puzhen\2.0.0\web/../source/application/admin\view\store\index.php [ array (
  0 => 'base_url',
  1 => 'admin_url',
  2 => 'group',
  3 => 'menus',
  4 => 'admin',
  5 => 'version',
  6 => 'request',
  7 => 'list',
  8 => 'names',
) ]
[ info ] [ LOG ] INIT File
---------------------------------------------------------------
[ 2022-04-22T18:01:04+08:00 ] 218.19.206.154 GET puzhenshop.feibu.info/index.php?s=/store/goods/index
[运行时间：0.051116s] [吞吐率：19.56req/s] [内存消耗：1,811.70kb] [文件加载：60]
[ info ] [ LANG ] E:\UPUPW_ANK_W64\WebRoot\Vhosts\puzhen\2.0.0\source\thinkphp\lang\zh-cn.php
[ info ] [ ROUTE ] array (
  'type' => 'module',
  'module' => 
  array (
    0 => 'store',
    1 => 'goods',
    2 => 'index',
  ),
)
[ info ] [ HEADER ] array (
  'cookie' => 'PHPSESSID=psbv7ufk63g5gma3st4r72hks5; thinkphp_show_page_trace=0|0; Hm_lvt_8231d52c4580fdb4fc6a6098e03a174f=1646725906,1648092911; Hm_lpvt_8231d52c4580fdb4fc6a6098e03a174f=1648789821; __root_domain_v=.feibu.info; _qddaz=QD.462850277201994',
  'accept-language' => 'zh-CN,zh;q=0.9',
  'accept-encoding' => 'gzip, deflate',
  'accept' => 'text/html,application/xhtml+xml,application/xml;q=0.9,image/avif,image/webp,image/apng,*/*;q=0.8,application/signed-exchange;v=b3;q=0.9',
  'user-agent' => 'Mozilla/5.0 (Macintosh; Intel Mac OS X 10_14_6) AppleWebKit/537.36 (KHTML, like Gecko) Chrome/100.0.4896.88 Safari/537.36',
  'upgrade-insecure-requests' => '1',
  'connection' => 'close',
  'host' => 'puzhenshop.feibu.info',
)
[ info ] [ PARAM ] array (
)
[ info ] [ BEHAVIOR ] Run app\common\behavior\App @app_begin [ RunTime:0.000325s ]
[ info ] [ SESSION ] INIT array (
  'id' => '',
  'var_session_id' => '',
  'prefix' => '',
  'type' => '',
  'auto_start' => true,
)
[ info ] [ LOG ] INIT File
---------------------------------------------------------------
[ 2022-04-22T18:01:04+08:00 ] 218.19.206.154 GET puzhenshop.feibu.info/index.php?s=/store/passport/login
[运行时间：0.038864s] [吞吐率：25.73req/s] [内存消耗：1,871.66kb] [文件加载：63]
[ info ] [ LANG ] E:\UPUPW_ANK_W64\WebRoot\Vhosts\puzhen\2.0.0\source\thinkphp\lang\zh-cn.php
[ info ] [ ROUTE ] array (
  'type' => 'module',
  'module' => 
  array (
    0 => 'store',
    1 => 'passport',
    2 => 'login',
  ),
)
[ info ] [ HEADER ] array (
  'cookie' => 'PHPSESSID=psbv7ufk63g5gma3st4r72hks5; thinkphp_show_page_trace=0|0; Hm_lvt_8231d52c4580fdb4fc6a6098e03a174f=1646725906,1648092911; Hm_lpvt_8231d52c4580fdb4fc6a6098e03a174f=1648789821; __root_domain_v=.feibu.info; _qddaz=QD.462850277201994',
  'accept-language' => 'zh-CN,zh;q=0.9',
  'accept-encoding' => 'gzip, deflate',
  'accept' => 'text/html,application/xhtml+xml,application/xml;q=0.9,image/avif,image/webp,image/apng,*/*;q=0.8,application/signed-exchange;v=b3;q=0.9',
  'user-agent' => 'Mozilla/5.0 (Macintosh; Intel Mac OS X 10_14_6) AppleWebKit/537.36 (KHTML, like Gecko) Chrome/100.0.4896.88 Safari/537.36',
  'upgrade-insecure-requests' => '1',
  'connection' => 'close',
  'host' => 'puzhenshop.feibu.info',
)
[ info ] [ PARAM ] array (
)
[ info ] [ BEHAVIOR ] Run app\common\behavior\App @app_begin [ RunTime:0.000226s ]
[ info ] [ SESSION ] INIT array (
  'id' => '',
  'var_session_id' => '',
  'prefix' => '',
  'type' => '',
  'auto_start' => true,
)
[ info ] [ RUN ] app\store\controller\Passport->login[ E:\UPUPW_ANK_W64\WebRoot\Vhosts\puzhen\2.0.0\source\application\store\controller\Passport.php ]
[ info ] [ VIEW ] E:\UPUPW_ANK_W64\WebRoot\Vhosts\puzhen\2.0.0\web/../source/application/store\view\passport\login.php [ array (
  0 => 'version',
) ]
[ info ] [ LOG ] INIT File
---------------------------------------------------------------
[ 2022-04-22T18:01:08+08:00 ] 218.19.206.154 POST puzhenshop.feibu.info/index.php?s=/store/passport/login
[运行时间：0.103642s] [吞吐率：9.65req/s] [内存消耗：3,076.45kb] [文件加载：77]
[ info ] [ LANG ] E:\UPUPW_ANK_W64\WebRoot\Vhosts\puzhen\2.0.0\source\thinkphp\lang\zh-cn.php
[ info ] [ ROUTE ] array (
  'type' => 'module',
  'module' => 
  array (
    0 => 'store',
    1 => 'passport',
    2 => 'login',
  ),
)
[ info ] [ HEADER ] array (
  'cookie' => 'PHPSESSID=psbv7ufk63g5gma3st4r72hks5; thinkphp_show_page_trace=0|0; Hm_lvt_8231d52c4580fdb4fc6a6098e03a174f=1646725906,1648092911; Hm_lpvt_8231d52c4580fdb4fc6a6098e03a174f=1648789821; __root_domain_v=.feibu.info; _qddaz=QD.462850277201994',
  'accept-language' => 'zh-CN,zh;q=0.9',
  'accept-encoding' => 'gzip, deflate',
  'referer' => 'http://puzhenshop.feibu.info/index.php?s=/store/passport/login',
  'origin' => 'http://puzhenshop.feibu.info',
  'content-type' => 'application/x-www-form-urlencoded; charset=UTF-8',
  'user-agent' => 'Mozilla/5.0 (Macintosh; Intel Mac OS X 10_14_6) AppleWebKit/537.36 (KHTML, like Gecko) Chrome/100.0.4896.88 Safari/537.36',
  'x-requested-with' => 'XMLHttpRequest',
  'accept' => 'application/json, text/javascript, */*; q=0.01',
  'content-length' => '51',
  'connection' => 'close',
  'host' => 'puzhenshop.feibu.info',
)
[ info ] [ PARAM ] array (
  'User' => 
  array (
    'user_name' => 'admin',
    'password' => '123456',
  ),
)
[ info ] [ BEHAVIOR ] Run app\common\behavior\App @app_begin [ RunTime:0.000194s ]
[ info ] [ SESSION ] INIT array (
  'id' => '',
  'var_session_id' => '',
  'prefix' => '',
  'type' => '',
  'auto_start' => true,
)
[ info ] [ RUN ] app\store\controller\Passport->login[ E:\UPUPW_ANK_W64\WebRoot\Vhosts\puzhen\2.0.0\source\application\store\controller\Passport.php ]
[ info ] [ DB ] INIT mysql
[ info ] [ LOG ] INIT File
---------------------------------------------------------------
[ 2022-04-22T18:01:10+08:00 ] 218.19.206.154 GET puzhenshop.feibu.info/index.php?s=/store/index/index
[运行时间：0.502556s] [吞吐率：1.99req/s] [内存消耗：4,013.75kb] [文件加载：114]
[ info ] [ LANG ] E:\UPUPW_ANK_W64\WebRoot\Vhosts\puzhen\2.0.0\source\thinkphp\lang\zh-cn.php
[ info ] [ ROUTE ] array (
  'type' => 'module',
  'module' => 
  array (
    0 => 'store',
    1 => 'index',
    2 => 'index',
  ),
)
[ info ] [ HEADER ] array (
  'cookie' => 'PHPSESSID=psbv7ufk63g5gma3st4r72hks5; thinkphp_show_page_trace=0|0; Hm_lvt_8231d52c4580fdb4fc6a6098e03a174f=1646725906,1648092911; Hm_lpvt_8231d52c4580fdb4fc6a6098e03a174f=1648789821; __root_domain_v=.feibu.info; _qddaz=QD.462850277201994',
  'accept-language' => 'zh-CN,zh;q=0.9',
  'accept-encoding' => 'gzip, deflate',
  'referer' => 'http://puzhenshop.feibu.info/index.php?s=/store/passport/login',
  'accept' => 'text/html,application/xhtml+xml,application/xml;q=0.9,image/avif,image/webp,image/apng,*/*;q=0.8,application/signed-exchange;v=b3;q=0.9',
  'user-agent' => 'Mozilla/5.0 (Macintosh; Intel Mac OS X 10_14_6) AppleWebKit/537.36 (KHTML, like Gecko) Chrome/100.0.4896.88 Safari/537.36',
  'upgrade-insecure-requests' => '1',
  'connection' => 'close',
  'host' => 'puzhenshop.feibu.info',
)
[ info ] [ PARAM ] array (
)
[ info ] [ BEHAVIOR ] Run app\common\behavior\App @app_begin [ RunTime:0.000194s ]
[ info ] [ SESSION ] INIT array (
  'id' => '',
  'var_session_id' => '',
  'prefix' => '',
  'type' => '',
  'auto_start' => true,
)
[ info ] [ DB ] INIT mysql
[ info ] [ CACHE ] INIT File
[ info ] [ RUN ] app\store\controller\Index->index[ E:\UPUPW_ANK_W64\WebRoot\Vhosts\puzhen\2.0.0\source\application\store\controller\Index.php ]
[ info ] [ BEHAVIOR ] Run app\task\behavior\Order @order [ RunTime:0.000034s ]
[ info ] [ BEHAVIOR ] Run app\task\behavior\Order @order [ RunTime:0.004978s ]
[ info ] [ BEHAVIOR ] Run app\task\behavior\sharp\Order @order [ RunTime:0.040232s ]
[ info ] [ BEHAVIOR ] Run app\task\behavior\Order @order [ RunTime:0.040243s ]
[ info ] [ VIEW ] E:\UPUPW_ANK_W64\WebRoot\Vhosts\puzhen\2.0.0\web/../source/application/store\view\index\index.php [ array (
  0 => 'base_url',
  1 => 'store_url',
  2 => 'group',
  3 => 'menus',
  4 => 'store',
  5 => 'setting',
  6 => 'request',
  7 => 'version',
  8 => 'data',
) ]
[ info ] [ LOG ] INIT File
---------------------------------------------------------------
[ 2022-04-22T18:03:47+08:00 ] 218.19.206.154 GET puzhenshop.feibu.info/index.php?s=/store/wxapp/setting
[运行时间：0.114748s] [吞吐率：8.71req/s] [内存消耗：3,253.34kb] [文件加载：83]
[ info ] [ LANG ] E:\UPUPW_ANK_W64\WebRoot\Vhosts\puzhen\2.0.0\source\thinkphp\lang\zh-cn.php
[ info ] [ ROUTE ] array (
  'type' => 'module',
  'module' => 
  array (
    0 => 'store',
    1 => 'wxapp',
    2 => 'setting',
  ),
)
[ info ] [ HEADER ] array (
  'cookie' => 'PHPSESSID=psbv7ufk63g5gma3st4r72hks5; thinkphp_show_page_trace=0|0; Hm_lvt_8231d52c4580fdb4fc6a6098e03a174f=1646725906,1648092911; Hm_lpvt_8231d52c4580fdb4fc6a6098e03a174f=1648789821; __root_domain_v=.feibu.info; _qddaz=QD.462850277201994',
  'accept-language' => 'zh-CN,zh;q=0.9',
  'accept-encoding' => 'gzip, deflate',
  'referer' => 'http://puzhenshop.feibu.info/index.php?s=/store/index/index',
  'accept' => 'text/html,application/xhtml+xml,application/xml;q=0.9,image/avif,image/webp,image/apng,*/*;q=0.8,application/signed-exchange;v=b3;q=0.9',
  'user-agent' => 'Mozilla/5.0 (Macintosh; Intel Mac OS X 10_14_6) AppleWebKit/537.36 (KHTML, like Gecko) Chrome/100.0.4896.88 Safari/537.36',
  'upgrade-insecure-requests' => '1',
  'connection' => 'close',
  'host' => 'puzhenshop.feibu.info',
)
[ info ] [ PARAM ] array (
)
[ info ] [ BEHAVIOR ] Run app\common\behavior\App @app_begin [ RunTime:0.000328s ]
[ info ] [ SESSION ] INIT array (
  'id' => '',
  'var_session_id' => '',
  'prefix' => '',
  'type' => '',
  'auto_start' => true,
)
[ info ] [ DB ] INIT mysql
[ info ] [ CACHE ] INIT File
[ info ] [ RUN ] app\store\controller\Wxapp->setting[ E:\UPUPW_ANK_W64\WebRoot\Vhosts\puzhen\2.0.0\source\application\store\controller\Wxapp.php ]
[ info ] [ VIEW ] E:\UPUPW_ANK_W64\WebRoot\Vhosts\puzhen\2.0.0\web/../source/application/store\view\wxapp\setting.php [ array (
  0 => 'base_url',
  1 => 'store_url',
  2 => 'group',
  3 => 'menus',
  4 => 'store',
  5 => 'setting',
  6 => 'request',
  7 => 'version',
  8 => 'model',
) ]
[ info ] [ LOG ] INIT File
---------------------------------------------------------------
[ 2022-04-22T18:03:48+08:00 ] 218.19.206.154 GET puzhenshop.feibu.info/index.php?s=/store/wxapp.page/index
[运行时间：0.113760s] [吞吐率：8.79req/s] [内存消耗：3,540.40kb] [文件加载：87]
[ info ] [ LANG ] E:\UPUPW_ANK_W64\WebRoot\Vhosts\puzhen\2.0.0\source\thinkphp\lang\zh-cn.php
[ info ] [ ROUTE ] array (
  'type' => 'module',
  'module' => 
  array (
    0 => 'store',
    1 => 'wxapp.page',
    2 => 'index',
  ),
)
[ info ] [ HEADER ] array (
  'cookie' => 'PHPSESSID=psbv7ufk63g5gma3st4r72hks5; thinkphp_show_page_trace=0|0; Hm_lvt_8231d52c4580fdb4fc6a6098e03a174f=1646725906,1648092911; Hm_lpvt_8231d52c4580fdb4fc6a6098e03a174f=1648789821; __root_domain_v=.feibu.info; _qddaz=QD.462850277201994',
  'accept-language' => 'zh-CN,zh;q=0.9',
  'accept-encoding' => 'gzip, deflate',
  'referer' => 'http://puzhenshop.feibu.info/index.php?s=/store/wxapp/setting',
  'accept' => 'text/html,application/xhtml+xml,application/xml;q=0.9,image/avif,image/webp,image/apng,*/*;q=0.8,application/signed-exchange;v=b3;q=0.9',
  'user-agent' => 'Mozilla/5.0 (Macintosh; Intel Mac OS X 10_14_6) AppleWebKit/537.36 (KHTML, like Gecko) Chrome/100.0.4896.88 Safari/537.36',
  'upgrade-insecure-requests' => '1',
  'connection' => 'close',
  'host' => 'puzhenshop.feibu.info',
)
[ info ] [ PARAM ] array (
)
[ info ] [ BEHAVIOR ] Run app\common\behavior\App @app_begin [ RunTime:0.000213s ]
[ info ] [ SESSION ] INIT array (
  'id' => '',
  'var_session_id' => '',
  'prefix' => '',
  'type' => '',
  'auto_start' => true,
)
[ info ] [ DB ] INIT mysql
[ info ] [ CACHE ] INIT File
[ info ] [ RUN ] app\store\controller\wxapp\Page->index[ E:\UPUPW_ANK_W64\WebRoot\Vhosts\puzhen\2.0.0\source\application\store\controller\wxapp\Page.php ]
[ info ] [ VIEW ] E:\UPUPW_ANK_W64\WebRoot\Vhosts\puzhen\2.0.0\web/../source/application/store\view\wxapp\page\index.php [ array (
  0 => 'base_url',
  1 => 'store_url',
  2 => 'group',
  3 => 'menus',
  4 => 'store',
  5 => 'setting',
  6 => 'request',
  7 => 'version',
  8 => 'list',
) ]
[ info ] [ LOG ] INIT File
---------------------------------------------------------------
[ 2022-04-22T18:56:49+08:00 ] 218.19.206.154 GET puzhenshop.feibu.info/index.php?s=/store/wxapp.page/links
[运行时间：0.095424s] [吞吐率：10.48req/s] [内存消耗：3,473.59kb] [文件加载：83]
[ info ] [ LANG ] E:\UPUPW_ANK_W64\WebRoot\Vhosts\puzhen\2.0.0\source\thinkphp\lang\zh-cn.php
[ info ] [ ROUTE ] array (
  'type' => 'module',
  'module' => 
  array (
    0 => 'store',
    1 => 'wxapp.page',
    2 => 'links',
  ),
)
[ info ] [ HEADER ] array (
  'cookie' => 'PHPSESSID=psbv7ufk63g5gma3st4r72hks5; thinkphp_show_page_trace=0|0; Hm_lvt_8231d52c4580fdb4fc6a6098e03a174f=1646725906,1648092911; Hm_lpvt_8231d52c4580fdb4fc6a6098e03a174f=1648789821; __root_domain_v=.feibu.info; _qddaz=QD.462850277201994',
  'accept-language' => 'zh-CN,zh;q=0.9',
  'accept-encoding' => 'gzip, deflate',
  'referer' => 'http://puzhenshop.feibu.info/index.php?s=/store/wxapp.page/index',
  'accept' => 'text/html,application/xhtml+xml,application/xml;q=0.9,image/avif,image/webp,image/apng,*/*;q=0.8,application/signed-exchange;v=b3;q=0.9',
  'user-agent' => 'Mozilla/5.0 (Macintosh; Intel Mac OS X 10_14_6) AppleWebKit/537.36 (KHTML, like Gecko) Chrome/100.0.4896.88 Safari/537.36',
  'upgrade-insecure-requests' => '1',
  'connection' => 'close',
  'host' => 'puzhenshop.feibu.info',
)
[ info ] [ PARAM ] array (
)
[ info ] [ BEHAVIOR ] Run app\common\behavior\App @app_begin [ RunTime:0.000341s ]
[ info ] [ SESSION ] INIT array (
  'id' => '',
  'var_session_id' => '',
  'prefix' => '',
  'type' => '',
  'auto_start' => true,
)
[ info ] [ DB ] INIT mysql
[ info ] [ CACHE ] INIT File
[ info ] [ RUN ] app\store\controller\wxapp\Page->links[ E:\UPUPW_ANK_W64\WebRoot\Vhosts\puzhen\2.0.0\source\application\store\controller\wxapp\Page.php ]
[ info ] [ VIEW ] E:\UPUPW_ANK_W64\WebRoot\Vhosts\puzhen\2.0.0\web/../source/application/store\view\wxapp\page\links.php [ array (
  0 => 'base_url',
  1 => 'store_url',
  2 => 'group',
  3 => 'menus',
  4 => 'store',
  5 => 'setting',
  6 => 'request',
  7 => 'version',
) ]
[ info ] [ LOG ] INIT File
---------------------------------------------------------------
[ 2022-04-22T18:56:50+08:00 ] 218.19.206.154 GET puzhenshop.feibu.info/index.php?s=/store/wxapp.page/category
[运行时间：0.100432s] [吞吐率：9.96req/s] [内存消耗：3,418.39kb] [文件加载：85]
[ info ] [ LANG ] E:\UPUPW_ANK_W64\WebRoot\Vhosts\puzhen\2.0.0\source\thinkphp\lang\zh-cn.php
[ info ] [ ROUTE ] array (
  'type' => 'module',
  'module' => 
  array (
    0 => 'store',
    1 => 'wxapp.page',
    2 => 'category',
  ),
)
[ info ] [ HEADER ] array (
  'cookie' => 'PHPSESSID=psbv7ufk63g5gma3st4r72hks5; thinkphp_show_page_trace=0|0; Hm_lvt_8231d52c4580fdb4fc6a6098e03a174f=1646725906,1648092911; Hm_lpvt_8231d52c4580fdb4fc6a6098e03a174f=1648789821; __root_domain_v=.feibu.info; _qddaz=QD.462850277201994',
  'accept-language' => 'zh-CN,zh;q=0.9',
  'accept-encoding' => 'gzip, deflate',
  'referer' => 'http://puzhenshop.feibu.info/index.php?s=/store/wxapp.page/links',
  'accept' => 'text/html,application/xhtml+xml,application/xml;q=0.9,image/avif,image/webp,image/apng,*/*;q=0.8,application/signed-exchange;v=b3;q=0.9',
  'user-agent' => 'Mozilla/5.0 (Macintosh; Intel Mac OS X 10_14_6) AppleWebKit/537.36 (KHTML, like Gecko) Chrome/100.0.4896.88 Safari/537.36',
  'upgrade-insecure-requests' => '1',
  'connection' => 'close',
  'host' => 'puzhenshop.feibu.info',
)
[ info ] [ PARAM ] array (
)
[ info ] [ BEHAVIOR ] Run app\common\behavior\App @app_begin [ RunTime:0.000185s ]
[ info ] [ SESSION ] INIT array (
  'id' => '',
  'var_session_id' => '',
  'prefix' => '',
  'type' => '',
  'auto_start' => true,
)
[ info ] [ DB ] INIT mysql
[ info ] [ CACHE ] INIT File
[ info ] [ RUN ] app\store\controller\wxapp\Page->category[ E:\UPUPW_ANK_W64\WebRoot\Vhosts\puzhen\2.0.0\source\application\store\controller\wxapp\Page.php ]
[ info ] [ VIEW ] E:\UPUPW_ANK_W64\WebRoot\Vhosts\puzhen\2.0.0\web/../source/application/store\view\wxapp\page\category.php [ array (
  0 => 'base_url',
  1 => 'store_url',
  2 => 'group',
  3 => 'menus',
  4 => 'store',
  5 => 'setting',
  6 => 'request',
  7 => 'version',
  8 => 'model',
) ]
[ info ] [ LOG ] INIT File
---------------------------------------------------------------
[ 2022-04-22T18:56:50+08:00 ] 218.19.206.154 GET puzhenshop.feibu.info/index.php?s=/store/wxapp.page/index
[运行时间：0.088485s] [吞吐率：11.30req/s] [内存消耗：3,378.56kb] [文件加载：85]
[ info ] [ LANG ] E:\UPUPW_ANK_W64\WebRoot\Vhosts\puzhen\2.0.0\source\thinkphp\lang\zh-cn.php
[ info ] [ ROUTE ] array (
  'type' => 'module',
  'module' => 
  array (
    0 => 'store',
    1 => 'wxapp.page',
    2 => 'index',
  ),
)
[ info ] [ HEADER ] array (
  'cookie' => 'PHPSESSID=psbv7ufk63g5gma3st4r72hks5; thinkphp_show_page_trace=0|0; Hm_lvt_8231d52c4580fdb4fc6a6098e03a174f=1646725906,1648092911; Hm_lpvt_8231d52c4580fdb4fc6a6098e03a174f=1648789821; __root_domain_v=.feibu.info; _qddaz=QD.462850277201994',
  'accept-language' => 'zh-CN,zh;q=0.9',
  'accept-encoding' => 'gzip, deflate',
  'referer' => 'http://puzhenshop.feibu.info/index.php?s=/store/wxapp.page/category',
  'accept' => 'text/html,application/xhtml+xml,application/xml;q=0.9,image/avif,image/webp,image/apng,*/*;q=0.8,application/signed-exchange;v=b3;q=0.9',
  'user-agent' => 'Mozilla/5.0 (Macintosh; Intel Mac OS X 10_14_6) AppleWebKit/537.36 (KHTML, like Gecko) Chrome/100.0.4896.88 Safari/537.36',
  'upgrade-insecure-requests' => '1',
  'connection' => 'close',
  'host' => 'puzhenshop.feibu.info',
)
[ info ] [ PARAM ] array (
)
[ info ] [ BEHAVIOR ] Run app\common\behavior\App @app_begin [ RunTime:0.000217s ]
[ info ] [ SESSION ] INIT array (
  'id' => '',
  'var_session_id' => '',
  'prefix' => '',
  'type' => '',
  'auto_start' => true,
)
[ info ] [ DB ] INIT mysql
[ info ] [ CACHE ] INIT File
[ info ] [ RUN ] app\store\controller\wxapp\Page->index[ E:\UPUPW_ANK_W64\WebRoot\Vhosts\puzhen\2.0.0\source\application\store\controller\wxapp\Page.php ]
[ info ] [ VIEW ] E:\UPUPW_ANK_W64\WebRoot\Vhosts\puzhen\2.0.0\web/../source/application/store\view\wxapp\page\index.php [ array (
  0 => 'base_url',
  1 => 'store_url',
  2 => 'group',
  3 => 'menus',
  4 => 'store',
  5 => 'setting',
  6 => 'request',
  7 => 'version',
  8 => 'list',
) ]
[ info ] [ LOG ] INIT File
---------------------------------------------------------------
[ 2022-04-22T18:56:51+08:00 ] 218.19.206.154 GET puzhenshop.feibu.info/index.php?s=/store/wxapp/setting
[运行时间：0.086355s] [吞吐率：11.58req/s] [内存消耗：3,252.63kb] [文件加载：83]
[ info ] [ LANG ] E:\UPUPW_ANK_W64\WebRoot\Vhosts\puzhen\2.0.0\source\thinkphp\lang\zh-cn.php
[ info ] [ ROUTE ] array (
  'type' => 'module',
  'module' => 
  array (
    0 => 'store',
    1 => 'wxapp',
    2 => 'setting',
  ),
)
[ info ] [ HEADER ] array (
  'cookie' => 'PHPSESSID=psbv7ufk63g5gma3st4r72hks5; thinkphp_show_page_trace=0|0; Hm_lvt_8231d52c4580fdb4fc6a6098e03a174f=1646725906,1648092911; Hm_lpvt_8231d52c4580fdb4fc6a6098e03a174f=1648789821; __root_domain_v=.feibu.info; _qddaz=QD.462850277201994',
  'accept-language' => 'zh-CN,zh;q=0.9',
  'accept-encoding' => 'gzip, deflate',
  'referer' => 'http://puzhenshop.feibu.info/index.php?s=/store/wxapp.page/index',
  'accept' => 'text/html,application/xhtml+xml,application/xml;q=0.9,image/avif,image/webp,image/apng,*/*;q=0.8,application/signed-exchange;v=b3;q=0.9',
  'user-agent' => 'Mozilla/5.0 (Macintosh; Intel Mac OS X 10_14_6) AppleWebKit/537.36 (KHTML, like Gecko) Chrome/100.0.4896.88 Safari/537.36',
  'upgrade-insecure-requests' => '1',
  'connection' => 'close',
  'host' => 'puzhenshop.feibu.info',
)
[ info ] [ PARAM ] array (
)
[ info ] [ BEHAVIOR ] Run app\common\behavior\App @app_begin [ RunTime:0.000201s ]
[ info ] [ SESSION ] INIT array (
  'id' => '',
  'var_session_id' => '',
  'prefix' => '',
  'type' => '',
  'auto_start' => true,
)
[ info ] [ DB ] INIT mysql
[ info ] [ CACHE ] INIT File
[ info ] [ RUN ] app\store\controller\Wxapp->setting[ E:\UPUPW_ANK_W64\WebRoot\Vhosts\puzhen\2.0.0\source\application\store\controller\Wxapp.php ]
[ info ] [ VIEW ] E:\UPUPW_ANK_W64\WebRoot\Vhosts\puzhen\2.0.0\web/../source/application/store\view\wxapp\setting.php [ array (
  0 => 'base_url',
  1 => 'store_url',
  2 => 'group',
  3 => 'menus',
  4 => 'store',
  5 => 'setting',
  6 => 'request',
  7 => 'version',
  8 => 'model',
) ]
[ info ] [ LOG ] INIT File
---------------------------------------------------------------
[ 2022-04-22T18:56:53+08:00 ] 218.19.206.154 GET puzhenshop.feibu.info/index.php?s=/store/apps.dealer.apply/index
[运行时间：0.121944s] [吞吐率：8.20req/s] [内存消耗：3,710.06kb] [文件加载：94]
[ info ] [ LANG ] E:\UPUPW_ANK_W64\WebRoot\Vhosts\puzhen\2.0.0\source\thinkphp\lang\zh-cn.php
[ info ] [ ROUTE ] array (
  'type' => 'module',
  'module' => 
  array (
    0 => 'store',
    1 => 'apps.dealer.apply',
    2 => 'index',
  ),
)
[ info ] [ HEADER ] array (
  'cookie' => 'PHPSESSID=psbv7ufk63g5gma3st4r72hks5; thinkphp_show_page_trace=0|0; Hm_lvt_8231d52c4580fdb4fc6a6098e03a174f=1646725906,1648092911; Hm_lpvt_8231d52c4580fdb4fc6a6098e03a174f=1648789821; __root_domain_v=.feibu.info; _qddaz=QD.462850277201994',
  'accept-language' => 'zh-CN,zh;q=0.9',
  'accept-encoding' => 'gzip, deflate',
  'referer' => 'http://puzhenshop.feibu.info/index.php?s=/store/wxapp/setting',
  'accept' => 'text/html,application/xhtml+xml,application/xml;q=0.9,image/avif,image/webp,image/apng,*/*;q=0.8,application/signed-exchange;v=b3;q=0.9',
  'user-agent' => 'Mozilla/5.0 (Macintosh; Intel Mac OS X 10_14_6) AppleWebKit/537.36 (KHTML, like Gecko) Chrome/100.0.4896.88 Safari/537.36',
  'upgrade-insecure-requests' => '1',
  'connection' => 'close',
  'host' => 'puzhenshop.feibu.info',
)
[ info ] [ PARAM ] array (
)
[ info ] [ BEHAVIOR ] Run app\common\behavior\App @app_begin [ RunTime:0.000188s ]
[ info ] [ SESSION ] INIT array (
  'id' => '',
  'var_session_id' => '',
  'prefix' => '',
  'type' => '',
  'auto_start' => true,
)
[ info ] [ DB ] INIT mysql
[ info ] [ CACHE ] INIT File
[ info ] [ RUN ] app\store\controller\apps\dealer\Apply->index[ E:\UPUPW_ANK_W64\WebRoot\Vhosts\puzhen\2.0.0\source\application\store\controller\apps\dealer\Apply.php ]
[ info ] [ VIEW ] E:\UPUPW_ANK_W64\WebRoot\Vhosts\puzhen\2.0.0\web/../source/application/store\view\apps\dealer\apply\index.php [ array (
  0 => 'base_url',
  1 => 'store_url',
  2 => 'group',
  3 => 'menus',
  4 => 'store',
  5 => 'setting',
  6 => 'request',
  7 => 'version',
  8 => 'list',
) ]
[ info ] [ LOG ] INIT File
---------------------------------------------------------------
[ 2022-04-22T18:56:56+08:00 ] 218.19.206.154 GET puzhenshop.feibu.info/index.php?s=/store/apps.dealer.apply/index
[运行时间：0.110998s] [吞吐率：9.01req/s] [内存消耗：3,532.26kb] [文件加载：92]
[ info ] [ LANG ] E:\UPUPW_ANK_W64\WebRoot\Vhosts\puzhen\2.0.0\source\thinkphp\lang\zh-cn.php
[ info ] [ ROUTE ] array (
  'type' => 'module',
  'module' => 
  array (
    0 => 'store',
    1 => 'apps.dealer.apply',
    2 => 'index',
  ),
)
[ info ] [ HEADER ] array (
  'cookie' => 'PHPSESSID=psbv7ufk63g5gma3st4r72hks5; thinkphp_show_page_trace=0|0; Hm_lvt_8231d52c4580fdb4fc6a6098e03a174f=1646725906,1648092911; Hm_lpvt_8231d52c4580fdb4fc6a6098e03a174f=1648789821; __root_domain_v=.feibu.info; _qddaz=QD.462850277201994',
  'accept-language' => 'zh-CN,zh;q=0.9',
  'accept-encoding' => 'gzip, deflate',
  'referer' => 'http://puzhenshop.feibu.info/index.php?s=/store/apps.dealer.apply/index',
  'accept' => 'text/html,application/xhtml+xml,application/xml;q=0.9,image/avif,image/webp,image/apng,*/*;q=0.8,application/signed-exchange;v=b3;q=0.9',
  'user-agent' => 'Mozilla/5.0 (Macintosh; Intel Mac OS X 10_14_6) AppleWebKit/537.36 (KHTML, like Gecko) Chrome/100.0.4896.88 Safari/537.36',
  'upgrade-insecure-requests' => '1',
  'connection' => 'close',
  'host' => 'puzhenshop.feibu.info',
)
[ info ] [ PARAM ] array (
)
[ info ] [ BEHAVIOR ] Run app\common\behavior\App @app_begin [ RunTime:0.000209s ]
[ info ] [ SESSION ] INIT array (
  'id' => '',
  'var_session_id' => '',
  'prefix' => '',
  'type' => '',
  'auto_start' => true,
)
[ info ] [ DB ] INIT mysql
[ info ] [ CACHE ] INIT File
[ info ] [ RUN ] app\store\controller\apps\dealer\Apply->index[ E:\UPUPW_ANK_W64\WebRoot\Vhosts\puzhen\2.0.0\source\application\store\controller\apps\dealer\Apply.php ]
[ info ] [ VIEW ] E:\UPUPW_ANK_W64\WebRoot\Vhosts\puzhen\2.0.0\web/../source/application/store\view\apps\dealer\apply\index.php [ array (
  0 => 'base_url',
  1 => 'store_url',
  2 => 'group',
  3 => 'menus',
  4 => 'store',
  5 => 'setting',
  6 => 'request',
  7 => 'version',
  8 => 'list',
) ]
[ info ] [ LOG ] INIT File
---------------------------------------------------------------
[ 2022-04-22T18:56:57+08:00 ] 218.19.206.154 GET puzhenshop.feibu.info/index.php?s=/store/setting/store
[运行时间：0.079688s] [吞吐率：12.55req/s] [内存消耗：3,220.30kb] [文件加载：81]
[ info ] [ LANG ] E:\UPUPW_ANK_W64\WebRoot\Vhosts\puzhen\2.0.0\source\thinkphp\lang\zh-cn.php
[ info ] [ ROUTE ] array (
  'type' => 'module',
  'module' => 
  array (
    0 => 'store',
    1 => 'setting',
    2 => 'store',
  ),
)
[ info ] [ HEADER ] array (
  'cookie' => 'PHPSESSID=psbv7ufk63g5gma3st4r72hks5; thinkphp_show_page_trace=0|0; Hm_lvt_8231d52c4580fdb4fc6a6098e03a174f=1646725906,1648092911; Hm_lpvt_8231d52c4580fdb4fc6a6098e03a174f=1648789821; __root_domain_v=.feibu.info; _qddaz=QD.462850277201994',
  'accept-language' => 'zh-CN,zh;q=0.9',
  'accept-encoding' => 'gzip, deflate',
  'referer' => 'http://puzhenshop.feibu.info/index.php?s=/store/apps.dealer.apply/index',
  'accept' => 'text/html,application/xhtml+xml,application/xml;q=0.9,image/avif,image/webp,image/apng,*/*;q=0.8,application/signed-exchange;v=b3;q=0.9',
  'user-agent' => 'Mozilla/5.0 (Macintosh; Intel Mac OS X 10_14_6) AppleWebKit/537.36 (KHTML, like Gecko) Chrome/100.0.4896.88 Safari/537.36',
  'upgrade-insecure-requests' => '1',
  'connection' => 'close',
  'host' => 'puzhenshop.feibu.info',
)
[ info ] [ PARAM ] array (
)
[ info ] [ BEHAVIOR ] Run app\common\behavior\App @app_begin [ RunTime:0.000184s ]
[ info ] [ SESSION ] INIT array (
  'id' => '',
  'var_session_id' => '',
  'prefix' => '',
  'type' => '',
  'auto_start' => true,
)
[ info ] [ DB ] INIT mysql
[ info ] [ CACHE ] INIT File
[ info ] [ RUN ] app\store\controller\Setting->store[ E:\UPUPW_ANK_W64\WebRoot\Vhosts\puzhen\2.0.0\source\application\store\controller\Setting.php ]
[ info ] [ VIEW ] E:\UPUPW_ANK_W64\WebRoot\Vhosts\puzhen\2.0.0\web/../source/application/store\view\setting\store.php [ array (
  0 => 'base_url',
  1 => 'store_url',
  2 => 'group',
  3 => 'menus',
  4 => 'store',
  5 => 'setting',
  6 => 'request',
  7 => 'version',
  8 => 'values',
) ]
[ info ] [ LOG ] INIT File
---------------------------------------------------------------
[ 2022-04-22T18:57:05+08:00 ] 218.19.206.154 GET puzhenshop.feibu.info/index.php?s=/store/content.article/index
[运行时间：0.155808s] [吞吐率：6.42req/s] [内存消耗：3,748.59kb] [文件加载：98]
[ info ] [ LANG ] E:\UPUPW_ANK_W64\WebRoot\Vhosts\puzhen\2.0.0\source\thinkphp\lang\zh-cn.php
[ info ] [ ROUTE ] array (
  'type' => 'module',
  'module' => 
  array (
    0 => 'store',
    1 => 'content.article',
    2 => 'index',
  ),
)
[ info ] [ HEADER ] array (
  'cookie' => 'PHPSESSID=psbv7ufk63g5gma3st4r72hks5; thinkphp_show_page_trace=0|0; Hm_lvt_8231d52c4580fdb4fc6a6098e03a174f=1646725906,1648092911; Hm_lpvt_8231d52c4580fdb4fc6a6098e03a174f=1648789821; __root_domain_v=.feibu.info; _qddaz=QD.462850277201994',
  'accept-language' => 'zh-CN,zh;q=0.9',
  'accept-encoding' => 'gzip, deflate',
  'referer' => 'http://puzhenshop.feibu.info/index.php?s=/store/setting/store',
  'accept' => 'text/html,application/xhtml+xml,application/xml;q=0.9,image/avif,image/webp,image/apng,*/*;q=0.8,application/signed-exchange;v=b3;q=0.9',
  'user-agent' => 'Mozilla/5.0 (Macintosh; Intel Mac OS X 10_14_6) AppleWebKit/537.36 (KHTML, like Gecko) Chrome/100.0.4896.88 Safari/537.36',
  'upgrade-insecure-requests' => '1',
  'connection' => 'close',
  'host' => 'puzhenshop.feibu.info',
)
[ info ] [ PARAM ] array (
)
[ info ] [ BEHAVIOR ] Run app\common\behavior\App @app_begin [ RunTime:0.000258s ]
[ info ] [ SESSION ] INIT array (
  'id' => '',
  'var_session_id' => '',
  'prefix' => '',
  'type' => '',
  'auto_start' => true,
)
[ info ] [ DB ] INIT mysql
[ info ] [ CACHE ] INIT File
[ info ] [ RUN ] app\store\controller\content\Article->index[ E:\UPUPW_ANK_W64\WebRoot\Vhosts\puzhen\2.0.0\source\application\store\controller\content\Article.php ]
[ info ] [ VIEW ] E:\UPUPW_ANK_W64\WebRoot\Vhosts\puzhen\2.0.0\web/../source/application/store\view\content\article\index.php [ array (
  0 => 'base_url',
  1 => 'store_url',
  2 => 'group',
  3 => 'menus',
  4 => 'store',
  5 => 'setting',
  6 => 'request',
  7 => 'version',
  8 => 'list',
) ]
[ info ] [ LOG ] INIT File
---------------------------------------------------------------
[ 2022-04-22T18:57:09+08:00 ] 218.19.206.154 GET puzhenshop.feibu.info/index.php?s=/store/market.coupon/index
[运行时间：0.122807s] [吞吐率：8.14req/s] [内存消耗：3,605.06kb] [文件加载：90]
[ info ] [ LANG ] E:\UPUPW_ANK_W64\WebRoot\Vhosts\puzhen\2.0.0\source\thinkphp\lang\zh-cn.php
[ info ] [ ROUTE ] array (
  'type' => 'module',
  'module' => 
  array (
    0 => 'store',
    1 => 'market.coupon',
    2 => 'index',
  ),
)
[ info ] [ HEADER ] array (
  'cookie' => 'PHPSESSID=psbv7ufk63g5gma3st4r72hks5; thinkphp_show_page_trace=0|0; Hm_lvt_8231d52c4580fdb4fc6a6098e03a174f=1646725906,1648092911; Hm_lpvt_8231d52c4580fdb4fc6a6098e03a174f=1648789821; __root_domain_v=.feibu.info; _qddaz=QD.462850277201994',
  'accept-language' => 'zh-CN,zh;q=0.9',
  'accept-encoding' => 'gzip, deflate',
  'referer' => 'http://puzhenshop.feibu.info/index.php?s=/store/content.article/index',
  'accept' => 'text/html,application/xhtml+xml,application/xml;q=0.9,image/avif,image/webp,image/apng,*/*;q=0.8,application/signed-exchange;v=b3;q=0.9',
  'user-agent' => 'Mozilla/5.0 (Macintosh; Intel Mac OS X 10_14_6) AppleWebKit/537.36 (KHTML, like Gecko) Chrome/100.0.4896.88 Safari/537.36',
  'upgrade-insecure-requests' => '1',
  'connection' => 'close',
  'host' => 'puzhenshop.feibu.info',
)
[ info ] [ PARAM ] array (
)
[ info ] [ BEHAVIOR ] Run app\common\behavior\App @app_begin [ RunTime:0.000179s ]
[ info ] [ SESSION ] INIT array (
  'id' => '',
  'var_session_id' => '',
  'prefix' => '',
  'type' => '',
  'auto_start' => true,
)
[ info ] [ DB ] INIT mysql
[ info ] [ CACHE ] INIT File
[ info ] [ RUN ] app\store\controller\market\Coupon->index[ E:\UPUPW_ANK_W64\WebRoot\Vhosts\puzhen\2.0.0\source\application\store\controller\market\Coupon.php ]
[ info ] [ VIEW ] E:\UPUPW_ANK_W64\WebRoot\Vhosts\puzhen\2.0.0\web/../source/application/store\view\market\coupon\index.php [ array (
  0 => 'base_url',
  1 => 'store_url',
  2 => 'group',
  3 => 'menus',
  4 => 'store',
  5 => 'setting',
  6 => 'request',
  7 => 'version',
  8 => 'list',
) ]
[ info ] [ LOG ] INIT File
---------------------------------------------------------------
[ 2022-04-22T18:57:11+08:00 ] 218.19.206.154 GET puzhenshop.feibu.info/index.php?s=/store/statistics.data/index
[运行时间：0.368751s] [吞吐率：2.71req/s] [内存消耗：4,183.98kb] [文件加载：118]
[ info ] [ LANG ] E:\UPUPW_ANK_W64\WebRoot\Vhosts\puzhen\2.0.0\source\thinkphp\lang\zh-cn.php
[ info ] [ ROUTE ] array (
  'type' => 'module',
  'module' => 
  array (
    0 => 'store',
    1 => 'statistics.data',
    2 => 'index',
  ),
)
[ info ] [ HEADER ] array (
  'cookie' => 'PHPSESSID=psbv7ufk63g5gma3st4r72hks5; thinkphp_show_page_trace=0|0; Hm_lvt_8231d52c4580fdb4fc6a6098e03a174f=1646725906,1648092911; Hm_lpvt_8231d52c4580fdb4fc6a6098e03a174f=1648789821; __root_domain_v=.feibu.info; _qddaz=QD.462850277201994',
  'accept-language' => 'zh-CN,zh;q=0.9',
  'accept-encoding' => 'gzip, deflate',
  'referer' => 'http://puzhenshop.feibu.info/index.php?s=/store/market.coupon/index',
  'accept' => 'text/html,application/xhtml+xml,application/xml;q=0.9,image/avif,image/webp,image/apng,*/*;q=0.8,application/signed-exchange;v=b3;q=0.9',
  'user-agent' => 'Mozilla/5.0 (Macintosh; Intel Mac OS X 10_14_6) AppleWebKit/537.36 (KHTML, like Gecko) Chrome/100.0.4896.88 Safari/537.36',
  'upgrade-insecure-requests' => '1',
  'connection' => 'close',
  'host' => 'puzhenshop.feibu.info',
)
[ info ] [ PARAM ] array (
)
[ info ] [ BEHAVIOR ] Run app\common\behavior\App @app_begin [ RunTime:0.000259s ]
[ info ] [ SESSION ] INIT array (
  'id' => '',
  'var_session_id' => '',
  'prefix' => '',
  'type' => '',
  'auto_start' => true,
)
[ info ] [ DB ] INIT mysql
[ info ] [ CACHE ] INIT File
[ info ] [ RUN ] app\store\controller\statistics\Data->index[ E:\UPUPW_ANK_W64\WebRoot\Vhosts\puzhen\2.0.0\source\application\store\controller\statistics\Data.php ]
[ info ] [ BEHAVIOR ] Run app\task\behavior\Order @order [ RunTime:0.000250s ]
[ info ] [ BEHAVIOR ] Run app\task\behavior\sharp\Order @order [ RunTime:0.040555s ]
[ info ] [ BEHAVIOR ] Run app\task\behavior\Order @order [ RunTime:0.040567s ]
[ info ] [ VIEW ] E:\UPUPW_ANK_W64\WebRoot\Vhosts\puzhen\2.0.0\web/../source/application/store\view\statistics\data\index.php [ array (
  0 => 'base_url',
  1 => 'store_url',
  2 => 'group',
  3 => 'menus',
  4 => 'store',
  5 => 'setting',
  6 => 'request',
  7 => 'version',
  8 => 'survey',
  9 => 'echarts7days',
  10 => 'goodsRanking',
  11 => 'userExpendRanking',
) ]
[ info ] [ LOG ] INIT File
---------------------------------------------------------------
[ 2022-04-22T18:57:11+08:00 ] 218.19.206.154 GET puzhenshop.feibu.info/index.php?s=/store/wxapp/setting
[运行时间：0.098077s] [吞吐率：10.20req/s] [内存消耗：3,252.63kb] [文件加载：83]
[ info ] [ LANG ] E:\UPUPW_ANK_W64\WebRoot\Vhosts\puzhen\2.0.0\source\thinkphp\lang\zh-cn.php
[ info ] [ ROUTE ] array (
  'type' => 'module',
  'module' => 
  array (
    0 => 'store',
    1 => 'wxapp',
    2 => 'setting',
  ),
)
[ info ] [ HEADER ] array (
  'cookie' => 'PHPSESSID=psbv7ufk63g5gma3st4r72hks5; thinkphp_show_page_trace=0|0; Hm_lvt_8231d52c4580fdb4fc6a6098e03a174f=1646725906,1648092911; Hm_lpvt_8231d52c4580fdb4fc6a6098e03a174f=1648789821; __root_domain_v=.feibu.info; _qddaz=QD.462850277201994',
  'accept-language' => 'zh-CN,zh;q=0.9',
  'accept-encoding' => 'gzip, deflate',
  'referer' => 'http://puzhenshop.feibu.info/index.php?s=/store/statistics.data/index',
  'accept' => 'text/html,application/xhtml+xml,application/xml;q=0.9,image/avif,image/webp,image/apng,*/*;q=0.8,application/signed-exchange;v=b3;q=0.9',
  'user-agent' => 'Mozilla/5.0 (Macintosh; Intel Mac OS X 10_14_6) AppleWebKit/537.36 (KHTML, like Gecko) Chrome/100.0.4896.88 Safari/537.36',
  'upgrade-insecure-requests' => '1',
  'connection' => 'close',
  'host' => 'puzhenshop.feibu.info',
)
[ info ] [ PARAM ] array (
)
[ info ] [ BEHAVIOR ] Run app\common\behavior\App @app_begin [ RunTime:0.000213s ]
[ info ] [ SESSION ] INIT array (
  'id' => '',
  'var_session_id' => '',
  'prefix' => '',
  'type' => '',
  'auto_start' => true,
)
[ info ] [ DB ] INIT mysql
[ info ] [ CACHE ] INIT File
[ info ] [ RUN ] app\store\controller\Wxapp->setting[ E:\UPUPW_ANK_W64\WebRoot\Vhosts\puzhen\2.0.0\source\application\store\controller\Wxapp.php ]
[ info ] [ VIEW ] E:\UPUPW_ANK_W64\WebRoot\Vhosts\puzhen\2.0.0\web/../source/application/store\view\wxapp\setting.php [ array (
  0 => 'base_url',
  1 => 'store_url',
  2 => 'group',
  3 => 'menus',
  4 => 'store',
  5 => 'setting',
  6 => 'request',
  7 => 'version',
  8 => 'model',
) ]
[ info ] [ LOG ] INIT File
---------------------------------------------------------------
[ 2022-04-22T18:57:16+08:00 ] 218.19.206.154 GET puzhenshop.feibu.info/index.php?s=/store/wxapp.page/index
[运行时间：0.087814s] [吞吐率：11.39req/s] [内存消耗：3,378.56kb] [文件加载：85]
[ info ] [ LANG ] E:\UPUPW_ANK_W64\WebRoot\Vhosts\puzhen\2.0.0\source\thinkphp\lang\zh-cn.php
[ info ] [ ROUTE ] array (
  'type' => 'module',
  'module' => 
  array (
    0 => 'store',
    1 => 'wxapp.page',
    2 => 'index',
  ),
)
[ info ] [ HEADER ] array (
  'cookie' => 'PHPSESSID=psbv7ufk63g5gma3st4r72hks5; thinkphp_show_page_trace=0|0; Hm_lvt_8231d52c4580fdb4fc6a6098e03a174f=1646725906,1648092911; Hm_lpvt_8231d52c4580fdb4fc6a6098e03a174f=1648789821; __root_domain_v=.feibu.info; _qddaz=QD.462850277201994',
  'accept-language' => 'zh-CN,zh;q=0.9',
  'accept-encoding' => 'gzip, deflate',
  'referer' => 'http://puzhenshop.feibu.info/index.php?s=/store/wxapp/setting',
  'accept' => 'text/html,application/xhtml+xml,application/xml;q=0.9,image/avif,image/webp,image/apng,*/*;q=0.8,application/signed-exchange;v=b3;q=0.9',
  'user-agent' => 'Mozilla/5.0 (Macintosh; Intel Mac OS X 10_14_6) AppleWebKit/537.36 (KHTML, like Gecko) Chrome/100.0.4896.88 Safari/537.36',
  'upgrade-insecure-requests' => '1',
  'connection' => 'close',
  'host' => 'puzhenshop.feibu.info',
)
[ info ] [ PARAM ] array (
)
[ info ] [ BEHAVIOR ] Run app\common\behavior\App @app_begin [ RunTime:0.000187s ]
[ info ] [ SESSION ] INIT array (
  'id' => '',
  'var_session_id' => '',
  'prefix' => '',
  'type' => '',
  'auto_start' => true,
)
[ info ] [ DB ] INIT mysql
[ info ] [ CACHE ] INIT File
[ info ] [ RUN ] app\store\controller\wxapp\Page->index[ E:\UPUPW_ANK_W64\WebRoot\Vhosts\puzhen\2.0.0\source\application\store\controller\wxapp\Page.php ]
[ info ] [ VIEW ] E:\UPUPW_ANK_W64\WebRoot\Vhosts\puzhen\2.0.0\web/../source/application/store\view\wxapp\page\index.php [ array (
  0 => 'base_url',
  1 => 'store_url',
  2 => 'group',
  3 => 'menus',
  4 => 'store',
  5 => 'setting',
  6 => 'request',
  7 => 'version',
  8 => 'list',
) ]
[ info ] [ LOG ] INIT File
---------------------------------------------------------------
[ 2022-04-22T18:57:19+08:00 ] 218.19.206.154 GET puzhenshop.feibu.info/index.php?s=/store/wxapp.page/add
[运行时间：0.159322s] [吞吐率：6.28req/s] [内存消耗：4,399.02kb] [文件加载：93]
[ info ] [ LANG ] E:\UPUPW_ANK_W64\WebRoot\Vhosts\puzhen\2.0.0\source\thinkphp\lang\zh-cn.php
[ info ] [ ROUTE ] array (
  'type' => 'module',
  'module' => 
  array (
    0 => 'store',
    1 => 'wxapp.page',
    2 => 'add',
  ),
)
[ info ] [ HEADER ] array (
  'cookie' => 'PHPSESSID=psbv7ufk63g5gma3st4r72hks5; thinkphp_show_page_trace=0|0; Hm_lvt_8231d52c4580fdb4fc6a6098e03a174f=1646725906,1648092911; Hm_lpvt_8231d52c4580fdb4fc6a6098e03a174f=1648789821; __root_domain_v=.feibu.info; _qddaz=QD.462850277201994',
  'accept-language' => 'zh-CN,zh;q=0.9',
  'accept-encoding' => 'gzip, deflate',
  'referer' => 'http://puzhenshop.feibu.info/index.php?s=/store/wxapp.page/index',
  'accept' => 'text/html,application/xhtml+xml,application/xml;q=0.9,image/avif,image/webp,image/apng,*/*;q=0.8,application/signed-exchange;v=b3;q=0.9',
  'user-agent' => 'Mozilla/5.0 (Macintosh; Intel Mac OS X 10_14_6) AppleWebKit/537.36 (KHTML, like Gecko) Chrome/100.0.4896.88 Safari/537.36',
  'upgrade-insecure-requests' => '1',
  'connection' => 'close',
  'host' => 'puzhenshop.feibu.info',
)
[ info ] [ PARAM ] array (
)
[ info ] [ BEHAVIOR ] Run app\common\behavior\App @app_begin [ RunTime:0.000195s ]
[ info ] [ SESSION ] INIT array (
  'id' => '',
  'var_session_id' => '',
  'prefix' => '',
  'type' => '',
  'auto_start' => true,
)
[ info ] [ DB ] INIT mysql
[ info ] [ CACHE ] INIT File
[ info ] [ RUN ] app\store\controller\wxapp\Page->add[ E:\UPUPW_ANK_W64\WebRoot\Vhosts\puzhen\2.0.0\source\application\store\controller\wxapp\Page.php ]
[ info ] [ VIEW ] E:\UPUPW_ANK_W64\WebRoot\Vhosts\puzhen\2.0.0\web/../source/application/store\view\wxapp\page\edit.php [ array (
  0 => 'base_url',
  1 => 'store_url',
  2 => 'group',
  3 => 'menus',
  4 => 'store',
  5 => 'setting',
  6 => 'request',
  7 => 'version',
  8 => 'defaultData',
  9 => 'jsonData',
  10 => 'opts',
) ]
[ info ] [ LOG ] INIT File
---------------------------------------------------------------
[ 2022-04-22T18:57:23+08:00 ] 218.19.206.154 GET puzhenshop.feibu.info/index.php?s=/store/wxapp.page/index
[运行时间：0.083153s] [吞吐率：12.03req/s] [内存消耗：3,378.56kb] [文件加载：85]
[ info ] [ LANG ] E:\UPUPW_ANK_W64\WebRoot\Vhosts\puzhen\2.0.0\source\thinkphp\lang\zh-cn.php
[ info ] [ ROUTE ] array (
  'type' => 'module',
  'module' => 
  array (
    0 => 'store',
    1 => 'wxapp.page',
    2 => 'index',
  ),
)
[ info ] [ HEADER ] array (
  'cookie' => 'PHPSESSID=psbv7ufk63g5gma3st4r72hks5; thinkphp_show_page_trace=0|0; Hm_lvt_8231d52c4580fdb4fc6a6098e03a174f=1646725906,1648092911; Hm_lpvt_8231d52c4580fdb4fc6a6098e03a174f=1648789821; __root_domain_v=.feibu.info; _qddaz=QD.462850277201994',
  'accept-language' => 'zh-CN,zh;q=0.9',
  'accept-encoding' => 'gzip, deflate',
  'referer' => 'http://puzhenshop.feibu.info/index.php?s=/store/wxapp/setting',
  'accept' => 'text/html,application/xhtml+xml,application/xml;q=0.9,image/avif,image/webp,image/apng,*/*;q=0.8,application/signed-exchange;v=b3;q=0.9',
  'user-agent' => 'Mozilla/5.0 (Macintosh; Intel Mac OS X 10_14_6) AppleWebKit/537.36 (KHTML, like Gecko) Chrome/100.0.4896.88 Safari/537.36',
  'upgrade-insecure-requests' => '1',
  'connection' => 'close',
  'host' => 'puzhenshop.feibu.info',
)
[ info ] [ PARAM ] array (
)
[ info ] [ BEHAVIOR ] Run app\common\behavior\App @app_begin [ RunTime:0.000186s ]
[ info ] [ SESSION ] INIT array (
  'id' => '',
  'var_session_id' => '',
  'prefix' => '',
  'type' => '',
  'auto_start' => true,
)
[ info ] [ DB ] INIT mysql
[ info ] [ CACHE ] INIT File
[ info ] [ RUN ] app\store\controller\wxapp\Page->index[ E:\UPUPW_ANK_W64\WebRoot\Vhosts\puzhen\2.0.0\source\application\store\controller\wxapp\Page.php ]
[ info ] [ VIEW ] E:\UPUPW_ANK_W64\WebRoot\Vhosts\puzhen\2.0.0\web/../source/application/store\view\wxapp\page\index.php [ array (
  0 => 'base_url',
  1 => 'store_url',
  2 => 'group',
  3 => 'menus',
  4 => 'store',
  5 => 'setting',
  6 => 'request',
  7 => 'version',
  8 => 'list',
) ]
[ info ] [ LOG ] INIT File
---------------------------------------------------------------
[ 2022-04-22T18:57:28+08:00 ] 218.19.206.154 GET puzhenshop.feibu.info/index.php?s=/store/wxapp.page/add
[运行时间：0.103822s] [吞吐率：9.63req/s] [内存消耗：3,842.72kb] [文件加载：91]
[ info ] [ LANG ] E:\UPUPW_ANK_W64\WebRoot\Vhosts\puzhen\2.0.0\source\thinkphp\lang\zh-cn.php
[ info ] [ ROUTE ] array (
  'type' => 'module',
  'module' => 
  array (
    0 => 'store',
    1 => 'wxapp.page',
    2 => 'add',
  ),
)
[ info ] [ HEADER ] array (
  'cookie' => 'PHPSESSID=psbv7ufk63g5gma3st4r72hks5; thinkphp_show_page_trace=0|0; Hm_lvt_8231d52c4580fdb4fc6a6098e03a174f=1646725906,1648092911; Hm_lpvt_8231d52c4580fdb4fc6a6098e03a174f=1648789821; __root_domain_v=.feibu.info; _qddaz=QD.462850277201994',
  'accept-language' => 'zh-CN,zh;q=0.9',
  'accept-encoding' => 'gzip, deflate',
  'referer' => 'http://puzhenshop.feibu.info/index.php?s=/store/wxapp.page/index',
  'accept' => 'text/html,application/xhtml+xml,application/xml;q=0.9,image/avif,image/webp,image/apng,*/*;q=0.8,application/signed-exchange;v=b3;q=0.9',
  'user-agent' => 'Mozilla/5.0 (Macintosh; Intel Mac OS X 10_14_6) AppleWebKit/537.36 (KHTML, like Gecko) Chrome/100.0.4896.88 Safari/537.36',
  'upgrade-insecure-requests' => '1',
  'connection' => 'close',
  'host' => 'puzhenshop.feibu.info',
)
[ info ] [ PARAM ] array (
)
[ info ] [ BEHAVIOR ] Run app\common\behavior\App @app_begin [ RunTime:0.000202s ]
[ info ] [ SESSION ] INIT array (
  'id' => '',
  'var_session_id' => '',
  'prefix' => '',
  'type' => '',
  'auto_start' => true,
)
[ info ] [ DB ] INIT mysql
[ info ] [ CACHE ] INIT File
[ info ] [ RUN ] app\store\controller\wxapp\Page->add[ E:\UPUPW_ANK_W64\WebRoot\Vhosts\puzhen\2.0.0\source\application\store\controller\wxapp\Page.php ]
[ info ] [ VIEW ] E:\UPUPW_ANK_W64\WebRoot\Vhosts\puzhen\2.0.0\web/../source/application/store\view\wxapp\page\edit.php [ array (
  0 => 'base_url',
  1 => 'store_url',
  2 => 'group',
  3 => 'menus',
  4 => 'store',
  5 => 'setting',
  6 => 'request',
  7 => 'version',
  8 => 'defaultData',
  9 => 'jsonData',
  10 => 'opts',
) ]
[ info ] [ LOG ] INIT File
---------------------------------------------------------------
[ 2022-04-22T18:57:33+08:00 ] 218.19.206.154 POST puzhenshop.feibu.info/index.php?s=/store/wxapp.page/add
[运行时间：0.093320s] [吞吐率：10.72req/s] [内存消耗：3,282.70kb] [文件加载：84]
[ info ] [ LANG ] E:\UPUPW_ANK_W64\WebRoot\Vhosts\puzhen\2.0.0\source\thinkphp\lang\zh-cn.php
[ info ] [ ROUTE ] array (
  'type' => 'module',
  'module' => 
  array (
    0 => 'store',
    1 => 'wxapp.page',
    2 => 'add',
  ),
)
[ info ] [ HEADER ] array (
  'cookie' => 'PHPSESSID=psbv7ufk63g5gma3st4r72hks5; thinkphp_show_page_trace=0|0; Hm_lvt_8231d52c4580fdb4fc6a6098e03a174f=1646725906,1648092911; Hm_lpvt_8231d52c4580fdb4fc6a6098e03a174f=1648789821; __root_domain_v=.feibu.info; _qddaz=QD.462850277201994',
  'accept-language' => 'zh-CN,zh;q=0.9',
  'accept-encoding' => 'gzip, deflate',
  'referer' => 'http://puzhenshop.feibu.info/index.php?s=/store/wxapp.page/add',
  'origin' => 'http://puzhenshop.feibu.info',
  'content-type' => 'application/x-www-form-urlencoded; charset=UTF-8',
  'user-agent' => 'Mozilla/5.0 (Macintosh; Intel Mac OS X 10_14_6) AppleWebKit/537.36 (KHTML, like Gecko) Chrome/100.0.4896.88 Safari/537.36',
  'x-requested-with' => 'XMLHttpRequest',
  'accept' => '*/*',
  'content-length' => '1671',
  'connection' => 'close',
  'host' => 'puzhenshop.feibu.info',
)
[ info ] [ PARAM ] array (
  'data' => '{&quot;page&quot;:{&quot;type&quot;:&quot;page&quot;,&quot;name&quot;:&quot;页面设置&quot;,&quot;params&quot;:{&quot;name&quot;:&quot;页面名称&quot;,&quot;title&quot;:&quot;页面标题&quot;,&quot;share_title&quot;:&quot;分享标题&quot;},&quot;style&quot;:{&quot;titleTextColor&quot;:&quot;black&quot;,&quot;titleBackgroundColor&quot;:&quot;#ffffff&quot;}},&quot;items&quot;:[{&quot;name&quot;:&quot;导航组&quot;,&quot;type&quot;:&quot;navBar&quot;,&quot;style&quot;:{&quot;background&quot;:&quot;#ffffff&quot;,&quot;rowsNum&quot;:&quot;4&quot;},&quot;data&quot;:[{&quot;imgUrl&quot;:&quot;http://puzhenshop.feibu.info/assets/store/img/diy/navbar/01.png&quot;,&quot;imgName&quot;:&quot;icon-1.png&quot;,&quot;linkUrl&quot;:&quot;&quot;,&quot;text&quot;:&quot;按钮文字1&quot;,&quot;color&quot;:&quot;#666666&quot;},{&quot;imgUrl&quot;:&quot;http://puzhenshop.feibu.info/assets/store/img/diy/navbar/01.png&quot;,&quot;imgName&quot;:&quot;icon-2.jpg&quot;,&quot;linkUrl&quot;:&quot;&quot;,&quot;text&quot;:&quot;按钮文字2&quot;,&quot;color&quot;:&quot;#666666&quot;},{&quot;imgUrl&quot;:&quot;http://puzhenshop.feibu.info/assets/store/img/diy/navbar/01.png&quot;,&quot;imgName&quot;:&quot;icon-3.jpg&quot;,&quot;linkUrl&quot;:&quot;&quot;,&quot;text&quot;:&quot;按钮文字3&quot;,&quot;color&quot;:&quot;#666666&quot;},{&quot;imgUrl&quot;:&quot;http://puzhenshop.feibu.info/assets/store/img/diy/navbar/01.png&quot;,&quot;imgName&quot;:&quot;icon-4.jpg&quot;,&quot;linkUrl&quot;:&quot;&quot;,&quot;text&quot;:&quot;按钮文字4&quot;,&quot;color&quot;:&quot;#666666&quot;}]}]}',
)
[ info ] [ BEHAVIOR ] Run app\common\behavior\App @app_begin [ RunTime:0.000200s ]
[ info ] [ SESSION ] INIT array (
  'id' => '',
  'var_session_id' => '',
  'prefix' => '',
  'type' => '',
  'auto_start' => true,
)
[ info ] [ DB ] INIT mysql
[ info ] [ CACHE ] INIT File
[ info ] [ RUN ] app\store\controller\wxapp\Page->add[ E:\UPUPW_ANK_W64\WebRoot\Vhosts\puzhen\2.0.0\source\application\store\controller\wxapp\Page.php ]
[ info ] [ LOG ] INIT File
---------------------------------------------------------------
[ 2022-04-22T18:57:34+08:00 ] 218.19.206.154 GET puzhenshop.feibu.info/index.php?s=/store/wxapp.page/index
[运行时间：0.093400s] [吞吐率：10.71req/s] [内存消耗：3,385.13kb] [文件加载：85]
[ info ] [ LANG ] E:\UPUPW_ANK_W64\WebRoot\Vhosts\puzhen\2.0.0\source\thinkphp\lang\zh-cn.php
[ info ] [ ROUTE ] array (
  'type' => 'module',
  'module' => 
  array (
    0 => 'store',
    1 => 'wxapp.page',
    2 => 'index',
  ),
)
[ info ] [ HEADER ] array (
  'cookie' => 'PHPSESSID=psbv7ufk63g5gma3st4r72hks5; thinkphp_show_page_trace=0|0; Hm_lvt_8231d52c4580fdb4fc6a6098e03a174f=1646725906,1648092911; Hm_lpvt_8231d52c4580fdb4fc6a6098e03a174f=1648789821; __root_domain_v=.feibu.info; _qddaz=QD.462850277201994',
  'accept-language' => 'zh-CN,zh;q=0.9',
  'accept-encoding' => 'gzip, deflate',
  'referer' => 'http://puzhenshop.feibu.info/index.php?s=/store/wxapp.page/add',
  'accept' => 'text/html,application/xhtml+xml,application/xml;q=0.9,image/avif,image/webp,image/apng,*/*;q=0.8,application/signed-exchange;v=b3;q=0.9',
  'user-agent' => 'Mozilla/5.0 (Macintosh; Intel Mac OS X 10_14_6) AppleWebKit/537.36 (KHTML, like Gecko) Chrome/100.0.4896.88 Safari/537.36',
  'upgrade-insecure-requests' => '1',
  'connection' => 'close',
  'host' => 'puzhenshop.feibu.info',
)
[ info ] [ PARAM ] array (
)
[ info ] [ BEHAVIOR ] Run app\common\behavior\App @app_begin [ RunTime:0.000307s ]
[ info ] [ SESSION ] INIT array (
  'id' => '',
  'var_session_id' => '',
  'prefix' => '',
  'type' => '',
  'auto_start' => true,
)
[ info ] [ DB ] INIT mysql
[ info ] [ CACHE ] INIT File
[ info ] [ RUN ] app\store\controller\wxapp\Page->index[ E:\UPUPW_ANK_W64\WebRoot\Vhosts\puzhen\2.0.0\source\application\store\controller\wxapp\Page.php ]
[ info ] [ VIEW ] E:\UPUPW_ANK_W64\WebRoot\Vhosts\puzhen\2.0.0\web/../source/application/store\view\wxapp\page\index.php [ array (
  0 => 'base_url',
  1 => 'store_url',
  2 => 'group',
  3 => 'menus',
  4 => 'store',
  5 => 'setting',
  6 => 'request',
  7 => 'version',
  8 => 'list',
) ]
[ info ] [ LOG ] INIT File
---------------------------------------------------------------
[ 2022-04-22T18:57:40+08:00 ] 218.19.206.154 POST puzhenshop.feibu.info/index.php?s=/store/wxapp.page/delete
[运行时间：0.100078s] [吞吐率：9.99req/s] [内存消耗：3,267.91kb] [文件加载：84]
[ info ] [ LANG ] E:\UPUPW_ANK_W64\WebRoot\Vhosts\puzhen\2.0.0\source\thinkphp\lang\zh-cn.php
[ info ] [ ROUTE ] array (
  'type' => 'module',
  'module' => 
  array (
    0 => 'store',
    1 => 'wxapp.page',
    2 => 'delete',
  ),
)
[ info ] [ HEADER ] array (
  'cookie' => 'PHPSESSID=psbv7ufk63g5gma3st4r72hks5; thinkphp_show_page_trace=0|0; Hm_lvt_8231d52c4580fdb4fc6a6098e03a174f=1646725906,1648092911; Hm_lpvt_8231d52c4580fdb4fc6a6098e03a174f=1648789821; __root_domain_v=.feibu.info; _qddaz=QD.462850277201994',
  'accept-language' => 'zh-CN,zh;q=0.9',
  'accept-encoding' => 'gzip, deflate',
  'referer' => 'http://puzhenshop.feibu.info/index.php?s=/store/wxapp.page/index',
  'origin' => 'http://puzhenshop.feibu.info',
  'content-type' => 'application/x-www-form-urlencoded; charset=UTF-8',
  'user-agent' => 'Mozilla/5.0 (Macintosh; Intel Mac OS X 10_14_6) AppleWebKit/537.36 (KHTML, like Gecko) Chrome/100.0.4896.88 Safari/537.36',
  'x-requested-with' => 'XMLHttpRequest',
  'accept' => '*/*',
  'content-length' => '13',
  'connection' => 'close',
  'host' => 'puzhenshop.feibu.info',
)
[ info ] [ PARAM ] array (
  'page_id' => '10002',
)
[ info ] [ BEHAVIOR ] Run app\common\behavior\App @app_begin [ RunTime:0.000283s ]
[ info ] [ SESSION ] INIT array (
  'id' => '',
  'var_session_id' => '',
  'prefix' => '',
  'type' => '',
  'auto_start' => true,
)
[ info ] [ DB ] INIT mysql
[ info ] [ CACHE ] INIT File
[ info ] [ RUN ] app\store\controller\wxapp\Page->delete[ E:\UPUPW_ANK_W64\WebRoot\Vhosts\puzhen\2.0.0\source\application\store\controller\wxapp\Page.php ]
[ info ] [ LOG ] INIT File
---------------------------------------------------------------
[ 2022-04-22T18:57:42+08:00 ] 218.19.206.154 GET puzhenshop.feibu.info/index.php?s=/store/wxapp.page/index
[运行时间：0.095025s] [吞吐率：10.52req/s] [内存消耗：3,379.06kb] [文件加载：85]
[ info ] [ LANG ] E:\UPUPW_ANK_W64\WebRoot\Vhosts\puzhen\2.0.0\source\thinkphp\lang\zh-cn.php
[ info ] [ ROUTE ] array (
  'type' => 'module',
  'module' => 
  array (
    0 => 'store',
    1 => 'wxapp.page',
    2 => 'index',
  ),
)
[ info ] [ HEADER ] array (
  'cookie' => 'PHPSESSID=psbv7ufk63g5gma3st4r72hks5; thinkphp_show_page_trace=0|0; Hm_lvt_8231d52c4580fdb4fc6a6098e03a174f=1646725906,1648092911; Hm_lpvt_8231d52c4580fdb4fc6a6098e03a174f=1648789821; __root_domain_v=.feibu.info; _qddaz=QD.462850277201994',
  'accept-language' => 'zh-CN,zh;q=0.9',
  'accept-encoding' => 'gzip, deflate',
  'referer' => 'http://puzhenshop.feibu.info/index.php?s=/store/wxapp.page/index',
  'accept' => 'text/html,application/xhtml+xml,application/xml;q=0.9,image/avif,image/webp,image/apng,*/*;q=0.8,application/signed-exchange;v=b3;q=0.9',
  'user-agent' => 'Mozilla/5.0 (Macintosh; Intel Mac OS X 10_14_6) AppleWebKit/537.36 (KHTML, like Gecko) Chrome/100.0.4896.88 Safari/537.36',
  'upgrade-insecure-requests' => '1',
  'cache-control' => 'max-age=0',
  'connection' => 'close',
  'host' => 'puzhenshop.feibu.info',
)
[ info ] [ PARAM ] array (
)
[ info ] [ BEHAVIOR ] Run app\common\behavior\App @app_begin [ RunTime:0.000190s ]
[ info ] [ SESSION ] INIT array (
  'id' => '',
  'var_session_id' => '',
  'prefix' => '',
  'type' => '',
  'auto_start' => true,
)
[ info ] [ DB ] INIT mysql
[ info ] [ CACHE ] INIT File
[ info ] [ RUN ] app\store\controller\wxapp\Page->index[ E:\UPUPW_ANK_W64\WebRoot\Vhosts\puzhen\2.0.0\source\application\store\controller\wxapp\Page.php ]
[ info ] [ VIEW ] E:\UPUPW_ANK_W64\WebRoot\Vhosts\puzhen\2.0.0\web/../source/application/store\view\wxapp\page\index.php [ array (
  0 => 'base_url',
  1 => 'store_url',
  2 => 'group',
  3 => 'menus',
  4 => 'store',
  5 => 'setting',
  6 => 'request',
  7 => 'version',
  8 => 'list',
) ]
[ info ] [ LOG ] INIT File
---------------------------------------------------------------
[ 2022-04-22T18:57:44+08:00 ] 218.19.206.154 GET puzhenshop.feibu.info/index.php?s=/store/wxapp.page/category
[运行时间：0.084305s] [吞吐率：11.86req/s] [内存消耗：3,252.59kb] [文件加载：83]
[ info ] [ LANG ] E:\UPUPW_ANK_W64\WebRoot\Vhosts\puzhen\2.0.0\source\thinkphp\lang\zh-cn.php
[ info ] [ ROUTE ] array (
  'type' => 'module',
  'module' => 
  array (
    0 => 'store',
    1 => 'wxapp.page',
    2 => 'category',
  ),
)
[ info ] [ HEADER ] array (
  'cookie' => 'PHPSESSID=psbv7ufk63g5gma3st4r72hks5; thinkphp_show_page_trace=0|0; Hm_lvt_8231d52c4580fdb4fc6a6098e03a174f=1646725906,1648092911; Hm_lpvt_8231d52c4580fdb4fc6a6098e03a174f=1648789821; __root_domain_v=.feibu.info; _qddaz=QD.462850277201994',
  'accept-language' => 'zh-CN,zh;q=0.9',
  'accept-encoding' => 'gzip, deflate',
  'referer' => 'http://puzhenshop.feibu.info/index.php?s=/store/wxapp.page/index',
  'accept' => 'text/html,application/xhtml+xml,application/xml;q=0.9,image/avif,image/webp,image/apng,*/*;q=0.8,application/signed-exchange;v=b3;q=0.9',
  'user-agent' => 'Mozilla/5.0 (Macintosh; Intel Mac OS X 10_14_6) AppleWebKit/537.36 (KHTML, like Gecko) Chrome/100.0.4896.88 Safari/537.36',
  'upgrade-insecure-requests' => '1',
  'connection' => 'close',
  'host' => 'puzhenshop.feibu.info',
)
[ info ] [ PARAM ] array (
)
[ info ] [ BEHAVIOR ] Run app\common\behavior\App @app_begin [ RunTime:0.000320s ]
[ info ] [ SESSION ] INIT array (
  'id' => '',
  'var_session_id' => '',
  'prefix' => '',
  'type' => '',
  'auto_start' => true,
)
[ info ] [ DB ] INIT mysql
[ info ] [ CACHE ] INIT File
[ info ] [ RUN ] app\store\controller\wxapp\Page->category[ E:\UPUPW_ANK_W64\WebRoot\Vhosts\puzhen\2.0.0\source\application\store\controller\wxapp\Page.php ]
[ info ] [ VIEW ] E:\UPUPW_ANK_W64\WebRoot\Vhosts\puzhen\2.0.0\web/../source/application/store\view\wxapp\page\category.php [ array (
  0 => 'base_url',
  1 => 'store_url',
  2 => 'group',
  3 => 'menus',
  4 => 'store',
  5 => 'setting',
  6 => 'request',
  7 => 'version',
  8 => 'model',
) ]
[ info ] [ LOG ] INIT File
---------------------------------------------------------------
[ 2022-04-22T18:57:45+08:00 ] 218.19.206.154 GET puzhenshop.feibu.info/index.php?s=/store/wxapp.page/links
[运行时间：0.080772s] [吞吐率：12.38req/s] [内存消耗：3,267.05kb] [文件加载：81]
[ info ] [ LANG ] E:\UPUPW_ANK_W64\WebRoot\Vhosts\puzhen\2.0.0\source\thinkphp\lang\zh-cn.php
[ info ] [ ROUTE ] array (
  'type' => 'module',
  'module' => 
  array (
    0 => 'store',
    1 => 'wxapp.page',
    2 => 'links',
  ),
)
[ info ] [ HEADER ] array (
  'cookie' => 'PHPSESSID=psbv7ufk63g5gma3st4r72hks5; thinkphp_show_page_trace=0|0; Hm_lvt_8231d52c4580fdb4fc6a6098e03a174f=1646725906,1648092911; Hm_lpvt_8231d52c4580fdb4fc6a6098e03a174f=1648789821; __root_domain_v=.feibu.info; _qddaz=QD.462850277201994',
  'accept-language' => 'zh-CN,zh;q=0.9',
  'accept-encoding' => 'gzip, deflate',
  'referer' => 'http://puzhenshop.feibu.info/index.php?s=/store/wxapp.page/category',
  'accept' => 'text/html,application/xhtml+xml,application/xml;q=0.9,image/avif,image/webp,image/apng,*/*;q=0.8,application/signed-exchange;v=b3;q=0.9',
  'user-agent' => 'Mozilla/5.0 (Macintosh; Intel Mac OS X 10_14_6) AppleWebKit/537.36 (KHTML, like Gecko) Chrome/100.0.4896.88 Safari/537.36',
  'upgrade-insecure-requests' => '1',
  'connection' => 'close',
  'host' => 'puzhenshop.feibu.info',
)
[ info ] [ PARAM ] array (
)
[ info ] [ BEHAVIOR ] Run app\common\behavior\App @app_begin [ RunTime:0.000206s ]
[ info ] [ SESSION ] INIT array (
  'id' => '',
  'var_session_id' => '',
  'prefix' => '',
  'type' => '',
  'auto_start' => true,
)
[ info ] [ DB ] INIT mysql
[ info ] [ CACHE ] INIT File
[ info ] [ RUN ] app\store\controller\wxapp\Page->links[ E:\UPUPW_ANK_W64\WebRoot\Vhosts\puzhen\2.0.0\source\application\store\controller\wxapp\Page.php ]
[ info ] [ VIEW ] E:\UPUPW_ANK_W64\WebRoot\Vhosts\puzhen\2.0.0\web/../source/application/store\view\wxapp\page\links.php [ array (
  0 => 'base_url',
  1 => 'store_url',
  2 => 'group',
  3 => 'menus',
  4 => 'store',
  5 => 'setting',
  6 => 'request',
  7 => 'version',
) ]
[ info ] [ LOG ] INIT File
---------------------------------------------------------------
[ 2022-04-22T18:57:49+08:00 ] 218.19.206.154 GET puzhenshop.feibu.info/index.php?s=/store/wxapp/setting
[运行时间：0.085077s] [吞吐率：11.75req/s] [内存消耗：3,252.63kb] [文件加载：83]
[ info ] [ LANG ] E:\UPUPW_ANK_W64\WebRoot\Vhosts\puzhen\2.0.0\source\thinkphp\lang\zh-cn.php
[ info ] [ ROUTE ] array (
  'type' => 'module',
  'module' => 
  array (
    0 => 'store',
    1 => 'wxapp',
    2 => 'setting',
  ),
)
[ info ] [ HEADER ] array (
  'cookie' => 'PHPSESSID=psbv7ufk63g5gma3st4r72hks5; thinkphp_show_page_trace=0|0; Hm_lvt_8231d52c4580fdb4fc6a6098e03a174f=1646725906,1648092911; Hm_lpvt_8231d52c4580fdb4fc6a6098e03a174f=1648789821; __root_domain_v=.feibu.info; _qddaz=QD.462850277201994',
  'accept-language' => 'zh-CN,zh;q=0.9',
  'accept-encoding' => 'gzip, deflate',
  'referer' => 'http://puzhenshop.feibu.info/index.php?s=/store/wxapp.page/links',
  'accept' => 'text/html,application/xhtml+xml,application/xml;q=0.9,image/avif,image/webp,image/apng,*/*;q=0.8,application/signed-exchange;v=b3;q=0.9',
  'user-agent' => 'Mozilla/5.0 (Macintosh; Intel Mac OS X 10_14_6) AppleWebKit/537.36 (KHTML, like Gecko) Chrome/100.0.4896.88 Safari/537.36',
  'upgrade-insecure-requests' => '1',
  'connection' => 'close',
  'host' => 'puzhenshop.feibu.info',
)
[ info ] [ PARAM ] array (
)
[ info ] [ BEHAVIOR ] Run app\common\behavior\App @app_begin [ RunTime:0.000195s ]
[ info ] [ SESSION ] INIT array (
  'id' => '',
  'var_session_id' => '',
  'prefix' => '',
  'type' => '',
  'auto_start' => true,
)
[ info ] [ DB ] INIT mysql
[ info ] [ CACHE ] INIT File
[ info ] [ RUN ] app\store\controller\Wxapp->setting[ E:\UPUPW_ANK_W64\WebRoot\Vhosts\puzhen\2.0.0\source\application\store\controller\Wxapp.php ]
[ info ] [ VIEW ] E:\UPUPW_ANK_W64\WebRoot\Vhosts\puzhen\2.0.0\web/../source/application/store\view\wxapp\setting.php [ array (
  0 => 'base_url',
  1 => 'store_url',
  2 => 'group',
  3 => 'menus',
  4 => 'store',
  5 => 'setting',
  6 => 'request',
  7 => 'version',
  8 => 'model',
) ]
[ info ] [ LOG ] INIT File
---------------------------------------------------------------
[ 2022-04-22T18:57:57+08:00 ] 218.19.206.154 GET puzhenshop.feibu.info/index.php?s=/store/shop/index
[运行时间：0.327718s] [吞吐率：3.05req/s] [内存消耗：6,082.02kb] [文件加载：95]
[ info ] [ LANG ] E:\UPUPW_ANK_W64\WebRoot\Vhosts\puzhen\2.0.0\source\thinkphp\lang\zh-cn.php
[ info ] [ ROUTE ] array (
  'type' => 'module',
  'module' => 
  array (
    0 => 'store',
    1 => 'shop',
    2 => 'index',
  ),
)
[ info ] [ HEADER ] array (
  'cookie' => 'PHPSESSID=psbv7ufk63g5gma3st4r72hks5; thinkphp_show_page_trace=0|0; Hm_lvt_8231d52c4580fdb4fc6a6098e03a174f=1646725906,1648092911; Hm_lpvt_8231d52c4580fdb4fc6a6098e03a174f=1648789821; __root_domain_v=.feibu.info; _qddaz=QD.462850277201994',
  'accept-language' => 'zh-CN,zh;q=0.9',
  'accept-encoding' => 'gzip, deflate',
  'referer' => 'http://puzhenshop.feibu.info/index.php?s=/store/wxapp/setting',
  'accept' => 'text/html,application/xhtml+xml,application/xml;q=0.9,image/avif,image/webp,image/apng,*/*;q=0.8,application/signed-exchange;v=b3;q=0.9',
  'user-agent' => 'Mozilla/5.0 (Macintosh; Intel Mac OS X 10_14_6) AppleWebKit/537.36 (KHTML, like Gecko) Chrome/100.0.4896.88 Safari/537.36',
  'upgrade-insecure-requests' => '1',
  'connection' => 'close',
  'host' => 'puzhenshop.feibu.info',
)
[ info ] [ PARAM ] array (
)
[ info ] [ BEHAVIOR ] Run app\common\behavior\App @app_begin [ RunTime:0.000190s ]
[ info ] [ SESSION ] INIT array (
  'id' => '',
  'var_session_id' => '',
  'prefix' => '',
  'type' => '',
  'auto_start' => true,
)
[ info ] [ DB ] INIT mysql
[ info ] [ CACHE ] INIT File
[ info ] [ RUN ] app\store\controller\Shop->index[ E:\UPUPW_ANK_W64\WebRoot\Vhosts\puzhen\2.0.0\source\application\store\controller\Shop.php ]
[ info ] [ VIEW ] E:\UPUPW_ANK_W64\WebRoot\Vhosts\puzhen\2.0.0\web/../source/application/store\view\shop\index.php [ array (
  0 => 'base_url',
  1 => 'store_url',
  2 => 'group',
  3 => 'menus',
  4 => 'store',
  5 => 'setting',
  6 => 'request',
  7 => 'version',
  8 => 'list',
) ]
[ info ] [ LOG ] INIT File
---------------------------------------------------------------
[ 2022-04-22T18:58:02+08:00 ] 218.19.206.154 GET puzhenshop.feibu.info/index.php?s=/store/content.article/index
[运行时间：0.104927s] [吞吐率：9.53req/s] [内存消耗：3,586.78kb] [文件加载：96]
[ info ] [ LANG ] E:\UPUPW_ANK_W64\WebRoot\Vhosts\puzhen\2.0.0\source\thinkphp\lang\zh-cn.php
[ info ] [ ROUTE ] array (
  'type' => 'module',
  'module' => 
  array (
    0 => 'store',
    1 => 'content.article',
    2 => 'index',
  ),
)
[ info ] [ HEADER ] array (
  'cookie' => 'PHPSESSID=psbv7ufk63g5gma3st4r72hks5; thinkphp_show_page_trace=0|0; Hm_lvt_8231d52c4580fdb4fc6a6098e03a174f=1646725906,1648092911; Hm_lpvt_8231d52c4580fdb4fc6a6098e03a174f=1648789821; __root_domain_v=.feibu.info; _qddaz=QD.462850277201994',
  'accept-language' => 'zh-CN,zh;q=0.9',
  'accept-encoding' => 'gzip, deflate',
  'referer' => 'http://puzhenshop.feibu.info/index.php?s=/store/shop/index',
  'accept' => 'text/html,application/xhtml+xml,application/xml;q=0.9,image/avif,image/webp,image/apng,*/*;q=0.8,application/signed-exchange;v=b3;q=0.9',
  'user-agent' => 'Mozilla/5.0 (Macintosh; Intel Mac OS X 10_14_6) AppleWebKit/537.36 (KHTML, like Gecko) Chrome/100.0.4896.88 Safari/537.36',
  'upgrade-insecure-requests' => '1',
  'connection' => 'close',
  'host' => 'puzhenshop.feibu.info',
)
[ info ] [ PARAM ] array (
)
[ info ] [ BEHAVIOR ] Run app\common\behavior\App @app_begin [ RunTime:0.000183s ]
[ info ] [ SESSION ] INIT array (
  'id' => '',
  'var_session_id' => '',
  'prefix' => '',
  'type' => '',
  'auto_start' => true,
)
[ info ] [ DB ] INIT mysql
[ info ] [ CACHE ] INIT File
[ info ] [ RUN ] app\store\controller\content\Article->index[ E:\UPUPW_ANK_W64\WebRoot\Vhosts\puzhen\2.0.0\source\application\store\controller\content\Article.php ]
[ info ] [ VIEW ] E:\UPUPW_ANK_W64\WebRoot\Vhosts\puzhen\2.0.0\web/../source/application/store\view\content\article\index.php [ array (
  0 => 'base_url',
  1 => 'store_url',
  2 => 'group',
  3 => 'menus',
  4 => 'store',
  5 => 'setting',
  6 => 'request',
  7 => 'version',
  8 => 'list',
) ]
[ info ] [ LOG ] INIT File
---------------------------------------------------------------
[ 2022-04-22T18:58:04+08:00 ] 218.19.206.154 GET puzhenshop.feibu.info/index.php?s=/store/market.coupon/index
[运行时间：0.094991s] [吞吐率：10.53req/s] [内存消耗：3,375.26kb] [文件加载：88]
[ info ] [ LANG ] E:\UPUPW_ANK_W64\WebRoot\Vhosts\puzhen\2.0.0\source\thinkphp\lang\zh-cn.php
[ info ] [ ROUTE ] array (
  'type' => 'module',
  'module' => 
  array (
    0 => 'store',
    1 => 'market.coupon',
    2 => 'index',
  ),
)
[ info ] [ HEADER ] array (
  'cookie' => 'PHPSESSID=psbv7ufk63g5gma3st4r72hks5; thinkphp_show_page_trace=0|0; Hm_lvt_8231d52c4580fdb4fc6a6098e03a174f=1646725906,1648092911; Hm_lpvt_8231d52c4580fdb4fc6a6098e03a174f=1648789821; __root_domain_v=.feibu.info; _qddaz=QD.462850277201994',
  'accept-language' => 'zh-CN,zh;q=0.9',
  'accept-encoding' => 'gzip, deflate',
  'referer' => 'http://puzhenshop.feibu.info/index.php?s=/store/content.article/index',
  'accept' => 'text/html,application/xhtml+xml,application/xml;q=0.9,image/avif,image/webp,image/apng,*/*;q=0.8,application/signed-exchange;v=b3;q=0.9',
  'user-agent' => 'Mozilla/5.0 (Macintosh; Intel Mac OS X 10_14_6) AppleWebKit/537.36 (KHTML, like Gecko) Chrome/100.0.4896.88 Safari/537.36',
  'upgrade-insecure-requests' => '1',
  'connection' => 'close',
  'host' => 'puzhenshop.feibu.info',
)
[ info ] [ PARAM ] array (
)
[ info ] [ BEHAVIOR ] Run app\common\behavior\App @app_begin [ RunTime:0.000185s ]
[ info ] [ SESSION ] INIT array (
  'id' => '',
  'var_session_id' => '',
  'prefix' => '',
  'type' => '',
  'auto_start' => true,
)
[ info ] [ DB ] INIT mysql
[ info ] [ CACHE ] INIT File
[ info ] [ RUN ] app\store\controller\market\Coupon->index[ E:\UPUPW_ANK_W64\WebRoot\Vhosts\puzhen\2.0.0\source\application\store\controller\market\Coupon.php ]
[ info ] [ VIEW ] E:\UPUPW_ANK_W64\WebRoot\Vhosts\puzhen\2.0.0\web/../source/application/store\view\market\coupon\index.php [ array (
  0 => 'base_url',
  1 => 'store_url',
  2 => 'group',
  3 => 'menus',
  4 => 'store',
  5 => 'setting',
  6 => 'request',
  7 => 'version',
  8 => 'list',
) ]
[ info ] [ LOG ] INIT File
---------------------------------------------------------------
[ 2022-04-22T18:58:09+08:00 ] 218.19.206.154 GET puzhenshop.feibu.info/index.php?s=/store/statistics.data/index
[运行时间：0.298918s] [吞吐率：3.35req/s] [内存消耗：4,006.20kb] [文件加载：116]
[ info ] [ LANG ] E:\UPUPW_ANK_W64\WebRoot\Vhosts\puzhen\2.0.0\source\thinkphp\lang\zh-cn.php
[ info ] [ ROUTE ] array (
  'type' => 'module',
  'module' => 
  array (
    0 => 'store',
    1 => 'statistics.data',
    2 => 'index',
  ),
)
[ info ] [ HEADER ] array (
  'cookie' => 'PHPSESSID=psbv7ufk63g5gma3st4r72hks5; thinkphp_show_page_trace=0|0; Hm_lvt_8231d52c4580fdb4fc6a6098e03a174f=1646725906,1648092911; Hm_lpvt_8231d52c4580fdb4fc6a6098e03a174f=1648789821; __root_domain_v=.feibu.info; _qddaz=QD.462850277201994',
  'accept-language' => 'zh-CN,zh;q=0.9',
  'accept-encoding' => 'gzip, deflate',
  'referer' => 'http://puzhenshop.feibu.info/index.php?s=/store/market.coupon/index',
  'accept' => 'text/html,application/xhtml+xml,application/xml;q=0.9,image/avif,image/webp,image/apng,*/*;q=0.8,application/signed-exchange;v=b3;q=0.9',
  'user-agent' => 'Mozilla/5.0 (Macintosh; Intel Mac OS X 10_14_6) AppleWebKit/537.36 (KHTML, like Gecko) Chrome/100.0.4896.88 Safari/537.36',
  'upgrade-insecure-requests' => '1',
  'connection' => 'close',
  'host' => 'puzhenshop.feibu.info',
)
[ info ] [ PARAM ] array (
)
[ info ] [ BEHAVIOR ] Run app\common\behavior\App @app_begin [ RunTime:0.000228s ]
[ info ] [ SESSION ] INIT array (
  'id' => '',
  'var_session_id' => '',
  'prefix' => '',
  'type' => '',
  'auto_start' => true,
)
[ info ] [ DB ] INIT mysql
[ info ] [ CACHE ] INIT File
[ info ] [ RUN ] app\store\controller\statistics\Data->index[ E:\UPUPW_ANK_W64\WebRoot\Vhosts\puzhen\2.0.0\source\application\store\controller\statistics\Data.php ]
[ info ] [ BEHAVIOR ] Run app\task\behavior\Order @order [ RunTime:0.000273s ]
[ info ] [ BEHAVIOR ] Run app\task\behavior\sharp\Order @order [ RunTime:0.034648s ]
[ info ] [ BEHAVIOR ] Run app\task\behavior\Order @order [ RunTime:0.034660s ]
[ info ] [ VIEW ] E:\UPUPW_ANK_W64\WebRoot\Vhosts\puzhen\2.0.0\web/../source/application/store\view\statistics\data\index.php [ array (
  0 => 'base_url',
  1 => 'store_url',
  2 => 'group',
  3 => 'menus',
  4 => 'store',
  5 => 'setting',
  6 => 'request',
  7 => 'version',
  8 => 'survey',
  9 => 'echarts7days',
  10 => 'goodsRanking',
  11 => 'userExpendRanking',
) ]
[ info ] [ LOG ] INIT File
---------------------------------------------------------------
[ 2022-04-22T18:58:13+08:00 ] 218.19.206.154 GET puzhenshop.feibu.info/index.php?s=/store/wxapp/setting
[运行时间：0.090218s] [吞吐率：11.08req/s] [内存消耗：3,252.63kb] [文件加载：83]
[ info ] [ LANG ] E:\UPUPW_ANK_W64\WebRoot\Vhosts\puzhen\2.0.0\source\thinkphp\lang\zh-cn.php
[ info ] [ ROUTE ] array (
  'type' => 'module',
  'module' => 
  array (
    0 => 'store',
    1 => 'wxapp',
    2 => 'setting',
  ),
)
[ info ] [ HEADER ] array (
  'cookie' => 'PHPSESSID=psbv7ufk63g5gma3st4r72hks5; thinkphp_show_page_trace=0|0; Hm_lvt_8231d52c4580fdb4fc6a6098e03a174f=1646725906,1648092911; Hm_lpvt_8231d52c4580fdb4fc6a6098e03a174f=1648789821; __root_domain_v=.feibu.info; _qddaz=QD.462850277201994',
  'accept-language' => 'zh-CN,zh;q=0.9',
  'accept-encoding' => 'gzip, deflate',
  'referer' => 'http://puzhenshop.feibu.info/index.php?s=/store/statistics.data/index',
  'accept' => 'text/html,application/xhtml+xml,application/xml;q=0.9,image/avif,image/webp,image/apng,*/*;q=0.8,application/signed-exchange;v=b3;q=0.9',
  'user-agent' => 'Mozilla/5.0 (Macintosh; Intel Mac OS X 10_14_6) AppleWebKit/537.36 (KHTML, like Gecko) Chrome/100.0.4896.88 Safari/537.36',
  'upgrade-insecure-requests' => '1',
  'connection' => 'close',
  'host' => 'puzhenshop.feibu.info',
)
[ info ] [ PARAM ] array (
)
[ info ] [ BEHAVIOR ] Run app\common\behavior\App @app_begin [ RunTime:0.000203s ]
[ info ] [ SESSION ] INIT array (
  'id' => '',
  'var_session_id' => '',
  'prefix' => '',
  'type' => '',
  'auto_start' => true,
)
[ info ] [ DB ] INIT mysql
[ info ] [ CACHE ] INIT File
[ info ] [ RUN ] app\store\controller\Wxapp->setting[ E:\UPUPW_ANK_W64\WebRoot\Vhosts\puzhen\2.0.0\source\application\store\controller\Wxapp.php ]
[ info ] [ VIEW ] E:\UPUPW_ANK_W64\WebRoot\Vhosts\puzhen\2.0.0\web/../source/application/store\view\wxapp\setting.php [ array (
  0 => 'base_url',
  1 => 'store_url',
  2 => 'group',
  3 => 'menus',
  4 => 'store',
  5 => 'setting',
  6 => 'request',
  7 => 'version',
  8 => 'model',
) ]
[ info ] [ LOG ] INIT File
---------------------------------------------------------------
[ 2022-04-22T18:58:15+08:00 ] 218.19.206.154 GET puzhenshop.feibu.info/index.php?s=/store/setting/store
[运行时间：0.081649s] [吞吐率：12.25req/s] [内存消耗：3,220.30kb] [文件加载：81]
[ info ] [ LANG ] E:\UPUPW_ANK_W64\WebRoot\Vhosts\puzhen\2.0.0\source\thinkphp\lang\zh-cn.php
[ info ] [ ROUTE ] array (
  'type' => 'module',
  'module' => 
  array (
    0 => 'store',
    1 => 'setting',
    2 => 'store',
  ),
)
[ info ] [ HEADER ] array (
  'cookie' => 'PHPSESSID=psbv7ufk63g5gma3st4r72hks5; thinkphp_show_page_trace=0|0; Hm_lvt_8231d52c4580fdb4fc6a6098e03a174f=1646725906,1648092911; Hm_lpvt_8231d52c4580fdb4fc6a6098e03a174f=1648789821; __root_domain_v=.feibu.info; _qddaz=QD.462850277201994',
  'accept-language' => 'zh-CN,zh;q=0.9',
  'accept-encoding' => 'gzip, deflate',
  'referer' => 'http://puzhenshop.feibu.info/index.php?s=/store/wxapp/setting',
  'accept' => 'text/html,application/xhtml+xml,application/xml;q=0.9,image/avif,image/webp,image/apng,*/*;q=0.8,application/signed-exchange;v=b3;q=0.9',
  'user-agent' => 'Mozilla/5.0 (Macintosh; Intel Mac OS X 10_14_6) AppleWebKit/537.36 (KHTML, like Gecko) Chrome/100.0.4896.88 Safari/537.36',
  'upgrade-insecure-requests' => '1',
  'connection' => 'close',
  'host' => 'puzhenshop.feibu.info',
)
[ info ] [ PARAM ] array (
)
[ info ] [ BEHAVIOR ] Run app\common\behavior\App @app_begin [ RunTime:0.000185s ]
[ info ] [ SESSION ] INIT array (
  'id' => '',
  'var_session_id' => '',
  'prefix' => '',
  'type' => '',
  'auto_start' => true,
)
[ info ] [ DB ] INIT mysql
[ info ] [ CACHE ] INIT File
[ info ] [ RUN ] app\store\controller\Setting->store[ E:\UPUPW_ANK_W64\WebRoot\Vhosts\puzhen\2.0.0\source\application\store\controller\Setting.php ]
[ info ] [ VIEW ] E:\UPUPW_ANK_W64\WebRoot\Vhosts\puzhen\2.0.0\web/../source/application/store\view\setting\store.php [ array (
  0 => 'base_url',
  1 => 'store_url',
  2 => 'group',
  3 => 'menus',
  4 => 'store',
  5 => 'setting',
  6 => 'request',
  7 => 'version',
  8 => 'values',
) ]
[ info ] [ LOG ] INIT File
---------------------------------------------------------------
[ 2022-04-22T18:58:17+08:00 ] 218.19.206.154 GET puzhenshop.feibu.info/index.php?s=/store/setting/trade
[运行时间：0.078634s] [吞吐率：12.72req/s] [内存消耗：3,392.45kb] [文件加载：83]
[ info ] [ LANG ] E:\UPUPW_ANK_W64\WebRoot\Vhosts\puzhen\2.0.0\source\thinkphp\lang\zh-cn.php
[ info ] [ ROUTE ] array (
  'type' => 'module',
  'module' => 
  array (
    0 => 'store',
    1 => 'setting',
    2 => 'trade',
  ),
)
[ info ] [ HEADER ] array (
  'cookie' => 'PHPSESSID=psbv7ufk63g5gma3st4r72hks5; thinkphp_show_page_trace=0|0; Hm_lvt_8231d52c4580fdb4fc6a6098e03a174f=1646725906,1648092911; Hm_lpvt_8231d52c4580fdb4fc6a6098e03a174f=1648789821; __root_domain_v=.feibu.info; _qddaz=QD.462850277201994',
  'accept-language' => 'zh-CN,zh;q=0.9',
  'accept-encoding' => 'gzip, deflate',
  'referer' => 'http://puzhenshop.feibu.info/index.php?s=/store/setting/store',
  'accept' => 'text/html,application/xhtml+xml,application/xml;q=0.9,image/avif,image/webp,image/apng,*/*;q=0.8,application/signed-exchange;v=b3;q=0.9',
  'user-agent' => 'Mozilla/5.0 (Macintosh; Intel Mac OS X 10_14_6) AppleWebKit/537.36 (KHTML, like Gecko) Chrome/100.0.4896.88 Safari/537.36',
  'upgrade-insecure-requests' => '1',
  'connection' => 'close',
  'host' => 'puzhenshop.feibu.info',
)
[ info ] [ PARAM ] array (
)
[ info ] [ BEHAVIOR ] Run app\common\behavior\App @app_begin [ RunTime:0.000194s ]
[ info ] [ SESSION ] INIT array (
  'id' => '',
  'var_session_id' => '',
  'prefix' => '',
  'type' => '',
  'auto_start' => true,
)
[ info ] [ DB ] INIT mysql
[ info ] [ CACHE ] INIT File
[ info ] [ RUN ] app\store\controller\Setting->trade[ E:\UPUPW_ANK_W64\WebRoot\Vhosts\puzhen\2.0.0\source\application\store\controller\Setting.php ]
[ info ] [ VIEW ] E:\UPUPW_ANK_W64\WebRoot\Vhosts\puzhen\2.0.0\web/../source/application/store\view\setting\trade.php [ array (
  0 => 'base_url',
  1 => 'store_url',
  2 => 'group',
  3 => 'menus',
  4 => 'store',
  5 => 'setting',
  6 => 'request',
  7 => 'version',
  8 => 'values',
) ]
[ info ] [ LOG ] INIT File
---------------------------------------------------------------
[ 2022-04-22T18:58:18+08:00 ] 218.19.206.154 GET puzhenshop.feibu.info/index.php?s=/store/setting.delivery/index
[运行时间：0.127764s] [吞吐率：7.83req/s] [内存消耗：3,672.28kb] [文件加载：94]
[ info ] [ LANG ] E:\UPUPW_ANK_W64\WebRoot\Vhosts\puzhen\2.0.0\source\thinkphp\lang\zh-cn.php
[ info ] [ ROUTE ] array (
  'type' => 'module',
  'module' => 
  array (
    0 => 'store',
    1 => 'setting.delivery',
    2 => 'index',
  ),
)
[ info ] [ HEADER ] array (
  'cookie' => 'PHPSESSID=psbv7ufk63g5gma3st4r72hks5; thinkphp_show_page_trace=0|0; Hm_lvt_8231d52c4580fdb4fc6a6098e03a174f=1646725906,1648092911; Hm_lpvt_8231d52c4580fdb4fc6a6098e03a174f=1648789821; __root_domain_v=.feibu.info; _qddaz=QD.462850277201994',
  'accept-language' => 'zh-CN,zh;q=0.9',
  'accept-encoding' => 'gzip, deflate',
  'referer' => 'http://puzhenshop.feibu.info/index.php?s=/store/setting/trade',
  'accept' => 'text/html,application/xhtml+xml,application/xml;q=0.9,image/avif,image/webp,image/apng,*/*;q=0.8,application/signed-exchange;v=b3;q=0.9',
  'user-agent' => 'Mozilla/5.0 (Macintosh; Intel Mac OS X 10_14_6) AppleWebKit/537.36 (KHTML, like Gecko) Chrome/100.0.4896.88 Safari/537.36',
  'upgrade-insecure-requests' => '1',
  'connection' => 'close',
  'host' => 'puzhenshop.feibu.info',
)
[ info ] [ PARAM ] array (
)
[ info ] [ BEHAVIOR ] Run app\common\behavior\App @app_begin [ RunTime:0.000195s ]
[ info ] [ SESSION ] INIT array (
  'id' => '',
  'var_session_id' => '',
  'prefix' => '',
  'type' => '',
  'auto_start' => true,
)
[ info ] [ DB ] INIT mysql
[ info ] [ CACHE ] INIT File
[ info ] [ RUN ] app\store\controller\setting\Delivery->index[ E:\UPUPW_ANK_W64\WebRoot\Vhosts\puzhen\2.0.0\source\application\store\controller\setting\Delivery.php ]
[ info ] [ VIEW ] E:\UPUPW_ANK_W64\WebRoot\Vhosts\puzhen\2.0.0\web/../source/application/store\view\setting\delivery\index.php [ array (
  0 => 'base_url',
  1 => 'store_url',
  2 => 'group',
  3 => 'menus',
  4 => 'store',
  5 => 'setting',
  6 => 'request',
  7 => 'version',
  8 => 'list',
) ]
[ info ] [ LOG ] INIT File
---------------------------------------------------------------
[ 2022-04-22T18:58:19+08:00 ] 218.19.206.154 GET puzhenshop.feibu.info/index.php?s=/store/setting.express/index
[运行时间：0.120426s] [吞吐率：8.30req/s] [内存消耗：3,608.81kb] [文件加载：90]
[ info ] [ LANG ] E:\UPUPW_ANK_W64\WebRoot\Vhosts\puzhen\2.0.0\source\thinkphp\lang\zh-cn.php
[ info ] [ ROUTE ] array (
  'type' => 'module',
  'module' => 
  array (
    0 => 'store',
    1 => 'setting.express',
    2 => 'index',
  ),
)
[ info ] [ HEADER ] array (
  'cookie' => 'PHPSESSID=psbv7ufk63g5gma3st4r72hks5; thinkphp_show_page_trace=0|0; Hm_lvt_8231d52c4580fdb4fc6a6098e03a174f=1646725906,1648092911; Hm_lpvt_8231d52c4580fdb4fc6a6098e03a174f=1648789821; __root_domain_v=.feibu.info; _qddaz=QD.462850277201994',
  'accept-language' => 'zh-CN,zh;q=0.9',
  'accept-encoding' => 'gzip, deflate',
  'referer' => 'http://puzhenshop.feibu.info/index.php?s=/store/setting.delivery/index',
  'accept' => 'text/html,application/xhtml+xml,application/xml;q=0.9,image/avif,image/webp,image/apng,*/*;q=0.8,application/signed-exchange;v=b3;q=0.9',
  'user-agent' => 'Mozilla/5.0 (Macintosh; Intel Mac OS X 10_14_6) AppleWebKit/537.36 (KHTML, like Gecko) Chrome/100.0.4896.88 Safari/537.36',
  'upgrade-insecure-requests' => '1',
  'connection' => 'close',
  'host' => 'puzhenshop.feibu.info',
)
[ info ] [ PARAM ] array (
)
[ info ] [ BEHAVIOR ] Run app\common\behavior\App @app_begin [ RunTime:0.000207s ]
[ info ] [ SESSION ] INIT array (
  'id' => '',
  'var_session_id' => '',
  'prefix' => '',
  'type' => '',
  'auto_start' => true,
)
[ info ] [ DB ] INIT mysql
[ info ] [ CACHE ] INIT File
[ info ] [ RUN ] app\store\controller\setting\Express->index[ E:\UPUPW_ANK_W64\WebRoot\Vhosts\puzhen\2.0.0\source\application\store\controller\setting\Express.php ]
[ info ] [ VIEW ] E:\UPUPW_ANK_W64\WebRoot\Vhosts\puzhen\2.0.0\web/../source/application/store\view\setting\express\index.php [ array (
  0 => 'base_url',
  1 => 'store_url',
  2 => 'group',
  3 => 'menus',
  4 => 'store',
  5 => 'setting',
  6 => 'request',
  7 => 'version',
  8 => 'list',
) ]
[ info ] [ LOG ] INIT File
---------------------------------------------------------------
[ 2022-04-22T18:58:19+08:00 ] 218.19.206.154 GET puzhenshop.feibu.info/index.php?s=/store/setting/sms
[运行时间：0.085917s] [吞吐率：11.64req/s] [内存消耗：3,397.95kb] [文件加载：83]
[ info ] [ LANG ] E:\UPUPW_ANK_W64\WebRoot\Vhosts\puzhen\2.0.0\source\thinkphp\lang\zh-cn.php
[ info ] [ ROUTE ] array (
  'type' => 'module',
  'module' => 
  array (
    0 => 'store',
    1 => 'setting',
    2 => 'sms',
  ),
)
[ info ] [ HEADER ] array (
  'cookie' => 'PHPSESSID=psbv7ufk63g5gma3st4r72hks5; thinkphp_show_page_trace=0|0; Hm_lvt_8231d52c4580fdb4fc6a6098e03a174f=1646725906,1648092911; Hm_lpvt_8231d52c4580fdb4fc6a6098e03a174f=1648789821; __root_domain_v=.feibu.info; _qddaz=QD.462850277201994',
  'accept-language' => 'zh-CN,zh;q=0.9',
  'accept-encoding' => 'gzip, deflate',
  'referer' => 'http://puzhenshop.feibu.info/index.php?s=/store/setting.express/index',
  'accept' => 'text/html,application/xhtml+xml,application/xml;q=0.9,image/avif,image/webp,image/apng,*/*;q=0.8,application/signed-exchange;v=b3;q=0.9',
  'user-agent' => 'Mozilla/5.0 (Macintosh; Intel Mac OS X 10_14_6) AppleWebKit/537.36 (KHTML, like Gecko) Chrome/100.0.4896.88 Safari/537.36',
  'upgrade-insecure-requests' => '1',
  'connection' => 'close',
  'host' => 'puzhenshop.feibu.info',
)
[ info ] [ PARAM ] array (
)
[ info ] [ BEHAVIOR ] Run app\common\behavior\App @app_begin [ RunTime:0.000208s ]
[ info ] [ SESSION ] INIT array (
  'id' => '',
  'var_session_id' => '',
  'prefix' => '',
  'type' => '',
  'auto_start' => true,
)
[ info ] [ DB ] INIT mysql
[ info ] [ CACHE ] INIT File
[ info ] [ RUN ] app\store\controller\Setting->sms[ E:\UPUPW_ANK_W64\WebRoot\Vhosts\puzhen\2.0.0\source\application\store\controller\Setting.php ]
[ info ] [ VIEW ] E:\UPUPW_ANK_W64\WebRoot\Vhosts\puzhen\2.0.0\web/../source/application/store\view\setting\sms.php [ array (
  0 => 'base_url',
  1 => 'store_url',
  2 => 'group',
  3 => 'menus',
  4 => 'store',
  5 => 'setting',
  6 => 'request',
  7 => 'version',
  8 => 'values',
) ]
[ info ] [ LOG ] INIT File
---------------------------------------------------------------
[ 2022-04-22T18:58:20+08:00 ] 218.19.206.154 GET puzhenshop.feibu.info/index.php?s=/store/setting.address/index
[运行时间：0.117039s] [吞吐率：8.54req/s] [内存消耗：3,565.74kb] [文件加载：90]
[ info ] [ LANG ] E:\UPUPW_ANK_W64\WebRoot\Vhosts\puzhen\2.0.0\source\thinkphp\lang\zh-cn.php
[ info ] [ ROUTE ] array (
  'type' => 'module',
  'module' => 
  array (
    0 => 'store',
    1 => 'setting.address',
    2 => 'index',
  ),
)
[ info ] [ HEADER ] array (
  'cookie' => 'PHPSESSID=psbv7ufk63g5gma3st4r72hks5; thinkphp_show_page_trace=0|0; Hm_lvt_8231d52c4580fdb4fc6a6098e03a174f=1646725906,1648092911; Hm_lpvt_8231d52c4580fdb4fc6a6098e03a174f=1648789821; __root_domain_v=.feibu.info; _qddaz=QD.462850277201994',
  'accept-language' => 'zh-CN,zh;q=0.9',
  'accept-encoding' => 'gzip, deflate',
  'referer' => 'http://puzhenshop.feibu.info/index.php?s=/store/setting/sms',
  'accept' => 'text/html,application/xhtml+xml,application/xml;q=0.9,image/avif,image/webp,image/apng,*/*;q=0.8,application/signed-exchange;v=b3;q=0.9',
  'user-agent' => 'Mozilla/5.0 (Macintosh; Intel Mac OS X 10_14_6) AppleWebKit/537.36 (KHTML, like Gecko) Chrome/100.0.4896.88 Safari/537.36',
  'upgrade-insecure-requests' => '1',
  'connection' => 'close',
  'host' => 'puzhenshop.feibu.info',
)
[ info ] [ PARAM ] array (
)
[ info ] [ BEHAVIOR ] Run app\common\behavior\App @app_begin [ RunTime:0.000198s ]
[ info ] [ SESSION ] INIT array (
  'id' => '',
  'var_session_id' => '',
  'prefix' => '',
  'type' => '',
  'auto_start' => true,
)
[ info ] [ DB ] INIT mysql
[ info ] [ CACHE ] INIT File
[ info ] [ RUN ] app\store\controller\setting\Address->index[ E:\UPUPW_ANK_W64\WebRoot\Vhosts\puzhen\2.0.0\source\application\store\controller\setting\Address.php ]
[ info ] [ VIEW ] E:\UPUPW_ANK_W64\WebRoot\Vhosts\puzhen\2.0.0\web/../source/application/store\view\setting\address\index.php [ array (
  0 => 'base_url',
  1 => 'store_url',
  2 => 'group',
  3 => 'menus',
  4 => 'store',
  5 => 'setting',
  6 => 'request',
  7 => 'version',
  8 => 'list',
) ]
[ info ] [ LOG ] INIT File
---------------------------------------------------------------
[ 2022-04-22T18:58:21+08:00 ] 218.19.206.154 GET puzhenshop.feibu.info/index.php?s=/store/setting/storage
[运行时间：0.081643s] [吞吐率：12.25req/s] [内存消耗：3,417.00kb] [文件加载：83]
[ info ] [ LANG ] E:\UPUPW_ANK_W64\WebRoot\Vhosts\puzhen\2.0.0\source\thinkphp\lang\zh-cn.php
[ info ] [ ROUTE ] array (
  'type' => 'module',
  'module' => 
  array (
    0 => 'store',
    1 => 'setting',
    2 => 'storage',
  ),
)
[ info ] [ HEADER ] array (
  'cookie' => 'PHPSESSID=psbv7ufk63g5gma3st4r72hks5; thinkphp_show_page_trace=0|0; Hm_lvt_8231d52c4580fdb4fc6a6098e03a174f=1646725906,1648092911; Hm_lpvt_8231d52c4580fdb4fc6a6098e03a174f=1648789821; __root_domain_v=.feibu.info; _qddaz=QD.462850277201994',
  'accept-language' => 'zh-CN,zh;q=0.9',
  'accept-encoding' => 'gzip, deflate',
  'referer' => 'http://puzhenshop.feibu.info/index.php?s=/store/setting.address/index',
  'accept' => 'text/html,application/xhtml+xml,application/xml;q=0.9,image/avif,image/webp,image/apng,*/*;q=0.8,application/signed-exchange;v=b3;q=0.9',
  'user-agent' => 'Mozilla/5.0 (Macintosh; Intel Mac OS X 10_14_6) AppleWebKit/537.36 (KHTML, like Gecko) Chrome/100.0.4896.88 Safari/537.36',
  'upgrade-insecure-requests' => '1',
  'connection' => 'close',
  'host' => 'puzhenshop.feibu.info',
)
[ info ] [ PARAM ] array (
)
[ info ] [ BEHAVIOR ] Run app\common\behavior\App @app_begin [ RunTime:0.000209s ]
[ info ] [ SESSION ] INIT array (
  'id' => '',
  'var_session_id' => '',
  'prefix' => '',
  'type' => '',
  'auto_start' => true,
)
[ info ] [ DB ] INIT mysql
[ info ] [ CACHE ] INIT File
[ info ] [ RUN ] app\store\controller\Setting->storage[ E:\UPUPW_ANK_W64\WebRoot\Vhosts\puzhen\2.0.0\source\application\store\controller\Setting.php ]
[ info ] [ VIEW ] E:\UPUPW_ANK_W64\WebRoot\Vhosts\puzhen\2.0.0\web/../source/application/store\view\setting\storage.php [ array (
  0 => 'base_url',
  1 => 'store_url',
  2 => 'group',
  3 => 'menus',
  4 => 'store',
  5 => 'setting',
  6 => 'request',
  7 => 'version',
  8 => 'values',
) ]
[ info ] [ LOG ] INIT File
---------------------------------------------------------------
[ 2022-04-22T18:58:24+08:00 ] 218.19.206.154 GET puzhenshop.feibu.info/index.php?s=/store/setting.cache/clear
[运行时间：0.072988s] [吞吐率：13.70req/s] [内存消耗：3,222.23kb] [文件加载：81]
[ info ] [ LANG ] E:\UPUPW_ANK_W64\WebRoot\Vhosts\puzhen\2.0.0\source\thinkphp\lang\zh-cn.php
[ info ] [ ROUTE ] array (
  'type' => 'module',
  'module' => 
  array (
    0 => 'store',
    1 => 'setting.cache',
    2 => 'clear',
  ),
)
[ info ] [ HEADER ] array (
  'cookie' => 'PHPSESSID=psbv7ufk63g5gma3st4r72hks5; thinkphp_show_page_trace=0|0; Hm_lvt_8231d52c4580fdb4fc6a6098e03a174f=1646725906,1648092911; Hm_lpvt_8231d52c4580fdb4fc6a6098e03a174f=1648789821; __root_domain_v=.feibu.info; _qddaz=QD.462850277201994',
  'accept-language' => 'zh-CN,zh;q=0.9',
  'accept-encoding' => 'gzip, deflate',
  'referer' => 'http://puzhenshop.feibu.info/index.php?s=/store/setting/storage',
  'accept' => 'text/html,application/xhtml+xml,application/xml;q=0.9,image/avif,image/webp,image/apng,*/*;q=0.8,application/signed-exchange;v=b3;q=0.9',
  'user-agent' => 'Mozilla/5.0 (Macintosh; Intel Mac OS X 10_14_6) AppleWebKit/537.36 (KHTML, like Gecko) Chrome/100.0.4896.88 Safari/537.36',
  'upgrade-insecure-requests' => '1',
  'connection' => 'close',
  'host' => 'puzhenshop.feibu.info',
)
[ info ] [ PARAM ] array (
)
[ info ] [ BEHAVIOR ] Run app\common\behavior\App @app_begin [ RunTime:0.000276s ]
[ info ] [ SESSION ] INIT array (
  'id' => '',
  'var_session_id' => '',
  'prefix' => '',
  'type' => '',
  'auto_start' => true,
)
[ info ] [ DB ] INIT mysql
[ info ] [ CACHE ] INIT File
[ info ] [ RUN ] app\store\controller\setting\Cache->clear[ E:\UPUPW_ANK_W64\WebRoot\Vhosts\puzhen\2.0.0\source\application\store\controller\setting\Cache.php ]
[ info ] [ VIEW ] E:\UPUPW_ANK_W64\WebRoot\Vhosts\puzhen\2.0.0\web/../source/application/store\view\setting\cache\clear.php [ array (
  0 => 'base_url',
  1 => 'store_url',
  2 => 'group',
  3 => 'menus',
  4 => 'store',
  5 => 'setting',
  6 => 'request',
  7 => 'version',
  8 => 'cacheList',
) ]
[ info ] [ LOG ] INIT File
---------------------------------------------------------------
[ 2022-04-22T18:58:28+08:00 ] 218.19.206.154 GET puzhenshop.feibu.info/index.php?s=/store/setting/printer
[运行时间：0.104968s] [吞吐率：9.53req/s] [内存消耗：3,459.89kb] [文件加载：87]
[ info ] [ LANG ] E:\UPUPW_ANK_W64\WebRoot\Vhosts\puzhen\2.0.0\source\thinkphp\lang\zh-cn.php
[ info ] [ ROUTE ] array (
  'type' => 'module',
  'module' => 
  array (
    0 => 'store',
    1 => 'setting',
    2 => 'printer',
  ),
)
[ info ] [ HEADER ] array (
  'cookie' => 'PHPSESSID=psbv7ufk63g5gma3st4r72hks5; thinkphp_show_page_trace=0|0; Hm_lvt_8231d52c4580fdb4fc6a6098e03a174f=1646725906,1648092911; Hm_lpvt_8231d52c4580fdb4fc6a6098e03a174f=1648789821; __root_domain_v=.feibu.info; _qddaz=QD.462850277201994',
  'accept-language' => 'zh-CN,zh;q=0.9',
  'accept-encoding' => 'gzip, deflate',
  'referer' => 'http://puzhenshop.feibu.info/index.php?s=/store/setting.cache/clear',
  'accept' => 'text/html,application/xhtml+xml,application/xml;q=0.9,image/avif,image/webp,image/apng,*/*;q=0.8,application/signed-exchange;v=b3;q=0.9',
  'user-agent' => 'Mozilla/5.0 (Macintosh; Intel Mac OS X 10_14_6) AppleWebKit/537.36 (KHTML, like Gecko) Chrome/100.0.4896.88 Safari/537.36',
  'upgrade-insecure-requests' => '1',
  'connection' => 'close',
  'host' => 'puzhenshop.feibu.info',
)
[ info ] [ PARAM ] array (
)
[ info ] [ BEHAVIOR ] Run app\common\behavior\App @app_begin [ RunTime:0.000220s ]
[ info ] [ SESSION ] INIT array (
  'id' => '',
  'var_session_id' => '',
  'prefix' => '',
  'type' => '',
  'auto_start' => true,
)
[ info ] [ DB ] INIT mysql
[ info ] [ CACHE ] INIT File
[ info ] [ RUN ] app\store\controller\Setting->printer[ E:\UPUPW_ANK_W64\WebRoot\Vhosts\puzhen\2.0.0\source\application\store\controller\Setting.php ]
[ info ] [ VIEW ] E:\UPUPW_ANK_W64\WebRoot\Vhosts\puzhen\2.0.0\web/../source/application/store\view\setting\printer.php [ array (
  0 => 'base_url',
  1 => 'store_url',
  2 => 'group',
  3 => 'menus',
  4 => 'store',
  5 => 'setting',
  6 => 'request',
  7 => 'version',
  8 => 'printerList',
  9 => 'values',
) ]
[ info ] [ LOG ] INIT File
