---------------------------------------------------------------
[ 2022-04-24T15:22:31+08:00 ] 116.22.142.58 GET puzhenshop.feibu.info/index.php?s=/api/page/index&page_id=0&wxapp_id=10001&token=a660e5aad1b428400ff67bbdedd516d2
[运行时间：0.445696s] [吞吐率：2.24req/s] [内存消耗：3,705.06kb] [文件加载：101]
[ info ] [ LANG ] E:\UPUPW_ANK_W64\WebRoot\Vhosts\puzhen\2.0.0\source\thinkphp\lang\zh-cn.php
[ info ] [ ROUTE ] array (
  'type' => 'module',
  'module' => 
  array (
    0 => 'api',
    1 => 'page',
    2 => 'index',
  ),
)
[ info ] [ HEADER ] array (
  'accept-encoding' => 'gzip, deflate',
  'referer' => 'https://servicewechat.com/wx6433138919cd9715/devtools/page-frame.html',
  'accept' => '*/*',
  'content-type' => 'application/json',
  'user-agent' => 'Mozilla/5.0 (iPhone; CPU iPhone OS 11_0 like Mac OS X) AppleWebKit/604.1.38 (KHTML, like Gecko) Version/11.0 Mobile/15A372 Safari/604.1 wechatdevtools/1.05.2109131 MicroMessenger/8.0.5 Language/zh_CN webview/',
  'connection' => 'close',
  'host' => 'puzhenshop.feibu.info',
)
[ info ] [ PARAM ] array (
  'page_id' => '0',
  'wxapp_id' => '10001',
  'token' => 'a660e5aad1b428400ff67bbdedd516d2',
)
[ info ] [ BEHAVIOR ] Run app\common\behavior\App @app_begin [ RunTime:0.001944s ]
[ info ] [ DB ] INIT mysql
[ info ] [ RUN ] app\api\controller\Page->index[ E:\UPUPW_ANK_W64\WebRoot\Vhosts\puzhen\2.0.0\source\application\api\controller\Page.php ]
[ info ] [ CACHE ] INIT File
[ info ] [ BEHAVIOR ] Run app\task\behavior\user\Grade @user_grade [ RunTime:0.023136s ]
[ info ] [ BEHAVIOR ] Run app\task\behavior\user\Grade @user_grade [ RunTime:0.023152s ]
[ info ] [ LOG ] INIT File
---------------------------------------------------------------
[ 2022-04-24T15:22:49+08:00 ] 116.22.142.58 GET puzhenshop.feibu.info/index.php?s=/api/page/index&page_id=0&wxapp_id=10001&token=6d8d76d1679a88df01d024a638f144cc
[运行时间：0.258503s] [吞吐率：3.87req/s] [内存消耗：3,681.35kb] [文件加载：100]
[ info ] [ LANG ] E:\UPUPW_ANK_W64\WebRoot\Vhosts\puzhen\2.0.0\source\thinkphp\lang\zh-cn.php
[ info ] [ ROUTE ] array (
  'type' => 'module',
  'module' => 
  array (
    0 => 'api',
    1 => 'page',
    2 => 'index',
  ),
)
[ info ] [ HEADER ] array (
  'user-agent' => 'Mozilla/5.0 (iPhone; CPU iPhone OS 15_4_1 like Mac OS X) AppleWebKit/605.1.15 (KHTML, like Gecko) Mobile/15E148 MicroMessenger/8.0.15(0x18000f20) NetType/WIFI Language/zh_CN',
  'accept-encoding' => 'gzip,compress,br,deflate',
  'content-type' => 'application/json',
  'connection' => 'close',
  'host' => 'puzhenshop.feibu.info',
)
[ info ] [ PARAM ] array (
  'page_id' => '0',
  'wxapp_id' => '10001',
  'token' => '6d8d76d1679a88df01d024a638f144cc',
)
[ info ] [ BEHAVIOR ] Run app\common\behavior\App @app_begin [ RunTime:0.000378s ]
[ info ] [ DB ] INIT mysql
[ info ] [ RUN ] app\api\controller\Page->index[ E:\UPUPW_ANK_W64\WebRoot\Vhosts\puzhen\2.0.0\source\application\api\controller\Page.php ]
[ info ] [ CACHE ] INIT File
[ info ] [ BEHAVIOR ] Run app\task\behavior\user\Grade @user_grade [ RunTime:0.000433s ]
[ info ] [ BEHAVIOR ] Run app\task\behavior\user\Grade @user_grade [ RunTime:0.000454s ]
[ info ] [ LOG ] INIT File
---------------------------------------------------------------
[ 2022-04-24T15:22:52+08:00 ] 116.22.142.58 GET puzhenshop.feibu.info/index.php?s=/api/goods/detail&goods_id=10008&wxapp_id=10001&token=6d8d76d1679a88df01d024a638f144cc
[运行时间：0.364990s] [吞吐率：2.74req/s] [内存消耗：3,829.63kb] [文件加载：111]
[ info ] [ LANG ] E:\UPUPW_ANK_W64\WebRoot\Vhosts\puzhen\2.0.0\source\thinkphp\lang\zh-cn.php
[ info ] [ ROUTE ] array (
  'type' => 'module',
  'module' => 
  array (
    0 => 'api',
    1 => 'goods',
    2 => 'detail',
  ),
)
[ info ] [ HEADER ] array (
  'user-agent' => 'Mozilla/5.0 (iPhone; CPU iPhone OS 15_4_1 like Mac OS X) AppleWebKit/605.1.15 (KHTML, like Gecko) Mobile/15E148 MicroMessenger/8.0.15(0x18000f20) NetType/WIFI Language/zh_CN',
  'accept-encoding' => 'gzip,compress,br,deflate',
  'content-type' => 'application/json',
  'connection' => 'close',
  'host' => 'puzhenshop.feibu.info',
)
[ info ] [ PARAM ] array (
  'goods_id' => '10008',
  'wxapp_id' => '10001',
  'token' => '6d8d76d1679a88df01d024a638f144cc',
)
[ info ] [ BEHAVIOR ] Run app\common\behavior\App @app_begin [ RunTime:0.000192s ]
[ info ] [ DB ] INIT mysql
[ info ] [ RUN ] app\api\controller\Goods->detail[ E:\UPUPW_ANK_W64\WebRoot\Vhosts\puzhen\2.0.0\source\application\api\controller\Goods.php ]
[ info ] [ CACHE ] INIT File
[ info ] [ BEHAVIOR ] Run app\task\behavior\user\Grade @user_grade [ RunTime:0.000154s ]
[ info ] [ BEHAVIOR ] Run app\task\behavior\user\Grade @user_grade [ RunTime:0.000166s ]
[ info ] [ LOG ] INIT File
---------------------------------------------------------------
[ 2022-04-24T15:23:02+08:00 ] 116.22.142.58 GET puzhenshop.feibu.info/index.php?s=/api/tea_qrcode/lists&page=1&wxapp_id=10001&token=6d8d76d1679a88df01d024a638f144cc
[运行时间：0.128330s] [吞吐率：7.79req/s] [内存消耗：3,239.03kb] [文件加载：89]
[ info ] [ LANG ] E:\UPUPW_ANK_W64\WebRoot\Vhosts\puzhen\2.0.0\source\thinkphp\lang\zh-cn.php
[ info ] [ ROUTE ] array (
  'type' => 'module',
  'module' => 
  array (
    0 => 'api',
    1 => 'tea_qrcode',
    2 => 'lists',
  ),
)
[ info ] [ HEADER ] array (
  'user-agent' => 'Mozilla/5.0 (iPhone; CPU iPhone OS 15_4_1 like Mac OS X) AppleWebKit/605.1.15 (KHTML, like Gecko) Mobile/15E148 MicroMessenger/8.0.15(0x18000f20) NetType/WIFI Language/zh_CN',
  'accept-encoding' => 'gzip,compress,br,deflate',
  'content-type' => 'application/json',
  'connection' => 'close',
  'host' => 'puzhenshop.feibu.info',
)
[ info ] [ PARAM ] array (
  'page' => '1',
  'wxapp_id' => '10001',
  'token' => '6d8d76d1679a88df01d024a638f144cc',
)
[ info ] [ BEHAVIOR ] Run app\common\behavior\App @app_begin [ RunTime:0.000394s ]
[ info ] [ DB ] INIT mysql
[ info ] [ RUN ] app\api\controller\TeaQrCode->lists[ E:\UPUPW_ANK_W64\WebRoot\Vhosts\puzhen\2.0.0\source\application\api\controller\TeaQrcode.php ]
[ info ] [ CACHE ] INIT File
[ info ] [ BEHAVIOR ] Run app\task\behavior\user\Grade @user_grade [ RunTime:0.000238s ]
[ info ] [ BEHAVIOR ] Run app\task\behavior\user\Grade @user_grade [ RunTime:0.000249s ]
[ info ] [ LOG ] INIT File
---------------------------------------------------------------
[ 2022-04-24T15:23:11+08:00 ] 116.22.142.58 GET puzhenshop.feibu.info/index.php?s=/api/tea_qrcode/lists&page=1&wxapp_id=10001&token=6d8d76d1679a88df01d024a638f144cc
[运行时间：0.101545s] [吞吐率：9.85req/s] [内存消耗：3,238.32kb] [文件加载：89]
[ info ] [ LANG ] E:\UPUPW_ANK_W64\WebRoot\Vhosts\puzhen\2.0.0\source\thinkphp\lang\zh-cn.php
[ info ] [ ROUTE ] array (
  'type' => 'module',
  'module' => 
  array (
    0 => 'api',
    1 => 'tea_qrcode',
    2 => 'lists',
  ),
)
[ info ] [ HEADER ] array (
  'user-agent' => 'Mozilla/5.0 (iPhone; CPU iPhone OS 15_4_1 like Mac OS X) AppleWebKit/605.1.15 (KHTML, like Gecko) Mobile/15E148 MicroMessenger/8.0.15(0x18000f20) NetType/WIFI Language/zh_CN',
  'accept-encoding' => 'gzip,compress,br,deflate',
  'content-type' => 'application/json',
  'connection' => 'close',
  'host' => 'puzhenshop.feibu.info',
)
[ info ] [ PARAM ] array (
  'page' => '1',
  'wxapp_id' => '10001',
  'token' => '6d8d76d1679a88df01d024a638f144cc',
)
[ info ] [ BEHAVIOR ] Run app\common\behavior\App @app_begin [ RunTime:0.000261s ]
[ info ] [ DB ] INIT mysql
[ info ] [ RUN ] app\api\controller\TeaQrCode->lists[ E:\UPUPW_ANK_W64\WebRoot\Vhosts\puzhen\2.0.0\source\application\api\controller\TeaQrcode.php ]
[ info ] [ CACHE ] INIT File
[ info ] [ BEHAVIOR ] Run app\task\behavior\user\Grade @user_grade [ RunTime:0.000152s ]
[ info ] [ BEHAVIOR ] Run app\task\behavior\user\Grade @user_grade [ RunTime:0.000163s ]
[ info ] [ LOG ] INIT File
---------------------------------------------------------------
[ 2022-04-24T15:23:14+08:00 ] 116.22.142.58 POST puzhenshop.feibu.info/index.php?s=/api/user/login
[运行时间：0.834249s] [吞吐率：1.20req/s] [内存消耗：3,113.42kb] [文件加载：83]
[ info ] [ LANG ] E:\UPUPW_ANK_W64\WebRoot\Vhosts\puzhen\2.0.0\source\thinkphp\lang\zh-cn.php
[ info ] [ ROUTE ] array (
  'type' => 'module',
  'module' => 
  array (
    0 => 'api',
    1 => 'user',
    2 => 'login',
  ),
)
[ info ] [ HEADER ] array (
  'user-agent' => 'Mozilla/5.0 (iPhone; CPU iPhone OS 15_4_1 like Mac OS X) AppleWebKit/605.1.15 (KHTML, like Gecko) Mobile/15E148 MicroMessenger/8.0.15(0x18000f20) NetType/WIFI Language/zh_CN',
  'accept-encoding' => 'gzip,compress,br,deflate',
  'content-type' => 'application/x-www-form-urlencoded',
  'content-length' => '1077',
  'connection' => 'close',
  'host' => 'puzhenshop.feibu.info',
)
[ info ] [ PARAM ] array (
  'code' => '053NMWGa1d282D0pLEHa1dj0o13NMWGn',
  'user_info' => '{&quot;nickName&quot;:&quot;微信用户&quot;,&quot;gender&quot;:0,&quot;language&quot;:&quot;&quot;,&quot;city&quot;:&quot;&quot;,&quot;province&quot;:&quot;&quot;,&quot;country&quot;:&quot;&quot;,&quot;avatarUrl&quot;:&quot;https://thirdwx.qlogo.cn/mmopen/vi_32/POgEwh4mIHO4nibH0KlMECNjjGxQUq24ZEaGT4poC6icRiccVGKSyXwibcPq4BWmiaIGuG1icwxaQX6grC9VemZoJ8rg/132&quot;}',
  'encrypted_data' => 'BUwKVsPwd6JV2QgkQvBUeZ8eSubMSPtWbjfybGKrUUU2XbPLsdjxZWvcy31gpVQ95eguLfMhB86R5gQ3NRG5qoTx1s6UCUgXi64/6igRbjGTmPoIZ2gCHtfqQVuuPmsNMV6Ds2Jo00iud3K1GGHYRVqSZp1H75Xuk0wkH1HSjGcemHevfIKPP8Um7D24xzGGU2GFtC5NS9K8P/edAaF4b+i+flRP7LTdY+f5ud2ZrVy5RkCYuPBb9PEk2hRKK+jJFg3JhVgahGukpoM2KMjSTAC2NQzFD4Y4YxJbHkOVSKFCLB7OnL4LZw/gld1buSjH8QVZpQefb6lFyxQ4bDF4LSw7rDlny8+IqhobjAzLt6CCjCjNE+sfXUlWjoMUBKu/2zex07E9/Pcqd4L10+pbYFyRXkVOEiYqfW6ciZKD/ZSlUtVC5Y5bPvH4gX0Ij82uyBm5ghMRyCmKcQFsGb8b8Q==',
  'iv' => 'c1sOuvzOUU/4vt+o7etFEg==',
  'signature' => 'd4c85025c5ed85473246bb3c935cde174d33759a',
  'referee_id' => '',
  'wxapp_id' => '10001',
  'token' => '6d8d76d1679a88df01d024a638f144cc',
)
[ info ] [ BEHAVIOR ] Run app\common\behavior\App @app_begin [ RunTime:0.000203s ]
[ info ] [ DB ] INIT mysql
[ info ] [ RUN ] app\api\controller\User->login[ E:\UPUPW_ANK_W64\WebRoot\Vhosts\puzhen\2.0.0\source\application\api\controller\User.php ]
[ info ] [ CACHE ] INIT File
[ info ] [ LOG ] INIT File
---------------------------------------------------------------
[ 2022-04-24T15:23:34+08:00 ] 116.22.142.58 GET puzhenshop.feibu.info/index.php?s=/api/tea_qrcode/lists&page=1&wxapp_id=10001&token=81d6c9d492dac24a0d62c1ca6bb6ee07
[运行时间：0.281805s] [吞吐率：3.55req/s] [内存消耗：3,387.43kb] [文件加载：91]
[ info ] [ LANG ] E:\UPUPW_ANK_W64\WebRoot\Vhosts\puzhen\2.0.0\source\thinkphp\lang\zh-cn.php
[ info ] [ ROUTE ] array (
  'type' => 'module',
  'module' => 
  array (
    0 => 'api',
    1 => 'tea_qrcode',
    2 => 'lists',
  ),
)
[ info ] [ HEADER ] array (
  'user-agent' => 'Mozilla/5.0 (iPhone; CPU iPhone OS 15_4_1 like Mac OS X) AppleWebKit/605.1.15 (KHTML, like Gecko) Mobile/15E148 MicroMessenger/8.0.15(0x18000f20) NetType/WIFI Language/zh_CN',
  'accept-encoding' => 'gzip,compress,br,deflate',
  'content-type' => 'application/json',
  'connection' => 'close',
  'host' => 'puzhenshop.feibu.info',
)
[ info ] [ PARAM ] array (
  'page' => '1',
  'wxapp_id' => '10001',
  'token' => '81d6c9d492dac24a0d62c1ca6bb6ee07',
)
[ info ] [ BEHAVIOR ] Run app\common\behavior\App @app_begin [ RunTime:0.000367s ]
[ info ] [ DB ] INIT mysql
[ info ] [ RUN ] app\api\controller\TeaQrCode->lists[ E:\UPUPW_ANK_W64\WebRoot\Vhosts\puzhen\2.0.0\source\application\api\controller\TeaQrcode.php ]
[ info ] [ CACHE ] INIT File
[ info ] [ BEHAVIOR ] Run app\task\behavior\user\Grade @user_grade [ RunTime:0.000235s ]
[ info ] [ BEHAVIOR ] Run app\task\behavior\user\Grade @user_grade [ RunTime:0.000247s ]
[ info ] [ LOG ] INIT File
---------------------------------------------------------------
[ 2022-04-24T15:23:36+08:00 ] 116.22.142.58 GET puzhenshop.feibu.info/index.php?s=/api/tea_qrcode/lists&page=2&wxapp_id=10001&token=81d6c9d492dac24a0d62c1ca6bb6ee07
[运行时间：0.301713s] [吞吐率：3.31req/s] [内存消耗：3,386.28kb] [文件加载：91]
[ info ] [ LANG ] E:\UPUPW_ANK_W64\WebRoot\Vhosts\puzhen\2.0.0\source\thinkphp\lang\zh-cn.php
[ info ] [ ROUTE ] array (
  'type' => 'module',
  'module' => 
  array (
    0 => 'api',
    1 => 'tea_qrcode',
    2 => 'lists',
  ),
)
[ info ] [ HEADER ] array (
  'user-agent' => 'Mozilla/5.0 (iPhone; CPU iPhone OS 15_4_1 like Mac OS X) AppleWebKit/605.1.15 (KHTML, like Gecko) Mobile/15E148 MicroMessenger/8.0.15(0x18000f20) NetType/WIFI Language/zh_CN',
  'accept-encoding' => 'gzip,compress,br,deflate',
  'content-type' => 'application/json',
  'connection' => 'close',
  'host' => 'puzhenshop.feibu.info',
)
[ info ] [ PARAM ] array (
  'page' => '2',
  'wxapp_id' => '10001',
  'token' => '81d6c9d492dac24a0d62c1ca6bb6ee07',
)
[ info ] [ BEHAVIOR ] Run app\common\behavior\App @app_begin [ RunTime:0.000229s ]
[ info ] [ DB ] INIT mysql
[ info ] [ RUN ] app\api\controller\TeaQrCode->lists[ E:\UPUPW_ANK_W64\WebRoot\Vhosts\puzhen\2.0.0\source\application\api\controller\TeaQrcode.php ]
[ info ] [ CACHE ] INIT File
[ info ] [ BEHAVIOR ] Run app\task\behavior\user\Grade @user_grade [ RunTime:0.000164s ]
[ info ] [ BEHAVIOR ] Run app\task\behavior\user\Grade @user_grade [ RunTime:0.000178s ]
[ info ] [ LOG ] INIT File
---------------------------------------------------------------
[ 2022-04-24T15:23:39+08:00 ] 116.22.142.58 GET puzhenshop.feibu.info/index.php?s=/api/goods/detail&goods_id=10008&wxapp_id=10001&token=81d6c9d492dac24a0d62c1ca6bb6ee07
[运行时间：0.464011s] [吞吐率：2.16req/s] [内存消耗：3,877.89kb] [文件加载：113]
[ info ] [ LANG ] E:\UPUPW_ANK_W64\WebRoot\Vhosts\puzhen\2.0.0\source\thinkphp\lang\zh-cn.php
[ info ] [ ROUTE ] array (
  'type' => 'module',
  'module' => 
  array (
    0 => 'api',
    1 => 'goods',
    2 => 'detail',
  ),
)
[ info ] [ HEADER ] array (
  'user-agent' => 'Mozilla/5.0 (iPhone; CPU iPhone OS 15_4_1 like Mac OS X) AppleWebKit/605.1.15 (KHTML, like Gecko) Mobile/15E148 MicroMessenger/8.0.15(0x18000f20) NetType/WIFI Language/zh_CN',
  'accept-encoding' => 'gzip,compress,br,deflate',
  'content-type' => 'application/json',
  'connection' => 'close',
  'host' => 'puzhenshop.feibu.info',
)
[ info ] [ PARAM ] array (
  'goods_id' => '10008',
  'wxapp_id' => '10001',
  'token' => '81d6c9d492dac24a0d62c1ca6bb6ee07',
)
[ info ] [ BEHAVIOR ] Run app\common\behavior\App @app_begin [ RunTime:0.000195s ]
[ info ] [ DB ] INIT mysql
[ info ] [ RUN ] app\api\controller\Goods->detail[ E:\UPUPW_ANK_W64\WebRoot\Vhosts\puzhen\2.0.0\source\application\api\controller\Goods.php ]
[ info ] [ CACHE ] INIT File
[ info ] [ BEHAVIOR ] Run app\task\behavior\user\Grade @user_grade [ RunTime:0.000155s ]
[ info ] [ BEHAVIOR ] Run app\task\behavior\user\Grade @user_grade [ RunTime:0.000166s ]
[ info ] [ LOG ] INIT File
---------------------------------------------------------------
[ 2022-04-24T15:23:42+08:00 ] 116.22.142.58 GET puzhenshop.feibu.info/index.php?s=/api/tea_qrcode/lists&page=1&wxapp_id=10001&token=81d6c9d492dac24a0d62c1ca6bb6ee07
[运行时间：0.322193s] [吞吐率：3.10req/s] [内存消耗：3,386.72kb] [文件加载：91]
[ info ] [ LANG ] E:\UPUPW_ANK_W64\WebRoot\Vhosts\puzhen\2.0.0\source\thinkphp\lang\zh-cn.php
[ info ] [ ROUTE ] array (
  'type' => 'module',
  'module' => 
  array (
    0 => 'api',
    1 => 'tea_qrcode',
    2 => 'lists',
  ),
)
[ info ] [ HEADER ] array (
  'user-agent' => 'Mozilla/5.0 (iPhone; CPU iPhone OS 15_4_1 like Mac OS X) AppleWebKit/605.1.15 (KHTML, like Gecko) Mobile/15E148 MicroMessenger/8.0.15(0x18000f20) NetType/WIFI Language/zh_CN',
  'accept-encoding' => 'gzip,compress,br,deflate',
  'content-type' => 'application/json',
  'connection' => 'close',
  'host' => 'puzhenshop.feibu.info',
)
[ info ] [ PARAM ] array (
  'page' => '1',
  'wxapp_id' => '10001',
  'token' => '81d6c9d492dac24a0d62c1ca6bb6ee07',
)
[ info ] [ BEHAVIOR ] Run app\common\behavior\App @app_begin [ RunTime:0.000247s ]
[ info ] [ DB ] INIT mysql
[ info ] [ RUN ] app\api\controller\TeaQrCode->lists[ E:\UPUPW_ANK_W64\WebRoot\Vhosts\puzhen\2.0.0\source\application\api\controller\TeaQrcode.php ]
[ info ] [ CACHE ] INIT File
[ info ] [ BEHAVIOR ] Run app\task\behavior\user\Grade @user_grade [ RunTime:0.000170s ]
[ info ] [ BEHAVIOR ] Run app\task\behavior\user\Grade @user_grade [ RunTime:0.000182s ]
[ info ] [ LOG ] INIT File
---------------------------------------------------------------
[ 2022-04-24T15:23:42+08:00 ] 116.22.142.58 GET puzhenshop.feibu.info/index.php?s=/api/tea_qrcode/lists&page=2&wxapp_id=10001&token=81d6c9d492dac24a0d62c1ca6bb6ee07
[运行时间：0.285392s] [吞吐率：3.50req/s] [内存消耗：3,386.28kb] [文件加载：91]
[ info ] [ LANG ] E:\UPUPW_ANK_W64\WebRoot\Vhosts\puzhen\2.0.0\source\thinkphp\lang\zh-cn.php
[ info ] [ ROUTE ] array (
  'type' => 'module',
  'module' => 
  array (
    0 => 'api',
    1 => 'tea_qrcode',
    2 => 'lists',
  ),
)
[ info ] [ HEADER ] array (
  'user-agent' => 'Mozilla/5.0 (iPhone; CPU iPhone OS 15_4_1 like Mac OS X) AppleWebKit/605.1.15 (KHTML, like Gecko) Mobile/15E148 MicroMessenger/8.0.15(0x18000f20) NetType/WIFI Language/zh_CN',
  'accept-encoding' => 'gzip,compress,br,deflate',
  'content-type' => 'application/json',
  'connection' => 'close',
  'host' => 'puzhenshop.feibu.info',
)
[ info ] [ PARAM ] array (
  'page' => '2',
  'wxapp_id' => '10001',
  'token' => '81d6c9d492dac24a0d62c1ca6bb6ee07',
)
[ info ] [ BEHAVIOR ] Run app\common\behavior\App @app_begin [ RunTime:0.000186s ]
[ info ] [ DB ] INIT mysql
[ info ] [ RUN ] app\api\controller\TeaQrCode->lists[ E:\UPUPW_ANK_W64\WebRoot\Vhosts\puzhen\2.0.0\source\application\api\controller\TeaQrcode.php ]
[ info ] [ CACHE ] INIT File
[ info ] [ BEHAVIOR ] Run app\task\behavior\user\Grade @user_grade [ RunTime:0.000162s ]
[ info ] [ BEHAVIOR ] Run app\task\behavior\user\Grade @user_grade [ RunTime:0.000174s ]
[ info ] [ LOG ] INIT File
---------------------------------------------------------------
[ 2022-04-24T15:23:43+08:00 ] 116.22.142.58 GET puzhenshop.feibu.info/index.php?s=/api/tea_qrcode/lists&page=3&wxapp_id=10001&token=81d6c9d492dac24a0d62c1ca6bb6ee07
[运行时间：0.166116s] [吞吐率：6.02req/s] [内存消耗：3,357.36kb] [文件加载：90]
[ info ] [ LANG ] E:\UPUPW_ANK_W64\WebRoot\Vhosts\puzhen\2.0.0\source\thinkphp\lang\zh-cn.php
[ info ] [ ROUTE ] array (
  'type' => 'module',
  'module' => 
  array (
    0 => 'api',
    1 => 'tea_qrcode',
    2 => 'lists',
  ),
)
[ info ] [ HEADER ] array (
  'user-agent' => 'Mozilla/5.0 (iPhone; CPU iPhone OS 15_4_1 like Mac OS X) AppleWebKit/605.1.15 (KHTML, like Gecko) Mobile/15E148 MicroMessenger/8.0.15(0x18000f20) NetType/WIFI Language/zh_CN',
  'accept-encoding' => 'gzip,compress,br,deflate',
  'content-type' => 'application/json',
  'connection' => 'close',
  'host' => 'puzhenshop.feibu.info',
)
[ info ] [ PARAM ] array (
  'page' => '3',
  'wxapp_id' => '10001',
  'token' => '81d6c9d492dac24a0d62c1ca6bb6ee07',
)
[ info ] [ BEHAVIOR ] Run app\common\behavior\App @app_begin [ RunTime:0.000263s ]
[ info ] [ DB ] INIT mysql
[ info ] [ RUN ] app\api\controller\TeaQrCode->lists[ E:\UPUPW_ANK_W64\WebRoot\Vhosts\puzhen\2.0.0\source\application\api\controller\TeaQrcode.php ]
[ info ] [ CACHE ] INIT File
[ info ] [ BEHAVIOR ] Run app\task\behavior\user\Grade @user_grade [ RunTime:0.000147s ]
[ info ] [ BEHAVIOR ] Run app\task\behavior\user\Grade @user_grade [ RunTime:0.000158s ]
[ info ] [ LOG ] INIT File
---------------------------------------------------------------
[ 2022-04-24T15:25:52+08:00 ] 116.22.142.58 GET puzhenshop.feibu.info/index.php?s=/api/goods/detail&goods_id=10010&wxapp_id=10001&token=81d6c9d492dac24a0d62c1ca6bb6ee07
[运行时间：0.344075s] [吞吐率：2.91req/s] [内存消耗：3,878.10kb] [文件加载：113]
[ info ] [ LANG ] E:\UPUPW_ANK_W64\WebRoot\Vhosts\puzhen\2.0.0\source\thinkphp\lang\zh-cn.php
[ info ] [ ROUTE ] array (
  'type' => 'module',
  'module' => 
  array (
    0 => 'api',
    1 => 'goods',
    2 => 'detail',
  ),
)
[ info ] [ HEADER ] array (
  'user-agent' => 'Mozilla/5.0 (iPhone; CPU iPhone OS 15_4_1 like Mac OS X) AppleWebKit/605.1.15 (KHTML, like Gecko) Mobile/15E148 MicroMessenger/8.0.15(0x18000f20) NetType/WIFI Language/zh_CN',
  'accept-encoding' => 'gzip,compress,br,deflate',
  'content-type' => 'application/json',
  'connection' => 'close',
  'host' => 'puzhenshop.feibu.info',
)
[ info ] [ PARAM ] array (
  'goods_id' => '10010',
  'wxapp_id' => '10001',
  'token' => '81d6c9d492dac24a0d62c1ca6bb6ee07',
)
[ info ] [ BEHAVIOR ] Run app\common\behavior\App @app_begin [ RunTime:0.000358s ]
[ info ] [ DB ] INIT mysql
[ info ] [ RUN ] app\api\controller\Goods->detail[ E:\UPUPW_ANK_W64\WebRoot\Vhosts\puzhen\2.0.0\source\application\api\controller\Goods.php ]
[ info ] [ CACHE ] INIT File
[ info ] [ BEHAVIOR ] Run app\task\behavior\user\Grade @user_grade [ RunTime:0.000358s ]
[ info ] [ BEHAVIOR ] Run app\task\behavior\user\Grade @user_grade [ RunTime:0.000373s ]
[ info ] [ LOG ] INIT File
---------------------------------------------------------------
[ 2022-04-24T15:25:54+08:00 ] 116.22.142.58 GET puzhenshop.feibu.info/index.php?s=/api/tea_qrcode/lists&page=1&wxapp_id=10001&token=81d6c9d492dac24a0d62c1ca6bb6ee07
[运行时间：0.256328s] [吞吐率：3.90req/s] [内存消耗：3,386.72kb] [文件加载：91]
[ info ] [ LANG ] E:\UPUPW_ANK_W64\WebRoot\Vhosts\puzhen\2.0.0\source\thinkphp\lang\zh-cn.php
[ info ] [ ROUTE ] array (
  'type' => 'module',
  'module' => 
  array (
    0 => 'api',
    1 => 'tea_qrcode',
    2 => 'lists',
  ),
)
[ info ] [ HEADER ] array (
  'user-agent' => 'Mozilla/5.0 (iPhone; CPU iPhone OS 15_4_1 like Mac OS X) AppleWebKit/605.1.15 (KHTML, like Gecko) Mobile/15E148 MicroMessenger/8.0.15(0x18000f20) NetType/WIFI Language/zh_CN',
  'accept-encoding' => 'gzip,compress,br,deflate',
  'content-type' => 'application/json',
  'connection' => 'close',
  'host' => 'puzhenshop.feibu.info',
)
[ info ] [ PARAM ] array (
  'page' => '1',
  'wxapp_id' => '10001',
  'token' => '81d6c9d492dac24a0d62c1ca6bb6ee07',
)
[ info ] [ BEHAVIOR ] Run app\common\behavior\App @app_begin [ RunTime:0.000212s ]
[ info ] [ DB ] INIT mysql
[ info ] [ RUN ] app\api\controller\TeaQrCode->lists[ E:\UPUPW_ANK_W64\WebRoot\Vhosts\puzhen\2.0.0\source\application\api\controller\TeaQrcode.php ]
[ info ] [ CACHE ] INIT File
[ info ] [ BEHAVIOR ] Run app\task\behavior\user\Grade @user_grade [ RunTime:0.000163s ]
[ info ] [ BEHAVIOR ] Run app\task\behavior\user\Grade @user_grade [ RunTime:0.000174s ]
[ info ] [ LOG ] INIT File
---------------------------------------------------------------
[ 2022-04-24T15:25:56+08:00 ] 116.22.142.58 GET puzhenshop.feibu.info/index.php?s=/api/tea_qrcode/lists&page=2&wxapp_id=10001&token=81d6c9d492dac24a0d62c1ca6bb6ee07
[运行时间：0.302044s] [吞吐率：3.31req/s] [内存消耗：3,386.28kb] [文件加载：91]
[ info ] [ LANG ] E:\UPUPW_ANK_W64\WebRoot\Vhosts\puzhen\2.0.0\source\thinkphp\lang\zh-cn.php
[ info ] [ ROUTE ] array (
  'type' => 'module',
  'module' => 
  array (
    0 => 'api',
    1 => 'tea_qrcode',
    2 => 'lists',
  ),
)
[ info ] [ HEADER ] array (
  'user-agent' => 'Mozilla/5.0 (iPhone; CPU iPhone OS 15_4_1 like Mac OS X) AppleWebKit/605.1.15 (KHTML, like Gecko) Mobile/15E148 MicroMessenger/8.0.15(0x18000f20) NetType/WIFI Language/zh_CN',
  'accept-encoding' => 'gzip,compress,br,deflate',
  'content-type' => 'application/json',
  'connection' => 'close',
  'host' => 'puzhenshop.feibu.info',
)
[ info ] [ PARAM ] array (
  'page' => '2',
  'wxapp_id' => '10001',
  'token' => '81d6c9d492dac24a0d62c1ca6bb6ee07',
)
[ info ] [ BEHAVIOR ] Run app\common\behavior\App @app_begin [ RunTime:0.000191s ]
[ info ] [ DB ] INIT mysql
[ info ] [ RUN ] app\api\controller\TeaQrCode->lists[ E:\UPUPW_ANK_W64\WebRoot\Vhosts\puzhen\2.0.0\source\application\api\controller\TeaQrcode.php ]
[ info ] [ CACHE ] INIT File
[ info ] [ BEHAVIOR ] Run app\task\behavior\user\Grade @user_grade [ RunTime:0.000170s ]
[ info ] [ BEHAVIOR ] Run app\task\behavior\user\Grade @user_grade [ RunTime:0.000181s ]
[ info ] [ LOG ] INIT File
---------------------------------------------------------------
[ 2022-04-24T15:25:58+08:00 ] 116.22.142.58 GET puzhenshop.feibu.info/index.php?s=/api/tea_qrcode/lists&page=1&wxapp_id=10001&token=81d6c9d492dac24a0d62c1ca6bb6ee07
[运行时间：0.245327s] [吞吐率：4.08req/s] [内存消耗：3,386.72kb] [文件加载：91]
[ info ] [ LANG ] E:\UPUPW_ANK_W64\WebRoot\Vhosts\puzhen\2.0.0\source\thinkphp\lang\zh-cn.php
[ info ] [ ROUTE ] array (
  'type' => 'module',
  'module' => 
  array (
    0 => 'api',
    1 => 'tea_qrcode',
    2 => 'lists',
  ),
)
[ info ] [ HEADER ] array (
  'user-agent' => 'Mozilla/5.0 (iPhone; CPU iPhone OS 15_4_1 like Mac OS X) AppleWebKit/605.1.15 (KHTML, like Gecko) Mobile/15E148 MicroMessenger/8.0.15(0x18000f20) NetType/WIFI Language/zh_CN',
  'accept-encoding' => 'gzip,compress,br,deflate',
  'content-type' => 'application/json',
  'connection' => 'close',
  'host' => 'puzhenshop.feibu.info',
)
[ info ] [ PARAM ] array (
  'page' => '1',
  'wxapp_id' => '10001',
  'token' => '81d6c9d492dac24a0d62c1ca6bb6ee07',
)
[ info ] [ BEHAVIOR ] Run app\common\behavior\App @app_begin [ RunTime:0.000235s ]
[ info ] [ DB ] INIT mysql
[ info ] [ RUN ] app\api\controller\TeaQrCode->lists[ E:\UPUPW_ANK_W64\WebRoot\Vhosts\puzhen\2.0.0\source\application\api\controller\TeaQrcode.php ]
[ info ] [ CACHE ] INIT File
[ info ] [ BEHAVIOR ] Run app\task\behavior\user\Grade @user_grade [ RunTime:0.000142s ]
[ info ] [ BEHAVIOR ] Run app\task\behavior\user\Grade @user_grade [ RunTime:0.000153s ]
[ info ] [ LOG ] INIT File
---------------------------------------------------------------
[ 2022-04-24T15:25:59+08:00 ] 116.22.142.58 GET puzhenshop.feibu.info/index.php?s=/api/user.index/detail&wxapp_id=10001&token=81d6c9d492dac24a0d62c1ca6bb6ee07
[运行时间：0.261472s] [吞吐率：3.82req/s] [内存消耗：3,696.12kb] [文件加载：111]
[ info ] [ LANG ] E:\UPUPW_ANK_W64\WebRoot\Vhosts\puzhen\2.0.0\source\thinkphp\lang\zh-cn.php
[ info ] [ ROUTE ] array (
  'type' => 'module',
  'module' => 
  array (
    0 => 'api',
    1 => 'user.index',
    2 => 'detail',
  ),
)
[ info ] [ HEADER ] array (
  'user-agent' => 'Mozilla/5.0 (iPhone; CPU iPhone OS 15_4_1 like Mac OS X) AppleWebKit/605.1.15 (KHTML, like Gecko) Mobile/15E148 MicroMessenger/8.0.15(0x18000f20) NetType/WIFI Language/zh_CN',
  'accept-encoding' => 'gzip,compress,br,deflate',
  'content-type' => 'application/json',
  'connection' => 'close',
  'host' => 'puzhenshop.feibu.info',
)
[ info ] [ PARAM ] array (
  'wxapp_id' => '10001',
  'token' => '81d6c9d492dac24a0d62c1ca6bb6ee07',
)
[ info ] [ BEHAVIOR ] Run app\common\behavior\App @app_begin [ RunTime:0.000182s ]
[ info ] [ DB ] INIT mysql
[ info ] [ RUN ] app\api\controller\user\Index->detail[ E:\UPUPW_ANK_W64\WebRoot\Vhosts\puzhen\2.0.0\source\application\api\controller\user\Index.php ]
[ info ] [ CACHE ] INIT File
[ info ] [ BEHAVIOR ] Run app\task\behavior\user\Grade @user_grade [ RunTime:0.000137s ]
[ info ] [ BEHAVIOR ] Run app\task\behavior\user\Grade @user_grade [ RunTime:0.000147s ]
[ info ] [ BEHAVIOR ] Run app\task\behavior\Order @order [ RunTime:0.000024s ]
[ info ] [ BEHAVIOR ] Run app\task\behavior\Order @order [ RunTime:0.003735s ]
[ info ] [ BEHAVIOR ] Run app\task\behavior\sharp\Order @order [ RunTime:0.032854s ]
[ info ] [ BEHAVIOR ] Run app\task\behavior\Order @order [ RunTime:0.032863s ]
[ info ] [ LOG ] INIT File
---------------------------------------------------------------
[ 2022-04-24T15:26:07+08:00 ] 116.22.142.58 GET puzhenshop.feibu.info/index.php?s=/api/user.index/detail&wxapp_id=10001&token=81d6c9d492dac24a0d62c1ca6bb6ee07
[运行时间：0.192478s] [吞吐率：5.20req/s] [内存消耗：3,649.71kb] [文件加载：108]
[ info ] [ LANG ] E:\UPUPW_ANK_W64\WebRoot\Vhosts\puzhen\2.0.0\source\thinkphp\lang\zh-cn.php
[ info ] [ ROUTE ] array (
  'type' => 'module',
  'module' => 
  array (
    0 => 'api',
    1 => 'user.index',
    2 => 'detail',
  ),
)
[ info ] [ HEADER ] array (
  'user-agent' => 'Mozilla/5.0 (iPhone; CPU iPhone OS 15_4_1 like Mac OS X) AppleWebKit/605.1.15 (KHTML, like Gecko) Mobile/15E148 MicroMessenger/8.0.15(0x18000f20) NetType/WIFI Language/zh_CN',
  'accept-encoding' => 'gzip,compress,br,deflate',
  'content-type' => 'application/json',
  'connection' => 'close',
  'host' => 'puzhenshop.feibu.info',
)
[ info ] [ PARAM ] array (
  'wxapp_id' => '10001',
  'token' => '81d6c9d492dac24a0d62c1ca6bb6ee07',
)
[ info ] [ BEHAVIOR ] Run app\common\behavior\App @app_begin [ RunTime:0.000185s ]
[ info ] [ DB ] INIT mysql
[ info ] [ RUN ] app\api\controller\user\Index->detail[ E:\UPUPW_ANK_W64\WebRoot\Vhosts\puzhen\2.0.0\source\application\api\controller\user\Index.php ]
[ info ] [ CACHE ] INIT File
[ info ] [ BEHAVIOR ] Run app\task\behavior\user\Grade @user_grade [ RunTime:0.000158s ]
[ info ] [ BEHAVIOR ] Run app\task\behavior\user\Grade @user_grade [ RunTime:0.000169s ]
[ info ] [ BEHAVIOR ] Run app\task\behavior\Order @order [ RunTime:0.000154s ]
[ info ] [ BEHAVIOR ] Run app\task\behavior\sharp\Order @order [ RunTime:0.037443s ]
[ info ] [ BEHAVIOR ] Run app\task\behavior\Order @order [ RunTime:0.037464s ]
[ info ] [ LOG ] INIT File
---------------------------------------------------------------
[ 2022-04-24T15:26:10+08:00 ] 116.22.142.58 GET puzhenshop.feibu.info/index.php?s=/api/user.index/detail&wxapp_id=10001&token=a660e5aad1b428400ff67bbdedd516d2
[运行时间：0.159040s] [吞吐率：6.29req/s] [内存消耗：3,669.43kb] [文件加载：106]
[ info ] [ LANG ] E:\UPUPW_ANK_W64\WebRoot\Vhosts\puzhen\2.0.0\source\thinkphp\lang\zh-cn.php
[ info ] [ ROUTE ] array (
  'type' => 'module',
  'module' => 
  array (
    0 => 'api',
    1 => 'user.index',
    2 => 'detail',
  ),
)
[ info ] [ HEADER ] array (
  'accept-encoding' => 'gzip, deflate',
  'referer' => 'https://servicewechat.com/wx6433138919cd9715/devtools/page-frame.html',
  'accept' => '*/*',
  'content-type' => 'application/json',
  'user-agent' => 'Mozilla/5.0 (iPhone; CPU iPhone OS 11_0 like Mac OS X) AppleWebKit/604.1.38 (KHTML, like Gecko) Version/11.0 Mobile/15A372 Safari/604.1 wechatdevtools/1.05.2109131 MicroMessenger/8.0.5 Language/zh_CN webview/',
  'connection' => 'close',
  'host' => 'puzhenshop.feibu.info',
)
[ info ] [ PARAM ] array (
  'wxapp_id' => '10001',
  'token' => 'a660e5aad1b428400ff67bbdedd516d2',
)
[ info ] [ BEHAVIOR ] Run app\common\behavior\App @app_begin [ RunTime:0.000199s ]
[ info ] [ DB ] INIT mysql
[ info ] [ RUN ] app\api\controller\user\Index->detail[ E:\UPUPW_ANK_W64\WebRoot\Vhosts\puzhen\2.0.0\source\application\api\controller\user\Index.php ]
[ info ] [ CACHE ] INIT File
[ info ] [ BEHAVIOR ] Run app\task\behavior\user\Grade @user_grade [ RunTime:0.000159s ]
[ info ] [ BEHAVIOR ] Run app\task\behavior\user\Grade @user_grade [ RunTime:0.000173s ]
[ info ] [ BEHAVIOR ] Run app\task\behavior\Order @order [ RunTime:0.000168s ]
[ info ] [ BEHAVIOR ] Run app\task\behavior\sharp\Order @order [ RunTime:0.042698s ]
[ info ] [ BEHAVIOR ] Run app\task\behavior\Order @order [ RunTime:0.042712s ]
[ info ] [ LOG ] INIT File
---------------------------------------------------------------
[ 2022-04-24T15:26:16+08:00 ] 116.22.142.58 GET puzhenshop.feibu.info/index.php?s=/api/page/index&page_id=0&wxapp_id=10001&token=81d6c9d492dac24a0d62c1ca6bb6ee07
[运行时间：0.244589s] [吞吐率：4.09req/s] [内存消耗：3,684.64kb] [文件加载：100]
[ info ] [ LANG ] E:\UPUPW_ANK_W64\WebRoot\Vhosts\puzhen\2.0.0\source\thinkphp\lang\zh-cn.php
[ info ] [ ROUTE ] array (
  'type' => 'module',
  'module' => 
  array (
    0 => 'api',
    1 => 'page',
    2 => 'index',
  ),
)
[ info ] [ HEADER ] array (
  'user-agent' => 'Mozilla/5.0 (iPhone; CPU iPhone OS 15_4_1 like Mac OS X) AppleWebKit/605.1.15 (KHTML, like Gecko) Mobile/15E148 MicroMessenger/8.0.15(0x18000f20) NetType/WIFI Language/zh_CN',
  'accept-encoding' => 'gzip,compress,br,deflate',
  'content-type' => 'application/json',
  'connection' => 'close',
  'host' => 'puzhenshop.feibu.info',
)
[ info ] [ PARAM ] array (
  'page_id' => '0',
  'wxapp_id' => '10001',
  'token' => '81d6c9d492dac24a0d62c1ca6bb6ee07',
)
[ info ] [ BEHAVIOR ] Run app\common\behavior\App @app_begin [ RunTime:0.000234s ]
[ info ] [ DB ] INIT mysql
[ info ] [ RUN ] app\api\controller\Page->index[ E:\UPUPW_ANK_W64\WebRoot\Vhosts\puzhen\2.0.0\source\application\api\controller\Page.php ]
[ info ] [ CACHE ] INIT File
[ info ] [ BEHAVIOR ] Run app\task\behavior\user\Grade @user_grade [ RunTime:0.000148s ]
[ info ] [ BEHAVIOR ] Run app\task\behavior\user\Grade @user_grade [ RunTime:0.000159s ]
[ info ] [ LOG ] INIT File
---------------------------------------------------------------
[ 2022-04-24T15:26:18+08:00 ] 116.22.142.58 GET puzhenshop.feibu.info/index.php?s=/api/user.index/detail&wxapp_id=10001&token=81d6c9d492dac24a0d62c1ca6bb6ee07
[运行时间：0.203487s] [吞吐率：4.91req/s] [内存消耗：3,649.71kb] [文件加载：108]
[ info ] [ LANG ] E:\UPUPW_ANK_W64\WebRoot\Vhosts\puzhen\2.0.0\source\thinkphp\lang\zh-cn.php
[ info ] [ ROUTE ] array (
  'type' => 'module',
  'module' => 
  array (
    0 => 'api',
    1 => 'user.index',
    2 => 'detail',
  ),
)
[ info ] [ HEADER ] array (
  'user-agent' => 'Mozilla/5.0 (iPhone; CPU iPhone OS 15_4_1 like Mac OS X) AppleWebKit/605.1.15 (KHTML, like Gecko) Mobile/15E148 MicroMessenger/8.0.15(0x18000f20) NetType/WIFI Language/zh_CN',
  'accept-encoding' => 'gzip,compress,br,deflate',
  'content-type' => 'application/json',
  'connection' => 'close',
  'host' => 'puzhenshop.feibu.info',
)
[ info ] [ PARAM ] array (
  'wxapp_id' => '10001',
  'token' => '81d6c9d492dac24a0d62c1ca6bb6ee07',
)
[ info ] [ BEHAVIOR ] Run app\common\behavior\App @app_begin [ RunTime:0.000346s ]
[ info ] [ DB ] INIT mysql
[ info ] [ RUN ] app\api\controller\user\Index->detail[ E:\UPUPW_ANK_W64\WebRoot\Vhosts\puzhen\2.0.0\source\application\api\controller\user\Index.php ]
[ info ] [ CACHE ] INIT File
[ info ] [ BEHAVIOR ] Run app\task\behavior\user\Grade @user_grade [ RunTime:0.000184s ]
[ info ] [ BEHAVIOR ] Run app\task\behavior\user\Grade @user_grade [ RunTime:0.000204s ]
[ info ] [ BEHAVIOR ] Run app\task\behavior\Order @order [ RunTime:0.000192s ]
[ info ] [ BEHAVIOR ] Run app\task\behavior\sharp\Order @order [ RunTime:0.036963s ]
[ info ] [ BEHAVIOR ] Run app\task\behavior\Order @order [ RunTime:0.036976s ]
[ info ] [ LOG ] INIT File
---------------------------------------------------------------
[ 2022-04-24T15:26:25+08:00 ] 116.22.142.58 GET puzhenshop.feibu.info/index.php?s=/api/user.index/detail&wxapp_id=10001&token=81d6c9d492dac24a0d62c1ca6bb6ee07
[运行时间：0.189291s] [吞吐率：5.28req/s] [内存消耗：3,650.42kb] [文件加载：108]
[ info ] [ LANG ] E:\UPUPW_ANK_W64\WebRoot\Vhosts\puzhen\2.0.0\source\thinkphp\lang\zh-cn.php
[ info ] [ ROUTE ] array (
  'type' => 'module',
  'module' => 
  array (
    0 => 'api',
    1 => 'user.index',
    2 => 'detail',
  ),
)
[ info ] [ HEADER ] array (
  'user-agent' => 'Mozilla/5.0 (iPhone; CPU iPhone OS 15_4_1 like Mac OS X) AppleWebKit/605.1.15 (KHTML, like Gecko) Mobile/15E148 MicroMessenger/8.0.15(0x18000f20) NetType/WIFI Language/zh_CN',
  'accept-encoding' => 'gzip,compress,br,deflate',
  'content-type' => 'application/json',
  'connection' => 'close',
  'host' => 'puzhenshop.feibu.info',
)
[ info ] [ PARAM ] array (
  'wxapp_id' => '10001',
  'token' => '81d6c9d492dac24a0d62c1ca6bb6ee07',
)
[ info ] [ BEHAVIOR ] Run app\common\behavior\App @app_begin [ RunTime:0.000346s ]
[ info ] [ DB ] INIT mysql
[ info ] [ RUN ] app\api\controller\user\Index->detail[ E:\UPUPW_ANK_W64\WebRoot\Vhosts\puzhen\2.0.0\source\application\api\controller\user\Index.php ]
[ info ] [ CACHE ] INIT File
[ info ] [ BEHAVIOR ] Run app\task\behavior\user\Grade @user_grade [ RunTime:0.000272s ]
[ info ] [ BEHAVIOR ] Run app\task\behavior\user\Grade @user_grade [ RunTime:0.000285s ]
[ info ] [ BEHAVIOR ] Run app\task\behavior\Order @order [ RunTime:0.000312s ]
[ info ] [ BEHAVIOR ] Run app\task\behavior\sharp\Order @order [ RunTime:0.035239s ]
[ info ] [ BEHAVIOR ] Run app\task\behavior\Order @order [ RunTime:0.035256s ]
[ info ] [ LOG ] INIT File
---------------------------------------------------------------
[ 2022-04-24T15:26:43+08:00 ] 116.22.142.58 GET puzhenshop.feibu.info/index.php?s=/api/tea_qrcode/lists&page=1&wxapp_id=10001&token=81d6c9d492dac24a0d62c1ca6bb6ee07
[运行时间：0.316425s] [吞吐率：3.16req/s] [内存消耗：3,387.43kb] [文件加载：91]
[ info ] [ LANG ] E:\UPUPW_ANK_W64\WebRoot\Vhosts\puzhen\2.0.0\source\thinkphp\lang\zh-cn.php
[ info ] [ ROUTE ] array (
  'type' => 'module',
  'module' => 
  array (
    0 => 'api',
    1 => 'tea_qrcode',
    2 => 'lists',
  ),
)
[ info ] [ HEADER ] array (
  'user-agent' => 'Mozilla/5.0 (iPhone; CPU iPhone OS 15_4_1 like Mac OS X) AppleWebKit/605.1.15 (KHTML, like Gecko) Mobile/15E148 MicroMessenger/8.0.15(0x18000f20) NetType/WIFI Language/zh_CN',
  'accept-encoding' => 'gzip,compress,br,deflate',
  'content-type' => 'application/json',
  'connection' => 'close',
  'host' => 'puzhenshop.feibu.info',
)
[ info ] [ PARAM ] array (
  'page' => '1',
  'wxapp_id' => '10001',
  'token' => '81d6c9d492dac24a0d62c1ca6bb6ee07',
)
[ info ] [ BEHAVIOR ] Run app\common\behavior\App @app_begin [ RunTime:0.000304s ]
[ info ] [ DB ] INIT mysql
[ info ] [ RUN ] app\api\controller\TeaQrCode->lists[ E:\UPUPW_ANK_W64\WebRoot\Vhosts\puzhen\2.0.0\source\application\api\controller\TeaQrcode.php ]
[ info ] [ CACHE ] INIT File
[ info ] [ BEHAVIOR ] Run app\task\behavior\user\Grade @user_grade [ RunTime:0.000310s ]
[ info ] [ BEHAVIOR ] Run app\task\behavior\user\Grade @user_grade [ RunTime:0.000321s ]
[ info ] [ LOG ] INIT File
---------------------------------------------------------------
[ 2022-04-24T15:26:44+08:00 ] 116.22.142.58 GET puzhenshop.feibu.info/index.php?s=/api/category/index&wxapp_id=10001&token=81d6c9d492dac24a0d62c1ca6bb6ee07
[运行时间：0.081585s] [吞吐率：12.26req/s] [内存消耗：2,923.05kb] [文件加载：75]
[ info ] [ LANG ] E:\UPUPW_ANK_W64\WebRoot\Vhosts\puzhen\2.0.0\source\thinkphp\lang\zh-cn.php
[ info ] [ ROUTE ] array (
  'type' => 'module',
  'module' => 
  array (
    0 => 'api',
    1 => 'category',
    2 => 'index',
  ),
)
[ info ] [ HEADER ] array (
  'user-agent' => 'Mozilla/5.0 (iPhone; CPU iPhone OS 15_4_1 like Mac OS X) AppleWebKit/605.1.15 (KHTML, like Gecko) Mobile/15E148 MicroMessenger/8.0.15(0x18000f20) NetType/WIFI Language/zh_CN',
  'accept-encoding' => 'gzip,compress,br,deflate',
  'content-type' => 'application/json',
  'connection' => 'close',
  'host' => 'puzhenshop.feibu.info',
)
[ info ] [ PARAM ] array (
  'wxapp_id' => '10001',
  'token' => '81d6c9d492dac24a0d62c1ca6bb6ee07',
)
[ info ] [ BEHAVIOR ] Run app\common\behavior\App @app_begin [ RunTime:0.000183s ]
[ info ] [ DB ] INIT mysql
[ info ] [ RUN ] app\api\controller\Category->index[ E:\UPUPW_ANK_W64\WebRoot\Vhosts\puzhen\2.0.0\source\application\api\controller\Category.php ]
[ info ] [ CACHE ] INIT File
[ info ] [ LOG ] INIT File
---------------------------------------------------------------
[ 2022-04-24T15:26:45+08:00 ] 116.22.142.58 GET puzhenshop.feibu.info/index.php?s=/api/page/index&page_id=0&wxapp_id=10001&token=81d6c9d492dac24a0d62c1ca6bb6ee07
[运行时间：0.275757s] [吞吐率：3.63req/s] [内存消耗：3,684.64kb] [文件加载：100]
[ info ] [ LANG ] E:\UPUPW_ANK_W64\WebRoot\Vhosts\puzhen\2.0.0\source\thinkphp\lang\zh-cn.php
[ info ] [ ROUTE ] array (
  'type' => 'module',
  'module' => 
  array (
    0 => 'api',
    1 => 'page',
    2 => 'index',
  ),
)
[ info ] [ HEADER ] array (
  'user-agent' => 'Mozilla/5.0 (iPhone; CPU iPhone OS 15_4_1 like Mac OS X) AppleWebKit/605.1.15 (KHTML, like Gecko) Mobile/15E148 MicroMessenger/8.0.15(0x18000f20) NetType/WIFI Language/zh_CN',
  'accept-encoding' => 'gzip,compress,br,deflate',
  'content-type' => 'application/json',
  'connection' => 'close',
  'host' => 'puzhenshop.feibu.info',
)
[ info ] [ PARAM ] array (
  'page_id' => '0',
  'wxapp_id' => '10001',
  'token' => '81d6c9d492dac24a0d62c1ca6bb6ee07',
)
[ info ] [ BEHAVIOR ] Run app\common\behavior\App @app_begin [ RunTime:0.000210s ]
[ info ] [ DB ] INIT mysql
[ info ] [ RUN ] app\api\controller\Page->index[ E:\UPUPW_ANK_W64\WebRoot\Vhosts\puzhen\2.0.0\source\application\api\controller\Page.php ]
[ info ] [ CACHE ] INIT File
[ info ] [ BEHAVIOR ] Run app\task\behavior\user\Grade @user_grade [ RunTime:0.000179s ]
[ info ] [ BEHAVIOR ] Run app\task\behavior\user\Grade @user_grade [ RunTime:0.000192s ]
[ info ] [ LOG ] INIT File
---------------------------------------------------------------
[ 2022-04-24T15:26:49+08:00 ] 116.22.142.58 GET puzhenshop.feibu.info/index.php?s=/api/goods/lists&page=1&sortType=all&sortPrice=0&category_id=10004&search=&wxapp_id=10001&token=81d6c9d492dac24a0d62c1ca6bb6ee07
[运行时间：0.211105s] [吞吐率：4.74req/s] [内存消耗：3,559.16kb] [文件加载：98]
[ info ] [ LANG ] E:\UPUPW_ANK_W64\WebRoot\Vhosts\puzhen\2.0.0\source\thinkphp\lang\zh-cn.php
[ info ] [ ROUTE ] array (
  'type' => 'module',
  'module' => 
  array (
    0 => 'api',
    1 => 'goods',
    2 => 'lists',
  ),
)
[ info ] [ HEADER ] array (
  'user-agent' => 'Mozilla/5.0 (iPhone; CPU iPhone OS 15_4_1 like Mac OS X) AppleWebKit/605.1.15 (KHTML, like Gecko) Mobile/15E148 MicroMessenger/8.0.15(0x18000f20) NetType/WIFI Language/zh_CN',
  'accept-encoding' => 'gzip,compress,br,deflate',
  'content-type' => 'application/json',
  'connection' => 'close',
  'host' => 'puzhenshop.feibu.info',
)
[ info ] [ PARAM ] array (
  'page' => '1',
  'sortType' => 'all',
  'sortPrice' => '0',
  'category_id' => '10004',
  'search' => '',
  'wxapp_id' => '10001',
  'token' => '81d6c9d492dac24a0d62c1ca6bb6ee07',
)
[ info ] [ BEHAVIOR ] Run app\common\behavior\App @app_begin [ RunTime:0.000198s ]
[ info ] [ DB ] INIT mysql
[ info ] [ RUN ] app\api\controller\Goods->lists[ E:\UPUPW_ANK_W64\WebRoot\Vhosts\puzhen\2.0.0\source\application\api\controller\Goods.php ]
[ info ] [ CACHE ] INIT File
[ info ] [ BEHAVIOR ] Run app\task\behavior\user\Grade @user_grade [ RunTime:0.000178s ]
[ info ] [ BEHAVIOR ] Run app\task\behavior\user\Grade @user_grade [ RunTime:0.000190s ]
[ info ] [ LOG ] INIT File
---------------------------------------------------------------
[ 2022-04-24T15:26:56+08:00 ] 116.22.142.58 GET puzhenshop.feibu.info/index.php?s=/api/coupon/lists&wxapp_id=10001&token=81d6c9d492dac24a0d62c1ca6bb6ee07
[运行时间：0.198085s] [吞吐率：5.05req/s] [内存消耗：3,312.43kb] [文件加载：92]
[ info ] [ LANG ] E:\UPUPW_ANK_W64\WebRoot\Vhosts\puzhen\2.0.0\source\thinkphp\lang\zh-cn.php
[ info ] [ ROUTE ] array (
  'type' => 'module',
  'module' => 
  array (
    0 => 'api',
    1 => 'coupon',
    2 => 'lists',
  ),
)
[ info ] [ HEADER ] array (
  'user-agent' => 'Mozilla/5.0 (iPhone; CPU iPhone OS 15_4_1 like Mac OS X) AppleWebKit/605.1.15 (KHTML, like Gecko) Mobile/15E148 MicroMessenger/8.0.15(0x18000f20) NetType/WIFI Language/zh_CN',
  'accept-encoding' => 'gzip,compress,br,deflate',
  'content-type' => 'application/json',
  'connection' => 'close',
  'host' => 'puzhenshop.feibu.info',
)
[ info ] [ PARAM ] array (
  'wxapp_id' => '10001',
  'token' => '81d6c9d492dac24a0d62c1ca6bb6ee07',
)
[ info ] [ BEHAVIOR ] Run app\common\behavior\App @app_begin [ RunTime:0.000188s ]
[ info ] [ DB ] INIT mysql
[ info ] [ RUN ] app\api\controller\Coupon->lists[ E:\UPUPW_ANK_W64\WebRoot\Vhosts\puzhen\2.0.0\source\application\api\controller\Coupon.php ]
[ info ] [ CACHE ] INIT File
[ info ] [ BEHAVIOR ] Run app\task\behavior\user\Grade @user_grade [ RunTime:0.000140s ]
[ info ] [ BEHAVIOR ] Run app\task\behavior\user\Grade @user_grade [ RunTime:0.000161s ]
[ info ] [ BEHAVIOR ] Run app\task\behavior\UserCoupon @UserCoupon [ RunTime:0.022180s ]
[ info ] [ BEHAVIOR ] Run app\task\behavior\UserCoupon @UserCoupon [ RunTime:0.022195s ]
[ info ] [ LOG ] INIT File
---------------------------------------------------------------
[ 2022-04-24T17:36:29+08:00 ] 116.22.142.58 GET puzhenshop.feibu.info/index.php?s=/admin/store/recycle
[运行时间：0.038183s] [吞吐率：26.19req/s] [内存消耗：1,725.04kb] [文件加载：59]
[ info ] [ LANG ] E:\UPUPW_ANK_W64\WebRoot\Vhosts\puzhen\2.0.0\source\thinkphp\lang\zh-cn.php
[ info ] [ ROUTE ] array (
  'type' => 'module',
  'module' => 
  array (
    0 => 'admin',
    1 => 'store',
    2 => 'recycle',
  ),
)
[ info ] [ HEADER ] array (
  'cookie' => '__gads=ID=00d075fa159d8ac8:T=1597915774:S=ALNI_MZogTGW2LAF0H_NTkBymWmUYtnOxQ; __root_domain_v=.feibu.info; _qddaz=QD.932230466496504; Hm_lvt_8231d52c4580fdb4fc6a6098e03a174f=1646725837; Hm_lpvt_8231d52c4580fdb4fc6a6098e03a174f=1646726312; PHPSESSID=cmubvvptf0coclkkcre98a0a9b; thinkphp_show_page_trace=0|0',
  'accept-language' => 'en,zh-CN;q=0.9,zh;q=0.8',
  'accept-encoding' => 'gzip, deflate',
  'referer' => 'http://puzhenshop.feibu.info/index.php?s=/admin/store/index',
  'accept' => 'text/html,application/xhtml+xml,application/xml;q=0.9,image/avif,image/webp,image/apng,*/*;q=0.8,application/signed-exchange;v=b3;q=0.9',
  'user-agent' => 'Mozilla/5.0 (Macintosh; Intel Mac OS X 10_14_6) AppleWebKit/537.36 (KHTML, like Gecko) Chrome/100.0.4896.88 Safari/537.36',
  'dnt' => '1',
  'upgrade-insecure-requests' => '1',
  'connection' => 'close',
  'host' => 'puzhenshop.feibu.info',
)
[ info ] [ PARAM ] array (
)
[ info ] [ BEHAVIOR ] Run app\common\behavior\App @app_begin [ RunTime:0.000362s ]
[ info ] [ SESSION ] INIT array (
  'id' => '',
  'var_session_id' => '',
  'prefix' => '',
  'type' => '',
  'auto_start' => true,
)
[ info ] [ LOG ] INIT File
---------------------------------------------------------------
[ 2022-04-24T17:36:29+08:00 ] 116.22.142.58 GET puzhenshop.feibu.info/index.php?s=/admin/passport/login
[运行时间：0.042208s] [吞吐率：23.69req/s] [内存消耗：1,775.07kb] [文件加载：61]
[ info ] [ LANG ] E:\UPUPW_ANK_W64\WebRoot\Vhosts\puzhen\2.0.0\source\thinkphp\lang\zh-cn.php
[ info ] [ ROUTE ] array (
  'type' => 'module',
  'module' => 
  array (
    0 => 'admin',
    1 => 'passport',
    2 => 'login',
  ),
)
[ info ] [ HEADER ] array (
  'cookie' => '__gads=ID=00d075fa159d8ac8:T=1597915774:S=ALNI_MZogTGW2LAF0H_NTkBymWmUYtnOxQ; __root_domain_v=.feibu.info; _qddaz=QD.932230466496504; Hm_lvt_8231d52c4580fdb4fc6a6098e03a174f=1646725837; Hm_lpvt_8231d52c4580fdb4fc6a6098e03a174f=1646726312; PHPSESSID=cmubvvptf0coclkkcre98a0a9b; thinkphp_show_page_trace=0|0',
  'accept-language' => 'en,zh-CN;q=0.9,zh;q=0.8',
  'accept-encoding' => 'gzip, deflate',
  'referer' => 'http://puzhenshop.feibu.info/index.php?s=/admin/store/index',
  'accept' => 'text/html,application/xhtml+xml,application/xml;q=0.9,image/avif,image/webp,image/apng,*/*;q=0.8,application/signed-exchange;v=b3;q=0.9',
  'user-agent' => 'Mozilla/5.0 (Macintosh; Intel Mac OS X 10_14_6) AppleWebKit/537.36 (KHTML, like Gecko) Chrome/100.0.4896.88 Safari/537.36',
  'dnt' => '1',
  'upgrade-insecure-requests' => '1',
  'connection' => 'close',
  'host' => 'puzhenshop.feibu.info',
)
[ info ] [ PARAM ] array (
)
[ info ] [ BEHAVIOR ] Run app\common\behavior\App @app_begin [ RunTime:0.000226s ]
[ info ] [ SESSION ] INIT array (
  'id' => '',
  'var_session_id' => '',
  'prefix' => '',
  'type' => '',
  'auto_start' => true,
)
[ info ] [ RUN ] app\admin\controller\Passport->login[ E:\UPUPW_ANK_W64\WebRoot\Vhosts\puzhen\2.0.0\source\application\admin\controller\Passport.php ]
[ info ] [ VIEW ] E:\UPUPW_ANK_W64\WebRoot\Vhosts\puzhen\2.0.0\web/../source/application/admin\view\passport\login.php [ array (
) ]
[ info ] [ LOG ] INIT File
---------------------------------------------------------------
[ 2022-04-24T17:36:32+08:00 ] 116.22.142.58 POST puzhenshop.feibu.info/index.php?s=/admin/passport/login
[运行时间：0.066461s] [吞吐率：15.05req/s] [内存消耗：2,813.66kb] [文件加载：68]
[ info ] [ LANG ] E:\UPUPW_ANK_W64\WebRoot\Vhosts\puzhen\2.0.0\source\thinkphp\lang\zh-cn.php
[ info ] [ ROUTE ] array (
  'type' => 'module',
  'module' => 
  array (
    0 => 'admin',
    1 => 'passport',
    2 => 'login',
  ),
)
[ info ] [ HEADER ] array (
  'cookie' => '__gads=ID=00d075fa159d8ac8:T=1597915774:S=ALNI_MZogTGW2LAF0H_NTkBymWmUYtnOxQ; __root_domain_v=.feibu.info; _qddaz=QD.932230466496504; Hm_lvt_8231d52c4580fdb4fc6a6098e03a174f=1646725837; Hm_lpvt_8231d52c4580fdb4fc6a6098e03a174f=1646726312; PHPSESSID=cmubvvptf0coclkkcre98a0a9b; thinkphp_show_page_trace=0|0',
  'accept-language' => 'en,zh-CN;q=0.9,zh;q=0.8',
  'accept-encoding' => 'gzip, deflate',
  'referer' => 'http://puzhenshop.feibu.info/index.php?s=/admin/passport/login',
  'origin' => 'http://puzhenshop.feibu.info',
  'content-type' => 'application/x-www-form-urlencoded; charset=UTF-8',
  'user-agent' => 'Mozilla/5.0 (Macintosh; Intel Mac OS X 10_14_6) AppleWebKit/537.36 (KHTML, like Gecko) Chrome/100.0.4896.88 Safari/537.36',
  'x-requested-with' => 'XMLHttpRequest',
  'dnt' => '1',
  'accept' => 'application/json, text/javascript, */*; q=0.01',
  'content-length' => '51',
  'connection' => 'close',
  'host' => 'puzhenshop.feibu.info',
)
[ info ] [ PARAM ] array (
  'User' => 
  array (
    'user_name' => 'admin',
    'password' => '123456',
  ),
)
[ info ] [ BEHAVIOR ] Run app\common\behavior\App @app_begin [ RunTime:0.000192s ]
[ info ] [ SESSION ] INIT array (
  'id' => '',
  'var_session_id' => '',
  'prefix' => '',
  'type' => '',
  'auto_start' => true,
)
[ info ] [ RUN ] app\admin\controller\Passport->login[ E:\UPUPW_ANK_W64\WebRoot\Vhosts\puzhen\2.0.0\source\application\admin\controller\Passport.php ]
[ info ] [ DB ] INIT mysql
[ info ] [ LOG ] INIT File
---------------------------------------------------------------
[ 2022-04-24T17:36:34+08:00 ] 116.22.142.58 GET puzhenshop.feibu.info/index.php?s=/admin/index/index
[运行时间：0.030502s] [吞吐率：32.78req/s] [内存消耗：1,782.28kb] [文件加载：61]
[ info ] [ LANG ] E:\UPUPW_ANK_W64\WebRoot\Vhosts\puzhen\2.0.0\source\thinkphp\lang\zh-cn.php
[ info ] [ ROUTE ] array (
  'type' => 'module',
  'module' => 
  array (
    0 => 'admin',
    1 => 'index',
    2 => 'index',
  ),
)
[ info ] [ HEADER ] array (
  'cookie' => '__gads=ID=00d075fa159d8ac8:T=1597915774:S=ALNI_MZogTGW2LAF0H_NTkBymWmUYtnOxQ; __root_domain_v=.feibu.info; _qddaz=QD.932230466496504; Hm_lvt_8231d52c4580fdb4fc6a6098e03a174f=1646725837; Hm_lpvt_8231d52c4580fdb4fc6a6098e03a174f=1646726312; PHPSESSID=cmubvvptf0coclkkcre98a0a9b; thinkphp_show_page_trace=0|0',
  'accept-language' => 'en,zh-CN;q=0.9,zh;q=0.8',
  'accept-encoding' => 'gzip, deflate',
  'referer' => 'http://puzhenshop.feibu.info/index.php?s=/admin/passport/login',
  'accept' => 'text/html,application/xhtml+xml,application/xml;q=0.9,image/avif,image/webp,image/apng,*/*;q=0.8,application/signed-exchange;v=b3;q=0.9',
  'user-agent' => 'Mozilla/5.0 (Macintosh; Intel Mac OS X 10_14_6) AppleWebKit/537.36 (KHTML, like Gecko) Chrome/100.0.4896.88 Safari/537.36',
  'dnt' => '1',
  'upgrade-insecure-requests' => '1',
  'connection' => 'close',
  'host' => 'puzhenshop.feibu.info',
)
[ info ] [ PARAM ] array (
)
[ info ] [ BEHAVIOR ] Run app\common\behavior\App @app_begin [ RunTime:0.000228s ]
[ info ] [ SESSION ] INIT array (
  'id' => '',
  'var_session_id' => '',
  'prefix' => '',
  'type' => '',
  'auto_start' => true,
)
[ info ] [ RUN ] app\admin\controller\Index->index[ E:\UPUPW_ANK_W64\WebRoot\Vhosts\puzhen\2.0.0\source\application\admin\controller\Index.php ]
[ info ] [ VIEW ] E:\UPUPW_ANK_W64\WebRoot\Vhosts\puzhen\2.0.0\web/../source/application/admin\view\index\index.php [ array (
  0 => 'base_url',
  1 => 'admin_url',
  2 => 'group',
  3 => 'menus',
  4 => 'admin',
  5 => 'version',
  6 => 'request',
) ]
[ info ] [ LOG ] INIT File
---------------------------------------------------------------
[ 2022-04-24T17:36:35+08:00 ] 116.22.142.58 GET puzhenshop.feibu.info/index.php?s=/admin/store/recycle
[运行时间：0.080747s] [吞吐率：12.38req/s] [内存消耗：3,138.59kb] [文件加载：77]
[ info ] [ LANG ] E:\UPUPW_ANK_W64\WebRoot\Vhosts\puzhen\2.0.0\source\thinkphp\lang\zh-cn.php
[ info ] [ ROUTE ] array (
  'type' => 'module',
  'module' => 
  array (
    0 => 'admin',
    1 => 'store',
    2 => 'recycle',
  ),
)
[ info ] [ HEADER ] array (
  'cookie' => '__gads=ID=00d075fa159d8ac8:T=1597915774:S=ALNI_MZogTGW2LAF0H_NTkBymWmUYtnOxQ; __root_domain_v=.feibu.info; _qddaz=QD.932230466496504; Hm_lvt_8231d52c4580fdb4fc6a6098e03a174f=1646725837; Hm_lpvt_8231d52c4580fdb4fc6a6098e03a174f=1646726312; PHPSESSID=cmubvvptf0coclkkcre98a0a9b; thinkphp_show_page_trace=0|0',
  'accept-language' => 'en,zh-CN;q=0.9,zh;q=0.8',
  'accept-encoding' => 'gzip, deflate',
  'referer' => 'http://puzhenshop.feibu.info/index.php?s=/admin/index/index',
  'accept' => 'text/html,application/xhtml+xml,application/xml;q=0.9,image/avif,image/webp,image/apng,*/*;q=0.8,application/signed-exchange;v=b3;q=0.9',
  'user-agent' => 'Mozilla/5.0 (Macintosh; Intel Mac OS X 10_14_6) AppleWebKit/537.36 (KHTML, like Gecko) Chrome/100.0.4896.88 Safari/537.36',
  'dnt' => '1',
  'upgrade-insecure-requests' => '1',
  'connection' => 'close',
  'host' => 'puzhenshop.feibu.info',
)
[ info ] [ PARAM ] array (
)
[ info ] [ BEHAVIOR ] Run app\common\behavior\App @app_begin [ RunTime:0.000211s ]
[ info ] [ SESSION ] INIT array (
  'id' => '',
  'var_session_id' => '',
  'prefix' => '',
  'type' => '',
  'auto_start' => true,
)
[ info ] [ RUN ] app\admin\controller\Store->recycle[ E:\UPUPW_ANK_W64\WebRoot\Vhosts\puzhen\2.0.0\source\application\admin\controller\Store.php ]
[ info ] [ DB ] INIT mysql
[ info ] [ VIEW ] E:\UPUPW_ANK_W64\WebRoot\Vhosts\puzhen\2.0.0\web/../source/application/admin\view\store\recycle.php [ array (
  0 => 'base_url',
  1 => 'admin_url',
  2 => 'group',
  3 => 'menus',
  4 => 'admin',
  5 => 'version',
  6 => 'request',
  7 => 'list',
  8 => 'names',
) ]
[ info ] [ LOG ] INIT File
---------------------------------------------------------------
[ 2022-04-24T17:36:37+08:00 ] 116.22.142.58 GET puzhenshop.feibu.info/index.php?s=/admin/store/recycle
[运行时间：0.078023s] [吞吐率：12.82req/s] [内存消耗：2,988.76kb] [文件加载：75]
[ info ] [ LANG ] E:\UPUPW_ANK_W64\WebRoot\Vhosts\puzhen\2.0.0\source\thinkphp\lang\zh-cn.php
[ info ] [ ROUTE ] array (
  'type' => 'module',
  'module' => 
  array (
    0 => 'admin',
    1 => 'store',
    2 => 'recycle',
  ),
)
[ info ] [ HEADER ] array (
  'cookie' => '__gads=ID=00d075fa159d8ac8:T=1597915774:S=ALNI_MZogTGW2LAF0H_NTkBymWmUYtnOxQ; __root_domain_v=.feibu.info; _qddaz=QD.932230466496504; Hm_lvt_8231d52c4580fdb4fc6a6098e03a174f=1646725837; Hm_lpvt_8231d52c4580fdb4fc6a6098e03a174f=1646726312; PHPSESSID=cmubvvptf0coclkkcre98a0a9b; thinkphp_show_page_trace=0|0',
  'accept-language' => 'en,zh-CN;q=0.9,zh;q=0.8',
  'accept-encoding' => 'gzip, deflate',
  'referer' => 'http://puzhenshop.feibu.info/index.php?s=/admin/store/recycle',
  'accept' => 'text/html,application/xhtml+xml,application/xml;q=0.9,image/avif,image/webp,image/apng,*/*;q=0.8,application/signed-exchange;v=b3;q=0.9',
  'user-agent' => 'Mozilla/5.0 (Macintosh; Intel Mac OS X 10_14_6) AppleWebKit/537.36 (KHTML, like Gecko) Chrome/100.0.4896.88 Safari/537.36',
  'dnt' => '1',
  'upgrade-insecure-requests' => '1',
  'connection' => 'close',
  'host' => 'puzhenshop.feibu.info',
)
[ info ] [ PARAM ] array (
)
[ info ] [ BEHAVIOR ] Run app\common\behavior\App @app_begin [ RunTime:0.000216s ]
[ info ] [ SESSION ] INIT array (
  'id' => '',
  'var_session_id' => '',
  'prefix' => '',
  'type' => '',
  'auto_start' => true,
)
[ info ] [ RUN ] app\admin\controller\Store->recycle[ E:\UPUPW_ANK_W64\WebRoot\Vhosts\puzhen\2.0.0\source\application\admin\controller\Store.php ]
[ info ] [ DB ] INIT mysql
[ info ] [ VIEW ] E:\UPUPW_ANK_W64\WebRoot\Vhosts\puzhen\2.0.0\web/../source/application/admin\view\store\recycle.php [ array (
  0 => 'base_url',
  1 => 'admin_url',
  2 => 'group',
  3 => 'menus',
  4 => 'admin',
  5 => 'version',
  6 => 'request',
  7 => 'list',
  8 => 'names',
) ]
[ info ] [ LOG ] INIT File
---------------------------------------------------------------
[ 2022-04-24T17:36:38+08:00 ] 116.22.142.58 GET puzhenshop.feibu.info/index.php?s=/admin/store/index
[运行时间：0.084783s] [吞吐率：11.79req/s] [内存消耗：3,123.30kb] [文件加载：83]
[ info ] [ LANG ] E:\UPUPW_ANK_W64\WebRoot\Vhosts\puzhen\2.0.0\source\thinkphp\lang\zh-cn.php
[ info ] [ ROUTE ] array (
  'type' => 'module',
  'module' => 
  array (
    0 => 'admin',
    1 => 'store',
    2 => 'index',
  ),
)
[ info ] [ HEADER ] array (
  'cookie' => '__gads=ID=00d075fa159d8ac8:T=1597915774:S=ALNI_MZogTGW2LAF0H_NTkBymWmUYtnOxQ; __root_domain_v=.feibu.info; _qddaz=QD.932230466496504; Hm_lvt_8231d52c4580fdb4fc6a6098e03a174f=1646725837; Hm_lpvt_8231d52c4580fdb4fc6a6098e03a174f=1646726312; PHPSESSID=cmubvvptf0coclkkcre98a0a9b; thinkphp_show_page_trace=0|0',
  'accept-language' => 'en,zh-CN;q=0.9,zh;q=0.8',
  'accept-encoding' => 'gzip, deflate',
  'referer' => 'http://puzhenshop.feibu.info/index.php?s=/admin/store/recycle',
  'accept' => 'text/html,application/xhtml+xml,application/xml;q=0.9,image/avif,image/webp,image/apng,*/*;q=0.8,application/signed-exchange;v=b3;q=0.9',
  'user-agent' => 'Mozilla/5.0 (Macintosh; Intel Mac OS X 10_14_6) AppleWebKit/537.36 (KHTML, like Gecko) Chrome/100.0.4896.88 Safari/537.36',
  'dnt' => '1',
  'upgrade-insecure-requests' => '1',
  'connection' => 'close',
  'host' => 'puzhenshop.feibu.info',
)
[ info ] [ PARAM ] array (
)
[ info ] [ BEHAVIOR ] Run app\common\behavior\App @app_begin [ RunTime:0.000183s ]
[ info ] [ SESSION ] INIT array (
  'id' => '',
  'var_session_id' => '',
  'prefix' => '',
  'type' => '',
  'auto_start' => true,
)
[ info ] [ RUN ] app\admin\controller\Store->index[ E:\UPUPW_ANK_W64\WebRoot\Vhosts\puzhen\2.0.0\source\application\admin\controller\Store.php ]
[ info ] [ DB ] INIT mysql
[ info ] [ CACHE ] INIT File
[ info ] [ VIEW ] E:\UPUPW_ANK_W64\WebRoot\Vhosts\puzhen\2.0.0\web/../source/application/admin\view\store\index.php [ array (
  0 => 'base_url',
  1 => 'admin_url',
  2 => 'group',
  3 => 'menus',
  4 => 'admin',
  5 => 'version',
  6 => 'request',
  7 => 'list',
  8 => 'names',
) ]
[ info ] [ LOG ] INIT File
---------------------------------------------------------------
[ 2022-04-24T18:50:53+08:00 ] 116.22.142.58 GET puzhenshop.feibu.info/index.php?s=/api/page/index&page_id=0&wxapp_id=10001&token=81d6c9d492dac24a0d62c1ca6bb6ee07
[运行时间：0.281825s] [吞吐率：3.55req/s] [内存消耗：3,706.58kb] [文件加载：101]
[ info ] [ LANG ] E:\UPUPW_ANK_W64\WebRoot\Vhosts\puzhen\2.0.0\source\thinkphp\lang\zh-cn.php
[ info ] [ ROUTE ] array (
  'type' => 'module',
  'module' => 
  array (
    0 => 'api',
    1 => 'page',
    2 => 'index',
  ),
)
[ info ] [ HEADER ] array (
  'user-agent' => 'Mozilla/5.0 (iPhone; CPU iPhone OS 15_4_1 like Mac OS X) AppleWebKit/605.1.15 (KHTML, like Gecko) Mobile/15E148 MicroMessenger/8.0.15(0x18000f20) NetType/WIFI Language/zh_CN',
  'accept-encoding' => 'gzip,compress,br,deflate',
  'content-type' => 'application/json',
  'connection' => 'close',
  'host' => 'puzhenshop.feibu.info',
)
[ info ] [ PARAM ] array (
  'page_id' => '0',
  'wxapp_id' => '10001',
  'token' => '81d6c9d492dac24a0d62c1ca6bb6ee07',
)
[ info ] [ BEHAVIOR ] Run app\common\behavior\App @app_begin [ RunTime:0.000589s ]
[ info ] [ DB ] INIT mysql
[ info ] [ RUN ] app\api\controller\Page->index[ E:\UPUPW_ANK_W64\WebRoot\Vhosts\puzhen\2.0.0\source\application\api\controller\Page.php ]
[ info ] [ CACHE ] INIT File
[ info ] [ BEHAVIOR ] Run app\task\behavior\user\Grade @user_grade [ RunTime:0.018284s ]
[ info ] [ BEHAVIOR ] Run app\task\behavior\user\Grade @user_grade [ RunTime:0.018299s ]
[ info ] [ LOG ] INIT File
---------------------------------------------------------------
[ 2022-04-24T18:50:54+08:00 ] 116.22.142.58 GET puzhenshop.feibu.info/index.php?s=/api/category/index&wxapp_id=10001&token=81d6c9d492dac24a0d62c1ca6bb6ee07
[运行时间：0.087359s] [吞吐率：11.45req/s] [内存消耗：2,923.05kb] [文件加载：75]
[ info ] [ LANG ] E:\UPUPW_ANK_W64\WebRoot\Vhosts\puzhen\2.0.0\source\thinkphp\lang\zh-cn.php
[ info ] [ ROUTE ] array (
  'type' => 'module',
  'module' => 
  array (
    0 => 'api',
    1 => 'category',
    2 => 'index',
  ),
)
[ info ] [ HEADER ] array (
  'user-agent' => 'Mozilla/5.0 (iPhone; CPU iPhone OS 15_4_1 like Mac OS X) AppleWebKit/605.1.15 (KHTML, like Gecko) Mobile/15E148 MicroMessenger/8.0.15(0x18000f20) NetType/WIFI Language/zh_CN',
  'accept-encoding' => 'gzip,compress,br,deflate',
  'content-type' => 'application/json',
  'connection' => 'close',
  'host' => 'puzhenshop.feibu.info',
)
[ info ] [ PARAM ] array (
  'wxapp_id' => '10001',
  'token' => '81d6c9d492dac24a0d62c1ca6bb6ee07',
)
[ info ] [ BEHAVIOR ] Run app\common\behavior\App @app_begin [ RunTime:0.000200s ]
[ info ] [ DB ] INIT mysql
[ info ] [ RUN ] app\api\controller\Category->index[ E:\UPUPW_ANK_W64\WebRoot\Vhosts\puzhen\2.0.0\source\application\api\controller\Category.php ]
[ info ] [ CACHE ] INIT File
[ info ] [ LOG ] INIT File
---------------------------------------------------------------
[ 2022-04-24T18:50:55+08:00 ] 116.22.142.58 GET puzhenshop.feibu.info/index.php?s=/api/tea_qrcode/lists&page=1&wxapp_id=10001&token=81d6c9d492dac24a0d62c1ca6bb6ee07
[运行时间：0.317002s] [吞吐率：3.15req/s] [内存消耗：3,386.72kb] [文件加载：91]
[ info ] [ LANG ] E:\UPUPW_ANK_W64\WebRoot\Vhosts\puzhen\2.0.0\source\thinkphp\lang\zh-cn.php
[ info ] [ ROUTE ] array (
  'type' => 'module',
  'module' => 
  array (
    0 => 'api',
    1 => 'tea_qrcode',
    2 => 'lists',
  ),
)
[ info ] [ HEADER ] array (
  'user-agent' => 'Mozilla/5.0 (iPhone; CPU iPhone OS 15_4_1 like Mac OS X) AppleWebKit/605.1.15 (KHTML, like Gecko) Mobile/15E148 MicroMessenger/8.0.15(0x18000f20) NetType/WIFI Language/zh_CN',
  'accept-encoding' => 'gzip,compress,br,deflate',
  'content-type' => 'application/json',
  'connection' => 'close',
  'host' => 'puzhenshop.feibu.info',
)
[ info ] [ PARAM ] array (
  'page' => '1',
  'wxapp_id' => '10001',
  'token' => '81d6c9d492dac24a0d62c1ca6bb6ee07',
)
[ info ] [ BEHAVIOR ] Run app\common\behavior\App @app_begin [ RunTime:0.000203s ]
[ info ] [ DB ] INIT mysql
[ info ] [ RUN ] app\api\controller\TeaQrCode->lists[ E:\UPUPW_ANK_W64\WebRoot\Vhosts\puzhen\2.0.0\source\application\api\controller\TeaQrcode.php ]
[ info ] [ CACHE ] INIT File
[ info ] [ BEHAVIOR ] Run app\task\behavior\user\Grade @user_grade [ RunTime:0.000203s ]
[ info ] [ BEHAVIOR ] Run app\task\behavior\user\Grade @user_grade [ RunTime:0.000296s ]
[ info ] [ LOG ] INIT File
---------------------------------------------------------------
[ 2022-04-24T18:50:56+08:00 ] 116.22.142.58 GET puzhenshop.feibu.info/index.php?s=/api/user.index/detail&wxapp_id=10001&token=81d6c9d492dac24a0d62c1ca6bb6ee07
[运行时间：0.241978s] [吞吐率：4.13req/s] [内存消耗：3,696.12kb] [文件加载：111]
[ info ] [ LANG ] E:\UPUPW_ANK_W64\WebRoot\Vhosts\puzhen\2.0.0\source\thinkphp\lang\zh-cn.php
[ info ] [ ROUTE ] array (
  'type' => 'module',
  'module' => 
  array (
    0 => 'api',
    1 => 'user.index',
    2 => 'detail',
  ),
)
[ info ] [ HEADER ] array (
  'user-agent' => 'Mozilla/5.0 (iPhone; CPU iPhone OS 15_4_1 like Mac OS X) AppleWebKit/605.1.15 (KHTML, like Gecko) Mobile/15E148 MicroMessenger/8.0.15(0x18000f20) NetType/WIFI Language/zh_CN',
  'accept-encoding' => 'gzip,compress,br,deflate',
  'content-type' => 'application/json',
  'connection' => 'close',
  'host' => 'puzhenshop.feibu.info',
)
[ info ] [ PARAM ] array (
  'wxapp_id' => '10001',
  'token' => '81d6c9d492dac24a0d62c1ca6bb6ee07',
)
[ info ] [ BEHAVIOR ] Run app\common\behavior\App @app_begin [ RunTime:0.000201s ]
[ info ] [ DB ] INIT mysql
[ info ] [ RUN ] app\api\controller\user\Index->detail[ E:\UPUPW_ANK_W64\WebRoot\Vhosts\puzhen\2.0.0\source\application\api\controller\user\Index.php ]
[ info ] [ CACHE ] INIT File
[ info ] [ BEHAVIOR ] Run app\task\behavior\user\Grade @user_grade [ RunTime:0.000216s ]
[ info ] [ BEHAVIOR ] Run app\task\behavior\user\Grade @user_grade [ RunTime:0.000231s ]
[ info ] [ BEHAVIOR ] Run app\task\behavior\Order @order [ RunTime:0.000022s ]
[ info ] [ BEHAVIOR ] Run app\task\behavior\Order @order [ RunTime:0.004004s ]
[ info ] [ BEHAVIOR ] Run app\task\behavior\sharp\Order @order [ RunTime:0.026662s ]
[ info ] [ BEHAVIOR ] Run app\task\behavior\Order @order [ RunTime:0.026673s ]
[ info ] [ LOG ] INIT File
---------------------------------------------------------------
[ 2022-04-24T18:50:59+08:00 ] 116.22.142.58 GET puzhenshop.feibu.info/index.php?s=/api/goods/detail&goods_id=10008&wxapp_id=10001&token=81d6c9d492dac24a0d62c1ca6bb6ee07
[运行时间：0.349407s] [吞吐率：2.86req/s] [内存消耗：3,877.89kb] [文件加载：113]
[ info ] [ LANG ] E:\UPUPW_ANK_W64\WebRoot\Vhosts\puzhen\2.0.0\source\thinkphp\lang\zh-cn.php
[ info ] [ ROUTE ] array (
  'type' => 'module',
  'module' => 
  array (
    0 => 'api',
    1 => 'goods',
    2 => 'detail',
  ),
)
[ info ] [ HEADER ] array (
  'user-agent' => 'Mozilla/5.0 (iPhone; CPU iPhone OS 15_4_1 like Mac OS X) AppleWebKit/605.1.15 (KHTML, like Gecko) Mobile/15E148 MicroMessenger/8.0.15(0x18000f20) NetType/WIFI Language/zh_CN',
  'accept-encoding' => 'gzip,compress,br,deflate',
  'content-type' => 'application/json',
  'connection' => 'close',
  'host' => 'puzhenshop.feibu.info',
)
[ info ] [ PARAM ] array (
  'goods_id' => '10008',
  'wxapp_id' => '10001',
  'token' => '81d6c9d492dac24a0d62c1ca6bb6ee07',
)
[ info ] [ BEHAVIOR ] Run app\common\behavior\App @app_begin [ RunTime:0.000301s ]
[ info ] [ DB ] INIT mysql
[ info ] [ RUN ] app\api\controller\Goods->detail[ E:\UPUPW_ANK_W64\WebRoot\Vhosts\puzhen\2.0.0\source\application\api\controller\Goods.php ]
[ info ] [ CACHE ] INIT File
[ info ] [ BEHAVIOR ] Run app\task\behavior\user\Grade @user_grade [ RunTime:0.000168s ]
[ info ] [ BEHAVIOR ] Run app\task\behavior\user\Grade @user_grade [ RunTime:0.000182s ]
[ info ] [ LOG ] INIT File
---------------------------------------------------------------
[ 2022-04-24T18:51:02+08:00 ] 116.22.142.58 GET puzhenshop.feibu.info/index.php?s=/api/tea_qrcode/lists&page=1&wxapp_id=10001&token=81d6c9d492dac24a0d62c1ca6bb6ee07
[运行时间：0.354647s] [吞吐率：2.82req/s] [内存消耗：3,386.72kb] [文件加载：91]
[ info ] [ LANG ] E:\UPUPW_ANK_W64\WebRoot\Vhosts\puzhen\2.0.0\source\thinkphp\lang\zh-cn.php
[ info ] [ ROUTE ] array (
  'type' => 'module',
  'module' => 
  array (
    0 => 'api',
    1 => 'tea_qrcode',
    2 => 'lists',
  ),
)
[ info ] [ HEADER ] array (
  'user-agent' => 'Mozilla/5.0 (iPhone; CPU iPhone OS 15_4_1 like Mac OS X) AppleWebKit/605.1.15 (KHTML, like Gecko) Mobile/15E148 MicroMessenger/8.0.15(0x18000f20) NetType/WIFI Language/zh_CN',
  'accept-encoding' => 'gzip,compress,br,deflate',
  'content-type' => 'application/json',
  'connection' => 'close',
  'host' => 'puzhenshop.feibu.info',
)
[ info ] [ PARAM ] array (
  'page' => '1',
  'wxapp_id' => '10001',
  'token' => '81d6c9d492dac24a0d62c1ca6bb6ee07',
)
[ info ] [ BEHAVIOR ] Run app\common\behavior\App @app_begin [ RunTime:0.000181s ]
[ info ] [ DB ] INIT mysql
[ info ] [ RUN ] app\api\controller\TeaQrCode->lists[ E:\UPUPW_ANK_W64\WebRoot\Vhosts\puzhen\2.0.0\source\application\api\controller\TeaQrcode.php ]
[ info ] [ CACHE ] INIT File
[ info ] [ BEHAVIOR ] Run app\task\behavior\user\Grade @user_grade [ RunTime:0.000174s ]
[ info ] [ BEHAVIOR ] Run app\task\behavior\user\Grade @user_grade [ RunTime:0.000188s ]
[ info ] [ LOG ] INIT File
---------------------------------------------------------------
[ 2022-04-24T18:51:02+08:00 ] 116.22.142.58 GET puzhenshop.feibu.info/index.php?s=/api/tea_qrcode/lists&page=2&wxapp_id=10001&token=81d6c9d492dac24a0d62c1ca6bb6ee07
[运行时间：0.292704s] [吞吐率：3.42req/s] [内存消耗：3,386.28kb] [文件加载：91]
[ info ] [ LANG ] E:\UPUPW_ANK_W64\WebRoot\Vhosts\puzhen\2.0.0\source\thinkphp\lang\zh-cn.php
[ info ] [ ROUTE ] array (
  'type' => 'module',
  'module' => 
  array (
    0 => 'api',
    1 => 'tea_qrcode',
    2 => 'lists',
  ),
)
[ info ] [ HEADER ] array (
  'user-agent' => 'Mozilla/5.0 (iPhone; CPU iPhone OS 15_4_1 like Mac OS X) AppleWebKit/605.1.15 (KHTML, like Gecko) Mobile/15E148 MicroMessenger/8.0.15(0x18000f20) NetType/WIFI Language/zh_CN',
  'accept-encoding' => 'gzip,compress,br,deflate',
  'content-type' => 'application/json',
  'connection' => 'close',
  'host' => 'puzhenshop.feibu.info',
)
[ info ] [ PARAM ] array (
  'page' => '2',
  'wxapp_id' => '10001',
  'token' => '81d6c9d492dac24a0d62c1ca6bb6ee07',
)
[ info ] [ BEHAVIOR ] Run app\common\behavior\App @app_begin [ RunTime:0.000281s ]
[ info ] [ DB ] INIT mysql
[ info ] [ RUN ] app\api\controller\TeaQrCode->lists[ E:\UPUPW_ANK_W64\WebRoot\Vhosts\puzhen\2.0.0\source\application\api\controller\TeaQrcode.php ]
[ info ] [ CACHE ] INIT File
[ info ] [ BEHAVIOR ] Run app\task\behavior\user\Grade @user_grade [ RunTime:0.000141s ]
[ info ] [ BEHAVIOR ] Run app\task\behavior\user\Grade @user_grade [ RunTime:0.000154s ]
[ info ] [ LOG ] INIT File
---------------------------------------------------------------
[ 2022-04-24T18:51:02+08:00 ] 116.22.142.58 GET puzhenshop.feibu.info/index.php?s=/api/tea_qrcode/lists&page=3&wxapp_id=10001&token=81d6c9d492dac24a0d62c1ca6bb6ee07
[运行时间：0.171649s] [吞吐率：5.83req/s] [内存消耗：3,357.36kb] [文件加载：90]
[ info ] [ LANG ] E:\UPUPW_ANK_W64\WebRoot\Vhosts\puzhen\2.0.0\source\thinkphp\lang\zh-cn.php
[ info ] [ ROUTE ] array (
  'type' => 'module',
  'module' => 
  array (
    0 => 'api',
    1 => 'tea_qrcode',
    2 => 'lists',
  ),
)
[ info ] [ HEADER ] array (
  'user-agent' => 'Mozilla/5.0 (iPhone; CPU iPhone OS 15_4_1 like Mac OS X) AppleWebKit/605.1.15 (KHTML, like Gecko) Mobile/15E148 MicroMessenger/8.0.15(0x18000f20) NetType/WIFI Language/zh_CN',
  'accept-encoding' => 'gzip,compress,br,deflate',
  'content-type' => 'application/json',
  'connection' => 'close',
  'host' => 'puzhenshop.feibu.info',
)
[ info ] [ PARAM ] array (
  'page' => '3',
  'wxapp_id' => '10001',
  'token' => '81d6c9d492dac24a0d62c1ca6bb6ee07',
)
[ info ] [ BEHAVIOR ] Run app\common\behavior\App @app_begin [ RunTime:0.000197s ]
[ info ] [ DB ] INIT mysql
[ info ] [ RUN ] app\api\controller\TeaQrCode->lists[ E:\UPUPW_ANK_W64\WebRoot\Vhosts\puzhen\2.0.0\source\application\api\controller\TeaQrcode.php ]
[ info ] [ CACHE ] INIT File
[ info ] [ BEHAVIOR ] Run app\task\behavior\user\Grade @user_grade [ RunTime:0.000176s ]
[ info ] [ BEHAVIOR ] Run app\task\behavior\user\Grade @user_grade [ RunTime:0.000191s ]
[ info ] [ LOG ] INIT File
