---------------------------------------------------------------
[ 2022-06-09T14:33:48+08:00 ] 223.104.64.161 GET puzhenshop.feibu.info/index.php?s=/api/page/banner&wxapp_id=10001&token=001cfafb08f5ea9e687bc92562de9163
[ sql ] [ DB ] CONNECT:[ UseTime:0.018974s ] mysql:host=39.108.144.9;port=3306;dbname=puzhen_shop;charset=utf8
[ sql ] [ SQL ] SHOW COLUMNS FROM `puzhen_wxapp` [ RunTime:0.010546s ]
[ sql ] [ SQL ] SELECT * FROM `puzhen_wxapp` WHERE  `puzhen_wxapp`.`wxapp_id` = '10001'  AND `wxapp_id` = 10001 LIMIT 1 [ RunTime:0.008826s ]
[ sql ] [ SQL ] SHOW COLUMNS FROM `puzhen_banner` [ RunTime:0.009992s ]
[ sql ] [ SQL ] SELECT * FROM `puzhen_banner` WHERE  `puzhen_banner`.`wxapp_id` = '10001' ORDER BY `sort` ASC,`create_time` ASC [ RunTime:0.008608s ]
[ sql ] [ SQL ] SHOW COLUMNS FROM `puzhen_upload_file` [ RunTime:0.009791s ]
[ sql ] [ SQL ] SELECT * FROM `puzhen_upload_file` WHERE  `puzhen_upload_file`.`wxapp_id` = '10001'  AND `file_id` IN (10111,10096) [ RunTime:0.008759s ]
---------------------------------------------------------------
[ 2022-06-09T14:33:49+08:00 ] 223.104.64.161 GET puzhenshop.feibu.info/index.php?s=/api/page/index&page_id=0&wxapp_id=10001&token=001cfafb08f5ea9e687bc92562de9163
[ sql ] [ DB ] CONNECT:[ UseTime:0.016081s ] mysql:host=39.108.144.9;port=3306;dbname=puzhen_shop;charset=utf8
[ sql ] [ SQL ] SHOW COLUMNS FROM `puzhen_wxapp` [ RunTime:0.007539s ]
[ sql ] [ SQL ] SELECT * FROM `puzhen_wxapp` WHERE  `puzhen_wxapp`.`wxapp_id` = '10001'  AND `wxapp_id` = 10001 LIMIT 1 [ RunTime:0.005998s ]
[ sql ] [ SQL ] SHOW COLUMNS FROM `puzhen_user` [ RunTime:0.007609s ]
[ sql ] [ SQL ] SHOW COLUMNS FROM `puzhen_user_address` [ RunTime:0.007445s ]
[ sql ] [ SQL ] SHOW COLUMNS FROM `puzhen_user_grade` [ RunTime:0.007340s ]
[ sql ] [ SQL ] SELECT * FROM `puzhen_user_grade` WHERE  `puzhen_user_grade`.`wxapp_id` = '10001'  AND `status` = 1  AND `is_delete` = 0  AND `wxapp_id` = 10001 ORDER BY `weight` DESC [ RunTime:0.006042s ]
[ sql ] [ SQL ] SELECT * FROM `puzhen_user` WHERE  `puzhen_user`.`wxapp_id` = '10001'  AND `is_delete` = 0  AND `open_id` = 'oolAV5NLCQR098Wr67vnUklYTJq8' LIMIT 1 [ RunTime:0.006157s ]
[ sql ] [ SQL ] SELECT * FROM `puzhen_user_address` WHERE  `puzhen_user_address`.`wxapp_id` = '10001'  AND `user_id` = 10009 [ RunTime:0.005884s ]
[ sql ] [ SQL ] SELECT * FROM `puzhen_user_address` WHERE  `puzhen_user_address`.`wxapp_id` = '10001'  AND `address_id` = 0 [ RunTime:0.005997s ]
[ sql ] [ SQL ] SELECT * FROM `puzhen_user_grade` WHERE  `puzhen_user_grade`.`wxapp_id` = '10001'  AND `grade_id` = 0 [ RunTime:0.005888s ]
[ sql ] [ SQL ] SHOW COLUMNS FROM `puzhen_wxapp_page` [ RunTime:0.007203s ]
[ sql ] [ SQL ] SELECT * FROM `puzhen_wxapp_page` WHERE  `puzhen_wxapp_page`.`wxapp_id` = '10001'  AND `page_type` = 10 LIMIT 1 [ RunTime:0.006036s ]
[ sql ] [ SQL ] SHOW COLUMNS FROM `puzhen_goods_sku` [ RunTime:0.007328s ]
[ sql ] [ SQL ] SHOW COLUMNS FROM `puzhen_category` [ RunTime:0.007038s ]
[ sql ] [ SQL ] SHOW COLUMNS FROM `puzhen_goods` [ RunTime:0.007239s ]
[ sql ] [ SQL ] SELECT COUNT(*) AS tp_count FROM `puzhen_goods` `goods` INNER JOIN `puzhen_factory` `factory` ON `factory`.`factory_id`=`goods`.`factory_id` WHERE  `goods`.`wxapp_id` = '10001'  AND `factory`.`is_delete` = 0  AND `goods`.`is_delete` = 0  AND `goods`.`goods_status` = 10  AND `factory`.`status` = 1 LIMIT 1 [ RunTime:0.006949s ]
[ sql ] [ SQL ] SELECT `goods`.*,(goods.sales_initial + goods.sales_actual) as goods_sales,( SELECT MIN(goods_price) FROM `puzhen_goods_sku` WHERE  `puzhen_goods_sku`.`wxapp_id` = '10001'  AND ( `goods_id` = `goods`.`goods_id` ) ) AS goods_min_price,( SELECT MAX(goods_price) FROM `puzhen_goods_sku` WHERE  `puzhen_goods_sku`.`wxapp_id` = '10001'  AND ( `goods_id` = `goods`.`goods_id` ) ) AS goods_max_price,( SELECT MIN(ref_price) FROM `puzhen_goods_sku` WHERE  `puzhen_goods_sku`.`wxapp_id` = '10001'  AND ( `goods_id` = `goods`.`goods_id` ) ) AS goods_min_ref_price,( SELECT MAX(ref_price) FROM `puzhen_goods_sku` WHERE  `puzhen_goods_sku`.`wxapp_id` = '10001'  AND ( `goods_id` = `goods`.`goods_id` ) ) AS goods_max_ref_price FROM `puzhen_goods` `goods` INNER JOIN `puzhen_factory` `factory` ON `factory`.`factory_id`=`goods`.`factory_id` WHERE  `goods`.`wxapp_id` = '10001'  AND `factory`.`is_delete` = 0  AND `goods`.`is_delete` = 0  AND `goods`.`goods_status` = 10  AND `factory`.`status` = 1 ORDER BY `goods`.`goods_sort`,`goods`.`goods_id` DESC LIMIT 0,6 [ RunTime:0.008438s ]
[ sql ] [ SQL ] SELECT * FROM `puzhen_category` WHERE  `puzhen_category`.`wxapp_id` = '10001'  AND `category_id` IN (10014,10004,10015) [ RunTime:0.005937s ]
[ sql ] [ SQL ] SHOW COLUMNS FROM `puzhen_goods_image` [ RunTime:0.007253s ]
[ sql ] [ SQL ] SELECT * FROM `puzhen_goods_image` WHERE  `puzhen_goods_image`.`wxapp_id` = '10001'  AND `goods_id` IN (10011,10044,10038,10037,10010,10009) ORDER BY `id` ASC [ RunTime:0.006045s ]
[ sql ] [ SQL ] SHOW COLUMNS FROM `puzhen_upload_file` [ RunTime:0.007271s ]
[ sql ] [ SQL ] SELECT * FROM `puzhen_upload_file` WHERE  `puzhen_upload_file`.`wxapp_id` = '10001'  AND `file_id` IN (10010,10005,10094,10095,10114,10115,10116,10117) [ RunTime:0.006120s ]
[ sql ] [ SQL ] SELECT * FROM `puzhen_goods_sku` WHERE  `puzhen_goods_sku`.`wxapp_id` = '10001'  AND `goods_id` IN (10011,10044,10038,10037,10010,10009) ORDER BY `goods_sku_id` ASC [ RunTime:0.006105s ]
[ sql ] [ SQL ] SHOW COLUMNS FROM `puzhen_collection` [ RunTime:0.007892s ]
[ sql ] [ SQL ] SELECT `collection_id` FROM `puzhen_collection` WHERE  `puzhen_collection`.`wxapp_id` = '10001'  AND `user_id` = 10009  AND `collectionable_type` = 'Goods'  AND `collectionable_id` = 10011 LIMIT 1 [ RunTime:0.006016s ]
[ sql ] [ SQL ] SELECT `collection_id` FROM `puzhen_collection` WHERE  `puzhen_collection`.`wxapp_id` = '10001'  AND `user_id` = 10009  AND `collectionable_type` = 'Goods'  AND `collectionable_id` = 10044 LIMIT 1 [ RunTime:0.005987s ]
[ sql ] [ SQL ] SELECT `collection_id` FROM `puzhen_collection` WHERE  `puzhen_collection`.`wxapp_id` = '10001'  AND `user_id` = 10009  AND `collectionable_type` = 'Goods'  AND `collectionable_id` = 10038 LIMIT 1 [ RunTime:0.005946s ]
[ sql ] [ SQL ] SELECT `collection_id` FROM `puzhen_collection` WHERE  `puzhen_collection`.`wxapp_id` = '10001'  AND `user_id` = 10009  AND `collectionable_type` = 'Goods'  AND `collectionable_id` = 10037 LIMIT 1 [ RunTime:0.005894s ]
[ sql ] [ SQL ] SELECT `collection_id` FROM `puzhen_collection` WHERE  `puzhen_collection`.`wxapp_id` = '10001'  AND `user_id` = 10009  AND `collectionable_type` = 'Goods'  AND `collectionable_id` = 10010 LIMIT 1 [ RunTime:0.005986s ]
[ sql ] [ SQL ] SELECT `collection_id` FROM `puzhen_collection` WHERE  `puzhen_collection`.`wxapp_id` = '10001'  AND `user_id` = 10009  AND `collectionable_type` = 'Goods'  AND `collectionable_id` = 10009 LIMIT 1 [ RunTime:0.005940s ]
---------------------------------------------------------------
[ 2022-06-09T14:33:51+08:00 ] 223.104.64.161 GET puzhenshop.feibu.info/index.php?s=/api/category/index&wxapp_id=10001&token=001cfafb08f5ea9e687bc92562de9163
[ sql ] [ DB ] CONNECT:[ UseTime:0.019584s ] mysql:host=39.108.144.9;port=3306;dbname=puzhen_shop;charset=utf8
[ sql ] [ SQL ] SHOW COLUMNS FROM `puzhen_wxapp` [ RunTime:0.010303s ]
[ sql ] [ SQL ] SELECT * FROM `puzhen_wxapp` WHERE  `puzhen_wxapp`.`wxapp_id` = '10001'  AND `wxapp_id` = 10001 LIMIT 1 [ RunTime:0.009157s ]
[ sql ] [ SQL ] SHOW COLUMNS FROM `puzhen_wxapp_category` [ RunTime:0.010476s ]
[ sql ] [ SQL ] SELECT * FROM `puzhen_wxapp_category` WHERE  `puzhen_wxapp_category`.`wxapp_id` = '10001' LIMIT 1 [ RunTime:0.009136s ]
---------------------------------------------------------------
[ 2022-06-09T14:33:53+08:00 ] 223.104.64.161 GET puzhenshop.feibu.info/index.php?s=/api/distributor/lists&page=1&latitude=23.131592881944446&longitude=113.04923828125&wxapp_id=10001&token=001cfafb08f5ea9e687bc92562de9163
[ sql ] [ DB ] CONNECT:[ UseTime:0.018980s ] mysql:host=39.108.144.9;port=3306;dbname=puzhen_shop;charset=utf8
[ sql ] [ SQL ] SHOW COLUMNS FROM `puzhen_wxapp` [ RunTime:0.009663s ]
[ sql ] [ SQL ] SELECT * FROM `puzhen_wxapp` WHERE  `puzhen_wxapp`.`wxapp_id` = '10001'  AND `wxapp_id` = 10001 LIMIT 1 [ RunTime:0.008420s ]
[ sql ] [ SQL ] SHOW COLUMNS FROM `puzhen_distributor` [ RunTime:0.010035s ]
[ sql ] [ SQL ] SELECT COUNT(*) AS tp_count FROM `puzhen_distributor` WHERE  `puzhen_distributor`.`wxapp_id` = '10001'  AND `is_delete` = 0 LIMIT 1 [ RunTime:0.008231s ]
[ sql ] [ SQL ] SELECT *,ROUND(  
                    6371.393 * 2 * ASIN(  
                        SQRT(  
                            POW(  
                                SIN(  
                                    (  
                                        23.131592881944446 * 3.1415926 / 180 - latitude * PI() / 180  
                                    ) / 2  
                                ),  
                                2  
                            ) + COS(23.131592881944446 * 3.1415926 / 180) * COS(latitude * PI() / 180) * POW(  
                                SIN(  
                                    (  
                                        113.04923828125 * 3.1415926 / 180 - longitude * PI() / 180  
                                    ) / 2  
                                ),  
                                2  
                            )  
                        )  
                    ) * 1000  
                ) AS distance FROM `puzhen_distributor` WHERE  `puzhen_distributor`.`wxapp_id` = '10001'  AND `is_delete` = 0 ORDER BY `distance` ASC,`sort` ASC,`create_time` DESC LIMIT 0,15 [ RunTime:0.008980s ]
[ sql ] [ SQL ] SHOW COLUMNS FROM `puzhen_upload_file` [ RunTime:0.010070s ]
[ sql ] [ SQL ] SELECT * FROM `puzhen_upload_file` WHERE  `puzhen_upload_file`.`wxapp_id` = '10001'  AND `file_id` IN (10010,10093) [ RunTime:0.008325s ]
---------------------------------------------------------------
[ 2022-06-09T14:33:53+08:00 ] 223.104.64.161 GET puzhenshop.feibu.info/index.php?s=/api/user.index/detail&wxapp_id=10001&token=001cfafb08f5ea9e687bc92562de9163
[ sql ] [ DB ] CONNECT:[ UseTime:0.018790s ] mysql:host=39.108.144.9;port=3306;dbname=puzhen_shop;charset=utf8
[ sql ] [ SQL ] SHOW COLUMNS FROM `puzhen_wxapp` [ RunTime:0.009619s ]
[ sql ] [ SQL ] SELECT * FROM `puzhen_wxapp` WHERE  `puzhen_wxapp`.`wxapp_id` = '10001'  AND `wxapp_id` = 10001 LIMIT 1 [ RunTime:0.008360s ]
[ sql ] [ SQL ] SHOW COLUMNS FROM `puzhen_user` [ RunTime:0.009597s ]
[ sql ] [ SQL ] SHOW COLUMNS FROM `puzhen_user_address` [ RunTime:0.009803s ]
[ sql ] [ SQL ] SHOW COLUMNS FROM `puzhen_user_grade` [ RunTime:0.009557s ]
[ sql ] [ SQL ] SELECT * FROM `puzhen_user` WHERE  `puzhen_user`.`wxapp_id` = '10001'  AND `is_delete` = 0  AND `open_id` = 'oolAV5NLCQR098Wr67vnUklYTJq8' LIMIT 1 [ RunTime:0.008510s ]
[ sql ] [ SQL ] SELECT * FROM `puzhen_user_address` WHERE  `puzhen_user_address`.`wxapp_id` = '10001'  AND `user_id` = 10009 [ RunTime:0.008311s ]
[ sql ] [ SQL ] SELECT * FROM `puzhen_user_address` WHERE  `puzhen_user_address`.`wxapp_id` = '10001'  AND `address_id` = 0 [ RunTime:0.008321s ]
[ sql ] [ SQL ] SELECT * FROM `puzhen_user_grade` WHERE  `puzhen_user_grade`.`wxapp_id` = '10001'  AND `grade_id` = 0 [ RunTime:0.008310s ]
[ sql ] [ SQL ] SHOW COLUMNS FROM `puzhen_order` [ RunTime:0.010048s ]
[ sql ] [ SQL ] SELECT * FROM `puzhen_order` WHERE  ( `puzhen_order`.`wxapp_id` = '10001' AND `puzhen_order`.`wxapp_id` = '10001' )  AND `pay_status` = 10  AND `order_status` = 10  AND `create_time` <= 1654497233  AND `is_delete` = 0 [ RunTime:0.008487s ]
[ sql ] [ SQL ] SELECT `order_id` FROM `puzhen_order` WHERE  `puzhen_order`.`wxapp_id` = '10001'  AND `pay_status` = 20  AND `delivery_status` = 20  AND `receipt_status` = 10  AND `delivery_time` <= 1653892433 [ RunTime:0.008204s ]
[ sql ] [ SQL ] SELECT * FROM `puzhen_order` WHERE  `puzhen_order`.`wxapp_id` = '10001'  AND `order_status` = 30  AND `receipt_time` <= 1654151633  AND `is_settled` = 0  AND `is_delete` = 0 [ RunTime:0.008840s ]
[ sql ] [ SQL ] SHOW COLUMNS FROM `puzhen_sharp_setting` [ RunTime:0.009925s ]
[ sql ] [ SQL ] SELECT * FROM `puzhen_sharp_setting` WHERE  `puzhen_sharp_setting`.`wxapp_id` = '10001' [ RunTime:0.008323s ]
[ sql ] [ SQL ] SELECT * FROM `puzhen_order` WHERE  `puzhen_order`.`wxapp_id` = '10001'  AND `order_source` = 30  AND `pay_status` = 10  AND `order_status` = 10  AND `create_time` <= 1654755833  AND `is_delete` = 0 [ RunTime:0.008607s ]
[ sql ] [ SQL ] SELECT COUNT(*) AS tp_count FROM `puzhen_order` WHERE  `puzhen_order`.`wxapp_id` = '10001'  AND `user_id` = 10009  AND `order_status` <> 20  AND `pay_status` = 10  AND `is_delete` = 0 LIMIT 1 [ RunTime:0.008313s ]
[ sql ] [ SQL ] SELECT COUNT(*) AS tp_count FROM `puzhen_order` WHERE  `puzhen_order`.`wxapp_id` = '10001'  AND `user_id` = 10009  AND `order_status` <> 20  AND `pay_status` = 20  AND `delivery_status` = 20  AND `receipt_status` = 10  AND `is_delete` = 0 LIMIT 1 [ RunTime:0.008386s ]
[ sql ] [ SQL ] SELECT COUNT(*) AS tp_count FROM `puzhen_order` WHERE  `puzhen_order`.`wxapp_id` = '10001'  AND `user_id` = 10009  AND ( `order_status` <> 20 AND `order_status` = 30 )  AND `is_comment` = 0  AND `is_delete` = 0 LIMIT 1 [ RunTime:0.008377s ]
---------------------------------------------------------------
[ 2022-06-09T14:34:00+08:00 ] 223.104.64.161 GET puzhenshop.feibu.info/index.php?s=/api/page/index&page_id=0&wxapp_id=10001&token=001cfafb08f5ea9e687bc92562de9163
[ sql ] [ DB ] CONNECT:[ UseTime:0.012135s ] mysql:host=39.108.144.9;port=3306;dbname=puzhen_shop;charset=utf8
[ sql ] [ SQL ] SHOW COLUMNS FROM `puzhen_wxapp` [ RunTime:0.009305s ]
[ sql ] [ SQL ] SELECT * FROM `puzhen_wxapp` WHERE  `puzhen_wxapp`.`wxapp_id` = '10001'  AND `wxapp_id` = 10001 LIMIT 1 [ RunTime:0.008029s ]
[ sql ] [ SQL ] SHOW COLUMNS FROM `puzhen_user` [ RunTime:0.009823s ]
[ sql ] [ SQL ] SHOW COLUMNS FROM `puzhen_user_address` [ RunTime:0.009352s ]
[ sql ] [ SQL ] SHOW COLUMNS FROM `puzhen_user_grade` [ RunTime:0.009810s ]
[ sql ] [ SQL ] SELECT * FROM `puzhen_user` WHERE  `puzhen_user`.`wxapp_id` = '10001'  AND `is_delete` = 0  AND `open_id` = 'oolAV5NLCQR098Wr67vnUklYTJq8' LIMIT 1 [ RunTime:0.008234s ]
[ sql ] [ SQL ] SELECT * FROM `puzhen_user_address` WHERE  `puzhen_user_address`.`wxapp_id` = '10001'  AND `user_id` = 10009 [ RunTime:0.008176s ]
[ sql ] [ SQL ] SELECT * FROM `puzhen_user_address` WHERE  `puzhen_user_address`.`wxapp_id` = '10001'  AND `address_id` = 0 [ RunTime:0.007993s ]
[ sql ] [ SQL ] SELECT * FROM `puzhen_user_grade` WHERE  `puzhen_user_grade`.`wxapp_id` = '10001'  AND `grade_id` = 0 [ RunTime:0.007922s ]
[ sql ] [ SQL ] SHOW COLUMNS FROM `puzhen_wxapp_page` [ RunTime:0.009139s ]
[ sql ] [ SQL ] SELECT * FROM `puzhen_wxapp_page` WHERE  `puzhen_wxapp_page`.`wxapp_id` = '10001'  AND `page_type` = 10 LIMIT 1 [ RunTime:0.007907s ]
[ sql ] [ SQL ] SHOW COLUMNS FROM `puzhen_goods_sku` [ RunTime:0.009160s ]
[ sql ] [ SQL ] SHOW COLUMNS FROM `puzhen_category` [ RunTime:0.009090s ]
[ sql ] [ SQL ] SHOW COLUMNS FROM `puzhen_goods` [ RunTime:0.008996s ]
[ sql ] [ SQL ] SELECT COUNT(*) AS tp_count FROM `puzhen_goods` `goods` INNER JOIN `puzhen_factory` `factory` ON `factory`.`factory_id`=`goods`.`factory_id` WHERE  `goods`.`wxapp_id` = '10001'  AND `factory`.`is_delete` = 0  AND `goods`.`is_delete` = 0  AND `goods`.`goods_status` = 10  AND `factory`.`status` = 1 LIMIT 1 [ RunTime:0.009004s ]
[ sql ] [ SQL ] SELECT `goods`.*,(goods.sales_initial + goods.sales_actual) as goods_sales,( SELECT MIN(goods_price) FROM `puzhen_goods_sku` WHERE  `puzhen_goods_sku`.`wxapp_id` = '10001'  AND ( `goods_id` = `goods`.`goods_id` ) ) AS goods_min_price,( SELECT MAX(goods_price) FROM `puzhen_goods_sku` WHERE  `puzhen_goods_sku`.`wxapp_id` = '10001'  AND ( `goods_id` = `goods`.`goods_id` ) ) AS goods_max_price,( SELECT MIN(ref_price) FROM `puzhen_goods_sku` WHERE  `puzhen_goods_sku`.`wxapp_id` = '10001'  AND ( `goods_id` = `goods`.`goods_id` ) ) AS goods_min_ref_price,( SELECT MAX(ref_price) FROM `puzhen_goods_sku` WHERE  `puzhen_goods_sku`.`wxapp_id` = '10001'  AND ( `goods_id` = `goods`.`goods_id` ) ) AS goods_max_ref_price FROM `puzhen_goods` `goods` INNER JOIN `puzhen_factory` `factory` ON `factory`.`factory_id`=`goods`.`factory_id` WHERE  `goods`.`wxapp_id` = '10001'  AND `factory`.`is_delete` = 0  AND `goods`.`is_delete` = 0  AND `goods`.`goods_status` = 10  AND `factory`.`status` = 1 ORDER BY `goods`.`goods_sort`,`goods`.`goods_id` DESC LIMIT 0,6 [ RunTime:0.010683s ]
[ sql ] [ SQL ] SELECT * FROM `puzhen_category` WHERE  `puzhen_category`.`wxapp_id` = '10001'  AND `category_id` IN (10014,10004,10015) [ RunTime:0.007952s ]
[ sql ] [ SQL ] SHOW COLUMNS FROM `puzhen_goods_image` [ RunTime:0.009116s ]
[ sql ] [ SQL ] SELECT * FROM `puzhen_goods_image` WHERE  `puzhen_goods_image`.`wxapp_id` = '10001'  AND `goods_id` IN (10011,10044,10038,10037,10010,10009) ORDER BY `id` ASC [ RunTime:0.007855s ]
[ sql ] [ SQL ] SHOW COLUMNS FROM `puzhen_upload_file` [ RunTime:0.009225s ]
[ sql ] [ SQL ] SELECT * FROM `puzhen_upload_file` WHERE  `puzhen_upload_file`.`wxapp_id` = '10001'  AND `file_id` IN (10010,10005,10094,10095,10114,10115,10116,10117) [ RunTime:0.007957s ]
[ sql ] [ SQL ] SELECT * FROM `puzhen_goods_sku` WHERE  `puzhen_goods_sku`.`wxapp_id` = '10001'  AND `goods_id` IN (10011,10044,10038,10037,10010,10009) ORDER BY `goods_sku_id` ASC [ RunTime:0.007967s ]
[ sql ] [ SQL ] SHOW COLUMNS FROM `puzhen_collection` [ RunTime:0.008973s ]
[ sql ] [ SQL ] SELECT `collection_id` FROM `puzhen_collection` WHERE  `puzhen_collection`.`wxapp_id` = '10001'  AND `user_id` = 10009  AND `collectionable_type` = 'Goods'  AND `collectionable_id` = 10011 LIMIT 1 [ RunTime:0.007794s ]
[ sql ] [ SQL ] SELECT `collection_id` FROM `puzhen_collection` WHERE  `puzhen_collection`.`wxapp_id` = '10001'  AND `user_id` = 10009  AND `collectionable_type` = 'Goods'  AND `collectionable_id` = 10044 LIMIT 1 [ RunTime:0.007756s ]
[ sql ] [ SQL ] SELECT `collection_id` FROM `puzhen_collection` WHERE  `puzhen_collection`.`wxapp_id` = '10001'  AND `user_id` = 10009  AND `collectionable_type` = 'Goods'  AND `collectionable_id` = 10038 LIMIT 1 [ RunTime:0.007790s ]
[ sql ] [ SQL ] SELECT `collection_id` FROM `puzhen_collection` WHERE  `puzhen_collection`.`wxapp_id` = '10001'  AND `user_id` = 10009  AND `collectionable_type` = 'Goods'  AND `collectionable_id` = 10037 LIMIT 1 [ RunTime:0.008025s ]
[ sql ] [ SQL ] SELECT `collection_id` FROM `puzhen_collection` WHERE  `puzhen_collection`.`wxapp_id` = '10001'  AND `user_id` = 10009  AND `collectionable_type` = 'Goods'  AND `collectionable_id` = 10010 LIMIT 1 [ RunTime:0.008009s ]
[ sql ] [ SQL ] SELECT `collection_id` FROM `puzhen_collection` WHERE  `puzhen_collection`.`wxapp_id` = '10001'  AND `user_id` = 10009  AND `collectionable_type` = 'Goods'  AND `collectionable_id` = 10009 LIMIT 1 [ RunTime:0.007806s ]
---------------------------------------------------------------
[ 2022-06-09T14:34:06+08:00 ] 223.104.64.161 GET puzhenshop.feibu.info/index.php?s=/api/goods/detail&goods_id=10044&wxapp_id=10001&token=001cfafb08f5ea9e687bc92562de9163
[ sql ] [ DB ] CONNECT:[ UseTime:0.019097s ] mysql:host=39.108.144.9;port=3306;dbname=puzhen_shop;charset=utf8
[ sql ] [ SQL ] SHOW COLUMNS FROM `puzhen_wxapp` [ RunTime:0.009858s ]
[ sql ] [ SQL ] SELECT * FROM `puzhen_wxapp` WHERE  `puzhen_wxapp`.`wxapp_id` = '10001'  AND `wxapp_id` = 10001 LIMIT 1 [ RunTime:0.008660s ]
[ sql ] [ SQL ] SHOW COLUMNS FROM `puzhen_user` [ RunTime:0.010274s ]
[ sql ] [ SQL ] SHOW COLUMNS FROM `puzhen_user_address` [ RunTime:0.010132s ]
[ sql ] [ SQL ] SHOW COLUMNS FROM `puzhen_user_grade` [ RunTime:0.009763s ]
[ sql ] [ SQL ] SELECT * FROM `puzhen_user` WHERE  `puzhen_user`.`wxapp_id` = '10001'  AND `is_delete` = 0  AND `open_id` = 'oolAV5NLCQR098Wr67vnUklYTJq8' LIMIT 1 [ RunTime:0.008713s ]
[ sql ] [ SQL ] SELECT * FROM `puzhen_user_address` WHERE  `puzhen_user_address`.`wxapp_id` = '10001'  AND `user_id` = 10009 [ RunTime:0.008787s ]
[ sql ] [ SQL ] SELECT * FROM `puzhen_user_address` WHERE  `puzhen_user_address`.`wxapp_id` = '10001'  AND `address_id` = 0 [ RunTime:0.008539s ]
[ sql ] [ SQL ] SELECT * FROM `puzhen_user_grade` WHERE  `puzhen_user_grade`.`wxapp_id` = '10001'  AND `grade_id` = 0 [ RunTime:0.008463s ]
[ sql ] [ SQL ] SELECT * FROM `puzhen_user` WHERE  `puzhen_user`.`wxapp_id` = '10001'  AND `is_delete` = 0  AND `open_id` = 'oolAV5NLCQR098Wr67vnUklYTJq8' LIMIT 1 [ RunTime:0.008766s ]
[ sql ] [ SQL ] SELECT * FROM `puzhen_user_address` WHERE  `puzhen_user_address`.`wxapp_id` = '10001'  AND `user_id` = 10009 [ RunTime:0.008642s ]
[ sql ] [ SQL ] SELECT * FROM `puzhen_user_address` WHERE  `puzhen_user_address`.`wxapp_id` = '10001'  AND `address_id` = 0 [ RunTime:0.008594s ]
[ sql ] [ SQL ] SELECT * FROM `puzhen_user_grade` WHERE  `puzhen_user_grade`.`wxapp_id` = '10001'  AND `grade_id` = 0 [ RunTime:0.008573s ]
[ sql ] [ SQL ] SHOW COLUMNS FROM `puzhen_category` [ RunTime:0.009762s ]
[ sql ] [ SQL ] SHOW COLUMNS FROM `puzhen_goods` [ RunTime:0.010037s ]
[ sql ] [ SQL ] SHOW COLUMNS FROM `puzhen_delivery` [ RunTime:0.010480s ]
[ sql ] [ SQL ] SHOW COLUMNS FROM `puzhen_comment` [ RunTime:0.009961s ]
[ sql ] [ SQL ] SELECT *,(SELECT COUNT(*) AS tp_count FROM `puzhen_comment` WHERE  `puzhen_comment`.`wxapp_id` = '10001'  AND `is_delete` = 0  AND `status` = 1  AND ( `goods_id` =puzhen_goods.goods_id ) LIMIT 1) AS `comment_data_count` FROM `puzhen_goods` WHERE  ( `puzhen_goods`.`wxapp_id` = '10001' AND `puzhen_goods`.`wxapp_id` = '10001' )  AND `goods_id` = 10044 LIMIT 1 [ RunTime:0.009223s ]
[ sql ] [ SQL ] SELECT * FROM `puzhen_category` WHERE  `puzhen_category`.`wxapp_id` = '10001'  AND `category_id` = 10004 [ RunTime:0.008596s ]
[ sql ] [ SQL ] SHOW COLUMNS FROM `puzhen_tea_qrcode` [ RunTime:0.010084s ]
[ sql ] [ SQL ] SHOW COLUMNS FROM `puzhen_goods_tea_qrcode` [ RunTime:0.009901s ]
[ sql ] [ SQL ] SELECT * FROM `puzhen_goods_tea_qrcode` WHERE  `puzhen_goods_tea_qrcode`.`wxapp_id` = '10001'  AND `goods_id` = 10044 [ RunTime:0.008694s ]
[ sql ] [ SQL ] SHOW COLUMNS FROM `puzhen_goods_image` [ RunTime:0.009874s ]
[ sql ] [ SQL ] SELECT * FROM `puzhen_goods_image` WHERE  `puzhen_goods_image`.`wxapp_id` = '10001'  AND `goods_id` = 10044 ORDER BY `id` ASC [ RunTime:0.008576s ]
[ sql ] [ SQL ] SHOW COLUMNS FROM `puzhen_upload_file` [ RunTime:0.009963s ]
[ sql ] [ SQL ] SELECT * FROM `puzhen_upload_file` WHERE  `puzhen_upload_file`.`wxapp_id` = '10001'  AND `file_id` IN (10114,10115,10116,10117) [ RunTime:0.008623s ]
[ sql ] [ SQL ] SHOW COLUMNS FROM `puzhen_goods_sku` [ RunTime:0.010000s ]
[ sql ] [ SQL ] SELECT * FROM `puzhen_goods_sku` WHERE  `puzhen_goods_sku`.`wxapp_id` = '10001'  AND `goods_id` = 10044 ORDER BY `goods_sku_id` ASC [ RunTime:0.008661s ]
[ sql ] [ SQL ] SELECT * FROM `puzhen_upload_file` WHERE  `puzhen_upload_file`.`wxapp_id` = '10001'  AND `file_id` IN (0) [ RunTime:0.008533s ]
[ sql ] [ SQL ] SHOW COLUMNS FROM `puzhen_spec_value` [ RunTime:0.009961s ]
[ sql ] [ SQL ] SHOW COLUMNS FROM `puzhen_goods_spec_rel` [ RunTime:0.009736s ]
[ sql ] [ SQL ] SHOW COLUMNS FROM `puzhen_spec` [ RunTime:0.009656s ]
[ sql ] [ SQL ] SELECT `puzhen_spec_value`.*,pivot.id AS pivot__id,pivot.goods_id AS pivot__goods_id,pivot.spec_id AS pivot__spec_id,pivot.spec_value_id AS pivot__spec_value_id,pivot.factory_id AS pivot__factory_id,pivot.wxapp_id AS pivot__wxapp_id,pivot.create_time AS pivot__create_time FROM `puzhen_spec_value` INNER JOIN `puzhen_goods_spec_rel` `pivot` ON `pivot`.`spec_value_id`=`puzhen_spec_value`.`spec_value_id` WHERE  `puzhen_spec_value`.`wxapp_id` = '10001'  AND `pivot`.`goods_id` = 10044 ORDER BY `id` ASC [ RunTime:0.008600s ]
[ sql ] [ SQL ] SELECT * FROM `puzhen_delivery` WHERE  `puzhen_delivery`.`wxapp_id` = '10001'  AND `delivery_id` = 10001 [ RunTime:0.008624s ]
[ sql ] [ SQL ] SHOW COLUMNS FROM `puzhen_delivery_rule` [ RunTime:0.009987s ]
[ sql ] [ SQL ] SELECT * FROM `puzhen_delivery_rule` WHERE  `puzhen_delivery_rule`.`wxapp_id` = '10001'  AND `delivery_id` IN (10001) [ RunTime:0.008654s ]
[ sql ] [ SQL ] SELECT * FROM `puzhen_comment` WHERE  `puzhen_comment`.`wxapp_id` = '10001'  AND `is_delete` = 0  AND `status` = 1  AND `goods_id` = 10044 LIMIT 2 [ RunTime:0.008621s ]
[ sql ] [ SQL ] SHOW COLUMNS FROM `puzhen_collection` [ RunTime:0.009881s ]
[ sql ] [ SQL ] SELECT `collection_id` FROM `puzhen_collection` WHERE  `puzhen_collection`.`wxapp_id` = '10001'  AND `user_id` = 10009  AND `collectionable_type` = 'Goods'  AND `collectionable_id` = 10044 LIMIT 1 [ RunTime:0.008557s ]
---------------------------------------------------------------
[ 2022-06-09T14:37:27+08:00 ] 223.104.194.142 GET puzhenshop.feibu.info/index.php?s=/api/page/index&page_id=0&wxapp_id=10001&token=
[ sql ] [ DB ] CONNECT:[ UseTime:0.010221s ] mysql:host=39.108.144.9;port=3306;dbname=puzhen_shop;charset=utf8
[ sql ] [ SQL ] SHOW COLUMNS FROM `puzhen_wxapp` [ RunTime:0.007924s ]
[ sql ] [ SQL ] SELECT * FROM `puzhen_wxapp` WHERE  `puzhen_wxapp`.`wxapp_id` = '10001'  AND `wxapp_id` = 10001 LIMIT 1 [ RunTime:0.006492s ]
[ sql ] [ SQL ] SHOW COLUMNS FROM `puzhen_wxapp_page` [ RunTime:0.007923s ]
[ sql ] [ SQL ] SELECT * FROM `puzhen_wxapp_page` WHERE  `puzhen_wxapp_page`.`wxapp_id` = '10001'  AND `page_type` = 10 LIMIT 1 [ RunTime:0.006577s ]
[ sql ] [ SQL ] SHOW COLUMNS FROM `puzhen_goods_sku` [ RunTime:0.007878s ]
[ sql ] [ SQL ] SHOW COLUMNS FROM `puzhen_category` [ RunTime:0.007897s ]
[ sql ] [ SQL ] SHOW COLUMNS FROM `puzhen_goods` [ RunTime:0.007792s ]
[ sql ] [ SQL ] SELECT COUNT(*) AS tp_count FROM `puzhen_goods` `goods` INNER JOIN `puzhen_factory` `factory` ON `factory`.`factory_id`=`goods`.`factory_id` WHERE  `goods`.`wxapp_id` = '10001'  AND `factory`.`is_delete` = 0  AND `goods`.`is_delete` = 0  AND `goods`.`goods_status` = 10  AND `factory`.`status` = 1 LIMIT 1 [ RunTime:0.007436s ]
[ sql ] [ SQL ] SELECT `goods`.*,(goods.sales_initial + goods.sales_actual) as goods_sales,( SELECT MIN(goods_price) FROM `puzhen_goods_sku` WHERE  `puzhen_goods_sku`.`wxapp_id` = '10001'  AND ( `goods_id` = `goods`.`goods_id` ) ) AS goods_min_price,( SELECT MAX(goods_price) FROM `puzhen_goods_sku` WHERE  `puzhen_goods_sku`.`wxapp_id` = '10001'  AND ( `goods_id` = `goods`.`goods_id` ) ) AS goods_max_price,( SELECT MIN(ref_price) FROM `puzhen_goods_sku` WHERE  `puzhen_goods_sku`.`wxapp_id` = '10001'  AND ( `goods_id` = `goods`.`goods_id` ) ) AS goods_min_ref_price,( SELECT MAX(ref_price) FROM `puzhen_goods_sku` WHERE  `puzhen_goods_sku`.`wxapp_id` = '10001'  AND ( `goods_id` = `goods`.`goods_id` ) ) AS goods_max_ref_price FROM `puzhen_goods` `goods` INNER JOIN `puzhen_factory` `factory` ON `factory`.`factory_id`=`goods`.`factory_id` WHERE  `goods`.`wxapp_id` = '10001'  AND `factory`.`is_delete` = 0  AND `goods`.`is_delete` = 0  AND `goods`.`goods_status` = 10  AND `factory`.`status` = 1 ORDER BY `goods`.`goods_sort`,`goods`.`goods_id` DESC LIMIT 0,6 [ RunTime:0.009220s ]
[ sql ] [ SQL ] SELECT * FROM `puzhen_category` WHERE  `puzhen_category`.`wxapp_id` = '10001'  AND `category_id` IN (10014,10004,10015) [ RunTime:0.006488s ]
[ sql ] [ SQL ] SHOW COLUMNS FROM `puzhen_goods_image` [ RunTime:0.007776s ]
[ sql ] [ SQL ] SELECT * FROM `puzhen_goods_image` WHERE  `puzhen_goods_image`.`wxapp_id` = '10001'  AND `goods_id` IN (10011,10044,10038,10037,10010,10009) ORDER BY `id` ASC [ RunTime:0.006436s ]
[ sql ] [ SQL ] SHOW COLUMNS FROM `puzhen_upload_file` [ RunTime:0.007761s ]
[ sql ] [ SQL ] SELECT * FROM `puzhen_upload_file` WHERE  `puzhen_upload_file`.`wxapp_id` = '10001'  AND `file_id` IN (10010,10005,10094,10095,10114,10115,10116,10117) [ RunTime:0.006647s ]
[ sql ] [ SQL ] SELECT * FROM `puzhen_goods_sku` WHERE  `puzhen_goods_sku`.`wxapp_id` = '10001'  AND `goods_id` IN (10011,10044,10038,10037,10010,10009) ORDER BY `goods_sku_id` ASC [ RunTime:0.006625s ]
---------------------------------------------------------------
[ 2022-06-09T14:37:27+08:00 ] 223.104.194.142 GET puzhenshop.feibu.info/index.php?s=/api/page/banner&wxapp_id=10001&token=
[ sql ] [ DB ] CONNECT:[ UseTime:0.010689s ] mysql:host=39.108.144.9;port=3306;dbname=puzhen_shop;charset=utf8
[ sql ] [ SQL ] SHOW COLUMNS FROM `puzhen_wxapp` [ RunTime:0.008594s ]
[ sql ] [ SQL ] SELECT * FROM `puzhen_wxapp` WHERE  `puzhen_wxapp`.`wxapp_id` = '10001'  AND `wxapp_id` = 10001 LIMIT 1 [ RunTime:0.007138s ]
[ sql ] [ SQL ] SHOW COLUMNS FROM `puzhen_banner` [ RunTime:0.008827s ]
[ sql ] [ SQL ] SELECT * FROM `puzhen_banner` WHERE  `puzhen_banner`.`wxapp_id` = '10001' ORDER BY `sort` ASC,`create_time` ASC [ RunTime:0.007234s ]
[ sql ] [ SQL ] SHOW COLUMNS FROM `puzhen_upload_file` [ RunTime:0.008541s ]
[ sql ] [ SQL ] SELECT * FROM `puzhen_upload_file` WHERE  `puzhen_upload_file`.`wxapp_id` = '10001'  AND `file_id` IN (10111,10096) [ RunTime:0.007229s ]
---------------------------------------------------------------
[ 2022-06-09T14:37:30+08:00 ] 223.104.194.142 GET puzhenshop.feibu.info/index.php?s=/api/tea_qrcode/lists&page=1&wxapp_id=10001&token=
[ sql ] [ DB ] CONNECT:[ UseTime:0.019223s ] mysql:host=39.108.144.9;port=3306;dbname=puzhen_shop;charset=utf8
[ sql ] [ SQL ] SHOW COLUMNS FROM `puzhen_wxapp` [ RunTime:0.010161s ]
[ sql ] [ SQL ] SELECT * FROM `puzhen_wxapp` WHERE  `puzhen_wxapp`.`wxapp_id` = '10001'  AND `wxapp_id` = 10001 LIMIT 1 [ RunTime:0.008703s ]
---------------------------------------------------------------
[ 2022-06-09T14:37:36+08:00 ] 223.104.194.142 POST puzhenshop.feibu.info/index.php?s=/api/user/login
[ sql ] [ DB ] CONNECT:[ UseTime:0.009814s ] mysql:host=39.108.144.9;port=3306;dbname=puzhen_shop;charset=utf8
[ sql ] [ SQL ] SHOW COLUMNS FROM `puzhen_wxapp` [ RunTime:0.008037s ]
[ sql ] [ SQL ] SELECT * FROM `puzhen_wxapp` WHERE  `puzhen_wxapp`.`wxapp_id` = '10001'  AND `wxapp_id` = 10001 LIMIT 1 [ RunTime:0.006735s ]
[ sql ] [ SQL ] SELECT * FROM `puzhen_wxapp` WHERE  `puzhen_wxapp`.`wxapp_id` = '10001'  AND `wxapp_id` = 10001 LIMIT 1 [ RunTime:0.006673s ]
[ sql ] [ SQL ] SHOW COLUMNS FROM `puzhen_user` [ RunTime:0.008274s ]
[ sql ] [ SQL ] SHOW COLUMNS FROM `puzhen_user_address` [ RunTime:0.007843s ]
[ sql ] [ SQL ] SELECT * FROM `puzhen_user` WHERE  `puzhen_user`.`wxapp_id` = '10001'  AND `is_delete` = 0  AND `open_id` = 'oolAV5JNCZT6tNbYYIEX7UCPK-OY' LIMIT 1 [ RunTime:0.006767s ]
[ sql ] [ SQL ] INSERT INTO `puzhen_user` (`nickName` , `gender` , `city` , `province` , `country` , `avatarUrl` , `open_id` , `wxapp_id` , `create_time` , `update_time`) VALUES ('冼允海Ocean13925400632' , 0 , '' , '' , '' , 'https://thirdwx.qlogo.cn/mmopen/vi_32/DYAIOgq83erBSYJ3dt2CibMUPQ5htb5cXOoRKPoOR1wAhqMrt0tibLicSMSZo2RtNcbbpEsoSkib8vjZReq7GvsSnw/132' , 'oolAV5JNCZT6tNbYYIEX7UCPK-OY' , 10001 , 1654756656 , 1654756656) [ RunTime:0.006321s ]
