---------------------------------------------------------------
[ 2022-06-11T11:34:39+08:00 ] 14.24.152.132 GET puzhenshop.feibu.info/index.php?s=/api/page/index&page_id=0&wxapp_id=10001&token=f0dfaa7540e2d060e235655465145087
[ begin ] [ ROUTE ] array (
  'type' => 'module',
  'module' => 
  array (
    0 => 'api',
    1 => 'page',
    2 => 'index',
  ),
)
[ begin ] [ HEADER ] array (
  'accept-encoding' => 'gzip,compress,br,deflate',
  'content-type' => 'application/json',
  'user-agent' => 'Mozilla/5.0 (Linux; Android 11; PCAM00 Build/RKQ1.201217.002; wv) AppleWebKit/537.36 (KHTML, like Gecko) Version/4.0 Chrome/86.0.4240.99 XWEB/3235 MMWEBSDK/20220505 Mobile Safari/537.36 MMWEBID/1497 MicroMessenger/8.0.23.2160(0x2800173F) WeChat/arm64 Weixin NetType/4G Language/zh_CN ABI/arm64 MiniProgramEnv/android',
  'charset' => 'utf-8',
  'connection' => 'close',
  'host' => 'puzhenshop.feibu.info',
)
[ begin ] [ PARAM ] array (
  'page_id' => '0',
  'wxapp_id' => '10001',
  'token' => 'f0dfaa7540e2d060e235655465145087',
)
---------------------------------------------------------------
[ 2022-06-11T11:34:40+08:00 ] 14.24.152.132 GET puzhenshop.feibu.info/index.php?s=/api/page/banner&wxapp_id=10001&token=f0dfaa7540e2d060e235655465145087
[ begin ] [ ROUTE ] array (
  'type' => 'module',
  'module' => 
  array (
    0 => 'api',
    1 => 'page',
    2 => 'banner',
  ),
)
[ begin ] [ HEADER ] array (
  'accept-encoding' => 'gzip,compress,br,deflate',
  'content-type' => 'application/json',
  'user-agent' => 'Mozilla/5.0 (Linux; Android 11; PCAM00 Build/RKQ1.201217.002; wv) AppleWebKit/537.36 (KHTML, like Gecko) Version/4.0 Chrome/86.0.4240.99 XWEB/3235 MMWEBSDK/20220505 Mobile Safari/537.36 MMWEBID/1497 MicroMessenger/8.0.23.2160(0x2800173F) WeChat/arm64 Weixin NetType/4G Language/zh_CN ABI/arm64 MiniProgramEnv/android',
  'charset' => 'utf-8',
  'connection' => 'close',
  'host' => 'puzhenshop.feibu.info',
)
[ begin ] [ PARAM ] array (
  'wxapp_id' => '10001',
  'token' => 'f0dfaa7540e2d060e235655465145087',
)
---------------------------------------------------------------
[ 2022-06-11T11:34:43+08:00 ] 14.24.152.132 GET puzhenshop.feibu.info/index.php?s=/api/distributor/lists&page=1&latitude=&longitude=&wxapp_id=10001&token=f0dfaa7540e2d060e235655465145087
[ begin ] [ ROUTE ] array (
  'type' => 'module',
  'module' => 
  array (
    0 => 'api',
    1 => 'distributor',
    2 => 'lists',
  ),
)
[ begin ] [ HEADER ] array (
  'accept-encoding' => 'gzip,compress,br,deflate',
  'content-type' => 'application/json',
  'user-agent' => 'Mozilla/5.0 (Linux; Android 11; PCAM00 Build/RKQ1.201217.002; wv) AppleWebKit/537.36 (KHTML, like Gecko) Version/4.0 Chrome/86.0.4240.99 XWEB/3235 MMWEBSDK/20220505 Mobile Safari/537.36 MMWEBID/1497 MicroMessenger/8.0.23.2160(0x2800173F) WeChat/arm64 Weixin NetType/4G Language/zh_CN ABI/arm64 MiniProgramEnv/android',
  'charset' => 'utf-8',
  'connection' => 'close',
  'host' => 'puzhenshop.feibu.info',
)
[ begin ] [ PARAM ] array (
  'page' => '1',
  'latitude' => '',
  'longitude' => '',
  'wxapp_id' => '10001',
  'token' => 'f0dfaa7540e2d060e235655465145087',
)
---------------------------------------------------------------
[ 2022-06-11T11:34:46+08:00 ] 14.24.152.132 GET puzhenshop.feibu.info/index.php?s=/api/category/index&wxapp_id=10001&token=f0dfaa7540e2d060e235655465145087
[ begin ] [ ROUTE ] array (
  'type' => 'module',
  'module' => 
  array (
    0 => 'api',
    1 => 'category',
    2 => 'index',
  ),
)
[ begin ] [ HEADER ] array (
  'accept-encoding' => 'gzip,compress,br,deflate',
  'content-type' => 'application/json',
  'user-agent' => 'Mozilla/5.0 (Linux; Android 11; PCAM00 Build/RKQ1.201217.002; wv) AppleWebKit/537.36 (KHTML, like Gecko) Version/4.0 Chrome/86.0.4240.99 XWEB/3235 MMWEBSDK/20220505 Mobile Safari/537.36 MMWEBID/1497 MicroMessenger/8.0.23.2160(0x2800173F) WeChat/arm64 Weixin NetType/4G Language/zh_CN ABI/arm64 MiniProgramEnv/android',
  'charset' => 'utf-8',
  'connection' => 'close',
  'host' => 'puzhenshop.feibu.info',
)
[ begin ] [ PARAM ] array (
  'wxapp_id' => '10001',
  'token' => 'f0dfaa7540e2d060e235655465145087',
)
---------------------------------------------------------------
[ 2022-06-11T11:34:50+08:00 ] 14.24.152.132 GET puzhenshop.feibu.info/index.php?s=/api/goods/lists&page=1&sortType=all&sort=&category_id=10004&search=&wxapp_id=10001&token=f0dfaa7540e2d060e235655465145087
[ begin ] [ ROUTE ] array (
  'type' => 'module',
  'module' => 
  array (
    0 => 'api',
    1 => 'goods',
    2 => 'lists',
  ),
)
[ begin ] [ HEADER ] array (
  'accept-encoding' => 'gzip,compress,br,deflate',
  'content-type' => 'application/json',
  'user-agent' => 'Mozilla/5.0 (Linux; Android 11; PCAM00 Build/RKQ1.201217.002; wv) AppleWebKit/537.36 (KHTML, like Gecko) Version/4.0 Chrome/86.0.4240.99 XWEB/3235 MMWEBSDK/20220505 Mobile Safari/537.36 MMWEBID/1497 MicroMessenger/8.0.23.2160(0x2800173F) WeChat/arm64 Weixin NetType/4G Language/zh_CN ABI/arm64 MiniProgramEnv/android',
  'charset' => 'utf-8',
  'connection' => 'close',
  'host' => 'puzhenshop.feibu.info',
)
[ begin ] [ PARAM ] array (
  'page' => '1',
  'sortType' => 'all',
  'sort' => '',
  'category_id' => '10004',
  'search' => '',
  'wxapp_id' => '10001',
  'token' => 'f0dfaa7540e2d060e235655465145087',
)
---------------------------------------------------------------
[ 2022-06-11T16:18:48+08:00 ] 223.104.194.139 GET puzhenshop.feibu.info/index.php?s=/api/page/banner&wxapp_id=10001&token=7520979af69a6ba7cc2d6b0ef8503fa3
[ begin ] [ ROUTE ] array (
  'type' => 'module',
  'module' => 
  array (
    0 => 'api',
    1 => 'page',
    2 => 'banner',
  ),
)
[ begin ] [ HEADER ] array (
  'accept-encoding' => 'gzip,compress,br,deflate',
  'content-type' => 'application/json',
  'user-agent' => 'Mozilla/5.0 (Linux; Android 12; 22041211AC Build/SP1A.210812.016; wv) AppleWebKit/537.36 (KHTML, like Gecko) Version/4.0 Chrome/86.0.4240.99 XWEB/3235 MMWEBSDK/20220505 Mobile Safari/537.36 MMWEBID/3794 MicroMessenger/8.0.23.2160(0x2800173B) WeChat/arm64 Weixin NetType/5G Language/zh_CN ABI/arm64 MiniProgramEnv/android',
  'charset' => 'utf-8',
  'connection' => 'close',
  'host' => 'puzhenshop.feibu.info',
)
[ begin ] [ PARAM ] array (
  'wxapp_id' => '10001',
  'token' => '7520979af69a6ba7cc2d6b0ef8503fa3',
)
---------------------------------------------------------------
[ 2022-06-11T16:18:49+08:00 ] 223.104.194.139 GET puzhenshop.feibu.info/index.php?s=/api/page/index&page_id=0&wxapp_id=10001&token=7520979af69a6ba7cc2d6b0ef8503fa3
[ begin ] [ ROUTE ] array (
  'type' => 'module',
  'module' => 
  array (
    0 => 'api',
    1 => 'page',
    2 => 'index',
  ),
)
[ begin ] [ HEADER ] array (
  'accept-encoding' => 'gzip,compress,br,deflate',
  'content-type' => 'application/json',
  'user-agent' => 'Mozilla/5.0 (Linux; Android 12; 22041211AC Build/SP1A.210812.016; wv) AppleWebKit/537.36 (KHTML, like Gecko) Version/4.0 Chrome/86.0.4240.99 XWEB/3235 MMWEBSDK/20220505 Mobile Safari/537.36 MMWEBID/3794 MicroMessenger/8.0.23.2160(0x2800173B) WeChat/arm64 Weixin NetType/5G Language/zh_CN ABI/arm64 MiniProgramEnv/android',
  'charset' => 'utf-8',
  'connection' => 'close',
  'host' => 'puzhenshop.feibu.info',
)
[ begin ] [ PARAM ] array (
  'page_id' => '0',
  'wxapp_id' => '10001',
  'token' => '7520979af69a6ba7cc2d6b0ef8503fa3',
)
---------------------------------------------------------------
[ 2022-06-11T16:19:27+08:00 ] 223.104.194.139 GET puzhenshop.feibu.info/index.php?s=/api/goods/detail&goods_id=10011&wxapp_id=10001&token=7520979af69a6ba7cc2d6b0ef8503fa3
[ begin ] [ ROUTE ] array (
  'type' => 'module',
  'module' => 
  array (
    0 => 'api',
    1 => 'goods',
    2 => 'detail',
  ),
)
[ begin ] [ HEADER ] array (
  'accept-encoding' => 'gzip,compress,br,deflate',
  'content-type' => 'application/json',
  'user-agent' => 'Mozilla/5.0 (Linux; Android 12; 22041211AC Build/SP1A.210812.016; wv) AppleWebKit/537.36 (KHTML, like Gecko) Version/4.0 Chrome/86.0.4240.99 XWEB/3235 MMWEBSDK/20220505 Mobile Safari/537.36 MMWEBID/3794 MicroMessenger/8.0.23.2160(0x2800173B) WeChat/arm64 Weixin NetType/5G Language/zh_CN ABI/arm64 MiniProgramEnv/android',
  'charset' => 'utf-8',
  'connection' => 'close',
  'host' => 'puzhenshop.feibu.info',
)
[ begin ] [ PARAM ] array (
  'goods_id' => '10011',
  'wxapp_id' => '10001',
  'token' => '7520979af69a6ba7cc2d6b0ef8503fa3',
)
