---------------------------------------------------------------
[ 2022-06-11T11:34:39+08:00 ] 14.24.152.132 GET puzhenshop.feibu.info/index.php?s=/api/page/index&page_id=0&wxapp_id=10001&token=f0dfaa7540e2d060e235655465145087
[ sql ] [ DB ] CONNECT:[ UseTime:0.012268s ] mysql:host=39.108.144.9;port=3306;dbname=puzhen_shop;charset=utf8
[ sql ] [ SQL ] SHOW COLUMNS FROM `puzhen_wxapp` [ RunTime:0.009906s ]
[ sql ] [ SQL ] SELECT * FROM `puzhen_wxapp` WHERE  `puzhen_wxapp`.`wxapp_id` = '10001'  AND `wxapp_id` = 10001 LIMIT 1 [ RunTime:0.008042s ]
[ sql ] [ SQL ] SHOW COLUMNS FROM `puzhen_user` [ RunTime:0.010235s ]
[ sql ] [ SQL ] SHOW COLUMNS FROM `puzhen_user_address` [ RunTime:0.009947s ]
[ sql ] [ SQL ] SHOW COLUMNS FROM `puzhen_user_grade` [ RunTime:0.010697s ]
[ sql ] [ SQL ] SELECT * FROM `puzhen_user_grade` WHERE  `puzhen_user_grade`.`wxapp_id` = '10001'  AND `status` = 1  AND `is_delete` = 0  AND `wxapp_id` = 10001 ORDER BY `weight` DESC [ RunTime:0.008244s ]
[ sql ] [ SQL ] SELECT * FROM `puzhen_user` WHERE  `puzhen_user`.`wxapp_id` = '10001'  AND `is_delete` = 0  AND `open_id` IS NULL LIMIT 1 [ RunTime:0.008240s ]
[ sql ] [ SQL ] SHOW COLUMNS FROM `puzhen_wxapp_page` [ RunTime:0.010248s ]
[ sql ] [ SQL ] SELECT * FROM `puzhen_wxapp_page` WHERE  `puzhen_wxapp_page`.`wxapp_id` = '10001'  AND `page_type` = 10 LIMIT 1 [ RunTime:0.008291s ]
[ sql ] [ SQL ] SHOW COLUMNS FROM `puzhen_goods_sku` [ RunTime:0.010086s ]
[ sql ] [ SQL ] SHOW COLUMNS FROM `puzhen_category` [ RunTime:0.010529s ]
[ sql ] [ SQL ] SHOW COLUMNS FROM `puzhen_goods` [ RunTime:0.010750s ]
[ sql ] [ SQL ] SELECT COUNT(*) AS tp_count FROM `puzhen_goods` `goods` INNER JOIN `puzhen_factory` `factory` ON `factory`.`factory_id`=`goods`.`factory_id` WHERE  `goods`.`wxapp_id` = '10001'  AND `factory`.`is_delete` = 0  AND `goods`.`is_delete` = 0  AND `goods`.`goods_status` = 10  AND `factory`.`status` = 1 LIMIT 1 [ RunTime:0.009607s ]
[ sql ] [ SQL ] SELECT `goods`.*,(goods.sales_initial + goods.sales_actual) as goods_sales,( SELECT MIN(goods_price) FROM `puzhen_goods_sku` WHERE  `puzhen_goods_sku`.`wxapp_id` = '10001'  AND ( `goods_id` = `goods`.`goods_id` ) ) AS goods_min_price,( SELECT MAX(goods_price) FROM `puzhen_goods_sku` WHERE  `puzhen_goods_sku`.`wxapp_id` = '10001'  AND ( `goods_id` = `goods`.`goods_id` ) ) AS goods_max_price,( SELECT MIN(ref_price) FROM `puzhen_goods_sku` WHERE  `puzhen_goods_sku`.`wxapp_id` = '10001'  AND ( `goods_id` = `goods`.`goods_id` ) ) AS goods_min_ref_price,( SELECT MAX(ref_price) FROM `puzhen_goods_sku` WHERE  `puzhen_goods_sku`.`wxapp_id` = '10001'  AND ( `goods_id` = `goods`.`goods_id` ) ) AS goods_max_ref_price FROM `puzhen_goods` `goods` INNER JOIN `puzhen_factory` `factory` ON `factory`.`factory_id`=`goods`.`factory_id` WHERE  `goods`.`wxapp_id` = '10001'  AND `factory`.`is_delete` = 0  AND `goods`.`is_delete` = 0  AND `goods`.`goods_status` = 10  AND `factory`.`status` = 1 ORDER BY `goods`.`goods_sort`,`goods`.`goods_id` DESC LIMIT 0,6 [ RunTime:0.010592s ]
[ sql ] [ SQL ] SELECT * FROM `puzhen_category` WHERE  `puzhen_category`.`wxapp_id` = '10001'  AND `category_id` IN (10014,10004,10015) [ RunTime:0.008049s ]
[ sql ] [ SQL ] SHOW COLUMNS FROM `puzhen_goods_image` [ RunTime:0.010785s ]
[ sql ] [ SQL ] SELECT * FROM `puzhen_goods_image` WHERE  `puzhen_goods_image`.`wxapp_id` = '10001'  AND `goods_id` IN (10011,10044,10038,10037,10010,10009) ORDER BY `id` ASC [ RunTime:0.008194s ]
[ sql ] [ SQL ] SHOW COLUMNS FROM `puzhen_upload_file` [ RunTime:0.009898s ]
[ sql ] [ SQL ] SELECT * FROM `puzhen_upload_file` WHERE  `puzhen_upload_file`.`wxapp_id` = '10001'  AND `file_id` IN (10010,10005,10094,10095,10114,10115,10116,10117) [ RunTime:0.008259s ]
[ sql ] [ SQL ] SELECT * FROM `puzhen_goods_sku` WHERE  `puzhen_goods_sku`.`wxapp_id` = '10001'  AND `goods_id` IN (10011,10044,10038,10037,10010,10009) ORDER BY `goods_sku_id` ASC [ RunTime:0.008315s ]
---------------------------------------------------------------
[ 2022-06-11T11:34:40+08:00 ] 14.24.152.132 GET puzhenshop.feibu.info/index.php?s=/api/page/banner&wxapp_id=10001&token=f0dfaa7540e2d060e235655465145087
[ sql ] [ DB ] CONNECT:[ UseTime:0.019033s ] mysql:host=39.108.144.9;port=3306;dbname=puzhen_shop;charset=utf8
[ sql ] [ SQL ] SHOW COLUMNS FROM `puzhen_wxapp` [ RunTime:0.009903s ]
[ sql ] [ SQL ] SELECT * FROM `puzhen_wxapp` WHERE  `puzhen_wxapp`.`wxapp_id` = '10001'  AND `wxapp_id` = 10001 LIMIT 1 [ RunTime:0.008522s ]
[ sql ] [ SQL ] SHOW COLUMNS FROM `puzhen_banner` [ RunTime:0.011138s ]
[ sql ] [ SQL ] SELECT * FROM `puzhen_banner` WHERE  `puzhen_banner`.`wxapp_id` = '10001' ORDER BY `sort` ASC,`create_time` ASC [ RunTime:0.008866s ]
[ sql ] [ SQL ] SHOW COLUMNS FROM `puzhen_upload_file` [ RunTime:0.010155s ]
[ sql ] [ SQL ] SELECT * FROM `puzhen_upload_file` WHERE  `puzhen_upload_file`.`wxapp_id` = '10001'  AND `file_id` IN (10111,10096) [ RunTime:0.008696s ]
---------------------------------------------------------------
[ 2022-06-11T11:34:43+08:00 ] 14.24.152.132 GET puzhenshop.feibu.info/index.php?s=/api/distributor/lists&page=1&latitude=&longitude=&wxapp_id=10001&token=f0dfaa7540e2d060e235655465145087
[ sql ] [ DB ] CONNECT:[ UseTime:0.019182s ] mysql:host=39.108.144.9;port=3306;dbname=puzhen_shop;charset=utf8
[ sql ] [ SQL ] SHOW COLUMNS FROM `puzhen_wxapp` [ RunTime:0.009976s ]
[ sql ] [ SQL ] SELECT * FROM `puzhen_wxapp` WHERE  `puzhen_wxapp`.`wxapp_id` = '10001'  AND `wxapp_id` = 10001 LIMIT 1 [ RunTime:0.008709s ]
[ sql ] [ SQL ] SHOW COLUMNS FROM `puzhen_distributor` [ RunTime:0.010614s ]
[ sql ] [ SQL ] SELECT COUNT(*) AS tp_count FROM `puzhen_distributor` WHERE  `puzhen_distributor`.`wxapp_id` = '10001'  AND `is_delete` = 0 LIMIT 1 [ RunTime:0.008661s ]
[ sql ] [ SQL ] SELECT *,ROUND(  
                    6371.393 * 2 * ASIN(  
                        SQRT(  
                            POW(  
                                SIN(  
                                    (  
                                        0 * 3.1415926 / 180 - latitude * PI() / 180  
                                    ) / 2  
                                ),  
                                2  
                            ) + COS(0 * 3.1415926 / 180) * COS(latitude * PI() / 180) * POW(  
                                SIN(  
                                    (  
                                        0 * 3.1415926 / 180 - longitude * PI() / 180  
                                    ) / 2  
                                ),  
                                2  
                            )  
                        )  
                    ) * 1000  
                ) AS distance FROM `puzhen_distributor` WHERE  `puzhen_distributor`.`wxapp_id` = '10001'  AND `is_delete` = 0 ORDER BY `distance` ASC,`sort` ASC,`create_time` DESC LIMIT 0,15 [ RunTime:0.009074s ]
[ sql ] [ SQL ] SHOW COLUMNS FROM `puzhen_upload_file` [ RunTime:0.009990s ]
[ sql ] [ SQL ] SELECT * FROM `puzhen_upload_file` WHERE  `puzhen_upload_file`.`wxapp_id` = '10001'  AND `file_id` IN (10010,10093) [ RunTime:0.008817s ]
---------------------------------------------------------------
[ 2022-06-11T11:34:46+08:00 ] 14.24.152.132 GET puzhenshop.feibu.info/index.php?s=/api/category/index&wxapp_id=10001&token=f0dfaa7540e2d060e235655465145087
[ sql ] [ DB ] CONNECT:[ UseTime:0.013919s ] mysql:host=39.108.144.9;port=3306;dbname=puzhen_shop;charset=utf8
[ sql ] [ SQL ] SHOW COLUMNS FROM `puzhen_wxapp` [ RunTime:0.010523s ]
[ sql ] [ SQL ] SELECT * FROM `puzhen_wxapp` WHERE  `puzhen_wxapp`.`wxapp_id` = '10001'  AND `wxapp_id` = 10001 LIMIT 1 [ RunTime:0.009157s ]
[ sql ] [ SQL ] SHOW COLUMNS FROM `puzhen_wxapp_category` [ RunTime:0.011147s ]
[ sql ] [ SQL ] SELECT * FROM `puzhen_wxapp_category` WHERE  `puzhen_wxapp_category`.`wxapp_id` = '10001' LIMIT 1 [ RunTime:0.009037s ]
---------------------------------------------------------------
[ 2022-06-11T11:34:50+08:00 ] 14.24.152.132 GET puzhenshop.feibu.info/index.php?s=/api/goods/lists&page=1&sortType=all&sort=&category_id=10004&search=&wxapp_id=10001&token=f0dfaa7540e2d060e235655465145087
[ sql ] [ DB ] CONNECT:[ UseTime:0.020005s ] mysql:host=39.108.144.9;port=3306;dbname=puzhen_shop;charset=utf8
[ sql ] [ SQL ] SHOW COLUMNS FROM `puzhen_wxapp` [ RunTime:0.011346s ]
[ sql ] [ SQL ] SELECT * FROM `puzhen_wxapp` WHERE  `puzhen_wxapp`.`wxapp_id` = '10001'  AND `wxapp_id` = 10001 LIMIT 1 [ RunTime:0.009946s ]
[ sql ] [ SQL ] SHOW COLUMNS FROM `puzhen_user` [ RunTime:0.011431s ]
[ sql ] [ SQL ] SHOW COLUMNS FROM `puzhen_user_address` [ RunTime:0.011206s ]
[ sql ] [ SQL ] SHOW COLUMNS FROM `puzhen_user_grade` [ RunTime:0.011051s ]
[ sql ] [ SQL ] SELECT * FROM `puzhen_user` WHERE  `puzhen_user`.`wxapp_id` = '10001'  AND `is_delete` = 0  AND `open_id` IS NULL LIMIT 1 [ RunTime:0.009906s ]
[ sql ] [ SQL ] SHOW COLUMNS FROM `puzhen_goods_sku` [ RunTime:0.011323s ]
[ sql ] [ SQL ] SHOW COLUMNS FROM `puzhen_category` [ RunTime:0.011183s ]
[ sql ] [ SQL ] SHOW COLUMNS FROM `puzhen_goods` [ RunTime:0.011021s ]
[ sql ] [ SQL ] SELECT COUNT(*) AS tp_count FROM `puzhen_goods` `goods` INNER JOIN `puzhen_factory` `factory` ON `factory`.`factory_id`=`goods`.`factory_id` WHERE  `goods`.`wxapp_id` = '10001'  AND `factory`.`is_delete` = 0  AND `goods`.`is_delete` = 0  AND `goods`.`category_id` IN ('10004')  AND `goods`.`goods_status` = 10  AND `factory`.`status` = 1 LIMIT 1 [ RunTime:0.010980s ]
[ sql ] [ SQL ] SELECT `goods`.*,(goods.sales_initial + goods.sales_actual) as goods_sales,( SELECT MIN(goods_price) FROM `puzhen_goods_sku` WHERE  `puzhen_goods_sku`.`wxapp_id` = '10001'  AND ( `goods_id` = `goods`.`goods_id` ) ) AS goods_min_price,( SELECT MAX(goods_price) FROM `puzhen_goods_sku` WHERE  `puzhen_goods_sku`.`wxapp_id` = '10001'  AND ( `goods_id` = `goods`.`goods_id` ) ) AS goods_max_price,( SELECT MIN(ref_price) FROM `puzhen_goods_sku` WHERE  `puzhen_goods_sku`.`wxapp_id` = '10001'  AND ( `goods_id` = `goods`.`goods_id` ) ) AS goods_min_ref_price,( SELECT MAX(ref_price) FROM `puzhen_goods_sku` WHERE  `puzhen_goods_sku`.`wxapp_id` = '10001'  AND ( `goods_id` = `goods`.`goods_id` ) ) AS goods_max_ref_price FROM `puzhen_goods` `goods` INNER JOIN `puzhen_factory` `factory` ON `factory`.`factory_id`=`goods`.`factory_id` WHERE  `goods`.`wxapp_id` = '10001'  AND `factory`.`is_delete` = 0  AND `goods`.`is_delete` = 0  AND `goods`.`category_id` IN ('10004')  AND `goods`.`goods_status` = 10  AND `factory`.`status` = 1 ORDER BY `goods`.`goods_sort`,`goods`.`goods_id` DESC LIMIT 0,15 [ RunTime:0.012630s ]
[ sql ] [ SQL ] SELECT * FROM `puzhen_category` WHERE  `puzhen_category`.`wxapp_id` = '10001'  AND `category_id` IN (10004) [ RunTime:0.009853s ]
[ sql ] [ SQL ] SHOW COLUMNS FROM `puzhen_goods_image` [ RunTime:0.011046s ]
[ sql ] [ SQL ] SELECT * FROM `puzhen_goods_image` WHERE  `puzhen_goods_image`.`wxapp_id` = '10001'  AND `goods_id` IN (10044,10010,10009,10008,10007) ORDER BY `id` ASC [ RunTime:0.009863s ]
[ sql ] [ SQL ] SHOW COLUMNS FROM `puzhen_upload_file` [ RunTime:0.011289s ]
[ sql ] [ SQL ] SELECT * FROM `puzhen_upload_file` WHERE  `puzhen_upload_file`.`wxapp_id` = '10001'  AND `file_id` IN (10010,10005,10114,10115,10116,10117) [ RunTime:0.010035s ]
[ sql ] [ SQL ] SELECT * FROM `puzhen_goods_sku` WHERE  `puzhen_goods_sku`.`wxapp_id` = '10001'  AND `goods_id` IN (10044,10010,10009,10008,10007) ORDER BY `goods_sku_id` ASC [ RunTime:0.010090s ]
---------------------------------------------------------------
[ 2022-06-11T16:18:48+08:00 ] 223.104.194.139 GET puzhenshop.feibu.info/index.php?s=/api/page/banner&wxapp_id=10001&token=7520979af69a6ba7cc2d6b0ef8503fa3
[ sql ] [ DB ] CONNECT:[ UseTime:0.016524s ] mysql:host=39.108.144.9;port=3306;dbname=puzhen_shop;charset=utf8
[ sql ] [ SQL ] SHOW COLUMNS FROM `puzhen_wxapp` [ RunTime:0.011803s ]
[ sql ] [ SQL ] SELECT * FROM `puzhen_wxapp` WHERE  `puzhen_wxapp`.`wxapp_id` = '10001'  AND `wxapp_id` = 10001 LIMIT 1 [ RunTime:0.010746s ]
[ sql ] [ SQL ] SHOW COLUMNS FROM `puzhen_banner` [ RunTime:0.012052s ]
[ sql ] [ SQL ] SELECT * FROM `puzhen_banner` WHERE  `puzhen_banner`.`wxapp_id` = '10001' ORDER BY `sort` ASC,`create_time` ASC [ RunTime:0.010883s ]
[ sql ] [ SQL ] SHOW COLUMNS FROM `puzhen_upload_file` [ RunTime:0.011944s ]
[ sql ] [ SQL ] SELECT * FROM `puzhen_upload_file` WHERE  `puzhen_upload_file`.`wxapp_id` = '10001'  AND `file_id` IN (10111,10096) [ RunTime:0.010915s ]
---------------------------------------------------------------
[ 2022-06-11T16:18:49+08:00 ] 223.104.194.139 GET puzhenshop.feibu.info/index.php?s=/api/page/index&page_id=0&wxapp_id=10001&token=7520979af69a6ba7cc2d6b0ef8503fa3
[ sql ] [ DB ] CONNECT:[ UseTime:0.013724s ] mysql:host=39.108.144.9;port=3306;dbname=puzhen_shop;charset=utf8
[ sql ] [ SQL ] SHOW COLUMNS FROM `puzhen_wxapp` [ RunTime:0.010602s ]
[ sql ] [ SQL ] SELECT * FROM `puzhen_wxapp` WHERE  `puzhen_wxapp`.`wxapp_id` = '10001'  AND `wxapp_id` = 10001 LIMIT 1 [ RunTime:0.009122s ]
[ sql ] [ SQL ] SHOW COLUMNS FROM `puzhen_user` [ RunTime:0.010763s ]
[ sql ] [ SQL ] SHOW COLUMNS FROM `puzhen_user_address` [ RunTime:0.010448s ]
[ sql ] [ SQL ] SHOW COLUMNS FROM `puzhen_user_grade` [ RunTime:0.010147s ]
[ sql ] [ SQL ] SELECT * FROM `puzhen_user_grade` WHERE  `puzhen_user_grade`.`wxapp_id` = '10001'  AND `status` = 1  AND `is_delete` = 0  AND `wxapp_id` = 10001 ORDER BY `weight` DESC [ RunTime:0.009110s ]
[ sql ] [ SQL ] SELECT * FROM `puzhen_user` WHERE  `puzhen_user`.`wxapp_id` = '10001'  AND `is_delete` = 0  AND `open_id` = 'oolAV5JNCZT6tNbYYIEX7UCPK-OY' LIMIT 1 [ RunTime:0.009419s ]
[ sql ] [ SQL ] SELECT * FROM `puzhen_user_address` WHERE  `puzhen_user_address`.`wxapp_id` = '10001'  AND `user_id` = 10010 [ RunTime:0.009100s ]
[ sql ] [ SQL ] SELECT * FROM `puzhen_user_address` WHERE  `puzhen_user_address`.`wxapp_id` = '10001'  AND `address_id` = 0 [ RunTime:0.009042s ]
[ sql ] [ SQL ] SELECT * FROM `puzhen_user_grade` WHERE  `puzhen_user_grade`.`wxapp_id` = '10001'  AND `grade_id` = 0 [ RunTime:0.009194s ]
[ sql ] [ SQL ] SHOW COLUMNS FROM `puzhen_wxapp_page` [ RunTime:0.010343s ]
[ sql ] [ SQL ] SELECT * FROM `puzhen_wxapp_page` WHERE  `puzhen_wxapp_page`.`wxapp_id` = '10001'  AND `page_type` = 10 LIMIT 1 [ RunTime:0.009331s ]
[ sql ] [ SQL ] SHOW COLUMNS FROM `puzhen_goods_sku` [ RunTime:0.010343s ]
[ sql ] [ SQL ] SHOW COLUMNS FROM `puzhen_category` [ RunTime:0.010165s ]
[ sql ] [ SQL ] SHOW COLUMNS FROM `puzhen_goods` [ RunTime:0.010327s ]
[ sql ] [ SQL ] SELECT COUNT(*) AS tp_count FROM `puzhen_goods` `goods` INNER JOIN `puzhen_factory` `factory` ON `factory`.`factory_id`=`goods`.`factory_id` WHERE  `goods`.`wxapp_id` = '10001'  AND `factory`.`is_delete` = 0  AND `goods`.`is_delete` = 0  AND `goods`.`goods_status` = 10  AND `factory`.`status` = 1 LIMIT 1 [ RunTime:0.009973s ]
[ sql ] [ SQL ] SELECT `goods`.*,(goods.sales_initial + goods.sales_actual) as goods_sales,( SELECT MIN(goods_price) FROM `puzhen_goods_sku` WHERE  `puzhen_goods_sku`.`wxapp_id` = '10001'  AND ( `goods_id` = `goods`.`goods_id` ) ) AS goods_min_price,( SELECT MAX(goods_price) FROM `puzhen_goods_sku` WHERE  `puzhen_goods_sku`.`wxapp_id` = '10001'  AND ( `goods_id` = `goods`.`goods_id` ) ) AS goods_max_price,( SELECT MIN(ref_price) FROM `puzhen_goods_sku` WHERE  `puzhen_goods_sku`.`wxapp_id` = '10001'  AND ( `goods_id` = `goods`.`goods_id` ) ) AS goods_min_ref_price,( SELECT MAX(ref_price) FROM `puzhen_goods_sku` WHERE  `puzhen_goods_sku`.`wxapp_id` = '10001'  AND ( `goods_id` = `goods`.`goods_id` ) ) AS goods_max_ref_price FROM `puzhen_goods` `goods` INNER JOIN `puzhen_factory` `factory` ON `factory`.`factory_id`=`goods`.`factory_id` WHERE  `goods`.`wxapp_id` = '10001'  AND `factory`.`is_delete` = 0  AND `goods`.`is_delete` = 0  AND `goods`.`goods_status` = 10  AND `factory`.`status` = 1 ORDER BY `goods`.`goods_sort`,`goods`.`goods_id` DESC LIMIT 0,6 [ RunTime:0.011550s ]
[ sql ] [ SQL ] SELECT * FROM `puzhen_category` WHERE  `puzhen_category`.`wxapp_id` = '10001'  AND `category_id` IN (10014,10004,10015) [ RunTime:0.009125s ]
[ sql ] [ SQL ] SHOW COLUMNS FROM `puzhen_goods_image` [ RunTime:0.010503s ]
[ sql ] [ SQL ] SELECT * FROM `puzhen_goods_image` WHERE  `puzhen_goods_image`.`wxapp_id` = '10001'  AND `goods_id` IN (10011,10044,10038,10037,10010,10009) ORDER BY `id` ASC [ RunTime:0.009160s ]
[ sql ] [ SQL ] SHOW COLUMNS FROM `puzhen_upload_file` [ RunTime:0.010126s ]
[ sql ] [ SQL ] SELECT * FROM `puzhen_upload_file` WHERE  `puzhen_upload_file`.`wxapp_id` = '10001'  AND `file_id` IN (10010,10005,10094,10095,10114,10115,10116,10117) [ RunTime:0.009253s ]
[ sql ] [ SQL ] SELECT * FROM `puzhen_goods_sku` WHERE  `puzhen_goods_sku`.`wxapp_id` = '10001'  AND `goods_id` IN (10011,10044,10038,10037,10010,10009) ORDER BY `goods_sku_id` ASC [ RunTime:0.009275s ]
[ sql ] [ SQL ] SHOW COLUMNS FROM `puzhen_collection` [ RunTime:0.011172s ]
[ sql ] [ SQL ] SELECT `collection_id` FROM `puzhen_collection` WHERE  `puzhen_collection`.`wxapp_id` = '10001'  AND `user_id` = 10010  AND `collectionable_type` = 'Goods'  AND `collectionable_id` = 10011 LIMIT 1 [ RunTime:0.009178s ]
[ sql ] [ SQL ] SELECT `collection_id` FROM `puzhen_collection` WHERE  `puzhen_collection`.`wxapp_id` = '10001'  AND `user_id` = 10010  AND `collectionable_type` = 'Goods'  AND `collectionable_id` = 10044 LIMIT 1 [ RunTime:0.009027s ]
[ sql ] [ SQL ] SELECT `collection_id` FROM `puzhen_collection` WHERE  `puzhen_collection`.`wxapp_id` = '10001'  AND `user_id` = 10010  AND `collectionable_type` = 'Goods'  AND `collectionable_id` = 10038 LIMIT 1 [ RunTime:0.008955s ]
[ sql ] [ SQL ] SELECT `collection_id` FROM `puzhen_collection` WHERE  `puzhen_collection`.`wxapp_id` = '10001'  AND `user_id` = 10010  AND `collectionable_type` = 'Goods'  AND `collectionable_id` = 10037 LIMIT 1 [ RunTime:0.008969s ]
[ sql ] [ SQL ] SELECT `collection_id` FROM `puzhen_collection` WHERE  `puzhen_collection`.`wxapp_id` = '10001'  AND `user_id` = 10010  AND `collectionable_type` = 'Goods'  AND `collectionable_id` = 10010 LIMIT 1 [ RunTime:0.010840s ]
[ sql ] [ SQL ] SELECT `collection_id` FROM `puzhen_collection` WHERE  `puzhen_collection`.`wxapp_id` = '10001'  AND `user_id` = 10010  AND `collectionable_type` = 'Goods'  AND `collectionable_id` = 10009 LIMIT 1 [ RunTime:0.009214s ]
---------------------------------------------------------------
[ 2022-06-11T16:19:27+08:00 ] 223.104.194.139 GET puzhenshop.feibu.info/index.php?s=/api/goods/detail&goods_id=10011&wxapp_id=10001&token=7520979af69a6ba7cc2d6b0ef8503fa3
[ sql ] [ DB ] CONNECT:[ UseTime:0.015277s ] mysql:host=39.108.144.9;port=3306;dbname=puzhen_shop;charset=utf8
[ sql ] [ SQL ] SHOW COLUMNS FROM `puzhen_wxapp` [ RunTime:0.011910s ]
[ sql ] [ SQL ] SELECT * FROM `puzhen_wxapp` WHERE  `puzhen_wxapp`.`wxapp_id` = '10001'  AND `wxapp_id` = 10001 LIMIT 1 [ RunTime:0.009925s ]
[ sql ] [ SQL ] SHOW COLUMNS FROM `puzhen_user` [ RunTime:0.011928s ]
[ sql ] [ SQL ] SHOW COLUMNS FROM `puzhen_user_address` [ RunTime:0.011745s ]
[ sql ] [ SQL ] SHOW COLUMNS FROM `puzhen_user_grade` [ RunTime:0.011675s ]
[ sql ] [ SQL ] SELECT * FROM `puzhen_user` WHERE  `puzhen_user`.`wxapp_id` = '10001'  AND `is_delete` = 0  AND `open_id` = 'oolAV5JNCZT6tNbYYIEX7UCPK-OY' LIMIT 1 [ RunTime:0.010004s ]
[ sql ] [ SQL ] SELECT * FROM `puzhen_user_address` WHERE  `puzhen_user_address`.`wxapp_id` = '10001'  AND `user_id` = 10010 [ RunTime:0.009887s ]
[ sql ] [ SQL ] SELECT * FROM `puzhen_user_address` WHERE  `puzhen_user_address`.`wxapp_id` = '10001'  AND `address_id` = 0 [ RunTime:0.009851s ]
[ sql ] [ SQL ] SELECT * FROM `puzhen_user_grade` WHERE  `puzhen_user_grade`.`wxapp_id` = '10001'  AND `grade_id` = 0 [ RunTime:0.009644s ]
[ sql ] [ SQL ] SELECT * FROM `puzhen_user` WHERE  `puzhen_user`.`wxapp_id` = '10001'  AND `is_delete` = 0  AND `open_id` = 'oolAV5JNCZT6tNbYYIEX7UCPK-OY' LIMIT 1 [ RunTime:0.010023s ]
[ sql ] [ SQL ] SELECT * FROM `puzhen_user_address` WHERE  `puzhen_user_address`.`wxapp_id` = '10001'  AND `user_id` = 10010 [ RunTime:0.009798s ]
[ sql ] [ SQL ] SELECT * FROM `puzhen_user_address` WHERE  `puzhen_user_address`.`wxapp_id` = '10001'  AND `address_id` = 0 [ RunTime:0.009769s ]
[ sql ] [ SQL ] SELECT * FROM `puzhen_user_grade` WHERE  `puzhen_user_grade`.`wxapp_id` = '10001'  AND `grade_id` = 0 [ RunTime:0.009680s ]
[ sql ] [ SQL ] SHOW COLUMNS FROM `puzhen_category` [ RunTime:0.011427s ]
[ sql ] [ SQL ] SHOW COLUMNS FROM `puzhen_goods` [ RunTime:0.011292s ]
[ sql ] [ SQL ] SHOW COLUMNS FROM `puzhen_delivery` [ RunTime:0.014198s ]
[ sql ] [ SQL ] SHOW COLUMNS FROM `puzhen_comment` [ RunTime:0.012083s ]
[ sql ] [ SQL ] SELECT *,(SELECT COUNT(*) AS tp_count FROM `puzhen_comment` WHERE  `puzhen_comment`.`wxapp_id` = '10001'  AND `is_delete` = 0  AND `status` = 1  AND ( `goods_id` =puzhen_goods.goods_id ) LIMIT 1) AS `comment_data_count` FROM `puzhen_goods` WHERE  ( `puzhen_goods`.`wxapp_id` = '10001' AND `puzhen_goods`.`wxapp_id` = '10001' )  AND `goods_id` = 10011 LIMIT 1 [ RunTime:0.010263s ]
[ sql ] [ SQL ] SELECT * FROM `puzhen_category` WHERE  `puzhen_category`.`wxapp_id` = '10001'  AND `category_id` = 10014 [ RunTime:0.009679s ]
[ sql ] [ SQL ] SHOW COLUMNS FROM `puzhen_tea_qrcode` [ RunTime:0.011301s ]
[ sql ] [ SQL ] SHOW COLUMNS FROM `puzhen_goods_tea_qrcode` [ RunTime:0.011904s ]
[ sql ] [ SQL ] SELECT * FROM `puzhen_goods_tea_qrcode` WHERE  `puzhen_goods_tea_qrcode`.`wxapp_id` = '10001'  AND `goods_id` = 10011 [ RunTime:0.009708s ]
[ sql ] [ SQL ] SELECT * FROM `puzhen_tea_qrcode` WHERE  `puzhen_tea_qrcode`.`wxapp_id` = '10001'  AND `tea_qrcode_id` IN (230) [ RunTime:0.009766s ]
[ sql ] [ SQL ] SHOW COLUMNS FROM `puzhen_goods_image` [ RunTime:0.011016s ]
[ sql ] [ SQL ] SELECT * FROM `puzhen_goods_image` WHERE  `puzhen_goods_image`.`wxapp_id` = '10001'  AND `goods_id` = 10011 ORDER BY `id` ASC [ RunTime:0.009801s ]
[ sql ] [ SQL ] SHOW COLUMNS FROM `puzhen_upload_file` [ RunTime:0.011055s ]
[ sql ] [ SQL ] SELECT * FROM `puzhen_upload_file` WHERE  `puzhen_upload_file`.`wxapp_id` = '10001'  AND `file_id` IN (10005) [ RunTime:0.009970s ]
[ sql ] [ SQL ] SHOW COLUMNS FROM `puzhen_goods_sku` [ RunTime:0.011180s ]
[ sql ] [ SQL ] SELECT * FROM `puzhen_goods_sku` WHERE  `puzhen_goods_sku`.`wxapp_id` = '10001'  AND `goods_id` = 10011 ORDER BY `goods_sku_id` ASC [ RunTime:0.009791s ]
[ sql ] [ SQL ] SELECT * FROM `puzhen_upload_file` WHERE  `puzhen_upload_file`.`wxapp_id` = '10001'  AND `file_id` IN (0) [ RunTime:0.009594s ]
[ sql ] [ SQL ] SHOW COLUMNS FROM `puzhen_spec_value` [ RunTime:0.011634s ]
[ sql ] [ SQL ] SHOW COLUMNS FROM `puzhen_goods_spec_rel` [ RunTime:0.011757s ]
[ sql ] [ SQL ] SHOW COLUMNS FROM `puzhen_spec` [ RunTime:0.011749s ]
[ sql ] [ SQL ] SELECT `puzhen_spec_value`.*,pivot.id AS pivot__id,pivot.goods_id AS pivot__goods_id,pivot.spec_id AS pivot__spec_id,pivot.spec_value_id AS pivot__spec_value_id,pivot.factory_id AS pivot__factory_id,pivot.wxapp_id AS pivot__wxapp_id,pivot.create_time AS pivot__create_time FROM `puzhen_spec_value` INNER JOIN `puzhen_goods_spec_rel` `pivot` ON `pivot`.`spec_value_id`=`puzhen_spec_value`.`spec_value_id` WHERE  `puzhen_spec_value`.`wxapp_id` = '10001'  AND `pivot`.`goods_id` = 10011 ORDER BY `id` ASC [ RunTime:0.009923s ]
[ sql ] [ SQL ] SELECT * FROM `puzhen_delivery` WHERE  `puzhen_delivery`.`wxapp_id` = '10001'  AND `delivery_id` = 10001 [ RunTime:0.009650s ]
[ sql ] [ SQL ] SHOW COLUMNS FROM `puzhen_delivery_rule` [ RunTime:0.011722s ]
[ sql ] [ SQL ] SELECT * FROM `puzhen_delivery_rule` WHERE  `puzhen_delivery_rule`.`wxapp_id` = '10001'  AND `delivery_id` IN (10001) [ RunTime:0.009900s ]
[ sql ] [ SQL ] SELECT * FROM `puzhen_comment` WHERE  `puzhen_comment`.`wxapp_id` = '10001'  AND `is_delete` = 0  AND `status` = 1  AND `goods_id` = 10011 LIMIT 2 [ RunTime:0.009793s ]
[ sql ] [ SQL ] SHOW COLUMNS FROM `puzhen_collection` [ RunTime:0.011240s ]
[ sql ] [ SQL ] SELECT `collection_id` FROM `puzhen_collection` WHERE  `puzhen_collection`.`wxapp_id` = '10001'  AND `user_id` = 10010  AND `collectionable_type` = 'Goods'  AND `collectionable_id` = 10011 LIMIT 1 [ RunTime:0.009757s ]
[ sql ] [ SQL ] SHOW COLUMNS FROM `puzhen_tea` [ RunTime:0.011245s ]
[ sql ] [ SQL ] SELECT `name` FROM `puzhen_tea` WHERE  `puzhen_tea`.`wxapp_id` = '10001'  AND `code` = 'A' LIMIT 1 [ RunTime:0.009621s ]
