---------------------------------------------------------------
[ 2022-06-17T16:02:13+08:00 ] 125.95.3.229 GET puzhenshop.feibu.info/index.php?s=/factory/goods/edit/goods_id/10044
[ error ] [2]Invalid argument supplied for foreach() [E:\UPUPW_ANK_W64\WebRoot\Vhosts\puzhen\2.0.0\source\runtime\temp\f4074a6ad3d63ef2ef7d9106e413bc31.php:176]
#0 E:\UPUPW_ANK_W64\WebRoot\Vhosts\puzhen\2.0.0\source\runtime\temp\f4074a6ad3d63ef2ef7d9106e413bc31.php(176): think\Error::appError(2, 'Invalid argumen...', 'E:\\UPUPW_ANK_W6...', 176, Array)
#1 E:\UPUPW_ANK_W64\WebRoot\Vhosts\puzhen\2.0.0\source\thinkphp\library\think\template\driver\File.php(53): include('E:\\UPUPW_ANK_W6...')
#2 E:\UPUPW_ANK_W64\WebRoot\Vhosts\puzhen\2.0.0\source\thinkphp\library\think\Template.php(188): think\template\driver\File->read('E:\\UPUPW_ANK_W6...', Array)
#3 E:\UPUPW_ANK_W64\WebRoot\Vhosts\puzhen\2.0.0\source\thinkphp\library\think\view\driver\Think.php(86): think\Template->fetch('E:\\UPUPW_ANK_W6...', Array, Array)
#4 E:\UPUPW_ANK_W64\WebRoot\Vhosts\puzhen\2.0.0\source\thinkphp\library\think\View.php(163): think\view\driver\Think->fetch('E:\\UPUPW_ANK_W6...', Array, Array)
#5 E:\UPUPW_ANK_W64\WebRoot\Vhosts\puzhen\2.0.0\source\thinkphp\library\think\Controller.php(120): think\View->fetch('edit', Array, Array, Array)
#6 E:\UPUPW_ANK_W64\WebRoot\Vhosts\puzhen\2.0.0\source\application\factory\controller\Goods.php(89): think\Controller->fetch('edit', Array)
#7 [internal function]: app\factory\controller\Goods->edit('10044')
#8 E:\UPUPW_ANK_W64\WebRoot\Vhosts\puzhen\2.0.0\source\thinkphp\library\think\App.php(343): ReflectionMethod->invokeArgs(Object(app\factory\controller\Goods), Array)
#9 E:\UPUPW_ANK_W64\WebRoot\Vhosts\puzhen\2.0.0\source\thinkphp\library\think\App.php(611): think\App::invokeMethod(Array, Array)
#10 E:\UPUPW_ANK_W64\WebRoot\Vhosts\puzhen\2.0.0\source\thinkphp\library\think\App.php(456): think\App::module(Array, Array, true)
#11 E:\UPUPW_ANK_W64\WebRoot\Vhosts\puzhen\2.0.0\source\thinkphp\library\think\App.php(139): think\App::exec(Array, Array)
#12 E:\UPUPW_ANK_W64\WebRoot\Vhosts\puzhen\2.0.0\source\thinkphp\start.php(19): think\App::run()
#13 E:\UPUPW_ANK_W64\WebRoot\Vhosts\puzhen\2.0.0\web\index.php(12): require('E:\\UPUPW_ANK_W6...')
#14 {main}
---------------------------------------------------------------
[ 2022-06-17T16:02:33+08:00 ] 125.95.3.229 GET puzhenshop.feibu.info/index.php?s=/factory/goods/edit/goods_id/10010
[ error ] [2]Invalid argument supplied for foreach() [E:\UPUPW_ANK_W64\WebRoot\Vhosts\puzhen\2.0.0\source\runtime\temp\f4074a6ad3d63ef2ef7d9106e413bc31.php:176]
#0 E:\UPUPW_ANK_W64\WebRoot\Vhosts\puzhen\2.0.0\source\runtime\temp\f4074a6ad3d63ef2ef7d9106e413bc31.php(176): think\Error::appError(2, 'Invalid argumen...', 'E:\\UPUPW_ANK_W6...', 176, Array)
#1 E:\UPUPW_ANK_W64\WebRoot\Vhosts\puzhen\2.0.0\source\thinkphp\library\think\template\driver\File.php(53): include('E:\\UPUPW_ANK_W6...')
#2 E:\UPUPW_ANK_W64\WebRoot\Vhosts\puzhen\2.0.0\source\thinkphp\library\think\Template.php(188): think\template\driver\File->read('E:\\UPUPW_ANK_W6...', Array)
#3 E:\UPUPW_ANK_W64\WebRoot\Vhosts\puzhen\2.0.0\source\thinkphp\library\think\view\driver\Think.php(86): think\Template->fetch('E:\\UPUPW_ANK_W6...', Array, Array)
#4 E:\UPUPW_ANK_W64\WebRoot\Vhosts\puzhen\2.0.0\source\thinkphp\library\think\View.php(163): think\view\driver\Think->fetch('E:\\UPUPW_ANK_W6...', Array, Array)
#5 E:\UPUPW_ANK_W64\WebRoot\Vhosts\puzhen\2.0.0\source\thinkphp\library\think\Controller.php(120): think\View->fetch('edit', Array, Array, Array)
#6 E:\UPUPW_ANK_W64\WebRoot\Vhosts\puzhen\2.0.0\source\application\factory\controller\Goods.php(89): think\Controller->fetch('edit', Array)
#7 [internal function]: app\factory\controller\Goods->edit('10010')
#8 E:\UPUPW_ANK_W64\WebRoot\Vhosts\puzhen\2.0.0\source\thinkphp\library\think\App.php(343): ReflectionMethod->invokeArgs(Object(app\factory\controller\Goods), Array)
#9 E:\UPUPW_ANK_W64\WebRoot\Vhosts\puzhen\2.0.0\source\thinkphp\library\think\App.php(611): think\App::invokeMethod(Array, Array)
#10 E:\UPUPW_ANK_W64\WebRoot\Vhosts\puzhen\2.0.0\source\thinkphp\library\think\App.php(456): think\App::module(Array, Array, true)
#11 E:\UPUPW_ANK_W64\WebRoot\Vhosts\puzhen\2.0.0\source\thinkphp\library\think\App.php(139): think\App::exec(Array, Array)
#12 E:\UPUPW_ANK_W64\WebRoot\Vhosts\puzhen\2.0.0\source\thinkphp\start.php(19): think\App::run()
#13 E:\UPUPW_ANK_W64\WebRoot\Vhosts\puzhen\2.0.0\web\index.php(12): require('E:\\UPUPW_ANK_W6...')
#14 {main}
---------------------------------------------------------------
[ 2022-06-17T16:02:42+08:00 ] 125.95.3.229 POST puzhenshop.feibu.info/index.php?s=/factory/goods/delete
[ error ] [0]致命错误: Call to a member function setDelete() on null [E:\UPUPW_ANK_W64\WebRoot\Vhosts\puzhen\2.0.0\source\application\factory\controller\Goods.php:124]
#0 [internal function]: app\factory\controller\Goods->delete('10044')
#1 E:\UPUPW_ANK_W64\WebRoot\Vhosts\puzhen\2.0.0\source\thinkphp\library\think\App.php(343): ReflectionMethod->invokeArgs(Object(app\factory\controller\Goods), Array)
#2 E:\UPUPW_ANK_W64\WebRoot\Vhosts\puzhen\2.0.0\source\thinkphp\library\think\App.php(611): think\App::invokeMethod(Array, Array)
#3 E:\UPUPW_ANK_W64\WebRoot\Vhosts\puzhen\2.0.0\source\thinkphp\library\think\App.php(456): think\App::module(Array, Array, true)
#4 E:\UPUPW_ANK_W64\WebRoot\Vhosts\puzhen\2.0.0\source\thinkphp\library\think\App.php(139): think\App::exec(Array, Array)
#5 E:\UPUPW_ANK_W64\WebRoot\Vhosts\puzhen\2.0.0\source\thinkphp\start.php(19): think\App::run()
#6 E:\UPUPW_ANK_W64\WebRoot\Vhosts\puzhen\2.0.0\web\index.php(12): require('E:\\UPUPW_ANK_W6...')
#7 {main}
---------------------------------------------------------------
[ 2022-06-17T17:45:56+08:00 ] 125.95.3.229 GET puzhenshop.feibu.info/index.php?s=/factory/goods/copy/goods_id/10044
[ error ] [2]Invalid argument supplied for foreach() [E:\UPUPW_ANK_W64\WebRoot\Vhosts\puzhen\2.0.0\source\runtime\temp\f4074a6ad3d63ef2ef7d9106e413bc31.php:176]
#0 E:\UPUPW_ANK_W64\WebRoot\Vhosts\puzhen\2.0.0\source\runtime\temp\f4074a6ad3d63ef2ef7d9106e413bc31.php(176): think\Error::appError(2, 'Invalid argumen...', 'E:\\UPUPW_ANK_W6...', 176, Array)
#1 E:\UPUPW_ANK_W64\WebRoot\Vhosts\puzhen\2.0.0\source\thinkphp\library\think\template\driver\File.php(53): include('E:\\UPUPW_ANK_W6...')
#2 E:\UPUPW_ANK_W64\WebRoot\Vhosts\puzhen\2.0.0\source\thinkphp\library\think\Template.php(188): think\template\driver\File->read('E:\\UPUPW_ANK_W6...', Array)
#3 E:\UPUPW_ANK_W64\WebRoot\Vhosts\puzhen\2.0.0\source\thinkphp\library\think\view\driver\Think.php(86): think\Template->fetch('E:\\UPUPW_ANK_W6...', Array, Array)
#4 E:\UPUPW_ANK_W64\WebRoot\Vhosts\puzhen\2.0.0\source\thinkphp\library\think\View.php(163): think\view\driver\Think->fetch('E:\\UPUPW_ANK_W6...', Array, Array)
#5 E:\UPUPW_ANK_W64\WebRoot\Vhosts\puzhen\2.0.0\source\thinkphp\library\think\Controller.php(120): think\View->fetch('edit', Array, Array, Array)
#6 E:\UPUPW_ANK_W64\WebRoot\Vhosts\puzhen\2.0.0\source\application\factory\controller\Goods.php(67): think\Controller->fetch('edit', Array)
#7 [internal function]: app\factory\controller\Goods->copy('10044')
#8 E:\UPUPW_ANK_W64\WebRoot\Vhosts\puzhen\2.0.0\source\thinkphp\library\think\App.php(343): ReflectionMethod->invokeArgs(Object(app\factory\controller\Goods), Array)
#9 E:\UPUPW_ANK_W64\WebRoot\Vhosts\puzhen\2.0.0\source\thinkphp\library\think\App.php(611): think\App::invokeMethod(Array, Array)
#10 E:\UPUPW_ANK_W64\WebRoot\Vhosts\puzhen\2.0.0\source\thinkphp\library\think\App.php(456): think\App::module(Array, Array, true)
#11 E:\UPUPW_ANK_W64\WebRoot\Vhosts\puzhen\2.0.0\source\thinkphp\library\think\App.php(139): think\App::exec(Array, Array)
#12 E:\UPUPW_ANK_W64\WebRoot\Vhosts\puzhen\2.0.0\source\thinkphp\start.php(19): think\App::run()
#13 E:\UPUPW_ANK_W64\WebRoot\Vhosts\puzhen\2.0.0\web\index.php(12): require('E:\\UPUPW_ANK_W6...')
#14 {main}
---------------------------------------------------------------
[ 2022-06-17T17:46:07+08:00 ] 125.95.3.229 GET puzhenshop.feibu.info/index.php?s=/factory/goods/copy/goods_id/10046
[ error ] [10501]SQLSTATE[42S22]: Column not found: 1054 Unknown column 'puzhen_spec_value.factory_id' in 'where clause' [E:\UPUPW_ANK_W64\WebRoot\Vhosts\puzhen\2.0.0\source\thinkphp\library\think\db\Connection.php:385]
[Error SQL]: SELECT `puzhen_spec_value`.*,pivot.id AS pivot__id,pivot.goods_id AS pivot__goods_id,pivot.spec_id AS pivot__spec_id,pivot.spec_value_id AS pivot__spec_value_id,pivot.factory_id AS pivot__factory_id,pivot.wxapp_id AS pivot__wxapp_id,pivot.create_time AS pivot__create_time FROM `puzhen_spec_value` INNER JOIN `puzhen_goods_spec_rel` `pivot` ON `pivot`.`spec_value_id`=`puzhen_spec_value`.`spec_value_id` WHERE  `puzhen_spec_value`.`wxapp_id` = 10001  AND `puzhen_spec_value`.`factory_id` = 9  AND `pivot`.`goods_id` = 10046 ORDER BY `id` ASC
---------------------------------------------------------------
[ 2022-06-17T17:46:47+08:00 ] 125.95.3.229 GET puzhenshop.feibu.info/index.php?s=/factory/goods/copy/goods_id/10040
[ error ] [10501]SQLSTATE[42S22]: Column not found: 1054 Unknown column 'puzhen_spec_value.factory_id' in 'where clause' [E:\UPUPW_ANK_W64\WebRoot\Vhosts\puzhen\2.0.0\source\thinkphp\library\think\db\Connection.php:385]
[Error SQL]: SELECT `puzhen_spec_value`.*,pivot.id AS pivot__id,pivot.goods_id AS pivot__goods_id,pivot.spec_id AS pivot__spec_id,pivot.spec_value_id AS pivot__spec_value_id,pivot.factory_id AS pivot__factory_id,pivot.wxapp_id AS pivot__wxapp_id,pivot.create_time AS pivot__create_time FROM `puzhen_spec_value` INNER JOIN `puzhen_goods_spec_rel` `pivot` ON `pivot`.`spec_value_id`=`puzhen_spec_value`.`spec_value_id` WHERE  `puzhen_spec_value`.`wxapp_id` = 10001  AND `puzhen_spec_value`.`factory_id` = 9  AND `pivot`.`goods_id` = 10040 ORDER BY `id` ASC
---------------------------------------------------------------
[ 2022-06-17T17:46:53+08:00 ] 125.95.3.229 GET puzhenshop.feibu.info/index.php?s=/factory/goods/edit/goods_id/10040
[ error ] [10501]SQLSTATE[42S22]: Column not found: 1054 Unknown column 'puzhen_spec_value.factory_id' in 'where clause' [E:\UPUPW_ANK_W64\WebRoot\Vhosts\puzhen\2.0.0\source\thinkphp\library\think\db\Connection.php:385]
[Error SQL]: SELECT `puzhen_spec_value`.*,pivot.id AS pivot__id,pivot.goods_id AS pivot__goods_id,pivot.spec_id AS pivot__spec_id,pivot.spec_value_id AS pivot__spec_value_id,pivot.factory_id AS pivot__factory_id,pivot.wxapp_id AS pivot__wxapp_id,pivot.create_time AS pivot__create_time FROM `puzhen_spec_value` INNER JOIN `puzhen_goods_spec_rel` `pivot` ON `pivot`.`spec_value_id`=`puzhen_spec_value`.`spec_value_id` WHERE  `puzhen_spec_value`.`wxapp_id` = 10001  AND `puzhen_spec_value`.`factory_id` = 9  AND `pivot`.`goods_id` = 10040 ORDER BY `id` ASC
---------------------------------------------------------------
[ 2022-06-17T17:49:14+08:00 ] 125.95.3.229 GET puzhenshop.feibu.info/index.php?s=/factory/goods/edit/goods_id/10040
[ error ] [10501]SQLSTATE[42S22]: Column not found: 1054 Unknown column 'puzhen_spec_value.factory_id' in 'where clause' [E:\UPUPW_ANK_W64\WebRoot\Vhosts\puzhen\2.0.0\source\thinkphp\library\think\db\Connection.php:385]
[Error SQL]: SELECT `puzhen_spec_value`.*,pivot.id AS pivot__id,pivot.goods_id AS pivot__goods_id,pivot.spec_id AS pivot__spec_id,pivot.spec_value_id AS pivot__spec_value_id,pivot.factory_id AS pivot__factory_id,pivot.wxapp_id AS pivot__wxapp_id,pivot.create_time AS pivot__create_time FROM `puzhen_spec_value` INNER JOIN `puzhen_goods_spec_rel` `pivot` ON `pivot`.`spec_value_id`=`puzhen_spec_value`.`spec_value_id` WHERE  `puzhen_spec_value`.`wxapp_id` = 10001  AND `puzhen_spec_value`.`factory_id` = 9  AND `pivot`.`goods_id` = 10040 ORDER BY `id` ASC
---------------------------------------------------------------
[ 2022-06-17T17:49:23+08:00 ] 125.95.3.229 GET puzhenshop.feibu.info/index.php?s=/factory/goods/edit/goods_id/10040
[ error ] [10501]SQLSTATE[42S22]: Column not found: 1054 Unknown column 'puzhen_spec_value.factory_id' in 'where clause' [E:\UPUPW_ANK_W64\WebRoot\Vhosts\puzhen\2.0.0\source\thinkphp\library\think\db\Connection.php:385]
[Error SQL]: SELECT `puzhen_spec_value`.*,pivot.id AS pivot__id,pivot.goods_id AS pivot__goods_id,pivot.spec_id AS pivot__spec_id,pivot.spec_value_id AS pivot__spec_value_id,pivot.factory_id AS pivot__factory_id,pivot.wxapp_id AS pivot__wxapp_id,pivot.create_time AS pivot__create_time FROM `puzhen_spec_value` INNER JOIN `puzhen_goods_spec_rel` `pivot` ON `pivot`.`spec_value_id`=`puzhen_spec_value`.`spec_value_id` WHERE  `puzhen_spec_value`.`wxapp_id` = 10001  AND `puzhen_spec_value`.`factory_id` = 9  AND `pivot`.`goods_id` = 10040 ORDER BY `id` ASC
---------------------------------------------------------------
[ 2022-06-17T17:49:49+08:00 ] 125.95.3.229 GET puzhenshop.feibu.info/index.php?s=/factory/goods/edit/goods_id/10040
[ error ] [10501]SQLSTATE[42S22]: Column not found: 1054 Unknown column 'puzhen_spec_value.factory_id' in 'where clause' [E:\UPUPW_ANK_W64\WebRoot\Vhosts\puzhen\2.0.0\source\thinkphp\library\think\db\Connection.php:385]
[Error SQL]: SELECT `puzhen_spec_value`.*,pivot.id AS pivot__id,pivot.goods_id AS pivot__goods_id,pivot.spec_id AS pivot__spec_id,pivot.spec_value_id AS pivot__spec_value_id,pivot.factory_id AS pivot__factory_id,pivot.wxapp_id AS pivot__wxapp_id,pivot.create_time AS pivot__create_time FROM `puzhen_spec_value` INNER JOIN `puzhen_goods_spec_rel` `pivot` ON `pivot`.`spec_value_id`=`puzhen_spec_value`.`spec_value_id` WHERE  `puzhen_spec_value`.`wxapp_id` = 10001  AND `puzhen_spec_value`.`factory_id` = 9  AND `pivot`.`goods_id` = 10040 ORDER BY `id` ASC
---------------------------------------------------------------
[ 2022-06-17T17:50:13+08:00 ] 125.95.3.229 GET puzhenshop.feibu.info/index.php?s=/factory/goods/copy/goods_id/10040
[ error ] [10501]SQLSTATE[42S22]: Column not found: 1054 Unknown column 'puzhen_spec_value.factory_id' in 'where clause' [E:\UPUPW_ANK_W64\WebRoot\Vhosts\puzhen\2.0.0\source\thinkphp\library\think\db\Connection.php:385]
[Error SQL]: SELECT `puzhen_spec_value`.*,pivot.id AS pivot__id,pivot.goods_id AS pivot__goods_id,pivot.spec_id AS pivot__spec_id,pivot.spec_value_id AS pivot__spec_value_id,pivot.factory_id AS pivot__factory_id,pivot.wxapp_id AS pivot__wxapp_id,pivot.create_time AS pivot__create_time FROM `puzhen_spec_value` INNER JOIN `puzhen_goods_spec_rel` `pivot` ON `pivot`.`spec_value_id`=`puzhen_spec_value`.`spec_value_id` WHERE  `puzhen_spec_value`.`wxapp_id` = 10001  AND `puzhen_spec_value`.`factory_id` = 9  AND `pivot`.`goods_id` = 10040 ORDER BY `id` ASC
---------------------------------------------------------------
[ 2022-06-17T17:52:18+08:00 ] 116.21.14.144 GET puzhenshop.feibu.info/index.php?s=/factory/goods/copy/goods_id/10040
[ error ] [10501]SQLSTATE[42S22]: Column not found: 1054 Unknown column 'puzhen_spec_value.factory_id' in 'where clause' [E:\UPUPW_ANK_W64\WebRoot\Vhosts\puzhen\2.0.0\source\thinkphp\library\think\db\Connection.php:385]
[Error SQL]: SELECT `puzhen_spec_value`.*,pivot.id AS pivot__id,pivot.goods_id AS pivot__goods_id,pivot.spec_id AS pivot__spec_id,pivot.spec_value_id AS pivot__spec_value_id,pivot.factory_id AS pivot__factory_id,pivot.wxapp_id AS pivot__wxapp_id,pivot.create_time AS pivot__create_time FROM `puzhen_spec_value` INNER JOIN `puzhen_goods_spec_rel` `pivot` ON `pivot`.`spec_value_id`=`puzhen_spec_value`.`spec_value_id` WHERE  `puzhen_spec_value`.`wxapp_id` = 10001  AND `puzhen_spec_value`.`factory_id` = 9  AND `pivot`.`goods_id` = 10040 ORDER BY `id` ASC
---------------------------------------------------------------
[ 2022-06-17T17:52:24+08:00 ] 116.21.14.144 GET puzhenshop.feibu.info/index.php?s=/factory/goods/copy/goods_id/10046
[ error ] [10501]SQLSTATE[42S22]: Column not found: 1054 Unknown column 'puzhen_spec_value.factory_id' in 'where clause' [E:\UPUPW_ANK_W64\WebRoot\Vhosts\puzhen\2.0.0\source\thinkphp\library\think\db\Connection.php:385]
[Error SQL]: SELECT `puzhen_spec_value`.*,pivot.id AS pivot__id,pivot.goods_id AS pivot__goods_id,pivot.spec_id AS pivot__spec_id,pivot.spec_value_id AS pivot__spec_value_id,pivot.factory_id AS pivot__factory_id,pivot.wxapp_id AS pivot__wxapp_id,pivot.create_time AS pivot__create_time FROM `puzhen_spec_value` INNER JOIN `puzhen_goods_spec_rel` `pivot` ON `pivot`.`spec_value_id`=`puzhen_spec_value`.`spec_value_id` WHERE  `puzhen_spec_value`.`wxapp_id` = 10001  AND `puzhen_spec_value`.`factory_id` = 9  AND `pivot`.`goods_id` = 10046 ORDER BY `id` ASC
---------------------------------------------------------------
[ 2022-06-17T17:53:17+08:00 ] 116.21.14.144 GET puzhenshop.feibu.info/index.php?s=/factory/goods/edit/goods_id/10040
[ error ] [10501]SQLSTATE[42S22]: Column not found: 1054 Unknown column 'puzhen_sharp_goods.factory_id' in 'where clause' [E:\UPUPW_ANK_W64\WebRoot\Vhosts\puzhen\2.0.0\source\thinkphp\library\think\db\Connection.php:385]
[Error SQL]: SELECT `sharp_goods_id` FROM `puzhen_sharp_goods` WHERE  `puzhen_sharp_goods`.`wxapp_id` = 10001  AND `puzhen_sharp_goods`.`factory_id` = 9  AND `goods_id` = 10040  AND `is_delete` = 0 LIMIT 1
---------------------------------------------------------------
[ 2022-06-17T17:53:25+08:00 ] 116.21.14.144 GET puzhenshop.feibu.info/index.php?s=/factory/goods/edit/goods_id/10043
[ error ] [10501]SQLSTATE[42S22]: Column not found: 1054 Unknown column 'puzhen_sharp_goods.factory_id' in 'where clause' [E:\UPUPW_ANK_W64\WebRoot\Vhosts\puzhen\2.0.0\source\thinkphp\library\think\db\Connection.php:385]
[Error SQL]: SELECT `sharp_goods_id` FROM `puzhen_sharp_goods` WHERE  `puzhen_sharp_goods`.`wxapp_id` = 10001  AND `puzhen_sharp_goods`.`factory_id` = 9  AND `goods_id` = 10043  AND `is_delete` = 0 LIMIT 1
