---------------------------------------------------------------
[ 2022-06-21T11:04:59+08:00 ] 116.21.14.144 GET puzhenshop.feibu.info/index.php?s=/api/tea_qrcode_comment/lists/tea_qrcode_id/271&wxapp_id=10001&token=17b0cd625b5890bc05a06bc6629bbac9
[ error ] [0]方法参数错误:goods_id [E:\UPUPW_ANK_W64\WebRoot\Vhosts\puzhen\2.0.0\source\thinkphp\library\think\App.php:431]
#0 E:\UPUPW_ANK_W64\WebRoot\Vhosts\puzhen\2.0.0\source\thinkphp\library\think\App.php(385): think\App::getParamValue(Object(ReflectionParameter), Array, 0)
#1 E:\UPUPW_ANK_W64\WebRoot\Vhosts\puzhen\2.0.0\source\thinkphp\library\think\App.php(339): think\App::bindParams(Object(ReflectionMethod), Array)
#2 E:\UPUPW_ANK_W64\WebRoot\Vhosts\puzhen\2.0.0\source\thinkphp\library\think\App.php(611): think\App::invokeMethod(Array, Array)
#3 E:\UPUPW_ANK_W64\WebRoot\Vhosts\puzhen\2.0.0\source\thinkphp\library\think\App.php(456): think\App::module(Array, Array, true)
#4 E:\UPUPW_ANK_W64\WebRoot\Vhosts\puzhen\2.0.0\source\thinkphp\library\think\App.php(139): think\App::exec(Array, Array)
#5 E:\UPUPW_ANK_W64\WebRoot\Vhosts\puzhen\2.0.0\source\thinkphp\start.php(19): think\App::run()
#6 E:\UPUPW_ANK_W64\WebRoot\Vhosts\puzhen\2.0.0\web\index.php(12): require('E:\\UPUPW_ANK_W6...')
#7 {main}
---------------------------------------------------------------
[ 2022-06-21T11:05:22+08:00 ] 116.21.14.144 GET puzhenshop.feibu.info/index.php?s=/api/tea_qrcode_comment/lists/tea_qrcode_id/272&wxapp_id=10001&token=17b0cd625b5890bc05a06bc6629bbac9
[ error ] [0]方法参数错误:goods_id [E:\UPUPW_ANK_W64\WebRoot\Vhosts\puzhen\2.0.0\source\thinkphp\library\think\App.php:431]
#0 E:\UPUPW_ANK_W64\WebRoot\Vhosts\puzhen\2.0.0\source\thinkphp\library\think\App.php(385): think\App::getParamValue(Object(ReflectionParameter), Array, 0)
#1 E:\UPUPW_ANK_W64\WebRoot\Vhosts\puzhen\2.0.0\source\thinkphp\library\think\App.php(339): think\App::bindParams(Object(ReflectionMethod), Array)
#2 E:\UPUPW_ANK_W64\WebRoot\Vhosts\puzhen\2.0.0\source\thinkphp\library\think\App.php(611): think\App::invokeMethod(Array, Array)
#3 E:\UPUPW_ANK_W64\WebRoot\Vhosts\puzhen\2.0.0\source\thinkphp\library\think\App.php(456): think\App::module(Array, Array, true)
#4 E:\UPUPW_ANK_W64\WebRoot\Vhosts\puzhen\2.0.0\source\thinkphp\library\think\App.php(139): think\App::exec(Array, Array)
#5 E:\UPUPW_ANK_W64\WebRoot\Vhosts\puzhen\2.0.0\source\thinkphp\start.php(19): think\App::run()
#6 E:\UPUPW_ANK_W64\WebRoot\Vhosts\puzhen\2.0.0\web\index.php(12): require('E:\\UPUPW_ANK_W6...')
#7 {main}
---------------------------------------------------------------
[ 2022-06-21T11:06:06+08:00 ] 116.21.14.144 GET puzhenshop.feibu.info/index.php?s=/api/tea_qrcode_comment/lists/tea_qrcode_id/272&wxapp_id=10001&token=17b0cd625b5890bc05a06bc6629bbac9
[ error ] [0]方法参数错误:goods_id [E:\UPUPW_ANK_W64\WebRoot\Vhosts\puzhen\2.0.0\source\thinkphp\library\think\App.php:431]
#0 E:\UPUPW_ANK_W64\WebRoot\Vhosts\puzhen\2.0.0\source\thinkphp\library\think\App.php(385): think\App::getParamValue(Object(ReflectionParameter), Array, 0)
#1 E:\UPUPW_ANK_W64\WebRoot\Vhosts\puzhen\2.0.0\source\thinkphp\library\think\App.php(339): think\App::bindParams(Object(ReflectionMethod), Array)
#2 E:\UPUPW_ANK_W64\WebRoot\Vhosts\puzhen\2.0.0\source\thinkphp\library\think\App.php(611): think\App::invokeMethod(Array, Array)
#3 E:\UPUPW_ANK_W64\WebRoot\Vhosts\puzhen\2.0.0\source\thinkphp\library\think\App.php(456): think\App::module(Array, Array, true)
#4 E:\UPUPW_ANK_W64\WebRoot\Vhosts\puzhen\2.0.0\source\thinkphp\library\think\App.php(139): think\App::exec(Array, Array)
#5 E:\UPUPW_ANK_W64\WebRoot\Vhosts\puzhen\2.0.0\source\thinkphp\start.php(19): think\App::run()
#6 E:\UPUPW_ANK_W64\WebRoot\Vhosts\puzhen\2.0.0\web\index.php(12): require('E:\\UPUPW_ANK_W6...')
#7 {main}
---------------------------------------------------------------
[ 2022-06-21T11:06:46+08:00 ] 116.21.14.144 GET puzhenshop.feibu.info/index.php?s=/api/tea_qrcode_comment/lists/tea_qrcode_id/272&wxapp_id=10001&token=17b0cd625b5890bc05a06bc6629bbac9
[ error ] [0]方法参数错误:goods_id [E:\UPUPW_ANK_W64\WebRoot\Vhosts\puzhen\2.0.0\source\thinkphp\library\think\App.php:431]
#0 E:\UPUPW_ANK_W64\WebRoot\Vhosts\puzhen\2.0.0\source\thinkphp\library\think\App.php(385): think\App::getParamValue(Object(ReflectionParameter), Array, 0)
#1 E:\UPUPW_ANK_W64\WebRoot\Vhosts\puzhen\2.0.0\source\thinkphp\library\think\App.php(339): think\App::bindParams(Object(ReflectionMethod), Array)
#2 E:\UPUPW_ANK_W64\WebRoot\Vhosts\puzhen\2.0.0\source\thinkphp\library\think\App.php(611): think\App::invokeMethod(Array, Array)
#3 E:\UPUPW_ANK_W64\WebRoot\Vhosts\puzhen\2.0.0\source\thinkphp\library\think\App.php(456): think\App::module(Array, Array, true)
#4 E:\UPUPW_ANK_W64\WebRoot\Vhosts\puzhen\2.0.0\source\thinkphp\library\think\App.php(139): think\App::exec(Array, Array)
#5 E:\UPUPW_ANK_W64\WebRoot\Vhosts\puzhen\2.0.0\source\thinkphp\start.php(19): think\App::run()
#6 E:\UPUPW_ANK_W64\WebRoot\Vhosts\puzhen\2.0.0\web\index.php(12): require('E:\\UPUPW_ANK_W6...')
#7 {main}
---------------------------------------------------------------
[ 2022-06-21T11:07:00+08:00 ] 116.21.14.144 GET puzhenshop.feibu.info/index.php?s=/api/tea_qrcode_comment/lists/tea_qrcode_id/272&wxapp_id=10001&token=17b0cd625b5890bc05a06bc6629bbac9
[ error ] [0]方法参数错误:goods_id [E:\UPUPW_ANK_W64\WebRoot\Vhosts\puzhen\2.0.0\source\thinkphp\library\think\App.php:431]
#0 E:\UPUPW_ANK_W64\WebRoot\Vhosts\puzhen\2.0.0\source\thinkphp\library\think\App.php(385): think\App::getParamValue(Object(ReflectionParameter), Array, 0)
#1 E:\UPUPW_ANK_W64\WebRoot\Vhosts\puzhen\2.0.0\source\thinkphp\library\think\App.php(339): think\App::bindParams(Object(ReflectionMethod), Array)
#2 E:\UPUPW_ANK_W64\WebRoot\Vhosts\puzhen\2.0.0\source\thinkphp\library\think\App.php(611): think\App::invokeMethod(Array, Array)
#3 E:\UPUPW_ANK_W64\WebRoot\Vhosts\puzhen\2.0.0\source\thinkphp\library\think\App.php(456): think\App::module(Array, Array, true)
#4 E:\UPUPW_ANK_W64\WebRoot\Vhosts\puzhen\2.0.0\source\thinkphp\library\think\App.php(139): think\App::exec(Array, Array)
#5 E:\UPUPW_ANK_W64\WebRoot\Vhosts\puzhen\2.0.0\source\thinkphp\start.php(19): think\App::run()
#6 E:\UPUPW_ANK_W64\WebRoot\Vhosts\puzhen\2.0.0\web\index.php(12): require('E:\\UPUPW_ANK_W6...')
#7 {main}
---------------------------------------------------------------
[ 2022-06-21T11:07:11+08:00 ] 116.21.14.144 GET puzhenshop.feibu.info/index.php?s=/api/tea_qrcode_comment/lists/tea_qrcode_id/272&wxapp_id=10001&token=17b0cd625b5890bc05a06bc6629bbac9
[ error ] [0]方法参数错误:goods_id [E:\UPUPW_ANK_W64\WebRoot\Vhosts\puzhen\2.0.0\source\thinkphp\library\think\App.php:431]
#0 E:\UPUPW_ANK_W64\WebRoot\Vhosts\puzhen\2.0.0\source\thinkphp\library\think\App.php(385): think\App::getParamValue(Object(ReflectionParameter), Array, 0)
#1 E:\UPUPW_ANK_W64\WebRoot\Vhosts\puzhen\2.0.0\source\thinkphp\library\think\App.php(339): think\App::bindParams(Object(ReflectionMethod), Array)
#2 E:\UPUPW_ANK_W64\WebRoot\Vhosts\puzhen\2.0.0\source\thinkphp\library\think\App.php(611): think\App::invokeMethod(Array, Array)
#3 E:\UPUPW_ANK_W64\WebRoot\Vhosts\puzhen\2.0.0\source\thinkphp\library\think\App.php(456): think\App::module(Array, Array, true)
#4 E:\UPUPW_ANK_W64\WebRoot\Vhosts\puzhen\2.0.0\source\thinkphp\library\think\App.php(139): think\App::exec(Array, Array)
#5 E:\UPUPW_ANK_W64\WebRoot\Vhosts\puzhen\2.0.0\source\thinkphp\start.php(19): think\App::run()
#6 E:\UPUPW_ANK_W64\WebRoot\Vhosts\puzhen\2.0.0\web\index.php(12): require('E:\\UPUPW_ANK_W6...')
#7 {main}
---------------------------------------------------------------
[ 2022-06-21T13:06:43+08:00 ] 125.95.2.179 GET puzhenshop.feibu.info/index.php?s=/api/tea_qrcode_comment/lists/tea_qrcode_id/275&wxapp_id=10001&token=756f6be1ef6763ac95920cd3dfe267bf
[ error ] [0]方法参数错误:goods_id [E:\UPUPW_ANK_W64\WebRoot\Vhosts\puzhen\2.0.0\source\thinkphp\library\think\App.php:431]
#0 E:\UPUPW_ANK_W64\WebRoot\Vhosts\puzhen\2.0.0\source\thinkphp\library\think\App.php(385): think\App::getParamValue(Object(ReflectionParameter), Array, 0)
#1 E:\UPUPW_ANK_W64\WebRoot\Vhosts\puzhen\2.0.0\source\thinkphp\library\think\App.php(339): think\App::bindParams(Object(ReflectionMethod), Array)
#2 E:\UPUPW_ANK_W64\WebRoot\Vhosts\puzhen\2.0.0\source\thinkphp\library\think\App.php(611): think\App::invokeMethod(Array, Array)
#3 E:\UPUPW_ANK_W64\WebRoot\Vhosts\puzhen\2.0.0\source\thinkphp\library\think\App.php(456): think\App::module(Array, Array, true)
#4 E:\UPUPW_ANK_W64\WebRoot\Vhosts\puzhen\2.0.0\source\thinkphp\library\think\App.php(139): think\App::exec(Array, Array)
#5 E:\UPUPW_ANK_W64\WebRoot\Vhosts\puzhen\2.0.0\source\thinkphp\start.php(19): think\App::run()
#6 E:\UPUPW_ANK_W64\WebRoot\Vhosts\puzhen\2.0.0\web\index.php(12): require('E:\\UPUPW_ANK_W6...')
#7 {main}
---------------------------------------------------------------
[ 2022-06-21T13:06:49+08:00 ] 125.95.2.179 GET puzhenshop.feibu.info/index.php?s=/api/tea_qrcode_comment/lists/tea_qrcode_id/275&wxapp_id=10001&token=756f6be1ef6763ac95920cd3dfe267bf
[ error ] [0]方法参数错误:goods_id [E:\UPUPW_ANK_W64\WebRoot\Vhosts\puzhen\2.0.0\source\thinkphp\library\think\App.php:431]
#0 E:\UPUPW_ANK_W64\WebRoot\Vhosts\puzhen\2.0.0\source\thinkphp\library\think\App.php(385): think\App::getParamValue(Object(ReflectionParameter), Array, 0)
#1 E:\UPUPW_ANK_W64\WebRoot\Vhosts\puzhen\2.0.0\source\thinkphp\library\think\App.php(339): think\App::bindParams(Object(ReflectionMethod), Array)
#2 E:\UPUPW_ANK_W64\WebRoot\Vhosts\puzhen\2.0.0\source\thinkphp\library\think\App.php(611): think\App::invokeMethod(Array, Array)
#3 E:\UPUPW_ANK_W64\WebRoot\Vhosts\puzhen\2.0.0\source\thinkphp\library\think\App.php(456): think\App::module(Array, Array, true)
#4 E:\UPUPW_ANK_W64\WebRoot\Vhosts\puzhen\2.0.0\source\thinkphp\library\think\App.php(139): think\App::exec(Array, Array)
#5 E:\UPUPW_ANK_W64\WebRoot\Vhosts\puzhen\2.0.0\source\thinkphp\start.php(19): think\App::run()
#6 E:\UPUPW_ANK_W64\WebRoot\Vhosts\puzhen\2.0.0\web\index.php(12): require('E:\\UPUPW_ANK_W6...')
#7 {main}
---------------------------------------------------------------
[ 2022-06-21T13:07:00+08:00 ] 125.95.2.179 GET puzhenshop.feibu.info/index.php?s=/api/tea_qrcode_comment/lists/tea_qrcode_id/272&wxapp_id=10001&token=756f6be1ef6763ac95920cd3dfe267bf
[ error ] [0]方法参数错误:goods_id [E:\UPUPW_ANK_W64\WebRoot\Vhosts\puzhen\2.0.0\source\thinkphp\library\think\App.php:431]
#0 E:\UPUPW_ANK_W64\WebRoot\Vhosts\puzhen\2.0.0\source\thinkphp\library\think\App.php(385): think\App::getParamValue(Object(ReflectionParameter), Array, 0)
#1 E:\UPUPW_ANK_W64\WebRoot\Vhosts\puzhen\2.0.0\source\thinkphp\library\think\App.php(339): think\App::bindParams(Object(ReflectionMethod), Array)
#2 E:\UPUPW_ANK_W64\WebRoot\Vhosts\puzhen\2.0.0\source\thinkphp\library\think\App.php(611): think\App::invokeMethod(Array, Array)
#3 E:\UPUPW_ANK_W64\WebRoot\Vhosts\puzhen\2.0.0\source\thinkphp\library\think\App.php(456): think\App::module(Array, Array, true)
#4 E:\UPUPW_ANK_W64\WebRoot\Vhosts\puzhen\2.0.0\source\thinkphp\library\think\App.php(139): think\App::exec(Array, Array)
#5 E:\UPUPW_ANK_W64\WebRoot\Vhosts\puzhen\2.0.0\source\thinkphp\start.php(19): think\App::run()
#6 E:\UPUPW_ANK_W64\WebRoot\Vhosts\puzhen\2.0.0\web\index.php(12): require('E:\\UPUPW_ANK_W6...')
#7 {main}
---------------------------------------------------------------
[ 2022-06-21T13:07:39+08:00 ] 125.95.2.179 GET puzhenshop.feibu.info/index.php?s=/api/tea_qrcode_comment/lists/tea_qrcode_id/272&wxapp_id=10001&token=756f6be1ef6763ac95920cd3dfe267bf
[ error ] [0]方法参数错误:goods_id [E:\UPUPW_ANK_W64\WebRoot\Vhosts\puzhen\2.0.0\source\thinkphp\library\think\App.php:431]
#0 E:\UPUPW_ANK_W64\WebRoot\Vhosts\puzhen\2.0.0\source\thinkphp\library\think\App.php(385): think\App::getParamValue(Object(ReflectionParameter), Array, 0)
#1 E:\UPUPW_ANK_W64\WebRoot\Vhosts\puzhen\2.0.0\source\thinkphp\library\think\App.php(339): think\App::bindParams(Object(ReflectionMethod), Array)
#2 E:\UPUPW_ANK_W64\WebRoot\Vhosts\puzhen\2.0.0\source\thinkphp\library\think\App.php(611): think\App::invokeMethod(Array, Array)
#3 E:\UPUPW_ANK_W64\WebRoot\Vhosts\puzhen\2.0.0\source\thinkphp\library\think\App.php(456): think\App::module(Array, Array, true)
#4 E:\UPUPW_ANK_W64\WebRoot\Vhosts\puzhen\2.0.0\source\thinkphp\library\think\App.php(139): think\App::exec(Array, Array)
#5 E:\UPUPW_ANK_W64\WebRoot\Vhosts\puzhen\2.0.0\source\thinkphp\start.php(19): think\App::run()
#6 E:\UPUPW_ANK_W64\WebRoot\Vhosts\puzhen\2.0.0\web\index.php(12): require('E:\\UPUPW_ANK_W6...')
#7 {main}
---------------------------------------------------------------
[ 2022-06-21T13:07:48+08:00 ] 125.95.2.179 GET puzhenshop.feibu.info/index.php?s=/api/tea_qrcode_comment/lists/tea_qrcode_id/275&wxapp_id=10001&token=756f6be1ef6763ac95920cd3dfe267bf
[ error ] [0]方法参数错误:goods_id [E:\UPUPW_ANK_W64\WebRoot\Vhosts\puzhen\2.0.0\source\thinkphp\library\think\App.php:431]
#0 E:\UPUPW_ANK_W64\WebRoot\Vhosts\puzhen\2.0.0\source\thinkphp\library\think\App.php(385): think\App::getParamValue(Object(ReflectionParameter), Array, 0)
#1 E:\UPUPW_ANK_W64\WebRoot\Vhosts\puzhen\2.0.0\source\thinkphp\library\think\App.php(339): think\App::bindParams(Object(ReflectionMethod), Array)
#2 E:\UPUPW_ANK_W64\WebRoot\Vhosts\puzhen\2.0.0\source\thinkphp\library\think\App.php(611): think\App::invokeMethod(Array, Array)
#3 E:\UPUPW_ANK_W64\WebRoot\Vhosts\puzhen\2.0.0\source\thinkphp\library\think\App.php(456): think\App::module(Array, Array, true)
#4 E:\UPUPW_ANK_W64\WebRoot\Vhosts\puzhen\2.0.0\source\thinkphp\library\think\App.php(139): think\App::exec(Array, Array)
#5 E:\UPUPW_ANK_W64\WebRoot\Vhosts\puzhen\2.0.0\source\thinkphp\start.php(19): think\App::run()
#6 E:\UPUPW_ANK_W64\WebRoot\Vhosts\puzhen\2.0.0\web\index.php(12): require('E:\\UPUPW_ANK_W6...')
#7 {main}
