---------------------------------------------------------------
[ 2022-06-24T08:39:56+08:00 ] 140.243.21.180 GET puzhenshop.feibu.info/index.php?s=/api/page/banner&wxapp_id=10001&token=706af79c489660cd380b65e352ef4dcb
[ begin ] [ ROUTE ] array (
  'type' => 'module',
  'module' => 
  array (
    0 => 'api',
    1 => 'page',
    2 => 'banner',
  ),
)
[ begin ] [ HEADER ] array (
  'accept-encoding' => 'gzip,compress,br,deflate',
  'content-type' => 'application/json',
  'user-agent' => 'Mozilla/5.0 (Linux; Android 11; PCAM00 Build/RKQ1.201217.002; wv) AppleWebKit/537.36 (KHTML, like Gecko) Version/4.0 Chrome/86.0.4240.99 XWEB/4255 MMWEBSDK/20220505 Mobile Safari/537.36 MMWEBID/1497 MicroMessenger/8.0.23.2160(0x28001772) WeChat/arm64 Weixin NetType/ctnet Language/zh_CN ABI/arm64 MiniProgramEnv/android',
  'charset' => 'utf-8',
  'connection' => 'close',
  'host' => 'puzhenshop.feibu.info',
)
[ begin ] [ PARAM ] array (
  'wxapp_id' => '10001',
  'token' => '706af79c489660cd380b65e352ef4dcb',
)
---------------------------------------------------------------
[ 2022-06-24T08:39:56+08:00 ] 140.243.21.180 GET puzhenshop.feibu.info/index.php?s=/api/page/index&page_id=0&wxapp_id=10001&token=706af79c489660cd380b65e352ef4dcb
[ begin ] [ ROUTE ] array (
  'type' => 'module',
  'module' => 
  array (
    0 => 'api',
    1 => 'page',
    2 => 'index',
  ),
)
[ begin ] [ HEADER ] array (
  'accept-encoding' => 'gzip,compress,br,deflate',
  'content-type' => 'application/json',
  'user-agent' => 'Mozilla/5.0 (Linux; Android 11; PCAM00 Build/RKQ1.201217.002; wv) AppleWebKit/537.36 (KHTML, like Gecko) Version/4.0 Chrome/86.0.4240.99 XWEB/4255 MMWEBSDK/20220505 Mobile Safari/537.36 MMWEBID/1497 MicroMessenger/8.0.23.2160(0x28001772) WeChat/arm64 Weixin NetType/ctnet Language/zh_CN ABI/arm64 MiniProgramEnv/android',
  'charset' => 'utf-8',
  'connection' => 'close',
  'host' => 'puzhenshop.feibu.info',
)
[ begin ] [ PARAM ] array (
  'page_id' => '0',
  'wxapp_id' => '10001',
  'token' => '706af79c489660cd380b65e352ef4dcb',
)
---------------------------------------------------------------
[ 2022-06-24T08:40:02+08:00 ] 140.243.21.180 GET puzhenshop.feibu.info/index.php?s=/api/category/index&wxapp_id=10001&token=706af79c489660cd380b65e352ef4dcb
[ begin ] [ ROUTE ] array (
  'type' => 'module',
  'module' => 
  array (
    0 => 'api',
    1 => 'category',
    2 => 'index',
  ),
)
[ begin ] [ HEADER ] array (
  'accept-encoding' => 'gzip,compress,br,deflate',
  'content-type' => 'application/json',
  'user-agent' => 'Mozilla/5.0 (Linux; Android 11; PCAM00 Build/RKQ1.201217.002; wv) AppleWebKit/537.36 (KHTML, like Gecko) Version/4.0 Chrome/86.0.4240.99 XWEB/4255 MMWEBSDK/20220505 Mobile Safari/537.36 MMWEBID/1497 MicroMessenger/8.0.23.2160(0x28001772) WeChat/arm64 Weixin NetType/ctnet Language/zh_CN ABI/arm64 MiniProgramEnv/android',
  'charset' => 'utf-8',
  'connection' => 'close',
  'host' => 'puzhenshop.feibu.info',
)
[ begin ] [ PARAM ] array (
  'wxapp_id' => '10001',
  'token' => '706af79c489660cd380b65e352ef4dcb',
)
---------------------------------------------------------------
[ 2022-06-24T09:58:36+08:00 ] 27.149.110.48 GET puzhenshop.feibu.info/index.php?s=/api/page/index&page_id=0&wxapp_id=10001&token=
[ begin ] [ ROUTE ] array (
  'type' => 'module',
  'module' => 
  array (
    0 => 'api',
    1 => 'page',
    2 => 'index',
  ),
)
[ begin ] [ HEADER ] array (
  'accept-encoding' => 'gzip,compress,br,deflate',
  'content-type' => 'application/json',
  'user-agent' => 'Mozilla/5.0 (Linux; Android 12; M2012K11AC Build/SKQ1.211006.001; wv) AppleWebKit/537.36 (KHTML, like Gecko) Version/4.0 Chrome/86.0.4240.99 XWEB/4255 MMWEBSDK/20220505 Mobile Safari/537.36 MMWEBID/7767 MicroMessenger/8.0.23.2160(0x28001768) WeChat/arm64 Weixin NetType/5G Language/zh_CN ABI/arm64 MiniProgramEnv/android',
  'charset' => 'utf-8',
  'connection' => 'close',
  'host' => 'puzhenshop.feibu.info',
)
[ begin ] [ PARAM ] array (
  'page_id' => '0',
  'wxapp_id' => '10001',
  'token' => '',
)
---------------------------------------------------------------
[ 2022-06-24T09:58:36+08:00 ] 27.149.110.48 GET puzhenshop.feibu.info/index.php?s=/api/page/banner&wxapp_id=10001&token=
[ begin ] [ ROUTE ] array (
  'type' => 'module',
  'module' => 
  array (
    0 => 'api',
    1 => 'page',
    2 => 'banner',
  ),
)
[ begin ] [ HEADER ] array (
  'accept-encoding' => 'gzip,compress,br,deflate',
  'content-type' => 'application/json',
  'user-agent' => 'Mozilla/5.0 (Linux; Android 12; M2012K11AC Build/SKQ1.211006.001; wv) AppleWebKit/537.36 (KHTML, like Gecko) Version/4.0 Chrome/86.0.4240.99 XWEB/4255 MMWEBSDK/20220505 Mobile Safari/537.36 MMWEBID/7767 MicroMessenger/8.0.23.2160(0x28001768) WeChat/arm64 Weixin NetType/5G Language/zh_CN ABI/arm64 MiniProgramEnv/android',
  'charset' => 'utf-8',
  'connection' => 'close',
  'host' => 'puzhenshop.feibu.info',
)
[ begin ] [ PARAM ] array (
  'wxapp_id' => '10001',
  'token' => '',
)
---------------------------------------------------------------
[ 2022-06-24T09:58:45+08:00 ] 27.149.110.48 GET puzhenshop.feibu.info/index.php?s=/api/user.equipment/lists&page=1&wxapp_id=10001&token=
[ begin ] [ ROUTE ] array (
  'type' => 'module',
  'module' => 
  array (
    0 => 'api',
    1 => 'user.equipment',
    2 => 'lists',
  ),
)
[ begin ] [ HEADER ] array (
  'accept-encoding' => 'gzip,compress,br,deflate',
  'content-type' => 'application/json',
  'user-agent' => 'Mozilla/5.0 (Linux; Android 12; M2012K11AC Build/SKQ1.211006.001; wv) AppleWebKit/537.36 (KHTML, like Gecko) Version/4.0 Chrome/86.0.4240.99 XWEB/4255 MMWEBSDK/20220505 Mobile Safari/537.36 MMWEBID/7767 MicroMessenger/8.0.23.2160(0x28001768) WeChat/arm64 Weixin NetType/5G Language/zh_CN ABI/arm64 MiniProgramEnv/android',
  'charset' => 'utf-8',
  'connection' => 'close',
  'host' => 'puzhenshop.feibu.info',
)
[ begin ] [ PARAM ] array (
  'page' => '1',
  'wxapp_id' => '10001',
  'token' => '',
)
---------------------------------------------------------------
[ 2022-06-24T09:58:52+08:00 ] 27.149.110.48 POST puzhenshop.feibu.info/index.php?s=/api/user/login
[ begin ] [ ROUTE ] array (
  'type' => 'module',
  'module' => 
  array (
    0 => 'api',
    1 => 'user',
    2 => 'login',
  ),
)
[ begin ] [ HEADER ] array (
  'accept-encoding' => 'gzip,compress,br,deflate',
  'content-type' => 'application/x-www-form-urlencoded',
  'user-agent' => 'Mozilla/5.0 (Linux; Android 12; M2012K11AC Build/SKQ1.211006.001; wv) AppleWebKit/537.36 (KHTML, like Gecko) Version/4.0 Chrome/86.0.4240.99 XWEB/4255 MMWEBSDK/20220505 Mobile Safari/537.36 MMWEBID/7767 MicroMessenger/8.0.23.2160(0x28001768) WeChat/arm64 Weixin NetType/5G Language/zh_CN ABI/arm64 MiniProgramEnv/android',
  'charset' => 'utf-8',
  'content-length' => '1034',
  'connection' => 'close',
  'host' => 'puzhenshop.feibu.info',
)
[ begin ] [ PARAM ] array (
  'code' => '053s35100Ib45O1eU4100DBa2E3s351L',
  'user_info' => '{&quot;nickName&quot;:&quot;罗超&quot;,&quot;gender&quot;:0,&quot;language&quot;:&quot;zh_CN&quot;,&quot;city&quot;:&quot;&quot;,&quot;province&quot;:&quot;&quot;,&quot;country&quot;:&quot;&quot;,&quot;avatarUrl&quot;:&quot;https://thirdwx.qlogo.cn/mmopen/vi_32/4AsjgAb0Ay8ianBN8fR0dfaPMUs1yFSVibL7jZnsvuTbviblIEsz13eADouduoibW5NADl9vtBt3rOszXlibpiclZ4KA/132&quot;}',
  'encrypted_data' => 'Q7BGhCruj41dzkf6eqin91VA4yeFvXQ+lbsoPjnuP+jLrn64s0PflfJ+NSrI11/6Wh6jeRMTzPiIKyMqAFWD6H0/QhN3sgF1K0DOrWX95HL6ZohjGHMXMfr1KeonQdzoNoLZiEdlm6dhWwmIkYIB2zBpK3fpkMr4uQ0XkGwqVGva+73h0+9tOW39mF3c5wyyw6q+nxcCJpre6ksm9kz8nAB+kVfvFNxHy2rlmAXUru/YmtMUCsdfD5w83Yr9MkYRQNNrrUpcuLVPSQuT3a0l8qYtW8M00PwhczjCuQV3YzeS7BJ/V8kZiIung/LCgINHJJ8Wg3blnVycAtqLobO5MHiGEWkpNtEM5tcQP8MDgfP3KDyRqZRlyBWDaPnVaOnobruDY/8Lma1wUX1b+8D9KU1gln2R8cHQX6e9Ten+Th7SqjjwVk05nOgjXnyZ5PtE/rEOO3q5Afrh2kq6nYklEQ==',
  'iv' => 'xCyz5VTKiewp81WMtpZn0g==',
  'signature' => '95456ec07c2fb7ad43afd159169eac3e24b76f79',
  'referee_id' => '',
  'wxapp_id' => '10001',
  'token' => '',
)
---------------------------------------------------------------
[ 2022-06-24T09:58:53+08:00 ] 27.149.110.48 GET puzhenshop.feibu.info/index.php?s=/api/user.equipment/lists&page=1&wxapp_id=10001&token=39a95e4722341b14dd5946789ded1b5f
[ begin ] [ ROUTE ] array (
  'type' => 'module',
  'module' => 
  array (
    0 => 'api',
    1 => 'user.equipment',
    2 => 'lists',
  ),
)
[ begin ] [ HEADER ] array (
  'accept-encoding' => 'gzip,compress,br,deflate',
  'content-type' => 'application/json',
  'user-agent' => 'Mozilla/5.0 (Linux; Android 12; M2012K11AC Build/SKQ1.211006.001; wv) AppleWebKit/537.36 (KHTML, like Gecko) Version/4.0 Chrome/86.0.4240.99 XWEB/4255 MMWEBSDK/20220505 Mobile Safari/537.36 MMWEBID/7767 MicroMessenger/8.0.23.2160(0x28001768) WeChat/arm64 Weixin NetType/5G Language/zh_CN ABI/arm64 MiniProgramEnv/android',
  'charset' => 'utf-8',
  'connection' => 'close',
  'host' => 'puzhenshop.feibu.info',
)
[ begin ] [ PARAM ] array (
  'page' => '1',
  'wxapp_id' => '10001',
  'token' => '39a95e4722341b14dd5946789ded1b5f',
)
---------------------------------------------------------------
[ 2022-06-24T09:58:57+08:00 ] 27.149.110.48 GET puzhenshop.feibu.info/index.php?s=/api/tea_qrcode/lists&page=1&wxapp_id=10001&token=39a95e4722341b14dd5946789ded1b5f
[ begin ] [ ROUTE ] array (
  'type' => 'module',
  'module' => 
  array (
    0 => 'api',
    1 => 'tea_qrcode',
    2 => 'lists',
  ),
)
[ begin ] [ HEADER ] array (
  'accept-encoding' => 'gzip,compress,br,deflate',
  'content-type' => 'application/json',
  'user-agent' => 'Mozilla/5.0 (Linux; Android 12; M2012K11AC Build/SKQ1.211006.001; wv) AppleWebKit/537.36 (KHTML, like Gecko) Version/4.0 Chrome/86.0.4240.99 XWEB/4255 MMWEBSDK/20220505 Mobile Safari/537.36 MMWEBID/7767 MicroMessenger/8.0.23.2160(0x28001768) WeChat/arm64 Weixin NetType/5G Language/zh_CN ABI/arm64 MiniProgramEnv/android',
  'charset' => 'utf-8',
  'connection' => 'close',
  'host' => 'puzhenshop.feibu.info',
)
[ begin ] [ PARAM ] array (
  'page' => '1',
  'wxapp_id' => '10001',
  'token' => '39a95e4722341b14dd5946789ded1b5f',
)
---------------------------------------------------------------
[ 2022-06-24T09:58:58+08:00 ] 27.149.110.48 GET puzhenshop.feibu.info/index.php?s=/api/tea_qrcode/lists&page=1&wxapp_id=10001&token=39a95e4722341b14dd5946789ded1b5f
[ begin ] [ ROUTE ] array (
  'type' => 'module',
  'module' => 
  array (
    0 => 'api',
    1 => 'tea_qrcode',
    2 => 'lists',
  ),
)
[ begin ] [ HEADER ] array (
  'accept-encoding' => 'gzip,compress,br,deflate',
  'content-type' => 'application/json',
  'user-agent' => 'Mozilla/5.0 (Linux; Android 12; M2012K11AC Build/SKQ1.211006.001; wv) AppleWebKit/537.36 (KHTML, like Gecko) Version/4.0 Chrome/86.0.4240.99 XWEB/4255 MMWEBSDK/20220505 Mobile Safari/537.36 MMWEBID/7767 MicroMessenger/8.0.23.2160(0x28001768) WeChat/arm64 Weixin NetType/5G Language/zh_CN ABI/arm64 MiniProgramEnv/android',
  'charset' => 'utf-8',
  'connection' => 'close',
  'host' => 'puzhenshop.feibu.info',
)
[ begin ] [ PARAM ] array (
  'page' => '1',
  'wxapp_id' => '10001',
  'token' => '39a95e4722341b14dd5946789ded1b5f',
)
---------------------------------------------------------------
[ 2022-06-24T09:59:03+08:00 ] 27.149.110.48 GET puzhenshop.feibu.info/index.php?s=/api/tea_qrcode/detail&tea_qrcode_id=190&wxapp_id=10001&token=39a95e4722341b14dd5946789ded1b5f
[ begin ] [ ROUTE ] array (
  'type' => 'module',
  'module' => 
  array (
    0 => 'api',
    1 => 'tea_qrcode',
    2 => 'detail',
  ),
)
[ begin ] [ HEADER ] array (
  'accept-encoding' => 'gzip,compress,br,deflate',
  'content-type' => 'application/json',
  'user-agent' => 'Mozilla/5.0 (Linux; Android 12; M2012K11AC Build/SKQ1.211006.001; wv) AppleWebKit/537.36 (KHTML, like Gecko) Version/4.0 Chrome/86.0.4240.99 XWEB/4255 MMWEBSDK/20220505 Mobile Safari/537.36 MMWEBID/7767 MicroMessenger/8.0.23.2160(0x28001768) WeChat/arm64 Weixin NetType/5G Language/zh_CN ABI/arm64 MiniProgramEnv/android',
  'charset' => 'utf-8',
  'connection' => 'close',
  'host' => 'puzhenshop.feibu.info',
)
[ begin ] [ PARAM ] array (
  'tea_qrcode_id' => '190',
  'wxapp_id' => '10001',
  'token' => '39a95e4722341b14dd5946789ded1b5f',
)
---------------------------------------------------------------
[ 2022-06-24T09:59:05+08:00 ] 27.149.110.48 POST puzhenshop.feibu.info/index.php?s=/api/tea_qrcode/delete
[ begin ] [ ROUTE ] array (
  'type' => 'module',
  'module' => 
  array (
    0 => 'api',
    1 => 'tea_qrcode',
    2 => 'delete',
  ),
)
[ begin ] [ HEADER ] array (
  'accept-encoding' => 'gzip,compress,br,deflate',
  'content-type' => 'application/x-www-form-urlencoded',
  'user-agent' => 'Mozilla/5.0 (Linux; Android 12; M2012K11AC Build/SKQ1.211006.001; wv) AppleWebKit/537.36 (KHTML, like Gecko) Version/4.0 Chrome/86.0.4240.99 XWEB/4255 MMWEBSDK/20220505 Mobile Safari/537.36 MMWEBID/7767 MicroMessenger/8.0.23.2160(0x28001768) WeChat/arm64 Weixin NetType/5G Language/zh_CN ABI/arm64 MiniProgramEnv/android',
  'charset' => 'utf-8',
  'content-length' => '71',
  'connection' => 'close',
  'host' => 'puzhenshop.feibu.info',
)
[ begin ] [ PARAM ] array (
  'tea_qrcode_id' => '190',
  'wxapp_id' => '10001',
  'token' => '39a95e4722341b14dd5946789ded1b5f',
)
---------------------------------------------------------------
[ 2022-06-24T09:59:06+08:00 ] 27.149.110.48 GET puzhenshop.feibu.info/index.php?s=/api/tea_qrcode/lists&page=1&wxapp_id=10001&token=39a95e4722341b14dd5946789ded1b5f
[ begin ] [ ROUTE ] array (
  'type' => 'module',
  'module' => 
  array (
    0 => 'api',
    1 => 'tea_qrcode',
    2 => 'lists',
  ),
)
[ begin ] [ HEADER ] array (
  'accept-encoding' => 'gzip,compress,br,deflate',
  'content-type' => 'application/json',
  'user-agent' => 'Mozilla/5.0 (Linux; Android 12; M2012K11AC Build/SKQ1.211006.001; wv) AppleWebKit/537.36 (KHTML, like Gecko) Version/4.0 Chrome/86.0.4240.99 XWEB/4255 MMWEBSDK/20220505 Mobile Safari/537.36 MMWEBID/7767 MicroMessenger/8.0.23.2160(0x28001768) WeChat/arm64 Weixin NetType/5G Language/zh_CN ABI/arm64 MiniProgramEnv/android',
  'charset' => 'utf-8',
  'connection' => 'close',
  'host' => 'puzhenshop.feibu.info',
)
[ begin ] [ PARAM ] array (
  'page' => '1',
  'wxapp_id' => '10001',
  'token' => '39a95e4722341b14dd5946789ded1b5f',
)
---------------------------------------------------------------
[ 2022-06-24T10:02:59+08:00 ] 27.149.110.48 GET puzhenshop.feibu.info/index.php?s=/api/tea_qrcode/lists&page=1&wxapp_id=10001&token=39a95e4722341b14dd5946789ded1b5f
[ begin ] [ ROUTE ] array (
  'type' => 'module',
  'module' => 
  array (
    0 => 'api',
    1 => 'tea_qrcode',
    2 => 'lists',
  ),
)
[ begin ] [ HEADER ] array (
  'accept-encoding' => 'gzip,compress,br,deflate',
  'content-type' => 'application/json',
  'user-agent' => 'Mozilla/5.0 (Linux; Android 12; M2012K11AC Build/SKQ1.211006.001; wv) AppleWebKit/537.36 (KHTML, like Gecko) Version/4.0 Chrome/86.0.4240.99 XWEB/4255 MMWEBSDK/20220505 Mobile Safari/537.36 MMWEBID/7767 MicroMessenger/8.0.23.2160(0x28001768) WeChat/arm64 Weixin NetType/5G Language/zh_CN ABI/arm64 MiniProgramEnv/android',
  'charset' => 'utf-8',
  'connection' => 'close',
  'host' => 'puzhenshop.feibu.info',
)
[ begin ] [ PARAM ] array (
  'page' => '1',
  'wxapp_id' => '10001',
  'token' => '39a95e4722341b14dd5946789ded1b5f',
)
---------------------------------------------------------------
[ 2022-06-24T10:04:08+08:00 ] 27.149.110.48 GET puzhenshop.feibu.info/index.php?s=/api/goods/detail&goods_id=10057&wxapp_id=10001&token=39a95e4722341b14dd5946789ded1b5f
[ begin ] [ ROUTE ] array (
  'type' => 'module',
  'module' => 
  array (
    0 => 'api',
    1 => 'goods',
    2 => 'detail',
  ),
)
[ begin ] [ HEADER ] array (
  'accept-encoding' => 'gzip,compress,br,deflate',
  'content-type' => 'application/json',
  'user-agent' => 'Mozilla/5.0 (Linux; Android 12; M2012K11AC Build/SKQ1.211006.001; wv) AppleWebKit/537.36 (KHTML, like Gecko) Version/4.0 Chrome/86.0.4240.99 XWEB/4255 MMWEBSDK/20220505 Mobile Safari/537.36 MMWEBID/7767 MicroMessenger/8.0.23.2160(0x28001768) WeChat/arm64 Weixin NetType/5G Language/zh_CN ABI/arm64 MiniProgramEnv/android',
  'charset' => 'utf-8',
  'connection' => 'close',
  'host' => 'puzhenshop.feibu.info',
)
[ begin ] [ PARAM ] array (
  'goods_id' => '10057',
  'wxapp_id' => '10001',
  'token' => '39a95e4722341b14dd5946789ded1b5f',
)
---------------------------------------------------------------
[ 2022-06-24T10:15:26+08:00 ] 27.149.110.48 GET puzhenshop.feibu.info/index.php?s=/api/page/banner&wxapp_id=10001&token=39a95e4722341b14dd5946789ded1b5f
[ begin ] [ ROUTE ] array (
  'type' => 'module',
  'module' => 
  array (
    0 => 'api',
    1 => 'page',
    2 => 'banner',
  ),
)
[ begin ] [ HEADER ] array (
  'accept-encoding' => 'gzip,compress,br,deflate',
  'content-type' => 'application/json',
  'user-agent' => 'Mozilla/5.0 (Linux; Android 12; M2012K11AC Build/SKQ1.211006.001; wv) AppleWebKit/537.36 (KHTML, like Gecko) Version/4.0 Chrome/86.0.4240.99 XWEB/4255 MMWEBSDK/20220505 Mobile Safari/537.36 MMWEBID/7767 MicroMessenger/8.0.23.2160(0x28001768) WeChat/arm64 Weixin NetType/5G Language/zh_CN ABI/arm64 MiniProgramEnv/android',
  'charset' => 'utf-8',
  'connection' => 'close',
  'host' => 'puzhenshop.feibu.info',
)
[ begin ] [ PARAM ] array (
  'wxapp_id' => '10001',
  'token' => '39a95e4722341b14dd5946789ded1b5f',
)
---------------------------------------------------------------
[ 2022-06-24T10:15:27+08:00 ] 27.149.110.48 GET puzhenshop.feibu.info/index.php?s=/api/page/index&page_id=0&wxapp_id=10001&token=39a95e4722341b14dd5946789ded1b5f
[ begin ] [ ROUTE ] array (
  'type' => 'module',
  'module' => 
  array (
    0 => 'api',
    1 => 'page',
    2 => 'index',
  ),
)
[ begin ] [ HEADER ] array (
  'accept-encoding' => 'gzip,compress,br,deflate',
  'content-type' => 'application/json',
  'user-agent' => 'Mozilla/5.0 (Linux; Android 12; M2012K11AC Build/SKQ1.211006.001; wv) AppleWebKit/537.36 (KHTML, like Gecko) Version/4.0 Chrome/86.0.4240.99 XWEB/4255 MMWEBSDK/20220505 Mobile Safari/537.36 MMWEBID/7767 MicroMessenger/8.0.23.2160(0x28001768) WeChat/arm64 Weixin NetType/5G Language/zh_CN ABI/arm64 MiniProgramEnv/android',
  'charset' => 'utf-8',
  'connection' => 'close',
  'host' => 'puzhenshop.feibu.info',
)
[ begin ] [ PARAM ] array (
  'page_id' => '0',
  'wxapp_id' => '10001',
  'token' => '39a95e4722341b14dd5946789ded1b5f',
)
---------------------------------------------------------------
[ 2022-06-24T10:15:34+08:00 ] 27.149.110.48 GET puzhenshop.feibu.info/index.php?s=/api/goods/detail&goods_id=10058&wxapp_id=10001&token=39a95e4722341b14dd5946789ded1b5f
[ begin ] [ ROUTE ] array (
  'type' => 'module',
  'module' => 
  array (
    0 => 'api',
    1 => 'goods',
    2 => 'detail',
  ),
)
[ begin ] [ HEADER ] array (
  'accept-encoding' => 'gzip,compress,br,deflate',
  'content-type' => 'application/json',
  'user-agent' => 'Mozilla/5.0 (Linux; Android 12; M2012K11AC Build/SKQ1.211006.001; wv) AppleWebKit/537.36 (KHTML, like Gecko) Version/4.0 Chrome/86.0.4240.99 XWEB/4255 MMWEBSDK/20220505 Mobile Safari/537.36 MMWEBID/7767 MicroMessenger/8.0.23.2160(0x28001768) WeChat/arm64 Weixin NetType/5G Language/zh_CN ABI/arm64 MiniProgramEnv/android',
  'charset' => 'utf-8',
  'connection' => 'close',
  'host' => 'puzhenshop.feibu.info',
)
[ begin ] [ PARAM ] array (
  'goods_id' => '10058',
  'wxapp_id' => '10001',
  'token' => '39a95e4722341b14dd5946789ded1b5f',
)
---------------------------------------------------------------
[ 2022-06-24T10:15:45+08:00 ] 27.149.110.48 GET puzhenshop.feibu.info/index.php?s=/api/goods/detail&goods_id=10059&wxapp_id=10001&token=39a95e4722341b14dd5946789ded1b5f
[ begin ] [ ROUTE ] array (
  'type' => 'module',
  'module' => 
  array (
    0 => 'api',
    1 => 'goods',
    2 => 'detail',
  ),
)
[ begin ] [ HEADER ] array (
  'accept-encoding' => 'gzip,compress,br,deflate',
  'content-type' => 'application/json',
  'user-agent' => 'Mozilla/5.0 (Linux; Android 12; M2012K11AC Build/SKQ1.211006.001; wv) AppleWebKit/537.36 (KHTML, like Gecko) Version/4.0 Chrome/86.0.4240.99 XWEB/4255 MMWEBSDK/20220505 Mobile Safari/537.36 MMWEBID/7767 MicroMessenger/8.0.23.2160(0x28001768) WeChat/arm64 Weixin NetType/5G Language/zh_CN ABI/arm64 MiniProgramEnv/android',
  'charset' => 'utf-8',
  'connection' => 'close',
  'host' => 'puzhenshop.feibu.info',
)
[ begin ] [ PARAM ] array (
  'goods_id' => '10059',
  'wxapp_id' => '10001',
  'token' => '39a95e4722341b14dd5946789ded1b5f',
)
---------------------------------------------------------------
[ 2022-06-24T10:16:01+08:00 ] 27.149.110.48 GET puzhenshop.feibu.info/index.php?s=/api/goods/detail&goods_id=10057&wxapp_id=10001&token=39a95e4722341b14dd5946789ded1b5f
[ begin ] [ ROUTE ] array (
  'type' => 'module',
  'module' => 
  array (
    0 => 'api',
    1 => 'goods',
    2 => 'detail',
  ),
)
[ begin ] [ HEADER ] array (
  'accept-encoding' => 'gzip,compress,br,deflate',
  'content-type' => 'application/json',
  'user-agent' => 'Mozilla/5.0 (Linux; Android 12; M2012K11AC Build/SKQ1.211006.001; wv) AppleWebKit/537.36 (KHTML, like Gecko) Version/4.0 Chrome/86.0.4240.99 XWEB/4255 MMWEBSDK/20220505 Mobile Safari/537.36 MMWEBID/7767 MicroMessenger/8.0.23.2160(0x28001768) WeChat/arm64 Weixin NetType/5G Language/zh_CN ABI/arm64 MiniProgramEnv/android',
  'charset' => 'utf-8',
  'connection' => 'close',
  'host' => 'puzhenshop.feibu.info',
)
[ begin ] [ PARAM ] array (
  'goods_id' => '10057',
  'wxapp_id' => '10001',
  'token' => '39a95e4722341b14dd5946789ded1b5f',
)
---------------------------------------------------------------
[ 2022-06-24T10:16:04+08:00 ] 27.149.110.48 GET puzhenshop.feibu.info/index.php?s=/api/tea_qrcode/detail&tea_qrcode_id=275&wxapp_id=10001&token=39a95e4722341b14dd5946789ded1b5f
[ begin ] [ ROUTE ] array (
  'type' => 'module',
  'module' => 
  array (
    0 => 'api',
    1 => 'tea_qrcode',
    2 => 'detail',
  ),
)
[ begin ] [ HEADER ] array (
  'accept-encoding' => 'gzip,compress,br,deflate',
  'content-type' => 'application/json',
  'user-agent' => 'Mozilla/5.0 (Linux; Android 12; M2012K11AC Build/SKQ1.211006.001; wv) AppleWebKit/537.36 (KHTML, like Gecko) Version/4.0 Chrome/86.0.4240.99 XWEB/4255 MMWEBSDK/20220505 Mobile Safari/537.36 MMWEBID/7767 MicroMessenger/8.0.23.2160(0x28001768) WeChat/arm64 Weixin NetType/5G Language/zh_CN ABI/arm64 MiniProgramEnv/android',
  'charset' => 'utf-8',
  'connection' => 'close',
  'host' => 'puzhenshop.feibu.info',
)
[ begin ] [ PARAM ] array (
  'tea_qrcode_id' => '275',
  'wxapp_id' => '10001',
  'token' => '39a95e4722341b14dd5946789ded1b5f',
)
---------------------------------------------------------------
[ 2022-06-24T10:16:04+08:00 ] 27.149.110.48 GET puzhenshop.feibu.info/index.php?s=/api/tea_qrcode_comment/lists/tea_qrcode_id/275&goods_id=10057&wxapp_id=10001&token=39a95e4722341b14dd5946789ded1b5f
[ begin ] [ ROUTE ] array (
  'type' => 'module',
  'module' => 
  array (
    0 => 'api',
    1 => 'tea_qrcode_comment',
    2 => 'lists',
  ),
)
[ begin ] [ HEADER ] array (
  'accept-encoding' => 'gzip,compress,br,deflate',
  'content-type' => 'application/json',
  'user-agent' => 'Mozilla/5.0 (Linux; Android 12; M2012K11AC Build/SKQ1.211006.001; wv) AppleWebKit/537.36 (KHTML, like Gecko) Version/4.0 Chrome/86.0.4240.99 XWEB/4255 MMWEBSDK/20220505 Mobile Safari/537.36 MMWEBID/7767 MicroMessenger/8.0.23.2160(0x28001768) WeChat/arm64 Weixin NetType/5G Language/zh_CN ABI/arm64 MiniProgramEnv/android',
  'charset' => 'utf-8',
  'connection' => 'close',
  'host' => 'puzhenshop.feibu.info',
)
[ begin ] [ PARAM ] array (
  'goods_id' => '10057',
  'wxapp_id' => '10001',
  'token' => '39a95e4722341b14dd5946789ded1b5f',
  'tea_qrcode_id' => '275',
)
---------------------------------------------------------------
[ 2022-06-24T10:16:17+08:00 ] 27.149.110.48 GET puzhenshop.feibu.info/index.php?s=/api/goods/detail&goods_id=10057&wxapp_id=10001&token=39a95e4722341b14dd5946789ded1b5f
[ begin ] [ ROUTE ] array (
  'type' => 'module',
  'module' => 
  array (
    0 => 'api',
    1 => 'goods',
    2 => 'detail',
  ),
)
[ begin ] [ HEADER ] array (
  'accept-encoding' => 'gzip,compress,br,deflate',
  'content-type' => 'application/json',
  'user-agent' => 'Mozilla/5.0 (Linux; Android 12; M2012K11AC Build/SKQ1.211006.001; wv) AppleWebKit/537.36 (KHTML, like Gecko) Version/4.0 Chrome/86.0.4240.99 XWEB/4255 MMWEBSDK/20220505 Mobile Safari/537.36 MMWEBID/7767 MicroMessenger/8.0.23.2160(0x28001768) WeChat/arm64 Weixin NetType/5G Language/zh_CN ABI/arm64 MiniProgramEnv/android',
  'charset' => 'utf-8',
  'connection' => 'close',
  'host' => 'puzhenshop.feibu.info',
)
[ begin ] [ PARAM ] array (
  'goods_id' => '10057',
  'wxapp_id' => '10001',
  'token' => '39a95e4722341b14dd5946789ded1b5f',
)
---------------------------------------------------------------
[ 2022-06-24T10:16:23+08:00 ] 27.149.110.48 GET puzhenshop.feibu.info/index.php?s=/api/goods/detail&goods_id=10059&wxapp_id=10001&token=39a95e4722341b14dd5946789ded1b5f
[ begin ] [ ROUTE ] array (
  'type' => 'module',
  'module' => 
  array (
    0 => 'api',
    1 => 'goods',
    2 => 'detail',
  ),
)
[ begin ] [ HEADER ] array (
  'accept-encoding' => 'gzip,compress,br,deflate',
  'content-type' => 'application/json',
  'user-agent' => 'Mozilla/5.0 (Linux; Android 12; M2012K11AC Build/SKQ1.211006.001; wv) AppleWebKit/537.36 (KHTML, like Gecko) Version/4.0 Chrome/86.0.4240.99 XWEB/4255 MMWEBSDK/20220505 Mobile Safari/537.36 MMWEBID/7767 MicroMessenger/8.0.23.2160(0x28001768) WeChat/arm64 Weixin NetType/5G Language/zh_CN ABI/arm64 MiniProgramEnv/android',
  'charset' => 'utf-8',
  'connection' => 'close',
  'host' => 'puzhenshop.feibu.info',
)
[ begin ] [ PARAM ] array (
  'goods_id' => '10059',
  'wxapp_id' => '10001',
  'token' => '39a95e4722341b14dd5946789ded1b5f',
)
---------------------------------------------------------------
[ 2022-06-24T10:16:32+08:00 ] 27.149.110.48 GET puzhenshop.feibu.info/index.php?s=/api/tea_qrcode/detail&tea_qrcode_id=290&wxapp_id=10001&token=39a95e4722341b14dd5946789ded1b5f
[ begin ] [ ROUTE ] array (
  'type' => 'module',
  'module' => 
  array (
    0 => 'api',
    1 => 'tea_qrcode',
    2 => 'detail',
  ),
)
[ begin ] [ HEADER ] array (
  'accept-encoding' => 'gzip,compress,br,deflate',
  'content-type' => 'application/json',
  'user-agent' => 'Mozilla/5.0 (Linux; Android 12; M2012K11AC Build/SKQ1.211006.001; wv) AppleWebKit/537.36 (KHTML, like Gecko) Version/4.0 Chrome/86.0.4240.99 XWEB/4255 MMWEBSDK/20220505 Mobile Safari/537.36 MMWEBID/7767 MicroMessenger/8.0.23.2160(0x28001768) WeChat/arm64 Weixin NetType/5G Language/zh_CN ABI/arm64 MiniProgramEnv/android',
  'charset' => 'utf-8',
  'connection' => 'close',
  'host' => 'puzhenshop.feibu.info',
)
[ begin ] [ PARAM ] array (
  'tea_qrcode_id' => '290',
  'wxapp_id' => '10001',
  'token' => '39a95e4722341b14dd5946789ded1b5f',
)
---------------------------------------------------------------
[ 2022-06-24T10:16:33+08:00 ] 27.149.110.48 GET puzhenshop.feibu.info/index.php?s=/api/tea_qrcode_comment/lists/tea_qrcode_id/290&goods_id=10059&wxapp_id=10001&token=39a95e4722341b14dd5946789ded1b5f
[ begin ] [ ROUTE ] array (
  'type' => 'module',
  'module' => 
  array (
    0 => 'api',
    1 => 'tea_qrcode_comment',
    2 => 'lists',
  ),
)
[ begin ] [ HEADER ] array (
  'accept-encoding' => 'gzip,compress,br,deflate',
  'content-type' => 'application/json',
  'user-agent' => 'Mozilla/5.0 (Linux; Android 12; M2012K11AC Build/SKQ1.211006.001; wv) AppleWebKit/537.36 (KHTML, like Gecko) Version/4.0 Chrome/86.0.4240.99 XWEB/4255 MMWEBSDK/20220505 Mobile Safari/537.36 MMWEBID/7767 MicroMessenger/8.0.23.2160(0x28001768) WeChat/arm64 Weixin NetType/5G Language/zh_CN ABI/arm64 MiniProgramEnv/android',
  'charset' => 'utf-8',
  'connection' => 'close',
  'host' => 'puzhenshop.feibu.info',
)
[ begin ] [ PARAM ] array (
  'goods_id' => '10059',
  'wxapp_id' => '10001',
  'token' => '39a95e4722341b14dd5946789ded1b5f',
  'tea_qrcode_id' => '290',
)
---------------------------------------------------------------
[ 2022-06-24T10:16:38+08:00 ] 27.149.110.48 GET puzhenshop.feibu.info/index.php?s=/api/goods/detail&goods_id=10059&wxapp_id=10001&token=39a95e4722341b14dd5946789ded1b5f
[ begin ] [ ROUTE ] array (
  'type' => 'module',
  'module' => 
  array (
    0 => 'api',
    1 => 'goods',
    2 => 'detail',
  ),
)
[ begin ] [ HEADER ] array (
  'accept-encoding' => 'gzip,compress,br,deflate',
  'content-type' => 'application/json',
  'user-agent' => 'Mozilla/5.0 (Linux; Android 12; M2012K11AC Build/SKQ1.211006.001; wv) AppleWebKit/537.36 (KHTML, like Gecko) Version/4.0 Chrome/86.0.4240.99 XWEB/4255 MMWEBSDK/20220505 Mobile Safari/537.36 MMWEBID/7767 MicroMessenger/8.0.23.2160(0x28001768) WeChat/arm64 Weixin NetType/5G Language/zh_CN ABI/arm64 MiniProgramEnv/android',
  'charset' => 'utf-8',
  'connection' => 'close',
  'host' => 'puzhenshop.feibu.info',
)
[ begin ] [ PARAM ] array (
  'goods_id' => '10059',
  'wxapp_id' => '10001',
  'token' => '39a95e4722341b14dd5946789ded1b5f',
)
---------------------------------------------------------------
[ 2022-06-24T10:26:12+08:00 ] 27.149.110.48 GET puzhenshop.feibu.info/index.php?s=/api/category/index&wxapp_id=10001&token=39a95e4722341b14dd5946789ded1b5f
[ begin ] [ ROUTE ] array (
  'type' => 'module',
  'module' => 
  array (
    0 => 'api',
    1 => 'category',
    2 => 'index',
  ),
)
[ begin ] [ HEADER ] array (
  'accept-encoding' => 'gzip,compress,br,deflate',
  'content-type' => 'application/json',
  'user-agent' => 'Mozilla/5.0 (Linux; Android 12; M2012K11AC Build/SKQ1.211006.001; wv) AppleWebKit/537.36 (KHTML, like Gecko) Version/4.0 Chrome/86.0.4240.99 XWEB/4255 MMWEBSDK/20220505 Mobile Safari/537.36 MMWEBID/7767 MicroMessenger/8.0.23.2160(0x28001768) WeChat/arm64 Weixin NetType/5G Language/zh_CN ABI/arm64 MiniProgramEnv/android',
  'charset' => 'utf-8',
  'connection' => 'close',
  'host' => 'puzhenshop.feibu.info',
)
[ begin ] [ PARAM ] array (
  'wxapp_id' => '10001',
  'token' => '39a95e4722341b14dd5946789ded1b5f',
)
---------------------------------------------------------------
[ 2022-06-24T10:39:32+08:00 ] 27.149.110.48 GET puzhenshop.feibu.info/index.php?s=/api/goods/detail&goods_id=10057&wxapp_id=10001&token=39a95e4722341b14dd5946789ded1b5f
[ begin ] [ ROUTE ] array (
  'type' => 'module',
  'module' => 
  array (
    0 => 'api',
    1 => 'goods',
    2 => 'detail',
  ),
)
[ begin ] [ HEADER ] array (
  'accept-encoding' => 'gzip,compress,br,deflate',
  'content-type' => 'application/json',
  'user-agent' => 'Mozilla/5.0 (Linux; Android 12; M2012K11AC Build/SKQ1.211006.001; wv) AppleWebKit/537.36 (KHTML, like Gecko) Version/4.0 Chrome/86.0.4240.99 XWEB/4255 MMWEBSDK/20220505 Mobile Safari/537.36 MMWEBID/7767 MicroMessenger/8.0.23.2160(0x28001768) WeChat/arm64 Weixin NetType/5G Language/zh_CN ABI/arm64 MiniProgramEnv/android',
  'charset' => 'utf-8',
  'connection' => 'close',
  'host' => 'puzhenshop.feibu.info',
)
[ begin ] [ PARAM ] array (
  'goods_id' => '10057',
  'wxapp_id' => '10001',
  'token' => '39a95e4722341b14dd5946789ded1b5f',
)
---------------------------------------------------------------
[ 2022-06-24T10:39:36+08:00 ] 27.149.110.48 GET puzhenshop.feibu.info/index.php?s=/api/tea_qrcode/detail&tea_qrcode_id=275&wxapp_id=10001&token=39a95e4722341b14dd5946789ded1b5f
[ begin ] [ ROUTE ] array (
  'type' => 'module',
  'module' => 
  array (
    0 => 'api',
    1 => 'tea_qrcode',
    2 => 'detail',
  ),
)
[ begin ] [ HEADER ] array (
  'accept-encoding' => 'gzip,compress,br,deflate',
  'content-type' => 'application/json',
  'user-agent' => 'Mozilla/5.0 (Linux; Android 12; M2012K11AC Build/SKQ1.211006.001; wv) AppleWebKit/537.36 (KHTML, like Gecko) Version/4.0 Chrome/86.0.4240.99 XWEB/4255 MMWEBSDK/20220505 Mobile Safari/537.36 MMWEBID/7767 MicroMessenger/8.0.23.2160(0x28001768) WeChat/arm64 Weixin NetType/5G Language/zh_CN ABI/arm64 MiniProgramEnv/android',
  'charset' => 'utf-8',
  'connection' => 'close',
  'host' => 'puzhenshop.feibu.info',
)
[ begin ] [ PARAM ] array (
  'tea_qrcode_id' => '275',
  'wxapp_id' => '10001',
  'token' => '39a95e4722341b14dd5946789ded1b5f',
)
---------------------------------------------------------------
[ 2022-06-24T10:39:37+08:00 ] 27.149.110.48 GET puzhenshop.feibu.info/index.php?s=/api/tea_qrcode_comment/lists/tea_qrcode_id/275&goods_id=10057&wxapp_id=10001&token=39a95e4722341b14dd5946789ded1b5f
[ begin ] [ ROUTE ] array (
  'type' => 'module',
  'module' => 
  array (
    0 => 'api',
    1 => 'tea_qrcode_comment',
    2 => 'lists',
  ),
)
[ begin ] [ HEADER ] array (
  'accept-encoding' => 'gzip,compress,br,deflate',
  'content-type' => 'application/json',
  'user-agent' => 'Mozilla/5.0 (Linux; Android 12; M2012K11AC Build/SKQ1.211006.001; wv) AppleWebKit/537.36 (KHTML, like Gecko) Version/4.0 Chrome/86.0.4240.99 XWEB/4255 MMWEBSDK/20220505 Mobile Safari/537.36 MMWEBID/7767 MicroMessenger/8.0.23.2160(0x28001768) WeChat/arm64 Weixin NetType/5G Language/zh_CN ABI/arm64 MiniProgramEnv/android',
  'charset' => 'utf-8',
  'connection' => 'close',
  'host' => 'puzhenshop.feibu.info',
)
[ begin ] [ PARAM ] array (
  'goods_id' => '10057',
  'wxapp_id' => '10001',
  'token' => '39a95e4722341b14dd5946789ded1b5f',
  'tea_qrcode_id' => '275',
)
---------------------------------------------------------------
[ 2022-06-24T10:42:22+08:00 ] 27.149.110.48 GET puzhenshop.feibu.info/index.php?s=/api/tea_qrcode_comment/lists/tea_qrcode_id/275&goods_id=10057&wxapp_id=10001&token=39a95e4722341b14dd5946789ded1b5f
[ begin ] [ ROUTE ] array (
  'type' => 'module',
  'module' => 
  array (
    0 => 'api',
    1 => 'tea_qrcode_comment',
    2 => 'lists',
  ),
)
[ begin ] [ HEADER ] array (
  'accept-encoding' => 'gzip,compress,br,deflate',
  'content-type' => 'application/json',
  'user-agent' => 'Mozilla/5.0 (Linux; Android 12; M2012K11AC Build/SKQ1.211006.001; wv) AppleWebKit/537.36 (KHTML, like Gecko) Version/4.0 Chrome/86.0.4240.99 XWEB/4255 MMWEBSDK/20220505 Mobile Safari/537.36 MMWEBID/7767 MicroMessenger/8.0.23.2160(0x28001768) WeChat/arm64 Weixin NetType/5G Language/zh_CN ABI/arm64 MiniProgramEnv/android',
  'charset' => 'utf-8',
  'connection' => 'close',
  'host' => 'puzhenshop.feibu.info',
)
[ begin ] [ PARAM ] array (
  'goods_id' => '10057',
  'wxapp_id' => '10001',
  'token' => '39a95e4722341b14dd5946789ded1b5f',
  'tea_qrcode_id' => '275',
)
---------------------------------------------------------------
[ 2022-06-24T10:43:25+08:00 ] 27.149.110.48 GET puzhenshop.feibu.info/index.php?s=/api/tea_qrcode_comment/lists/tea_qrcode_id/275&goods_id=10057&wxapp_id=10001&token=39a95e4722341b14dd5946789ded1b5f
[ begin ] [ ROUTE ] array (
  'type' => 'module',
  'module' => 
  array (
    0 => 'api',
    1 => 'tea_qrcode_comment',
    2 => 'lists',
  ),
)
[ begin ] [ HEADER ] array (
  'accept-encoding' => 'gzip,compress,br,deflate',
  'content-type' => 'application/json',
  'user-agent' => 'Mozilla/5.0 (Linux; Android 12; M2012K11AC Build/SKQ1.211006.001; wv) AppleWebKit/537.36 (KHTML, like Gecko) Version/4.0 Chrome/86.0.4240.99 XWEB/4255 MMWEBSDK/20220505 Mobile Safari/537.36 MMWEBID/7767 MicroMessenger/8.0.23.2160(0x28001768) WeChat/arm64 Weixin NetType/5G Language/zh_CN ABI/arm64 MiniProgramEnv/android',
  'charset' => 'utf-8',
  'connection' => 'close',
  'host' => 'puzhenshop.feibu.info',
)
[ begin ] [ PARAM ] array (
  'goods_id' => '10057',
  'wxapp_id' => '10001',
  'token' => '39a95e4722341b14dd5946789ded1b5f',
  'tea_qrcode_id' => '275',
)
---------------------------------------------------------------
[ 2022-06-24T10:43:27+08:00 ] 27.149.110.48 GET puzhenshop.feibu.info/index.php?s=/api/goods/detail&goods_id=10057&wxapp_id=10001&token=39a95e4722341b14dd5946789ded1b5f
[ begin ] [ ROUTE ] array (
  'type' => 'module',
  'module' => 
  array (
    0 => 'api',
    1 => 'goods',
    2 => 'detail',
  ),
)
[ begin ] [ HEADER ] array (
  'accept-encoding' => 'gzip,compress,br,deflate',
  'content-type' => 'application/json',
  'user-agent' => 'Mozilla/5.0 (Linux; Android 12; M2012K11AC Build/SKQ1.211006.001; wv) AppleWebKit/537.36 (KHTML, like Gecko) Version/4.0 Chrome/86.0.4240.99 XWEB/4255 MMWEBSDK/20220505 Mobile Safari/537.36 MMWEBID/7767 MicroMessenger/8.0.23.2160(0x28001768) WeChat/arm64 Weixin NetType/5G Language/zh_CN ABI/arm64 MiniProgramEnv/android',
  'charset' => 'utf-8',
  'connection' => 'close',
  'host' => 'puzhenshop.feibu.info',
)
[ begin ] [ PARAM ] array (
  'goods_id' => '10057',
  'wxapp_id' => '10001',
  'token' => '39a95e4722341b14dd5946789ded1b5f',
)
---------------------------------------------------------------
[ 2022-06-24T10:43:33+08:00 ] 27.149.110.48 GET puzhenshop.feibu.info/index.php?s=/api/tea_qrcode/detail&tea_qrcode_id=275&wxapp_id=10001&token=39a95e4722341b14dd5946789ded1b5f
[ begin ] [ ROUTE ] array (
  'type' => 'module',
  'module' => 
  array (
    0 => 'api',
    1 => 'tea_qrcode',
    2 => 'detail',
  ),
)
[ begin ] [ HEADER ] array (
  'accept-encoding' => 'gzip,compress,br,deflate',
  'content-type' => 'application/json',
  'user-agent' => 'Mozilla/5.0 (Linux; Android 12; M2012K11AC Build/SKQ1.211006.001; wv) AppleWebKit/537.36 (KHTML, like Gecko) Version/4.0 Chrome/86.0.4240.99 XWEB/4255 MMWEBSDK/20220505 Mobile Safari/537.36 MMWEBID/7767 MicroMessenger/8.0.23.2160(0x28001768) WeChat/arm64 Weixin NetType/5G Language/zh_CN ABI/arm64 MiniProgramEnv/android',
  'charset' => 'utf-8',
  'connection' => 'close',
  'host' => 'puzhenshop.feibu.info',
)
[ begin ] [ PARAM ] array (
  'tea_qrcode_id' => '275',
  'wxapp_id' => '10001',
  'token' => '39a95e4722341b14dd5946789ded1b5f',
)
---------------------------------------------------------------
[ 2022-06-24T10:43:33+08:00 ] 27.149.110.48 GET puzhenshop.feibu.info/index.php?s=/api/tea_qrcode_comment/lists/tea_qrcode_id/275&goods_id=10057&wxapp_id=10001&token=39a95e4722341b14dd5946789ded1b5f
[ begin ] [ ROUTE ] array (
  'type' => 'module',
  'module' => 
  array (
    0 => 'api',
    1 => 'tea_qrcode_comment',
    2 => 'lists',
  ),
)
[ begin ] [ HEADER ] array (
  'accept-encoding' => 'gzip,compress,br,deflate',
  'content-type' => 'application/json',
  'user-agent' => 'Mozilla/5.0 (Linux; Android 12; M2012K11AC Build/SKQ1.211006.001; wv) AppleWebKit/537.36 (KHTML, like Gecko) Version/4.0 Chrome/86.0.4240.99 XWEB/4255 MMWEBSDK/20220505 Mobile Safari/537.36 MMWEBID/7767 MicroMessenger/8.0.23.2160(0x28001768) WeChat/arm64 Weixin NetType/5G Language/zh_CN ABI/arm64 MiniProgramEnv/android',
  'charset' => 'utf-8',
  'connection' => 'close',
  'host' => 'puzhenshop.feibu.info',
)
[ begin ] [ PARAM ] array (
  'goods_id' => '10057',
  'wxapp_id' => '10001',
  'token' => '39a95e4722341b14dd5946789ded1b5f',
  'tea_qrcode_id' => '275',
)
---------------------------------------------------------------
[ 2022-06-24T10:43:44+08:00 ] 27.149.110.48 GET puzhenshop.feibu.info/index.php?s=/api/goods/detail&goods_id=10057&wxapp_id=10001&token=39a95e4722341b14dd5946789ded1b5f
[ begin ] [ ROUTE ] array (
  'type' => 'module',
  'module' => 
  array (
    0 => 'api',
    1 => 'goods',
    2 => 'detail',
  ),
)
[ begin ] [ HEADER ] array (
  'accept-encoding' => 'gzip,compress,br,deflate',
  'content-type' => 'application/json',
  'user-agent' => 'Mozilla/5.0 (Linux; Android 12; M2012K11AC Build/SKQ1.211006.001; wv) AppleWebKit/537.36 (KHTML, like Gecko) Version/4.0 Chrome/86.0.4240.99 XWEB/4255 MMWEBSDK/20220505 Mobile Safari/537.36 MMWEBID/7767 MicroMessenger/8.0.23.2160(0x28001768) WeChat/arm64 Weixin NetType/5G Language/zh_CN ABI/arm64 MiniProgramEnv/android',
  'charset' => 'utf-8',
  'connection' => 'close',
  'host' => 'puzhenshop.feibu.info',
)
[ begin ] [ PARAM ] array (
  'goods_id' => '10057',
  'wxapp_id' => '10001',
  'token' => '39a95e4722341b14dd5946789ded1b5f',
)
---------------------------------------------------------------
[ 2022-06-24T10:43:54+08:00 ] 27.149.110.48 GET puzhenshop.feibu.info/index.php?s=/api/goods/detail&goods_id=10056&wxapp_id=10001&token=39a95e4722341b14dd5946789ded1b5f
[ begin ] [ ROUTE ] array (
  'type' => 'module',
  'module' => 
  array (
    0 => 'api',
    1 => 'goods',
    2 => 'detail',
  ),
)
[ begin ] [ HEADER ] array (
  'accept-encoding' => 'gzip,compress,br,deflate',
  'content-type' => 'application/json',
  'user-agent' => 'Mozilla/5.0 (Linux; Android 12; M2012K11AC Build/SKQ1.211006.001; wv) AppleWebKit/537.36 (KHTML, like Gecko) Version/4.0 Chrome/86.0.4240.99 XWEB/4255 MMWEBSDK/20220505 Mobile Safari/537.36 MMWEBID/7767 MicroMessenger/8.0.23.2160(0x28001768) WeChat/arm64 Weixin NetType/5G Language/zh_CN ABI/arm64 MiniProgramEnv/android',
  'charset' => 'utf-8',
  'connection' => 'close',
  'host' => 'puzhenshop.feibu.info',
)
[ begin ] [ PARAM ] array (
  'goods_id' => '10056',
  'wxapp_id' => '10001',
  'token' => '39a95e4722341b14dd5946789ded1b5f',
)
---------------------------------------------------------------
[ 2022-06-24T10:43:59+08:00 ] 27.149.110.48 GET puzhenshop.feibu.info/index.php?s=/api/tea_qrcode/detail&tea_qrcode_id=272&wxapp_id=10001&token=39a95e4722341b14dd5946789ded1b5f
[ begin ] [ ROUTE ] array (
  'type' => 'module',
  'module' => 
  array (
    0 => 'api',
    1 => 'tea_qrcode',
    2 => 'detail',
  ),
)
[ begin ] [ HEADER ] array (
  'accept-encoding' => 'gzip,compress,br,deflate',
  'content-type' => 'application/json',
  'user-agent' => 'Mozilla/5.0 (Linux; Android 12; M2012K11AC Build/SKQ1.211006.001; wv) AppleWebKit/537.36 (KHTML, like Gecko) Version/4.0 Chrome/86.0.4240.99 XWEB/4255 MMWEBSDK/20220505 Mobile Safari/537.36 MMWEBID/7767 MicroMessenger/8.0.23.2160(0x28001768) WeChat/arm64 Weixin NetType/5G Language/zh_CN ABI/arm64 MiniProgramEnv/android',
  'charset' => 'utf-8',
  'connection' => 'close',
  'host' => 'puzhenshop.feibu.info',
)
[ begin ] [ PARAM ] array (
  'tea_qrcode_id' => '272',
  'wxapp_id' => '10001',
  'token' => '39a95e4722341b14dd5946789ded1b5f',
)
---------------------------------------------------------------
[ 2022-06-24T10:43:59+08:00 ] 27.149.110.48 GET puzhenshop.feibu.info/index.php?s=/api/tea_qrcode_comment/lists/tea_qrcode_id/272&goods_id=10056&wxapp_id=10001&token=39a95e4722341b14dd5946789ded1b5f
[ begin ] [ ROUTE ] array (
  'type' => 'module',
  'module' => 
  array (
    0 => 'api',
    1 => 'tea_qrcode_comment',
    2 => 'lists',
  ),
)
[ begin ] [ HEADER ] array (
  'accept-encoding' => 'gzip,compress,br,deflate',
  'content-type' => 'application/json',
  'user-agent' => 'Mozilla/5.0 (Linux; Android 12; M2012K11AC Build/SKQ1.211006.001; wv) AppleWebKit/537.36 (KHTML, like Gecko) Version/4.0 Chrome/86.0.4240.99 XWEB/4255 MMWEBSDK/20220505 Mobile Safari/537.36 MMWEBID/7767 MicroMessenger/8.0.23.2160(0x28001768) WeChat/arm64 Weixin NetType/5G Language/zh_CN ABI/arm64 MiniProgramEnv/android',
  'charset' => 'utf-8',
  'connection' => 'close',
  'host' => 'puzhenshop.feibu.info',
)
[ begin ] [ PARAM ] array (
  'goods_id' => '10056',
  'wxapp_id' => '10001',
  'token' => '39a95e4722341b14dd5946789ded1b5f',
  'tea_qrcode_id' => '272',
)
---------------------------------------------------------------
[ 2022-06-24T10:44:02+08:00 ] 27.149.110.48 GET puzhenshop.feibu.info/index.php?s=/api/tea_qrcode/detail&tea_qrcode_id=281&wxapp_id=10001&token=39a95e4722341b14dd5946789ded1b5f
[ begin ] [ ROUTE ] array (
  'type' => 'module',
  'module' => 
  array (
    0 => 'api',
    1 => 'tea_qrcode',
    2 => 'detail',
  ),
)
[ begin ] [ HEADER ] array (
  'accept-encoding' => 'gzip,compress,br,deflate',
  'content-type' => 'application/json',
  'user-agent' => 'Mozilla/5.0 (Linux; Android 12; M2012K11AC Build/SKQ1.211006.001; wv) AppleWebKit/537.36 (KHTML, like Gecko) Version/4.0 Chrome/86.0.4240.99 XWEB/4255 MMWEBSDK/20220505 Mobile Safari/537.36 MMWEBID/7767 MicroMessenger/8.0.23.2160(0x28001768) WeChat/arm64 Weixin NetType/5G Language/zh_CN ABI/arm64 MiniProgramEnv/android',
  'charset' => 'utf-8',
  'connection' => 'close',
  'host' => 'puzhenshop.feibu.info',
)
[ begin ] [ PARAM ] array (
  'tea_qrcode_id' => '281',
  'wxapp_id' => '10001',
  'token' => '39a95e4722341b14dd5946789ded1b5f',
)
---------------------------------------------------------------
[ 2022-06-24T10:44:07+08:00 ] 27.149.110.48 GET puzhenshop.feibu.info/index.php?s=/api/tea_qrcode_comment/lists/tea_qrcode_id/272&goods_id=10056&wxapp_id=10001&token=39a95e4722341b14dd5946789ded1b5f
[ begin ] [ ROUTE ] array (
  'type' => 'module',
  'module' => 
  array (
    0 => 'api',
    1 => 'tea_qrcode_comment',
    2 => 'lists',
  ),
)
[ begin ] [ HEADER ] array (
  'accept-encoding' => 'gzip,compress,br,deflate',
  'content-type' => 'application/json',
  'user-agent' => 'Mozilla/5.0 (Linux; Android 12; M2012K11AC Build/SKQ1.211006.001; wv) AppleWebKit/537.36 (KHTML, like Gecko) Version/4.0 Chrome/86.0.4240.99 XWEB/4255 MMWEBSDK/20220505 Mobile Safari/537.36 MMWEBID/7767 MicroMessenger/8.0.23.2160(0x28001768) WeChat/arm64 Weixin NetType/5G Language/zh_CN ABI/arm64 MiniProgramEnv/android',
  'charset' => 'utf-8',
  'connection' => 'close',
  'host' => 'puzhenshop.feibu.info',
)
[ begin ] [ PARAM ] array (
  'goods_id' => '10056',
  'wxapp_id' => '10001',
  'token' => '39a95e4722341b14dd5946789ded1b5f',
  'tea_qrcode_id' => '272',
)
---------------------------------------------------------------
[ 2022-06-24T10:44:23+08:00 ] 27.149.110.48 GET puzhenshop.feibu.info/index.php?s=/api/tea_qrcode/lists&page=1&wxapp_id=10001&token=39a95e4722341b14dd5946789ded1b5f
[ begin ] [ ROUTE ] array (
  'type' => 'module',
  'module' => 
  array (
    0 => 'api',
    1 => 'tea_qrcode',
    2 => 'lists',
  ),
)
[ begin ] [ HEADER ] array (
  'accept-encoding' => 'gzip,compress,br,deflate',
  'content-type' => 'application/json',
  'user-agent' => 'Mozilla/5.0 (Linux; Android 12; M2012K11AC Build/SKQ1.211006.001; wv) AppleWebKit/537.36 (KHTML, like Gecko) Version/4.0 Chrome/86.0.4240.99 XWEB/4255 MMWEBSDK/20220505 Mobile Safari/537.36 MMWEBID/7767 MicroMessenger/8.0.23.2160(0x28001768) WeChat/arm64 Weixin NetType/5G Language/zh_CN ABI/arm64 MiniProgramEnv/android',
  'charset' => 'utf-8',
  'connection' => 'close',
  'host' => 'puzhenshop.feibu.info',
)
[ begin ] [ PARAM ] array (
  'page' => '1',
  'wxapp_id' => '10001',
  'token' => '39a95e4722341b14dd5946789ded1b5f',
)
---------------------------------------------------------------
[ 2022-06-24T10:44:46+08:00 ] 27.149.110.48 POST puzhenshop.feibu.info/index.php?s=/api/tea_qrcode_comment/add/tea_qrcode_id/272
[ begin ] [ ROUTE ] array (
  'type' => 'module',
  'module' => 
  array (
    0 => 'api',
    1 => 'tea_qrcode_comment',
    2 => 'add',
  ),
)
[ begin ] [ HEADER ] array (
  'accept-encoding' => 'gzip,compress,br,deflate',
  'content-type' => 'application/x-www-form-urlencoded',
  'user-agent' => 'Mozilla/5.0 (Linux; Android 12; M2012K11AC Build/SKQ1.211006.001; wv) AppleWebKit/537.36 (KHTML, like Gecko) Version/4.0 Chrome/86.0.4240.99 XWEB/4255 MMWEBSDK/20220505 Mobile Safari/537.36 MMWEBID/7767 MicroMessenger/8.0.23.2160(0x28001768) WeChat/arm64 Weixin NetType/5G Language/zh_CN ABI/arm64 MiniProgramEnv/android',
  'charset' => 'utf-8',
  'content-length' => '230',
  'connection' => 'close',
  'host' => 'puzhenshop.feibu.info',
)
[ begin ] [ PARAM ] array (
  'content' => '岩茶下怎么挂了一个红茶的默认泡法？',
  'goods_id' => '10056',
  'wxapp_id' => '10001',
  'token' => '39a95e4722341b14dd5946789ded1b5f',
  'tea_qrcode_id' => '272',
)
---------------------------------------------------------------
[ 2022-06-24T10:44:47+08:00 ] 27.149.110.48 GET puzhenshop.feibu.info/index.php?s=/api/tea_qrcode_comment/lists/tea_qrcode_id/272&goods_id=10056&wxapp_id=10001&token=39a95e4722341b14dd5946789ded1b5f
[ begin ] [ ROUTE ] array (
  'type' => 'module',
  'module' => 
  array (
    0 => 'api',
    1 => 'tea_qrcode_comment',
    2 => 'lists',
  ),
)
[ begin ] [ HEADER ] array (
  'accept-encoding' => 'gzip,compress,br,deflate',
  'content-type' => 'application/json',
  'user-agent' => 'Mozilla/5.0 (Linux; Android 12; M2012K11AC Build/SKQ1.211006.001; wv) AppleWebKit/537.36 (KHTML, like Gecko) Version/4.0 Chrome/86.0.4240.99 XWEB/4255 MMWEBSDK/20220505 Mobile Safari/537.36 MMWEBID/7767 MicroMessenger/8.0.23.2160(0x28001768) WeChat/arm64 Weixin NetType/5G Language/zh_CN ABI/arm64 MiniProgramEnv/android',
  'charset' => 'utf-8',
  'connection' => 'close',
  'host' => 'puzhenshop.feibu.info',
)
[ begin ] [ PARAM ] array (
  'goods_id' => '10056',
  'wxapp_id' => '10001',
  'token' => '39a95e4722341b14dd5946789ded1b5f',
  'tea_qrcode_id' => '272',
)
---------------------------------------------------------------
[ 2022-06-24T10:44:54+08:00 ] 27.149.110.48 GET puzhenshop.feibu.info/index.php?s=/api/goods/detail&goods_id=10056&wxapp_id=10001&token=39a95e4722341b14dd5946789ded1b5f
[ begin ] [ ROUTE ] array (
  'type' => 'module',
  'module' => 
  array (
    0 => 'api',
    1 => 'goods',
    2 => 'detail',
  ),
)
[ begin ] [ HEADER ] array (
  'accept-encoding' => 'gzip,compress,br,deflate',
  'content-type' => 'application/json',
  'user-agent' => 'Mozilla/5.0 (Linux; Android 12; M2012K11AC Build/SKQ1.211006.001; wv) AppleWebKit/537.36 (KHTML, like Gecko) Version/4.0 Chrome/86.0.4240.99 XWEB/4255 MMWEBSDK/20220505 Mobile Safari/537.36 MMWEBID/7767 MicroMessenger/8.0.23.2160(0x28001768) WeChat/arm64 Weixin NetType/5G Language/zh_CN ABI/arm64 MiniProgramEnv/android',
  'charset' => 'utf-8',
  'connection' => 'close',
  'host' => 'puzhenshop.feibu.info',
)
[ begin ] [ PARAM ] array (
  'goods_id' => '10056',
  'wxapp_id' => '10001',
  'token' => '39a95e4722341b14dd5946789ded1b5f',
)
---------------------------------------------------------------
[ 2022-06-24T10:45:12+08:00 ] 27.149.110.48 GET puzhenshop.feibu.info/index.php?s=/api/goods/detail&goods_id=10057&wxapp_id=10001&token=39a95e4722341b14dd5946789ded1b5f
[ begin ] [ ROUTE ] array (
  'type' => 'module',
  'module' => 
  array (
    0 => 'api',
    1 => 'goods',
    2 => 'detail',
  ),
)
[ begin ] [ HEADER ] array (
  'accept-encoding' => 'gzip,compress,br,deflate',
  'content-type' => 'application/json',
  'user-agent' => 'Mozilla/5.0 (Linux; Android 12; M2012K11AC Build/SKQ1.211006.001; wv) AppleWebKit/537.36 (KHTML, like Gecko) Version/4.0 Chrome/86.0.4240.99 XWEB/4255 MMWEBSDK/20220505 Mobile Safari/537.36 MMWEBID/7767 MicroMessenger/8.0.23.2160(0x28001768) WeChat/arm64 Weixin NetType/5G Language/zh_CN ABI/arm64 MiniProgramEnv/android',
  'charset' => 'utf-8',
  'connection' => 'close',
  'host' => 'puzhenshop.feibu.info',
)
[ begin ] [ PARAM ] array (
  'goods_id' => '10057',
  'wxapp_id' => '10001',
  'token' => '39a95e4722341b14dd5946789ded1b5f',
)
---------------------------------------------------------------
[ 2022-06-24T10:45:17+08:00 ] 27.149.110.48 GET puzhenshop.feibu.info/index.php?s=/api/tea_qrcode/detail&tea_qrcode_id=275&wxapp_id=10001&token=39a95e4722341b14dd5946789ded1b5f
[ begin ] [ ROUTE ] array (
  'type' => 'module',
  'module' => 
  array (
    0 => 'api',
    1 => 'tea_qrcode',
    2 => 'detail',
  ),
)
[ begin ] [ HEADER ] array (
  'accept-encoding' => 'gzip,compress,br,deflate',
  'content-type' => 'application/json',
  'user-agent' => 'Mozilla/5.0 (Linux; Android 12; M2012K11AC Build/SKQ1.211006.001; wv) AppleWebKit/537.36 (KHTML, like Gecko) Version/4.0 Chrome/86.0.4240.99 XWEB/4255 MMWEBSDK/20220505 Mobile Safari/537.36 MMWEBID/7767 MicroMessenger/8.0.23.2160(0x28001768) WeChat/arm64 Weixin NetType/5G Language/zh_CN ABI/arm64 MiniProgramEnv/android',
  'charset' => 'utf-8',
  'connection' => 'close',
  'host' => 'puzhenshop.feibu.info',
)
[ begin ] [ PARAM ] array (
  'tea_qrcode_id' => '275',
  'wxapp_id' => '10001',
  'token' => '39a95e4722341b14dd5946789ded1b5f',
)
---------------------------------------------------------------
[ 2022-06-24T10:45:18+08:00 ] 27.149.110.48 GET puzhenshop.feibu.info/index.php?s=/api/tea_qrcode_comment/lists/tea_qrcode_id/275&goods_id=10057&wxapp_id=10001&token=39a95e4722341b14dd5946789ded1b5f
[ begin ] [ ROUTE ] array (
  'type' => 'module',
  'module' => 
  array (
    0 => 'api',
    1 => 'tea_qrcode_comment',
    2 => 'lists',
  ),
)
[ begin ] [ HEADER ] array (
  'accept-encoding' => 'gzip,compress,br,deflate',
  'content-type' => 'application/json',
  'user-agent' => 'Mozilla/5.0 (Linux; Android 12; M2012K11AC Build/SKQ1.211006.001; wv) AppleWebKit/537.36 (KHTML, like Gecko) Version/4.0 Chrome/86.0.4240.99 XWEB/4255 MMWEBSDK/20220505 Mobile Safari/537.36 MMWEBID/7767 MicroMessenger/8.0.23.2160(0x28001768) WeChat/arm64 Weixin NetType/5G Language/zh_CN ABI/arm64 MiniProgramEnv/android',
  'charset' => 'utf-8',
  'connection' => 'close',
  'host' => 'puzhenshop.feibu.info',
)
[ begin ] [ PARAM ] array (
  'goods_id' => '10057',
  'wxapp_id' => '10001',
  'token' => '39a95e4722341b14dd5946789ded1b5f',
  'tea_qrcode_id' => '275',
)
---------------------------------------------------------------
[ 2022-06-24T10:45:21+08:00 ] 27.149.110.48 GET puzhenshop.feibu.info/index.php?s=/api/goods/detail&goods_id=10057&wxapp_id=10001&token=39a95e4722341b14dd5946789ded1b5f
[ begin ] [ ROUTE ] array (
  'type' => 'module',
  'module' => 
  array (
    0 => 'api',
    1 => 'goods',
    2 => 'detail',
  ),
)
[ begin ] [ HEADER ] array (
  'accept-encoding' => 'gzip,compress,br,deflate',
  'content-type' => 'application/json',
  'user-agent' => 'Mozilla/5.0 (Linux; Android 12; M2012K11AC Build/SKQ1.211006.001; wv) AppleWebKit/537.36 (KHTML, like Gecko) Version/4.0 Chrome/86.0.4240.99 XWEB/4255 MMWEBSDK/20220505 Mobile Safari/537.36 MMWEBID/7767 MicroMessenger/8.0.23.2160(0x28001768) WeChat/arm64 Weixin NetType/5G Language/zh_CN ABI/arm64 MiniProgramEnv/android',
  'charset' => 'utf-8',
  'connection' => 'close',
  'host' => 'puzhenshop.feibu.info',
)
[ begin ] [ PARAM ] array (
  'goods_id' => '10057',
  'wxapp_id' => '10001',
  'token' => '39a95e4722341b14dd5946789ded1b5f',
)
---------------------------------------------------------------
[ 2022-06-24T10:45:23+08:00 ] 27.149.110.48 GET puzhenshop.feibu.info/index.php?s=/api/tea_qrcode/detail&tea_qrcode_id=275&wxapp_id=10001&token=39a95e4722341b14dd5946789ded1b5f
[ begin ] [ ROUTE ] array (
  'type' => 'module',
  'module' => 
  array (
    0 => 'api',
    1 => 'tea_qrcode',
    2 => 'detail',
  ),
)
[ begin ] [ HEADER ] array (
  'accept-encoding' => 'gzip,compress,br,deflate',
  'content-type' => 'application/json',
  'user-agent' => 'Mozilla/5.0 (Linux; Android 12; M2012K11AC Build/SKQ1.211006.001; wv) AppleWebKit/537.36 (KHTML, like Gecko) Version/4.0 Chrome/86.0.4240.99 XWEB/4255 MMWEBSDK/20220505 Mobile Safari/537.36 MMWEBID/7767 MicroMessenger/8.0.23.2160(0x28001768) WeChat/arm64 Weixin NetType/5G Language/zh_CN ABI/arm64 MiniProgramEnv/android',
  'charset' => 'utf-8',
  'connection' => 'close',
  'host' => 'puzhenshop.feibu.info',
)
[ begin ] [ PARAM ] array (
  'tea_qrcode_id' => '275',
  'wxapp_id' => '10001',
  'token' => '39a95e4722341b14dd5946789ded1b5f',
)
---------------------------------------------------------------
[ 2022-06-24T10:45:24+08:00 ] 27.149.110.48 GET puzhenshop.feibu.info/index.php?s=/api/tea_qrcode_comment/lists/tea_qrcode_id/275&goods_id=10057&wxapp_id=10001&token=39a95e4722341b14dd5946789ded1b5f
[ begin ] [ ROUTE ] array (
  'type' => 'module',
  'module' => 
  array (
    0 => 'api',
    1 => 'tea_qrcode_comment',
    2 => 'lists',
  ),
)
[ begin ] [ HEADER ] array (
  'accept-encoding' => 'gzip,compress,br,deflate',
  'content-type' => 'application/json',
  'user-agent' => 'Mozilla/5.0 (Linux; Android 12; M2012K11AC Build/SKQ1.211006.001; wv) AppleWebKit/537.36 (KHTML, like Gecko) Version/4.0 Chrome/86.0.4240.99 XWEB/4255 MMWEBSDK/20220505 Mobile Safari/537.36 MMWEBID/7767 MicroMessenger/8.0.23.2160(0x28001768) WeChat/arm64 Weixin NetType/5G Language/zh_CN ABI/arm64 MiniProgramEnv/android',
  'charset' => 'utf-8',
  'connection' => 'close',
  'host' => 'puzhenshop.feibu.info',
)
[ begin ] [ PARAM ] array (
  'goods_id' => '10057',
  'wxapp_id' => '10001',
  'token' => '39a95e4722341b14dd5946789ded1b5f',
  'tea_qrcode_id' => '275',
)
---------------------------------------------------------------
[ 2022-06-24T10:45:25+08:00 ] 27.149.110.48 GET puzhenshop.feibu.info/index.php?s=/api/goods/detail&goods_id=10057&wxapp_id=10001&token=39a95e4722341b14dd5946789ded1b5f
[ begin ] [ ROUTE ] array (
  'type' => 'module',
  'module' => 
  array (
    0 => 'api',
    1 => 'goods',
    2 => 'detail',
  ),
)
[ begin ] [ HEADER ] array (
  'accept-encoding' => 'gzip,compress,br,deflate',
  'content-type' => 'application/json',
  'user-agent' => 'Mozilla/5.0 (Linux; Android 12; M2012K11AC Build/SKQ1.211006.001; wv) AppleWebKit/537.36 (KHTML, like Gecko) Version/4.0 Chrome/86.0.4240.99 XWEB/4255 MMWEBSDK/20220505 Mobile Safari/537.36 MMWEBID/7767 MicroMessenger/8.0.23.2160(0x28001768) WeChat/arm64 Weixin NetType/5G Language/zh_CN ABI/arm64 MiniProgramEnv/android',
  'charset' => 'utf-8',
  'connection' => 'close',
  'host' => 'puzhenshop.feibu.info',
)
[ begin ] [ PARAM ] array (
  'goods_id' => '10057',
  'wxapp_id' => '10001',
  'token' => '39a95e4722341b14dd5946789ded1b5f',
)
---------------------------------------------------------------
[ 2022-06-24T10:45:26+08:00 ] 27.149.110.48 GET puzhenshop.feibu.info/index.php?s=/api/tea_qrcode/detail&tea_qrcode_id=275&wxapp_id=10001&token=39a95e4722341b14dd5946789ded1b5f
[ begin ] [ ROUTE ] array (
  'type' => 'module',
  'module' => 
  array (
    0 => 'api',
    1 => 'tea_qrcode',
    2 => 'detail',
  ),
)
[ begin ] [ HEADER ] array (
  'accept-encoding' => 'gzip,compress,br,deflate',
  'content-type' => 'application/json',
  'user-agent' => 'Mozilla/5.0 (Linux; Android 12; M2012K11AC Build/SKQ1.211006.001; wv) AppleWebKit/537.36 (KHTML, like Gecko) Version/4.0 Chrome/86.0.4240.99 XWEB/4255 MMWEBSDK/20220505 Mobile Safari/537.36 MMWEBID/7767 MicroMessenger/8.0.23.2160(0x28001768) WeChat/arm64 Weixin NetType/5G Language/zh_CN ABI/arm64 MiniProgramEnv/android',
  'charset' => 'utf-8',
  'connection' => 'close',
  'host' => 'puzhenshop.feibu.info',
)
[ begin ] [ PARAM ] array (
  'tea_qrcode_id' => '275',
  'wxapp_id' => '10001',
  'token' => '39a95e4722341b14dd5946789ded1b5f',
)
---------------------------------------------------------------
[ 2022-06-24T10:45:26+08:00 ] 27.149.110.48 GET puzhenshop.feibu.info/index.php?s=/api/tea_qrcode_comment/lists/tea_qrcode_id/275&goods_id=10057&wxapp_id=10001&token=39a95e4722341b14dd5946789ded1b5f
[ begin ] [ ROUTE ] array (
  'type' => 'module',
  'module' => 
  array (
    0 => 'api',
    1 => 'tea_qrcode_comment',
    2 => 'lists',
  ),
)
[ begin ] [ HEADER ] array (
  'accept-encoding' => 'gzip,compress,br,deflate',
  'content-type' => 'application/json',
  'user-agent' => 'Mozilla/5.0 (Linux; Android 12; M2012K11AC Build/SKQ1.211006.001; wv) AppleWebKit/537.36 (KHTML, like Gecko) Version/4.0 Chrome/86.0.4240.99 XWEB/4255 MMWEBSDK/20220505 Mobile Safari/537.36 MMWEBID/7767 MicroMessenger/8.0.23.2160(0x28001768) WeChat/arm64 Weixin NetType/5G Language/zh_CN ABI/arm64 MiniProgramEnv/android',
  'charset' => 'utf-8',
  'connection' => 'close',
  'host' => 'puzhenshop.feibu.info',
)
[ begin ] [ PARAM ] array (
  'goods_id' => '10057',
  'wxapp_id' => '10001',
  'token' => '39a95e4722341b14dd5946789ded1b5f',
  'tea_qrcode_id' => '275',
)
---------------------------------------------------------------
[ 2022-06-24T10:45:31+08:00 ] 27.149.110.48 GET puzhenshop.feibu.info/index.php?s=/api/goods/detail&goods_id=10057&wxapp_id=10001&token=39a95e4722341b14dd5946789ded1b5f
[ begin ] [ ROUTE ] array (
  'type' => 'module',
  'module' => 
  array (
    0 => 'api',
    1 => 'goods',
    2 => 'detail',
  ),
)
[ begin ] [ HEADER ] array (
  'accept-encoding' => 'gzip,compress,br,deflate',
  'content-type' => 'application/json',
  'user-agent' => 'Mozilla/5.0 (Linux; Android 12; M2012K11AC Build/SKQ1.211006.001; wv) AppleWebKit/537.36 (KHTML, like Gecko) Version/4.0 Chrome/86.0.4240.99 XWEB/4255 MMWEBSDK/20220505 Mobile Safari/537.36 MMWEBID/7767 MicroMessenger/8.0.23.2160(0x28001768) WeChat/arm64 Weixin NetType/5G Language/zh_CN ABI/arm64 MiniProgramEnv/android',
  'charset' => 'utf-8',
  'connection' => 'close',
  'host' => 'puzhenshop.feibu.info',
)
[ begin ] [ PARAM ] array (
  'goods_id' => '10057',
  'wxapp_id' => '10001',
  'token' => '39a95e4722341b14dd5946789ded1b5f',
)
---------------------------------------------------------------
[ 2022-06-24T14:44:47+08:00 ] 183.250.209.177 GET puzhenshop.feibu.info/index.php?s=/store/goods/index
[ begin ] [ ROUTE ] array (
  'type' => 'module',
  'module' => 
  array (
    0 => 'store',
    1 => 'goods',
    2 => 'index',
  ),
)
[ begin ] [ HEADER ] array (
  'cookie' => 'PHPSESSID=eau7cqrmroug73jrogi6h0sigu',
  'accept-language' => 'zh-CN,zh;q=0.9',
  'accept-encoding' => 'gzip, deflate',
  'referer' => 'http://puzhenshop.feibu.info/index.php?s=/store/equipment.user_equipment/apply_list',
  'accept' => 'text/html,application/xhtml+xml,application/xml;q=0.9,image/avif,image/webp,image/apng,*/*;q=0.8,application/signed-exchange;v=b3;q=0.9',
  'user-agent' => 'Mozilla/5.0 (Windows NT 10.0; WOW64) AppleWebKit/537.36 (KHTML, like Gecko) Chrome/92.0.4515.131 Safari/537.36 SLBrowser/8.0.0.5261 SLBChan/103',
  'upgrade-insecure-requests' => '1',
  'cache-control' => 'max-age=0',
  'connection' => 'close',
  'host' => 'puzhenshop.feibu.info',
)
[ begin ] [ PARAM ] array (
)
---------------------------------------------------------------
[ 2022-06-24T14:47:11+08:00 ] 183.250.209.177 GET puzhenshop.feibu.info/index.php?s=/store/goods/edit/goods_id/10059
[ begin ] [ ROUTE ] array (
  'type' => 'module',
  'module' => 
  array (
    0 => 'store',
    1 => 'goods',
    2 => 'edit',
  ),
)
[ begin ] [ HEADER ] array (
  'cookie' => 'PHPSESSID=eau7cqrmroug73jrogi6h0sigu',
  'accept-language' => 'zh-CN,zh;q=0.9',
  'accept-encoding' => 'gzip, deflate',
  'referer' => 'http://puzhenshop.feibu.info/index.php?s=/store/goods/index',
  'accept' => 'text/html,application/xhtml+xml,application/xml;q=0.9,image/avif,image/webp,image/apng,*/*;q=0.8,application/signed-exchange;v=b3;q=0.9',
  'user-agent' => 'Mozilla/5.0 (Windows NT 10.0; WOW64) AppleWebKit/537.36 (KHTML, like Gecko) Chrome/92.0.4515.131 Safari/537.36 SLBrowser/8.0.0.5261 SLBChan/103',
  'upgrade-insecure-requests' => '1',
  'connection' => 'close',
  'host' => 'puzhenshop.feibu.info',
)
[ begin ] [ PARAM ] array (
  'goods_id' => '10059',
)
---------------------------------------------------------------
[ 2022-06-24T14:49:02+08:00 ] 183.250.209.177 GET puzhenshop.feibu.info/index.php?s=/store/goods/index
[ begin ] [ ROUTE ] array (
  'type' => 'module',
  'module' => 
  array (
    0 => 'store',
    1 => 'goods',
    2 => 'index',
  ),
)
[ begin ] [ HEADER ] array (
  'cookie' => 'PHPSESSID=eau7cqrmroug73jrogi6h0sigu',
  'accept-language' => 'zh-CN,zh;q=0.9',
  'accept-encoding' => 'gzip, deflate',
  'referer' => 'http://puzhenshop.feibu.info/index.php?s=/store/goods/edit/goods_id/10059',
  'accept' => 'text/html,application/xhtml+xml,application/xml;q=0.9,image/avif,image/webp,image/apng,*/*;q=0.8,application/signed-exchange;v=b3;q=0.9',
  'user-agent' => 'Mozilla/5.0 (Windows NT 10.0; WOW64) AppleWebKit/537.36 (KHTML, like Gecko) Chrome/92.0.4515.131 Safari/537.36 SLBrowser/8.0.0.5261 SLBChan/103',
  'upgrade-insecure-requests' => '1',
  'connection' => 'close',
  'host' => 'puzhenshop.feibu.info',
)
[ begin ] [ PARAM ] array (
)
---------------------------------------------------------------
[ 2022-06-24T14:49:09+08:00 ] 183.250.209.177 GET puzhenshop.feibu.info/index.php?s=/store/goods/copy/goods_id/10059
[ begin ] [ ROUTE ] array (
  'type' => 'module',
  'module' => 
  array (
    0 => 'store',
    1 => 'goods',
    2 => 'copy',
  ),
)
[ begin ] [ HEADER ] array (
  'cookie' => 'PHPSESSID=eau7cqrmroug73jrogi6h0sigu',
  'accept-language' => 'zh-CN,zh;q=0.9',
  'accept-encoding' => 'gzip, deflate',
  'referer' => 'http://puzhenshop.feibu.info/index.php?s=/store/goods/index',
  'accept' => 'text/html,application/xhtml+xml,application/xml;q=0.9,image/avif,image/webp,image/apng,*/*;q=0.8,application/signed-exchange;v=b3;q=0.9',
  'user-agent' => 'Mozilla/5.0 (Windows NT 10.0; WOW64) AppleWebKit/537.36 (KHTML, like Gecko) Chrome/92.0.4515.131 Safari/537.36 SLBrowser/8.0.0.5261 SLBChan/103',
  'upgrade-insecure-requests' => '1',
  'connection' => 'close',
  'host' => 'puzhenshop.feibu.info',
)
[ begin ] [ PARAM ] array (
  'goods_id' => '10059',
)
---------------------------------------------------------------
[ 2022-06-24T14:50:31+08:00 ] 183.250.209.177 POST puzhenshop.feibu.info/index.php?s=/store/goods/copy/goods_id/10059
[ begin ] [ ROUTE ] array (
  'type' => 'module',
  'module' => 
  array (
    0 => 'store',
    1 => 'goods',
    2 => 'copy',
  ),
)
[ begin ] [ HEADER ] array (
  'cookie' => 'PHPSESSID=eau7cqrmroug73jrogi6h0sigu',
  'accept-language' => 'zh-CN,zh;q=0.9',
  'accept-encoding' => 'gzip, deflate',
  'referer' => 'http://puzhenshop.feibu.info/index.php?s=/store/goods/copy/goods_id/10059',
  'origin' => 'http://puzhenshop.feibu.info',
  'content-type' => 'application/x-www-form-urlencoded; charset=UTF-8',
  'user-agent' => 'Mozilla/5.0 (Windows NT 10.0; WOW64) AppleWebKit/537.36 (KHTML, like Gecko) Chrome/92.0.4515.131 Safari/537.36 SLBrowser/8.0.0.5261 SLBChan/103',
  'x-requested-with' => 'XMLHttpRequest',
  'accept' => 'application/json, text/javascript, */*; q=0.01',
  'content-length' => '2065',
  'connection' => 'close',
  'host' => 'puzhenshop.feibu.info',
)
[ begin ] [ PARAM ] array (
  'goods' => 
  array (
    'factory_id' => '1',
    'goods_name' => '卷曲型绿茶推荐泡法（碧螺春、庐山云雾、信阳毛尖）',
    'category_id' => '10010',
    'images' => 
    array (
      0 => '10154',
    ),
    'selling_point' => '推荐人许韵诗老师：毕业于安徽农业大学茶学专业；国家级评茶技师；多年茶艺及评茶课程教学经验；深圳市秦汉胡同国学书院茶艺教学工作；广州市艺源职业学校外聘茶艺评茶老师；多次参与北京和静园修习申时茶茶会策划与执行课程；商务策划并执行多场申时茶会、品鉴会、茶修课程',
    'sku' => 
    array (
      'goods_no' => '',
      'ref_price' => '0.00',
      'goods_weight' => '4',
    ),
    'content' => '&lt;p&gt;参考茶样：碧螺春，不洗茶&lt;/p&gt;&lt;p&gt;适用范围：外形紧结炒青；如碧螺春、庐山云雾、信阳毛尖&lt;/p&gt;&lt;p&gt;&lt;br/&gt;&lt;/p&gt;',
    'goods_status' => '10',
    'goods_sort' => '0',
  ),
  'goods_id' => '10059',
)
---------------------------------------------------------------
[ 2022-06-24T14:50:33+08:00 ] 183.250.209.177 GET puzhenshop.feibu.info/index.php?s=/store/goods/index
[ begin ] [ ROUTE ] array (
  'type' => 'module',
  'module' => 
  array (
    0 => 'store',
    1 => 'goods',
    2 => 'index',
  ),
)
[ begin ] [ HEADER ] array (
  'cookie' => 'PHPSESSID=eau7cqrmroug73jrogi6h0sigu',
  'accept-language' => 'zh-CN,zh;q=0.9',
  'accept-encoding' => 'gzip, deflate',
  'referer' => 'http://puzhenshop.feibu.info/index.php?s=/store/goods/copy/goods_id/10059',
  'accept' => 'text/html,application/xhtml+xml,application/xml;q=0.9,image/avif,image/webp,image/apng,*/*;q=0.8,application/signed-exchange;v=b3;q=0.9',
  'user-agent' => 'Mozilla/5.0 (Windows NT 10.0; WOW64) AppleWebKit/537.36 (KHTML, like Gecko) Chrome/92.0.4515.131 Safari/537.36 SLBrowser/8.0.0.5261 SLBChan/103',
  'upgrade-insecure-requests' => '1',
  'connection' => 'close',
  'host' => 'puzhenshop.feibu.info',
)
[ begin ] [ PARAM ] array (
)
---------------------------------------------------------------
[ 2022-06-24T14:51:50+08:00 ] 183.250.209.177 GET puzhenshop.feibu.info/index.php?s=/store/tea_qrcode.factory_tea_qrcode/add/goods_id/10060
[ begin ] [ ROUTE ] array (
  'type' => 'module',
  'module' => 
  array (
    0 => 'store',
    1 => 'tea_qrcode.factory_tea_qrcode',
    2 => 'add',
  ),
)
[ begin ] [ HEADER ] array (
  'cookie' => 'PHPSESSID=eau7cqrmroug73jrogi6h0sigu',
  'accept-language' => 'zh-CN,zh;q=0.9',
  'accept-encoding' => 'gzip, deflate',
  'referer' => 'http://puzhenshop.feibu.info/index.php?s=/store/goods/index',
  'accept' => 'text/html,application/xhtml+xml,application/xml;q=0.9,image/avif,image/webp,image/apng,*/*;q=0.8,application/signed-exchange;v=b3;q=0.9',
  'user-agent' => 'Mozilla/5.0 (Windows NT 10.0; WOW64) AppleWebKit/537.36 (KHTML, like Gecko) Chrome/92.0.4515.131 Safari/537.36 SLBrowser/8.0.0.5261 SLBChan/103',
  'upgrade-insecure-requests' => '1',
  'connection' => 'close',
  'host' => 'puzhenshop.feibu.info',
)
[ begin ] [ PARAM ] array (
  'goods_id' => '10060',
)
---------------------------------------------------------------
[ 2022-06-24T14:54:11+08:00 ] 183.250.209.177 POST puzhenshop.feibu.info/index.php?s=/store/tea_qrcode.factory_tea_qrcode/add/goods_id/10060
[ begin ] [ ROUTE ] array (
  'type' => 'module',
  'module' => 
  array (
    0 => 'store',
    1 => 'tea_qrcode.factory_tea_qrcode',
    2 => 'add',
  ),
)
[ begin ] [ HEADER ] array (
  'cookie' => 'PHPSESSID=eau7cqrmroug73jrogi6h0sigu',
  'accept-language' => 'zh-CN,zh;q=0.9',
  'accept-encoding' => 'gzip, deflate',
  'referer' => 'http://puzhenshop.feibu.info/index.php?s=/store/tea_qrcode.factory_tea_qrcode/add/goods_id/10060',
  'origin' => 'http://puzhenshop.feibu.info',
  'content-type' => 'application/x-www-form-urlencoded; charset=UTF-8',
  'user-agent' => 'Mozilla/5.0 (Windows NT 10.0; WOW64) AppleWebKit/537.36 (KHTML, like Gecko) Chrome/92.0.4515.131 Safari/537.36 SLBrowser/8.0.0.5261 SLBChan/103',
  'x-requested-with' => 'XMLHttpRequest',
  'accept' => 'application/json, text/javascript, */*; q=0.01',
  'content-length' => '862',
  'connection' => 'close',
  'host' => 'puzhenshop.feibu.info',
)
[ begin ] [ PARAM ] array (
  'tea_qrcode' => 
  array (
    'name' => '卷曲型绿茶',
    'goods_id' => '10060',
    'tea' => 'A',
    'weight' => '4',
    'number' => '10',
    'temperature' => 
    array (
      0 => '80',
      1 => '80',
      2 => '80',
      3 => '85',
      4 => '85',
      5 => '85',
      6 => '85',
      7 => '88',
      8 => '90',
      9 => '90',
    ),
    'seconds' => 
    array (
      0 => '8',
      1 => '5',
      2 => '5',
      3 => '5',
      4 => '5',
      5 => '5',
      6 => '7',
      7 => '7',
      8 => '10',
      9 => '15',
    ),
  ),
  'goods_id' => '10060',
)
---------------------------------------------------------------
[ 2022-06-24T14:54:13+08:00 ] 183.250.209.177 GET puzhenshop.feibu.info/index.php?s=/store/tea_qrcode.factory_tea_qrcode/index
[ begin ] [ ROUTE ] array (
  'type' => 'module',
  'module' => 
  array (
    0 => 'store',
    1 => 'tea_qrcode.factory_tea_qrcode',
    2 => 'index',
  ),
)
[ begin ] [ HEADER ] array (
  'cookie' => 'PHPSESSID=eau7cqrmroug73jrogi6h0sigu',
  'accept-language' => 'zh-CN,zh;q=0.9',
  'accept-encoding' => 'gzip, deflate',
  'referer' => 'http://puzhenshop.feibu.info/index.php?s=/store/tea_qrcode.factory_tea_qrcode/add/goods_id/10060',
  'accept' => 'text/html,application/xhtml+xml,application/xml;q=0.9,image/avif,image/webp,image/apng,*/*;q=0.8,application/signed-exchange;v=b3;q=0.9',
  'user-agent' => 'Mozilla/5.0 (Windows NT 10.0; WOW64) AppleWebKit/537.36 (KHTML, like Gecko) Chrome/92.0.4515.131 Safari/537.36 SLBrowser/8.0.0.5261 SLBChan/103',
  'upgrade-insecure-requests' => '1',
  'connection' => 'close',
  'host' => 'puzhenshop.feibu.info',
)
[ begin ] [ PARAM ] array (
)
---------------------------------------------------------------
[ 2022-06-24T14:54:18+08:00 ] 183.250.209.177 GET puzhenshop.feibu.info/index.php?s=/store/goods/index
[ begin ] [ ROUTE ] array (
  'type' => 'module',
  'module' => 
  array (
    0 => 'store',
    1 => 'goods',
    2 => 'index',
  ),
)
[ begin ] [ HEADER ] array (
  'cookie' => 'PHPSESSID=eau7cqrmroug73jrogi6h0sigu',
  'accept-language' => 'zh-CN,zh;q=0.9',
  'accept-encoding' => 'gzip, deflate',
  'referer' => 'http://puzhenshop.feibu.info/index.php?s=/store/tea_qrcode.factory_tea_qrcode/index',
  'accept' => 'text/html,application/xhtml+xml,application/xml;q=0.9,image/avif,image/webp,image/apng,*/*;q=0.8,application/signed-exchange;v=b3;q=0.9',
  'user-agent' => 'Mozilla/5.0 (Windows NT 10.0; WOW64) AppleWebKit/537.36 (KHTML, like Gecko) Chrome/92.0.4515.131 Safari/537.36 SLBrowser/8.0.0.5261 SLBChan/103',
  'upgrade-insecure-requests' => '1',
  'connection' => 'close',
  'host' => 'puzhenshop.feibu.info',
)
[ begin ] [ PARAM ] array (
)
---------------------------------------------------------------
[ 2022-06-24T14:54:23+08:00 ] 183.250.209.177 GET puzhenshop.feibu.info/index.php?s=/store/tea_qrcode.factory_tea_qrcode/edit/tea_qrcode_id/292
[ begin ] [ ROUTE ] array (
  'type' => 'module',
  'module' => 
  array (
    0 => 'store',
    1 => 'tea_qrcode.factory_tea_qrcode',
    2 => 'edit',
  ),
)
[ begin ] [ HEADER ] array (
  'cookie' => 'PHPSESSID=eau7cqrmroug73jrogi6h0sigu',
  'accept-language' => 'zh-CN,zh;q=0.9',
  'accept-encoding' => 'gzip, deflate',
  'referer' => 'http://puzhenshop.feibu.info/index.php?s=/store/goods/index',
  'accept' => 'text/html,application/xhtml+xml,application/xml;q=0.9,image/avif,image/webp,image/apng,*/*;q=0.8,application/signed-exchange;v=b3;q=0.9',
  'user-agent' => 'Mozilla/5.0 (Windows NT 10.0; WOW64) AppleWebKit/537.36 (KHTML, like Gecko) Chrome/92.0.4515.131 Safari/537.36 SLBrowser/8.0.0.5261 SLBChan/103',
  'upgrade-insecure-requests' => '1',
  'connection' => 'close',
  'host' => 'puzhenshop.feibu.info',
)
[ begin ] [ PARAM ] array (
  'tea_qrcode_id' => '292',
)
---------------------------------------------------------------
[ 2022-06-24T14:54:26+08:00 ] 183.250.209.177 GET puzhenshop.feibu.info/index.php?s=/store/goods/index
[ begin ] [ ROUTE ] array (
  'type' => 'module',
  'module' => 
  array (
    0 => 'store',
    1 => 'goods',
    2 => 'index',
  ),
)
[ begin ] [ HEADER ] array (
  'cookie' => 'PHPSESSID=eau7cqrmroug73jrogi6h0sigu',
  'accept-language' => 'zh-CN,zh;q=0.9',
  'accept-encoding' => 'gzip, deflate',
  'referer' => 'http://puzhenshop.feibu.info/index.php?s=/store/tea_qrcode.factory_tea_qrcode/index',
  'accept' => 'text/html,application/xhtml+xml,application/xml;q=0.9,image/avif,image/webp,image/apng,*/*;q=0.8,application/signed-exchange;v=b3;q=0.9',
  'user-agent' => 'Mozilla/5.0 (Windows NT 10.0; WOW64) AppleWebKit/537.36 (KHTML, like Gecko) Chrome/92.0.4515.131 Safari/537.36 SLBrowser/8.0.0.5261 SLBChan/103',
  'upgrade-insecure-requests' => '1',
  'connection' => 'close',
  'host' => 'puzhenshop.feibu.info',
)
[ begin ] [ PARAM ] array (
)
---------------------------------------------------------------
[ 2022-06-24T14:54:40+08:00 ] 183.250.209.177 GET puzhenshop.feibu.info/index.php?s=/store/goods/edit/goods_id/10060
[ begin ] [ ROUTE ] array (
  'type' => 'module',
  'module' => 
  array (
    0 => 'store',
    1 => 'goods',
    2 => 'edit',
  ),
)
[ begin ] [ HEADER ] array (
  'cookie' => 'PHPSESSID=eau7cqrmroug73jrogi6h0sigu',
  'accept-language' => 'zh-CN,zh;q=0.9',
  'accept-encoding' => 'gzip, deflate',
  'referer' => 'http://puzhenshop.feibu.info/index.php?s=/store/goods/index',
  'accept' => 'text/html,application/xhtml+xml,application/xml;q=0.9,image/avif,image/webp,image/apng,*/*;q=0.8,application/signed-exchange;v=b3;q=0.9',
  'user-agent' => 'Mozilla/5.0 (Windows NT 10.0; WOW64) AppleWebKit/537.36 (KHTML, like Gecko) Chrome/92.0.4515.131 Safari/537.36 SLBrowser/8.0.0.5261 SLBChan/103',
  'upgrade-insecure-requests' => '1',
  'connection' => 'close',
  'host' => 'puzhenshop.feibu.info',
)
[ begin ] [ PARAM ] array (
  'goods_id' => '10060',
)
