---------------------------------------------------------------
[ 2022-06-27T17:34:34+08:00 ] 116.21.15.70 GET puzhenshop.feibu.info/index.php?s=/factory/tea_qrcode.factory_tea_qrcode/index
[ begin ] [ ROUTE ] array (
  'type' => 'module',
  'module' => 
  array (
    0 => 'factory',
    1 => 'tea_qrcode.factory_tea_qrcode',
    2 => 'index',
  ),
)
[ begin ] [ HEADER ] array (
  'cookie' => '__gads=ID=00d075fa159d8ac8:T=1597915774:S=ALNI_MZogTGW2LAF0H_NTkBymWmUYtnOxQ; __root_domain_v=.feibu.info; _qddaz=QD.932230466496504; PHPSESSID=4ffaifijht021p2df4b5nq4mmq; thinkphp_show_page_trace=0|0; Hm_lvt_8231d52c4580fdb4fc6a6098e03a174f=1652667143; Hm_lpvt_8231d52c4580fdb4fc6a6098e03a174f=1652667143',
  'accept-language' => 'en,zh-CN;q=0.9,zh;q=0.8',
  'accept-encoding' => 'gzip, deflate',
  'referer' => 'http://puzhenshop.feibu.info/index.php?s=/factory/goods/index',
  'accept' => 'text/html,application/xhtml+xml,application/xml;q=0.9,image/avif,image/webp,image/apng,*/*;q=0.8,application/signed-exchange;v=b3;q=0.9',
  'user-agent' => 'Mozilla/5.0 (Macintosh; Intel Mac OS X 10_14_6) AppleWebKit/537.36 (KHTML, like Gecko) Chrome/102.0.0.0 Safari/537.36',
  'upgrade-insecure-requests' => '1',
  'dnt' => '1',
  'connection' => 'close',
  'host' => 'puzhenshop.feibu.info',
)
[ begin ] [ PARAM ] array (
)
