---------------------------------------------------------------
[ 2022-07-08T00:26:09+08:00 ] 116.23.40.112 GET puzhenshop.feibu.info/index.php?s=/factory/goods/index
[ begin ] [ ROUTE ] array (
  'type' => 'module',
  'module' => 
  array (
    0 => 'factory',
    1 => 'goods',
    2 => 'index',
  ),
)
[ begin ] [ HEADER ] array (
  'cookie' => '__root_domain_v=.feibu.info; _qddaz=QD.462850277201994; Hm_lvt_8231d52c4580fdb4fc6a6098e03a174f=1652776307; PHPSESSID=pjtirs3irf63a2p64g4ekae2ae',
  'accept-language' => 'zh-CN,zh;q=0.9',
  'accept-encoding' => 'gzip, deflate',
  'referer' => 'http://puzhenshop.feibu.info/index.php?s=/factory/index/index',
  'accept' => 'text/html,application/xhtml+xml,application/xml;q=0.9,image/avif,image/webp,image/apng,*/*;q=0.8,application/signed-exchange;v=b3;q=0.9',
  'user-agent' => 'Mozilla/5.0 (iPhone; CPU iPhone OS 13_2_3 like Mac OS X) AppleWebKit/605.1.15 (KHTML, like Gecko) Version/13.0.3 Mobile/15E148 Safari/604.1',
  'upgrade-insecure-requests' => '1',
  'connection' => 'close',
  'host' => 'puzhenshop.feibu.info',
)
[ begin ] [ PARAM ] array (
)
---------------------------------------------------------------
[ 2022-07-08T00:26:15+08:00 ] 116.23.40.112 GET puzhenshop.feibu.info/index.php?s=/factory/goods/add
[ begin ] [ ROUTE ] array (
  'type' => 'module',
  'module' => 
  array (
    0 => 'factory',
    1 => 'goods',
    2 => 'add',
  ),
)
[ begin ] [ HEADER ] array (
  'cookie' => '__root_domain_v=.feibu.info; _qddaz=QD.462850277201994; Hm_lvt_8231d52c4580fdb4fc6a6098e03a174f=1652776307; PHPSESSID=pjtirs3irf63a2p64g4ekae2ae',
  'accept-language' => 'zh-CN,zh;q=0.9',
  'accept-encoding' => 'gzip, deflate',
  'referer' => 'http://puzhenshop.feibu.info/index.php?s=/factory/goods/index',
  'accept' => 'text/html,application/xhtml+xml,application/xml;q=0.9,image/avif,image/webp,image/apng,*/*;q=0.8,application/signed-exchange;v=b3;q=0.9',
  'user-agent' => 'Mozilla/5.0 (iPhone; CPU iPhone OS 13_2_3 like Mac OS X) AppleWebKit/605.1.15 (KHTML, like Gecko) Version/13.0.3 Mobile/15E148 Safari/604.1',
  'upgrade-insecure-requests' => '1',
  'connection' => 'close',
  'host' => 'puzhenshop.feibu.info',
)
[ begin ] [ PARAM ] array (
)
---------------------------------------------------------------
[ 2022-07-08T00:31:49+08:00 ] 116.21.42.187 GET puzhenshop.feibu.info/index.php?s=/factory/goods/add
[ begin ] [ ROUTE ] array (
  'type' => 'module',
  'module' => 
  array (
    0 => 'factory',
    1 => 'goods',
    2 => 'add',
  ),
)
[ begin ] [ HEADER ] array (
  'cookie' => '__root_domain_v=.feibu.info; _qddaz=QD.462850277201994; Hm_lvt_8231d52c4580fdb4fc6a6098e03a174f=1652776307; PHPSESSID=pjtirs3irf63a2p64g4ekae2ae',
  'accept-language' => 'zh-CN,zh;q=0.9',
  'accept-encoding' => 'gzip, deflate',
  'referer' => 'http://puzhenshop.feibu.info/index.php?s=/factory/goods/index',
  'accept' => 'text/html,application/xhtml+xml,application/xml;q=0.9,image/avif,image/webp,image/apng,*/*;q=0.8,application/signed-exchange;v=b3;q=0.9',
  'user-agent' => 'Mozilla/5.0 (iPhone; CPU iPhone OS 13_2_3 like Mac OS X) AppleWebKit/605.1.15 (KHTML, like Gecko) Version/13.0.3 Mobile/15E148 Safari/604.1',
  'upgrade-insecure-requests' => '1',
  'cache-control' => 'max-age=0',
  'connection' => 'close',
  'host' => 'puzhenshop.feibu.info',
)
[ begin ] [ PARAM ] array (
)
---------------------------------------------------------------
[ 2022-07-08T00:33:04+08:00 ] 116.21.42.187 GET puzhenshop.feibu.info/index.php?s=/factory/goods/add
[ begin ] [ ROUTE ] array (
  'type' => 'module',
  'module' => 
  array (
    0 => 'factory',
    1 => 'goods',
    2 => 'add',
  ),
)
[ begin ] [ HEADER ] array (
  'cookie' => '__root_domain_v=.feibu.info; _qddaz=QD.462850277201994; Hm_lvt_8231d52c4580fdb4fc6a6098e03a174f=1652776307; PHPSESSID=pjtirs3irf63a2p64g4ekae2ae',
  'accept-language' => 'zh-CN,zh;q=0.9',
  'accept-encoding' => 'gzip, deflate',
  'referer' => 'http://puzhenshop.feibu.info/index.php?s=/factory/goods/index',
  'accept' => 'text/html,application/xhtml+xml,application/xml;q=0.9,image/avif,image/webp,image/apng,*/*;q=0.8,application/signed-exchange;v=b3;q=0.9',
  'user-agent' => 'Mozilla/5.0 (iPhone; CPU iPhone OS 13_2_3 like Mac OS X) AppleWebKit/605.1.15 (KHTML, like Gecko) Version/13.0.3 Mobile/15E148 Safari/604.1',
  'upgrade-insecure-requests' => '1',
  'cache-control' => 'max-age=0',
  'connection' => 'close',
  'host' => 'puzhenshop.feibu.info',
)
[ begin ] [ PARAM ] array (
)
---------------------------------------------------------------
[ 2022-07-08T00:33:12+08:00 ] 116.21.42.187 POST puzhenshop.feibu.info/index.php?s=/factory/goods/add
[ begin ] [ ROUTE ] array (
  'type' => 'module',
  'module' => 
  array (
    0 => 'factory',
    1 => 'goods',
    2 => 'add',
  ),
)
[ begin ] [ HEADER ] array (
  'cookie' => '__root_domain_v=.feibu.info; _qddaz=QD.462850277201994; Hm_lvt_8231d52c4580fdb4fc6a6098e03a174f=1652776307; PHPSESSID=pjtirs3irf63a2p64g4ekae2ae',
  'accept-language' => 'zh-CN,zh;q=0.9',
  'accept-encoding' => 'gzip, deflate',
  'referer' => 'http://puzhenshop.feibu.info/index.php?s=/factory/goods/add',
  'origin' => 'http://puzhenshop.feibu.info',
  'content-type' => 'application/x-www-form-urlencoded; charset=UTF-8',
  'user-agent' => 'Mozilla/5.0 (iPhone; CPU iPhone OS 13_2_3 like Mac OS X) AppleWebKit/605.1.15 (KHTML, like Gecko) Version/13.0.3 Mobile/15E148 Safari/604.1',
  'x-requested-with' => 'XMLHttpRequest',
  'accept' => 'application/json, text/javascript, */*; q=0.01',
  'content-length' => '223',
  'connection' => 'close',
  'host' => 'puzhenshop.feibu.info',
)
[ begin ] [ PARAM ] array (
  'goods' => 
  array (
    'goods_name' => '22',
    'category_id' => '10007',
    'selling_point' => '',
    'sku' => 
    array (
      'goods_no' => '',
      'ref_price' => '2',
      'goods_weight' => '2',
    ),
    'content' => '',
    'goods_status' => '10',
  ),
)
---------------------------------------------------------------
[ 2022-07-08T00:33:15+08:00 ] 116.21.42.187 GET puzhenshop.feibu.info/index.php?s=/factory/upload.library/fileList&group_id=-1
[ begin ] [ ROUTE ] array (
  'type' => 'module',
  'module' => 
  array (
    0 => 'factory',
    1 => 'upload.library',
    2 => 'fileList',
  ),
)
[ begin ] [ HEADER ] array (
  'cookie' => '__root_domain_v=.feibu.info; _qddaz=QD.462850277201994; Hm_lvt_8231d52c4580fdb4fc6a6098e03a174f=1652776307; PHPSESSID=pjtirs3irf63a2p64g4ekae2ae',
  'accept-language' => 'zh-CN,zh;q=0.9',
  'accept-encoding' => 'gzip, deflate',
  'referer' => 'http://puzhenshop.feibu.info/index.php?s=/factory/goods/add',
  'x-requested-with' => 'XMLHttpRequest',
  'user-agent' => 'Mozilla/5.0 (iPhone; CPU iPhone OS 13_2_3 like Mac OS X) AppleWebKit/605.1.15 (KHTML, like Gecko) Version/13.0.3 Mobile/15E148 Safari/604.1',
  'accept' => 'application/json, text/javascript, */*; q=0.01',
  'connection' => 'close',
  'host' => 'puzhenshop.feibu.info',
)
[ begin ] [ PARAM ] array (
  'group_id' => '-1',
)
---------------------------------------------------------------
[ 2022-07-08T00:36:43+08:00 ] 116.21.42.187 GET puzhenshop.feibu.info/index.php?s=/factory/goods/add
[ begin ] [ ROUTE ] array (
  'type' => 'module',
  'module' => 
  array (
    0 => 'factory',
    1 => 'goods',
    2 => 'add',
  ),
)
[ begin ] [ HEADER ] array (
  'cookie' => '__root_domain_v=.feibu.info; _qddaz=QD.462850277201994; Hm_lvt_8231d52c4580fdb4fc6a6098e03a174f=1652776307; PHPSESSID=pjtirs3irf63a2p64g4ekae2ae',
  'accept-language' => 'zh-CN,zh;q=0.9',
  'accept-encoding' => 'gzip, deflate',
  'referer' => 'http://puzhenshop.feibu.info/index.php?s=/factory/goods/index',
  'accept' => 'text/html,application/xhtml+xml,application/xml;q=0.9,image/avif,image/webp,image/apng,*/*;q=0.8,application/signed-exchange;v=b3;q=0.9',
  'user-agent' => 'Mozilla/5.0 (iPhone; CPU iPhone OS 13_2_3 like Mac OS X) AppleWebKit/605.1.15 (KHTML, like Gecko) Version/13.0.3 Mobile/15E148 Safari/604.1',
  'upgrade-insecure-requests' => '1',
  'cache-control' => 'max-age=0',
  'connection' => 'close',
  'host' => 'puzhenshop.feibu.info',
)
[ begin ] [ PARAM ] array (
)
---------------------------------------------------------------
[ 2022-07-08T00:37:26+08:00 ] 116.21.42.187 GET puzhenshop.feibu.info/index.php?s=/factory/upload.library/fileList&group_id=-1
[ begin ] [ ROUTE ] array (
  'type' => 'module',
  'module' => 
  array (
    0 => 'factory',
    1 => 'upload.library',
    2 => 'fileList',
  ),
)
[ begin ] [ HEADER ] array (
  'cookie' => '__root_domain_v=.feibu.info; _qddaz=QD.462850277201994; Hm_lvt_8231d52c4580fdb4fc6a6098e03a174f=1652776307; PHPSESSID=pjtirs3irf63a2p64g4ekae2ae',
  'accept-language' => 'zh-CN,zh;q=0.9',
  'accept-encoding' => 'gzip, deflate',
  'referer' => 'http://puzhenshop.feibu.info/index.php?s=/factory/goods/add',
  'x-requested-with' => 'XMLHttpRequest',
  'user-agent' => 'Mozilla/5.0 (iPhone; CPU iPhone OS 13_2_3 like Mac OS X) AppleWebKit/605.1.15 (KHTML, like Gecko) Version/13.0.3 Mobile/15E148 Safari/604.1',
  'accept' => 'application/json, text/javascript, */*; q=0.01',
  'connection' => 'close',
  'host' => 'puzhenshop.feibu.info',
)
[ begin ] [ PARAM ] array (
  'group_id' => '-1',
)
---------------------------------------------------------------
[ 2022-07-08T00:38:35+08:00 ] 116.23.40.112 GET puzhenshop.feibu.info/index.php?s=/factory/goods/add
[ begin ] [ ROUTE ] array (
  'type' => 'module',
  'module' => 
  array (
    0 => 'factory',
    1 => 'goods',
    2 => 'add',
  ),
)
[ begin ] [ HEADER ] array (
  'cookie' => '__root_domain_v=.feibu.info; _qddaz=QD.462850277201994; Hm_lvt_8231d52c4580fdb4fc6a6098e03a174f=1652776307; PHPSESSID=pjtirs3irf63a2p64g4ekae2ae',
  'accept-language' => 'zh-CN,zh;q=0.9',
  'accept-encoding' => 'gzip, deflate',
  'referer' => 'http://puzhenshop.feibu.info/index.php?s=/factory/goods/index',
  'accept' => 'text/html,application/xhtml+xml,application/xml;q=0.9,image/avif,image/webp,image/apng,*/*;q=0.8,application/signed-exchange;v=b3;q=0.9',
  'user-agent' => 'Mozilla/5.0 (iPhone; CPU iPhone OS 13_2_3 like Mac OS X) AppleWebKit/605.1.15 (KHTML, like Gecko) Version/13.0.3 Mobile/15E148 Safari/604.1',
  'upgrade-insecure-requests' => '1',
  'cache-control' => 'max-age=0',
  'connection' => 'close',
  'host' => 'puzhenshop.feibu.info',
)
[ begin ] [ PARAM ] array (
)
---------------------------------------------------------------
[ 2022-07-08T00:38:36+08:00 ] 116.21.42.187 GET puzhenshop.feibu.info/index.php?s=/factory/upload.library/fileList&group_id=-1
[ begin ] [ ROUTE ] array (
  'type' => 'module',
  'module' => 
  array (
    0 => 'factory',
    1 => 'upload.library',
    2 => 'fileList',
  ),
)
[ begin ] [ HEADER ] array (
  'cookie' => '__root_domain_v=.feibu.info; _qddaz=QD.462850277201994; Hm_lvt_8231d52c4580fdb4fc6a6098e03a174f=1652776307; PHPSESSID=pjtirs3irf63a2p64g4ekae2ae',
  'accept-language' => 'zh-CN,zh;q=0.9',
  'accept-encoding' => 'gzip, deflate',
  'referer' => 'http://puzhenshop.feibu.info/index.php?s=/factory/goods/add',
  'x-requested-with' => 'XMLHttpRequest',
  'user-agent' => 'Mozilla/5.0 (iPhone; CPU iPhone OS 13_2_3 like Mac OS X) AppleWebKit/605.1.15 (KHTML, like Gecko) Version/13.0.3 Mobile/15E148 Safari/604.1',
  'accept' => 'application/json, text/javascript, */*; q=0.01',
  'connection' => 'close',
  'host' => 'puzhenshop.feibu.info',
)
[ begin ] [ PARAM ] array (
  'group_id' => '-1',
)
---------------------------------------------------------------
[ 2022-07-08T00:38:39+08:00 ] 116.23.40.112 GET puzhenshop.feibu.info/index.php?s=/factory/goods/add
[ begin ] [ ROUTE ] array (
  'type' => 'module',
  'module' => 
  array (
    0 => 'factory',
    1 => 'goods',
    2 => 'add',
  ),
)
[ begin ] [ HEADER ] array (
  'cookie' => '__root_domain_v=.feibu.info; _qddaz=QD.462850277201994; Hm_lvt_8231d52c4580fdb4fc6a6098e03a174f=1652776307; PHPSESSID=pjtirs3irf63a2p64g4ekae2ae',
  'accept-language' => 'zh-CN,zh;q=0.9',
  'accept-encoding' => 'gzip, deflate',
  'referer' => 'http://puzhenshop.feibu.info/index.php?s=/factory/goods/index',
  'accept' => 'text/html,application/xhtml+xml,application/xml;q=0.9,image/avif,image/webp,image/apng,*/*;q=0.8,application/signed-exchange;v=b3;q=0.9',
  'user-agent' => 'Mozilla/5.0 (iPhone; CPU iPhone OS 13_2_3 like Mac OS X) AppleWebKit/605.1.15 (KHTML, like Gecko) Version/13.0.3 Mobile/15E148 Safari/604.1',
  'upgrade-insecure-requests' => '1',
  'cache-control' => 'no-cache',
  'pragma' => 'no-cache',
  'connection' => 'close',
  'host' => 'puzhenshop.feibu.info',
)
[ begin ] [ PARAM ] array (
)
---------------------------------------------------------------
[ 2022-07-08T00:38:45+08:00 ] 116.23.40.112 GET puzhenshop.feibu.info/index.php?s=/factory/upload.library/fileList&group_id=-1
[ begin ] [ ROUTE ] array (
  'type' => 'module',
  'module' => 
  array (
    0 => 'factory',
    1 => 'upload.library',
    2 => 'fileList',
  ),
)
[ begin ] [ HEADER ] array (
  'cookie' => '__root_domain_v=.feibu.info; _qddaz=QD.462850277201994; Hm_lvt_8231d52c4580fdb4fc6a6098e03a174f=1652776307; PHPSESSID=pjtirs3irf63a2p64g4ekae2ae',
  'accept-language' => 'zh-CN,zh;q=0.9',
  'accept-encoding' => 'gzip, deflate',
  'referer' => 'http://puzhenshop.feibu.info/index.php?s=/factory/goods/add',
  'x-requested-with' => 'XMLHttpRequest',
  'user-agent' => 'Mozilla/5.0 (iPhone; CPU iPhone OS 13_2_3 like Mac OS X) AppleWebKit/605.1.15 (KHTML, like Gecko) Version/13.0.3 Mobile/15E148 Safari/604.1',
  'accept' => 'application/json, text/javascript, */*; q=0.01',
  'connection' => 'close',
  'host' => 'puzhenshop.feibu.info',
)
[ begin ] [ PARAM ] array (
  'group_id' => '-1',
)
---------------------------------------------------------------
[ 2022-07-08T00:39:36+08:00 ] 116.23.40.112 GET puzhenshop.feibu.info/index.php?s=/factory/upload.library/fileList&group_id=-1
[ begin ] [ ROUTE ] array (
  'type' => 'module',
  'module' => 
  array (
    0 => 'factory',
    1 => 'upload.library',
    2 => 'fileList',
  ),
)
[ begin ] [ HEADER ] array (
  'cookie' => '__root_domain_v=.feibu.info; _qddaz=QD.462850277201994; Hm_lvt_8231d52c4580fdb4fc6a6098e03a174f=1652776307; PHPSESSID=pjtirs3irf63a2p64g4ekae2ae',
  'accept-language' => 'zh-CN,zh;q=0.9',
  'accept-encoding' => 'gzip, deflate',
  'referer' => 'http://puzhenshop.feibu.info/index.php?s=/factory/goods/add',
  'x-requested-with' => 'XMLHttpRequest',
  'user-agent' => 'Mozilla/5.0 (iPhone; CPU iPhone OS 13_2_3 like Mac OS X) AppleWebKit/605.1.15 (KHTML, like Gecko) Version/13.0.3 Mobile/15E148 Safari/604.1',
  'accept' => 'application/json, text/javascript, */*; q=0.01',
  'connection' => 'close',
  'host' => 'puzhenshop.feibu.info',
)
[ begin ] [ PARAM ] array (
  'group_id' => '-1',
)
---------------------------------------------------------------
[ 2022-07-08T00:39:41+08:00 ] 116.23.40.112 GET puzhenshop.feibu.info/index.php?s=/factory/upload.library/fileList&group_id=-1
[ begin ] [ ROUTE ] array (
  'type' => 'module',
  'module' => 
  array (
    0 => 'factory',
    1 => 'upload.library',
    2 => 'fileList',
  ),
)
[ begin ] [ HEADER ] array (
  'cookie' => '__root_domain_v=.feibu.info; _qddaz=QD.462850277201994; Hm_lvt_8231d52c4580fdb4fc6a6098e03a174f=1652776307; PHPSESSID=pjtirs3irf63a2p64g4ekae2ae',
  'accept-language' => 'zh-CN,zh;q=0.9',
  'accept-encoding' => 'gzip, deflate',
  'referer' => 'http://puzhenshop.feibu.info/index.php?s=/factory/goods/add',
  'x-requested-with' => 'XMLHttpRequest',
  'user-agent' => 'Mozilla/5.0 (iPhone; CPU iPhone OS 13_2_3 like Mac OS X) AppleWebKit/605.1.15 (KHTML, like Gecko) Version/13.0.3 Mobile/15E148 Safari/604.1',
  'accept' => 'application/json, text/javascript, */*; q=0.01',
  'connection' => 'close',
  'host' => 'puzhenshop.feibu.info',
)
[ begin ] [ PARAM ] array (
  'group_id' => '-1',
)
---------------------------------------------------------------
[ 2022-07-08T00:40:52+08:00 ] 116.21.42.187 GET puzhenshop.feibu.info/index.php?s=/factory/goods/add
[ begin ] [ ROUTE ] array (
  'type' => 'module',
  'module' => 
  array (
    0 => 'factory',
    1 => 'goods',
    2 => 'add',
  ),
)
[ begin ] [ HEADER ] array (
  'cookie' => '__root_domain_v=.feibu.info; _qddaz=QD.462850277201994; Hm_lvt_8231d52c4580fdb4fc6a6098e03a174f=1652776307; PHPSESSID=pjtirs3irf63a2p64g4ekae2ae',
  'accept-language' => 'zh-CN,zh;q=0.9',
  'accept-encoding' => 'gzip, deflate',
  'referer' => 'http://puzhenshop.feibu.info/index.php?s=/factory/goods/index',
  'accept' => 'text/html,application/xhtml+xml,application/xml;q=0.9,image/avif,image/webp,image/apng,*/*;q=0.8,application/signed-exchange;v=b3;q=0.9',
  'user-agent' => 'Mozilla/5.0 (iPhone; CPU iPhone OS 13_2_3 like Mac OS X) AppleWebKit/605.1.15 (KHTML, like Gecko) Version/13.0.3 Mobile/15E148 Safari/604.1',
  'upgrade-insecure-requests' => '1',
  'cache-control' => 'max-age=0',
  'connection' => 'close',
  'host' => 'puzhenshop.feibu.info',
)
[ begin ] [ PARAM ] array (
)
---------------------------------------------------------------
[ 2022-07-08T00:40:53+08:00 ] 116.21.42.187 GET puzhenshop.feibu.info/index.php?s=/factory/upload.library/fileList&group_id=-1
[ begin ] [ ROUTE ] array (
  'type' => 'module',
  'module' => 
  array (
    0 => 'factory',
    1 => 'upload.library',
    2 => 'fileList',
  ),
)
[ begin ] [ HEADER ] array (
  'cookie' => '__root_domain_v=.feibu.info; _qddaz=QD.462850277201994; Hm_lvt_8231d52c4580fdb4fc6a6098e03a174f=1652776307; PHPSESSID=pjtirs3irf63a2p64g4ekae2ae',
  'accept-language' => 'zh-CN,zh;q=0.9',
  'accept-encoding' => 'gzip, deflate',
  'referer' => 'http://puzhenshop.feibu.info/index.php?s=/factory/goods/add',
  'x-requested-with' => 'XMLHttpRequest',
  'user-agent' => 'Mozilla/5.0 (iPhone; CPU iPhone OS 13_2_3 like Mac OS X) AppleWebKit/605.1.15 (KHTML, like Gecko) Version/13.0.3 Mobile/15E148 Safari/604.1',
  'accept' => 'application/json, text/javascript, */*; q=0.01',
  'connection' => 'close',
  'host' => 'puzhenshop.feibu.info',
)
[ begin ] [ PARAM ] array (
  'group_id' => '-1',
)
---------------------------------------------------------------
[ 2022-07-08T00:41:05+08:00 ] 116.21.42.187 GET puzhenshop.feibu.info/index.php?s=/factory/goods/add
[ begin ] [ ROUTE ] array (
  'type' => 'module',
  'module' => 
  array (
    0 => 'factory',
    1 => 'goods',
    2 => 'add',
  ),
)
[ begin ] [ HEADER ] array (
  'cookie' => '__root_domain_v=.feibu.info; _qddaz=QD.462850277201994; Hm_lvt_8231d52c4580fdb4fc6a6098e03a174f=1652776307; PHPSESSID=pjtirs3irf63a2p64g4ekae2ae',
  'accept-language' => 'zh-CN,zh;q=0.9',
  'accept-encoding' => 'gzip, deflate',
  'referer' => 'http://puzhenshop.feibu.info/index.php?s=/factory/goods/index',
  'accept' => 'text/html,application/xhtml+xml,application/xml;q=0.9,image/avif,image/webp,image/apng,*/*;q=0.8,application/signed-exchange;v=b3;q=0.9',
  'user-agent' => 'Mozilla/5.0 (iPhone; CPU iPhone OS 13_2_3 like Mac OS X) AppleWebKit/605.1.15 (KHTML, like Gecko) Version/13.0.3 Mobile/15E148 Safari/604.1',
  'upgrade-insecure-requests' => '1',
  'cache-control' => 'no-cache',
  'pragma' => 'no-cache',
  'connection' => 'close',
  'host' => 'puzhenshop.feibu.info',
)
[ begin ] [ PARAM ] array (
)
---------------------------------------------------------------
[ 2022-07-08T00:41:11+08:00 ] 116.21.42.187 GET puzhenshop.feibu.info/index.php?s=/factory/upload.library/fileList&group_id=-1
[ begin ] [ ROUTE ] array (
  'type' => 'module',
  'module' => 
  array (
    0 => 'factory',
    1 => 'upload.library',
    2 => 'fileList',
  ),
)
[ begin ] [ HEADER ] array (
  'cookie' => '__root_domain_v=.feibu.info; _qddaz=QD.462850277201994; Hm_lvt_8231d52c4580fdb4fc6a6098e03a174f=1652776307; PHPSESSID=pjtirs3irf63a2p64g4ekae2ae',
  'accept-language' => 'zh-CN,zh;q=0.9',
  'accept-encoding' => 'gzip, deflate',
  'referer' => 'http://puzhenshop.feibu.info/index.php?s=/factory/goods/add',
  'x-requested-with' => 'XMLHttpRequest',
  'user-agent' => 'Mozilla/5.0 (iPhone; CPU iPhone OS 13_2_3 like Mac OS X) AppleWebKit/605.1.15 (KHTML, like Gecko) Version/13.0.3 Mobile/15E148 Safari/604.1',
  'accept' => 'application/json, text/javascript, */*; q=0.01',
  'connection' => 'close',
  'host' => 'puzhenshop.feibu.info',
)
[ begin ] [ PARAM ] array (
  'group_id' => '-1',
)
---------------------------------------------------------------
[ 2022-07-08T00:41:22+08:00 ] 116.21.42.187 GET puzhenshop.feibu.info/index.php?s=/factory/upload.library/fileList&group_id=-1
[ begin ] [ ROUTE ] array (
  'type' => 'module',
  'module' => 
  array (
    0 => 'factory',
    1 => 'upload.library',
    2 => 'fileList',
  ),
)
[ begin ] [ HEADER ] array (
  'cookie' => '__root_domain_v=.feibu.info; _qddaz=QD.462850277201994; Hm_lvt_8231d52c4580fdb4fc6a6098e03a174f=1652776307; PHPSESSID=pjtirs3irf63a2p64g4ekae2ae',
  'accept-language' => 'zh-CN,zh;q=0.9',
  'accept-encoding' => 'gzip, deflate',
  'referer' => 'http://puzhenshop.feibu.info/index.php?s=/factory/goods/add',
  'x-requested-with' => 'XMLHttpRequest',
  'user-agent' => 'Mozilla/5.0 (Macintosh; Intel Mac OS X 10_14_6) AppleWebKit/537.36 (KHTML, like Gecko) Chrome/103.0.0.0 Safari/537.36',
  'accept' => 'application/json, text/javascript, */*; q=0.01',
  'connection' => 'close',
  'host' => 'puzhenshop.feibu.info',
)
[ begin ] [ PARAM ] array (
  'group_id' => '-1',
)
---------------------------------------------------------------
[ 2022-07-08T00:41:52+08:00 ] 116.23.40.112 GET puzhenshop.feibu.info/index.php?s=/factory/upload.library/fileList&group_id=-1
[ begin ] [ ROUTE ] array (
  'type' => 'module',
  'module' => 
  array (
    0 => 'factory',
    1 => 'upload.library',
    2 => 'fileList',
  ),
)
[ begin ] [ HEADER ] array (
  'cookie' => '__root_domain_v=.feibu.info; _qddaz=QD.462850277201994; Hm_lvt_8231d52c4580fdb4fc6a6098e03a174f=1652776307; PHPSESSID=pjtirs3irf63a2p64g4ekae2ae',
  'accept-language' => 'zh-CN,zh;q=0.9',
  'accept-encoding' => 'gzip, deflate',
  'referer' => 'http://puzhenshop.feibu.info/index.php?s=/factory/goods/add',
  'x-requested-with' => 'XMLHttpRequest',
  'user-agent' => 'Mozilla/5.0 (Macintosh; Intel Mac OS X 10_14_6) AppleWebKit/537.36 (KHTML, like Gecko) Chrome/103.0.0.0 Safari/537.36',
  'accept' => 'application/json, text/javascript, */*; q=0.01',
  'connection' => 'close',
  'host' => 'puzhenshop.feibu.info',
)
[ begin ] [ PARAM ] array (
  'group_id' => '-1',
)
---------------------------------------------------------------
[ 2022-07-08T00:52:45+08:00 ] 116.23.40.112 GET puzhenshop.feibu.info/index.php?s=/factory/goods/add
[ begin ] [ ROUTE ] array (
  'type' => 'module',
  'module' => 
  array (
    0 => 'factory',
    1 => 'goods',
    2 => 'add',
  ),
)
[ begin ] [ HEADER ] array (
  'cookie' => '__root_domain_v=.feibu.info; _qddaz=QD.462850277201994; Hm_lvt_8231d52c4580fdb4fc6a6098e03a174f=1652776307; PHPSESSID=pjtirs3irf63a2p64g4ekae2ae',
  'accept-language' => 'zh-CN,zh;q=0.9',
  'accept-encoding' => 'gzip, deflate',
  'referer' => 'http://puzhenshop.feibu.info/index.php?s=/factory/goods/index',
  'accept' => 'text/html,application/xhtml+xml,application/xml;q=0.9,image/avif,image/webp,image/apng,*/*;q=0.8,application/signed-exchange;v=b3;q=0.9',
  'user-agent' => 'Mozilla/5.0 (iPhone; CPU iPhone OS 13_2_3 like Mac OS X) AppleWebKit/605.1.15 (KHTML, like Gecko) Version/13.0.3 Mobile/15E148 Safari/604.1',
  'upgrade-insecure-requests' => '1',
  'cache-control' => 'max-age=0',
  'connection' => 'close',
  'host' => 'puzhenshop.feibu.info',
)
[ begin ] [ PARAM ] array (
)
---------------------------------------------------------------
[ 2022-07-08T00:52:47+08:00 ] 116.23.40.112 GET puzhenshop.feibu.info/index.php?s=/factory/goods/add
[ begin ] [ ROUTE ] array (
  'type' => 'module',
  'module' => 
  array (
    0 => 'factory',
    1 => 'goods',
    2 => 'add',
  ),
)
[ begin ] [ HEADER ] array (
  'cookie' => '__root_domain_v=.feibu.info; _qddaz=QD.462850277201994; Hm_lvt_8231d52c4580fdb4fc6a6098e03a174f=1652776307; PHPSESSID=pjtirs3irf63a2p64g4ekae2ae',
  'accept-language' => 'zh-CN,zh;q=0.9',
  'accept-encoding' => 'gzip, deflate',
  'referer' => 'http://puzhenshop.feibu.info/index.php?s=/factory/goods/index',
  'accept' => 'text/html,application/xhtml+xml,application/xml;q=0.9,image/avif,image/webp,image/apng,*/*;q=0.8,application/signed-exchange;v=b3;q=0.9',
  'user-agent' => 'Mozilla/5.0 (iPhone; CPU iPhone OS 13_2_3 like Mac OS X) AppleWebKit/605.1.15 (KHTML, like Gecko) Version/13.0.3 Mobile/15E148 Safari/604.1',
  'upgrade-insecure-requests' => '1',
  'cache-control' => 'no-cache',
  'pragma' => 'no-cache',
  'connection' => 'close',
  'host' => 'puzhenshop.feibu.info',
)
[ begin ] [ PARAM ] array (
)
---------------------------------------------------------------
[ 2022-07-08T00:52:54+08:00 ] 116.21.42.187 GET puzhenshop.feibu.info/index.php?s=/factory/upload.library/fileList&group_id=-1
[ begin ] [ ROUTE ] array (
  'type' => 'module',
  'module' => 
  array (
    0 => 'factory',
    1 => 'upload.library',
    2 => 'fileList',
  ),
)
[ begin ] [ HEADER ] array (
  'cookie' => '__root_domain_v=.feibu.info; _qddaz=QD.462850277201994; Hm_lvt_8231d52c4580fdb4fc6a6098e03a174f=1652776307; PHPSESSID=pjtirs3irf63a2p64g4ekae2ae',
  'accept-language' => 'zh-CN,zh;q=0.9',
  'accept-encoding' => 'gzip, deflate',
  'referer' => 'http://puzhenshop.feibu.info/index.php?s=/factory/goods/add',
  'x-requested-with' => 'XMLHttpRequest',
  'user-agent' => 'Mozilla/5.0 (iPhone; CPU iPhone OS 13_2_3 like Mac OS X) AppleWebKit/605.1.15 (KHTML, like Gecko) Version/13.0.3 Mobile/15E148 Safari/604.1',
  'accept' => 'application/json, text/javascript, */*; q=0.01',
  'connection' => 'close',
  'host' => 'puzhenshop.feibu.info',
)
[ begin ] [ PARAM ] array (
  'group_id' => '-1',
)
---------------------------------------------------------------
[ 2022-07-08T00:54:16+08:00 ] 116.21.42.187 GET puzhenshop.feibu.info/index.php?s=/factory/goods/add
[ begin ] [ ROUTE ] array (
  'type' => 'module',
  'module' => 
  array (
    0 => 'factory',
    1 => 'goods',
    2 => 'add',
  ),
)
[ begin ] [ HEADER ] array (
  'cookie' => '__root_domain_v=.feibu.info; _qddaz=QD.462850277201994; Hm_lvt_8231d52c4580fdb4fc6a6098e03a174f=1652776307; PHPSESSID=pjtirs3irf63a2p64g4ekae2ae',
  'accept-language' => 'zh-CN,zh;q=0.9',
  'accept-encoding' => 'gzip, deflate',
  'referer' => 'http://puzhenshop.feibu.info/index.php?s=/factory/goods/index',
  'accept' => 'text/html,application/xhtml+xml,application/xml;q=0.9,image/avif,image/webp,image/apng,*/*;q=0.8,application/signed-exchange;v=b3;q=0.9',
  'user-agent' => 'Mozilla/5.0 (iPhone; CPU iPhone OS 13_2_3 like Mac OS X) AppleWebKit/605.1.15 (KHTML, like Gecko) Version/13.0.3 Mobile/15E148 Safari/604.1',
  'upgrade-insecure-requests' => '1',
  'cache-control' => 'max-age=0',
  'connection' => 'close',
  'host' => 'puzhenshop.feibu.info',
)
[ begin ] [ PARAM ] array (
)
---------------------------------------------------------------
[ 2022-07-08T00:54:20+08:00 ] 116.23.40.112 GET puzhenshop.feibu.info/index.php?s=/factory/goods/add
[ begin ] [ ROUTE ] array (
  'type' => 'module',
  'module' => 
  array (
    0 => 'factory',
    1 => 'goods',
    2 => 'add',
  ),
)
[ begin ] [ HEADER ] array (
  'cookie' => '__root_domain_v=.feibu.info; _qddaz=QD.462850277201994; Hm_lvt_8231d52c4580fdb4fc6a6098e03a174f=1652776307; PHPSESSID=pjtirs3irf63a2p64g4ekae2ae',
  'accept-language' => 'zh-CN,zh;q=0.9',
  'accept-encoding' => 'gzip, deflate',
  'referer' => 'http://puzhenshop.feibu.info/index.php?s=/factory/goods/index',
  'accept' => 'text/html,application/xhtml+xml,application/xml;q=0.9,image/avif,image/webp,image/apng,*/*;q=0.8,application/signed-exchange;v=b3;q=0.9',
  'user-agent' => 'Mozilla/5.0 (Macintosh; Intel Mac OS X 10_14_6) AppleWebKit/537.36 (KHTML, like Gecko) Chrome/103.0.0.0 Safari/537.36',
  'upgrade-insecure-requests' => '1',
  'cache-control' => 'max-age=0',
  'connection' => 'close',
  'host' => 'puzhenshop.feibu.info',
)
[ begin ] [ PARAM ] array (
)
---------------------------------------------------------------
[ 2022-07-08T00:54:22+08:00 ] 116.23.40.112 GET puzhenshop.feibu.info/index.php?s=/factory/upload.library/fileList&group_id=-1
[ begin ] [ ROUTE ] array (
  'type' => 'module',
  'module' => 
  array (
    0 => 'factory',
    1 => 'upload.library',
    2 => 'fileList',
  ),
)
[ begin ] [ HEADER ] array (
  'cookie' => '__root_domain_v=.feibu.info; _qddaz=QD.462850277201994; Hm_lvt_8231d52c4580fdb4fc6a6098e03a174f=1652776307; PHPSESSID=pjtirs3irf63a2p64g4ekae2ae',
  'accept-language' => 'zh-CN,zh;q=0.9',
  'accept-encoding' => 'gzip, deflate',
  'referer' => 'http://puzhenshop.feibu.info/index.php?s=/factory/goods/add',
  'x-requested-with' => 'XMLHttpRequest',
  'user-agent' => 'Mozilla/5.0 (Macintosh; Intel Mac OS X 10_14_6) AppleWebKit/537.36 (KHTML, like Gecko) Chrome/103.0.0.0 Safari/537.36',
  'accept' => 'application/json, text/javascript, */*; q=0.01',
  'connection' => 'close',
  'host' => 'puzhenshop.feibu.info',
)
[ begin ] [ PARAM ] array (
  'group_id' => '-1',
)
---------------------------------------------------------------
[ 2022-07-08T00:54:28+08:00 ] 116.23.40.112 GET puzhenshop.feibu.info/index.php?s=/factory/upload.library/fileList&group_id=-1
[ begin ] [ ROUTE ] array (
  'type' => 'module',
  'module' => 
  array (
    0 => 'factory',
    1 => 'upload.library',
    2 => 'fileList',
  ),
)
[ begin ] [ HEADER ] array (
  'cookie' => '__root_domain_v=.feibu.info; _qddaz=QD.462850277201994; Hm_lvt_8231d52c4580fdb4fc6a6098e03a174f=1652776307; PHPSESSID=pjtirs3irf63a2p64g4ekae2ae',
  'accept-language' => 'zh-CN,zh;q=0.9',
  'accept-encoding' => 'gzip, deflate',
  'referer' => 'http://puzhenshop.feibu.info/index.php?s=/factory/goods/add',
  'x-requested-with' => 'XMLHttpRequest',
  'user-agent' => 'Mozilla/5.0 (iPhone; CPU iPhone OS 13_2_3 like Mac OS X) AppleWebKit/605.1.15 (KHTML, like Gecko) Version/13.0.3 Mobile/15E148 Safari/604.1',
  'accept' => 'application/json, text/javascript, */*; q=0.01',
  'connection' => 'close',
  'host' => 'puzhenshop.feibu.info',
)
[ begin ] [ PARAM ] array (
  'group_id' => '-1',
)
---------------------------------------------------------------
[ 2022-07-08T00:54:56+08:00 ] 116.21.42.187 GET puzhenshop.feibu.info/index.php?s=/factory/goods/add
[ begin ] [ ROUTE ] array (
  'type' => 'module',
  'module' => 
  array (
    0 => 'factory',
    1 => 'goods',
    2 => 'add',
  ),
)
[ begin ] [ HEADER ] array (
  'cookie' => '__root_domain_v=.feibu.info; _qddaz=QD.462850277201994; Hm_lvt_8231d52c4580fdb4fc6a6098e03a174f=1652776307; PHPSESSID=pjtirs3irf63a2p64g4ekae2ae',
  'accept-language' => 'zh-CN,zh;q=0.9',
  'accept-encoding' => 'gzip, deflate',
  'referer' => 'http://puzhenshop.feibu.info/index.php?s=/factory/goods/index',
  'accept' => 'text/html,application/xhtml+xml,application/xml;q=0.9,image/avif,image/webp,image/apng,*/*;q=0.8,application/signed-exchange;v=b3;q=0.9',
  'user-agent' => 'Mozilla/5.0 (iPhone; CPU iPhone OS 13_2_3 like Mac OS X) AppleWebKit/605.1.15 (KHTML, like Gecko) Version/13.0.3 Mobile/15E148 Safari/604.1',
  'upgrade-insecure-requests' => '1',
  'cache-control' => 'max-age=0',
  'connection' => 'close',
  'host' => 'puzhenshop.feibu.info',
)
[ begin ] [ PARAM ] array (
)
---------------------------------------------------------------
[ 2022-07-08T00:54:58+08:00 ] 116.21.42.187 GET puzhenshop.feibu.info/index.php?s=/factory/upload.library/fileList&group_id=-1
[ begin ] [ ROUTE ] array (
  'type' => 'module',
  'module' => 
  array (
    0 => 'factory',
    1 => 'upload.library',
    2 => 'fileList',
  ),
)
[ begin ] [ HEADER ] array (
  'cookie' => '__root_domain_v=.feibu.info; _qddaz=QD.462850277201994; Hm_lvt_8231d52c4580fdb4fc6a6098e03a174f=1652776307; PHPSESSID=pjtirs3irf63a2p64g4ekae2ae',
  'accept-language' => 'zh-CN,zh;q=0.9',
  'accept-encoding' => 'gzip, deflate',
  'referer' => 'http://puzhenshop.feibu.info/index.php?s=/factory/goods/add',
  'x-requested-with' => 'XMLHttpRequest',
  'user-agent' => 'Mozilla/5.0 (iPhone; CPU iPhone OS 13_2_3 like Mac OS X) AppleWebKit/605.1.15 (KHTML, like Gecko) Version/13.0.3 Mobile/15E148 Safari/604.1',
  'accept' => 'application/json, text/javascript, */*; q=0.01',
  'connection' => 'close',
  'host' => 'puzhenshop.feibu.info',
)
[ begin ] [ PARAM ] array (
  'group_id' => '-1',
)
---------------------------------------------------------------
[ 2022-07-08T00:55:07+08:00 ] 116.23.40.112 GET puzhenshop.feibu.info/index.php?s=/factory/upload.library/fileList&group_id=-1
[ begin ] [ ROUTE ] array (
  'type' => 'module',
  'module' => 
  array (
    0 => 'factory',
    1 => 'upload.library',
    2 => 'fileList',
  ),
)
[ begin ] [ HEADER ] array (
  'cookie' => '__root_domain_v=.feibu.info; _qddaz=QD.462850277201994; Hm_lvt_8231d52c4580fdb4fc6a6098e03a174f=1652776307; PHPSESSID=pjtirs3irf63a2p64g4ekae2ae',
  'accept-language' => 'zh-CN,zh;q=0.9',
  'accept-encoding' => 'gzip, deflate',
  'referer' => 'http://puzhenshop.feibu.info/index.php?s=/factory/goods/add',
  'x-requested-with' => 'XMLHttpRequest',
  'user-agent' => 'Mozilla/5.0 (iPhone; CPU iPhone OS 13_2_3 like Mac OS X) AppleWebKit/605.1.15 (KHTML, like Gecko) Version/13.0.3 Mobile/15E148 Safari/604.1',
  'accept' => 'application/json, text/javascript, */*; q=0.01',
  'connection' => 'close',
  'host' => 'puzhenshop.feibu.info',
)
[ begin ] [ PARAM ] array (
  'group_id' => '-1',
)
---------------------------------------------------------------
[ 2022-07-08T00:57:28+08:00 ] 116.23.40.112 GET puzhenshop.feibu.info/index.php?s=/factory/goods/add
[ begin ] [ ROUTE ] array (
  'type' => 'module',
  'module' => 
  array (
    0 => 'factory',
    1 => 'goods',
    2 => 'add',
  ),
)
[ begin ] [ HEADER ] array (
  'cookie' => '__root_domain_v=.feibu.info; _qddaz=QD.462850277201994; Hm_lvt_8231d52c4580fdb4fc6a6098e03a174f=1652776307; PHPSESSID=pjtirs3irf63a2p64g4ekae2ae',
  'accept-language' => 'zh-CN,zh;q=0.9',
  'accept-encoding' => 'gzip, deflate',
  'referer' => 'http://puzhenshop.feibu.info/index.php?s=/factory/goods/index',
  'accept' => 'text/html,application/xhtml+xml,application/xml;q=0.9,image/avif,image/webp,image/apng,*/*;q=0.8,application/signed-exchange;v=b3;q=0.9',
  'user-agent' => 'Mozilla/5.0 (iPhone; CPU iPhone OS 13_2_3 like Mac OS X) AppleWebKit/605.1.15 (KHTML, like Gecko) Version/13.0.3 Mobile/15E148 Safari/604.1',
  'upgrade-insecure-requests' => '1',
  'cache-control' => 'max-age=0',
  'connection' => 'close',
  'host' => 'puzhenshop.feibu.info',
)
[ begin ] [ PARAM ] array (
)
---------------------------------------------------------------
[ 2022-07-08T00:57:40+08:00 ] 116.21.42.187 GET puzhenshop.feibu.info/index.php?s=/factory/goods/add
[ begin ] [ ROUTE ] array (
  'type' => 'module',
  'module' => 
  array (
    0 => 'factory',
    1 => 'goods',
    2 => 'add',
  ),
)
[ begin ] [ HEADER ] array (
  'cookie' => '__root_domain_v=.feibu.info; _qddaz=QD.462850277201994; Hm_lvt_8231d52c4580fdb4fc6a6098e03a174f=1652776307; PHPSESSID=pjtirs3irf63a2p64g4ekae2ae',
  'accept-language' => 'zh-CN,zh;q=0.9',
  'accept-encoding' => 'gzip, deflate',
  'referer' => 'http://puzhenshop.feibu.info/index.php?s=/factory/goods/index',
  'accept' => 'text/html,application/xhtml+xml,application/xml;q=0.9,image/avif,image/webp,image/apng,*/*;q=0.8,application/signed-exchange;v=b3;q=0.9',
  'user-agent' => 'Mozilla/5.0 (iPhone; CPU iPhone OS 13_2_3 like Mac OS X) AppleWebKit/605.1.15 (KHTML, like Gecko) Version/13.0.3 Mobile/15E148 Safari/604.1',
  'upgrade-insecure-requests' => '1',
  'cache-control' => 'max-age=0',
  'connection' => 'close',
  'host' => 'puzhenshop.feibu.info',
)
[ begin ] [ PARAM ] array (
)
---------------------------------------------------------------
[ 2022-07-08T00:57:41+08:00 ] 116.23.40.112 GET puzhenshop.feibu.info/index.php?s=/factory/upload.library/fileList&group_id=-1
[ begin ] [ ROUTE ] array (
  'type' => 'module',
  'module' => 
  array (
    0 => 'factory',
    1 => 'upload.library',
    2 => 'fileList',
  ),
)
[ begin ] [ HEADER ] array (
  'cookie' => '__root_domain_v=.feibu.info; _qddaz=QD.462850277201994; Hm_lvt_8231d52c4580fdb4fc6a6098e03a174f=1652776307; PHPSESSID=pjtirs3irf63a2p64g4ekae2ae',
  'accept-language' => 'zh-CN,zh;q=0.9',
  'accept-encoding' => 'gzip, deflate',
  'referer' => 'http://puzhenshop.feibu.info/index.php?s=/factory/goods/add',
  'x-requested-with' => 'XMLHttpRequest',
  'user-agent' => 'Mozilla/5.0 (iPhone; CPU iPhone OS 13_2_3 like Mac OS X) AppleWebKit/605.1.15 (KHTML, like Gecko) Version/13.0.3 Mobile/15E148 Safari/604.1',
  'accept' => 'application/json, text/javascript, */*; q=0.01',
  'connection' => 'close',
  'host' => 'puzhenshop.feibu.info',
)
[ begin ] [ PARAM ] array (
  'group_id' => '-1',
)
---------------------------------------------------------------
[ 2022-07-08T00:58:13+08:00 ] 116.21.42.187 GET puzhenshop.feibu.info/index.php?s=/factory/goods/add
[ begin ] [ ROUTE ] array (
  'type' => 'module',
  'module' => 
  array (
    0 => 'factory',
    1 => 'goods',
    2 => 'add',
  ),
)
[ begin ] [ HEADER ] array (
  'cookie' => '__root_domain_v=.feibu.info; _qddaz=QD.462850277201994; Hm_lvt_8231d52c4580fdb4fc6a6098e03a174f=1652776307; PHPSESSID=pjtirs3irf63a2p64g4ekae2ae',
  'accept-language' => 'zh-CN,zh;q=0.9',
  'accept-encoding' => 'gzip, deflate',
  'referer' => 'http://puzhenshop.feibu.info/index.php?s=/factory/goods/index',
  'accept' => 'text/html,application/xhtml+xml,application/xml;q=0.9,image/avif,image/webp,image/apng,*/*;q=0.8,application/signed-exchange;v=b3;q=0.9',
  'user-agent' => 'Mozilla/5.0 (Macintosh; Intel Mac OS X 10_14_6) AppleWebKit/537.36 (KHTML, like Gecko) Chrome/103.0.0.0 Safari/537.36',
  'upgrade-insecure-requests' => '1',
  'cache-control' => 'max-age=0',
  'connection' => 'close',
  'host' => 'puzhenshop.feibu.info',
)
[ begin ] [ PARAM ] array (
)
---------------------------------------------------------------
[ 2022-07-08T00:58:15+08:00 ] 116.23.40.112 GET puzhenshop.feibu.info/index.php?s=/factory/upload.library/fileList&group_id=-1
[ begin ] [ ROUTE ] array (
  'type' => 'module',
  'module' => 
  array (
    0 => 'factory',
    1 => 'upload.library',
    2 => 'fileList',
  ),
)
[ begin ] [ HEADER ] array (
  'cookie' => '__root_domain_v=.feibu.info; _qddaz=QD.462850277201994; Hm_lvt_8231d52c4580fdb4fc6a6098e03a174f=1652776307; PHPSESSID=pjtirs3irf63a2p64g4ekae2ae',
  'accept-language' => 'zh-CN,zh;q=0.9',
  'accept-encoding' => 'gzip, deflate',
  'referer' => 'http://puzhenshop.feibu.info/index.php?s=/factory/goods/add',
  'x-requested-with' => 'XMLHttpRequest',
  'user-agent' => 'Mozilla/5.0 (Macintosh; Intel Mac OS X 10_14_6) AppleWebKit/537.36 (KHTML, like Gecko) Chrome/103.0.0.0 Safari/537.36',
  'accept' => 'application/json, text/javascript, */*; q=0.01',
  'connection' => 'close',
  'host' => 'puzhenshop.feibu.info',
)
[ begin ] [ PARAM ] array (
  'group_id' => '-1',
)
---------------------------------------------------------------
[ 2022-07-08T00:58:53+08:00 ] 116.23.40.112 GET puzhenshop.feibu.info/index.php?s=/factory/goods/add
[ begin ] [ ROUTE ] array (
  'type' => 'module',
  'module' => 
  array (
    0 => 'factory',
    1 => 'goods',
    2 => 'add',
  ),
)
[ begin ] [ HEADER ] array (
  'cookie' => '__root_domain_v=.feibu.info; _qddaz=QD.462850277201994; Hm_lvt_8231d52c4580fdb4fc6a6098e03a174f=1652776307; PHPSESSID=pjtirs3irf63a2p64g4ekae2ae',
  'accept-language' => 'zh-CN,zh;q=0.9',
  'accept-encoding' => 'gzip, deflate',
  'referer' => 'http://puzhenshop.feibu.info/index.php?s=/factory/goods/index',
  'accept' => 'text/html,application/xhtml+xml,application/xml;q=0.9,image/avif,image/webp,image/apng,*/*;q=0.8,application/signed-exchange;v=b3;q=0.9',
  'user-agent' => 'Mozilla/5.0 (Macintosh; Intel Mac OS X 10_14_6) AppleWebKit/537.36 (KHTML, like Gecko) Chrome/103.0.0.0 Safari/537.36',
  'upgrade-insecure-requests' => '1',
  'cache-control' => 'max-age=0',
  'connection' => 'close',
  'host' => 'puzhenshop.feibu.info',
)
[ begin ] [ PARAM ] array (
)
---------------------------------------------------------------
[ 2022-07-08T00:58:54+08:00 ] 116.23.40.112 GET puzhenshop.feibu.info/index.php?s=/factory/upload.library/fileList&group_id=-1
[ begin ] [ ROUTE ] array (
  'type' => 'module',
  'module' => 
  array (
    0 => 'factory',
    1 => 'upload.library',
    2 => 'fileList',
  ),
)
[ begin ] [ HEADER ] array (
  'cookie' => '__root_domain_v=.feibu.info; _qddaz=QD.462850277201994; Hm_lvt_8231d52c4580fdb4fc6a6098e03a174f=1652776307; PHPSESSID=pjtirs3irf63a2p64g4ekae2ae',
  'accept-language' => 'zh-CN,zh;q=0.9',
  'accept-encoding' => 'gzip, deflate',
  'referer' => 'http://puzhenshop.feibu.info/index.php?s=/factory/goods/add',
  'x-requested-with' => 'XMLHttpRequest',
  'user-agent' => 'Mozilla/5.0 (Macintosh; Intel Mac OS X 10_14_6) AppleWebKit/537.36 (KHTML, like Gecko) Chrome/103.0.0.0 Safari/537.36',
  'accept' => 'application/json, text/javascript, */*; q=0.01',
  'connection' => 'close',
  'host' => 'puzhenshop.feibu.info',
)
[ begin ] [ PARAM ] array (
  'group_id' => '-1',
)
---------------------------------------------------------------
[ 2022-07-08T00:59:06+08:00 ] 116.23.40.112 GET puzhenshop.feibu.info/index.php?s=/factory/upload.library/fileList&group_id=-1
[ begin ] [ ROUTE ] array (
  'type' => 'module',
  'module' => 
  array (
    0 => 'factory',
    1 => 'upload.library',
    2 => 'fileList',
  ),
)
[ begin ] [ HEADER ] array (
  'cookie' => '__root_domain_v=.feibu.info; _qddaz=QD.462850277201994; Hm_lvt_8231d52c4580fdb4fc6a6098e03a174f=1652776307; PHPSESSID=pjtirs3irf63a2p64g4ekae2ae',
  'accept-language' => 'zh-CN,zh;q=0.9',
  'accept-encoding' => 'gzip, deflate',
  'referer' => 'http://puzhenshop.feibu.info/index.php?s=/factory/goods/add',
  'x-requested-with' => 'XMLHttpRequest',
  'user-agent' => 'Mozilla/5.0 (iPhone; CPU iPhone OS 13_2_3 like Mac OS X) AppleWebKit/605.1.15 (KHTML, like Gecko) Version/13.0.3 Mobile/15E148 Safari/604.1',
  'accept' => 'application/json, text/javascript, */*; q=0.01',
  'connection' => 'close',
  'host' => 'puzhenshop.feibu.info',
)
[ begin ] [ PARAM ] array (
  'group_id' => '-1',
)
---------------------------------------------------------------
[ 2022-07-08T01:01:24+08:00 ] 116.21.42.187 GET puzhenshop.feibu.info/index.php?s=/factory/goods/add
[ begin ] [ ROUTE ] array (
  'type' => 'module',
  'module' => 
  array (
    0 => 'factory',
    1 => 'goods',
    2 => 'add',
  ),
)
[ begin ] [ HEADER ] array (
  'connection' => 'close',
  'accept-encoding' => 'gzip, deflate',
  'accept-language' => 'zh-CN,zh-Hans;q=0.9',
  'user-agent' => 'Mozilla/5.0 (iPhone; CPU iPhone OS 15_4_1 like Mac OS X) AppleWebKit/605.1.15 (KHTML, like Gecko) Version/15.4 Mobile/15E148 Safari/604.1',
  'accept' => 'text/html,application/xhtml+xml,application/xml;q=0.9,*/*;q=0.8',
  'upgrade-insecure-requests' => '1',
  'host' => 'puzhenshop.feibu.info',
)
[ begin ] [ PARAM ] array (
)
---------------------------------------------------------------
[ 2022-07-08T01:01:24+08:00 ] 116.21.42.187 GET puzhenshop.feibu.info/index.php?s=/factory/passport/login
[ begin ] [ ROUTE ] array (
  'type' => 'module',
  'module' => 
  array (
    0 => 'factory',
    1 => 'passport',
    2 => 'login',
  ),
)
[ begin ] [ HEADER ] array (
  'connection' => 'close',
  'accept-encoding' => 'gzip, deflate',
  'accept-language' => 'zh-CN,zh-Hans;q=0.9',
  'user-agent' => 'Mozilla/5.0 (iPhone; CPU iPhone OS 15_4_1 like Mac OS X) AppleWebKit/605.1.15 (KHTML, like Gecko) Version/15.4 Mobile/15E148 Safari/604.1',
  'cookie' => 'PHPSESSID=hvl4h573r1l84uov7h25jt584j',
  'upgrade-insecure-requests' => '1',
  'accept' => 'text/html,application/xhtml+xml,application/xml;q=0.9,*/*;q=0.8',
  'host' => 'puzhenshop.feibu.info',
)
[ begin ] [ PARAM ] array (
)
---------------------------------------------------------------
[ 2022-07-08T01:02:13+08:00 ] 116.21.42.187 GET puzhenshop.feibu.info/
[ begin ] [ ROUTE ] array (
  'type' => 'module',
  'module' => 
  array (
    0 => '',
    1 => NULL,
    2 => NULL,
  ),
)
[ begin ] [ HEADER ] array (
  'cookie' => '__root_domain_v=.feibu.info; _qddaz=QD.462850277201994; Hm_lvt_8231d52c4580fdb4fc6a6098e03a174f=1652776307; PHPSESSID=pjtirs3irf63a2p64g4ekae2ae',
  'accept-language' => 'zh-CN,zh;q=0.9',
  'accept-encoding' => 'gzip, deflate',
  'accept' => 'text/html,application/xhtml+xml,application/xml;q=0.9,image/avif,image/webp,image/apng,*/*;q=0.8,application/signed-exchange;v=b3;q=0.9',
  'user-agent' => 'Mozilla/5.0 (Macintosh; Intel Mac OS X 10_14_6) AppleWebKit/537.36 (KHTML, like Gecko) Chrome/103.0.0.0 Safari/537.36',
  'upgrade-insecure-requests' => '1',
  'connection' => 'close',
  'host' => 'puzhenshop.feibu.info',
)
[ begin ] [ PARAM ] array (
)
---------------------------------------------------------------
[ 2022-07-08T01:03:07+08:00 ] 116.21.42.187 GET puzhenshop.feibu.info/
[ begin ] [ ROUTE ] array (
  'type' => 'module',
  'module' => 
  array (
    0 => '',
    1 => NULL,
    2 => NULL,
  ),
)
[ begin ] [ HEADER ] array (
  'cookie' => '__root_domain_v=.feibu.info; _qddaz=QD.462850277201994; Hm_lvt_8231d52c4580fdb4fc6a6098e03a174f=1652776307; PHPSESSID=pjtirs3irf63a2p64g4ekae2ae',
  'accept-language' => 'zh-CN,zh;q=0.9',
  'accept-encoding' => 'gzip, deflate',
  'accept' => 'text/html,application/xhtml+xml,application/xml;q=0.9,image/avif,image/webp,image/apng,*/*;q=0.8,application/signed-exchange;v=b3;q=0.9',
  'user-agent' => 'Mozilla/5.0 (Macintosh; Intel Mac OS X 10_14_6) AppleWebKit/537.36 (KHTML, like Gecko) Chrome/103.0.0.0 Safari/537.36',
  'upgrade-insecure-requests' => '1',
  'connection' => 'close',
  'host' => 'puzhenshop.feibu.info',
)
[ begin ] [ PARAM ] array (
)
---------------------------------------------------------------
[ 2022-07-08T01:04:32+08:00 ] 116.23.40.112 GET puzhenshop.feibu.info/index.php?s=/store/factory/index
[ begin ] [ ROUTE ] array (
  'type' => 'module',
  'module' => 
  array (
    0 => 'store',
    1 => 'factory',
    2 => 'index',
  ),
)
[ begin ] [ HEADER ] array (
  'connection' => 'close',
  'accept-encoding' => 'gzip, deflate',
  'accept-language' => 'zh-CN,zh-Hans;q=0.9',
  'user-agent' => 'Mozilla/5.0 (iPhone; CPU iPhone OS 15_4_1 like Mac OS X) AppleWebKit/605.1.15 (KHTML, like Gecko) Version/15.4 Mobile/15E148 Safari/604.1',
  'cookie' => 'PHPSESSID=hvl4h573r1l84uov7h25jt584j',
  'upgrade-insecure-requests' => '1',
  'accept' => 'text/html,application/xhtml+xml,application/xml;q=0.9,*/*;q=0.8',
  'host' => 'puzhenshop.feibu.info',
)
[ begin ] [ PARAM ] array (
)
---------------------------------------------------------------
[ 2022-07-08T01:04:32+08:00 ] 116.23.40.112 GET puzhenshop.feibu.info/index.php?s=/store/passport/login
[ begin ] [ ROUTE ] array (
  'type' => 'module',
  'module' => 
  array (
    0 => 'store',
    1 => 'passport',
    2 => 'login',
  ),
)
[ begin ] [ HEADER ] array (
  'connection' => 'close',
  'accept-encoding' => 'gzip, deflate',
  'accept-language' => 'zh-CN,zh-Hans;q=0.9',
  'user-agent' => 'Mozilla/5.0 (iPhone; CPU iPhone OS 15_4_1 like Mac OS X) AppleWebKit/605.1.15 (KHTML, like Gecko) Version/15.4 Mobile/15E148 Safari/604.1',
  'cookie' => 'PHPSESSID=hvl4h573r1l84uov7h25jt584j',
  'upgrade-insecure-requests' => '1',
  'accept' => 'text/html,application/xhtml+xml,application/xml;q=0.9,*/*;q=0.8',
  'host' => 'puzhenshop.feibu.info',
)
[ begin ] [ PARAM ] array (
)
---------------------------------------------------------------
[ 2022-07-08T01:04:44+08:00 ] 116.21.42.187 POST puzhenshop.feibu.info/index.php?s=/store/passport/login
[ begin ] [ ROUTE ] array (
  'type' => 'module',
  'module' => 
  array (
    0 => 'store',
    1 => 'passport',
    2 => 'login',
  ),
)
[ begin ] [ HEADER ] array (
  'cookie' => 'PHPSESSID=hvl4h573r1l84uov7h25jt584j',
  'content-length' => '50',
  'referer' => 'http://puzhenshop.feibu.info/index.php?s=/store/passport/login',
  'connection' => 'close',
  'user-agent' => 'Mozilla/5.0 (iPhone; CPU iPhone OS 15_4_1 like Mac OS X) AppleWebKit/605.1.15 (KHTML, like Gecko) Version/15.4 Mobile/15E148 Safari/604.1',
  'origin' => 'http://puzhenshop.feibu.info',
  'content-type' => 'application/x-www-form-urlencoded; charset=UTF-8',
  'accept-encoding' => 'gzip, deflate',
  'accept-language' => 'zh-CN,zh-Hans;q=0.9',
  'x-requested-with' => 'XMLHttpRequest',
  'accept' => 'application/json, text/javascript, */*; q=0.01',
  'host' => 'puzhenshop.feibu.info',
)
[ begin ] [ PARAM ] array (
  'User' => 
  array (
    'user_name' => 'admin',
    'password' => 'admin',
  ),
)
---------------------------------------------------------------
[ 2022-07-08T01:04:50+08:00 ] 116.23.40.112 POST puzhenshop.feibu.info/index.php?s=/store/passport/login
[ begin ] [ ROUTE ] array (
  'type' => 'module',
  'module' => 
  array (
    0 => 'store',
    1 => 'passport',
    2 => 'login',
  ),
)
[ begin ] [ HEADER ] array (
  'cookie' => 'PHPSESSID=hvl4h573r1l84uov7h25jt584j',
  'content-length' => '50',
  'referer' => 'http://puzhenshop.feibu.info/index.php?s=/store/passport/login',
  'connection' => 'close',
  'user-agent' => 'Mozilla/5.0 (iPhone; CPU iPhone OS 15_4_1 like Mac OS X) AppleWebKit/605.1.15 (KHTML, like Gecko) Version/15.4 Mobile/15E148 Safari/604.1',
  'origin' => 'http://puzhenshop.feibu.info',
  'content-type' => 'application/x-www-form-urlencoded; charset=UTF-8',
  'accept-encoding' => 'gzip, deflate',
  'accept-language' => 'zh-CN,zh-Hans;q=0.9',
  'x-requested-with' => 'XMLHttpRequest',
  'accept' => 'application/json, text/javascript, */*; q=0.01',
  'host' => 'puzhenshop.feibu.info',
)
[ begin ] [ PARAM ] array (
  'User' => 
  array (
    'user_name' => 'admin',
    'password' => 'admin',
  ),
)
---------------------------------------------------------------
[ 2022-07-08T01:04:55+08:00 ] 116.23.40.112 POST puzhenshop.feibu.info/index.php?s=/store/passport/login
[ begin ] [ ROUTE ] array (
  'type' => 'module',
  'module' => 
  array (
    0 => 'store',
    1 => 'passport',
    2 => 'login',
  ),
)
[ begin ] [ HEADER ] array (
  'cookie' => 'PHPSESSID=hvl4h573r1l84uov7h25jt584j',
  'content-length' => '51',
  'referer' => 'http://puzhenshop.feibu.info/index.php?s=/store/passport/login',
  'connection' => 'close',
  'user-agent' => 'Mozilla/5.0 (iPhone; CPU iPhone OS 15_4_1 like Mac OS X) AppleWebKit/605.1.15 (KHTML, like Gecko) Version/15.4 Mobile/15E148 Safari/604.1',
  'origin' => 'http://puzhenshop.feibu.info',
  'content-type' => 'application/x-www-form-urlencoded; charset=UTF-8',
  'accept-encoding' => 'gzip, deflate',
  'accept-language' => 'zh-CN,zh-Hans;q=0.9',
  'x-requested-with' => 'XMLHttpRequest',
  'accept' => 'application/json, text/javascript, */*; q=0.01',
  'host' => 'puzhenshop.feibu.info',
)
[ begin ] [ PARAM ] array (
  'User' => 
  array (
    'user_name' => 'admin',
    'password' => '123456',
  ),
)
---------------------------------------------------------------
[ 2022-07-08T01:04:57+08:00 ] 116.23.40.112 GET puzhenshop.feibu.info/index.php?s=/store/index/index
[ begin ] [ ROUTE ] array (
  'type' => 'module',
  'module' => 
  array (
    0 => 'store',
    1 => 'index',
    2 => 'index',
  ),
)
[ begin ] [ HEADER ] array (
  'accept-encoding' => 'gzip, deflate',
  'accept-language' => 'zh-CN,zh-Hans;q=0.9',
  'referer' => 'http://puzhenshop.feibu.info/index.php?s=/store/passport/login',
  'user-agent' => 'Mozilla/5.0 (iPhone; CPU iPhone OS 15_4_1 like Mac OS X) AppleWebKit/605.1.15 (KHTML, like Gecko) Version/15.4 Mobile/15E148 Safari/604.1',
  'accept' => 'text/html,application/xhtml+xml,application/xml;q=0.9,*/*;q=0.8',
  'upgrade-insecure-requests' => '1',
  'connection' => 'close',
  'cookie' => 'PHPSESSID=hvl4h573r1l84uov7h25jt584j',
  'host' => 'puzhenshop.feibu.info',
)
[ begin ] [ PARAM ] array (
)
---------------------------------------------------------------
[ 2022-07-08T01:05:07+08:00 ] 116.21.42.187 GET puzhenshop.feibu.info/index.php?s=/store/passport/login
[ begin ] [ ROUTE ] array (
  'type' => 'module',
  'module' => 
  array (
    0 => 'store',
    1 => 'passport',
    2 => 'login',
  ),
)
[ begin ] [ HEADER ] array (
  'connection' => 'close',
  'accept-encoding' => 'gzip, deflate',
  'accept-language' => 'zh-CN,zh-Hans;q=0.9',
  'user-agent' => 'Mozilla/5.0 (iPhone; CPU iPhone OS 15_4_1 like Mac OS X) AppleWebKit/605.1.15 (KHTML, like Gecko) Version/15.4 Mobile/15E148 Safari/604.1',
  'cookie' => 'PHPSESSID=hvl4h573r1l84uov7h25jt584j',
  'upgrade-insecure-requests' => '1',
  'accept' => 'text/html,application/xhtml+xml,application/xml;q=0.9,*/*;q=0.8',
  'host' => 'puzhenshop.feibu.info',
)
[ begin ] [ PARAM ] array (
)
---------------------------------------------------------------
[ 2022-07-08T01:05:34+08:00 ] 116.23.40.112 POST puzhenshop.feibu.info/index.php?s=/store/passport/login
[ begin ] [ ROUTE ] array (
  'type' => 'module',
  'module' => 
  array (
    0 => 'store',
    1 => 'passport',
    2 => 'login',
  ),
)
[ begin ] [ HEADER ] array (
  'cookie' => 'PHPSESSID=hvl4h573r1l84uov7h25jt584j',
  'content-length' => '51',
  'referer' => 'http://puzhenshop.feibu.info/index.php?s=/store/passport/login',
  'connection' => 'close',
  'user-agent' => 'Mozilla/5.0 (iPhone; CPU iPhone OS 15_4_1 like Mac OS X) AppleWebKit/605.1.15 (KHTML, like Gecko) Version/15.4 Mobile/15E148 Safari/604.1',
  'origin' => 'http://puzhenshop.feibu.info',
  'content-type' => 'application/x-www-form-urlencoded; charset=UTF-8',
  'accept-encoding' => 'gzip, deflate',
  'accept-language' => 'zh-CN,zh-Hans;q=0.9',
  'x-requested-with' => 'XMLHttpRequest',
  'accept' => 'application/json, text/javascript, */*; q=0.01',
  'host' => 'puzhenshop.feibu.info',
)
[ begin ] [ PARAM ] array (
  'User' => 
  array (
    'user_name' => 'admin',
    'password' => '123456',
  ),
)
---------------------------------------------------------------
[ 2022-07-08T01:05:36+08:00 ] 116.23.40.112 GET puzhenshop.feibu.info/index.php?s=/store/index/index
[ begin ] [ ROUTE ] array (
  'type' => 'module',
  'module' => 
  array (
    0 => 'store',
    1 => 'index',
    2 => 'index',
  ),
)
[ begin ] [ HEADER ] array (
  'accept-encoding' => 'gzip, deflate',
  'accept-language' => 'zh-CN,zh-Hans;q=0.9',
  'referer' => 'http://puzhenshop.feibu.info/index.php?s=/store/passport/login',
  'user-agent' => 'Mozilla/5.0 (iPhone; CPU iPhone OS 15_4_1 like Mac OS X) AppleWebKit/605.1.15 (KHTML, like Gecko) Version/15.4 Mobile/15E148 Safari/604.1',
  'accept' => 'text/html,application/xhtml+xml,application/xml;q=0.9,*/*;q=0.8',
  'upgrade-insecure-requests' => '1',
  'connection' => 'close',
  'cookie' => 'PHPSESSID=hvl4h573r1l84uov7h25jt584j',
  'host' => 'puzhenshop.feibu.info',
)
[ begin ] [ PARAM ] array (
)
---------------------------------------------------------------
[ 2022-07-08T01:05:39+08:00 ] 116.23.40.112 GET puzhenshop.feibu.info/index.php?s=/store/index/index
[ begin ] [ ROUTE ] array (
  'type' => 'module',
  'module' => 
  array (
    0 => 'store',
    1 => 'index',
    2 => 'index',
  ),
)
[ begin ] [ HEADER ] array (
  'accept-language' => 'zh-CN,zh-Hans;q=0.9',
  'cache-control' => 'max-age=0',
  'referer' => 'http://puzhenshop.feibu.info/index.php?s=/store/index/index',
  'user-agent' => 'Mozilla/5.0 (iPhone; CPU iPhone OS 15_4_1 like Mac OS X) AppleWebKit/605.1.15 (KHTML, like Gecko) Version/15.4 Mobile/15E148 Safari/604.1',
  'accept' => 'text/html,application/xhtml+xml,application/xml;q=0.9,*/*;q=0.8',
  'upgrade-insecure-requests' => '1',
  'connection' => 'close',
  'cookie' => 'PHPSESSID=hvl4h573r1l84uov7h25jt584j',
  'accept-encoding' => 'gzip, deflate',
  'host' => 'puzhenshop.feibu.info',
)
[ begin ] [ PARAM ] array (
)
---------------------------------------------------------------
[ 2022-07-08T01:05:42+08:00 ] 116.23.40.112 GET puzhenshop.feibu.info/index.php?s=/store/factory/index
[ begin ] [ ROUTE ] array (
  'type' => 'module',
  'module' => 
  array (
    0 => 'store',
    1 => 'factory',
    2 => 'index',
  ),
)
[ begin ] [ HEADER ] array (
  'accept-encoding' => 'gzip, deflate',
  'accept-language' => 'zh-CN,zh-Hans;q=0.9',
  'referer' => 'http://puzhenshop.feibu.info/index.php?s=/store/index/index',
  'user-agent' => 'Mozilla/5.0 (iPhone; CPU iPhone OS 15_4_1 like Mac OS X) AppleWebKit/605.1.15 (KHTML, like Gecko) Version/15.4 Mobile/15E148 Safari/604.1',
  'accept' => 'text/html,application/xhtml+xml,application/xml;q=0.9,*/*;q=0.8',
  'upgrade-insecure-requests' => '1',
  'connection' => 'close',
  'cookie' => 'PHPSESSID=hvl4h573r1l84uov7h25jt584j',
  'host' => 'puzhenshop.feibu.info',
)
[ begin ] [ PARAM ] array (
)
---------------------------------------------------------------
[ 2022-07-08T01:05:44+08:00 ] 116.23.40.112 GET puzhenshop.feibu.info/index.php?s=/store/factory/enter/factory_id/1
[ begin ] [ ROUTE ] array (
  'type' => 'module',
  'module' => 
  array (
    0 => 'store',
    1 => 'factory',
    2 => 'enter',
  ),
)
[ begin ] [ HEADER ] array (
  'accept-encoding' => 'gzip, deflate',
  'accept-language' => 'zh-CN,zh-Hans;q=0.9',
  'referer' => 'http://puzhenshop.feibu.info/index.php?s=/store/factory/index',
  'user-agent' => 'Mozilla/5.0 (iPhone; CPU iPhone OS 15_4_1 like Mac OS X) AppleWebKit/605.1.15 (KHTML, like Gecko) Version/15.4 Mobile/15E148 Safari/604.1',
  'accept' => 'text/html,application/xhtml+xml,application/xml;q=0.9,*/*;q=0.8',
  'upgrade-insecure-requests' => '1',
  'connection' => 'close',
  'cookie' => 'PHPSESSID=hvl4h573r1l84uov7h25jt584j',
  'host' => 'puzhenshop.feibu.info',
)
[ begin ] [ PARAM ] array (
  'factory_id' => '1',
)
---------------------------------------------------------------
[ 2022-07-08T01:05:45+08:00 ] 116.23.40.112 GET puzhenshop.feibu.info/index.php?s=/factory/index/index
[ begin ] [ ROUTE ] array (
  'type' => 'module',
  'module' => 
  array (
    0 => 'factory',
    1 => 'index',
    2 => 'index',
  ),
)
[ begin ] [ HEADER ] array (
  'accept-encoding' => 'gzip, deflate',
  'accept-language' => 'zh-CN,zh-Hans;q=0.9',
  'referer' => 'http://puzhenshop.feibu.info/index.php?s=/store/factory/index',
  'user-agent' => 'Mozilla/5.0 (iPhone; CPU iPhone OS 15_4_1 like Mac OS X) AppleWebKit/605.1.15 (KHTML, like Gecko) Version/15.4 Mobile/15E148 Safari/604.1',
  'accept' => 'text/html,application/xhtml+xml,application/xml;q=0.9,*/*;q=0.8',
  'upgrade-insecure-requests' => '1',
  'connection' => 'close',
  'cookie' => 'PHPSESSID=hvl4h573r1l84uov7h25jt584j',
  'host' => 'puzhenshop.feibu.info',
)
[ begin ] [ PARAM ] array (
)
---------------------------------------------------------------
[ 2022-07-08T01:06:25+08:00 ] 116.23.40.112 GET puzhenshop.feibu.info/index.php?s=/factory/goods/index
[ begin ] [ ROUTE ] array (
  'type' => 'module',
  'module' => 
  array (
    0 => 'factory',
    1 => 'goods',
    2 => 'index',
  ),
)
[ begin ] [ HEADER ] array (
  'accept-encoding' => 'gzip, deflate',
  'accept-language' => 'zh-CN,zh-Hans;q=0.9',
  'referer' => 'http://puzhenshop.feibu.info/index.php?s=/factory/index/index',
  'user-agent' => 'Mozilla/5.0 (iPhone; CPU iPhone OS 15_4_1 like Mac OS X) AppleWebKit/605.1.15 (KHTML, like Gecko) Version/15.4 Mobile/15E148 Safari/604.1',
  'accept' => 'text/html,application/xhtml+xml,application/xml;q=0.9,*/*;q=0.8',
  'upgrade-insecure-requests' => '1',
  'connection' => 'close',
  'cookie' => 'PHPSESSID=hvl4h573r1l84uov7h25jt584j',
  'host' => 'puzhenshop.feibu.info',
)
[ begin ] [ PARAM ] array (
)
---------------------------------------------------------------
[ 2022-07-08T01:06:29+08:00 ] 116.23.40.112 GET puzhenshop.feibu.info/index.php?s=/factory/goods/add
[ begin ] [ ROUTE ] array (
  'type' => 'module',
  'module' => 
  array (
    0 => 'factory',
    1 => 'goods',
    2 => 'add',
  ),
)
[ begin ] [ HEADER ] array (
  'accept-encoding' => 'gzip, deflate',
  'accept-language' => 'zh-CN,zh-Hans;q=0.9',
  'referer' => 'http://puzhenshop.feibu.info/index.php?s=/factory/goods/index',
  'user-agent' => 'Mozilla/5.0 (iPhone; CPU iPhone OS 15_4_1 like Mac OS X) AppleWebKit/605.1.15 (KHTML, like Gecko) Version/15.4 Mobile/15E148 Safari/604.1',
  'accept' => 'text/html,application/xhtml+xml,application/xml;q=0.9,*/*;q=0.8',
  'upgrade-insecure-requests' => '1',
  'connection' => 'close',
  'cookie' => 'PHPSESSID=hvl4h573r1l84uov7h25jt584j',
  'host' => 'puzhenshop.feibu.info',
)
[ begin ] [ PARAM ] array (
)
---------------------------------------------------------------
[ 2022-07-08T01:06:32+08:00 ] 116.23.40.112 GET puzhenshop.feibu.info/index.php?s=/factory/upload.library/fileList&group_id=-1
[ begin ] [ ROUTE ] array (
  'type' => 'module',
  'module' => 
  array (
    0 => 'factory',
    1 => 'upload.library',
    2 => 'fileList',
  ),
)
[ begin ] [ HEADER ] array (
  'x-requested-with' => 'XMLHttpRequest',
  'accept-language' => 'zh-CN,zh-Hans;q=0.9',
  'referer' => 'http://puzhenshop.feibu.info/index.php?s=/factory/goods/add',
  'user-agent' => 'Mozilla/5.0 (iPhone; CPU iPhone OS 15_4_1 like Mac OS X) AppleWebKit/605.1.15 (KHTML, like Gecko) Version/15.4 Mobile/15E148 Safari/604.1',
  'accept' => 'application/json, text/javascript, */*; q=0.01',
  'connection' => 'close',
  'cookie' => 'PHPSESSID=hvl4h573r1l84uov7h25jt584j',
  'accept-encoding' => 'gzip, deflate',
  'host' => 'puzhenshop.feibu.info',
)
[ begin ] [ PARAM ] array (
  'group_id' => '-1',
)
---------------------------------------------------------------
[ 2022-07-08T01:07:39+08:00 ] 116.23.40.112 GET puzhenshop.feibu.info/index.php?s=/factory/upload.library/fileList&group_id=-1
[ begin ] [ ROUTE ] array (
  'type' => 'module',
  'module' => 
  array (
    0 => 'factory',
    1 => 'upload.library',
    2 => 'fileList',
  ),
)
[ begin ] [ HEADER ] array (
  'cookie' => '__root_domain_v=.feibu.info; _qddaz=QD.462850277201994; Hm_lvt_8231d52c4580fdb4fc6a6098e03a174f=1652776307; PHPSESSID=pjtirs3irf63a2p64g4ekae2ae',
  'accept-language' => 'zh-CN,zh;q=0.9',
  'accept-encoding' => 'gzip, deflate',
  'referer' => 'http://puzhenshop.feibu.info/index.php?s=/factory/goods/add',
  'x-requested-with' => 'XMLHttpRequest',
  'user-agent' => 'Mozilla/5.0 (iPhone; CPU iPhone OS 13_2_3 like Mac OS X) AppleWebKit/605.1.15 (KHTML, like Gecko) Version/13.0.3 Mobile/15E148 Safari/604.1',
  'accept' => 'application/json, text/javascript, */*; q=0.01',
  'connection' => 'close',
  'host' => 'puzhenshop.feibu.info',
)
[ begin ] [ PARAM ] array (
  'group_id' => '-1',
)
---------------------------------------------------------------
[ 2022-07-08T01:08:37+08:00 ] 116.23.40.112 GET puzhenshop.feibu.info/index.php?s=/factory/goods/add
[ begin ] [ ROUTE ] array (
  'type' => 'module',
  'module' => 
  array (
    0 => 'factory',
    1 => 'goods',
    2 => 'add',
  ),
)
[ begin ] [ HEADER ] array (
  'cookie' => '__root_domain_v=.feibu.info; _qddaz=QD.462850277201994; Hm_lvt_8231d52c4580fdb4fc6a6098e03a174f=1652776307; PHPSESSID=pjtirs3irf63a2p64g4ekae2ae',
  'accept-language' => 'zh-CN,zh;q=0.9',
  'accept-encoding' => 'gzip, deflate',
  'referer' => 'http://puzhenshop.feibu.info/index.php?s=/factory/goods/index',
  'accept' => 'text/html,application/xhtml+xml,application/xml;q=0.9,image/avif,image/webp,image/apng,*/*;q=0.8,application/signed-exchange;v=b3;q=0.9',
  'user-agent' => 'Mozilla/5.0 (iPhone; CPU iPhone OS 13_2_3 like Mac OS X) AppleWebKit/605.1.15 (KHTML, like Gecko) Version/13.0.3 Mobile/15E148 Safari/604.1',
  'upgrade-insecure-requests' => '1',
  'cache-control' => 'max-age=0',
  'connection' => 'close',
  'host' => 'puzhenshop.feibu.info',
)
[ begin ] [ PARAM ] array (
)
---------------------------------------------------------------
[ 2022-07-08T01:09:30+08:00 ] 116.23.40.112 GET puzhenshop.feibu.info/index.php?s=/factory/goods/add
[ begin ] [ ROUTE ] array (
  'type' => 'module',
  'module' => 
  array (
    0 => 'factory',
    1 => 'goods',
    2 => 'add',
  ),
)
[ begin ] [ HEADER ] array (
  'cookie' => '__root_domain_v=.feibu.info; _qddaz=QD.462850277201994; Hm_lvt_8231d52c4580fdb4fc6a6098e03a174f=1652776307; PHPSESSID=pjtirs3irf63a2p64g4ekae2ae',
  'accept-language' => 'zh-CN,zh;q=0.9',
  'accept-encoding' => 'gzip, deflate',
  'referer' => 'http://puzhenshop.feibu.info/index.php?s=/factory/goods/index',
  'accept' => 'text/html,application/xhtml+xml,application/xml;q=0.9,image/avif,image/webp,image/apng,*/*;q=0.8,application/signed-exchange;v=b3;q=0.9',
  'user-agent' => 'Mozilla/5.0 (iPhone; CPU iPhone OS 13_2_3 like Mac OS X) AppleWebKit/605.1.15 (KHTML, like Gecko) Version/13.0.3 Mobile/15E148 Safari/604.1',
  'upgrade-insecure-requests' => '1',
  'cache-control' => 'max-age=0',
  'connection' => 'close',
  'host' => 'puzhenshop.feibu.info',
)
[ begin ] [ PARAM ] array (
)
---------------------------------------------------------------
[ 2022-07-08T01:09:43+08:00 ] 116.23.40.112 GET puzhenshop.feibu.info/index.php?s=/factory/goods/add
[ begin ] [ ROUTE ] array (
  'type' => 'module',
  'module' => 
  array (
    0 => 'factory',
    1 => 'goods',
    2 => 'add',
  ),
)
[ begin ] [ HEADER ] array (
  'cookie' => '__root_domain_v=.feibu.info; _qddaz=QD.462850277201994; Hm_lvt_8231d52c4580fdb4fc6a6098e03a174f=1652776307; PHPSESSID=pjtirs3irf63a2p64g4ekae2ae',
  'accept-language' => 'zh-CN,zh;q=0.9',
  'accept-encoding' => 'gzip, deflate',
  'referer' => 'http://puzhenshop.feibu.info/index.php?s=/factory/goods/index',
  'accept' => 'text/html,application/xhtml+xml,application/xml;q=0.9,image/avif,image/webp,image/apng,*/*;q=0.8,application/signed-exchange;v=b3;q=0.9',
  'user-agent' => 'Mozilla/5.0 (iPhone; CPU iPhone OS 13_2_3 like Mac OS X) AppleWebKit/605.1.15 (KHTML, like Gecko) Version/13.0.3 Mobile/15E148 Safari/604.1',
  'upgrade-insecure-requests' => '1',
  'cache-control' => 'max-age=0',
  'connection' => 'close',
  'host' => 'puzhenshop.feibu.info',
)
[ begin ] [ PARAM ] array (
)
---------------------------------------------------------------
[ 2022-07-08T01:10:32+08:00 ] 116.21.42.187 GET puzhenshop.feibu.info/index.php?s=/factory/goods/add
[ begin ] [ ROUTE ] array (
  'type' => 'module',
  'module' => 
  array (
    0 => 'factory',
    1 => 'goods',
    2 => 'add',
  ),
)
[ begin ] [ HEADER ] array (
  'cookie' => '__root_domain_v=.feibu.info; _qddaz=QD.462850277201994; Hm_lvt_8231d52c4580fdb4fc6a6098e03a174f=1652776307; PHPSESSID=pjtirs3irf63a2p64g4ekae2ae',
  'accept-language' => 'zh-CN,zh;q=0.9',
  'accept-encoding' => 'gzip, deflate',
  'referer' => 'http://puzhenshop.feibu.info/index.php?s=/factory/goods/index',
  'accept' => 'text/html,application/xhtml+xml,application/xml;q=0.9,image/avif,image/webp,image/apng,*/*;q=0.8,application/signed-exchange;v=b3;q=0.9',
  'user-agent' => 'Mozilla/5.0 (iPhone; CPU iPhone OS 13_2_3 like Mac OS X) AppleWebKit/605.1.15 (KHTML, like Gecko) Version/13.0.3 Mobile/15E148 Safari/604.1',
  'upgrade-insecure-requests' => '1',
  'cache-control' => 'max-age=0',
  'connection' => 'close',
  'host' => 'puzhenshop.feibu.info',
)
[ begin ] [ PARAM ] array (
)
---------------------------------------------------------------
[ 2022-07-08T01:10:35+08:00 ] 116.23.40.112 GET puzhenshop.feibu.info/index.php?s=/factory/goods/add
[ begin ] [ ROUTE ] array (
  'type' => 'module',
  'module' => 
  array (
    0 => 'factory',
    1 => 'goods',
    2 => 'add',
  ),
)
[ begin ] [ HEADER ] array (
  'cookie' => '__root_domain_v=.feibu.info; _qddaz=QD.462850277201994; Hm_lvt_8231d52c4580fdb4fc6a6098e03a174f=1652776307; PHPSESSID=pjtirs3irf63a2p64g4ekae2ae',
  'accept-language' => 'zh-CN,zh;q=0.9',
  'accept-encoding' => 'gzip, deflate',
  'referer' => 'http://puzhenshop.feibu.info/index.php?s=/factory/goods/index',
  'accept' => 'text/html,application/xhtml+xml,application/xml;q=0.9,image/avif,image/webp,image/apng,*/*;q=0.8,application/signed-exchange;v=b3;q=0.9',
  'user-agent' => 'Mozilla/5.0 (iPhone; CPU iPhone OS 13_2_3 like Mac OS X) AppleWebKit/605.1.15 (KHTML, like Gecko) Version/13.0.3 Mobile/15E148 Safari/604.1',
  'upgrade-insecure-requests' => '1',
  'cache-control' => 'no-cache',
  'pragma' => 'no-cache',
  'connection' => 'close',
  'host' => 'puzhenshop.feibu.info',
)
[ begin ] [ PARAM ] array (
)
---------------------------------------------------------------
[ 2022-07-08T01:10:59+08:00 ] 116.23.40.112 GET puzhenshop.feibu.info/index.php?s=/factory/goods/add
[ begin ] [ ROUTE ] array (
  'type' => 'module',
  'module' => 
  array (
    0 => 'factory',
    1 => 'goods',
    2 => 'add',
  ),
)
[ begin ] [ HEADER ] array (
  'cookie' => '__root_domain_v=.feibu.info; _qddaz=QD.462850277201994; Hm_lvt_8231d52c4580fdb4fc6a6098e03a174f=1652776307; PHPSESSID=pjtirs3irf63a2p64g4ekae2ae',
  'accept-language' => 'zh-CN,zh;q=0.9',
  'accept-encoding' => 'gzip, deflate',
  'referer' => 'http://puzhenshop.feibu.info/index.php?s=/factory/goods/index',
  'accept' => 'text/html,application/xhtml+xml,application/xml;q=0.9,image/avif,image/webp,image/apng,*/*;q=0.8,application/signed-exchange;v=b3;q=0.9',
  'user-agent' => 'Mozilla/5.0 (iPhone; CPU iPhone OS 13_2_3 like Mac OS X) AppleWebKit/605.1.15 (KHTML, like Gecko) Version/13.0.3 Mobile/15E148 Safari/604.1',
  'upgrade-insecure-requests' => '1',
  'cache-control' => 'max-age=0',
  'connection' => 'close',
  'host' => 'puzhenshop.feibu.info',
)
[ begin ] [ PARAM ] array (
)
---------------------------------------------------------------
[ 2022-07-08T01:12:25+08:00 ] 116.23.40.112 GET puzhenshop.feibu.info/index.php?s=/factory/goods/index
[ begin ] [ ROUTE ] array (
  'type' => 'module',
  'module' => 
  array (
    0 => 'factory',
    1 => 'goods',
    2 => 'index',
  ),
)
[ begin ] [ HEADER ] array (
  'cookie' => '__root_domain_v=.feibu.info; _qddaz=QD.462850277201994; Hm_lvt_8231d52c4580fdb4fc6a6098e03a174f=1652776307; PHPSESSID=pjtirs3irf63a2p64g4ekae2ae',
  'accept-language' => 'zh-CN,zh;q=0.9',
  'accept-encoding' => 'gzip, deflate',
  'referer' => 'http://puzhenshop.feibu.info/index.php?s=/factory/goods/add',
  'accept' => 'text/html,application/xhtml+xml,application/xml;q=0.9,image/avif,image/webp,image/apng,*/*;q=0.8,application/signed-exchange;v=b3;q=0.9',
  'user-agent' => 'Mozilla/5.0 (iPhone; CPU iPhone OS 13_2_3 like Mac OS X) AppleWebKit/605.1.15 (KHTML, like Gecko) Version/13.0.3 Mobile/15E148 Safari/604.1',
  'upgrade-insecure-requests' => '1',
  'connection' => 'close',
  'host' => 'puzhenshop.feibu.info',
)
[ begin ] [ PARAM ] array (
)
---------------------------------------------------------------
[ 2022-07-08T01:12:28+08:00 ] 116.21.42.187 GET puzhenshop.feibu.info/index.php?s=/factory/goods/edit/goods_id/10060
[ begin ] [ ROUTE ] array (
  'type' => 'module',
  'module' => 
  array (
    0 => 'factory',
    1 => 'goods',
    2 => 'edit',
  ),
)
[ begin ] [ HEADER ] array (
  'cookie' => '__root_domain_v=.feibu.info; _qddaz=QD.462850277201994; Hm_lvt_8231d52c4580fdb4fc6a6098e03a174f=1652776307; PHPSESSID=pjtirs3irf63a2p64g4ekae2ae',
  'accept-language' => 'zh-CN,zh;q=0.9',
  'accept-encoding' => 'gzip, deflate',
  'referer' => 'http://puzhenshop.feibu.info/index.php?s=/factory/goods/index',
  'accept' => 'text/html,application/xhtml+xml,application/xml;q=0.9,image/avif,image/webp,image/apng,*/*;q=0.8,application/signed-exchange;v=b3;q=0.9',
  'user-agent' => 'Mozilla/5.0 (iPhone; CPU iPhone OS 13_2_3 like Mac OS X) AppleWebKit/605.1.15 (KHTML, like Gecko) Version/13.0.3 Mobile/15E148 Safari/604.1',
  'upgrade-insecure-requests' => '1',
  'connection' => 'close',
  'host' => 'puzhenshop.feibu.info',
)
[ begin ] [ PARAM ] array (
  'goods_id' => '10060',
)
---------------------------------------------------------------
[ 2022-07-08T01:13:46+08:00 ] 116.23.40.112 GET puzhenshop.feibu.info/index.php?s=/factory/goods/edit/goods_id/10060
[ begin ] [ ROUTE ] array (
  'type' => 'module',
  'module' => 
  array (
    0 => 'factory',
    1 => 'goods',
    2 => 'edit',
  ),
)
[ begin ] [ HEADER ] array (
  'cookie' => '__root_domain_v=.feibu.info; _qddaz=QD.462850277201994; Hm_lvt_8231d52c4580fdb4fc6a6098e03a174f=1652776307; PHPSESSID=pjtirs3irf63a2p64g4ekae2ae',
  'accept-language' => 'zh-CN,zh;q=0.9',
  'accept-encoding' => 'gzip, deflate',
  'referer' => 'http://puzhenshop.feibu.info/index.php?s=/factory/goods/index',
  'accept' => 'text/html,application/xhtml+xml,application/xml;q=0.9,image/avif,image/webp,image/apng,*/*;q=0.8,application/signed-exchange;v=b3;q=0.9',
  'user-agent' => 'Mozilla/5.0 (iPhone; CPU iPhone OS 13_2_3 like Mac OS X) AppleWebKit/605.1.15 (KHTML, like Gecko) Version/13.0.3 Mobile/15E148 Safari/604.1',
  'upgrade-insecure-requests' => '1',
  'cache-control' => 'max-age=0',
  'connection' => 'close',
  'host' => 'puzhenshop.feibu.info',
)
[ begin ] [ PARAM ] array (
  'goods_id' => '10060',
)
---------------------------------------------------------------
[ 2022-07-08T01:14:27+08:00 ] 116.23.40.112 GET puzhenshop.feibu.info/index.php?s=/factory/goods/edit/goods_id/10060
[ begin ] [ ROUTE ] array (
  'type' => 'module',
  'module' => 
  array (
    0 => 'factory',
    1 => 'goods',
    2 => 'edit',
  ),
)
[ begin ] [ HEADER ] array (
  'cookie' => '__root_domain_v=.feibu.info; _qddaz=QD.462850277201994; Hm_lvt_8231d52c4580fdb4fc6a6098e03a174f=1652776307; PHPSESSID=pjtirs3irf63a2p64g4ekae2ae',
  'accept-language' => 'zh-CN,zh;q=0.9',
  'accept-encoding' => 'gzip, deflate',
  'referer' => 'http://puzhenshop.feibu.info/index.php?s=/factory/goods/index',
  'accept' => 'text/html,application/xhtml+xml,application/xml;q=0.9,image/avif,image/webp,image/apng,*/*;q=0.8,application/signed-exchange;v=b3;q=0.9',
  'user-agent' => 'Mozilla/5.0 (iPhone; CPU iPhone OS 13_2_3 like Mac OS X) AppleWebKit/605.1.15 (KHTML, like Gecko) Version/13.0.3 Mobile/15E148 Safari/604.1',
  'upgrade-insecure-requests' => '1',
  'cache-control' => 'max-age=0',
  'connection' => 'close',
  'host' => 'puzhenshop.feibu.info',
)
[ begin ] [ PARAM ] array (
  'goods_id' => '10060',
)
---------------------------------------------------------------
[ 2022-07-08T01:14:52+08:00 ] 116.21.42.187 GET puzhenshop.feibu.info/index.php?s=/factory/tea_qrcode.factory_tea_qrcode/index
[ begin ] [ ROUTE ] array (
  'type' => 'module',
  'module' => 
  array (
    0 => 'factory',
    1 => 'tea_qrcode.factory_tea_qrcode',
    2 => 'index',
  ),
)
[ begin ] [ HEADER ] array (
  'cookie' => '__root_domain_v=.feibu.info; _qddaz=QD.462850277201994; Hm_lvt_8231d52c4580fdb4fc6a6098e03a174f=1652776307; PHPSESSID=pjtirs3irf63a2p64g4ekae2ae',
  'accept-language' => 'zh-CN,zh;q=0.9',
  'accept-encoding' => 'gzip, deflate',
  'referer' => 'http://puzhenshop.feibu.info/index.php?s=/factory/goods/edit/goods_id/10060',
  'accept' => 'text/html,application/xhtml+xml,application/xml;q=0.9,image/avif,image/webp,image/apng,*/*;q=0.8,application/signed-exchange;v=b3;q=0.9',
  'user-agent' => 'Mozilla/5.0 (Macintosh; Intel Mac OS X 10_14_6) AppleWebKit/537.36 (KHTML, like Gecko) Chrome/103.0.0.0 Safari/537.36',
  'upgrade-insecure-requests' => '1',
  'connection' => 'close',
  'host' => 'puzhenshop.feibu.info',
)
[ begin ] [ PARAM ] array (
)
---------------------------------------------------------------
[ 2022-07-08T01:14:54+08:00 ] 116.21.42.187 GET puzhenshop.feibu.info/index.php?s=/factory/tea_qrcode.factory_tea_qrcode/add
[ begin ] [ ROUTE ] array (
  'type' => 'module',
  'module' => 
  array (
    0 => 'factory',
    1 => 'tea_qrcode.factory_tea_qrcode',
    2 => 'add',
  ),
)
[ begin ] [ HEADER ] array (
  'cookie' => '__root_domain_v=.feibu.info; _qddaz=QD.462850277201994; Hm_lvt_8231d52c4580fdb4fc6a6098e03a174f=1652776307; PHPSESSID=pjtirs3irf63a2p64g4ekae2ae',
  'accept-language' => 'zh-CN,zh;q=0.9',
  'accept-encoding' => 'gzip, deflate',
  'referer' => 'http://puzhenshop.feibu.info/index.php?s=/factory/tea_qrcode.factory_tea_qrcode/index',
  'accept' => 'text/html,application/xhtml+xml,application/xml;q=0.9,image/avif,image/webp,image/apng,*/*;q=0.8,application/signed-exchange;v=b3;q=0.9',
  'user-agent' => 'Mozilla/5.0 (Macintosh; Intel Mac OS X 10_14_6) AppleWebKit/537.36 (KHTML, like Gecko) Chrome/103.0.0.0 Safari/537.36',
  'upgrade-insecure-requests' => '1',
  'connection' => 'close',
  'host' => 'puzhenshop.feibu.info',
)
[ begin ] [ PARAM ] array (
)
---------------------------------------------------------------
[ 2022-07-08T01:14:56+08:00 ] 116.23.40.112 GET puzhenshop.feibu.info/index.php?s=/factory/passport/logout
[ begin ] [ ROUTE ] array (
  'type' => 'module',
  'module' => 
  array (
    0 => 'factory',
    1 => 'passport',
    2 => 'logout',
  ),
)
[ begin ] [ HEADER ] array (
  'cookie' => '__root_domain_v=.feibu.info; _qddaz=QD.462850277201994; Hm_lvt_8231d52c4580fdb4fc6a6098e03a174f=1652776307; PHPSESSID=pjtirs3irf63a2p64g4ekae2ae',
  'accept-language' => 'zh-CN,zh;q=0.9',
  'accept-encoding' => 'gzip, deflate',
  'referer' => 'http://puzhenshop.feibu.info/index.php?s=/factory/tea_qrcode.factory_tea_qrcode/add',
  'accept' => 'text/html,application/xhtml+xml,application/xml;q=0.9,image/avif,image/webp,image/apng,*/*;q=0.8,application/signed-exchange;v=b3;q=0.9',
  'user-agent' => 'Mozilla/5.0 (Macintosh; Intel Mac OS X 10_14_6) AppleWebKit/537.36 (KHTML, like Gecko) Chrome/103.0.0.0 Safari/537.36',
  'upgrade-insecure-requests' => '1',
  'connection' => 'close',
  'host' => 'puzhenshop.feibu.info',
)
[ begin ] [ PARAM ] array (
)
---------------------------------------------------------------
[ 2022-07-08T01:14:56+08:00 ] 116.23.40.112 GET puzhenshop.feibu.info/index.php?s=/factory/passport/login
[ begin ] [ ROUTE ] array (
  'type' => 'module',
  'module' => 
  array (
    0 => 'factory',
    1 => 'passport',
    2 => 'login',
  ),
)
[ begin ] [ HEADER ] array (
  'cookie' => '__root_domain_v=.feibu.info; _qddaz=QD.462850277201994; Hm_lvt_8231d52c4580fdb4fc6a6098e03a174f=1652776307; PHPSESSID=pjtirs3irf63a2p64g4ekae2ae',
  'accept-language' => 'zh-CN,zh;q=0.9',
  'accept-encoding' => 'gzip, deflate',
  'referer' => 'http://puzhenshop.feibu.info/index.php?s=/factory/tea_qrcode.factory_tea_qrcode/add',
  'accept' => 'text/html,application/xhtml+xml,application/xml;q=0.9,image/avif,image/webp,image/apng,*/*;q=0.8,application/signed-exchange;v=b3;q=0.9',
  'user-agent' => 'Mozilla/5.0 (Macintosh; Intel Mac OS X 10_14_6) AppleWebKit/537.36 (KHTML, like Gecko) Chrome/103.0.0.0 Safari/537.36',
  'upgrade-insecure-requests' => '1',
  'connection' => 'close',
  'host' => 'puzhenshop.feibu.info',
)
[ begin ] [ PARAM ] array (
)
---------------------------------------------------------------
[ 2022-07-08T02:30:16+08:00 ] 116.21.42.187 GET puzhenshop.feibu.info/index.php?s=/factory/goods/add
[ begin ] [ ROUTE ] array (
  'type' => 'module',
  'module' => 
  array (
    0 => 'factory',
    1 => 'goods',
    2 => 'add',
  ),
)
[ begin ] [ HEADER ] array (
  'accept-encoding' => 'gzip, deflate',
  'accept-language' => 'zh-CN,zh-Hans;q=0.9',
  'referer' => 'http://puzhenshop.feibu.info/index.php?s=/factory/goods/index',
  'user-agent' => 'Mozilla/5.0 (iPhone; CPU iPhone OS 15_4_1 like Mac OS X) AppleWebKit/605.1.15 (KHTML, like Gecko) Version/15.4 Mobile/15E148 Safari/604.1',
  'accept' => 'text/html,application/xhtml+xml,application/xml;q=0.9,*/*;q=0.8',
  'upgrade-insecure-requests' => '1',
  'connection' => 'close',
  'host' => 'puzhenshop.feibu.info',
)
[ begin ] [ PARAM ] array (
)
---------------------------------------------------------------
[ 2022-07-08T02:30:16+08:00 ] 116.21.42.187 GET puzhenshop.feibu.info/index.php?s=/factory/passport/login
[ begin ] [ ROUTE ] array (
  'type' => 'module',
  'module' => 
  array (
    0 => 'factory',
    1 => 'passport',
    2 => 'login',
  ),
)
[ begin ] [ HEADER ] array (
  'accept-encoding' => 'gzip, deflate',
  'accept-language' => 'zh-CN,zh-Hans;q=0.9',
  'referer' => 'http://puzhenshop.feibu.info/index.php?s=/factory/goods/index',
  'user-agent' => 'Mozilla/5.0 (iPhone; CPU iPhone OS 15_4_1 like Mac OS X) AppleWebKit/605.1.15 (KHTML, like Gecko) Version/15.4 Mobile/15E148 Safari/604.1',
  'accept' => 'text/html,application/xhtml+xml,application/xml;q=0.9,*/*;q=0.8',
  'upgrade-insecure-requests' => '1',
  'connection' => 'close',
  'cookie' => 'PHPSESSID=ispilvparv3oiho7g21kqk5cn0',
  'host' => 'puzhenshop.feibu.info',
)
[ begin ] [ PARAM ] array (
)
---------------------------------------------------------------
[ 2022-07-08T02:34:44+08:00 ] 116.21.42.187 GET puzhenshop.feibu.info/index.php?s=/store/factory/index
[ begin ] [ ROUTE ] array (
  'type' => 'module',
  'module' => 
  array (
    0 => 'store',
    1 => 'factory',
    2 => 'index',
  ),
)
[ begin ] [ HEADER ] array (
  'accept-encoding' => 'gzip, deflate',
  'accept-language' => 'zh-CN,zh-Hans;q=0.9',
  'referer' => 'http://puzhenshop.feibu.info/index.php?s=/store/index/index',
  'user-agent' => 'Mozilla/5.0 (iPhone; CPU iPhone OS 15_4_1 like Mac OS X) AppleWebKit/605.1.15 (KHTML, like Gecko) Version/15.4 Mobile/15E148 Safari/604.1',
  'accept' => 'text/html,application/xhtml+xml,application/xml;q=0.9,*/*;q=0.8',
  'upgrade-insecure-requests' => '1',
  'connection' => 'close',
  'host' => 'puzhenshop.feibu.info',
)
[ begin ] [ PARAM ] array (
)
---------------------------------------------------------------
[ 2022-07-08T02:34:44+08:00 ] 116.21.42.187 GET puzhenshop.feibu.info/index.php?s=/store/passport/login
[ begin ] [ ROUTE ] array (
  'type' => 'module',
  'module' => 
  array (
    0 => 'store',
    1 => 'passport',
    2 => 'login',
  ),
)
[ begin ] [ HEADER ] array (
  'accept-encoding' => 'gzip, deflate',
  'accept-language' => 'zh-CN,zh-Hans;q=0.9',
  'referer' => 'http://puzhenshop.feibu.info/index.php?s=/store/index/index',
  'user-agent' => 'Mozilla/5.0 (iPhone; CPU iPhone OS 15_4_1 like Mac OS X) AppleWebKit/605.1.15 (KHTML, like Gecko) Version/15.4 Mobile/15E148 Safari/604.1',
  'accept' => 'text/html,application/xhtml+xml,application/xml;q=0.9,*/*;q=0.8',
  'upgrade-insecure-requests' => '1',
  'connection' => 'close',
  'cookie' => 'PHPSESSID=s202q2f39r2qj8o9rgfj7poo74',
  'host' => 'puzhenshop.feibu.info',
)
[ begin ] [ PARAM ] array (
)
