---------------------------------------------------------------
[ 2022-07-12T16:32:15+08:00 ] 116.21.14.240 POST puzhenshop.feibu.info/index.php?s=/store/passport/login
[ sql ] [ DB ] CONNECT:[ UseTime:0.011510s ] mysql:host=39.108.144.9;port=3306;dbname=puzhen_shop;charset=utf8
[ sql ] [ SQL ] SHOW COLUMNS FROM `puzhen_wxapp` [ RunTime:0.009528s ]
[ sql ] [ SQL ] SHOW COLUMNS FROM `puzhen_store_user` [ RunTime:0.009674s ]
[ sql ] [ SQL ] SELECT * FROM `puzhen_store_user` WHERE  `user_name` = 'admin'  AND `password` = '66c63585eec964e89dedd44e73a11755'  AND `is_delete` = 0 LIMIT 1 [ RunTime:0.007373s ]
[ sql ] [ SQL ] SELECT * FROM `puzhen_wxapp` WHERE  `wxapp_id` = 10001 [ RunTime:0.007217s ]
---------------------------------------------------------------
[ 2022-07-12T16:32:17+08:00 ] 116.21.14.240 GET puzhenshop.feibu.info/index.php?s=/store/index/index
[ sql ] [ DB ] CONNECT:[ UseTime:0.012294s ] mysql:host=39.108.144.9;port=3306;dbname=puzhen_shop;charset=utf8
[ sql ] [ SQL ] SHOW COLUMNS FROM `puzhen_store_user` [ RunTime:0.009440s ]
[ sql ] [ SQL ] SELECT * FROM `puzhen_store_user` WHERE  `puzhen_store_user`.`wxapp_id` = 10001  AND `is_delete` = 0  AND `store_user_id` = 10001 LIMIT 1 [ RunTime:0.008130s ]
[ sql ] [ SQL ] SHOW COLUMNS FROM `puzhen_user` [ RunTime:0.010596s ]
[ sql ] [ SQL ] SELECT COUNT(*) AS tp_count FROM `puzhen_user` WHERE  `puzhen_user`.`wxapp_id` = 10001  AND `is_delete` = 0 LIMIT 1 [ RunTime:0.008214s ]
[ sql ] [ SQL ] SHOW COLUMNS FROM `puzhen_goods` [ RunTime:0.010509s ]
[ sql ] [ SQL ] SELECT COUNT(*) AS tp_count FROM `puzhen_goods` WHERE  `puzhen_goods`.`wxapp_id` = 10001  AND `is_delete` = 0 LIMIT 1 [ RunTime:0.008371s ]
[ sql ] [ SQL ] SHOW COLUMNS FROM `puzhen_factory` [ RunTime:0.010447s ]
[ sql ] [ SQL ] SELECT COUNT(*) AS tp_count FROM `puzhen_factory` WHERE  `puzhen_factory`.`wxapp_id` = 10001  AND `is_delete` = 0 LIMIT 1 [ RunTime:0.008180s ]
[ sql ] [ SQL ] SHOW COLUMNS FROM `puzhen_distributor` [ RunTime:0.010528s ]
[ sql ] [ SQL ] SELECT COUNT(*) AS tp_count FROM `puzhen_distributor` WHERE  `puzhen_distributor`.`wxapp_id` = 10001  AND `is_delete` = 0 LIMIT 1 [ RunTime:0.008095s ]
[ sql ] [ SQL ] SHOW COLUMNS FROM `puzhen_equipment` [ RunTime:0.014045s ]
[ sql ] [ SQL ] SELECT COUNT(*) AS tp_count FROM `puzhen_equipment` WHERE  `puzhen_equipment`.`wxapp_id` = 10001  AND `is_delete` = 0 LIMIT 1 [ RunTime:0.008545s ]
[ sql ] [ SQL ] SHOW COLUMNS FROM `puzhen_user_equipment` [ RunTime:0.011965s ]
[ sql ] [ SQL ] SELECT COUNT(*) AS tp_count FROM `puzhen_user_equipment` WHERE  `puzhen_user_equipment`.`wxapp_id` = 10001  AND `status` = 20 LIMIT 1 [ RunTime:0.008304s ]
[ sql ] [ SQL ] SHOW COLUMNS FROM `puzhen_tea_qrcode` [ RunTime:0.010722s ]
[ sql ] [ SQL ] SELECT COUNT(*) AS tp_count FROM `puzhen_tea_qrcode` WHERE  `puzhen_tea_qrcode`.`wxapp_id` = 10001  AND `user_id` <> 0 LIMIT 1 [ RunTime:0.008183s ]
---------------------------------------------------------------
[ 2022-07-12T16:34:54+08:00 ] 116.21.14.240 GET puzhenshop.feibu.info/index.php?s=/store/content.article/index
[ sql ] [ DB ] CONNECT:[ UseTime:0.009091s ] mysql:host=39.108.144.9;port=3306;dbname=puzhen_shop;charset=utf8
[ sql ] [ SQL ] SHOW COLUMNS FROM `puzhen_store_user` [ RunTime:0.007681s ]
[ sql ] [ SQL ] SELECT * FROM `puzhen_store_user` WHERE  `puzhen_store_user`.`wxapp_id` = 10001  AND `is_delete` = 0  AND `store_user_id` = 10001 LIMIT 1 [ RunTime:0.005933s ]
[ sql ] [ SQL ] SHOW COLUMNS FROM `puzhen_article_category` [ RunTime:0.008578s ]
[ sql ] [ SQL ] SHOW COLUMNS FROM `puzhen_article` [ RunTime:0.007663s ]
[ sql ] [ SQL ] SELECT COUNT(*) AS tp_count FROM `puzhen_article` WHERE  `puzhen_article`.`wxapp_id` = 10001  AND `is_delete` = 0 LIMIT 1 [ RunTime:0.005775s ]
[ sql ] [ SQL ] SELECT * FROM `puzhen_article` WHERE  `puzhen_article`.`wxapp_id` = 10001  AND `is_delete` = 0 ORDER BY `article_sort` ASC,`create_time` DESC LIMIT 0,15 [ RunTime:0.005981s ]
[ sql ] [ SQL ] SHOW COLUMNS FROM `puzhen_upload_file` [ RunTime:0.008407s ]
[ sql ] [ SQL ] SELECT * FROM `puzhen_upload_file` WHERE  `puzhen_upload_file`.`wxapp_id` = 10001  AND `file_id` IN (0) [ RunTime:0.006021s ]
[ sql ] [ SQL ] SELECT * FROM `puzhen_article_category` WHERE  `puzhen_article_category`.`wxapp_id` = 10001  AND `category_id` IN (1) [ RunTime:0.005874s ]
---------------------------------------------------------------
[ 2022-07-12T16:34:58+08:00 ] 116.21.14.240 GET puzhenshop.feibu.info/index.php?s=/store/content.files.group/index
[ sql ] [ DB ] CONNECT:[ UseTime:0.016682s ] mysql:host=39.108.144.9;port=3306;dbname=puzhen_shop;charset=utf8
[ sql ] [ SQL ] SHOW COLUMNS FROM `puzhen_store_user` [ RunTime:0.007910s ]
[ sql ] [ SQL ] SELECT * FROM `puzhen_store_user` WHERE  `puzhen_store_user`.`wxapp_id` = 10001  AND `is_delete` = 0  AND `store_user_id` = 10001 LIMIT 1 [ RunTime:0.006365s ]
[ sql ] [ SQL ] SHOW COLUMNS FROM `puzhen_upload_group` [ RunTime:0.009165s ]
[ sql ] [ SQL ] SELECT * FROM `puzhen_upload_group` WHERE  `puzhen_upload_group`.`wxapp_id` = 10001  AND `is_delete` = 0 ORDER BY `sort` ASC,`create_time` DESC [ RunTime:0.006275s ]
---------------------------------------------------------------
[ 2022-07-12T16:34:59+08:00 ] 116.21.14.240 GET puzhenshop.feibu.info/index.php?s=/store/content.files/index
[ sql ] [ DB ] CONNECT:[ UseTime:0.017095s ] mysql:host=39.108.144.9;port=3306;dbname=puzhen_shop;charset=utf8
[ sql ] [ SQL ] SHOW COLUMNS FROM `puzhen_store_user` [ RunTime:0.007820s ]
[ sql ] [ SQL ] SELECT * FROM `puzhen_store_user` WHERE  `puzhen_store_user`.`wxapp_id` = 10001  AND `is_delete` = 0  AND `store_user_id` = 10001 LIMIT 1 [ RunTime:0.006458s ]
[ sql ] [ SQL ] SHOW COLUMNS FROM `puzhen_upload_group` [ RunTime:0.007699s ]
[ sql ] [ SQL ] SHOW COLUMNS FROM `puzhen_upload_file` [ RunTime:0.007552s ]
[ sql ] [ SQL ] SELECT COUNT(*) AS tp_count FROM `puzhen_upload_file` WHERE  ( `puzhen_upload_file`.`wxapp_id` = 10001 AND `puzhen_upload_file`.`wxapp_id` = 10001 )  AND `is_recycle` = 0  AND `is_user` = 0  AND `is_delete` = 0 LIMIT 1 [ RunTime:0.006728s ]
[ sql ] [ SQL ] SELECT * FROM `puzhen_upload_file` WHERE  ( `puzhen_upload_file`.`wxapp_id` = 10001 AND `puzhen_upload_file`.`wxapp_id` = 10001 )  AND `is_recycle` = 0  AND `is_user` = 0  AND `is_delete` = 0 ORDER BY `file_id` DESC LIMIT 0,32 [ RunTime:0.006708s ]
[ sql ] [ SQL ] SELECT * FROM `puzhen_upload_group` WHERE  `puzhen_upload_group`.`wxapp_id` = 10001  AND `group_id` IN (0,10006) [ RunTime:0.006406s ]
---------------------------------------------------------------
[ 2022-07-12T16:35:01+08:00 ] 116.21.14.240 GET puzhenshop.feibu.info/index.php?s=/store/content.files.group/index
[ sql ] [ DB ] CONNECT:[ UseTime:0.011677s ] mysql:host=39.108.144.9;port=3306;dbname=puzhen_shop;charset=utf8
[ sql ] [ SQL ] SHOW COLUMNS FROM `puzhen_store_user` [ RunTime:0.008834s ]
[ sql ] [ SQL ] SELECT * FROM `puzhen_store_user` WHERE  `puzhen_store_user`.`wxapp_id` = 10001  AND `is_delete` = 0  AND `store_user_id` = 10001 LIMIT 1 [ RunTime:0.007596s ]
[ sql ] [ SQL ] SHOW COLUMNS FROM `puzhen_upload_group` [ RunTime:0.009127s ]
[ sql ] [ SQL ] SELECT * FROM `puzhen_upload_group` WHERE  `puzhen_upload_group`.`wxapp_id` = 10001  AND `is_delete` = 0 ORDER BY `sort` ASC,`create_time` DESC [ RunTime:0.007638s ]
---------------------------------------------------------------
[ 2022-07-12T16:35:03+08:00 ] 116.21.14.240 GET puzhenshop.feibu.info/index.php?s=/store/content.files/index
[ sql ] [ DB ] CONNECT:[ UseTime:0.018136s ] mysql:host=39.108.144.9;port=3306;dbname=puzhen_shop;charset=utf8
[ sql ] [ SQL ] SHOW COLUMNS FROM `puzhen_store_user` [ RunTime:0.009426s ]
[ sql ] [ SQL ] SELECT * FROM `puzhen_store_user` WHERE  `puzhen_store_user`.`wxapp_id` = 10001  AND `is_delete` = 0  AND `store_user_id` = 10001 LIMIT 1 [ RunTime:0.007904s ]
[ sql ] [ SQL ] SHOW COLUMNS FROM `puzhen_upload_group` [ RunTime:0.009272s ]
[ sql ] [ SQL ] SHOW COLUMNS FROM `puzhen_upload_file` [ RunTime:0.009716s ]
[ sql ] [ SQL ] SELECT COUNT(*) AS tp_count FROM `puzhen_upload_file` WHERE  ( `puzhen_upload_file`.`wxapp_id` = 10001 AND `puzhen_upload_file`.`wxapp_id` = 10001 )  AND `is_recycle` = 0  AND `is_user` = 0  AND `is_delete` = 0 LIMIT 1 [ RunTime:0.008046s ]
[ sql ] [ SQL ] SELECT * FROM `puzhen_upload_file` WHERE  ( `puzhen_upload_file`.`wxapp_id` = 10001 AND `puzhen_upload_file`.`wxapp_id` = 10001 )  AND `is_recycle` = 0  AND `is_user` = 0  AND `is_delete` = 0 ORDER BY `file_id` DESC LIMIT 0,32 [ RunTime:0.008030s ]
[ sql ] [ SQL ] SELECT * FROM `puzhen_upload_group` WHERE  `puzhen_upload_group`.`wxapp_id` = 10001  AND `group_id` IN (0,10006) [ RunTime:0.007873s ]
---------------------------------------------------------------
[ 2022-07-12T16:35:06+08:00 ] 116.21.14.240 GET puzhenshop.feibu.info/index.php?s=/store/content.files.group/index
[ sql ] [ DB ] CONNECT:[ UseTime:0.011090s ] mysql:host=39.108.144.9;port=3306;dbname=puzhen_shop;charset=utf8
[ sql ] [ SQL ] SHOW COLUMNS FROM `puzhen_store_user` [ RunTime:0.008579s ]
[ sql ] [ SQL ] SELECT * FROM `puzhen_store_user` WHERE  `puzhen_store_user`.`wxapp_id` = 10001  AND `is_delete` = 0  AND `store_user_id` = 10001 LIMIT 1 [ RunTime:0.007431s ]
[ sql ] [ SQL ] SHOW COLUMNS FROM `puzhen_upload_group` [ RunTime:0.008863s ]
[ sql ] [ SQL ] SELECT * FROM `puzhen_upload_group` WHERE  `puzhen_upload_group`.`wxapp_id` = 10001  AND `is_delete` = 0 ORDER BY `sort` ASC,`create_time` DESC [ RunTime:0.007483s ]
---------------------------------------------------------------
[ 2022-07-12T16:35:07+08:00 ] 116.21.14.240 GET puzhenshop.feibu.info/index.php?s=/store/content.files.group/add
[ sql ] [ DB ] CONNECT:[ UseTime:0.011075s ] mysql:host=39.108.144.9;port=3306;dbname=puzhen_shop;charset=utf8
[ sql ] [ SQL ] SHOW COLUMNS FROM `puzhen_store_user` [ RunTime:0.008746s ]
[ sql ] [ SQL ] SELECT * FROM `puzhen_store_user` WHERE  `puzhen_store_user`.`wxapp_id` = 10001  AND `is_delete` = 0  AND `store_user_id` = 10001 LIMIT 1 [ RunTime:0.007421s ]
---------------------------------------------------------------
[ 2022-07-12T16:35:11+08:00 ] 116.21.14.240 GET puzhenshop.feibu.info/index.php?s=/store/content.files/index
[ sql ] [ DB ] CONNECT:[ UseTime:0.018134s ] mysql:host=39.108.144.9;port=3306;dbname=puzhen_shop;charset=utf8
[ sql ] [ SQL ] SHOW COLUMNS FROM `puzhen_store_user` [ RunTime:0.009593s ]
[ sql ] [ SQL ] SELECT * FROM `puzhen_store_user` WHERE  `puzhen_store_user`.`wxapp_id` = 10001  AND `is_delete` = 0  AND `store_user_id` = 10001 LIMIT 1 [ RunTime:0.007785s ]
[ sql ] [ SQL ] SHOW COLUMNS FROM `puzhen_upload_group` [ RunTime:0.009376s ]
[ sql ] [ SQL ] SHOW COLUMNS FROM `puzhen_upload_file` [ RunTime:0.009173s ]
[ sql ] [ SQL ] SELECT COUNT(*) AS tp_count FROM `puzhen_upload_file` WHERE  ( `puzhen_upload_file`.`wxapp_id` = 10001 AND `puzhen_upload_file`.`wxapp_id` = 10001 )  AND `is_recycle` = 0  AND `is_user` = 0  AND `is_delete` = 0 LIMIT 1 [ RunTime:0.007542s ]
[ sql ] [ SQL ] SELECT * FROM `puzhen_upload_file` WHERE  ( `puzhen_upload_file`.`wxapp_id` = 10001 AND `puzhen_upload_file`.`wxapp_id` = 10001 )  AND `is_recycle` = 0  AND `is_user` = 0  AND `is_delete` = 0 ORDER BY `file_id` DESC LIMIT 0,32 [ RunTime:0.007770s ]
[ sql ] [ SQL ] SELECT * FROM `puzhen_upload_group` WHERE  `puzhen_upload_group`.`wxapp_id` = 10001  AND `group_id` IN (0,10006) [ RunTime:0.007666s ]
---------------------------------------------------------------
[ 2022-07-12T16:42:56+08:00 ] 116.21.14.240 GET puzhenshop.feibu.info/index.php?s=/store/goods/index
[ sql ] [ DB ] CONNECT:[ UseTime:0.012982s ] mysql:host=39.108.144.9;port=3306;dbname=puzhen_shop;charset=utf8
[ sql ] [ SQL ] SHOW COLUMNS FROM `puzhen_store_user` [ RunTime:0.009674s ]
[ sql ] [ SQL ] SELECT * FROM `puzhen_store_user` WHERE  `puzhen_store_user`.`wxapp_id` = 10001  AND `is_delete` = 0  AND `store_user_id` = 10001 LIMIT 1 [ RunTime:0.008466s ]
[ sql ] [ SQL ] SHOW COLUMNS FROM `puzhen_goods_sku` [ RunTime:0.010451s ]
[ sql ] [ SQL ] SHOW COLUMNS FROM `puzhen_category` [ RunTime:0.010341s ]
[ sql ] [ SQL ] SHOW COLUMNS FROM `puzhen_goods` [ RunTime:0.009734s ]
[ sql ] [ SQL ] SELECT COUNT(*) AS tp_count FROM `puzhen_goods` `goods` INNER JOIN `puzhen_factory` `factory` ON `factory`.`factory_id`=`goods`.`factory_id` WHERE  `goods`.`wxapp_id` = 10001  AND `factory`.`is_delete` = 0  AND `goods`.`is_delete` = 0 LIMIT 1 [ RunTime:0.009875s ]
[ sql ] [ SQL ] SELECT `goods`.*,(goods.sales_initial + goods.sales_actual) as goods_sales,( SELECT MIN(goods_price) FROM `puzhen_goods_sku` WHERE  `puzhen_goods_sku`.`wxapp_id` = 10001  AND ( `goods_id` = `goods`.`goods_id` ) ) AS goods_min_price,( SELECT MAX(goods_price) FROM `puzhen_goods_sku` WHERE  `puzhen_goods_sku`.`wxapp_id` = 10001  AND ( `goods_id` = `goods`.`goods_id` ) ) AS goods_max_price,( SELECT MIN(ref_price) FROM `puzhen_goods_sku` WHERE  `puzhen_goods_sku`.`wxapp_id` = 10001  AND ( `goods_id` = `goods`.`goods_id` ) ) AS goods_min_ref_price,( SELECT MAX(ref_price) FROM `puzhen_goods_sku` WHERE  `puzhen_goods_sku`.`wxapp_id` = 10001  AND ( `goods_id` = `goods`.`goods_id` ) ) AS goods_max_ref_price FROM `puzhen_goods` `goods` INNER JOIN `puzhen_factory` `factory` ON `factory`.`factory_id`=`goods`.`factory_id` WHERE  `goods`.`wxapp_id` = 10001  AND `factory`.`is_delete` = 0  AND `goods`.`is_delete` = 0 ORDER BY `goods`.`goods_sort`,`goods`.`goods_id` DESC LIMIT 0,15 [ RunTime:0.011953s ]
[ sql ] [ SQL ] SELECT * FROM `puzhen_category` WHERE  `puzhen_category`.`wxapp_id` = 10001  AND `category_id` IN (10010,10011,10013,10014,10004,10008,10012,10007) [ RunTime:0.008500s ]
[ sql ] [ SQL ] SHOW COLUMNS FROM `puzhen_goods_image` [ RunTime:0.010538s ]
[ sql ] [ SQL ] SELECT * FROM `puzhen_goods_image` WHERE  `puzhen_goods_image`.`wxapp_id` = 10001  AND `goods_id` IN (10060,10059,10056,10042,10058,10057,10055,10054,10053,10052,10051,10047,10040,10063,10062) ORDER BY `id` ASC [ RunTime:0.008735s ]
[ sql ] [ SQL ] SHOW COLUMNS FROM `puzhen_upload_file` [ RunTime:0.009621s ]
[ sql ] [ SQL ] SELECT * FROM `puzhen_upload_file` WHERE  `puzhen_upload_file`.`wxapp_id` = 10001  AND `file_id` IN (10141,10142,10130,10149,10150,10151,10152,10155,10154,10148,10157,10109) [ RunTime:0.008565s ]
[ sql ] [ SQL ] SELECT * FROM `puzhen_goods_sku` WHERE  `puzhen_goods_sku`.`wxapp_id` = 10001  AND `goods_id` IN (10060,10059,10056,10042,10058,10057,10055,10054,10053,10052,10051,10047,10040,10063,10062) ORDER BY `goods_sku_id` ASC [ RunTime:0.008752s ]
[ sql ] [ SQL ] SHOW COLUMNS FROM `puzhen_factory` [ RunTime:0.008980s ]
[ sql ] [ SQL ] SELECT * FROM `puzhen_factory` WHERE  `puzhen_factory`.`wxapp_id` = 10001  AND `is_delete` = 0 ORDER BY `is_self` DESC,`sort` ASC,`create_time` ASC [ RunTime:0.008560s ]
[ sql ] [ SQL ] SELECT * FROM `puzhen_factory` WHERE  `puzhen_factory`.`wxapp_id` = 10001  AND `factory_id` = 1 LIMIT 1 [ RunTime:0.008455s ]
[ sql ] [ SQL ] SHOW COLUMNS FROM `puzhen_goods_tea_qrcode` [ RunTime:0.010935s ]
[ sql ] [ SQL ] SELECT * FROM `puzhen_goods_tea_qrcode` WHERE  `puzhen_goods_tea_qrcode`.`wxapp_id` = 10001  AND `goods_id` = 10060 LIMIT 1 [ RunTime:0.008403s ]
[ sql ] [ SQL ] SELECT * FROM `puzhen_factory` WHERE  `puzhen_factory`.`wxapp_id` = 10001  AND `factory_id` = 1 LIMIT 1 [ RunTime:0.008471s ]
[ sql ] [ SQL ] SELECT * FROM `puzhen_goods_tea_qrcode` WHERE  `puzhen_goods_tea_qrcode`.`wxapp_id` = 10001  AND `goods_id` = 10059 LIMIT 1 [ RunTime:0.008417s ]
[ sql ] [ SQL ] SELECT * FROM `puzhen_factory` WHERE  `puzhen_factory`.`wxapp_id` = 10001  AND `factory_id` = 1 LIMIT 1 [ RunTime:0.008288s ]
[ sql ] [ SQL ] SELECT * FROM `puzhen_goods_tea_qrcode` WHERE  `puzhen_goods_tea_qrcode`.`wxapp_id` = 10001  AND `goods_id` = 10056 LIMIT 1 [ RunTime:0.008408s ]
[ sql ] [ SQL ] SELECT * FROM `puzhen_factory` WHERE  `puzhen_factory`.`wxapp_id` = 10001  AND `factory_id` = 1 LIMIT 1 [ RunTime:0.008348s ]
[ sql ] [ SQL ] SELECT * FROM `puzhen_goods_tea_qrcode` WHERE  `puzhen_goods_tea_qrcode`.`wxapp_id` = 10001  AND `goods_id` = 10042 LIMIT 1 [ RunTime:0.008276s ]
[ sql ] [ SQL ] SELECT * FROM `puzhen_factory` WHERE  `puzhen_factory`.`wxapp_id` = 10001  AND `factory_id` = 1 LIMIT 1 [ RunTime:0.008300s ]
[ sql ] [ SQL ] SELECT * FROM `puzhen_goods_tea_qrcode` WHERE  `puzhen_goods_tea_qrcode`.`wxapp_id` = 10001  AND `goods_id` = 10058 LIMIT 1 [ RunTime:0.008323s ]
[ sql ] [ SQL ] SELECT * FROM `puzhen_factory` WHERE  `puzhen_factory`.`wxapp_id` = 10001  AND `factory_id` = 1 LIMIT 1 [ RunTime:0.008385s ]
[ sql ] [ SQL ] SELECT * FROM `puzhen_goods_tea_qrcode` WHERE  `puzhen_goods_tea_qrcode`.`wxapp_id` = 10001  AND `goods_id` = 10057 LIMIT 1 [ RunTime:0.008332s ]
[ sql ] [ SQL ] SELECT * FROM `puzhen_factory` WHERE  `puzhen_factory`.`wxapp_id` = 10001  AND `factory_id` = 1 LIMIT 1 [ RunTime:0.008428s ]
[ sql ] [ SQL ] SELECT * FROM `puzhen_goods_tea_qrcode` WHERE  `puzhen_goods_tea_qrcode`.`wxapp_id` = 10001  AND `goods_id` = 10055 LIMIT 1 [ RunTime:0.008461s ]
[ sql ] [ SQL ] SELECT * FROM `puzhen_factory` WHERE  `puzhen_factory`.`wxapp_id` = 10001  AND `factory_id` = 1 LIMIT 1 [ RunTime:0.008362s ]
[ sql ] [ SQL ] SELECT * FROM `puzhen_goods_tea_qrcode` WHERE  `puzhen_goods_tea_qrcode`.`wxapp_id` = 10001  AND `goods_id` = 10054 LIMIT 1 [ RunTime:0.008479s ]
[ sql ] [ SQL ] SELECT * FROM `puzhen_factory` WHERE  `puzhen_factory`.`wxapp_id` = 10001  AND `factory_id` = 1 LIMIT 1 [ RunTime:0.008353s ]
[ sql ] [ SQL ] SELECT * FROM `puzhen_goods_tea_qrcode` WHERE  `puzhen_goods_tea_qrcode`.`wxapp_id` = 10001  AND `goods_id` = 10053 LIMIT 1 [ RunTime:0.008580s ]
[ sql ] [ SQL ] SELECT * FROM `puzhen_factory` WHERE  `puzhen_factory`.`wxapp_id` = 10001  AND `factory_id` = 1 LIMIT 1 [ RunTime:0.008403s ]
[ sql ] [ SQL ] SELECT * FROM `puzhen_goods_tea_qrcode` WHERE  `puzhen_goods_tea_qrcode`.`wxapp_id` = 10001  AND `goods_id` = 10052 LIMIT 1 [ RunTime:0.008574s ]
[ sql ] [ SQL ] SELECT * FROM `puzhen_factory` WHERE  `puzhen_factory`.`wxapp_id` = 10001  AND `factory_id` = 1 LIMIT 1 [ RunTime:0.008514s ]
[ sql ] [ SQL ] SELECT * FROM `puzhen_goods_tea_qrcode` WHERE  `puzhen_goods_tea_qrcode`.`wxapp_id` = 10001  AND `goods_id` = 10051 LIMIT 1 [ RunTime:0.008325s ]
[ sql ] [ SQL ] SELECT * FROM `puzhen_factory` WHERE  `puzhen_factory`.`wxapp_id` = 10001  AND `factory_id` = 1 LIMIT 1 [ RunTime:0.008394s ]
[ sql ] [ SQL ] SELECT * FROM `puzhen_goods_tea_qrcode` WHERE  `puzhen_goods_tea_qrcode`.`wxapp_id` = 10001  AND `goods_id` = 10047 LIMIT 1 [ RunTime:0.008504s ]
[ sql ] [ SQL ] SELECT * FROM `puzhen_factory` WHERE  `puzhen_factory`.`wxapp_id` = 10001  AND `factory_id` = 9 LIMIT 1 [ RunTime:0.008464s ]
[ sql ] [ SQL ] SELECT * FROM `puzhen_goods_tea_qrcode` WHERE  `puzhen_goods_tea_qrcode`.`wxapp_id` = 10001  AND `goods_id` = 10040 LIMIT 1 [ RunTime:0.008494s ]
[ sql ] [ SQL ] SELECT * FROM `puzhen_factory` WHERE  `puzhen_factory`.`wxapp_id` = 10001  AND `factory_id` = 1 LIMIT 1 [ RunTime:0.008408s ]
[ sql ] [ SQL ] SELECT * FROM `puzhen_goods_tea_qrcode` WHERE  `puzhen_goods_tea_qrcode`.`wxapp_id` = 10001  AND `goods_id` = 10063 LIMIT 1 [ RunTime:0.009322s ]
[ sql ] [ SQL ] SELECT * FROM `puzhen_factory` WHERE  `puzhen_factory`.`wxapp_id` = 10001  AND `factory_id` = 1 LIMIT 1 [ RunTime:0.008562s ]
[ sql ] [ SQL ] SELECT * FROM `puzhen_goods_tea_qrcode` WHERE  `puzhen_goods_tea_qrcode`.`wxapp_id` = 10001  AND `goods_id` = 10062 LIMIT 1 [ RunTime:0.008600s ]
---------------------------------------------------------------
[ 2022-07-12T16:43:04+08:00 ] 116.21.14.240 GET puzhenshop.feibu.info/index.php?s=/store/goods/edit/goods_id/10060
[ sql ] [ DB ] CONNECT:[ UseTime:0.014171s ] mysql:host=39.108.144.9;port=3306;dbname=puzhen_shop;charset=utf8
[ sql ] [ SQL ] SHOW COLUMNS FROM `puzhen_store_user` [ RunTime:0.010113s ]
[ sql ] [ SQL ] SELECT * FROM `puzhen_store_user` WHERE  `puzhen_store_user`.`wxapp_id` = 10001  AND `is_delete` = 0  AND `store_user_id` = 10001 LIMIT 1 [ RunTime:0.009163s ]
[ sql ] [ SQL ] SHOW COLUMNS FROM `puzhen_category` [ RunTime:0.010683s ]
[ sql ] [ SQL ] SHOW COLUMNS FROM `puzhen_goods` [ RunTime:0.010918s ]
[ sql ] [ SQL ] SELECT * FROM `puzhen_goods` WHERE  `puzhen_goods`.`wxapp_id` = 10001  AND `goods_id` = 10060 LIMIT 1 [ RunTime:0.009387s ]
[ sql ] [ SQL ] SELECT * FROM `puzhen_category` WHERE  `puzhen_category`.`wxapp_id` = 10001  AND `category_id` = 10010 [ RunTime:0.009204s ]
[ sql ] [ SQL ] SHOW COLUMNS FROM `puzhen_goods_image` [ RunTime:0.010660s ]
[ sql ] [ SQL ] SELECT * FROM `puzhen_goods_image` WHERE  `puzhen_goods_image`.`wxapp_id` = 10001  AND `goods_id` = 10060 ORDER BY `id` ASC [ RunTime:0.009207s ]
[ sql ] [ SQL ] SHOW COLUMNS FROM `puzhen_upload_file` [ RunTime:0.011020s ]
[ sql ] [ SQL ] SELECT * FROM `puzhen_upload_file` WHERE  `puzhen_upload_file`.`wxapp_id` = 10001  AND `file_id` IN (10154) [ RunTime:0.009275s ]
[ sql ] [ SQL ] SHOW COLUMNS FROM `puzhen_goods_sku` [ RunTime:0.010898s ]
[ sql ] [ SQL ] SELECT * FROM `puzhen_goods_sku` WHERE  `puzhen_goods_sku`.`wxapp_id` = 10001  AND `goods_id` = 10060 ORDER BY `goods_sku_id` ASC [ RunTime:0.009269s ]
[ sql ] [ SQL ] SELECT * FROM `puzhen_upload_file` WHERE  `puzhen_upload_file`.`wxapp_id` = 10001  AND `file_id` IN (0) [ RunTime:0.009098s ]
[ sql ] [ SQL ] SHOW COLUMNS FROM `puzhen_spec_value` [ RunTime:0.010565s ]
[ sql ] [ SQL ] SHOW COLUMNS FROM `puzhen_goods_spec_rel` [ RunTime:0.011114s ]
[ sql ] [ SQL ] SHOW COLUMNS FROM `puzhen_spec` [ RunTime:0.012794s ]
[ sql ] [ SQL ] SELECT `puzhen_spec_value`.*,pivot.id AS pivot__id,pivot.goods_id AS pivot__goods_id,pivot.spec_id AS pivot__spec_id,pivot.spec_value_id AS pivot__spec_value_id,pivot.factory_id AS pivot__factory_id,pivot.wxapp_id AS pivot__wxapp_id,pivot.create_time AS pivot__create_time FROM `puzhen_spec_value` INNER JOIN `puzhen_goods_spec_rel` `pivot` ON `pivot`.`spec_value_id`=`puzhen_spec_value`.`spec_value_id` WHERE  `puzhen_spec_value`.`wxapp_id` = 10001  AND `pivot`.`goods_id` = 10060 ORDER BY `id` ASC [ RunTime:0.009363s ]
[ sql ] [ SQL ] SHOW COLUMNS FROM `puzhen_factory` [ RunTime:0.010469s ]
[ sql ] [ SQL ] SELECT * FROM `puzhen_factory` WHERE  `puzhen_factory`.`wxapp_id` = 10001  AND `is_delete` = 0 ORDER BY `is_self` DESC,`sort` ASC,`create_time` ASC [ RunTime:0.009131s ]
[ sql ] [ SQL ] SHOW COLUMNS FROM `puzhen_delivery` [ RunTime:0.012661s ]
[ sql ] [ SQL ] SELECT * FROM `puzhen_delivery` WHERE  `puzhen_delivery`.`wxapp_id` = 10001 ORDER BY `sort` ASC,`delivery_id` DESC [ RunTime:0.009116s ]
[ sql ] [ SQL ] SHOW COLUMNS FROM `puzhen_user_grade` [ RunTime:0.011566s ]
[ sql ] [ SQL ] SELECT * FROM `puzhen_user_grade` WHERE  `puzhen_user_grade`.`wxapp_id` = 10001  AND `status` = 1  AND `is_delete` = 0  AND `wxapp_id` = 10001 ORDER BY `weight` DESC [ RunTime:0.009390s ]
[ sql ] [ SQL ] SELECT * FROM `puzhen_user_grade` WHERE  `puzhen_user_grade`.`wxapp_id` = 10001  AND `status` = 1  AND `is_delete` = 0  AND `wxapp_id` = 10001 ORDER BY `weight` ASC [ RunTime:0.009222s ]
[ sql ] [ SQL ] SHOW COLUMNS FROM `puzhen_sharp_goods` [ RunTime:0.011475s ]
[ sql ] [ SQL ] SELECT `sharp_goods_id` FROM `puzhen_sharp_goods` WHERE  `puzhen_sharp_goods`.`wxapp_id` = 10001  AND `goods_id` = 10060  AND `is_delete` = 0 LIMIT 1 [ RunTime:0.009113s ]
---------------------------------------------------------------
[ 2022-07-12T22:55:55+08:00 ] 116.21.43.122 GET puzhenshop.feibu.info/index.php?s=/store/passport/logout
[ sql ] [ DB ] CONNECT:[ UseTime:0.013095s ] mysql:host=39.108.144.9;port=3306;dbname=puzhen_shop;charset=utf8
[ sql ] [ SQL ] SHOW COLUMNS FROM `puzhen_store_user` [ RunTime:0.009949s ]
[ sql ] [ SQL ] SELECT * FROM `puzhen_store_user` WHERE  `puzhen_store_user`.`wxapp_id` = 10001  AND `is_delete` = 0  AND `store_user_id` = 10001 LIMIT 1 [ RunTime:0.008280s ]
