---------------------------------------------------------------
[ 2022-07-20T13:16:00+08:00 ] 171.113.246.170 HEAD puzhenshop.feibu.info/
[ begin ] [ ROUTE ] array (
  'type' => 'module',
  'module' => 
  array (
    0 => '',
    1 => NULL,
    2 => NULL,
  ),
)
[ begin ] [ HEADER ] array (
  'connection' => 'close',
  'accept' => '*/*',
  'host' => 'puzhenshop.feibu.info',
  'user-agent' => 'curl/7.29.0',
)
[ begin ] [ PARAM ] array (
)
---------------------------------------------------------------
[ 2022-07-20T16:50:21+08:00 ] 171.113.246.84 HEAD puzhenshop.feibu.info/
[ begin ] [ ROUTE ] array (
  'type' => 'module',
  'module' => 
  array (
    0 => '',
    1 => NULL,
    2 => NULL,
  ),
)
[ begin ] [ HEADER ] array (
  'connection' => 'close',
  'accept' => '*/*',
  'host' => 'puzhenshop.feibu.info',
  'user-agent' => 'curl/7.29.0',
)
[ begin ] [ PARAM ] array (
)
---------------------------------------------------------------
[ 2022-07-20T17:36:55+08:00 ] 171.113.245.55 HEAD puzhenshop.feibu.info/
[ begin ] [ ROUTE ] array (
  'type' => 'module',
  'module' => 
  array (
    0 => '',
    1 => NULL,
    2 => NULL,
  ),
)
[ begin ] [ HEADER ] array (
  'connection' => 'close',
  'accept' => '*/*',
  'host' => 'puzhenshop.feibu.info',
  'user-agent' => 'curl/7.29.0',
)
[ begin ] [ PARAM ] array (
)
---------------------------------------------------------------
[ 2022-07-20T19:19:44+08:00 ] 171.113.241.144 HEAD puzhenshop.feibu.info/
[ begin ] [ ROUTE ] array (
  'type' => 'module',
  'module' => 
  array (
    0 => '',
    1 => NULL,
    2 => NULL,
  ),
)
[ begin ] [ HEADER ] array (
  'connection' => 'close',
  'accept' => '*/*',
  'host' => 'puzhenshop.feibu.info',
  'user-agent' => 'curl/7.29.0',
)
[ begin ] [ PARAM ] array (
)
---------------------------------------------------------------
[ 2022-07-20T19:30:40+08:00 ] 111.172.7.55 GET puzhenshop.feibu.info/
[ begin ] [ ROUTE ] array (
  'type' => 'module',
  'module' => 
  array (
    0 => '',
    1 => NULL,
    2 => NULL,
  ),
)
[ begin ] [ HEADER ] array (
  'host' => 'puzhenshop.feibu.info',
  'user-agent' => 'Mozilla/5.0',
  'accept-language' => 'en-US,*',
  'accept-encoding' => 'gzip, deflate',
  'connection' => 'close',
  'accept' => 'text/html,application/xhtml+xml,application/xml;q=0.9,*/*;q=0.8',
)
[ begin ] [ PARAM ] array (
)
---------------------------------------------------------------
[ 2022-07-20T19:30:40+08:00 ] 111.172.7.55 GET puzhenshop.feibu.info/index.php?s=/store/passport/login
[ begin ] [ ROUTE ] array (
  'type' => 'module',
  'module' => 
  array (
    0 => 'store',
    1 => 'passport',
    2 => 'login',
  ),
)
[ begin ] [ HEADER ] array (
  'host' => 'puzhenshop.feibu.info',
  'user-agent' => 'Mozilla/5.0',
  'accept-language' => 'en-US,*',
  'accept-encoding' => 'gzip, deflate',
  'connection' => 'close',
  'cookie' => 'PHPSESSID=rcq7euuhrg6io5e48shfpara3q',
  'accept' => 'text/html,application/xhtml+xml,application/xml;q=0.9,*/*;q=0.8',
)
[ begin ] [ PARAM ] array (
)
