---------------------------------------------------------------
[ 2022-07-29T15:51:29+08:00 ] 47.242.76.137 GET puzhenshop.feibu.info/
[ begin ] [ ROUTE ] array (
  'type' => 'module',
  'module' => 
  array (
    0 => '',
    1 => NULL,
    2 => NULL,
  ),
)
[ begin ] [ HEADER ] array (
  'connection' => 'close',
  'accept-language' => 'zh-CN,zh;q=0.9',
  'accept-encoding' => 'gzip, deflate',
  'accept' => 'text/html,application/xhtml+xml,application/xml;q=0.9,image/webp,image/apng,*/*;q=0.8,application/signed-exchange;v=b3',
  'host' => 'puzhenshop.feibu.info',
  'user-agent' => 'Mozilla/5.0 (Macintosh; Intel Mac OS X 10_14_6) AppleWebKit/537.36 (KHTML, like Gecko) Chrome/76.0.3809.132 Safari/537.36',
)
[ begin ] [ PARAM ] array (
)
---------------------------------------------------------------
[ 2022-07-29T15:51:35+08:00 ] 47.242.76.137 GET puzhenshop.feibu.info/index.php?s=/store/passport/login
[ begin ] [ ROUTE ] array (
  'type' => 'module',
  'module' => 
  array (
    0 => 'store',
    1 => 'passport',
    2 => 'login',
  ),
)
[ begin ] [ HEADER ] array (
  'connection' => 'close',
  'cookie' => 'PHPSESSID=6mocm2264ki2mvgr50gq3gphso',
  'accept-language' => 'zh-CN,zh;q=0.9',
  'accept-encoding' => 'gzip, deflate',
  'accept' => 'text/html,application/xhtml+xml,application/xml;q=0.9,image/webp,image/apng,*/*;q=0.8,application/signed-exchange;v=b3',
  'host' => 'puzhenshop.feibu.info',
  'user-agent' => 'Mozilla/5.0 (Macintosh; Intel Mac OS X 10_14_6) AppleWebKit/537.36 (KHTML, like Gecko) Chrome/76.0.3809.132 Safari/537.36',
)
[ begin ] [ PARAM ] array (
)
---------------------------------------------------------------
[ 2022-07-29T16:14:00+08:00 ] 1.85.219.6 GET puzhenshop.feibu.info/
[ begin ] [ ROUTE ] array (
  'type' => 'module',
  'module' => 
  array (
    0 => '',
    1 => NULL,
    2 => NULL,
  ),
)
[ begin ] [ HEADER ] array (
  'upgrade-insecure-requests' => '1',
  'connection' => 'close',
  'user-agent' => 'Mozilla/5.0 (iPhone; CPU iPhone OS 9_1 like Mac OS X) AppleWebKit/601.1.46 (KHTML, like Gecko) Version/9.0 Mobile/13B143 Safari/601.1',
  'accept' => 'text/html,application/xhtml+xml,application/xml;q=0.9,image/webp,*/*;q=0.8',
  'accept-encoding' => 'gzip, deflate, sdch',
  'accept-language' => 'zh-CN,zh;q=0.8',
  'host' => 'puzhenshop.feibu.info',
)
[ begin ] [ PARAM ] array (
)
---------------------------------------------------------------
[ 2022-07-29T16:14:01+08:00 ] 36.106.167.110 GET puzhenshop.feibu.info/index.php?s=/store/passport/login
[ begin ] [ ROUTE ] array (
  'type' => 'module',
  'module' => 
  array (
    0 => 'store',
    1 => 'passport',
    2 => 'login',
  ),
)
[ begin ] [ HEADER ] array (
  'upgrade-insecure-requests' => '1',
  'cookie' => 'PHPSESSID=g13lfda8d2f9bgqldgojllgatl',
  'connection' => 'close',
  'user-agent' => 'Mozilla/5.0 (iPhone; CPU iPhone OS 9_1 like Mac OS X) AppleWebKit/601.1.46 (KHTML, like Gecko) Version/9.0 Mobile/13B143 Safari/601.1',
  'accept' => 'text/html,application/xhtml+xml,application/xml;q=0.9,image/webp,*/*;q=0.8',
  'accept-encoding' => 'gzip, deflate, sdch',
  'accept-language' => 'zh-CN,zh;q=0.8',
  'host' => 'puzhenshop.feibu.info',
)
[ begin ] [ PARAM ] array (
)
---------------------------------------------------------------
[ 2022-07-29T16:48:14+08:00 ] 106.15.204.81 GET puzhenshop.feibu.info/
[ begin ] [ ROUTE ] array (
  'type' => 'module',
  'module' => 
  array (
    0 => '',
    1 => NULL,
    2 => NULL,
  ),
)
[ begin ] [ HEADER ] array (
  'accept-encoding' => 'gzip',
  'connection' => 'close',
  'host' => 'puzhenshop.feibu.info',
  'user-agent' => 'Mozilla/5.0 (X11; Ubuntu; Linux x86_64; rv:36.0) Gecko/20100101 Firefox/36.0',
)
[ begin ] [ PARAM ] array (
)
---------------------------------------------------------------
[ 2022-07-29T16:48:14+08:00 ] 106.15.204.81 GET puzhenshop.feibu.info/index.php?s=/store/passport/login
[ begin ] [ ROUTE ] array (
  'type' => 'module',
  'module' => 
  array (
    0 => 'store',
    1 => 'passport',
    2 => 'login',
  ),
)
[ begin ] [ HEADER ] array (
  'accept-encoding' => 'gzip',
  'connection' => 'close',
  'host' => 'puzhenshop.feibu.info',
  'user-agent' => 'Mozilla/5.0 (X11; Ubuntu; Linux x86_64; rv:36.0) Gecko/20100101 Firefox/36.0',
)
[ begin ] [ PARAM ] array (
)
