---------------------------------------------------------------
[ 2022-08-04T10:33:15+08:00 ] 116.21.15.6 GET puzhenshop.feibu.info/index.php?s=/store/index/index
[ begin ] [ ROUTE ] array (
  'type' => 'module',
  'module' => 
  array (
    0 => 'store',
    1 => 'index',
    2 => 'index',
  ),
)
[ begin ] [ HEADER ] array (
  'cookie' => '__gads=ID=00d075fa159d8ac8:T=1597915774:S=ALNI_MZogTGW2LAF0H_NTkBymWmUYtnOxQ; __root_domain_v=.feibu.info; _qddaz=QD.932230466496504; PHPSESSID=2m1tmmd8qee5nk9psd85vhlkkk; Hm_lvt_8231d52c4580fdb4fc6a6098e03a174f=1656381744,1656498529; Hm_lpvt_8231d52c4580fdb4fc6a6098e03a174f=1657102523',
  'accept-language' => 'en,zh-CN;q=0.9,zh;q=0.8',
  'accept-encoding' => 'gzip, deflate',
  'referer' => 'http://puzhenshop.feibu.info/index.php?s=/store/passport/login',
  'accept' => 'text/html,application/xhtml+xml,application/xml;q=0.9,image/avif,image/webp,image/apng,*/*;q=0.8,application/signed-exchange;v=b3;q=0.9',
  'user-agent' => 'Mozilla/5.0 (Macintosh; Intel Mac OS X 10_14_6) AppleWebKit/537.36 (KHTML, like Gecko) Chrome/103.0.0.0 Safari/537.36',
  'upgrade-insecure-requests' => '1',
  'dnt' => '1',
  'connection' => 'close',
  'host' => 'puzhenshop.feibu.info',
)
[ begin ] [ PARAM ] array (
)
---------------------------------------------------------------
[ 2022-08-04T10:33:22+08:00 ] 116.21.15.6 GET puzhenshop.feibu.info/index.php?s=/store/index/index
[ begin ] [ ROUTE ] array (
  'type' => 'module',
  'module' => 
  array (
    0 => 'store',
    1 => 'index',
    2 => 'index',
  ),
)
[ begin ] [ HEADER ] array (
  'cookie' => '__gads=ID=00d075fa159d8ac8:T=1597915774:S=ALNI_MZogTGW2LAF0H_NTkBymWmUYtnOxQ; __root_domain_v=.feibu.info; _qddaz=QD.932230466496504; PHPSESSID=2m1tmmd8qee5nk9psd85vhlkkk; Hm_lvt_8231d52c4580fdb4fc6a6098e03a174f=1656381744,1656498529; Hm_lpvt_8231d52c4580fdb4fc6a6098e03a174f=1657102523',
  'accept-language' => 'en,zh-CN;q=0.9,zh;q=0.8',
  'accept-encoding' => 'gzip, deflate',
  'referer' => 'http://puzhenshop.feibu.info/index.php?s=/store/passport/login',
  'accept' => 'text/html,application/xhtml+xml,application/xml;q=0.9,image/avif,image/webp,image/apng,*/*;q=0.8,application/signed-exchange;v=b3;q=0.9',
  'user-agent' => 'Mozilla/5.0 (Macintosh; Intel Mac OS X 10_14_6) AppleWebKit/537.36 (KHTML, like Gecko) Chrome/103.0.0.0 Safari/537.36',
  'upgrade-insecure-requests' => '1',
  'dnt' => '1',
  'cache-control' => 'max-age=0',
  'connection' => 'close',
  'host' => 'puzhenshop.feibu.info',
)
[ begin ] [ PARAM ] array (
)
---------------------------------------------------------------
[ 2022-08-04T10:33:23+08:00 ] 116.21.15.6 GET puzhenshop.feibu.info/index.php?s=/store/index/index
[ begin ] [ ROUTE ] array (
  'type' => 'module',
  'module' => 
  array (
    0 => 'store',
    1 => 'index',
    2 => 'index',
  ),
)
[ begin ] [ HEADER ] array (
  'cookie' => '__gads=ID=00d075fa159d8ac8:T=1597915774:S=ALNI_MZogTGW2LAF0H_NTkBymWmUYtnOxQ; __root_domain_v=.feibu.info; _qddaz=QD.932230466496504; PHPSESSID=2m1tmmd8qee5nk9psd85vhlkkk; Hm_lvt_8231d52c4580fdb4fc6a6098e03a174f=1656381744,1656498529; Hm_lpvt_8231d52c4580fdb4fc6a6098e03a174f=1657102523',
  'accept-language' => 'en,zh-CN;q=0.9,zh;q=0.8',
  'accept-encoding' => 'gzip, deflate',
  'referer' => 'http://puzhenshop.feibu.info/index.php?s=/store/passport/login',
  'accept' => 'text/html,application/xhtml+xml,application/xml;q=0.9,image/avif,image/webp,image/apng,*/*;q=0.8,application/signed-exchange;v=b3;q=0.9',
  'user-agent' => 'Mozilla/5.0 (Macintosh; Intel Mac OS X 10_14_6) AppleWebKit/537.36 (KHTML, like Gecko) Chrome/103.0.0.0 Safari/537.36',
  'upgrade-insecure-requests' => '1',
  'dnt' => '1',
  'cache-control' => 'max-age=0',
  'connection' => 'close',
  'host' => 'puzhenshop.feibu.info',
)
[ begin ] [ PARAM ] array (
)
---------------------------------------------------------------
[ 2022-08-04T10:33:28+08:00 ] 116.21.15.6 GET puzhenshop.feibu.info/index.php?s=/store/distributor/index
[ begin ] [ ROUTE ] array (
  'type' => 'module',
  'module' => 
  array (
    0 => 'store',
    1 => 'distributor',
    2 => 'index',
  ),
)
[ begin ] [ HEADER ] array (
  'cookie' => '__gads=ID=00d075fa159d8ac8:T=1597915774:S=ALNI_MZogTGW2LAF0H_NTkBymWmUYtnOxQ; __root_domain_v=.feibu.info; _qddaz=QD.932230466496504; PHPSESSID=2m1tmmd8qee5nk9psd85vhlkkk; Hm_lvt_8231d52c4580fdb4fc6a6098e03a174f=1656381744,1656498529; Hm_lpvt_8231d52c4580fdb4fc6a6098e03a174f=1657102523',
  'accept-language' => 'en,zh-CN;q=0.9,zh;q=0.8',
  'accept-encoding' => 'gzip, deflate',
  'referer' => 'http://puzhenshop.feibu.info/index.php?s=/store/index/index',
  'accept' => 'text/html,application/xhtml+xml,application/xml;q=0.9,image/avif,image/webp,image/apng,*/*;q=0.8,application/signed-exchange;v=b3;q=0.9',
  'user-agent' => 'Mozilla/5.0 (Macintosh; Intel Mac OS X 10_14_6) AppleWebKit/537.36 (KHTML, like Gecko) Chrome/103.0.0.0 Safari/537.36',
  'dnt' => '1',
  'upgrade-insecure-requests' => '1',
  'connection' => 'close',
  'host' => 'puzhenshop.feibu.info',
)
[ begin ] [ PARAM ] array (
)
---------------------------------------------------------------
[ 2022-08-04T10:33:31+08:00 ] 116.21.15.6 GET puzhenshop.feibu.info/index.php?s=/store/store.user/index
[ begin ] [ ROUTE ] array (
  'type' => 'module',
  'module' => 
  array (
    0 => 'store',
    1 => 'store.user',
    2 => 'index',
  ),
)
[ begin ] [ HEADER ] array (
  'cookie' => '__gads=ID=00d075fa159d8ac8:T=1597915774:S=ALNI_MZogTGW2LAF0H_NTkBymWmUYtnOxQ; __root_domain_v=.feibu.info; _qddaz=QD.932230466496504; PHPSESSID=2m1tmmd8qee5nk9psd85vhlkkk; Hm_lvt_8231d52c4580fdb4fc6a6098e03a174f=1656381744,1656498529; Hm_lpvt_8231d52c4580fdb4fc6a6098e03a174f=1657102523',
  'accept-language' => 'en,zh-CN;q=0.9,zh;q=0.8',
  'accept-encoding' => 'gzip, deflate',
  'referer' => 'http://puzhenshop.feibu.info/index.php?s=/store/distributor/index',
  'accept' => 'text/html,application/xhtml+xml,application/xml;q=0.9,image/avif,image/webp,image/apng,*/*;q=0.8,application/signed-exchange;v=b3;q=0.9',
  'user-agent' => 'Mozilla/5.0 (Macintosh; Intel Mac OS X 10_14_6) AppleWebKit/537.36 (KHTML, like Gecko) Chrome/103.0.0.0 Safari/537.36',
  'dnt' => '1',
  'upgrade-insecure-requests' => '1',
  'connection' => 'close',
  'host' => 'puzhenshop.feibu.info',
)
[ begin ] [ PARAM ] array (
)
---------------------------------------------------------------
[ 2022-08-04T10:33:32+08:00 ] 116.21.15.6 GET puzhenshop.feibu.info/index.php?s=/store/store.role/index
[ begin ] [ ROUTE ] array (
  'type' => 'module',
  'module' => 
  array (
    0 => 'store',
    1 => 'store.role',
    2 => 'index',
  ),
)
[ begin ] [ HEADER ] array (
  'cookie' => '__gads=ID=00d075fa159d8ac8:T=1597915774:S=ALNI_MZogTGW2LAF0H_NTkBymWmUYtnOxQ; __root_domain_v=.feibu.info; _qddaz=QD.932230466496504; PHPSESSID=2m1tmmd8qee5nk9psd85vhlkkk; Hm_lvt_8231d52c4580fdb4fc6a6098e03a174f=1656381744,1656498529; Hm_lpvt_8231d52c4580fdb4fc6a6098e03a174f=1657102523',
  'accept-language' => 'en,zh-CN;q=0.9,zh;q=0.8',
  'accept-encoding' => 'gzip, deflate',
  'referer' => 'http://puzhenshop.feibu.info/index.php?s=/store/store.user/index',
  'accept' => 'text/html,application/xhtml+xml,application/xml;q=0.9,image/avif,image/webp,image/apng,*/*;q=0.8,application/signed-exchange;v=b3;q=0.9',
  'user-agent' => 'Mozilla/5.0 (Macintosh; Intel Mac OS X 10_14_6) AppleWebKit/537.36 (KHTML, like Gecko) Chrome/103.0.0.0 Safari/537.36',
  'dnt' => '1',
  'upgrade-insecure-requests' => '1',
  'connection' => 'close',
  'host' => 'puzhenshop.feibu.info',
)
[ begin ] [ PARAM ] array (
)
---------------------------------------------------------------
[ 2022-08-04T10:33:35+08:00 ] 116.21.15.6 GET puzhenshop.feibu.info/index.php?s=/store/goods/index
[ begin ] [ ROUTE ] array (
  'type' => 'module',
  'module' => 
  array (
    0 => 'store',
    1 => 'goods',
    2 => 'index',
  ),
)
[ begin ] [ HEADER ] array (
  'cookie' => '__gads=ID=00d075fa159d8ac8:T=1597915774:S=ALNI_MZogTGW2LAF0H_NTkBymWmUYtnOxQ; __root_domain_v=.feibu.info; _qddaz=QD.932230466496504; PHPSESSID=2m1tmmd8qee5nk9psd85vhlkkk; Hm_lvt_8231d52c4580fdb4fc6a6098e03a174f=1656381744,1656498529; Hm_lpvt_8231d52c4580fdb4fc6a6098e03a174f=1657102523',
  'accept-language' => 'en,zh-CN;q=0.9,zh;q=0.8',
  'accept-encoding' => 'gzip, deflate',
  'referer' => 'http://puzhenshop.feibu.info/index.php?s=/store/store.role/index',
  'accept' => 'text/html,application/xhtml+xml,application/xml;q=0.9,image/avif,image/webp,image/apng,*/*;q=0.8,application/signed-exchange;v=b3;q=0.9',
  'user-agent' => 'Mozilla/5.0 (Macintosh; Intel Mac OS X 10_14_6) AppleWebKit/537.36 (KHTML, like Gecko) Chrome/103.0.0.0 Safari/537.36',
  'dnt' => '1',
  'upgrade-insecure-requests' => '1',
  'connection' => 'close',
  'host' => 'puzhenshop.feibu.info',
)
[ begin ] [ PARAM ] array (
)
---------------------------------------------------------------
[ 2022-08-04T10:33:37+08:00 ] 116.21.15.6 GET puzhenshop.feibu.info/index.php?s=/store/equipment.equipment/index
[ begin ] [ ROUTE ] array (
  'type' => 'module',
  'module' => 
  array (
    0 => 'store',
    1 => 'equipment.equipment',
    2 => 'index',
  ),
)
[ begin ] [ HEADER ] array (
  'cookie' => '__gads=ID=00d075fa159d8ac8:T=1597915774:S=ALNI_MZogTGW2LAF0H_NTkBymWmUYtnOxQ; __root_domain_v=.feibu.info; _qddaz=QD.932230466496504; PHPSESSID=2m1tmmd8qee5nk9psd85vhlkkk; Hm_lvt_8231d52c4580fdb4fc6a6098e03a174f=1656381744,1656498529; Hm_lpvt_8231d52c4580fdb4fc6a6098e03a174f=1657102523',
  'accept-language' => 'en,zh-CN;q=0.9,zh;q=0.8',
  'accept-encoding' => 'gzip, deflate',
  'referer' => 'http://puzhenshop.feibu.info/index.php?s=/store/goods/index',
  'accept' => 'text/html,application/xhtml+xml,application/xml;q=0.9,image/avif,image/webp,image/apng,*/*;q=0.8,application/signed-exchange;v=b3;q=0.9',
  'user-agent' => 'Mozilla/5.0 (Macintosh; Intel Mac OS X 10_14_6) AppleWebKit/537.36 (KHTML, like Gecko) Chrome/103.0.0.0 Safari/537.36',
  'dnt' => '1',
  'upgrade-insecure-requests' => '1',
  'connection' => 'close',
  'host' => 'puzhenshop.feibu.info',
)
[ begin ] [ PARAM ] array (
)
---------------------------------------------------------------
[ 2022-08-04T10:33:38+08:00 ] 116.21.15.6 GET puzhenshop.feibu.info/index.php?s=/store/goods.category/index
[ begin ] [ ROUTE ] array (
  'type' => 'module',
  'module' => 
  array (
    0 => 'store',
    1 => 'goods.category',
    2 => 'index',
  ),
)
[ begin ] [ HEADER ] array (
  'cookie' => '__gads=ID=00d075fa159d8ac8:T=1597915774:S=ALNI_MZogTGW2LAF0H_NTkBymWmUYtnOxQ; __root_domain_v=.feibu.info; _qddaz=QD.932230466496504; PHPSESSID=2m1tmmd8qee5nk9psd85vhlkkk; Hm_lvt_8231d52c4580fdb4fc6a6098e03a174f=1656381744,1656498529; Hm_lpvt_8231d52c4580fdb4fc6a6098e03a174f=1657102523',
  'accept-language' => 'en,zh-CN;q=0.9,zh;q=0.8',
  'accept-encoding' => 'gzip, deflate',
  'referer' => 'http://puzhenshop.feibu.info/index.php?s=/store/goods/index',
  'accept' => 'text/html,application/xhtml+xml,application/xml;q=0.9,image/avif,image/webp,image/apng,*/*;q=0.8,application/signed-exchange;v=b3;q=0.9',
  'user-agent' => 'Mozilla/5.0 (Macintosh; Intel Mac OS X 10_14_6) AppleWebKit/537.36 (KHTML, like Gecko) Chrome/103.0.0.0 Safari/537.36',
  'dnt' => '1',
  'upgrade-insecure-requests' => '1',
  'connection' => 'close',
  'host' => 'puzhenshop.feibu.info',
)
[ begin ] [ PARAM ] array (
)
---------------------------------------------------------------
[ 2022-08-04T10:33:40+08:00 ] 116.21.15.6 GET puzhenshop.feibu.info/index.php?s=/store/equipment.equipment/index
[ begin ] [ ROUTE ] array (
  'type' => 'module',
  'module' => 
  array (
    0 => 'store',
    1 => 'equipment.equipment',
    2 => 'index',
  ),
)
[ begin ] [ HEADER ] array (
  'cookie' => '__gads=ID=00d075fa159d8ac8:T=1597915774:S=ALNI_MZogTGW2LAF0H_NTkBymWmUYtnOxQ; __root_domain_v=.feibu.info; _qddaz=QD.932230466496504; PHPSESSID=2m1tmmd8qee5nk9psd85vhlkkk; Hm_lvt_8231d52c4580fdb4fc6a6098e03a174f=1656381744,1656498529; Hm_lpvt_8231d52c4580fdb4fc6a6098e03a174f=1657102523',
  'accept-language' => 'en,zh-CN;q=0.9,zh;q=0.8',
  'accept-encoding' => 'gzip, deflate',
  'referer' => 'http://puzhenshop.feibu.info/index.php?s=/store/goods.category/index',
  'accept' => 'text/html,application/xhtml+xml,application/xml;q=0.9,image/avif,image/webp,image/apng,*/*;q=0.8,application/signed-exchange;v=b3;q=0.9',
  'user-agent' => 'Mozilla/5.0 (Macintosh; Intel Mac OS X 10_14_6) AppleWebKit/537.36 (KHTML, like Gecko) Chrome/103.0.0.0 Safari/537.36',
  'dnt' => '1',
  'upgrade-insecure-requests' => '1',
  'connection' => 'close',
  'host' => 'puzhenshop.feibu.info',
)
[ begin ] [ PARAM ] array (
)
---------------------------------------------------------------
[ 2022-08-04T10:33:42+08:00 ] 116.21.15.6 GET puzhenshop.feibu.info/index.php?s=/store/equipment.user_equipment/audited_list
[ begin ] [ ROUTE ] array (
  'type' => 'module',
  'module' => 
  array (
    0 => 'store',
    1 => 'equipment.user_equipment',
    2 => 'audited_list',
  ),
)
[ begin ] [ HEADER ] array (
  'cookie' => '__gads=ID=00d075fa159d8ac8:T=1597915774:S=ALNI_MZogTGW2LAF0H_NTkBymWmUYtnOxQ; __root_domain_v=.feibu.info; _qddaz=QD.932230466496504; PHPSESSID=2m1tmmd8qee5nk9psd85vhlkkk; Hm_lvt_8231d52c4580fdb4fc6a6098e03a174f=1656381744,1656498529; Hm_lpvt_8231d52c4580fdb4fc6a6098e03a174f=1657102523',
  'accept-language' => 'en,zh-CN;q=0.9,zh;q=0.8',
  'accept-encoding' => 'gzip, deflate',
  'referer' => 'http://puzhenshop.feibu.info/index.php?s=/store/equipment.equipment/index',
  'accept' => 'text/html,application/xhtml+xml,application/xml;q=0.9,image/avif,image/webp,image/apng,*/*;q=0.8,application/signed-exchange;v=b3;q=0.9',
  'user-agent' => 'Mozilla/5.0 (Macintosh; Intel Mac OS X 10_14_6) AppleWebKit/537.36 (KHTML, like Gecko) Chrome/103.0.0.0 Safari/537.36',
  'dnt' => '1',
  'upgrade-insecure-requests' => '1',
  'connection' => 'close',
  'host' => 'puzhenshop.feibu.info',
)
[ begin ] [ PARAM ] array (
)
---------------------------------------------------------------
[ 2022-08-04T10:33:43+08:00 ] 116.21.15.6 GET puzhenshop.feibu.info/index.php?s=/store/equipment.user_equipment/add
[ begin ] [ ROUTE ] array (
  'type' => 'module',
  'module' => 
  array (
    0 => 'store',
    1 => 'equipment.user_equipment',
    2 => 'add',
  ),
)
[ begin ] [ HEADER ] array (
  'cookie' => '__gads=ID=00d075fa159d8ac8:T=1597915774:S=ALNI_MZogTGW2LAF0H_NTkBymWmUYtnOxQ; __root_domain_v=.feibu.info; _qddaz=QD.932230466496504; PHPSESSID=2m1tmmd8qee5nk9psd85vhlkkk; Hm_lvt_8231d52c4580fdb4fc6a6098e03a174f=1656381744,1656498529; Hm_lpvt_8231d52c4580fdb4fc6a6098e03a174f=1657102523',
  'accept-language' => 'en,zh-CN;q=0.9,zh;q=0.8',
  'accept-encoding' => 'gzip, deflate',
  'referer' => 'http://puzhenshop.feibu.info/index.php?s=/store/equipment.user_equipment/audited_list',
  'accept' => 'text/html,application/xhtml+xml,application/xml;q=0.9,image/avif,image/webp,image/apng,*/*;q=0.8,application/signed-exchange;v=b3;q=0.9',
  'user-agent' => 'Mozilla/5.0 (Macintosh; Intel Mac OS X 10_14_6) AppleWebKit/537.36 (KHTML, like Gecko) Chrome/103.0.0.0 Safari/537.36',
  'dnt' => '1',
  'upgrade-insecure-requests' => '1',
  'connection' => 'close',
  'host' => 'puzhenshop.feibu.info',
)
[ begin ] [ PARAM ] array (
)
---------------------------------------------------------------
[ 2022-08-04T10:33:44+08:00 ] 116.21.15.6 GET puzhenshop.feibu.info/index.php?s=/store/data.user/lists
[ begin ] [ ROUTE ] array (
  'type' => 'module',
  'module' => 
  array (
    0 => 'store',
    1 => 'data.user',
    2 => 'lists',
  ),
)
[ begin ] [ HEADER ] array (
  'cookie' => '__gads=ID=00d075fa159d8ac8:T=1597915774:S=ALNI_MZogTGW2LAF0H_NTkBymWmUYtnOxQ; __root_domain_v=.feibu.info; _qddaz=QD.932230466496504; PHPSESSID=2m1tmmd8qee5nk9psd85vhlkkk; Hm_lvt_8231d52c4580fdb4fc6a6098e03a174f=1656381744,1656498529; Hm_lpvt_8231d52c4580fdb4fc6a6098e03a174f=1657102523',
  'accept-language' => 'en,zh-CN;q=0.9,zh;q=0.8',
  'accept-encoding' => 'gzip, deflate',
  'referer' => 'http://puzhenshop.feibu.info/index.php?s=/store/equipment.user_equipment/add',
  'accept' => 'text/html,application/xhtml+xml,application/xml;q=0.9,image/avif,image/webp,image/apng,*/*;q=0.8,application/signed-exchange;v=b3;q=0.9',
  'user-agent' => 'Mozilla/5.0 (Macintosh; Intel Mac OS X 10_14_6) AppleWebKit/537.36 (KHTML, like Gecko) Chrome/103.0.0.0 Safari/537.36',
  'dnt' => '1',
  'upgrade-insecure-requests' => '1',
  'connection' => 'close',
  'host' => 'puzhenshop.feibu.info',
)
[ begin ] [ PARAM ] array (
)
---------------------------------------------------------------
[ 2022-08-04T10:34:07+08:00 ] 116.21.15.6 POST puzhenshop.feibu.info/index.php?s=/store/equipment.user_equipment/add
[ begin ] [ ROUTE ] array (
  'type' => 'module',
  'module' => 
  array (
    0 => 'store',
    1 => 'equipment.user_equipment',
    2 => 'add',
  ),
)
[ begin ] [ HEADER ] array (
  'cookie' => '__gads=ID=00d075fa159d8ac8:T=1597915774:S=ALNI_MZogTGW2LAF0H_NTkBymWmUYtnOxQ; __root_domain_v=.feibu.info; _qddaz=QD.932230466496504; PHPSESSID=2m1tmmd8qee5nk9psd85vhlkkk; Hm_lvt_8231d52c4580fdb4fc6a6098e03a174f=1656381744,1656498529; Hm_lpvt_8231d52c4580fdb4fc6a6098e03a174f=1657102523',
  'accept-language' => 'en,zh-CN;q=0.9,zh;q=0.8',
  'accept-encoding' => 'gzip, deflate',
  'referer' => 'http://puzhenshop.feibu.info/index.php?s=/store/equipment.user_equipment/add',
  'origin' => 'http://puzhenshop.feibu.info',
  'content-type' => 'application/x-www-form-urlencoded; charset=UTF-8',
  'user-agent' => 'Mozilla/5.0 (Macintosh; Intel Mac OS X 10_14_6) AppleWebKit/537.36 (KHTML, like Gecko) Chrome/103.0.0.0 Safari/537.36',
  'x-requested-with' => 'XMLHttpRequest',
  'dnt' => '1',
  'accept' => 'application/json, text/javascript, */*; q=0.01',
  'content-length' => '209',
  'connection' => 'close',
  'host' => 'puzhenshop.feibu.info',
)
[ begin ] [ PARAM ] array (
  'user_equipment' => 
  array (
    'user_id' => '10012',
    'linkname' => '测试',
    'phone' => '18820785637',
    'buy_date' => '2022-08-04',
    'equipment_sn' => '1234123412341234',
  ),
)
---------------------------------------------------------------
[ 2022-08-04T10:34:08+08:00 ] 116.21.15.6 GET puzhenshop.feibu.info/index.php?s=/store/equipment.user_equipment/audited_list
[ begin ] [ ROUTE ] array (
  'type' => 'module',
  'module' => 
  array (
    0 => 'store',
    1 => 'equipment.user_equipment',
    2 => 'audited_list',
  ),
)
[ begin ] [ HEADER ] array (
  'cookie' => '__gads=ID=00d075fa159d8ac8:T=1597915774:S=ALNI_MZogTGW2LAF0H_NTkBymWmUYtnOxQ; __root_domain_v=.feibu.info; _qddaz=QD.932230466496504; PHPSESSID=2m1tmmd8qee5nk9psd85vhlkkk; Hm_lvt_8231d52c4580fdb4fc6a6098e03a174f=1656381744,1656498529; Hm_lpvt_8231d52c4580fdb4fc6a6098e03a174f=1657102523',
  'accept-language' => 'en,zh-CN;q=0.9,zh;q=0.8',
  'accept-encoding' => 'gzip, deflate',
  'referer' => 'http://puzhenshop.feibu.info/index.php?s=/store/equipment.user_equipment/add',
  'accept' => 'text/html,application/xhtml+xml,application/xml;q=0.9,image/avif,image/webp,image/apng,*/*;q=0.8,application/signed-exchange;v=b3;q=0.9',
  'user-agent' => 'Mozilla/5.0 (Macintosh; Intel Mac OS X 10_14_6) AppleWebKit/537.36 (KHTML, like Gecko) Chrome/103.0.0.0 Safari/537.36',
  'dnt' => '1',
  'upgrade-insecure-requests' => '1',
  'connection' => 'close',
  'host' => 'puzhenshop.feibu.info',
)
[ begin ] [ PARAM ] array (
)
---------------------------------------------------------------
[ 2022-08-04T10:34:17+08:00 ] 116.21.15.6 GET puzhenshop.feibu.info/index.php?s=/store/equipment.user_equipment/apply_list
[ begin ] [ ROUTE ] array (
  'type' => 'module',
  'module' => 
  array (
    0 => 'store',
    1 => 'equipment.user_equipment',
    2 => 'apply_list',
  ),
)
[ begin ] [ HEADER ] array (
  'cookie' => '__gads=ID=00d075fa159d8ac8:T=1597915774:S=ALNI_MZogTGW2LAF0H_NTkBymWmUYtnOxQ; __root_domain_v=.feibu.info; _qddaz=QD.932230466496504; PHPSESSID=2m1tmmd8qee5nk9psd85vhlkkk; Hm_lvt_8231d52c4580fdb4fc6a6098e03a174f=1656381744,1656498529; Hm_lpvt_8231d52c4580fdb4fc6a6098e03a174f=1657102523',
  'accept-language' => 'en,zh-CN;q=0.9,zh;q=0.8',
  'accept-encoding' => 'gzip, deflate',
  'referer' => 'http://puzhenshop.feibu.info/index.php?s=/store/equipment.user_equipment/audited_list',
  'accept' => 'text/html,application/xhtml+xml,application/xml;q=0.9,image/avif,image/webp,image/apng,*/*;q=0.8,application/signed-exchange;v=b3;q=0.9',
  'user-agent' => 'Mozilla/5.0 (Macintosh; Intel Mac OS X 10_14_6) AppleWebKit/537.36 (KHTML, like Gecko) Chrome/103.0.0.0 Safari/537.36',
  'dnt' => '1',
  'upgrade-insecure-requests' => '1',
  'connection' => 'close',
  'host' => 'puzhenshop.feibu.info',
)
[ begin ] [ PARAM ] array (
)
---------------------------------------------------------------
[ 2022-08-04T10:34:19+08:00 ] 116.21.15.6 GET puzhenshop.feibu.info/index.php?s=/store/equipment.user_equipment/audited_list
[ begin ] [ ROUTE ] array (
  'type' => 'module',
  'module' => 
  array (
    0 => 'store',
    1 => 'equipment.user_equipment',
    2 => 'audited_list',
  ),
)
[ begin ] [ HEADER ] array (
  'cookie' => '__gads=ID=00d075fa159d8ac8:T=1597915774:S=ALNI_MZogTGW2LAF0H_NTkBymWmUYtnOxQ; __root_domain_v=.feibu.info; _qddaz=QD.932230466496504; PHPSESSID=2m1tmmd8qee5nk9psd85vhlkkk; Hm_lvt_8231d52c4580fdb4fc6a6098e03a174f=1656381744,1656498529; Hm_lpvt_8231d52c4580fdb4fc6a6098e03a174f=1657102523',
  'accept-language' => 'en,zh-CN;q=0.9,zh;q=0.8',
  'accept-encoding' => 'gzip, deflate',
  'referer' => 'http://puzhenshop.feibu.info/index.php?s=/store/equipment.user_equipment/apply_list',
  'accept' => 'text/html,application/xhtml+xml,application/xml;q=0.9,image/avif,image/webp,image/apng,*/*;q=0.8,application/signed-exchange;v=b3;q=0.9',
  'user-agent' => 'Mozilla/5.0 (Macintosh; Intel Mac OS X 10_14_6) AppleWebKit/537.36 (KHTML, like Gecko) Chrome/103.0.0.0 Safari/537.36',
  'dnt' => '1',
  'upgrade-insecure-requests' => '1',
  'connection' => 'close',
  'host' => 'puzhenshop.feibu.info',
)
[ begin ] [ PARAM ] array (
)
---------------------------------------------------------------
[ 2022-08-04T10:34:28+08:00 ] 116.21.15.6 GET puzhenshop.feibu.info/index.php?s=/store/equipment.user_equipment/edit/user_equipment_id/48
[ begin ] [ ROUTE ] array (
  'type' => 'module',
  'module' => 
  array (
    0 => 'store',
    1 => 'equipment.user_equipment',
    2 => 'edit',
  ),
)
[ begin ] [ HEADER ] array (
  'cookie' => '__gads=ID=00d075fa159d8ac8:T=1597915774:S=ALNI_MZogTGW2LAF0H_NTkBymWmUYtnOxQ; __root_domain_v=.feibu.info; _qddaz=QD.932230466496504; PHPSESSID=2m1tmmd8qee5nk9psd85vhlkkk; Hm_lvt_8231d52c4580fdb4fc6a6098e03a174f=1656381744,1656498529; Hm_lpvt_8231d52c4580fdb4fc6a6098e03a174f=1657102523',
  'accept-language' => 'en,zh-CN;q=0.9,zh;q=0.8',
  'accept-encoding' => 'gzip, deflate',
  'referer' => 'http://puzhenshop.feibu.info/index.php?s=/store/equipment.user_equipment/audited_list',
  'accept' => 'text/html,application/xhtml+xml,application/xml;q=0.9,image/avif,image/webp,image/apng,*/*;q=0.8,application/signed-exchange;v=b3;q=0.9',
  'user-agent' => 'Mozilla/5.0 (Macintosh; Intel Mac OS X 10_14_6) AppleWebKit/537.36 (KHTML, like Gecko) Chrome/103.0.0.0 Safari/537.36',
  'dnt' => '1',
  'upgrade-insecure-requests' => '1',
  'connection' => 'close',
  'host' => 'puzhenshop.feibu.info',
)
[ begin ] [ PARAM ] array (
  'user_equipment_id' => '48',
)
---------------------------------------------------------------
[ 2022-08-04T10:34:34+08:00 ] 116.21.15.6 GET puzhenshop.feibu.info/index.php?s=/store/equipment.user_equipment/audited_list
[ begin ] [ ROUTE ] array (
  'type' => 'module',
  'module' => 
  array (
    0 => 'store',
    1 => 'equipment.user_equipment',
    2 => 'audited_list',
  ),
)
[ begin ] [ HEADER ] array (
  'cookie' => '__gads=ID=00d075fa159d8ac8:T=1597915774:S=ALNI_MZogTGW2LAF0H_NTkBymWmUYtnOxQ; __root_domain_v=.feibu.info; _qddaz=QD.932230466496504; PHPSESSID=2m1tmmd8qee5nk9psd85vhlkkk; Hm_lvt_8231d52c4580fdb4fc6a6098e03a174f=1656381744,1656498529; Hm_lpvt_8231d52c4580fdb4fc6a6098e03a174f=1657102523',
  'accept-language' => 'en,zh-CN;q=0.9,zh;q=0.8',
  'accept-encoding' => 'gzip, deflate',
  'referer' => 'http://puzhenshop.feibu.info/index.php?s=/store/equipment.user_equipment/apply_list',
  'accept' => 'text/html,application/xhtml+xml,application/xml;q=0.9,image/avif,image/webp,image/apng,*/*;q=0.8,application/signed-exchange;v=b3;q=0.9',
  'user-agent' => 'Mozilla/5.0 (Macintosh; Intel Mac OS X 10_14_6) AppleWebKit/537.36 (KHTML, like Gecko) Chrome/103.0.0.0 Safari/537.36',
  'upgrade-insecure-requests' => '1',
  'dnt' => '1',
  'connection' => 'close',
  'host' => 'puzhenshop.feibu.info',
)
[ begin ] [ PARAM ] array (
)
---------------------------------------------------------------
[ 2022-08-04T10:34:36+08:00 ] 116.21.15.6 GET puzhenshop.feibu.info/index.php?s=/store/equipment.user_equipment/apply_list
[ begin ] [ ROUTE ] array (
  'type' => 'module',
  'module' => 
  array (
    0 => 'store',
    1 => 'equipment.user_equipment',
    2 => 'apply_list',
  ),
)
[ begin ] [ HEADER ] array (
  'cookie' => '__gads=ID=00d075fa159d8ac8:T=1597915774:S=ALNI_MZogTGW2LAF0H_NTkBymWmUYtnOxQ; __root_domain_v=.feibu.info; _qddaz=QD.932230466496504; PHPSESSID=2m1tmmd8qee5nk9psd85vhlkkk; Hm_lvt_8231d52c4580fdb4fc6a6098e03a174f=1656381744,1656498529; Hm_lpvt_8231d52c4580fdb4fc6a6098e03a174f=1657102523',
  'accept-language' => 'en,zh-CN;q=0.9,zh;q=0.8',
  'accept-encoding' => 'gzip, deflate',
  'referer' => 'http://puzhenshop.feibu.info/index.php?s=/store/equipment.user_equipment/audited_list',
  'accept' => 'text/html,application/xhtml+xml,application/xml;q=0.9,image/avif,image/webp,image/apng,*/*;q=0.8,application/signed-exchange;v=b3;q=0.9',
  'user-agent' => 'Mozilla/5.0 (Macintosh; Intel Mac OS X 10_14_6) AppleWebKit/537.36 (KHTML, like Gecko) Chrome/103.0.0.0 Safari/537.36',
  'dnt' => '1',
  'upgrade-insecure-requests' => '1',
  'connection' => 'close',
  'host' => 'puzhenshop.feibu.info',
)
[ begin ] [ PARAM ] array (
)
---------------------------------------------------------------
[ 2022-08-04T10:34:40+08:00 ] 116.21.15.6 GET puzhenshop.feibu.info/index.php?s=/store/equipment.user_equipment/audited_list
[ begin ] [ ROUTE ] array (
  'type' => 'module',
  'module' => 
  array (
    0 => 'store',
    1 => 'equipment.user_equipment',
    2 => 'audited_list',
  ),
)
[ begin ] [ HEADER ] array (
  'cookie' => '__gads=ID=00d075fa159d8ac8:T=1597915774:S=ALNI_MZogTGW2LAF0H_NTkBymWmUYtnOxQ; __root_domain_v=.feibu.info; _qddaz=QD.932230466496504; PHPSESSID=2m1tmmd8qee5nk9psd85vhlkkk; Hm_lvt_8231d52c4580fdb4fc6a6098e03a174f=1656381744,1656498529; Hm_lpvt_8231d52c4580fdb4fc6a6098e03a174f=1657102523',
  'accept-language' => 'en,zh-CN;q=0.9,zh;q=0.8',
  'accept-encoding' => 'gzip, deflate',
  'referer' => 'http://puzhenshop.feibu.info/index.php?s=/store/equipment.user_equipment/apply_list',
  'accept' => 'text/html,application/xhtml+xml,application/xml;q=0.9,image/avif,image/webp,image/apng,*/*;q=0.8,application/signed-exchange;v=b3;q=0.9',
  'user-agent' => 'Mozilla/5.0 (Macintosh; Intel Mac OS X 10_14_6) AppleWebKit/537.36 (KHTML, like Gecko) Chrome/103.0.0.0 Safari/537.36',
  'dnt' => '1',
  'upgrade-insecure-requests' => '1',
  'connection' => 'close',
  'host' => 'puzhenshop.feibu.info',
)
[ begin ] [ PARAM ] array (
)
---------------------------------------------------------------
[ 2022-08-04T10:34:45+08:00 ] 116.21.15.6 GET puzhenshop.feibu.info/index.php?s=/store/equipment.user_equipment/rejected_list
[ begin ] [ ROUTE ] array (
  'type' => 'module',
  'module' => 
  array (
    0 => 'store',
    1 => 'equipment.user_equipment',
    2 => 'rejected_list',
  ),
)
[ begin ] [ HEADER ] array (
  'cookie' => '__gads=ID=00d075fa159d8ac8:T=1597915774:S=ALNI_MZogTGW2LAF0H_NTkBymWmUYtnOxQ; __root_domain_v=.feibu.info; _qddaz=QD.932230466496504; PHPSESSID=2m1tmmd8qee5nk9psd85vhlkkk; Hm_lvt_8231d52c4580fdb4fc6a6098e03a174f=1656381744,1656498529; Hm_lpvt_8231d52c4580fdb4fc6a6098e03a174f=1657102523',
  'accept-language' => 'en,zh-CN;q=0.9,zh;q=0.8',
  'accept-encoding' => 'gzip, deflate',
  'referer' => 'http://puzhenshop.feibu.info/index.php?s=/store/equipment.user_equipment/audited_list',
  'accept' => 'text/html,application/xhtml+xml,application/xml;q=0.9,image/avif,image/webp,image/apng,*/*;q=0.8,application/signed-exchange;v=b3;q=0.9',
  'user-agent' => 'Mozilla/5.0 (Macintosh; Intel Mac OS X 10_14_6) AppleWebKit/537.36 (KHTML, like Gecko) Chrome/103.0.0.0 Safari/537.36',
  'dnt' => '1',
  'upgrade-insecure-requests' => '1',
  'connection' => 'close',
  'host' => 'puzhenshop.feibu.info',
)
[ begin ] [ PARAM ] array (
)
---------------------------------------------------------------
[ 2022-08-04T10:34:46+08:00 ] 116.21.15.6 GET puzhenshop.feibu.info/index.php?s=/store/equipment.user_equipment/audited_list
[ begin ] [ ROUTE ] array (
  'type' => 'module',
  'module' => 
  array (
    0 => 'store',
    1 => 'equipment.user_equipment',
    2 => 'audited_list',
  ),
)
[ begin ] [ HEADER ] array (
  'cookie' => '__gads=ID=00d075fa159d8ac8:T=1597915774:S=ALNI_MZogTGW2LAF0H_NTkBymWmUYtnOxQ; __root_domain_v=.feibu.info; _qddaz=QD.932230466496504; PHPSESSID=2m1tmmd8qee5nk9psd85vhlkkk; Hm_lvt_8231d52c4580fdb4fc6a6098e03a174f=1656381744,1656498529; Hm_lpvt_8231d52c4580fdb4fc6a6098e03a174f=1657102523',
  'accept-language' => 'en,zh-CN;q=0.9,zh;q=0.8',
  'accept-encoding' => 'gzip, deflate',
  'referer' => 'http://puzhenshop.feibu.info/index.php?s=/store/equipment.user_equipment/rejected_list',
  'accept' => 'text/html,application/xhtml+xml,application/xml;q=0.9,image/avif,image/webp,image/apng,*/*;q=0.8,application/signed-exchange;v=b3;q=0.9',
  'user-agent' => 'Mozilla/5.0 (Macintosh; Intel Mac OS X 10_14_6) AppleWebKit/537.36 (KHTML, like Gecko) Chrome/103.0.0.0 Safari/537.36',
  'dnt' => '1',
  'upgrade-insecure-requests' => '1',
  'connection' => 'close',
  'host' => 'puzhenshop.feibu.info',
)
[ begin ] [ PARAM ] array (
)
---------------------------------------------------------------
[ 2022-08-04T10:34:47+08:00 ] 116.21.15.6 GET puzhenshop.feibu.info/index.php?s=/store/equipment.user_equipment/apply_list
[ begin ] [ ROUTE ] array (
  'type' => 'module',
  'module' => 
  array (
    0 => 'store',
    1 => 'equipment.user_equipment',
    2 => 'apply_list',
  ),
)
[ begin ] [ HEADER ] array (
  'cookie' => '__gads=ID=00d075fa159d8ac8:T=1597915774:S=ALNI_MZogTGW2LAF0H_NTkBymWmUYtnOxQ; __root_domain_v=.feibu.info; _qddaz=QD.932230466496504; PHPSESSID=2m1tmmd8qee5nk9psd85vhlkkk; Hm_lvt_8231d52c4580fdb4fc6a6098e03a174f=1656381744,1656498529; Hm_lpvt_8231d52c4580fdb4fc6a6098e03a174f=1657102523',
  'accept-language' => 'en,zh-CN;q=0.9,zh;q=0.8',
  'accept-encoding' => 'gzip, deflate',
  'referer' => 'http://puzhenshop.feibu.info/index.php?s=/store/equipment.user_equipment/audited_list',
  'accept' => 'text/html,application/xhtml+xml,application/xml;q=0.9,image/avif,image/webp,image/apng,*/*;q=0.8,application/signed-exchange;v=b3;q=0.9',
  'user-agent' => 'Mozilla/5.0 (Macintosh; Intel Mac OS X 10_14_6) AppleWebKit/537.36 (KHTML, like Gecko) Chrome/103.0.0.0 Safari/537.36',
  'dnt' => '1',
  'upgrade-insecure-requests' => '1',
  'connection' => 'close',
  'host' => 'puzhenshop.feibu.info',
)
[ begin ] [ PARAM ] array (
)
---------------------------------------------------------------
[ 2022-08-04T10:34:53+08:00 ] 116.21.15.6 GET puzhenshop.feibu.info/index.php?s=/store/equipment.user_equipment/audited_list
[ begin ] [ ROUTE ] array (
  'type' => 'module',
  'module' => 
  array (
    0 => 'store',
    1 => 'equipment.user_equipment',
    2 => 'audited_list',
  ),
)
[ begin ] [ HEADER ] array (
  'cookie' => '__gads=ID=00d075fa159d8ac8:T=1597915774:S=ALNI_MZogTGW2LAF0H_NTkBymWmUYtnOxQ; __root_domain_v=.feibu.info; _qddaz=QD.932230466496504; PHPSESSID=2m1tmmd8qee5nk9psd85vhlkkk; Hm_lvt_8231d52c4580fdb4fc6a6098e03a174f=1656381744,1656498529; Hm_lpvt_8231d52c4580fdb4fc6a6098e03a174f=1657102523',
  'accept-language' => 'en,zh-CN;q=0.9,zh;q=0.8',
  'accept-encoding' => 'gzip, deflate',
  'referer' => 'http://puzhenshop.feibu.info/index.php?s=/store/equipment.user_equipment/apply_list',
  'accept' => 'text/html,application/xhtml+xml,application/xml;q=0.9,image/avif,image/webp,image/apng,*/*;q=0.8,application/signed-exchange;v=b3;q=0.9',
  'user-agent' => 'Mozilla/5.0 (Macintosh; Intel Mac OS X 10_14_6) AppleWebKit/537.36 (KHTML, like Gecko) Chrome/103.0.0.0 Safari/537.36',
  'dnt' => '1',
  'upgrade-insecure-requests' => '1',
  'connection' => 'close',
  'host' => 'puzhenshop.feibu.info',
)
[ begin ] [ PARAM ] array (
)
---------------------------------------------------------------
[ 2022-08-04T10:34:55+08:00 ] 116.21.15.6 GET puzhenshop.feibu.info/index.php?s=/store/equipment.user_equipment/audited_list
[ begin ] [ ROUTE ] array (
  'type' => 'module',
  'module' => 
  array (
    0 => 'store',
    1 => 'equipment.user_equipment',
    2 => 'audited_list',
  ),
)
[ begin ] [ HEADER ] array (
  'cookie' => '__gads=ID=00d075fa159d8ac8:T=1597915774:S=ALNI_MZogTGW2LAF0H_NTkBymWmUYtnOxQ; __root_domain_v=.feibu.info; _qddaz=QD.932230466496504; PHPSESSID=2m1tmmd8qee5nk9psd85vhlkkk; Hm_lvt_8231d52c4580fdb4fc6a6098e03a174f=1656381744,1656498529; Hm_lpvt_8231d52c4580fdb4fc6a6098e03a174f=1657102523',
  'accept-language' => 'en,zh-CN;q=0.9,zh;q=0.8',
  'accept-encoding' => 'gzip, deflate',
  'referer' => 'http://puzhenshop.feibu.info/index.php?s=/store/equipment.user_equipment/apply_list',
  'accept' => 'text/html,application/xhtml+xml,application/xml;q=0.9,image/avif,image/webp,image/apng,*/*;q=0.8,application/signed-exchange;v=b3;q=0.9',
  'user-agent' => 'Mozilla/5.0 (Macintosh; Intel Mac OS X 10_14_6) AppleWebKit/537.36 (KHTML, like Gecko) Chrome/103.0.0.0 Safari/537.36',
  'upgrade-insecure-requests' => '1',
  'dnt' => '1',
  'cache-control' => 'max-age=0',
  'connection' => 'close',
  'host' => 'puzhenshop.feibu.info',
)
[ begin ] [ PARAM ] array (
)
---------------------------------------------------------------
[ 2022-08-04T10:35:09+08:00 ] 116.21.15.6 GET puzhenshop.feibu.info/index.php?s=%2Fstore%2Fequipment.user_equipment%2Faudited_list&__gads=ID%3D00d075fa159d8ac8%3AT%3D1597915774%3AS%3DALNI_MZogTGW2LAF0H_NTkBymWmUYtnOxQ&__root_domain_v=.feibu.info&_qddaz=QD.932230466496504&PHPSESSID=2m1tmmd8qee5nk9psd85vhlkkk&Hm_lvt_8231d52c4580fdb4fc6a6098e03a174f=1656381744%2C1656498529&Hm_lpvt_8231d52c4580fdb4fc6a6098e03a174f=1657102523&page=2
[ begin ] [ ROUTE ] array (
  'type' => 'module',
  'module' => 
  array (
    0 => 'store',
    1 => 'equipment.user_equipment',
    2 => 'audited_list',
  ),
)
[ begin ] [ HEADER ] array (
  'cookie' => '__gads=ID=00d075fa159d8ac8:T=1597915774:S=ALNI_MZogTGW2LAF0H_NTkBymWmUYtnOxQ; __root_domain_v=.feibu.info; _qddaz=QD.932230466496504; PHPSESSID=2m1tmmd8qee5nk9psd85vhlkkk; Hm_lvt_8231d52c4580fdb4fc6a6098e03a174f=1656381744,1656498529; Hm_lpvt_8231d52c4580fdb4fc6a6098e03a174f=1657102523',
  'accept-language' => 'en,zh-CN;q=0.9,zh;q=0.8',
  'accept-encoding' => 'gzip, deflate',
  'referer' => 'http://puzhenshop.feibu.info/index.php?s=/store/equipment.user_equipment/audited_list',
  'accept' => 'text/html,application/xhtml+xml,application/xml;q=0.9,image/avif,image/webp,image/apng,*/*;q=0.8,application/signed-exchange;v=b3;q=0.9',
  'user-agent' => 'Mozilla/5.0 (Macintosh; Intel Mac OS X 10_14_6) AppleWebKit/537.36 (KHTML, like Gecko) Chrome/103.0.0.0 Safari/537.36',
  'dnt' => '1',
  'upgrade-insecure-requests' => '1',
  'connection' => 'close',
  'host' => 'puzhenshop.feibu.info',
)
[ begin ] [ PARAM ] array (
  '__gads' => 'ID=00d075fa159d8ac8:T=1597915774:S=ALNI_MZogTGW2LAF0H_NTkBymWmUYtnOxQ',
  '__root_domain_v' => '.feibu.info',
  '_qddaz' => 'QD.932230466496504',
  'PHPSESSID' => '2m1tmmd8qee5nk9psd85vhlkkk',
  'Hm_lvt_8231d52c4580fdb4fc6a6098e03a174f' => '1656381744,1656498529',
  'Hm_lpvt_8231d52c4580fdb4fc6a6098e03a174f' => '1657102523',
  'page' => '2',
)
---------------------------------------------------------------
[ 2022-08-04T10:35:15+08:00 ] 116.21.15.6 GET puzhenshop.feibu.info/index.php?s=%2Fstore%2Fequipment.user_equipment%2Faudited_list&__gads=ID%3D00d075fa159d8ac8%3AT%3D1597915774%3AS%3DALNI_MZogTGW2LAF0H_NTkBymWmUYtnOxQ&__root_domain_v=.feibu.info&_qddaz=QD.932230466496504&PHPSESSID=2m1tmmd8qee5nk9psd85vhlkkk&Hm_lvt_8231d52c4580fdb4fc6a6098e03a174f=1656381744%2C1656498529&Hm_lpvt_8231d52c4580fdb4fc6a6098e03a174f=1657102523&page=1
[ begin ] [ ROUTE ] array (
  'type' => 'module',
  'module' => 
  array (
    0 => 'store',
    1 => 'equipment.user_equipment',
    2 => 'audited_list',
  ),
)
[ begin ] [ HEADER ] array (
  'cookie' => '__gads=ID=00d075fa159d8ac8:T=1597915774:S=ALNI_MZogTGW2LAF0H_NTkBymWmUYtnOxQ; __root_domain_v=.feibu.info; _qddaz=QD.932230466496504; PHPSESSID=2m1tmmd8qee5nk9psd85vhlkkk; Hm_lvt_8231d52c4580fdb4fc6a6098e03a174f=1656381744,1656498529; Hm_lpvt_8231d52c4580fdb4fc6a6098e03a174f=1657102523',
  'accept-language' => 'en,zh-CN;q=0.9,zh;q=0.8',
  'accept-encoding' => 'gzip, deflate',
  'referer' => 'http://puzhenshop.feibu.info/index.php?s=%2Fstore%2Fequipment.user_equipment%2Faudited_list&__gads=ID%3D00d075fa159d8ac8%3AT%3D1597915774%3AS%3DALNI_MZogTGW2LAF0H_NTkBymWmUYtnOxQ&__root_domain_v=.feibu.info&_qddaz=QD.932230466496504&PHPSESSID=2m1tmmd8qee5nk9psd85vhlkkk&Hm_lvt_8231d52c4580fdb4fc6a6098e03a174f=1656381744%2C1656498529&Hm_lpvt_8231d52c4580fdb4fc6a6098e03a174f=1657102523&page=2',
  'accept' => 'text/html,application/xhtml+xml,application/xml;q=0.9,image/avif,image/webp,image/apng,*/*;q=0.8,application/signed-exchange;v=b3;q=0.9',
  'user-agent' => 'Mozilla/5.0 (Macintosh; Intel Mac OS X 10_14_6) AppleWebKit/537.36 (KHTML, like Gecko) Chrome/103.0.0.0 Safari/537.36',
  'dnt' => '1',
  'upgrade-insecure-requests' => '1',
  'connection' => 'close',
  'host' => 'puzhenshop.feibu.info',
)
[ begin ] [ PARAM ] array (
  '__gads' => 'ID=00d075fa159d8ac8:T=1597915774:S=ALNI_MZogTGW2LAF0H_NTkBymWmUYtnOxQ',
  '__root_domain_v' => '.feibu.info',
  '_qddaz' => 'QD.932230466496504',
  'PHPSESSID' => '2m1tmmd8qee5nk9psd85vhlkkk',
  'Hm_lvt_8231d52c4580fdb4fc6a6098e03a174f' => '1656381744,1656498529',
  'Hm_lpvt_8231d52c4580fdb4fc6a6098e03a174f' => '1657102523',
  'page' => '1',
)
---------------------------------------------------------------
[ 2022-08-04T10:35:19+08:00 ] 116.21.15.6 GET puzhenshop.feibu.info/index.php?s=/store/equipment.user_equipment/apply_list
[ begin ] [ ROUTE ] array (
  'type' => 'module',
  'module' => 
  array (
    0 => 'store',
    1 => 'equipment.user_equipment',
    2 => 'apply_list',
  ),
)
[ begin ] [ HEADER ] array (
  'cookie' => '__gads=ID=00d075fa159d8ac8:T=1597915774:S=ALNI_MZogTGW2LAF0H_NTkBymWmUYtnOxQ; __root_domain_v=.feibu.info; _qddaz=QD.932230466496504; PHPSESSID=2m1tmmd8qee5nk9psd85vhlkkk; Hm_lvt_8231d52c4580fdb4fc6a6098e03a174f=1656381744,1656498529; Hm_lpvt_8231d52c4580fdb4fc6a6098e03a174f=1657102523',
  'accept-language' => 'en,zh-CN;q=0.9,zh;q=0.8',
  'accept-encoding' => 'gzip, deflate',
  'referer' => 'http://puzhenshop.feibu.info/index.php?s=%2Fstore%2Fequipment.user_equipment%2Faudited_list&__gads=ID%3D00d075fa159d8ac8%3AT%3D1597915774%3AS%3DALNI_MZogTGW2LAF0H_NTkBymWmUYtnOxQ&__root_domain_v=.feibu.info&_qddaz=QD.932230466496504&PHPSESSID=2m1tmmd8qee5nk9psd85vhlkkk&Hm_lvt_8231d52c4580fdb4fc6a6098e03a174f=1656381744%2C1656498529&Hm_lpvt_8231d52c4580fdb4fc6a6098e03a174f=1657102523&page=1',
  'accept' => 'text/html,application/xhtml+xml,application/xml;q=0.9,image/avif,image/webp,image/apng,*/*;q=0.8,application/signed-exchange;v=b3;q=0.9',
  'user-agent' => 'Mozilla/5.0 (Macintosh; Intel Mac OS X 10_14_6) AppleWebKit/537.36 (KHTML, like Gecko) Chrome/103.0.0.0 Safari/537.36',
  'dnt' => '1',
  'upgrade-insecure-requests' => '1',
  'connection' => 'close',
  'host' => 'puzhenshop.feibu.info',
)
[ begin ] [ PARAM ] array (
)
---------------------------------------------------------------
[ 2022-08-04T10:35:22+08:00 ] 116.21.15.6 GET puzhenshop.feibu.info/index.php?s=/store/equipment.user_equipment/rejected_list
[ begin ] [ ROUTE ] array (
  'type' => 'module',
  'module' => 
  array (
    0 => 'store',
    1 => 'equipment.user_equipment',
    2 => 'rejected_list',
  ),
)
[ begin ] [ HEADER ] array (
  'cookie' => '__gads=ID=00d075fa159d8ac8:T=1597915774:S=ALNI_MZogTGW2LAF0H_NTkBymWmUYtnOxQ; __root_domain_v=.feibu.info; _qddaz=QD.932230466496504; PHPSESSID=2m1tmmd8qee5nk9psd85vhlkkk; Hm_lvt_8231d52c4580fdb4fc6a6098e03a174f=1656381744,1656498529; Hm_lpvt_8231d52c4580fdb4fc6a6098e03a174f=1657102523',
  'accept-language' => 'en,zh-CN;q=0.9,zh;q=0.8',
  'accept-encoding' => 'gzip, deflate',
  'referer' => 'http://puzhenshop.feibu.info/index.php?s=/store/equipment.user_equipment/apply_list',
  'accept' => 'text/html,application/xhtml+xml,application/xml;q=0.9,image/avif,image/webp,image/apng,*/*;q=0.8,application/signed-exchange;v=b3;q=0.9',
  'user-agent' => 'Mozilla/5.0 (Macintosh; Intel Mac OS X 10_14_6) AppleWebKit/537.36 (KHTML, like Gecko) Chrome/103.0.0.0 Safari/537.36',
  'dnt' => '1',
  'upgrade-insecure-requests' => '1',
  'connection' => 'close',
  'host' => 'puzhenshop.feibu.info',
)
[ begin ] [ PARAM ] array (
)
---------------------------------------------------------------
[ 2022-08-04T10:35:23+08:00 ] 116.21.15.6 GET puzhenshop.feibu.info/index.php?s=/store/equipment.user_equipment/audited_list
[ begin ] [ ROUTE ] array (
  'type' => 'module',
  'module' => 
  array (
    0 => 'store',
    1 => 'equipment.user_equipment',
    2 => 'audited_list',
  ),
)
[ begin ] [ HEADER ] array (
  'cookie' => '__gads=ID=00d075fa159d8ac8:T=1597915774:S=ALNI_MZogTGW2LAF0H_NTkBymWmUYtnOxQ; __root_domain_v=.feibu.info; _qddaz=QD.932230466496504; PHPSESSID=2m1tmmd8qee5nk9psd85vhlkkk; Hm_lvt_8231d52c4580fdb4fc6a6098e03a174f=1656381744,1656498529; Hm_lpvt_8231d52c4580fdb4fc6a6098e03a174f=1657102523',
  'accept-language' => 'en,zh-CN;q=0.9,zh;q=0.8',
  'accept-encoding' => 'gzip, deflate',
  'referer' => 'http://puzhenshop.feibu.info/index.php?s=/store/equipment.user_equipment/rejected_list',
  'accept' => 'text/html,application/xhtml+xml,application/xml;q=0.9,image/avif,image/webp,image/apng,*/*;q=0.8,application/signed-exchange;v=b3;q=0.9',
  'user-agent' => 'Mozilla/5.0 (Macintosh; Intel Mac OS X 10_14_6) AppleWebKit/537.36 (KHTML, like Gecko) Chrome/103.0.0.0 Safari/537.36',
  'dnt' => '1',
  'upgrade-insecure-requests' => '1',
  'connection' => 'close',
  'host' => 'puzhenshop.feibu.info',
)
[ begin ] [ PARAM ] array (
)
---------------------------------------------------------------
[ 2022-08-04T10:35:24+08:00 ] 116.21.15.6 GET puzhenshop.feibu.info/index.php?s=/store/equipment.user_equipment/add
[ begin ] [ ROUTE ] array (
  'type' => 'module',
  'module' => 
  array (
    0 => 'store',
    1 => 'equipment.user_equipment',
    2 => 'add',
  ),
)
[ begin ] [ HEADER ] array (
  'cookie' => '__gads=ID=00d075fa159d8ac8:T=1597915774:S=ALNI_MZogTGW2LAF0H_NTkBymWmUYtnOxQ; __root_domain_v=.feibu.info; _qddaz=QD.932230466496504; PHPSESSID=2m1tmmd8qee5nk9psd85vhlkkk; Hm_lvt_8231d52c4580fdb4fc6a6098e03a174f=1656381744,1656498529; Hm_lpvt_8231d52c4580fdb4fc6a6098e03a174f=1657102523',
  'accept-language' => 'en,zh-CN;q=0.9,zh;q=0.8',
  'accept-encoding' => 'gzip, deflate',
  'referer' => 'http://puzhenshop.feibu.info/index.php?s=/store/equipment.user_equipment/audited_list',
  'accept' => 'text/html,application/xhtml+xml,application/xml;q=0.9,image/avif,image/webp,image/apng,*/*;q=0.8,application/signed-exchange;v=b3;q=0.9',
  'user-agent' => 'Mozilla/5.0 (Macintosh; Intel Mac OS X 10_14_6) AppleWebKit/537.36 (KHTML, like Gecko) Chrome/103.0.0.0 Safari/537.36',
  'dnt' => '1',
  'upgrade-insecure-requests' => '1',
  'connection' => 'close',
  'host' => 'puzhenshop.feibu.info',
)
[ begin ] [ PARAM ] array (
)
---------------------------------------------------------------
[ 2022-08-04T10:35:26+08:00 ] 116.21.15.6 GET puzhenshop.feibu.info/index.php?s=/store/data.user/lists
[ begin ] [ ROUTE ] array (
  'type' => 'module',
  'module' => 
  array (
    0 => 'store',
    1 => 'data.user',
    2 => 'lists',
  ),
)
[ begin ] [ HEADER ] array (
  'cookie' => '__gads=ID=00d075fa159d8ac8:T=1597915774:S=ALNI_MZogTGW2LAF0H_NTkBymWmUYtnOxQ; __root_domain_v=.feibu.info; _qddaz=QD.932230466496504; PHPSESSID=2m1tmmd8qee5nk9psd85vhlkkk; Hm_lvt_8231d52c4580fdb4fc6a6098e03a174f=1656381744,1656498529; Hm_lpvt_8231d52c4580fdb4fc6a6098e03a174f=1657102523',
  'accept-language' => 'en,zh-CN;q=0.9,zh;q=0.8',
  'accept-encoding' => 'gzip, deflate',
  'referer' => 'http://puzhenshop.feibu.info/index.php?s=/store/equipment.user_equipment/add',
  'accept' => 'text/html,application/xhtml+xml,application/xml;q=0.9,image/avif,image/webp,image/apng,*/*;q=0.8,application/signed-exchange;v=b3;q=0.9',
  'user-agent' => 'Mozilla/5.0 (Macintosh; Intel Mac OS X 10_14_6) AppleWebKit/537.36 (KHTML, like Gecko) Chrome/103.0.0.0 Safari/537.36',
  'dnt' => '1',
  'upgrade-insecure-requests' => '1',
  'connection' => 'close',
  'host' => 'puzhenshop.feibu.info',
)
[ begin ] [ PARAM ] array (
)
---------------------------------------------------------------
[ 2022-08-04T10:35:34+08:00 ] 116.21.15.6 GET puzhenshop.feibu.info/index.php?s=/store/data.equipment/lists
[ begin ] [ ROUTE ] array (
  'type' => 'module',
  'module' => 
  array (
    0 => 'store',
    1 => 'data.equipment',
    2 => 'lists',
  ),
)
[ begin ] [ HEADER ] array (
  'cookie' => '__gads=ID=00d075fa159d8ac8:T=1597915774:S=ALNI_MZogTGW2LAF0H_NTkBymWmUYtnOxQ; __root_domain_v=.feibu.info; _qddaz=QD.932230466496504; PHPSESSID=2m1tmmd8qee5nk9psd85vhlkkk; Hm_lvt_8231d52c4580fdb4fc6a6098e03a174f=1656381744,1656498529; Hm_lpvt_8231d52c4580fdb4fc6a6098e03a174f=1657102523',
  'accept-language' => 'en,zh-CN;q=0.9,zh;q=0.8',
  'accept-encoding' => 'gzip, deflate',
  'referer' => 'http://puzhenshop.feibu.info/index.php?s=/store/equipment.user_equipment/add',
  'accept' => 'text/html,application/xhtml+xml,application/xml;q=0.9,image/avif,image/webp,image/apng,*/*;q=0.8,application/signed-exchange;v=b3;q=0.9',
  'user-agent' => 'Mozilla/5.0 (Macintosh; Intel Mac OS X 10_14_6) AppleWebKit/537.36 (KHTML, like Gecko) Chrome/103.0.0.0 Safari/537.36',
  'dnt' => '1',
  'upgrade-insecure-requests' => '1',
  'connection' => 'close',
  'host' => 'puzhenshop.feibu.info',
)
[ begin ] [ PARAM ] array (
)
---------------------------------------------------------------
[ 2022-08-04T10:35:48+08:00 ] 116.21.15.6 POST puzhenshop.feibu.info/index.php?s=/store/equipment.user_equipment/add
[ begin ] [ ROUTE ] array (
  'type' => 'module',
  'module' => 
  array (
    0 => 'store',
    1 => 'equipment.user_equipment',
    2 => 'add',
  ),
)
[ begin ] [ HEADER ] array (
  'cookie' => '__gads=ID=00d075fa159d8ac8:T=1597915774:S=ALNI_MZogTGW2LAF0H_NTkBymWmUYtnOxQ; __root_domain_v=.feibu.info; _qddaz=QD.932230466496504; PHPSESSID=2m1tmmd8qee5nk9psd85vhlkkk; Hm_lvt_8231d52c4580fdb4fc6a6098e03a174f=1656381744,1656498529; Hm_lpvt_8231d52c4580fdb4fc6a6098e03a174f=1657102523',
  'accept-language' => 'en,zh-CN;q=0.9,zh;q=0.8',
  'accept-encoding' => 'gzip, deflate',
  'referer' => 'http://puzhenshop.feibu.info/index.php?s=/store/equipment.user_equipment/add',
  'origin' => 'http://puzhenshop.feibu.info',
  'content-type' => 'application/x-www-form-urlencoded; charset=UTF-8',
  'user-agent' => 'Mozilla/5.0 (Macintosh; Intel Mac OS X 10_14_6) AppleWebKit/537.36 (KHTML, like Gecko) Chrome/103.0.0.0 Safari/537.36',
  'x-requested-with' => 'XMLHttpRequest',
  'dnt' => '1',
  'accept' => 'application/json, text/javascript, */*; q=0.01',
  'content-length' => '244',
  'connection' => 'close',
  'host' => 'puzhenshop.feibu.info',
)
[ begin ] [ PARAM ] array (
  'user_equipment' => 
  array (
    'user_id' => '10012',
    'equipment_id' => '6',
    'linkname' => '测试',
    'phone' => '18820785637',
    'buy_date' => '2022-08-04',
    'equipment_sn' => '1234123412341234',
  ),
)
---------------------------------------------------------------
[ 2022-08-04T10:35:49+08:00 ] 116.21.15.6 GET puzhenshop.feibu.info/index.php?s=/store/equipment.user_equipment/audited_list
[ begin ] [ ROUTE ] array (
  'type' => 'module',
  'module' => 
  array (
    0 => 'store',
    1 => 'equipment.user_equipment',
    2 => 'audited_list',
  ),
)
[ begin ] [ HEADER ] array (
  'cookie' => '__gads=ID=00d075fa159d8ac8:T=1597915774:S=ALNI_MZogTGW2LAF0H_NTkBymWmUYtnOxQ; __root_domain_v=.feibu.info; _qddaz=QD.932230466496504; PHPSESSID=2m1tmmd8qee5nk9psd85vhlkkk; Hm_lvt_8231d52c4580fdb4fc6a6098e03a174f=1656381744,1656498529; Hm_lpvt_8231d52c4580fdb4fc6a6098e03a174f=1657102523',
  'accept-language' => 'en,zh-CN;q=0.9,zh;q=0.8',
  'accept-encoding' => 'gzip, deflate',
  'referer' => 'http://puzhenshop.feibu.info/index.php?s=/store/equipment.user_equipment/add',
  'accept' => 'text/html,application/xhtml+xml,application/xml;q=0.9,image/avif,image/webp,image/apng,*/*;q=0.8,application/signed-exchange;v=b3;q=0.9',
  'user-agent' => 'Mozilla/5.0 (Macintosh; Intel Mac OS X 10_14_6) AppleWebKit/537.36 (KHTML, like Gecko) Chrome/103.0.0.0 Safari/537.36',
  'dnt' => '1',
  'upgrade-insecure-requests' => '1',
  'connection' => 'close',
  'host' => 'puzhenshop.feibu.info',
)
[ begin ] [ PARAM ] array (
)
---------------------------------------------------------------
[ 2022-08-04T10:35:56+08:00 ] 116.21.15.6 GET puzhenshop.feibu.info/index.php?s=/store/equipment.user_equipment/edit/user_equipment_id/50
[ begin ] [ ROUTE ] array (
  'type' => 'module',
  'module' => 
  array (
    0 => 'store',
    1 => 'equipment.user_equipment',
    2 => 'edit',
  ),
)
[ begin ] [ HEADER ] array (
  'cookie' => '__gads=ID=00d075fa159d8ac8:T=1597915774:S=ALNI_MZogTGW2LAF0H_NTkBymWmUYtnOxQ; __root_domain_v=.feibu.info; _qddaz=QD.932230466496504; PHPSESSID=2m1tmmd8qee5nk9psd85vhlkkk; Hm_lvt_8231d52c4580fdb4fc6a6098e03a174f=1656381744,1656498529; Hm_lpvt_8231d52c4580fdb4fc6a6098e03a174f=1657102523',
  'accept-language' => 'en,zh-CN;q=0.9,zh;q=0.8',
  'accept-encoding' => 'gzip, deflate',
  'referer' => 'http://puzhenshop.feibu.info/index.php?s=/store/equipment.user_equipment/audited_list',
  'accept' => 'text/html,application/xhtml+xml,application/xml;q=0.9,image/avif,image/webp,image/apng,*/*;q=0.8,application/signed-exchange;v=b3;q=0.9',
  'user-agent' => 'Mozilla/5.0 (Macintosh; Intel Mac OS X 10_14_6) AppleWebKit/537.36 (KHTML, like Gecko) Chrome/103.0.0.0 Safari/537.36',
  'dnt' => '1',
  'upgrade-insecure-requests' => '1',
  'connection' => 'close',
  'host' => 'puzhenshop.feibu.info',
)
[ begin ] [ PARAM ] array (
  'user_equipment_id' => '50',
)
---------------------------------------------------------------
[ 2022-08-04T10:35:59+08:00 ] 116.21.15.6 GET puzhenshop.feibu.info/index.php?s=/store/equipment.user_equipment/audited_list
[ begin ] [ ROUTE ] array (
  'type' => 'module',
  'module' => 
  array (
    0 => 'store',
    1 => 'equipment.user_equipment',
    2 => 'audited_list',
  ),
)
[ begin ] [ HEADER ] array (
  'cookie' => '__gads=ID=00d075fa159d8ac8:T=1597915774:S=ALNI_MZogTGW2LAF0H_NTkBymWmUYtnOxQ; __root_domain_v=.feibu.info; _qddaz=QD.932230466496504; PHPSESSID=2m1tmmd8qee5nk9psd85vhlkkk; Hm_lvt_8231d52c4580fdb4fc6a6098e03a174f=1656381744,1656498529; Hm_lpvt_8231d52c4580fdb4fc6a6098e03a174f=1657102523',
  'accept-language' => 'en,zh-CN;q=0.9,zh;q=0.8',
  'accept-encoding' => 'gzip, deflate',
  'referer' => 'http://puzhenshop.feibu.info/index.php?s=/store/equipment.user_equipment/add',
  'accept' => 'text/html,application/xhtml+xml,application/xml;q=0.9,image/avif,image/webp,image/apng,*/*;q=0.8,application/signed-exchange;v=b3;q=0.9',
  'user-agent' => 'Mozilla/5.0 (Macintosh; Intel Mac OS X 10_14_6) AppleWebKit/537.36 (KHTML, like Gecko) Chrome/103.0.0.0 Safari/537.36',
  'upgrade-insecure-requests' => '1',
  'dnt' => '1',
  'connection' => 'close',
  'host' => 'puzhenshop.feibu.info',
)
[ begin ] [ PARAM ] array (
)
---------------------------------------------------------------
[ 2022-08-04T10:36:05+08:00 ] 116.21.15.6 GET puzhenshop.feibu.info/index.php?s=/store/equipment.user_equipment/apply_list
[ begin ] [ ROUTE ] array (
  'type' => 'module',
  'module' => 
  array (
    0 => 'store',
    1 => 'equipment.user_equipment',
    2 => 'apply_list',
  ),
)
[ begin ] [ HEADER ] array (
  'cookie' => '__gads=ID=00d075fa159d8ac8:T=1597915774:S=ALNI_MZogTGW2LAF0H_NTkBymWmUYtnOxQ; __root_domain_v=.feibu.info; _qddaz=QD.932230466496504; PHPSESSID=2m1tmmd8qee5nk9psd85vhlkkk; Hm_lvt_8231d52c4580fdb4fc6a6098e03a174f=1656381744,1656498529; Hm_lpvt_8231d52c4580fdb4fc6a6098e03a174f=1657102523',
  'accept-language' => 'en,zh-CN;q=0.9,zh;q=0.8',
  'accept-encoding' => 'gzip, deflate',
  'referer' => 'http://puzhenshop.feibu.info/index.php?s=/store/equipment.user_equipment/audited_list',
  'accept' => 'text/html,application/xhtml+xml,application/xml;q=0.9,image/avif,image/webp,image/apng,*/*;q=0.8,application/signed-exchange;v=b3;q=0.9',
  'user-agent' => 'Mozilla/5.0 (Macintosh; Intel Mac OS X 10_14_6) AppleWebKit/537.36 (KHTML, like Gecko) Chrome/103.0.0.0 Safari/537.36',
  'dnt' => '1',
  'upgrade-insecure-requests' => '1',
  'connection' => 'close',
  'host' => 'puzhenshop.feibu.info',
)
[ begin ] [ PARAM ] array (
)
---------------------------------------------------------------
[ 2022-08-04T10:36:06+08:00 ] 116.21.15.6 GET puzhenshop.feibu.info/index.php?s=/store/equipment.user_equipment/audited_list
[ begin ] [ ROUTE ] array (
  'type' => 'module',
  'module' => 
  array (
    0 => 'store',
    1 => 'equipment.user_equipment',
    2 => 'audited_list',
  ),
)
[ begin ] [ HEADER ] array (
  'cookie' => '__gads=ID=00d075fa159d8ac8:T=1597915774:S=ALNI_MZogTGW2LAF0H_NTkBymWmUYtnOxQ; __root_domain_v=.feibu.info; _qddaz=QD.932230466496504; PHPSESSID=2m1tmmd8qee5nk9psd85vhlkkk; Hm_lvt_8231d52c4580fdb4fc6a6098e03a174f=1656381744,1656498529; Hm_lpvt_8231d52c4580fdb4fc6a6098e03a174f=1657102523',
  'accept-language' => 'en,zh-CN;q=0.9,zh;q=0.8',
  'accept-encoding' => 'gzip, deflate',
  'referer' => 'http://puzhenshop.feibu.info/index.php?s=/store/equipment.user_equipment/apply_list',
  'accept' => 'text/html,application/xhtml+xml,application/xml;q=0.9,image/avif,image/webp,image/apng,*/*;q=0.8,application/signed-exchange;v=b3;q=0.9',
  'user-agent' => 'Mozilla/5.0 (Macintosh; Intel Mac OS X 10_14_6) AppleWebKit/537.36 (KHTML, like Gecko) Chrome/103.0.0.0 Safari/537.36',
  'dnt' => '1',
  'upgrade-insecure-requests' => '1',
  'connection' => 'close',
  'host' => 'puzhenshop.feibu.info',
)
[ begin ] [ PARAM ] array (
)
---------------------------------------------------------------
[ 2022-08-04T10:36:48+08:00 ] 116.21.15.6 GET puzhenshop.feibu.info/index.php?s=/store/equipment.user_equipment/audited_list
[ begin ] [ ROUTE ] array (
  'type' => 'module',
  'module' => 
  array (
    0 => 'store',
    1 => 'equipment.user_equipment',
    2 => 'audited_list',
  ),
)
[ begin ] [ HEADER ] array (
  'cookie' => '__gads=ID=00d075fa159d8ac8:T=1597915774:S=ALNI_MZogTGW2LAF0H_NTkBymWmUYtnOxQ; __root_domain_v=.feibu.info; _qddaz=QD.932230466496504; PHPSESSID=2m1tmmd8qee5nk9psd85vhlkkk; Hm_lvt_8231d52c4580fdb4fc6a6098e03a174f=1656381744,1656498529; Hm_lpvt_8231d52c4580fdb4fc6a6098e03a174f=1657102523',
  'accept-language' => 'en,zh-CN;q=0.9,zh;q=0.8',
  'accept-encoding' => 'gzip, deflate',
  'referer' => 'http://puzhenshop.feibu.info/index.php?s=/store/equipment.user_equipment/apply_list',
  'accept' => 'text/html,application/xhtml+xml,application/xml;q=0.9,image/avif,image/webp,image/apng,*/*;q=0.8,application/signed-exchange;v=b3;q=0.9',
  'user-agent' => 'Mozilla/5.0 (Macintosh; Intel Mac OS X 10_14_6) AppleWebKit/537.36 (KHTML, like Gecko) Chrome/103.0.0.0 Safari/537.36',
  'upgrade-insecure-requests' => '1',
  'dnt' => '1',
  'cache-control' => 'max-age=0',
  'connection' => 'close',
  'host' => 'puzhenshop.feibu.info',
)
[ begin ] [ PARAM ] array (
)
---------------------------------------------------------------
[ 2022-08-04T10:37:48+08:00 ] 116.21.15.6 GET puzhenshop.feibu.info/index.php?s=/store/equipment.user_equipment/add
[ begin ] [ ROUTE ] array (
  'type' => 'module',
  'module' => 
  array (
    0 => 'store',
    1 => 'equipment.user_equipment',
    2 => 'add',
  ),
)
[ begin ] [ HEADER ] array (
  'cookie' => '__gads=ID=00d075fa159d8ac8:T=1597915774:S=ALNI_MZogTGW2LAF0H_NTkBymWmUYtnOxQ; __root_domain_v=.feibu.info; _qddaz=QD.932230466496504; PHPSESSID=2m1tmmd8qee5nk9psd85vhlkkk; Hm_lvt_8231d52c4580fdb4fc6a6098e03a174f=1656381744,1656498529; Hm_lpvt_8231d52c4580fdb4fc6a6098e03a174f=1657102523',
  'accept-language' => 'en,zh-CN;q=0.9,zh;q=0.8',
  'accept-encoding' => 'gzip, deflate',
  'referer' => 'http://puzhenshop.feibu.info/index.php?s=/store/equipment.user_equipment/audited_list',
  'accept' => 'text/html,application/xhtml+xml,application/xml;q=0.9,image/avif,image/webp,image/apng,*/*;q=0.8,application/signed-exchange;v=b3;q=0.9',
  'user-agent' => 'Mozilla/5.0 (Macintosh; Intel Mac OS X 10_14_6) AppleWebKit/537.36 (KHTML, like Gecko) Chrome/103.0.0.0 Safari/537.36',
  'dnt' => '1',
  'upgrade-insecure-requests' => '1',
  'connection' => 'close',
  'host' => 'puzhenshop.feibu.info',
)
[ begin ] [ PARAM ] array (
)
---------------------------------------------------------------
[ 2022-08-04T10:38:02+08:00 ] 116.21.15.6 GET puzhenshop.feibu.info/index.php?s=/store/data.equipment/lists
[ begin ] [ ROUTE ] array (
  'type' => 'module',
  'module' => 
  array (
    0 => 'store',
    1 => 'data.equipment',
    2 => 'lists',
  ),
)
[ begin ] [ HEADER ] array (
  'cookie' => '__gads=ID=00d075fa159d8ac8:T=1597915774:S=ALNI_MZogTGW2LAF0H_NTkBymWmUYtnOxQ; __root_domain_v=.feibu.info; _qddaz=QD.932230466496504; PHPSESSID=2m1tmmd8qee5nk9psd85vhlkkk; Hm_lvt_8231d52c4580fdb4fc6a6098e03a174f=1656381744,1656498529; Hm_lpvt_8231d52c4580fdb4fc6a6098e03a174f=1657102523',
  'accept-language' => 'en,zh-CN;q=0.9,zh;q=0.8',
  'accept-encoding' => 'gzip, deflate',
  'referer' => 'http://puzhenshop.feibu.info/index.php?s=/store/equipment.user_equipment/add',
  'accept' => 'text/html,application/xhtml+xml,application/xml;q=0.9,image/avif,image/webp,image/apng,*/*;q=0.8,application/signed-exchange;v=b3;q=0.9',
  'user-agent' => 'Mozilla/5.0 (Macintosh; Intel Mac OS X 10_14_6) AppleWebKit/537.36 (KHTML, like Gecko) Chrome/103.0.0.0 Safari/537.36',
  'dnt' => '1',
  'upgrade-insecure-requests' => '1',
  'connection' => 'close',
  'host' => 'puzhenshop.feibu.info',
)
[ begin ] [ PARAM ] array (
)
---------------------------------------------------------------
[ 2022-08-04T10:38:05+08:00 ] 116.21.15.6 GET puzhenshop.feibu.info/index.php?s=/store/data.user/lists
[ begin ] [ ROUTE ] array (
  'type' => 'module',
  'module' => 
  array (
    0 => 'store',
    1 => 'data.user',
    2 => 'lists',
  ),
)
[ begin ] [ HEADER ] array (
  'cookie' => '__gads=ID=00d075fa159d8ac8:T=1597915774:S=ALNI_MZogTGW2LAF0H_NTkBymWmUYtnOxQ; __root_domain_v=.feibu.info; _qddaz=QD.932230466496504; PHPSESSID=2m1tmmd8qee5nk9psd85vhlkkk; Hm_lvt_8231d52c4580fdb4fc6a6098e03a174f=1656381744,1656498529; Hm_lpvt_8231d52c4580fdb4fc6a6098e03a174f=1657102523',
  'accept-language' => 'en,zh-CN;q=0.9,zh;q=0.8',
  'accept-encoding' => 'gzip, deflate',
  'referer' => 'http://puzhenshop.feibu.info/index.php?s=/store/equipment.user_equipment/add',
  'accept' => 'text/html,application/xhtml+xml,application/xml;q=0.9,image/avif,image/webp,image/apng,*/*;q=0.8,application/signed-exchange;v=b3;q=0.9',
  'user-agent' => 'Mozilla/5.0 (Macintosh; Intel Mac OS X 10_14_6) AppleWebKit/537.36 (KHTML, like Gecko) Chrome/103.0.0.0 Safari/537.36',
  'dnt' => '1',
  'upgrade-insecure-requests' => '1',
  'connection' => 'close',
  'host' => 'puzhenshop.feibu.info',
)
[ begin ] [ PARAM ] array (
)
---------------------------------------------------------------
[ 2022-08-04T10:38:13+08:00 ] 116.21.15.6 POST puzhenshop.feibu.info/index.php?s=/store/equipment.user_equipment/add
[ begin ] [ ROUTE ] array (
  'type' => 'module',
  'module' => 
  array (
    0 => 'store',
    1 => 'equipment.user_equipment',
    2 => 'add',
  ),
)
[ begin ] [ HEADER ] array (
  'cookie' => '__gads=ID=00d075fa159d8ac8:T=1597915774:S=ALNI_MZogTGW2LAF0H_NTkBymWmUYtnOxQ; __root_domain_v=.feibu.info; _qddaz=QD.932230466496504; PHPSESSID=2m1tmmd8qee5nk9psd85vhlkkk; Hm_lvt_8231d52c4580fdb4fc6a6098e03a174f=1656381744,1656498529; Hm_lpvt_8231d52c4580fdb4fc6a6098e03a174f=1657102523',
  'accept-language' => 'en,zh-CN;q=0.9,zh;q=0.8',
  'accept-encoding' => 'gzip, deflate',
  'referer' => 'http://puzhenshop.feibu.info/index.php?s=/store/equipment.user_equipment/add',
  'origin' => 'http://puzhenshop.feibu.info',
  'content-type' => 'application/x-www-form-urlencoded; charset=UTF-8',
  'user-agent' => 'Mozilla/5.0 (Macintosh; Intel Mac OS X 10_14_6) AppleWebKit/537.36 (KHTML, like Gecko) Chrome/103.0.0.0 Safari/537.36',
  'x-requested-with' => 'XMLHttpRequest',
  'dnt' => '1',
  'accept' => 'application/json, text/javascript, */*; q=0.01',
  'content-length' => '244',
  'connection' => 'close',
  'host' => 'puzhenshop.feibu.info',
)
[ begin ] [ PARAM ] array (
  'user_equipment' => 
  array (
    'user_id' => '10012',
    'equipment_id' => '6',
    'linkname' => '测试',
    'phone' => '18820785636',
    'buy_date' => '2022-08-04',
    'equipment_sn' => '1234123412341234',
  ),
)
---------------------------------------------------------------
[ 2022-08-04T10:49:25+08:00 ] 116.21.15.6 GET puzhenshop.feibu.info/index.php?s=/store/equipment.user_equipment/add
[ begin ] [ ROUTE ] array (
  'type' => 'module',
  'module' => 
  array (
    0 => 'store',
    1 => 'equipment.user_equipment',
    2 => 'add',
  ),
)
[ begin ] [ HEADER ] array (
  'cookie' => '__gads=ID=00d075fa159d8ac8:T=1597915774:S=ALNI_MZogTGW2LAF0H_NTkBymWmUYtnOxQ; __root_domain_v=.feibu.info; _qddaz=QD.932230466496504; PHPSESSID=2m1tmmd8qee5nk9psd85vhlkkk; Hm_lvt_8231d52c4580fdb4fc6a6098e03a174f=1656381744,1656498529; Hm_lpvt_8231d52c4580fdb4fc6a6098e03a174f=1657102523',
  'accept-language' => 'en,zh-CN;q=0.9,zh;q=0.8',
  'accept-encoding' => 'gzip, deflate',
  'referer' => 'http://puzhenshop.feibu.info/index.php?s=/store/equipment.user_equipment/audited_list',
  'accept' => 'text/html,application/xhtml+xml,application/xml;q=0.9,image/avif,image/webp,image/apng,*/*;q=0.8,application/signed-exchange;v=b3;q=0.9',
  'user-agent' => 'Mozilla/5.0 (Macintosh; Intel Mac OS X 10_14_6) AppleWebKit/537.36 (KHTML, like Gecko) Chrome/103.0.0.0 Safari/537.36',
  'upgrade-insecure-requests' => '1',
  'dnt' => '1',
  'cache-control' => 'max-age=0',
  'connection' => 'close',
  'host' => 'puzhenshop.feibu.info',
)
[ begin ] [ PARAM ] array (
)
---------------------------------------------------------------
[ 2022-08-04T12:20:06+08:00 ] 116.21.15.6 GET puzhenshop.feibu.info/index.php?s=/admin/passport/login
[ begin ] [ ROUTE ] array (
  'type' => 'module',
  'module' => 
  array (
    0 => 'admin',
    1 => 'passport',
    2 => 'login',
  ),
)
[ begin ] [ HEADER ] array (
  'cookie' => '__gads=ID=00d075fa159d8ac8:T=1597915774:S=ALNI_MZogTGW2LAF0H_NTkBymWmUYtnOxQ; __root_domain_v=.feibu.info; _qddaz=QD.932230466496504; PHPSESSID=2m1tmmd8qee5nk9psd85vhlkkk; Hm_lvt_8231d52c4580fdb4fc6a6098e03a174f=1656381744,1656498529; Hm_lpvt_8231d52c4580fdb4fc6a6098e03a174f=1657102523',
  'accept-language' => 'en,zh-CN;q=0.9,zh;q=0.8',
  'accept-encoding' => 'gzip, deflate',
  'referer' => 'http://puzhenshop.feibu.info/index.php?s=/admin/setting.science/index',
  'accept' => 'text/html,application/xhtml+xml,application/xml;q=0.9,image/avif,image/webp,image/apng,*/*;q=0.8,application/signed-exchange;v=b3;q=0.9',
  'user-agent' => 'Mozilla/5.0 (Macintosh; Intel Mac OS X 10_14_6) AppleWebKit/537.36 (KHTML, like Gecko) Chrome/103.0.0.0 Safari/537.36',
  'upgrade-insecure-requests' => '1',
  'dnt' => '1',
  'connection' => 'close',
  'host' => 'puzhenshop.feibu.info',
)
[ begin ] [ PARAM ] array (
)
