---------------------------------------------------------------
[ 2022-08-23T17:27:23+08:00 ] 116.21.14.24 GET puzhenshop.feibu.info/index.php?s=/store/index/index
[ begin ] [ ROUTE ] array (
  'type' => 'module',
  'module' => 
  array (
    0 => 'store',
    1 => 'index',
    2 => 'index',
  ),
)
[ begin ] [ HEADER ] array (
  'cookie' => '__root_domain_v=.feibu.info; _qddaz=QD.462850277201994; Hm_lvt_8231d52c4580fdb4fc6a6098e03a174f=1657371380',
  'accept-language' => 'zh-CN,zh;q=0.9',
  'accept-encoding' => 'gzip, deflate',
  'accept' => 'text/html,application/xhtml+xml,application/xml;q=0.9,image/avif,image/webp,image/apng,*/*;q=0.8,application/signed-exchange;v=b3;q=0.9',
  'user-agent' => 'Mozilla/5.0 (Macintosh; Intel Mac OS X 10_14_6) AppleWebKit/537.36 (KHTML, like Gecko) Chrome/104.0.0.0 Safari/537.36',
  'upgrade-insecure-requests' => '1',
  'connection' => 'close',
  'host' => 'puzhenshop.feibu.info',
)
[ begin ] [ PARAM ] array (
)
---------------------------------------------------------------
[ 2022-08-23T17:27:24+08:00 ] 116.21.14.24 GET puzhenshop.feibu.info/index.php?s=/store/passport/login
[ begin ] [ ROUTE ] array (
  'type' => 'module',
  'module' => 
  array (
    0 => 'store',
    1 => 'passport',
    2 => 'login',
  ),
)
[ begin ] [ HEADER ] array (
  'cookie' => '__root_domain_v=.feibu.info; _qddaz=QD.462850277201994; Hm_lvt_8231d52c4580fdb4fc6a6098e03a174f=1657371380; PHPSESSID=cu695lnq4vng6holuf0l355698',
  'accept-language' => 'zh-CN,zh;q=0.9',
  'accept-encoding' => 'gzip, deflate',
  'accept' => 'text/html,application/xhtml+xml,application/xml;q=0.9,image/avif,image/webp,image/apng,*/*;q=0.8,application/signed-exchange;v=b3;q=0.9',
  'user-agent' => 'Mozilla/5.0 (Macintosh; Intel Mac OS X 10_14_6) AppleWebKit/537.36 (KHTML, like Gecko) Chrome/104.0.0.0 Safari/537.36',
  'upgrade-insecure-requests' => '1',
  'connection' => 'close',
  'host' => 'puzhenshop.feibu.info',
)
[ begin ] [ PARAM ] array (
)
---------------------------------------------------------------
[ 2022-08-23T17:27:30+08:00 ] 116.21.14.24 POST puzhenshop.feibu.info/index.php?s=/store/passport/login
[ begin ] [ ROUTE ] array (
  'type' => 'module',
  'module' => 
  array (
    0 => 'store',
    1 => 'passport',
    2 => 'login',
  ),
)
[ begin ] [ HEADER ] array (
  'cookie' => '__root_domain_v=.feibu.info; _qddaz=QD.462850277201994; Hm_lvt_8231d52c4580fdb4fc6a6098e03a174f=1657371380; PHPSESSID=cu695lnq4vng6holuf0l355698',
  'accept-language' => 'zh-CN,zh;q=0.9',
  'accept-encoding' => 'gzip, deflate',
  'referer' => 'http://puzhenshop.feibu.info/index.php?s=/store/passport/login',
  'origin' => 'http://puzhenshop.feibu.info',
  'content-type' => 'application/x-www-form-urlencoded; charset=UTF-8',
  'user-agent' => 'Mozilla/5.0 (Macintosh; Intel Mac OS X 10_14_6) AppleWebKit/537.36 (KHTML, like Gecko) Chrome/104.0.0.0 Safari/537.36',
  'x-requested-with' => 'XMLHttpRequest',
  'accept' => 'application/json, text/javascript, */*; q=0.01',
  'content-length' => '50',
  'connection' => 'close',
  'host' => 'puzhenshop.feibu.info',
)
[ begin ] [ PARAM ] array (
  'User' => 
  array (
    'user_name' => 'admin',
    'password' => 'admin',
  ),
)
---------------------------------------------------------------
[ 2022-08-23T17:27:34+08:00 ] 116.21.14.24 POST puzhenshop.feibu.info/index.php?s=/store/passport/login
[ begin ] [ ROUTE ] array (
  'type' => 'module',
  'module' => 
  array (
    0 => 'store',
    1 => 'passport',
    2 => 'login',
  ),
)
[ begin ] [ HEADER ] array (
  'cookie' => '__root_domain_v=.feibu.info; _qddaz=QD.462850277201994; Hm_lvt_8231d52c4580fdb4fc6a6098e03a174f=1657371380; PHPSESSID=cu695lnq4vng6holuf0l355698',
  'accept-language' => 'zh-CN,zh;q=0.9',
  'accept-encoding' => 'gzip, deflate',
  'referer' => 'http://puzhenshop.feibu.info/index.php?s=/store/passport/login',
  'origin' => 'http://puzhenshop.feibu.info',
  'content-type' => 'application/x-www-form-urlencoded; charset=UTF-8',
  'user-agent' => 'Mozilla/5.0 (Macintosh; Intel Mac OS X 10_14_6) AppleWebKit/537.36 (KHTML, like Gecko) Chrome/104.0.0.0 Safari/537.36',
  'x-requested-with' => 'XMLHttpRequest',
  'accept' => 'application/json, text/javascript, */*; q=0.01',
  'content-length' => '50',
  'connection' => 'close',
  'host' => 'puzhenshop.feibu.info',
)
[ begin ] [ PARAM ] array (
  'User' => 
  array (
    'user_name' => 'admin',
    'password' => '12345',
  ),
)
---------------------------------------------------------------
[ 2022-08-23T17:27:36+08:00 ] 116.21.14.24 POST puzhenshop.feibu.info/index.php?s=/store/passport/login
[ begin ] [ ROUTE ] array (
  'type' => 'module',
  'module' => 
  array (
    0 => 'store',
    1 => 'passport',
    2 => 'login',
  ),
)
[ begin ] [ HEADER ] array (
  'cookie' => '__root_domain_v=.feibu.info; _qddaz=QD.462850277201994; Hm_lvt_8231d52c4580fdb4fc6a6098e03a174f=1657371380; PHPSESSID=cu695lnq4vng6holuf0l355698',
  'accept-language' => 'zh-CN,zh;q=0.9',
  'accept-encoding' => 'gzip, deflate',
  'referer' => 'http://puzhenshop.feibu.info/index.php?s=/store/passport/login',
  'origin' => 'http://puzhenshop.feibu.info',
  'content-type' => 'application/x-www-form-urlencoded; charset=UTF-8',
  'user-agent' => 'Mozilla/5.0 (Macintosh; Intel Mac OS X 10_14_6) AppleWebKit/537.36 (KHTML, like Gecko) Chrome/104.0.0.0 Safari/537.36',
  'x-requested-with' => 'XMLHttpRequest',
  'accept' => 'application/json, text/javascript, */*; q=0.01',
  'content-length' => '51',
  'connection' => 'close',
  'host' => 'puzhenshop.feibu.info',
)
[ begin ] [ PARAM ] array (
  'User' => 
  array (
    'user_name' => 'admin',
    'password' => '123456',
  ),
)
---------------------------------------------------------------
[ 2022-08-23T17:27:38+08:00 ] 116.21.14.24 GET puzhenshop.feibu.info/index.php?s=/store/index/index
[ begin ] [ ROUTE ] array (
  'type' => 'module',
  'module' => 
  array (
    0 => 'store',
    1 => 'index',
    2 => 'index',
  ),
)
[ begin ] [ HEADER ] array (
  'cookie' => '__root_domain_v=.feibu.info; _qddaz=QD.462850277201994; Hm_lvt_8231d52c4580fdb4fc6a6098e03a174f=1657371380; PHPSESSID=cu695lnq4vng6holuf0l355698',
  'accept-language' => 'zh-CN,zh;q=0.9',
  'accept-encoding' => 'gzip, deflate',
  'referer' => 'http://puzhenshop.feibu.info/index.php?s=/store/passport/login',
  'accept' => 'text/html,application/xhtml+xml,application/xml;q=0.9,image/avif,image/webp,image/apng,*/*;q=0.8,application/signed-exchange;v=b3;q=0.9',
  'user-agent' => 'Mozilla/5.0 (Macintosh; Intel Mac OS X 10_14_6) AppleWebKit/537.36 (KHTML, like Gecko) Chrome/104.0.0.0 Safari/537.36',
  'upgrade-insecure-requests' => '1',
  'connection' => 'close',
  'host' => 'puzhenshop.feibu.info',
)
[ begin ] [ PARAM ] array (
)
---------------------------------------------------------------
[ 2022-08-23T17:27:53+08:00 ] 116.21.14.24 GET puzhenshop.feibu.info/index.php?s=/store/goods/index
[ begin ] [ ROUTE ] array (
  'type' => 'module',
  'module' => 
  array (
    0 => 'store',
    1 => 'goods',
    2 => 'index',
  ),
)
[ begin ] [ HEADER ] array (
  'cookie' => '__root_domain_v=.feibu.info; _qddaz=QD.462850277201994; Hm_lvt_8231d52c4580fdb4fc6a6098e03a174f=1657371380; PHPSESSID=cu695lnq4vng6holuf0l355698',
  'accept-language' => 'zh-CN,zh;q=0.9',
  'accept-encoding' => 'gzip, deflate',
  'referer' => 'http://puzhenshop.feibu.info/index.php?s=/store/index/index',
  'accept' => 'text/html,application/xhtml+xml,application/xml;q=0.9,image/avif,image/webp,image/apng,*/*;q=0.8,application/signed-exchange;v=b3;q=0.9',
  'user-agent' => 'Mozilla/5.0 (Macintosh; Intel Mac OS X 10_14_6) AppleWebKit/537.36 (KHTML, like Gecko) Chrome/104.0.0.0 Safari/537.36',
  'upgrade-insecure-requests' => '1',
  'connection' => 'close',
  'host' => 'puzhenshop.feibu.info',
)
[ begin ] [ PARAM ] array (
)
---------------------------------------------------------------
[ 2022-08-23T17:27:58+08:00 ] 116.21.14.24 GET puzhenshop.feibu.info/index.php?s=/store/goods/edit/goods_id/10060
[ begin ] [ ROUTE ] array (
  'type' => 'module',
  'module' => 
  array (
    0 => 'store',
    1 => 'goods',
    2 => 'edit',
  ),
)
[ begin ] [ HEADER ] array (
  'cookie' => '__root_domain_v=.feibu.info; _qddaz=QD.462850277201994; Hm_lvt_8231d52c4580fdb4fc6a6098e03a174f=1657371380; PHPSESSID=cu695lnq4vng6holuf0l355698',
  'accept-language' => 'zh-CN,zh;q=0.9',
  'accept-encoding' => 'gzip, deflate',
  'referer' => 'http://puzhenshop.feibu.info/index.php?s=/store/goods/index',
  'accept' => 'text/html,application/xhtml+xml,application/xml;q=0.9,image/avif,image/webp,image/apng,*/*;q=0.8,application/signed-exchange;v=b3;q=0.9',
  'user-agent' => 'Mozilla/5.0 (Macintosh; Intel Mac OS X 10_14_6) AppleWebKit/537.36 (KHTML, like Gecko) Chrome/104.0.0.0 Safari/537.36',
  'upgrade-insecure-requests' => '1',
  'connection' => 'close',
  'host' => 'puzhenshop.feibu.info',
)
[ begin ] [ PARAM ] array (
  'goods_id' => '10060',
)
---------------------------------------------------------------
[ 2022-08-23T17:28:01+08:00 ] 116.21.14.24 GET puzhenshop.feibu.info/index.php?s=/store/upload.library/fileList&group_id=-1
[ begin ] [ ROUTE ] array (
  'type' => 'module',
  'module' => 
  array (
    0 => 'store',
    1 => 'upload.library',
    2 => 'fileList',
  ),
)
[ begin ] [ HEADER ] array (
  'cookie' => '__root_domain_v=.feibu.info; _qddaz=QD.462850277201994; Hm_lvt_8231d52c4580fdb4fc6a6098e03a174f=1657371380; PHPSESSID=cu695lnq4vng6holuf0l355698',
  'accept-language' => 'zh-CN,zh;q=0.9',
  'accept-encoding' => 'gzip, deflate',
  'referer' => 'http://puzhenshop.feibu.info/index.php?s=/store/goods/edit/goods_id/10060',
  'x-requested-with' => 'XMLHttpRequest',
  'user-agent' => 'Mozilla/5.0 (iPhone; CPU iPhone OS 13_2_3 like Mac OS X) AppleWebKit/605.1.15 (KHTML, like Gecko) Version/13.0.3 Mobile/15E148 Safari/604.1',
  'accept' => 'application/json, text/javascript, */*; q=0.01',
  'connection' => 'close',
  'host' => 'puzhenshop.feibu.info',
)
[ begin ] [ PARAM ] array (
  'group_id' => '-1',
)
---------------------------------------------------------------
[ 2022-08-23T17:28:11+08:00 ] 116.21.14.24 GET puzhenshop.feibu.info/index.php?s=/store/upload.library/fileList&group_id=0&page=1
[ begin ] [ ROUTE ] array (
  'type' => 'module',
  'module' => 
  array (
    0 => 'store',
    1 => 'upload.library',
    2 => 'fileList',
  ),
)
[ begin ] [ HEADER ] array (
  'cookie' => '__root_domain_v=.feibu.info; _qddaz=QD.462850277201994; Hm_lvt_8231d52c4580fdb4fc6a6098e03a174f=1657371380; PHPSESSID=cu695lnq4vng6holuf0l355698',
  'accept-language' => 'zh-CN,zh;q=0.9',
  'accept-encoding' => 'gzip, deflate',
  'referer' => 'http://puzhenshop.feibu.info/index.php?s=/store/goods/edit/goods_id/10060',
  'x-requested-with' => 'XMLHttpRequest',
  'user-agent' => 'Mozilla/5.0 (iPhone; CPU iPhone OS 13_2_3 like Mac OS X) AppleWebKit/605.1.15 (KHTML, like Gecko) Version/13.0.3 Mobile/15E148 Safari/604.1',
  'accept' => 'application/json, text/javascript, */*; q=0.01',
  'connection' => 'close',
  'host' => 'puzhenshop.feibu.info',
)
[ begin ] [ PARAM ] array (
  'group_id' => '0',
  'page' => '1',
)
---------------------------------------------------------------
[ 2022-08-23T17:28:14+08:00 ] 116.21.14.24 GET puzhenshop.feibu.info/index.php?s=/store/upload.library/fileList&group_id=-1&page=1
[ begin ] [ ROUTE ] array (
  'type' => 'module',
  'module' => 
  array (
    0 => 'store',
    1 => 'upload.library',
    2 => 'fileList',
  ),
)
[ begin ] [ HEADER ] array (
  'cookie' => '__root_domain_v=.feibu.info; _qddaz=QD.462850277201994; Hm_lvt_8231d52c4580fdb4fc6a6098e03a174f=1657371380; PHPSESSID=cu695lnq4vng6holuf0l355698',
  'accept-language' => 'zh-CN,zh;q=0.9',
  'accept-encoding' => 'gzip, deflate',
  'referer' => 'http://puzhenshop.feibu.info/index.php?s=/store/goods/edit/goods_id/10060',
  'x-requested-with' => 'XMLHttpRequest',
  'user-agent' => 'Mozilla/5.0 (iPhone; CPU iPhone OS 13_2_3 like Mac OS X) AppleWebKit/605.1.15 (KHTML, like Gecko) Version/13.0.3 Mobile/15E148 Safari/604.1',
  'accept' => 'application/json, text/javascript, */*; q=0.01',
  'connection' => 'close',
  'host' => 'puzhenshop.feibu.info',
)
[ begin ] [ PARAM ] array (
  'group_id' => '-1',
  'page' => '1',
)
---------------------------------------------------------------
[ 2022-08-23T17:28:18+08:00 ] 116.21.14.24 GET puzhenshop.feibu.info/index.php?s=/store/upload.library/fileList&group_id=10003&page=1
[ begin ] [ ROUTE ] array (
  'type' => 'module',
  'module' => 
  array (
    0 => 'store',
    1 => 'upload.library',
    2 => 'fileList',
  ),
)
[ begin ] [ HEADER ] array (
  'cookie' => '__root_domain_v=.feibu.info; _qddaz=QD.462850277201994; Hm_lvt_8231d52c4580fdb4fc6a6098e03a174f=1657371380; PHPSESSID=cu695lnq4vng6holuf0l355698',
  'accept-language' => 'zh-CN,zh;q=0.9',
  'accept-encoding' => 'gzip, deflate',
  'referer' => 'http://puzhenshop.feibu.info/index.php?s=/store/goods/edit/goods_id/10060',
  'x-requested-with' => 'XMLHttpRequest',
  'user-agent' => 'Mozilla/5.0 (iPhone; CPU iPhone OS 13_2_3 like Mac OS X) AppleWebKit/605.1.15 (KHTML, like Gecko) Version/13.0.3 Mobile/15E148 Safari/604.1',
  'accept' => 'application/json, text/javascript, */*; q=0.01',
  'connection' => 'close',
  'host' => 'puzhenshop.feibu.info',
)
[ begin ] [ PARAM ] array (
  'group_id' => '10003',
  'page' => '1',
)
---------------------------------------------------------------
[ 2022-08-23T17:28:44+08:00 ] 116.21.14.24 GET puzhenshop.feibu.info/index.php?s=/store/upload.library/fileList&group_id=10005&page=1
[ begin ] [ ROUTE ] array (
  'type' => 'module',
  'module' => 
  array (
    0 => 'store',
    1 => 'upload.library',
    2 => 'fileList',
  ),
)
[ begin ] [ HEADER ] array (
  'cookie' => '__root_domain_v=.feibu.info; _qddaz=QD.462850277201994; Hm_lvt_8231d52c4580fdb4fc6a6098e03a174f=1657371380; PHPSESSID=cu695lnq4vng6holuf0l355698',
  'accept-language' => 'zh-CN,zh;q=0.9',
  'accept-encoding' => 'gzip, deflate',
  'referer' => 'http://puzhenshop.feibu.info/index.php?s=/store/goods/edit/goods_id/10060',
  'x-requested-with' => 'XMLHttpRequest',
  'user-agent' => 'Mozilla/5.0 (iPhone; CPU iPhone OS 13_2_3 like Mac OS X) AppleWebKit/605.1.15 (KHTML, like Gecko) Version/13.0.3 Mobile/15E148 Safari/604.1',
  'accept' => 'application/json, text/javascript, */*; q=0.01',
  'connection' => 'close',
  'host' => 'puzhenshop.feibu.info',
)
[ begin ] [ PARAM ] array (
  'group_id' => '10005',
  'page' => '1',
)
---------------------------------------------------------------
[ 2022-08-23T17:29:13+08:00 ] 116.21.14.24 GET puzhenshop.feibu.info/index.php?s=/store/upload.library/fileList&group_id=-1
[ begin ] [ ROUTE ] array (
  'type' => 'module',
  'module' => 
  array (
    0 => 'store',
    1 => 'upload.library',
    2 => 'fileList',
  ),
)
[ begin ] [ HEADER ] array (
  'cookie' => '__root_domain_v=.feibu.info; _qddaz=QD.462850277201994; Hm_lvt_8231d52c4580fdb4fc6a6098e03a174f=1657371380; PHPSESSID=cu695lnq4vng6holuf0l355698',
  'accept-language' => 'zh-CN,zh;q=0.9',
  'accept-encoding' => 'gzip, deflate',
  'referer' => 'http://puzhenshop.feibu.info/index.php?s=/store/goods/edit/goods_id/10060',
  'x-requested-with' => 'XMLHttpRequest',
  'user-agent' => 'Mozilla/5.0 (Macintosh; Intel Mac OS X 10_14_6) AppleWebKit/537.36 (KHTML, like Gecko) Chrome/104.0.0.0 Safari/537.36',
  'accept' => 'application/json, text/javascript, */*; q=0.01',
  'connection' => 'close',
  'host' => 'puzhenshop.feibu.info',
)
[ begin ] [ PARAM ] array (
  'group_id' => '-1',
)
---------------------------------------------------------------
[ 2022-08-23T17:29:43+08:00 ] 116.21.14.24 GET puzhenshop.feibu.info/index.php?s=/store/upload.library/fileList&group_id=-1
[ begin ] [ ROUTE ] array (
  'type' => 'module',
  'module' => 
  array (
    0 => 'store',
    1 => 'upload.library',
    2 => 'fileList',
  ),
)
[ begin ] [ HEADER ] array (
  'cookie' => '__root_domain_v=.feibu.info; _qddaz=QD.462850277201994; Hm_lvt_8231d52c4580fdb4fc6a6098e03a174f=1657371380; PHPSESSID=cu695lnq4vng6holuf0l355698',
  'accept-language' => 'zh-CN,zh;q=0.9',
  'accept-encoding' => 'gzip, deflate',
  'referer' => 'http://puzhenshop.feibu.info/index.php?s=/store/goods/edit/goods_id/10060',
  'x-requested-with' => 'XMLHttpRequest',
  'user-agent' => 'Mozilla/5.0 (Macintosh; Intel Mac OS X 10_14_6) AppleWebKit/537.36 (KHTML, like Gecko) Chrome/104.0.0.0 Safari/537.36',
  'accept' => 'application/json, text/javascript, */*; q=0.01',
  'connection' => 'close',
  'host' => 'puzhenshop.feibu.info',
)
[ begin ] [ PARAM ] array (
  'group_id' => '-1',
)
---------------------------------------------------------------
[ 2022-08-23T17:29:47+08:00 ] 116.21.14.24 GET puzhenshop.feibu.info/index.php?s=/store/goods/edit/goods_id/10060
[ begin ] [ ROUTE ] array (
  'type' => 'module',
  'module' => 
  array (
    0 => 'store',
    1 => 'goods',
    2 => 'edit',
  ),
)
[ begin ] [ HEADER ] array (
  'cookie' => '__root_domain_v=.feibu.info; _qddaz=QD.462850277201994; Hm_lvt_8231d52c4580fdb4fc6a6098e03a174f=1657371380; PHPSESSID=cu695lnq4vng6holuf0l355698',
  'accept-language' => 'zh-CN,zh;q=0.9',
  'accept-encoding' => 'gzip, deflate',
  'referer' => 'http://puzhenshop.feibu.info/index.php?s=/store/goods/index',
  'accept' => 'text/html,application/xhtml+xml,application/xml;q=0.9,image/avif,image/webp,image/apng,*/*;q=0.8,application/signed-exchange;v=b3;q=0.9',
  'user-agent' => 'Mozilla/5.0 (Macintosh; Intel Mac OS X 10_14_6) AppleWebKit/537.36 (KHTML, like Gecko) Chrome/104.0.0.0 Safari/537.36',
  'upgrade-insecure-requests' => '1',
  'cache-control' => 'max-age=0',
  'connection' => 'close',
  'host' => 'puzhenshop.feibu.info',
)
[ begin ] [ PARAM ] array (
  'goods_id' => '10060',
)
---------------------------------------------------------------
[ 2022-08-23T17:29:48+08:00 ] 116.21.14.24 GET puzhenshop.feibu.info/index.php?s=/store/upload.library/fileList&group_id=-1
[ begin ] [ ROUTE ] array (
  'type' => 'module',
  'module' => 
  array (
    0 => 'store',
    1 => 'upload.library',
    2 => 'fileList',
  ),
)
[ begin ] [ HEADER ] array (
  'cookie' => '__root_domain_v=.feibu.info; _qddaz=QD.462850277201994; Hm_lvt_8231d52c4580fdb4fc6a6098e03a174f=1657371380; PHPSESSID=cu695lnq4vng6holuf0l355698',
  'accept-language' => 'zh-CN,zh;q=0.9',
  'accept-encoding' => 'gzip, deflate',
  'referer' => 'http://puzhenshop.feibu.info/index.php?s=/store/goods/edit/goods_id/10060',
  'x-requested-with' => 'XMLHttpRequest',
  'user-agent' => 'Mozilla/5.0 (Macintosh; Intel Mac OS X 10_14_6) AppleWebKit/537.36 (KHTML, like Gecko) Chrome/104.0.0.0 Safari/537.36',
  'accept' => 'application/json, text/javascript, */*; q=0.01',
  'connection' => 'close',
  'host' => 'puzhenshop.feibu.info',
)
[ begin ] [ PARAM ] array (
  'group_id' => '-1',
)
---------------------------------------------------------------
[ 2022-08-23T17:29:50+08:00 ] 116.21.14.24 GET puzhenshop.feibu.info/index.php?s=/store/goods/edit/goods_id/10060
[ begin ] [ ROUTE ] array (
  'type' => 'module',
  'module' => 
  array (
    0 => 'store',
    1 => 'goods',
    2 => 'edit',
  ),
)
[ begin ] [ HEADER ] array (
  'cookie' => '__root_domain_v=.feibu.info; _qddaz=QD.462850277201994; Hm_lvt_8231d52c4580fdb4fc6a6098e03a174f=1657371380; PHPSESSID=cu695lnq4vng6holuf0l355698',
  'accept-language' => 'zh-CN,zh;q=0.9',
  'accept-encoding' => 'gzip, deflate',
  'referer' => 'http://puzhenshop.feibu.info/index.php?s=/store/goods/index',
  'accept' => 'text/html,application/xhtml+xml,application/xml;q=0.9,image/avif,image/webp,image/apng,*/*;q=0.8,application/signed-exchange;v=b3;q=0.9',
  'user-agent' => 'Mozilla/5.0 (Macintosh; Intel Mac OS X 10_14_6) AppleWebKit/537.36 (KHTML, like Gecko) Chrome/104.0.0.0 Safari/537.36',
  'upgrade-insecure-requests' => '1',
  'cache-control' => 'max-age=0',
  'connection' => 'close',
  'host' => 'puzhenshop.feibu.info',
)
[ begin ] [ PARAM ] array (
  'goods_id' => '10060',
)
---------------------------------------------------------------
[ 2022-08-23T17:29:51+08:00 ] 116.21.14.24 GET puzhenshop.feibu.info/index.php?s=/store/upload.library/fileList&group_id=-1
[ begin ] [ ROUTE ] array (
  'type' => 'module',
  'module' => 
  array (
    0 => 'store',
    1 => 'upload.library',
    2 => 'fileList',
  ),
)
[ begin ] [ HEADER ] array (
  'cookie' => '__root_domain_v=.feibu.info; _qddaz=QD.462850277201994; Hm_lvt_8231d52c4580fdb4fc6a6098e03a174f=1657371380; PHPSESSID=cu695lnq4vng6holuf0l355698',
  'accept-language' => 'zh-CN,zh;q=0.9',
  'accept-encoding' => 'gzip, deflate',
  'referer' => 'http://puzhenshop.feibu.info/index.php?s=/store/goods/edit/goods_id/10060',
  'x-requested-with' => 'XMLHttpRequest',
  'user-agent' => 'Mozilla/5.0 (Macintosh; Intel Mac OS X 10_14_6) AppleWebKit/537.36 (KHTML, like Gecko) Chrome/104.0.0.0 Safari/537.36',
  'accept' => 'application/json, text/javascript, */*; q=0.01',
  'connection' => 'close',
  'host' => 'puzhenshop.feibu.info',
)
[ begin ] [ PARAM ] array (
  'group_id' => '-1',
)
---------------------------------------------------------------
[ 2022-08-23T17:29:55+08:00 ] 116.21.14.24 GET puzhenshop.feibu.info/index.php?s=/store/goods/edit/goods_id/10060
[ begin ] [ ROUTE ] array (
  'type' => 'module',
  'module' => 
  array (
    0 => 'store',
    1 => 'goods',
    2 => 'edit',
  ),
)
[ begin ] [ HEADER ] array (
  'cookie' => '__root_domain_v=.feibu.info; _qddaz=QD.462850277201994; Hm_lvt_8231d52c4580fdb4fc6a6098e03a174f=1657371380; PHPSESSID=cu695lnq4vng6holuf0l355698',
  'accept-language' => 'zh-CN,zh;q=0.9',
  'accept-encoding' => 'gzip, deflate',
  'referer' => 'http://puzhenshop.feibu.info/index.php?s=/store/goods/index',
  'accept' => 'text/html,application/xhtml+xml,application/xml;q=0.9,image/avif,image/webp,image/apng,*/*;q=0.8,application/signed-exchange;v=b3;q=0.9',
  'user-agent' => 'Mozilla/5.0 (Macintosh; Intel Mac OS X 10_14_6) AppleWebKit/537.36 (KHTML, like Gecko) Chrome/104.0.0.0 Safari/537.36',
  'upgrade-insecure-requests' => '1',
  'cache-control' => 'max-age=0',
  'connection' => 'close',
  'host' => 'puzhenshop.feibu.info',
)
[ begin ] [ PARAM ] array (
  'goods_id' => '10060',
)
---------------------------------------------------------------
[ 2022-08-23T17:29:56+08:00 ] 116.21.14.24 GET puzhenshop.feibu.info/index.php?s=/store/upload.library/fileList&group_id=-1
[ begin ] [ ROUTE ] array (
  'type' => 'module',
  'module' => 
  array (
    0 => 'store',
    1 => 'upload.library',
    2 => 'fileList',
  ),
)
[ begin ] [ HEADER ] array (
  'cookie' => '__root_domain_v=.feibu.info; _qddaz=QD.462850277201994; Hm_lvt_8231d52c4580fdb4fc6a6098e03a174f=1657371380; PHPSESSID=cu695lnq4vng6holuf0l355698',
  'accept-language' => 'zh-CN,zh;q=0.9',
  'accept-encoding' => 'gzip, deflate',
  'referer' => 'http://puzhenshop.feibu.info/index.php?s=/store/goods/edit/goods_id/10060',
  'x-requested-with' => 'XMLHttpRequest',
  'user-agent' => 'Mozilla/5.0 (Macintosh; Intel Mac OS X 10_14_6) AppleWebKit/537.36 (KHTML, like Gecko) Chrome/104.0.0.0 Safari/537.36',
  'accept' => 'application/json, text/javascript, */*; q=0.01',
  'connection' => 'close',
  'host' => 'puzhenshop.feibu.info',
)
[ begin ] [ PARAM ] array (
  'group_id' => '-1',
)
---------------------------------------------------------------
[ 2022-08-23T17:29:59+08:00 ] 116.21.14.24 GET puzhenshop.feibu.info/index.php?s=/store/goods/edit/goods_id/10060
[ begin ] [ ROUTE ] array (
  'type' => 'module',
  'module' => 
  array (
    0 => 'store',
    1 => 'goods',
    2 => 'edit',
  ),
)
[ begin ] [ HEADER ] array (
  'cookie' => '__root_domain_v=.feibu.info; _qddaz=QD.462850277201994; Hm_lvt_8231d52c4580fdb4fc6a6098e03a174f=1657371380; PHPSESSID=cu695lnq4vng6holuf0l355698',
  'accept-language' => 'zh-CN,zh;q=0.9',
  'accept-encoding' => 'gzip, deflate',
  'referer' => 'http://puzhenshop.feibu.info/index.php?s=/store/goods/index',
  'accept' => 'text/html,application/xhtml+xml,application/xml;q=0.9,image/avif,image/webp,image/apng,*/*;q=0.8,application/signed-exchange;v=b3;q=0.9',
  'user-agent' => 'Mozilla/5.0 (Macintosh; Intel Mac OS X 10_14_6) AppleWebKit/537.36 (KHTML, like Gecko) Chrome/104.0.0.0 Safari/537.36',
  'upgrade-insecure-requests' => '1',
  'cache-control' => 'no-cache',
  'pragma' => 'no-cache',
  'connection' => 'close',
  'host' => 'puzhenshop.feibu.info',
)
[ begin ] [ PARAM ] array (
  'goods_id' => '10060',
)
---------------------------------------------------------------
[ 2022-08-23T17:30:07+08:00 ] 116.21.14.24 GET puzhenshop.feibu.info/index.php?s=/store/tea_qrcode.factory_tea_qrcode/index
[ begin ] [ ROUTE ] array (
  'type' => 'module',
  'module' => 
  array (
    0 => 'store',
    1 => 'tea_qrcode.factory_tea_qrcode',
    2 => 'index',
  ),
)
[ begin ] [ HEADER ] array (
  'cookie' => '__root_domain_v=.feibu.info; _qddaz=QD.462850277201994; Hm_lvt_8231d52c4580fdb4fc6a6098e03a174f=1657371380; PHPSESSID=cu695lnq4vng6holuf0l355698',
  'accept-language' => 'zh-CN,zh;q=0.9',
  'accept-encoding' => 'gzip, deflate',
  'referer' => 'http://puzhenshop.feibu.info/index.php?s=/store/goods/edit/goods_id/10060',
  'accept' => 'text/html,application/xhtml+xml,application/xml;q=0.9,image/avif,image/webp,image/apng,*/*;q=0.8,application/signed-exchange;v=b3;q=0.9',
  'user-agent' => 'Mozilla/5.0 (Macintosh; Intel Mac OS X 10_14_6) AppleWebKit/537.36 (KHTML, like Gecko) Chrome/104.0.0.0 Safari/537.36',
  'upgrade-insecure-requests' => '1',
  'connection' => 'close',
  'host' => 'puzhenshop.feibu.info',
)
[ begin ] [ PARAM ] array (
)
---------------------------------------------------------------
[ 2022-08-23T17:30:10+08:00 ] 116.21.14.24 GET puzhenshop.feibu.info/index.php?s=/store/tea_qrcode.factory_tea_qrcode/edit/tea_qrcode_id/307
[ begin ] [ ROUTE ] array (
  'type' => 'module',
  'module' => 
  array (
    0 => 'store',
    1 => 'tea_qrcode.factory_tea_qrcode',
    2 => 'edit',
  ),
)
[ begin ] [ HEADER ] array (
  'cookie' => '__root_domain_v=.feibu.info; _qddaz=QD.462850277201994; Hm_lvt_8231d52c4580fdb4fc6a6098e03a174f=1657371380; PHPSESSID=cu695lnq4vng6holuf0l355698',
  'accept-language' => 'zh-CN,zh;q=0.9',
  'accept-encoding' => 'gzip, deflate',
  'referer' => 'http://puzhenshop.feibu.info/index.php?s=/store/tea_qrcode.factory_tea_qrcode/index',
  'accept' => 'text/html,application/xhtml+xml,application/xml;q=0.9,image/avif,image/webp,image/apng,*/*;q=0.8,application/signed-exchange;v=b3;q=0.9',
  'user-agent' => 'Mozilla/5.0 (Macintosh; Intel Mac OS X 10_14_6) AppleWebKit/537.36 (KHTML, like Gecko) Chrome/104.0.0.0 Safari/537.36',
  'upgrade-insecure-requests' => '1',
  'connection' => 'close',
  'host' => 'puzhenshop.feibu.info',
)
[ begin ] [ PARAM ] array (
  'tea_qrcode_id' => '307',
)
---------------------------------------------------------------
[ 2022-08-23T17:30:13+08:00 ] 116.21.14.24 GET puzhenshop.feibu.info/index.php?s=/store/tea_qrcode.factory_tea_qrcode/index
[ begin ] [ ROUTE ] array (
  'type' => 'module',
  'module' => 
  array (
    0 => 'store',
    1 => 'tea_qrcode.factory_tea_qrcode',
    2 => 'index',
  ),
)
[ begin ] [ HEADER ] array (
  'cookie' => '__root_domain_v=.feibu.info; _qddaz=QD.462850277201994; Hm_lvt_8231d52c4580fdb4fc6a6098e03a174f=1657371380; PHPSESSID=cu695lnq4vng6holuf0l355698',
  'accept-language' => 'zh-CN,zh;q=0.9',
  'accept-encoding' => 'gzip, deflate',
  'referer' => 'http://puzhenshop.feibu.info/index.php?s=/store/tea_qrcode.factory_tea_qrcode/edit/tea_qrcode_id/307',
  'accept' => 'text/html,application/xhtml+xml,application/xml;q=0.9,image/avif,image/webp,image/apng,*/*;q=0.8,application/signed-exchange;v=b3;q=0.9',
  'user-agent' => 'Mozilla/5.0 (Macintosh; Intel Mac OS X 10_14_6) AppleWebKit/537.36 (KHTML, like Gecko) Chrome/104.0.0.0 Safari/537.36',
  'upgrade-insecure-requests' => '1',
  'connection' => 'close',
  'host' => 'puzhenshop.feibu.info',
)
[ begin ] [ PARAM ] array (
)
---------------------------------------------------------------
[ 2022-08-23T17:30:14+08:00 ] 116.21.14.24 GET puzhenshop.feibu.info/index.php?s=/store/tea_qrcode.factory_tea_qrcode/add
[ begin ] [ ROUTE ] array (
  'type' => 'module',
  'module' => 
  array (
    0 => 'store',
    1 => 'tea_qrcode.factory_tea_qrcode',
    2 => 'add',
  ),
)
[ begin ] [ HEADER ] array (
  'cookie' => '__root_domain_v=.feibu.info; _qddaz=QD.462850277201994; Hm_lvt_8231d52c4580fdb4fc6a6098e03a174f=1657371380; PHPSESSID=cu695lnq4vng6holuf0l355698',
  'accept-language' => 'zh-CN,zh;q=0.9',
  'accept-encoding' => 'gzip, deflate',
  'referer' => 'http://puzhenshop.feibu.info/index.php?s=/store/tea_qrcode.factory_tea_qrcode/index',
  'accept' => 'text/html,application/xhtml+xml,application/xml;q=0.9,image/avif,image/webp,image/apng,*/*;q=0.8,application/signed-exchange;v=b3;q=0.9',
  'user-agent' => 'Mozilla/5.0 (Macintosh; Intel Mac OS X 10_14_6) AppleWebKit/537.36 (KHTML, like Gecko) Chrome/104.0.0.0 Safari/537.36',
  'upgrade-insecure-requests' => '1',
  'connection' => 'close',
  'host' => 'puzhenshop.feibu.info',
)
[ begin ] [ PARAM ] array (
)
---------------------------------------------------------------
[ 2022-08-23T17:30:16+08:00 ] 116.21.14.24 GET puzhenshop.feibu.info/index.php?s=/store/tea_qrcode.factory_tea_qrcode/index
[ begin ] [ ROUTE ] array (
  'type' => 'module',
  'module' => 
  array (
    0 => 'store',
    1 => 'tea_qrcode.factory_tea_qrcode',
    2 => 'index',
  ),
)
[ begin ] [ HEADER ] array (
  'cookie' => '__root_domain_v=.feibu.info; _qddaz=QD.462850277201994; Hm_lvt_8231d52c4580fdb4fc6a6098e03a174f=1657371380; PHPSESSID=cu695lnq4vng6holuf0l355698',
  'accept-language' => 'zh-CN,zh;q=0.9',
  'accept-encoding' => 'gzip, deflate',
  'referer' => 'http://puzhenshop.feibu.info/index.php?s=/store/tea_qrcode.factory_tea_qrcode/add',
  'accept' => 'text/html,application/xhtml+xml,application/xml;q=0.9,image/avif,image/webp,image/apng,*/*;q=0.8,application/signed-exchange;v=b3;q=0.9',
  'user-agent' => 'Mozilla/5.0 (Macintosh; Intel Mac OS X 10_14_6) AppleWebKit/537.36 (KHTML, like Gecko) Chrome/104.0.0.0 Safari/537.36',
  'upgrade-insecure-requests' => '1',
  'connection' => 'close',
  'host' => 'puzhenshop.feibu.info',
)
[ begin ] [ PARAM ] array (
)
---------------------------------------------------------------
[ 2022-08-23T17:30:19+08:00 ] 116.21.14.24 GET puzhenshop.feibu.info/index.php?s=/store/goods/index
[ begin ] [ ROUTE ] array (
  'type' => 'module',
  'module' => 
  array (
    0 => 'store',
    1 => 'goods',
    2 => 'index',
  ),
)
[ begin ] [ HEADER ] array (
  'cookie' => '__root_domain_v=.feibu.info; _qddaz=QD.462850277201994; Hm_lvt_8231d52c4580fdb4fc6a6098e03a174f=1657371380; PHPSESSID=cu695lnq4vng6holuf0l355698',
  'accept-language' => 'zh-CN,zh;q=0.9',
  'accept-encoding' => 'gzip, deflate',
  'referer' => 'http://puzhenshop.feibu.info/index.php?s=/store/tea_qrcode.factory_tea_qrcode/index',
  'accept' => 'text/html,application/xhtml+xml,application/xml;q=0.9,image/avif,image/webp,image/apng,*/*;q=0.8,application/signed-exchange;v=b3;q=0.9',
  'user-agent' => 'Mozilla/5.0 (Macintosh; Intel Mac OS X 10_14_6) AppleWebKit/537.36 (KHTML, like Gecko) Chrome/104.0.0.0 Safari/537.36',
  'upgrade-insecure-requests' => '1',
  'connection' => 'close',
  'host' => 'puzhenshop.feibu.info',
)
[ begin ] [ PARAM ] array (
)
---------------------------------------------------------------
[ 2022-08-23T17:31:39+08:00 ] 116.21.14.24 GET puzhenshop.feibu.info/index.php?s=/store/goods/add
[ begin ] [ ROUTE ] array (
  'type' => 'module',
  'module' => 
  array (
    0 => 'store',
    1 => 'goods',
    2 => 'add',
  ),
)
[ begin ] [ HEADER ] array (
  'cookie' => '__root_domain_v=.feibu.info; _qddaz=QD.462850277201994; Hm_lvt_8231d52c4580fdb4fc6a6098e03a174f=1657371380; PHPSESSID=cu695lnq4vng6holuf0l355698',
  'accept-language' => 'zh-CN,zh;q=0.9',
  'accept-encoding' => 'gzip, deflate',
  'referer' => 'http://puzhenshop.feibu.info/index.php?s=/store/goods/index',
  'accept' => 'text/html,application/xhtml+xml,application/xml;q=0.9,image/avif,image/webp,image/apng,*/*;q=0.8,application/signed-exchange;v=b3;q=0.9',
  'user-agent' => 'Mozilla/5.0 (Macintosh; Intel Mac OS X 10_14_6) AppleWebKit/537.36 (KHTML, like Gecko) Chrome/104.0.0.0 Safari/537.36',
  'upgrade-insecure-requests' => '1',
  'connection' => 'close',
  'host' => 'puzhenshop.feibu.info',
)
[ begin ] [ PARAM ] array (
)
---------------------------------------------------------------
[ 2022-08-23T17:31:41+08:00 ] 116.21.14.24 GET puzhenshop.feibu.info/index.php?s=/store/upload.library/fileList&group_id=-1
[ begin ] [ ROUTE ] array (
  'type' => 'module',
  'module' => 
  array (
    0 => 'store',
    1 => 'upload.library',
    2 => 'fileList',
  ),
)
[ begin ] [ HEADER ] array (
  'cookie' => '__root_domain_v=.feibu.info; _qddaz=QD.462850277201994; Hm_lvt_8231d52c4580fdb4fc6a6098e03a174f=1657371380; PHPSESSID=cu695lnq4vng6holuf0l355698',
  'accept-language' => 'zh-CN,zh;q=0.9',
  'accept-encoding' => 'gzip, deflate',
  'referer' => 'http://puzhenshop.feibu.info/index.php?s=/store/goods/add',
  'x-requested-with' => 'XMLHttpRequest',
  'user-agent' => 'Mozilla/5.0 (Macintosh; Intel Mac OS X 10_14_6) AppleWebKit/537.36 (KHTML, like Gecko) Chrome/104.0.0.0 Safari/537.36',
  'accept' => 'application/json, text/javascript, */*; q=0.01',
  'connection' => 'close',
  'host' => 'puzhenshop.feibu.info',
)
[ begin ] [ PARAM ] array (
  'group_id' => '-1',
)
---------------------------------------------------------------
[ 2022-08-23T17:51:48+08:00 ] 116.21.14.24 GET puzhenshop.feibu.info/index.php?s=/store/upload.library/fileList&group_id=-1
[ begin ] [ ROUTE ] array (
  'type' => 'module',
  'module' => 
  array (
    0 => 'store',
    1 => 'upload.library',
    2 => 'fileList',
  ),
)
[ begin ] [ HEADER ] array (
  'cookie' => '__root_domain_v=.feibu.info; _qddaz=QD.462850277201994; Hm_lvt_8231d52c4580fdb4fc6a6098e03a174f=1657371380; PHPSESSID=cu695lnq4vng6holuf0l355698',
  'accept-language' => 'zh-CN,zh;q=0.9',
  'accept-encoding' => 'gzip, deflate',
  'referer' => 'http://puzhenshop.feibu.info/index.php?s=/store/goods/add',
  'x-requested-with' => 'XMLHttpRequest',
  'user-agent' => 'Mozilla/5.0 (Macintosh; Intel Mac OS X 10_14_6) AppleWebKit/537.36 (KHTML, like Gecko) Chrome/104.0.0.0 Safari/537.36',
  'accept' => 'application/json, text/javascript, */*; q=0.01',
  'connection' => 'close',
  'host' => 'puzhenshop.feibu.info',
)
[ begin ] [ PARAM ] array (
  'group_id' => '-1',
)
---------------------------------------------------------------
[ 2022-08-23T18:25:27+08:00 ] 116.21.14.24 GET puzhenshop.feibu.info/index.php?s=/store/goods/add
[ begin ] [ ROUTE ] array (
  'type' => 'module',
  'module' => 
  array (
    0 => 'store',
    1 => 'goods',
    2 => 'add',
  ),
)
[ begin ] [ HEADER ] array (
  'cookie' => '__root_domain_v=.feibu.info; _qddaz=QD.462850277201994; Hm_lvt_8231d52c4580fdb4fc6a6098e03a174f=1657371380; PHPSESSID=cu695lnq4vng6holuf0l355698',
  'accept-language' => 'zh-CN,zh;q=0.9',
  'accept-encoding' => 'gzip, deflate',
  'referer' => 'http://puzhenshop.feibu.info/index.php?s=/store/goods/index',
  'accept' => 'text/html,application/xhtml+xml,application/xml;q=0.9,image/avif,image/webp,image/apng,*/*;q=0.8,application/signed-exchange;v=b3;q=0.9',
  'user-agent' => 'Mozilla/5.0 (Macintosh; Intel Mac OS X 10_14_6) AppleWebKit/537.36 (KHTML, like Gecko) Chrome/104.0.0.0 Safari/537.36',
  'upgrade-insecure-requests' => '1',
  'cache-control' => 'max-age=0',
  'connection' => 'close',
  'host' => 'puzhenshop.feibu.info',
)
[ begin ] [ PARAM ] array (
)
---------------------------------------------------------------
[ 2022-08-23T18:25:34+08:00 ] 116.21.14.24 GET puzhenshop.feibu.info/index.php?s=/store/upload.library/fileList&group_id=-1
[ begin ] [ ROUTE ] array (
  'type' => 'module',
  'module' => 
  array (
    0 => 'store',
    1 => 'upload.library',
    2 => 'fileList',
  ),
)
[ begin ] [ HEADER ] array (
  'cookie' => '__root_domain_v=.feibu.info; _qddaz=QD.462850277201994; Hm_lvt_8231d52c4580fdb4fc6a6098e03a174f=1657371380; PHPSESSID=cu695lnq4vng6holuf0l355698',
  'accept-language' => 'zh-CN,zh;q=0.9',
  'accept-encoding' => 'gzip, deflate',
  'referer' => 'http://puzhenshop.feibu.info/index.php?s=/store/goods/add',
  'x-requested-with' => 'XMLHttpRequest',
  'user-agent' => 'Mozilla/5.0 (Macintosh; Intel Mac OS X 10_14_6) AppleWebKit/537.36 (KHTML, like Gecko) Chrome/104.0.0.0 Safari/537.36',
  'accept' => 'application/json, text/javascript, */*; q=0.01',
  'connection' => 'close',
  'host' => 'puzhenshop.feibu.info',
)
[ begin ] [ PARAM ] array (
  'group_id' => '-1',
)
---------------------------------------------------------------
[ 2022-08-23T18:25:55+08:00 ] 116.21.14.24 GET puzhenshop.feibu.info/index.php?s=/store/goods/add
[ begin ] [ ROUTE ] array (
  'type' => 'module',
  'module' => 
  array (
    0 => 'store',
    1 => 'goods',
    2 => 'add',
  ),
)
[ begin ] [ HEADER ] array (
  'cookie' => '__root_domain_v=.feibu.info; _qddaz=QD.462850277201994; Hm_lvt_8231d52c4580fdb4fc6a6098e03a174f=1657371380; PHPSESSID=cu695lnq4vng6holuf0l355698',
  'accept-language' => 'zh-CN,zh;q=0.9',
  'accept-encoding' => 'gzip, deflate',
  'referer' => 'http://puzhenshop.feibu.info/index.php?s=/store/goods/index',
  'accept' => 'text/html,application/xhtml+xml,application/xml;q=0.9,image/avif,image/webp,image/apng,*/*;q=0.8,application/signed-exchange;v=b3;q=0.9',
  'user-agent' => 'Mozilla/5.0 (Macintosh; Intel Mac OS X 10_14_6) AppleWebKit/537.36 (KHTML, like Gecko) Chrome/104.0.0.0 Safari/537.36',
  'upgrade-insecure-requests' => '1',
  'cache-control' => 'max-age=0',
  'connection' => 'close',
  'host' => 'puzhenshop.feibu.info',
)
[ begin ] [ PARAM ] array (
)
---------------------------------------------------------------
[ 2022-08-23T18:28:48+08:00 ] 116.21.14.24 GET puzhenshop.feibu.info/index.php?s=/store/upload.library/fileList&group_id=-1
[ begin ] [ ROUTE ] array (
  'type' => 'module',
  'module' => 
  array (
    0 => 'store',
    1 => 'upload.library',
    2 => 'fileList',
  ),
)
[ begin ] [ HEADER ] array (
  'cookie' => '__root_domain_v=.feibu.info; _qddaz=QD.462850277201994; Hm_lvt_8231d52c4580fdb4fc6a6098e03a174f=1657371380; PHPSESSID=cu695lnq4vng6holuf0l355698',
  'accept-language' => 'zh-CN,zh;q=0.9',
  'accept-encoding' => 'gzip, deflate',
  'referer' => 'http://puzhenshop.feibu.info/index.php?s=/store/goods/add',
  'x-requested-with' => 'XMLHttpRequest',
  'user-agent' => 'Mozilla/5.0 (Macintosh; Intel Mac OS X 10_14_6) AppleWebKit/537.36 (KHTML, like Gecko) Chrome/104.0.0.0 Safari/537.36',
  'accept' => 'application/json, text/javascript, */*; q=0.01',
  'connection' => 'close',
  'host' => 'puzhenshop.feibu.info',
)
[ begin ] [ PARAM ] array (
  'group_id' => '-1',
)
---------------------------------------------------------------
[ 2022-08-23T18:29:49+08:00 ] 116.21.14.24 GET puzhenshop.feibu.info/index.php?s=/store/upload.library/fileList&group_id=-1&page=2
[ begin ] [ ROUTE ] array (
  'type' => 'module',
  'module' => 
  array (
    0 => 'store',
    1 => 'upload.library',
    2 => 'fileList',
  ),
)
[ begin ] [ HEADER ] array (
  'cookie' => '__root_domain_v=.feibu.info; _qddaz=QD.462850277201994; Hm_lvt_8231d52c4580fdb4fc6a6098e03a174f=1657371380; PHPSESSID=cu695lnq4vng6holuf0l355698',
  'accept-language' => 'zh-CN,zh;q=0.9',
  'accept-encoding' => 'gzip, deflate',
  'referer' => 'http://puzhenshop.feibu.info/index.php?s=/store/goods/add',
  'x-requested-with' => 'XMLHttpRequest',
  'user-agent' => 'Mozilla/5.0 (Macintosh; Intel Mac OS X 10_14_6) AppleWebKit/537.36 (KHTML, like Gecko) Chrome/104.0.0.0 Safari/537.36',
  'accept' => 'application/json, text/javascript, */*; q=0.01',
  'connection' => 'close',
  'host' => 'puzhenshop.feibu.info',
)
[ begin ] [ PARAM ] array (
  'group_id' => '-1',
  'page' => '2',
)
---------------------------------------------------------------
[ 2022-08-23T18:29:51+08:00 ] 116.21.14.24 GET puzhenshop.feibu.info/index.php?s=/store/upload.library/fileList&group_id=-1&page=1
[ begin ] [ ROUTE ] array (
  'type' => 'module',
  'module' => 
  array (
    0 => 'store',
    1 => 'upload.library',
    2 => 'fileList',
  ),
)
[ begin ] [ HEADER ] array (
  'cookie' => '__root_domain_v=.feibu.info; _qddaz=QD.462850277201994; Hm_lvt_8231d52c4580fdb4fc6a6098e03a174f=1657371380; PHPSESSID=cu695lnq4vng6holuf0l355698',
  'accept-language' => 'zh-CN,zh;q=0.9',
  'accept-encoding' => 'gzip, deflate',
  'referer' => 'http://puzhenshop.feibu.info/index.php?s=/store/goods/add',
  'x-requested-with' => 'XMLHttpRequest',
  'user-agent' => 'Mozilla/5.0 (Macintosh; Intel Mac OS X 10_14_6) AppleWebKit/537.36 (KHTML, like Gecko) Chrome/104.0.0.0 Safari/537.36',
  'accept' => 'application/json, text/javascript, */*; q=0.01',
  'connection' => 'close',
  'host' => 'puzhenshop.feibu.info',
)
[ begin ] [ PARAM ] array (
  'group_id' => '-1',
  'page' => '1',
)
---------------------------------------------------------------
[ 2022-08-23T18:29:56+08:00 ] 116.21.14.24 GET puzhenshop.feibu.info/index.php?s=/store/upload.library/fileList&group_id=-1&page=2
[ begin ] [ ROUTE ] array (
  'type' => 'module',
  'module' => 
  array (
    0 => 'store',
    1 => 'upload.library',
    2 => 'fileList',
  ),
)
[ begin ] [ HEADER ] array (
  'cookie' => '__root_domain_v=.feibu.info; _qddaz=QD.462850277201994; Hm_lvt_8231d52c4580fdb4fc6a6098e03a174f=1657371380; PHPSESSID=cu695lnq4vng6holuf0l355698',
  'accept-language' => 'zh-CN,zh;q=0.9',
  'accept-encoding' => 'gzip, deflate',
  'referer' => 'http://puzhenshop.feibu.info/index.php?s=/store/goods/add',
  'x-requested-with' => 'XMLHttpRequest',
  'user-agent' => 'Mozilla/5.0 (Macintosh; Intel Mac OS X 10_14_6) AppleWebKit/537.36 (KHTML, like Gecko) Chrome/104.0.0.0 Safari/537.36',
  'accept' => 'application/json, text/javascript, */*; q=0.01',
  'connection' => 'close',
  'host' => 'puzhenshop.feibu.info',
)
[ begin ] [ PARAM ] array (
  'group_id' => '-1',
  'page' => '2',
)
---------------------------------------------------------------
[ 2022-08-23T18:30:10+08:00 ] 116.21.14.24 GET puzhenshop.feibu.info/index.php?s=/store/upload.library/fileList&group_id=10005&page=1
[ begin ] [ ROUTE ] array (
  'type' => 'module',
  'module' => 
  array (
    0 => 'store',
    1 => 'upload.library',
    2 => 'fileList',
  ),
)
[ begin ] [ HEADER ] array (
  'cookie' => '__root_domain_v=.feibu.info; _qddaz=QD.462850277201994; Hm_lvt_8231d52c4580fdb4fc6a6098e03a174f=1657371380; PHPSESSID=cu695lnq4vng6holuf0l355698',
  'accept-language' => 'zh-CN,zh;q=0.9',
  'accept-encoding' => 'gzip, deflate',
  'referer' => 'http://puzhenshop.feibu.info/index.php?s=/store/goods/add',
  'x-requested-with' => 'XMLHttpRequest',
  'user-agent' => 'Mozilla/5.0 (Macintosh; Intel Mac OS X 10_14_6) AppleWebKit/537.36 (KHTML, like Gecko) Chrome/104.0.0.0 Safari/537.36',
  'accept' => 'application/json, text/javascript, */*; q=0.01',
  'connection' => 'close',
  'host' => 'puzhenshop.feibu.info',
)
[ begin ] [ PARAM ] array (
  'group_id' => '10005',
  'page' => '1',
)
---------------------------------------------------------------
[ 2022-08-23T18:30:12+08:00 ] 116.21.14.24 GET puzhenshop.feibu.info/index.php?s=/store/upload.library/fileList&group_id=-1&page=1
[ begin ] [ ROUTE ] array (
  'type' => 'module',
  'module' => 
  array (
    0 => 'store',
    1 => 'upload.library',
    2 => 'fileList',
  ),
)
[ begin ] [ HEADER ] array (
  'cookie' => '__root_domain_v=.feibu.info; _qddaz=QD.462850277201994; Hm_lvt_8231d52c4580fdb4fc6a6098e03a174f=1657371380; PHPSESSID=cu695lnq4vng6holuf0l355698',
  'accept-language' => 'zh-CN,zh;q=0.9',
  'accept-encoding' => 'gzip, deflate',
  'referer' => 'http://puzhenshop.feibu.info/index.php?s=/store/goods/add',
  'x-requested-with' => 'XMLHttpRequest',
  'user-agent' => 'Mozilla/5.0 (Macintosh; Intel Mac OS X 10_14_6) AppleWebKit/537.36 (KHTML, like Gecko) Chrome/104.0.0.0 Safari/537.36',
  'accept' => 'application/json, text/javascript, */*; q=0.01',
  'connection' => 'close',
  'host' => 'puzhenshop.feibu.info',
)
[ begin ] [ PARAM ] array (
  'group_id' => '-1',
  'page' => '1',
)
---------------------------------------------------------------
[ 2022-08-23T18:30:18+08:00 ] 116.21.14.24 GET puzhenshop.feibu.info/index.php?s=/store/upload.library/fileList&group_id=-1&page=2
[ begin ] [ ROUTE ] array (
  'type' => 'module',
  'module' => 
  array (
    0 => 'store',
    1 => 'upload.library',
    2 => 'fileList',
  ),
)
[ begin ] [ HEADER ] array (
  'cookie' => '__root_domain_v=.feibu.info; _qddaz=QD.462850277201994; Hm_lvt_8231d52c4580fdb4fc6a6098e03a174f=1657371380; PHPSESSID=cu695lnq4vng6holuf0l355698',
  'accept-language' => 'zh-CN,zh;q=0.9',
  'accept-encoding' => 'gzip, deflate',
  'referer' => 'http://puzhenshop.feibu.info/index.php?s=/store/goods/add',
  'x-requested-with' => 'XMLHttpRequest',
  'user-agent' => 'Mozilla/5.0 (Macintosh; Intel Mac OS X 10_14_6) AppleWebKit/537.36 (KHTML, like Gecko) Chrome/104.0.0.0 Safari/537.36',
  'accept' => 'application/json, text/javascript, */*; q=0.01',
  'connection' => 'close',
  'host' => 'puzhenshop.feibu.info',
)
[ begin ] [ PARAM ] array (
  'group_id' => '-1',
  'page' => '2',
)
