---------------------------------------------------------------
[ 2022-08-23T17:27:30+08:00 ] 116.21.14.24 POST puzhenshop.feibu.info/index.php?s=/store/passport/login
[ sql ] [ DB ] CONNECT:[ UseTime:0.012853s ] mysql:host=39.108.144.9;port=3306;dbname=puzhen_shop;charset=utf8
[ sql ] [ SQL ] SHOW COLUMNS FROM `puzhen_wxapp` [ RunTime:0.023178s ]
[ sql ] [ SQL ] SHOW COLUMNS FROM `puzhen_store_user` [ RunTime:0.013873s ]
[ sql ] [ SQL ] SELECT * FROM `puzhen_store_user` WHERE  `user_name` = 'admin'  AND `password` = '3ba43c2b79252401213ecbb8c9572ca8'  AND `is_delete` = 0 LIMIT 1 [ RunTime:0.008042s ]
---------------------------------------------------------------
[ 2022-08-23T17:27:34+08:00 ] 116.21.14.24 POST puzhenshop.feibu.info/index.php?s=/store/passport/login
[ sql ] [ DB ] CONNECT:[ UseTime:0.010870s ] mysql:host=39.108.144.9;port=3306;dbname=puzhen_shop;charset=utf8
[ sql ] [ SQL ] SHOW COLUMNS FROM `puzhen_wxapp` [ RunTime:0.008986s ]
[ sql ] [ SQL ] SHOW COLUMNS FROM `puzhen_store_user` [ RunTime:0.008926s ]
[ sql ] [ SQL ] SELECT * FROM `puzhen_store_user` WHERE  `user_name` = 'admin'  AND `password` = '52071b91746ade74d00132e41555f0df'  AND `is_delete` = 0 LIMIT 1 [ RunTime:0.007404s ]
---------------------------------------------------------------
[ 2022-08-23T17:27:36+08:00 ] 116.21.14.24 POST puzhenshop.feibu.info/index.php?s=/store/passport/login
[ sql ] [ DB ] CONNECT:[ UseTime:0.017414s ] mysql:host=39.108.144.9;port=3306;dbname=puzhen_shop;charset=utf8
[ sql ] [ SQL ] SHOW COLUMNS FROM `puzhen_wxapp` [ RunTime:0.007764s ]
[ sql ] [ SQL ] SHOW COLUMNS FROM `puzhen_store_user` [ RunTime:0.007443s ]
[ sql ] [ SQL ] SELECT * FROM `puzhen_store_user` WHERE  `user_name` = 'admin'  AND `password` = '66c63585eec964e89dedd44e73a11755'  AND `is_delete` = 0 LIMIT 1 [ RunTime:0.006672s ]
[ sql ] [ SQL ] SELECT * FROM `puzhen_wxapp` WHERE  `wxapp_id` = 10001 [ RunTime:0.006558s ]
---------------------------------------------------------------
[ 2022-08-23T17:27:38+08:00 ] 116.21.14.24 GET puzhenshop.feibu.info/index.php?s=/store/index/index
[ sql ] [ DB ] CONNECT:[ UseTime:0.015852s ] mysql:host=39.108.144.9;port=3306;dbname=puzhen_shop;charset=utf8
[ sql ] [ SQL ] SHOW COLUMNS FROM `puzhen_store_user` [ RunTime:0.011600s ]
[ sql ] [ SQL ] SELECT * FROM `puzhen_store_user` WHERE  `puzhen_store_user`.`wxapp_id` = 10001  AND `is_delete` = 0  AND `store_user_id` = 10001 LIMIT 1 [ RunTime:0.010555s ]
[ sql ] [ SQL ] SHOW COLUMNS FROM `puzhen_user` [ RunTime:0.016047s ]
[ sql ] [ SQL ] SELECT COUNT(*) AS tp_count FROM `puzhen_user` WHERE  `puzhen_user`.`wxapp_id` = 10001  AND `is_delete` = 0 LIMIT 1 [ RunTime:0.010611s ]
[ sql ] [ SQL ] SHOW COLUMNS FROM `puzhen_goods` [ RunTime:0.017896s ]
[ sql ] [ SQL ] SELECT COUNT(*) AS tp_count FROM `puzhen_goods` WHERE  `puzhen_goods`.`wxapp_id` = 10001  AND `is_delete` = 0 LIMIT 1 [ RunTime:0.010783s ]
[ sql ] [ SQL ] SHOW COLUMNS FROM `puzhen_factory` [ RunTime:0.016616s ]
[ sql ] [ SQL ] SELECT COUNT(*) AS tp_count FROM `puzhen_factory` WHERE  `puzhen_factory`.`wxapp_id` = 10001  AND `is_delete` = 0 LIMIT 1 [ RunTime:0.010670s ]
[ sql ] [ SQL ] SHOW COLUMNS FROM `puzhen_distributor` [ RunTime:0.017675s ]
[ sql ] [ SQL ] SELECT COUNT(*) AS tp_count FROM `puzhen_distributor` WHERE  `puzhen_distributor`.`wxapp_id` = 10001  AND `is_delete` = 0 LIMIT 1 [ RunTime:0.010691s ]
[ sql ] [ SQL ] SHOW COLUMNS FROM `puzhen_equipment` [ RunTime:0.015426s ]
[ sql ] [ SQL ] SELECT COUNT(*) AS tp_count FROM `puzhen_equipment` WHERE  `puzhen_equipment`.`wxapp_id` = 10001  AND `is_delete` = 0 LIMIT 1 [ RunTime:0.010574s ]
[ sql ] [ SQL ] SHOW COLUMNS FROM `puzhen_user_equipment` [ RunTime:0.016766s ]
[ sql ] [ SQL ] SELECT COUNT(*) AS tp_count FROM `puzhen_user_equipment` WHERE  `puzhen_user_equipment`.`wxapp_id` = 10001  AND `status` = 20 LIMIT 1 [ RunTime:0.010522s ]
[ sql ] [ SQL ] SHOW COLUMNS FROM `puzhen_tea_qrcode` [ RunTime:0.015813s ]
[ sql ] [ SQL ] SELECT COUNT(*) AS tp_count FROM `puzhen_tea_qrcode` WHERE  `puzhen_tea_qrcode`.`wxapp_id` = 10001  AND `user_id` <> 0 LIMIT 1 [ RunTime:0.010678s ]
---------------------------------------------------------------
[ 2022-08-23T17:27:53+08:00 ] 116.21.14.24 GET puzhenshop.feibu.info/index.php?s=/store/goods/index
[ sql ] [ DB ] CONNECT:[ UseTime:0.013242s ] mysql:host=39.108.144.9;port=3306;dbname=puzhen_shop;charset=utf8
[ sql ] [ SQL ] SHOW COLUMNS FROM `puzhen_store_user` [ RunTime:0.010574s ]
[ sql ] [ SQL ] SELECT * FROM `puzhen_store_user` WHERE  `puzhen_store_user`.`wxapp_id` = 10001  AND `is_delete` = 0  AND `store_user_id` = 10001 LIMIT 1 [ RunTime:0.008671s ]
[ sql ] [ SQL ] SHOW COLUMNS FROM `puzhen_goods_sku` [ RunTime:0.016322s ]
[ sql ] [ SQL ] SHOW COLUMNS FROM `puzhen_category` [ RunTime:0.016164s ]
[ sql ] [ SQL ] SHOW COLUMNS FROM `puzhen_goods` [ RunTime:0.009473s ]
[ sql ] [ SQL ] SELECT COUNT(*) AS tp_count FROM `puzhen_goods` `goods` INNER JOIN `puzhen_factory` `factory` ON `factory`.`factory_id`=`goods`.`factory_id` WHERE  `goods`.`wxapp_id` = 10001  AND `factory`.`is_delete` = 0  AND `goods`.`is_delete` = 0 LIMIT 1 [ RunTime:0.009747s ]
[ sql ] [ SQL ] SELECT `goods`.*,(goods.sales_initial + goods.sales_actual) as goods_sales,( SELECT MIN(goods_price) FROM `puzhen_goods_sku` WHERE  `puzhen_goods_sku`.`wxapp_id` = 10001  AND ( `goods_id` = `goods`.`goods_id` ) ) AS goods_min_price,( SELECT MAX(goods_price) FROM `puzhen_goods_sku` WHERE  `puzhen_goods_sku`.`wxapp_id` = 10001  AND ( `goods_id` = `goods`.`goods_id` ) ) AS goods_max_price,( SELECT MIN(ref_price) FROM `puzhen_goods_sku` WHERE  `puzhen_goods_sku`.`wxapp_id` = 10001  AND ( `goods_id` = `goods`.`goods_id` ) ) AS goods_min_ref_price,( SELECT MAX(ref_price) FROM `puzhen_goods_sku` WHERE  `puzhen_goods_sku`.`wxapp_id` = 10001  AND ( `goods_id` = `goods`.`goods_id` ) ) AS goods_max_ref_price FROM `puzhen_goods` `goods` INNER JOIN `puzhen_factory` `factory` ON `factory`.`factory_id`=`goods`.`factory_id` WHERE  `goods`.`wxapp_id` = 10001  AND `factory`.`is_delete` = 0  AND `goods`.`is_delete` = 0 ORDER BY `goods`.`goods_sort`,`goods`.`goods_id` DESC LIMIT 0,15 [ RunTime:0.011605s ]
[ sql ] [ SQL ] SELECT * FROM `puzhen_category` WHERE  `puzhen_category`.`wxapp_id` = 10001  AND `category_id` IN (10010,10011,10013,10014,10004,10008,10012,10007) [ RunTime:0.008796s ]
[ sql ] [ SQL ] SHOW COLUMNS FROM `puzhen_goods_image` [ RunTime:0.014533s ]
[ sql ] [ SQL ] SELECT * FROM `puzhen_goods_image` WHERE  `puzhen_goods_image`.`wxapp_id` = 10001  AND `goods_id` IN (10060,10059,10056,10042,10058,10057,10055,10054,10053,10052,10051,10047,10040,10063,10062) ORDER BY `id` ASC [ RunTime:0.008472s ]
[ sql ] [ SQL ] SHOW COLUMNS FROM `puzhen_upload_file` [ RunTime:0.013254s ]
[ sql ] [ SQL ] SELECT * FROM `puzhen_upload_file` WHERE  `puzhen_upload_file`.`wxapp_id` = 10001  AND `file_id` IN (10141,10142,10130,10149,10150,10151,10152,10155,10154,10148,10157,10109) [ RunTime:0.008929s ]
[ sql ] [ SQL ] SELECT * FROM `puzhen_goods_sku` WHERE  `puzhen_goods_sku`.`wxapp_id` = 10001  AND `goods_id` IN (10060,10059,10056,10042,10058,10057,10055,10054,10053,10052,10051,10047,10040,10063,10062) ORDER BY `goods_sku_id` ASC [ RunTime:0.008978s ]
[ sql ] [ SQL ] SHOW COLUMNS FROM `puzhen_factory` [ RunTime:0.009434s ]
[ sql ] [ SQL ] SELECT * FROM `puzhen_factory` WHERE  `puzhen_factory`.`wxapp_id` = 10001  AND `is_delete` = 0 ORDER BY `is_self` DESC,`sort` ASC,`create_time` ASC [ RunTime:0.008717s ]
[ sql ] [ SQL ] SELECT * FROM `puzhen_factory` WHERE  `puzhen_factory`.`wxapp_id` = 10001  AND `factory_id` = 1 LIMIT 1 [ RunTime:0.008558s ]
[ sql ] [ SQL ] SHOW COLUMNS FROM `puzhen_goods_tea_qrcode` [ RunTime:0.013997s ]
[ sql ] [ SQL ] SELECT * FROM `puzhen_goods_tea_qrcode` WHERE  `puzhen_goods_tea_qrcode`.`wxapp_id` = 10001  AND `goods_id` = 10060 LIMIT 1 [ RunTime:0.008456s ]
[ sql ] [ SQL ] SELECT * FROM `puzhen_factory` WHERE  `puzhen_factory`.`wxapp_id` = 10001  AND `factory_id` = 1 LIMIT 1 [ RunTime:0.008365s ]
[ sql ] [ SQL ] SELECT * FROM `puzhen_goods_tea_qrcode` WHERE  `puzhen_goods_tea_qrcode`.`wxapp_id` = 10001  AND `goods_id` = 10059 LIMIT 1 [ RunTime:0.008350s ]
[ sql ] [ SQL ] SELECT * FROM `puzhen_factory` WHERE  `puzhen_factory`.`wxapp_id` = 10001  AND `factory_id` = 1 LIMIT 1 [ RunTime:0.008345s ]
[ sql ] [ SQL ] SELECT * FROM `puzhen_goods_tea_qrcode` WHERE  `puzhen_goods_tea_qrcode`.`wxapp_id` = 10001  AND `goods_id` = 10056 LIMIT 1 [ RunTime:0.008406s ]
[ sql ] [ SQL ] SELECT * FROM `puzhen_factory` WHERE  `puzhen_factory`.`wxapp_id` = 10001  AND `factory_id` = 1 LIMIT 1 [ RunTime:0.008344s ]
[ sql ] [ SQL ] SELECT * FROM `puzhen_goods_tea_qrcode` WHERE  `puzhen_goods_tea_qrcode`.`wxapp_id` = 10001  AND `goods_id` = 10042 LIMIT 1 [ RunTime:0.008717s ]
[ sql ] [ SQL ] SELECT * FROM `puzhen_factory` WHERE  `puzhen_factory`.`wxapp_id` = 10001  AND `factory_id` = 1 LIMIT 1 [ RunTime:0.008680s ]
[ sql ] [ SQL ] SELECT * FROM `puzhen_goods_tea_qrcode` WHERE  `puzhen_goods_tea_qrcode`.`wxapp_id` = 10001  AND `goods_id` = 10058 LIMIT 1 [ RunTime:0.008746s ]
[ sql ] [ SQL ] SELECT * FROM `puzhen_factory` WHERE  `puzhen_factory`.`wxapp_id` = 10001  AND `factory_id` = 1 LIMIT 1 [ RunTime:0.008621s ]
[ sql ] [ SQL ] SELECT * FROM `puzhen_goods_tea_qrcode` WHERE  `puzhen_goods_tea_qrcode`.`wxapp_id` = 10001  AND `goods_id` = 10057 LIMIT 1 [ RunTime:0.008610s ]
[ sql ] [ SQL ] SELECT * FROM `puzhen_factory` WHERE  `puzhen_factory`.`wxapp_id` = 10001  AND `factory_id` = 1 LIMIT 1 [ RunTime:0.008627s ]
[ sql ] [ SQL ] SELECT * FROM `puzhen_goods_tea_qrcode` WHERE  `puzhen_goods_tea_qrcode`.`wxapp_id` = 10001  AND `goods_id` = 10055 LIMIT 1 [ RunTime:0.008568s ]
[ sql ] [ SQL ] SELECT * FROM `puzhen_factory` WHERE  `puzhen_factory`.`wxapp_id` = 10001  AND `factory_id` = 1 LIMIT 1 [ RunTime:0.008645s ]
[ sql ] [ SQL ] SELECT * FROM `puzhen_goods_tea_qrcode` WHERE  `puzhen_goods_tea_qrcode`.`wxapp_id` = 10001  AND `goods_id` = 10054 LIMIT 1 [ RunTime:0.008961s ]
[ sql ] [ SQL ] SELECT * FROM `puzhen_factory` WHERE  `puzhen_factory`.`wxapp_id` = 10001  AND `factory_id` = 1 LIMIT 1 [ RunTime:0.008644s ]
[ sql ] [ SQL ] SELECT * FROM `puzhen_goods_tea_qrcode` WHERE  `puzhen_goods_tea_qrcode`.`wxapp_id` = 10001  AND `goods_id` = 10053 LIMIT 1 [ RunTime:0.008686s ]
[ sql ] [ SQL ] SELECT * FROM `puzhen_factory` WHERE  `puzhen_factory`.`wxapp_id` = 10001  AND `factory_id` = 1 LIMIT 1 [ RunTime:0.008676s ]
[ sql ] [ SQL ] SELECT * FROM `puzhen_goods_tea_qrcode` WHERE  `puzhen_goods_tea_qrcode`.`wxapp_id` = 10001  AND `goods_id` = 10052 LIMIT 1 [ RunTime:0.008762s ]
[ sql ] [ SQL ] SELECT * FROM `puzhen_factory` WHERE  `puzhen_factory`.`wxapp_id` = 10001  AND `factory_id` = 1 LIMIT 1 [ RunTime:0.008797s ]
[ sql ] [ SQL ] SELECT * FROM `puzhen_goods_tea_qrcode` WHERE  `puzhen_goods_tea_qrcode`.`wxapp_id` = 10001  AND `goods_id` = 10051 LIMIT 1 [ RunTime:0.008904s ]
[ sql ] [ SQL ] SELECT * FROM `puzhen_factory` WHERE  `puzhen_factory`.`wxapp_id` = 10001  AND `factory_id` = 1 LIMIT 1 [ RunTime:0.008783s ]
[ sql ] [ SQL ] SELECT * FROM `puzhen_goods_tea_qrcode` WHERE  `puzhen_goods_tea_qrcode`.`wxapp_id` = 10001  AND `goods_id` = 10047 LIMIT 1 [ RunTime:0.008826s ]
[ sql ] [ SQL ] SELECT * FROM `puzhen_factory` WHERE  `puzhen_factory`.`wxapp_id` = 10001  AND `factory_id` = 9 LIMIT 1 [ RunTime:0.009461s ]
[ sql ] [ SQL ] SELECT * FROM `puzhen_goods_tea_qrcode` WHERE  `puzhen_goods_tea_qrcode`.`wxapp_id` = 10001  AND `goods_id` = 10040 LIMIT 1 [ RunTime:0.008620s ]
[ sql ] [ SQL ] SELECT * FROM `puzhen_factory` WHERE  `puzhen_factory`.`wxapp_id` = 10001  AND `factory_id` = 1 LIMIT 1 [ RunTime:0.009226s ]
[ sql ] [ SQL ] SELECT * FROM `puzhen_goods_tea_qrcode` WHERE  `puzhen_goods_tea_qrcode`.`wxapp_id` = 10001  AND `goods_id` = 10063 LIMIT 1 [ RunTime:0.008521s ]
[ sql ] [ SQL ] SELECT * FROM `puzhen_factory` WHERE  `puzhen_factory`.`wxapp_id` = 10001  AND `factory_id` = 1 LIMIT 1 [ RunTime:0.008691s ]
[ sql ] [ SQL ] SELECT * FROM `puzhen_goods_tea_qrcode` WHERE  `puzhen_goods_tea_qrcode`.`wxapp_id` = 10001  AND `goods_id` = 10062 LIMIT 1 [ RunTime:0.008625s ]
---------------------------------------------------------------
[ 2022-08-23T17:27:58+08:00 ] 116.21.14.24 GET puzhenshop.feibu.info/index.php?s=/store/goods/edit/goods_id/10060
[ sql ] [ DB ] CONNECT:[ UseTime:0.020982s ] mysql:host=39.108.144.9;port=3306;dbname=puzhen_shop;charset=utf8
[ sql ] [ SQL ] SHOW COLUMNS FROM `puzhen_store_user` [ RunTime:0.011437s ]
[ sql ] [ SQL ] SELECT * FROM `puzhen_store_user` WHERE  `puzhen_store_user`.`wxapp_id` = 10001  AND `is_delete` = 0  AND `store_user_id` = 10001 LIMIT 1 [ RunTime:0.010209s ]
[ sql ] [ SQL ] SHOW COLUMNS FROM `puzhen_category` [ RunTime:0.011498s ]
[ sql ] [ SQL ] SHOW COLUMNS FROM `puzhen_goods` [ RunTime:0.011673s ]
[ sql ] [ SQL ] SELECT * FROM `puzhen_goods` WHERE  `puzhen_goods`.`wxapp_id` = 10001  AND `goods_id` = 10060 LIMIT 1 [ RunTime:0.010447s ]
[ sql ] [ SQL ] SELECT * FROM `puzhen_category` WHERE  `puzhen_category`.`wxapp_id` = 10001  AND `category_id` = 10010 [ RunTime:0.010181s ]
[ sql ] [ SQL ] SHOW COLUMNS FROM `puzhen_goods_image` [ RunTime:0.011560s ]
[ sql ] [ SQL ] SELECT * FROM `puzhen_goods_image` WHERE  `puzhen_goods_image`.`wxapp_id` = 10001  AND `goods_id` = 10060 ORDER BY `id` ASC [ RunTime:0.010327s ]
[ sql ] [ SQL ] SHOW COLUMNS FROM `puzhen_upload_file` [ RunTime:0.011614s ]
[ sql ] [ SQL ] SELECT * FROM `puzhen_upload_file` WHERE  `puzhen_upload_file`.`wxapp_id` = 10001  AND `file_id` IN (10154) [ RunTime:0.010559s ]
[ sql ] [ SQL ] SHOW COLUMNS FROM `puzhen_goods_sku` [ RunTime:0.031741s ]
[ sql ] [ SQL ] SELECT * FROM `puzhen_goods_sku` WHERE  `puzhen_goods_sku`.`wxapp_id` = 10001  AND `goods_id` = 10060 ORDER BY `goods_sku_id` ASC [ RunTime:0.010308s ]
[ sql ] [ SQL ] SELECT * FROM `puzhen_upload_file` WHERE  `puzhen_upload_file`.`wxapp_id` = 10001  AND `file_id` IN (0) [ RunTime:0.032917s ]
[ sql ] [ SQL ] SHOW COLUMNS FROM `puzhen_spec_value` [ RunTime:0.015992s ]
[ sql ] [ SQL ] SHOW COLUMNS FROM `puzhen_goods_spec_rel` [ RunTime:0.014677s ]
[ sql ] [ SQL ] SHOW COLUMNS FROM `puzhen_spec` [ RunTime:0.015747s ]
[ sql ] [ SQL ] SELECT `puzhen_spec_value`.*,pivot.id AS pivot__id,pivot.goods_id AS pivot__goods_id,pivot.spec_id AS pivot__spec_id,pivot.spec_value_id AS pivot__spec_value_id,pivot.factory_id AS pivot__factory_id,pivot.wxapp_id AS pivot__wxapp_id,pivot.create_time AS pivot__create_time FROM `puzhen_spec_value` INNER JOIN `puzhen_goods_spec_rel` `pivot` ON `pivot`.`spec_value_id`=`puzhen_spec_value`.`spec_value_id` WHERE  `puzhen_spec_value`.`wxapp_id` = 10001  AND `pivot`.`goods_id` = 10060 ORDER BY `id` ASC [ RunTime:0.010107s ]
[ sql ] [ SQL ] SHOW COLUMNS FROM `puzhen_factory` [ RunTime:0.011140s ]
[ sql ] [ SQL ] SELECT * FROM `puzhen_factory` WHERE  `puzhen_factory`.`wxapp_id` = 10001  AND `is_delete` = 0 ORDER BY `is_self` DESC,`sort` ASC,`create_time` ASC [ RunTime:0.010166s ]
[ sql ] [ SQL ] SHOW COLUMNS FROM `puzhen_delivery` [ RunTime:0.015787s ]
[ sql ] [ SQL ] SELECT * FROM `puzhen_delivery` WHERE  `puzhen_delivery`.`wxapp_id` = 10001 ORDER BY `sort` ASC,`delivery_id` DESC [ RunTime:0.010131s ]
[ sql ] [ SQL ] SHOW COLUMNS FROM `puzhen_user_grade` [ RunTime:0.015441s ]
[ sql ] [ SQL ] SELECT * FROM `puzhen_user_grade` WHERE  `puzhen_user_grade`.`wxapp_id` = 10001  AND `status` = 1  AND `is_delete` = 0  AND `wxapp_id` = 10001 ORDER BY `weight` DESC [ RunTime:0.010307s ]
[ sql ] [ SQL ] SELECT * FROM `puzhen_user_grade` WHERE  `puzhen_user_grade`.`wxapp_id` = 10001  AND `status` = 1  AND `is_delete` = 0  AND `wxapp_id` = 10001 ORDER BY `weight` ASC [ RunTime:0.010270s ]
[ sql ] [ SQL ] SHOW COLUMNS FROM `puzhen_sharp_goods` [ RunTime:0.016054s ]
[ sql ] [ SQL ] SELECT `sharp_goods_id` FROM `puzhen_sharp_goods` WHERE  `puzhen_sharp_goods`.`wxapp_id` = 10001  AND `goods_id` = 10060  AND `is_delete` = 0 LIMIT 1 [ RunTime:0.009853s ]
---------------------------------------------------------------
[ 2022-08-23T17:28:01+08:00 ] 116.21.14.24 GET puzhenshop.feibu.info/index.php?s=/store/upload.library/fileList&group_id=-1
[ sql ] [ DB ] CONNECT:[ UseTime:0.012752s ] mysql:host=39.108.144.9;port=3306;dbname=puzhen_shop;charset=utf8
[ sql ] [ SQL ] SHOW COLUMNS FROM `puzhen_store_user` [ RunTime:0.009974s ]
[ sql ] [ SQL ] SELECT * FROM `puzhen_store_user` WHERE  `puzhen_store_user`.`wxapp_id` = 10001  AND `is_delete` = 0  AND `store_user_id` = 10001 LIMIT 1 [ RunTime:0.008381s ]
[ sql ] [ SQL ] SHOW COLUMNS FROM `puzhen_upload_group` [ RunTime:0.015837s ]
[ sql ] [ SQL ] SELECT * FROM `puzhen_upload_group` WHERE  ( `puzhen_upload_group`.`wxapp_id` = 10001 AND `puzhen_upload_group`.`wxapp_id` = 10001 )  AND `group_type` = 'image'  AND `is_delete` = 0 ORDER BY `sort` ASC,`create_time` DESC [ RunTime:0.009471s ]
[ sql ] [ SQL ] SHOW COLUMNS FROM `puzhen_upload_file` [ RunTime:0.009846s ]
[ sql ] [ SQL ] SELECT COUNT(*) AS tp_count FROM `puzhen_upload_file` WHERE  ( `puzhen_upload_file`.`wxapp_id` = 10001 AND `puzhen_upload_file`.`wxapp_id` = 10001 AND `puzhen_upload_file`.`wxapp_id` = 10001 )  AND `file_type` = 'image'  AND `is_recycle` = 0  AND `is_user` = 0  AND `is_delete` = 0 LIMIT 1 [ RunTime:0.008394s ]
[ sql ] [ SQL ] SELECT * FROM `puzhen_upload_file` WHERE  ( `puzhen_upload_file`.`wxapp_id` = 10001 AND `puzhen_upload_file`.`wxapp_id` = 10001 AND `puzhen_upload_file`.`wxapp_id` = 10001 )  AND `file_type` = 'image'  AND `is_recycle` = 0  AND `is_user` = 0  AND `is_delete` = 0 ORDER BY `file_id` DESC LIMIT 0,32 [ RunTime:0.008556s ]
[ sql ] [ SQL ] SELECT * FROM `puzhen_upload_group` WHERE  `puzhen_upload_group`.`wxapp_id` = 10001  AND `group_id` IN (0,10006) [ RunTime:0.008390s ]
---------------------------------------------------------------
[ 2022-08-23T17:28:11+08:00 ] 116.21.14.24 GET puzhenshop.feibu.info/index.php?s=/store/upload.library/fileList&group_id=0&page=1
[ sql ] [ DB ] CONNECT:[ UseTime:0.018597s ] mysql:host=39.108.144.9;port=3306;dbname=puzhen_shop;charset=utf8
[ sql ] [ SQL ] SHOW COLUMNS FROM `puzhen_store_user` [ RunTime:0.009367s ]
[ sql ] [ SQL ] SELECT * FROM `puzhen_store_user` WHERE  `puzhen_store_user`.`wxapp_id` = 10001  AND `is_delete` = 0  AND `store_user_id` = 10001 LIMIT 1 [ RunTime:0.008235s ]
[ sql ] [ SQL ] SHOW COLUMNS FROM `puzhen_upload_group` [ RunTime:0.009580s ]
[ sql ] [ SQL ] SELECT * FROM `puzhen_upload_group` WHERE  ( `puzhen_upload_group`.`wxapp_id` = 10001 AND `puzhen_upload_group`.`wxapp_id` = 10001 )  AND `group_type` = 'image'  AND `is_delete` = 0 ORDER BY `sort` ASC,`create_time` DESC [ RunTime:0.008448s ]
[ sql ] [ SQL ] SHOW COLUMNS FROM `puzhen_upload_file` [ RunTime:0.009673s ]
[ sql ] [ SQL ] SELECT COUNT(*) AS tp_count FROM `puzhen_upload_file` WHERE  ( `puzhen_upload_file`.`wxapp_id` = 10001 AND `puzhen_upload_file`.`wxapp_id` = 10001 AND `puzhen_upload_file`.`wxapp_id` = 10001 AND `puzhen_upload_file`.`wxapp_id` = 10001 )  AND `group_id` = 0  AND `file_type` = 'image'  AND `is_recycle` = 0  AND `is_user` = 0  AND `is_delete` = 0 LIMIT 1 [ RunTime:0.008476s ]
[ sql ] [ SQL ] SELECT * FROM `puzhen_upload_file` WHERE  ( `puzhen_upload_file`.`wxapp_id` = 10001 AND `puzhen_upload_file`.`wxapp_id` = 10001 AND `puzhen_upload_file`.`wxapp_id` = 10001 AND `puzhen_upload_file`.`wxapp_id` = 10001 )  AND `group_id` = 0  AND `file_type` = 'image'  AND `is_recycle` = 0  AND `is_user` = 0  AND `is_delete` = 0 ORDER BY `file_id` DESC LIMIT 0,32 [ RunTime:0.008497s ]
[ sql ] [ SQL ] SELECT * FROM `puzhen_upload_group` WHERE  `puzhen_upload_group`.`wxapp_id` = 10001  AND `group_id` IN (0) [ RunTime:0.008246s ]
---------------------------------------------------------------
[ 2022-08-23T17:28:14+08:00 ] 116.21.14.24 GET puzhenshop.feibu.info/index.php?s=/store/upload.library/fileList&group_id=-1&page=1
[ sql ] [ DB ] CONNECT:[ UseTime:0.009541s ] mysql:host=39.108.144.9;port=3306;dbname=puzhen_shop;charset=utf8
[ sql ] [ SQL ] SHOW COLUMNS FROM `puzhen_store_user` [ RunTime:0.007359s ]
[ sql ] [ SQL ] SELECT * FROM `puzhen_store_user` WHERE  `puzhen_store_user`.`wxapp_id` = 10001  AND `is_delete` = 0  AND `store_user_id` = 10001 LIMIT 1 [ RunTime:0.006241s ]
[ sql ] [ SQL ] SHOW COLUMNS FROM `puzhen_upload_group` [ RunTime:0.007278s ]
[ sql ] [ SQL ] SELECT * FROM `puzhen_upload_group` WHERE  ( `puzhen_upload_group`.`wxapp_id` = 10001 AND `puzhen_upload_group`.`wxapp_id` = 10001 )  AND `group_type` = 'image'  AND `is_delete` = 0 ORDER BY `sort` ASC,`create_time` DESC [ RunTime:0.030469s ]
[ sql ] [ SQL ] SHOW COLUMNS FROM `puzhen_upload_file` [ RunTime:0.007259s ]
[ sql ] [ SQL ] SELECT COUNT(*) AS tp_count FROM `puzhen_upload_file` WHERE  ( `puzhen_upload_file`.`wxapp_id` = 10001 AND `puzhen_upload_file`.`wxapp_id` = 10001 AND `puzhen_upload_file`.`wxapp_id` = 10001 )  AND `file_type` = 'image'  AND `is_recycle` = 0  AND `is_user` = 0  AND `is_delete` = 0 LIMIT 1 [ RunTime:0.006462s ]
[ sql ] [ SQL ] SELECT * FROM `puzhen_upload_file` WHERE  ( `puzhen_upload_file`.`wxapp_id` = 10001 AND `puzhen_upload_file`.`wxapp_id` = 10001 AND `puzhen_upload_file`.`wxapp_id` = 10001 )  AND `file_type` = 'image'  AND `is_recycle` = 0  AND `is_user` = 0  AND `is_delete` = 0 ORDER BY `file_id` DESC LIMIT 0,32 [ RunTime:0.006484s ]
[ sql ] [ SQL ] SELECT * FROM `puzhen_upload_group` WHERE  `puzhen_upload_group`.`wxapp_id` = 10001  AND `group_id` IN (0,10006) [ RunTime:0.006387s ]
---------------------------------------------------------------
[ 2022-08-23T17:28:18+08:00 ] 116.21.14.24 GET puzhenshop.feibu.info/index.php?s=/store/upload.library/fileList&group_id=10003&page=1
[ sql ] [ DB ] CONNECT:[ UseTime:0.015254s ] mysql:host=39.108.144.9;port=3306;dbname=puzhen_shop;charset=utf8
[ sql ] [ SQL ] SHOW COLUMNS FROM `puzhen_store_user` [ RunTime:0.011163s ]
[ sql ] [ SQL ] SELECT * FROM `puzhen_store_user` WHERE  `puzhen_store_user`.`wxapp_id` = 10001  AND `is_delete` = 0  AND `store_user_id` = 10001 LIMIT 1 [ RunTime:0.010163s ]
[ sql ] [ SQL ] SHOW COLUMNS FROM `puzhen_upload_group` [ RunTime:0.011247s ]
[ sql ] [ SQL ] SELECT * FROM `puzhen_upload_group` WHERE  ( `puzhen_upload_group`.`wxapp_id` = 10001 AND `puzhen_upload_group`.`wxapp_id` = 10001 )  AND `group_type` = 'image'  AND `is_delete` = 0 ORDER BY `sort` ASC,`create_time` DESC [ RunTime:0.031641s ]
[ sql ] [ SQL ] SHOW COLUMNS FROM `puzhen_upload_file` [ RunTime:0.011887s ]
[ sql ] [ SQL ] SELECT COUNT(*) AS tp_count FROM `puzhen_upload_file` WHERE  ( `puzhen_upload_file`.`wxapp_id` = 10001 AND `puzhen_upload_file`.`wxapp_id` = 10001 AND `puzhen_upload_file`.`wxapp_id` = 10001 AND `puzhen_upload_file`.`wxapp_id` = 10001 )  AND `group_id` = 10003  AND `file_type` = 'image'  AND `is_recycle` = 0  AND `is_user` = 0  AND `is_delete` = 0 LIMIT 1 [ RunTime:0.010452s ]
[ sql ] [ SQL ] SELECT * FROM `puzhen_upload_file` WHERE  ( `puzhen_upload_file`.`wxapp_id` = 10001 AND `puzhen_upload_file`.`wxapp_id` = 10001 AND `puzhen_upload_file`.`wxapp_id` = 10001 AND `puzhen_upload_file`.`wxapp_id` = 10001 )  AND `group_id` = 10003  AND `file_type` = 'image'  AND `is_recycle` = 0  AND `is_user` = 0  AND `is_delete` = 0 ORDER BY `file_id` DESC LIMIT 0,32 [ RunTime:0.010491s ]
[ sql ] [ SQL ] SELECT * FROM `puzhen_upload_group` WHERE  `puzhen_upload_group`.`wxapp_id` = 10001  AND `group_id` IN (10003) [ RunTime:0.010293s ]
---------------------------------------------------------------
[ 2022-08-23T17:28:44+08:00 ] 116.21.14.24 GET puzhenshop.feibu.info/index.php?s=/store/upload.library/fileList&group_id=10005&page=1
[ sql ] [ DB ] CONNECT:[ UseTime:0.013522s ] mysql:host=39.108.144.9;port=3306;dbname=puzhen_shop;charset=utf8
[ sql ] [ SQL ] SHOW COLUMNS FROM `puzhen_store_user` [ RunTime:0.009906s ]
[ sql ] [ SQL ] SELECT * FROM `puzhen_store_user` WHERE  `puzhen_store_user`.`wxapp_id` = 10001  AND `is_delete` = 0  AND `store_user_id` = 10001 LIMIT 1 [ RunTime:0.008710s ]
[ sql ] [ SQL ] SHOW COLUMNS FROM `puzhen_upload_group` [ RunTime:0.009634s ]
[ sql ] [ SQL ] SELECT * FROM `puzhen_upload_group` WHERE  ( `puzhen_upload_group`.`wxapp_id` = 10001 AND `puzhen_upload_group`.`wxapp_id` = 10001 )  AND `group_type` = 'image'  AND `is_delete` = 0 ORDER BY `sort` ASC,`create_time` DESC [ RunTime:0.008783s ]
[ sql ] [ SQL ] SHOW COLUMNS FROM `puzhen_upload_file` [ RunTime:0.009621s ]
[ sql ] [ SQL ] SELECT COUNT(*) AS tp_count FROM `puzhen_upload_file` WHERE  ( `puzhen_upload_file`.`wxapp_id` = 10001 AND `puzhen_upload_file`.`wxapp_id` = 10001 AND `puzhen_upload_file`.`wxapp_id` = 10001 AND `puzhen_upload_file`.`wxapp_id` = 10001 )  AND `group_id` = 10005  AND `file_type` = 'image'  AND `is_recycle` = 0  AND `is_user` = 0  AND `is_delete` = 0 LIMIT 1 [ RunTime:0.008659s ]
[ sql ] [ SQL ] SELECT * FROM `puzhen_upload_file` WHERE  ( `puzhen_upload_file`.`wxapp_id` = 10001 AND `puzhen_upload_file`.`wxapp_id` = 10001 AND `puzhen_upload_file`.`wxapp_id` = 10001 AND `puzhen_upload_file`.`wxapp_id` = 10001 )  AND `group_id` = 10005  AND `file_type` = 'image'  AND `is_recycle` = 0  AND `is_user` = 0  AND `is_delete` = 0 ORDER BY `file_id` DESC LIMIT 0,32 [ RunTime:0.008942s ]
[ sql ] [ SQL ] SELECT * FROM `puzhen_upload_group` WHERE  `puzhen_upload_group`.`wxapp_id` = 10001  AND `group_id` IN (10005) [ RunTime:0.008563s ]
---------------------------------------------------------------
[ 2022-08-23T17:29:13+08:00 ] 116.21.14.24 GET puzhenshop.feibu.info/index.php?s=/store/upload.library/fileList&group_id=-1
[ sql ] [ DB ] CONNECT:[ UseTime:0.011614s ] mysql:host=39.108.144.9;port=3306;dbname=puzhen_shop;charset=utf8
[ sql ] [ SQL ] SHOW COLUMNS FROM `puzhen_store_user` [ RunTime:0.008491s ]
[ sql ] [ SQL ] SELECT * FROM `puzhen_store_user` WHERE  `puzhen_store_user`.`wxapp_id` = 10001  AND `is_delete` = 0  AND `store_user_id` = 10001 LIMIT 1 [ RunTime:0.007458s ]
[ sql ] [ SQL ] SHOW COLUMNS FROM `puzhen_upload_group` [ RunTime:0.008272s ]
[ sql ] [ SQL ] SELECT * FROM `puzhen_upload_group` WHERE  ( `puzhen_upload_group`.`wxapp_id` = 10001 AND `puzhen_upload_group`.`wxapp_id` = 10001 )  AND `group_type` = 'image'  AND `is_delete` = 0 ORDER BY `sort` ASC,`create_time` DESC [ RunTime:0.007538s ]
[ sql ] [ SQL ] SHOW COLUMNS FROM `puzhen_upload_file` [ RunTime:0.008334s ]
[ sql ] [ SQL ] SELECT COUNT(*) AS tp_count FROM `puzhen_upload_file` WHERE  ( `puzhen_upload_file`.`wxapp_id` = 10001 AND `puzhen_upload_file`.`wxapp_id` = 10001 AND `puzhen_upload_file`.`wxapp_id` = 10001 )  AND `file_type` = 'image'  AND `is_recycle` = 0  AND `is_user` = 0  AND `is_delete` = 0 LIMIT 1 [ RunTime:0.007456s ]
[ sql ] [ SQL ] SELECT * FROM `puzhen_upload_file` WHERE  ( `puzhen_upload_file`.`wxapp_id` = 10001 AND `puzhen_upload_file`.`wxapp_id` = 10001 AND `puzhen_upload_file`.`wxapp_id` = 10001 )  AND `file_type` = 'image'  AND `is_recycle` = 0  AND `is_user` = 0  AND `is_delete` = 0 ORDER BY `file_id` DESC LIMIT 0,32 [ RunTime:0.007543s ]
[ sql ] [ SQL ] SELECT * FROM `puzhen_upload_group` WHERE  `puzhen_upload_group`.`wxapp_id` = 10001  AND `group_id` IN (0,10006) [ RunTime:0.007474s ]
---------------------------------------------------------------
[ 2022-08-23T17:29:43+08:00 ] 116.21.14.24 GET puzhenshop.feibu.info/index.php?s=/store/upload.library/fileList&group_id=-1
[ sql ] [ DB ] CONNECT:[ UseTime:0.014327s ] mysql:host=39.108.144.9;port=3306;dbname=puzhen_shop;charset=utf8
[ sql ] [ SQL ] SHOW COLUMNS FROM `puzhen_store_user` [ RunTime:0.010026s ]
[ sql ] [ SQL ] SELECT * FROM `puzhen_store_user` WHERE  `puzhen_store_user`.`wxapp_id` = 10001  AND `is_delete` = 0  AND `store_user_id` = 10001 LIMIT 1 [ RunTime:0.009300s ]
[ sql ] [ SQL ] SHOW COLUMNS FROM `puzhen_upload_group` [ RunTime:0.010457s ]
[ sql ] [ SQL ] SELECT * FROM `puzhen_upload_group` WHERE  ( `puzhen_upload_group`.`wxapp_id` = 10001 AND `puzhen_upload_group`.`wxapp_id` = 10001 )  AND `group_type` = 'image'  AND `is_delete` = 0 ORDER BY `sort` ASC,`create_time` DESC [ RunTime:0.009312s ]
[ sql ] [ SQL ] SHOW COLUMNS FROM `puzhen_upload_file` [ RunTime:0.009796s ]
[ sql ] [ SQL ] SELECT COUNT(*) AS tp_count FROM `puzhen_upload_file` WHERE  ( `puzhen_upload_file`.`wxapp_id` = 10001 AND `puzhen_upload_file`.`wxapp_id` = 10001 AND `puzhen_upload_file`.`wxapp_id` = 10001 )  AND `file_type` = 'image'  AND `is_recycle` = 0  AND `is_user` = 0  AND `is_delete` = 0 LIMIT 1 [ RunTime:0.009401s ]
[ sql ] [ SQL ] SELECT * FROM `puzhen_upload_file` WHERE  ( `puzhen_upload_file`.`wxapp_id` = 10001 AND `puzhen_upload_file`.`wxapp_id` = 10001 AND `puzhen_upload_file`.`wxapp_id` = 10001 )  AND `file_type` = 'image'  AND `is_recycle` = 0  AND `is_user` = 0  AND `is_delete` = 0 ORDER BY `file_id` DESC LIMIT 0,32 [ RunTime:0.009623s ]
[ sql ] [ SQL ] SELECT * FROM `puzhen_upload_group` WHERE  `puzhen_upload_group`.`wxapp_id` = 10001  AND `group_id` IN (0,10006) [ RunTime:0.009318s ]
---------------------------------------------------------------
[ 2022-08-23T17:29:47+08:00 ] 116.21.14.24 GET puzhenshop.feibu.info/index.php?s=/store/goods/edit/goods_id/10060
[ sql ] [ DB ] CONNECT:[ UseTime:0.017148s ] mysql:host=39.108.144.9;port=3306;dbname=puzhen_shop;charset=utf8
[ sql ] [ SQL ] SHOW COLUMNS FROM `puzhen_store_user` [ RunTime:0.007986s ]
[ sql ] [ SQL ] SELECT * FROM `puzhen_store_user` WHERE  `puzhen_store_user`.`wxapp_id` = 10001  AND `is_delete` = 0  AND `store_user_id` = 10001 LIMIT 1 [ RunTime:0.007483s ]
[ sql ] [ SQL ] SHOW COLUMNS FROM `puzhen_category` [ RunTime:0.008006s ]
[ sql ] [ SQL ] SHOW COLUMNS FROM `puzhen_goods` [ RunTime:0.007636s ]
[ sql ] [ SQL ] SELECT * FROM `puzhen_goods` WHERE  `puzhen_goods`.`wxapp_id` = 10001  AND `goods_id` = 10060 LIMIT 1 [ RunTime:0.007387s ]
[ sql ] [ SQL ] SELECT * FROM `puzhen_category` WHERE  `puzhen_category`.`wxapp_id` = 10001  AND `category_id` = 10010 [ RunTime:0.007167s ]
[ sql ] [ SQL ] SHOW COLUMNS FROM `puzhen_goods_image` [ RunTime:0.007539s ]
[ sql ] [ SQL ] SELECT * FROM `puzhen_goods_image` WHERE  `puzhen_goods_image`.`wxapp_id` = 10001  AND `goods_id` = 10060 ORDER BY `id` ASC [ RunTime:0.007344s ]
[ sql ] [ SQL ] SHOW COLUMNS FROM `puzhen_upload_file` [ RunTime:0.007563s ]
[ sql ] [ SQL ] SELECT * FROM `puzhen_upload_file` WHERE  `puzhen_upload_file`.`wxapp_id` = 10001  AND `file_id` IN (10154) [ RunTime:0.007190s ]
[ sql ] [ SQL ] SHOW COLUMNS FROM `puzhen_goods_sku` [ RunTime:0.007712s ]
[ sql ] [ SQL ] SELECT * FROM `puzhen_goods_sku` WHERE  `puzhen_goods_sku`.`wxapp_id` = 10001  AND `goods_id` = 10060 ORDER BY `goods_sku_id` ASC [ RunTime:0.007331s ]
[ sql ] [ SQL ] SELECT * FROM `puzhen_upload_file` WHERE  `puzhen_upload_file`.`wxapp_id` = 10001  AND `file_id` IN (0) [ RunTime:0.007192s ]
[ sql ] [ SQL ] SHOW COLUMNS FROM `puzhen_spec_value` [ RunTime:0.007581s ]
[ sql ] [ SQL ] SHOW COLUMNS FROM `puzhen_goods_spec_rel` [ RunTime:0.007485s ]
[ sql ] [ SQL ] SHOW COLUMNS FROM `puzhen_spec` [ RunTime:0.007530s ]
[ sql ] [ SQL ] SELECT `puzhen_spec_value`.*,pivot.id AS pivot__id,pivot.goods_id AS pivot__goods_id,pivot.spec_id AS pivot__spec_id,pivot.spec_value_id AS pivot__spec_value_id,pivot.factory_id AS pivot__factory_id,pivot.wxapp_id AS pivot__wxapp_id,pivot.create_time AS pivot__create_time FROM `puzhen_spec_value` INNER JOIN `puzhen_goods_spec_rel` `pivot` ON `pivot`.`spec_value_id`=`puzhen_spec_value`.`spec_value_id` WHERE  `puzhen_spec_value`.`wxapp_id` = 10001  AND `pivot`.`goods_id` = 10060 ORDER BY `id` ASC [ RunTime:0.007274s ]
[ sql ] [ SQL ] SHOW COLUMNS FROM `puzhen_factory` [ RunTime:0.007674s ]
[ sql ] [ SQL ] SELECT * FROM `puzhen_factory` WHERE  `puzhen_factory`.`wxapp_id` = 10001  AND `is_delete` = 0 ORDER BY `is_self` DESC,`sort` ASC,`create_time` ASC [ RunTime:0.007404s ]
[ sql ] [ SQL ] SHOW COLUMNS FROM `puzhen_delivery` [ RunTime:0.007989s ]
[ sql ] [ SQL ] SELECT * FROM `puzhen_delivery` WHERE  `puzhen_delivery`.`wxapp_id` = 10001 ORDER BY `sort` ASC,`delivery_id` DESC [ RunTime:0.007395s ]
[ sql ] [ SQL ] SHOW COLUMNS FROM `puzhen_user_grade` [ RunTime:0.007718s ]
[ sql ] [ SQL ] SELECT * FROM `puzhen_user_grade` WHERE  `puzhen_user_grade`.`wxapp_id` = 10001  AND `status` = 1  AND `is_delete` = 0  AND `wxapp_id` = 10001 ORDER BY `weight` ASC [ RunTime:0.007365s ]
[ sql ] [ SQL ] SHOW COLUMNS FROM `puzhen_sharp_goods` [ RunTime:0.007752s ]
[ sql ] [ SQL ] SELECT `sharp_goods_id` FROM `puzhen_sharp_goods` WHERE  `puzhen_sharp_goods`.`wxapp_id` = 10001  AND `goods_id` = 10060  AND `is_delete` = 0 LIMIT 1 [ RunTime:0.007157s ]
---------------------------------------------------------------
[ 2022-08-23T17:29:48+08:00 ] 116.21.14.24 GET puzhenshop.feibu.info/index.php?s=/store/upload.library/fileList&group_id=-1
[ sql ] [ DB ] CONNECT:[ UseTime:0.012586s ] mysql:host=39.108.144.9;port=3306;dbname=puzhen_shop;charset=utf8
[ sql ] [ SQL ] SHOW COLUMNS FROM `puzhen_store_user` [ RunTime:0.008723s ]
[ sql ] [ SQL ] SELECT * FROM `puzhen_store_user` WHERE  `puzhen_store_user`.`wxapp_id` = 10001  AND `is_delete` = 0  AND `store_user_id` = 10001 LIMIT 1 [ RunTime:0.008197s ]
[ sql ] [ SQL ] SHOW COLUMNS FROM `puzhen_upload_group` [ RunTime:0.008914s ]
[ sql ] [ SQL ] SELECT * FROM `puzhen_upload_group` WHERE  ( `puzhen_upload_group`.`wxapp_id` = 10001 AND `puzhen_upload_group`.`wxapp_id` = 10001 )  AND `group_type` = 'image'  AND `is_delete` = 0 ORDER BY `sort` ASC,`create_time` DESC [ RunTime:0.008276s ]
[ sql ] [ SQL ] SHOW COLUMNS FROM `puzhen_upload_file` [ RunTime:0.008623s ]
[ sql ] [ SQL ] SELECT COUNT(*) AS tp_count FROM `puzhen_upload_file` WHERE  ( `puzhen_upload_file`.`wxapp_id` = 10001 AND `puzhen_upload_file`.`wxapp_id` = 10001 AND `puzhen_upload_file`.`wxapp_id` = 10001 )  AND `file_type` = 'image'  AND `is_recycle` = 0  AND `is_user` = 0  AND `is_delete` = 0 LIMIT 1 [ RunTime:0.008359s ]
[ sql ] [ SQL ] SELECT * FROM `puzhen_upload_file` WHERE  ( `puzhen_upload_file`.`wxapp_id` = 10001 AND `puzhen_upload_file`.`wxapp_id` = 10001 AND `puzhen_upload_file`.`wxapp_id` = 10001 )  AND `file_type` = 'image'  AND `is_recycle` = 0  AND `is_user` = 0  AND `is_delete` = 0 ORDER BY `file_id` DESC LIMIT 0,32 [ RunTime:0.008415s ]
[ sql ] [ SQL ] SELECT * FROM `puzhen_upload_group` WHERE  `puzhen_upload_group`.`wxapp_id` = 10001  AND `group_id` IN (0,10006) [ RunTime:0.008168s ]
---------------------------------------------------------------
[ 2022-08-23T17:29:50+08:00 ] 116.21.14.24 GET puzhenshop.feibu.info/index.php?s=/store/goods/edit/goods_id/10060
[ sql ] [ DB ] CONNECT:[ UseTime:0.019271s ] mysql:host=39.108.144.9;port=3306;dbname=puzhen_shop;charset=utf8
[ sql ] [ SQL ] SHOW COLUMNS FROM `puzhen_store_user` [ RunTime:0.009775s ]
[ sql ] [ SQL ] SELECT * FROM `puzhen_store_user` WHERE  `puzhen_store_user`.`wxapp_id` = 10001  AND `is_delete` = 0  AND `store_user_id` = 10001 LIMIT 1 [ RunTime:0.009183s ]
[ sql ] [ SQL ] SHOW COLUMNS FROM `puzhen_category` [ RunTime:0.010370s ]
[ sql ] [ SQL ] SHOW COLUMNS FROM `puzhen_goods` [ RunTime:0.010225s ]
[ sql ] [ SQL ] SELECT * FROM `puzhen_goods` WHERE  `puzhen_goods`.`wxapp_id` = 10001  AND `goods_id` = 10060 LIMIT 1 [ RunTime:0.009405s ]
[ sql ] [ SQL ] SELECT * FROM `puzhen_category` WHERE  `puzhen_category`.`wxapp_id` = 10001  AND `category_id` = 10010 [ RunTime:0.009161s ]
[ sql ] [ SQL ] SHOW COLUMNS FROM `puzhen_goods_image` [ RunTime:0.010071s ]
[ sql ] [ SQL ] SELECT * FROM `puzhen_goods_image` WHERE  `puzhen_goods_image`.`wxapp_id` = 10001  AND `goods_id` = 10060 ORDER BY `id` ASC [ RunTime:0.009331s ]
[ sql ] [ SQL ] SHOW COLUMNS FROM `puzhen_upload_file` [ RunTime:0.010052s ]
[ sql ] [ SQL ] SELECT * FROM `puzhen_upload_file` WHERE  `puzhen_upload_file`.`wxapp_id` = 10001  AND `file_id` IN (10154) [ RunTime:0.009272s ]
[ sql ] [ SQL ] SHOW COLUMNS FROM `puzhen_goods_sku` [ RunTime:0.010552s ]
[ sql ] [ SQL ] SELECT * FROM `puzhen_goods_sku` WHERE  `puzhen_goods_sku`.`wxapp_id` = 10001  AND `goods_id` = 10060 ORDER BY `goods_sku_id` ASC [ RunTime:0.009336s ]
[ sql ] [ SQL ] SELECT * FROM `puzhen_upload_file` WHERE  `puzhen_upload_file`.`wxapp_id` = 10001  AND `file_id` IN (0) [ RunTime:0.009183s ]
[ sql ] [ SQL ] SHOW COLUMNS FROM `puzhen_spec_value` [ RunTime:0.010161s ]
[ sql ] [ SQL ] SHOW COLUMNS FROM `puzhen_goods_spec_rel` [ RunTime:0.010237s ]
[ sql ] [ SQL ] SHOW COLUMNS FROM `puzhen_spec` [ RunTime:0.010129s ]
[ sql ] [ SQL ] SELECT `puzhen_spec_value`.*,pivot.id AS pivot__id,pivot.goods_id AS pivot__goods_id,pivot.spec_id AS pivot__spec_id,pivot.spec_value_id AS pivot__spec_value_id,pivot.factory_id AS pivot__factory_id,pivot.wxapp_id AS pivot__wxapp_id,pivot.create_time AS pivot__create_time FROM `puzhen_spec_value` INNER JOIN `puzhen_goods_spec_rel` `pivot` ON `pivot`.`spec_value_id`=`puzhen_spec_value`.`spec_value_id` WHERE  `puzhen_spec_value`.`wxapp_id` = 10001  AND `pivot`.`goods_id` = 10060 ORDER BY `id` ASC [ RunTime:0.009360s ]
[ sql ] [ SQL ] SHOW COLUMNS FROM `puzhen_factory` [ RunTime:0.010366s ]
[ sql ] [ SQL ] SELECT * FROM `puzhen_factory` WHERE  `puzhen_factory`.`wxapp_id` = 10001  AND `is_delete` = 0 ORDER BY `is_self` DESC,`sort` ASC,`create_time` ASC [ RunTime:0.009307s ]
[ sql ] [ SQL ] SHOW COLUMNS FROM `puzhen_delivery` [ RunTime:0.010079s ]
[ sql ] [ SQL ] SELECT * FROM `puzhen_delivery` WHERE  `puzhen_delivery`.`wxapp_id` = 10001 ORDER BY `sort` ASC,`delivery_id` DESC [ RunTime:0.009144s ]
[ sql ] [ SQL ] SHOW COLUMNS FROM `puzhen_user_grade` [ RunTime:0.010422s ]
[ sql ] [ SQL ] SELECT * FROM `puzhen_user_grade` WHERE  `puzhen_user_grade`.`wxapp_id` = 10001  AND `status` = 1  AND `is_delete` = 0  AND `wxapp_id` = 10001 ORDER BY `weight` ASC [ RunTime:0.009427s ]
[ sql ] [ SQL ] SHOW COLUMNS FROM `puzhen_sharp_goods` [ RunTime:0.010066s ]
[ sql ] [ SQL ] SELECT `sharp_goods_id` FROM `puzhen_sharp_goods` WHERE  `puzhen_sharp_goods`.`wxapp_id` = 10001  AND `goods_id` = 10060  AND `is_delete` = 0 LIMIT 1 [ RunTime:0.009106s ]
---------------------------------------------------------------
[ 2022-08-23T17:29:51+08:00 ] 116.21.14.24 GET puzhenshop.feibu.info/index.php?s=/store/upload.library/fileList&group_id=-1
[ sql ] [ DB ] CONNECT:[ UseTime:0.019392s ] mysql:host=39.108.144.9;port=3306;dbname=puzhen_shop;charset=utf8
[ sql ] [ SQL ] SHOW COLUMNS FROM `puzhen_store_user` [ RunTime:0.010151s ]
[ sql ] [ SQL ] SELECT * FROM `puzhen_store_user` WHERE  `puzhen_store_user`.`wxapp_id` = 10001  AND `is_delete` = 0  AND `store_user_id` = 10001 LIMIT 1 [ RunTime:0.009185s ]
[ sql ] [ SQL ] SHOW COLUMNS FROM `puzhen_upload_group` [ RunTime:0.010357s ]
[ sql ] [ SQL ] SELECT * FROM `puzhen_upload_group` WHERE  ( `puzhen_upload_group`.`wxapp_id` = 10001 AND `puzhen_upload_group`.`wxapp_id` = 10001 )  AND `group_type` = 'image'  AND `is_delete` = 0 ORDER BY `sort` ASC,`create_time` DESC [ RunTime:0.009184s ]
[ sql ] [ SQL ] SHOW COLUMNS FROM `puzhen_upload_file` [ RunTime:0.010038s ]
[ sql ] [ SQL ] SELECT COUNT(*) AS tp_count FROM `puzhen_upload_file` WHERE  ( `puzhen_upload_file`.`wxapp_id` = 10001 AND `puzhen_upload_file`.`wxapp_id` = 10001 AND `puzhen_upload_file`.`wxapp_id` = 10001 )  AND `file_type` = 'image'  AND `is_recycle` = 0  AND `is_user` = 0  AND `is_delete` = 0 LIMIT 1 [ RunTime:0.009097s ]
[ sql ] [ SQL ] SELECT * FROM `puzhen_upload_file` WHERE  ( `puzhen_upload_file`.`wxapp_id` = 10001 AND `puzhen_upload_file`.`wxapp_id` = 10001 AND `puzhen_upload_file`.`wxapp_id` = 10001 )  AND `file_type` = 'image'  AND `is_recycle` = 0  AND `is_user` = 0  AND `is_delete` = 0 ORDER BY `file_id` DESC LIMIT 0,32 [ RunTime:0.009283s ]
[ sql ] [ SQL ] SELECT * FROM `puzhen_upload_group` WHERE  `puzhen_upload_group`.`wxapp_id` = 10001  AND `group_id` IN (0,10006) [ RunTime:0.009017s ]
---------------------------------------------------------------
[ 2022-08-23T17:29:55+08:00 ] 116.21.14.24 GET puzhenshop.feibu.info/index.php?s=/store/goods/edit/goods_id/10060
[ sql ] [ DB ] CONNECT:[ UseTime:0.019267s ] mysql:host=39.108.144.9;port=3306;dbname=puzhen_shop;charset=utf8
[ sql ] [ SQL ] SHOW COLUMNS FROM `puzhen_store_user` [ RunTime:0.009106s ]
[ sql ] [ SQL ] SELECT * FROM `puzhen_store_user` WHERE  `puzhen_store_user`.`wxapp_id` = 10001  AND `is_delete` = 0  AND `store_user_id` = 10001 LIMIT 1 [ RunTime:0.008480s ]
[ sql ] [ SQL ] SHOW COLUMNS FROM `puzhen_category` [ RunTime:0.009415s ]
[ sql ] [ SQL ] SHOW COLUMNS FROM `puzhen_goods` [ RunTime:0.009280s ]
[ sql ] [ SQL ] SELECT * FROM `puzhen_goods` WHERE  `puzhen_goods`.`wxapp_id` = 10001  AND `goods_id` = 10060 LIMIT 1 [ RunTime:0.008497s ]
[ sql ] [ SQL ] SELECT * FROM `puzhen_category` WHERE  `puzhen_category`.`wxapp_id` = 10001  AND `category_id` = 10010 [ RunTime:0.008133s ]
[ sql ] [ SQL ] SHOW COLUMNS FROM `puzhen_goods_image` [ RunTime:0.009234s ]
[ sql ] [ SQL ] SELECT * FROM `puzhen_goods_image` WHERE  `puzhen_goods_image`.`wxapp_id` = 10001  AND `goods_id` = 10060 ORDER BY `id` ASC [ RunTime:0.008276s ]
[ sql ] [ SQL ] SHOW COLUMNS FROM `puzhen_upload_file` [ RunTime:0.008628s ]
[ sql ] [ SQL ] SELECT * FROM `puzhen_upload_file` WHERE  `puzhen_upload_file`.`wxapp_id` = 10001  AND `file_id` IN (10154) [ RunTime:0.008515s ]
[ sql ] [ SQL ] SHOW COLUMNS FROM `puzhen_goods_sku` [ RunTime:0.009371s ]
[ sql ] [ SQL ] SELECT * FROM `puzhen_goods_sku` WHERE  `puzhen_goods_sku`.`wxapp_id` = 10001  AND `goods_id` = 10060 ORDER BY `goods_sku_id` ASC [ RunTime:0.008445s ]
[ sql ] [ SQL ] SELECT * FROM `puzhen_upload_file` WHERE  `puzhen_upload_file`.`wxapp_id` = 10001  AND `file_id` IN (0) [ RunTime:0.008192s ]
[ sql ] [ SQL ] SHOW COLUMNS FROM `puzhen_spec_value` [ RunTime:0.009196s ]
[ sql ] [ SQL ] SHOW COLUMNS FROM `puzhen_goods_spec_rel` [ RunTime:0.009108s ]
[ sql ] [ SQL ] SHOW COLUMNS FROM `puzhen_spec` [ RunTime:0.008974s ]
[ sql ] [ SQL ] SELECT `puzhen_spec_value`.*,pivot.id AS pivot__id,pivot.goods_id AS pivot__goods_id,pivot.spec_id AS pivot__spec_id,pivot.spec_value_id AS pivot__spec_value_id,pivot.factory_id AS pivot__factory_id,pivot.wxapp_id AS pivot__wxapp_id,pivot.create_time AS pivot__create_time FROM `puzhen_spec_value` INNER JOIN `puzhen_goods_spec_rel` `pivot` ON `pivot`.`spec_value_id`=`puzhen_spec_value`.`spec_value_id` WHERE  `puzhen_spec_value`.`wxapp_id` = 10001  AND `pivot`.`goods_id` = 10060 ORDER BY `id` ASC [ RunTime:0.008318s ]
[ sql ] [ SQL ] SHOW COLUMNS FROM `puzhen_factory` [ RunTime:0.009125s ]
[ sql ] [ SQL ] SELECT * FROM `puzhen_factory` WHERE  `puzhen_factory`.`wxapp_id` = 10001  AND `is_delete` = 0 ORDER BY `is_self` DESC,`sort` ASC,`create_time` ASC [ RunTime:0.008325s ]
[ sql ] [ SQL ] SHOW COLUMNS FROM `puzhen_delivery` [ RunTime:0.009161s ]
[ sql ] [ SQL ] SELECT * FROM `puzhen_delivery` WHERE  `puzhen_delivery`.`wxapp_id` = 10001 ORDER BY `sort` ASC,`delivery_id` DESC [ RunTime:0.008147s ]
[ sql ] [ SQL ] SHOW COLUMNS FROM `puzhen_user_grade` [ RunTime:0.009112s ]
[ sql ] [ SQL ] SELECT * FROM `puzhen_user_grade` WHERE  `puzhen_user_grade`.`wxapp_id` = 10001  AND `status` = 1  AND `is_delete` = 0  AND `wxapp_id` = 10001 ORDER BY `weight` ASC [ RunTime:0.008334s ]
[ sql ] [ SQL ] SHOW COLUMNS FROM `puzhen_sharp_goods` [ RunTime:0.009154s ]
[ sql ] [ SQL ] SELECT `sharp_goods_id` FROM `puzhen_sharp_goods` WHERE  `puzhen_sharp_goods`.`wxapp_id` = 10001  AND `goods_id` = 10060  AND `is_delete` = 0 LIMIT 1 [ RunTime:0.008313s ]
---------------------------------------------------------------
[ 2022-08-23T17:29:56+08:00 ] 116.21.14.24 GET puzhenshop.feibu.info/index.php?s=/store/upload.library/fileList&group_id=-1
[ sql ] [ DB ] CONNECT:[ UseTime:0.010392s ] mysql:host=39.108.144.9;port=3306;dbname=puzhen_shop;charset=utf8
[ sql ] [ SQL ] SHOW COLUMNS FROM `puzhen_store_user` [ RunTime:0.007331s ]
[ sql ] [ SQL ] SELECT * FROM `puzhen_store_user` WHERE  `puzhen_store_user`.`wxapp_id` = 10001  AND `is_delete` = 0  AND `store_user_id` = 10001 LIMIT 1 [ RunTime:0.006806s ]
[ sql ] [ SQL ] SHOW COLUMNS FROM `puzhen_upload_group` [ RunTime:0.007261s ]
[ sql ] [ SQL ] SELECT * FROM `puzhen_upload_group` WHERE  ( `puzhen_upload_group`.`wxapp_id` = 10001 AND `puzhen_upload_group`.`wxapp_id` = 10001 )  AND `group_type` = 'image'  AND `is_delete` = 0 ORDER BY `sort` ASC,`create_time` DESC [ RunTime:0.006895s ]
[ sql ] [ SQL ] SHOW COLUMNS FROM `puzhen_upload_file` [ RunTime:0.007341s ]
[ sql ] [ SQL ] SELECT COUNT(*) AS tp_count FROM `puzhen_upload_file` WHERE  ( `puzhen_upload_file`.`wxapp_id` = 10001 AND `puzhen_upload_file`.`wxapp_id` = 10001 AND `puzhen_upload_file`.`wxapp_id` = 10001 )  AND `file_type` = 'image'  AND `is_recycle` = 0  AND `is_user` = 0  AND `is_delete` = 0 LIMIT 1 [ RunTime:0.007071s ]
[ sql ] [ SQL ] SELECT * FROM `puzhen_upload_file` WHERE  ( `puzhen_upload_file`.`wxapp_id` = 10001 AND `puzhen_upload_file`.`wxapp_id` = 10001 AND `puzhen_upload_file`.`wxapp_id` = 10001 )  AND `file_type` = 'image'  AND `is_recycle` = 0  AND `is_user` = 0  AND `is_delete` = 0 ORDER BY `file_id` DESC LIMIT 0,32 [ RunTime:0.007121s ]
[ sql ] [ SQL ] SELECT * FROM `puzhen_upload_group` WHERE  `puzhen_upload_group`.`wxapp_id` = 10001  AND `group_id` IN (0,10006) [ RunTime:0.006815s ]
---------------------------------------------------------------
[ 2022-08-23T17:29:59+08:00 ] 116.21.14.24 GET puzhenshop.feibu.info/index.php?s=/store/goods/edit/goods_id/10060
[ sql ] [ DB ] CONNECT:[ UseTime:0.019778s ] mysql:host=39.108.144.9;port=3306;dbname=puzhen_shop;charset=utf8
[ sql ] [ SQL ] SHOW COLUMNS FROM `puzhen_store_user` [ RunTime:0.010947s ]
[ sql ] [ SQL ] SELECT * FROM `puzhen_store_user` WHERE  `puzhen_store_user`.`wxapp_id` = 10001  AND `is_delete` = 0  AND `store_user_id` = 10001 LIMIT 1 [ RunTime:0.009541s ]
[ sql ] [ SQL ] SHOW COLUMNS FROM `puzhen_category` [ RunTime:0.010738s ]
[ sql ] [ SQL ] SHOW COLUMNS FROM `puzhen_goods` [ RunTime:0.011179s ]
[ sql ] [ SQL ] SELECT * FROM `puzhen_goods` WHERE  `puzhen_goods`.`wxapp_id` = 10001  AND `goods_id` = 10060 LIMIT 1 [ RunTime:0.009944s ]
[ sql ] [ SQL ] SELECT * FROM `puzhen_category` WHERE  `puzhen_category`.`wxapp_id` = 10001  AND `category_id` = 10010 [ RunTime:0.009581s ]
[ sql ] [ SQL ] SHOW COLUMNS FROM `puzhen_goods_image` [ RunTime:0.010392s ]
[ sql ] [ SQL ] SELECT * FROM `puzhen_goods_image` WHERE  `puzhen_goods_image`.`wxapp_id` = 10001  AND `goods_id` = 10060 ORDER BY `id` ASC [ RunTime:0.009583s ]
[ sql ] [ SQL ] SHOW COLUMNS FROM `puzhen_upload_file` [ RunTime:0.010803s ]
[ sql ] [ SQL ] SELECT * FROM `puzhen_upload_file` WHERE  `puzhen_upload_file`.`wxapp_id` = 10001  AND `file_id` IN (10154) [ RunTime:0.009555s ]
[ sql ] [ SQL ] SHOW COLUMNS FROM `puzhen_goods_sku` [ RunTime:0.010984s ]
[ sql ] [ SQL ] SELECT * FROM `puzhen_goods_sku` WHERE  `puzhen_goods_sku`.`wxapp_id` = 10001  AND `goods_id` = 10060 ORDER BY `goods_sku_id` ASC [ RunTime:0.009753s ]
[ sql ] [ SQL ] SELECT * FROM `puzhen_upload_file` WHERE  `puzhen_upload_file`.`wxapp_id` = 10001  AND `file_id` IN (0) [ RunTime:0.009530s ]
[ sql ] [ SQL ] SHOW COLUMNS FROM `puzhen_spec_value` [ RunTime:0.010427s ]
[ sql ] [ SQL ] SHOW COLUMNS FROM `puzhen_goods_spec_rel` [ RunTime:0.010410s ]
[ sql ] [ SQL ] SHOW COLUMNS FROM `puzhen_spec` [ RunTime:0.010607s ]
[ sql ] [ SQL ] SELECT `puzhen_spec_value`.*,pivot.id AS pivot__id,pivot.goods_id AS pivot__goods_id,pivot.spec_id AS pivot__spec_id,pivot.spec_value_id AS pivot__spec_value_id,pivot.factory_id AS pivot__factory_id,pivot.wxapp_id AS pivot__wxapp_id,pivot.create_time AS pivot__create_time FROM `puzhen_spec_value` INNER JOIN `puzhen_goods_spec_rel` `pivot` ON `pivot`.`spec_value_id`=`puzhen_spec_value`.`spec_value_id` WHERE  `puzhen_spec_value`.`wxapp_id` = 10001  AND `pivot`.`goods_id` = 10060 ORDER BY `id` ASC [ RunTime:0.009791s ]
[ sql ] [ SQL ] SHOW COLUMNS FROM `puzhen_factory` [ RunTime:0.010391s ]
[ sql ] [ SQL ] SELECT * FROM `puzhen_factory` WHERE  `puzhen_factory`.`wxapp_id` = 10001  AND `is_delete` = 0 ORDER BY `is_self` DESC,`sort` ASC,`create_time` ASC [ RunTime:0.009645s ]
[ sql ] [ SQL ] SHOW COLUMNS FROM `puzhen_delivery` [ RunTime:0.010612s ]
[ sql ] [ SQL ] SELECT * FROM `puzhen_delivery` WHERE  `puzhen_delivery`.`wxapp_id` = 10001 ORDER BY `sort` ASC,`delivery_id` DESC [ RunTime:0.009506s ]
[ sql ] [ SQL ] SHOW COLUMNS FROM `puzhen_user_grade` [ RunTime:0.010375s ]
[ sql ] [ SQL ] SELECT * FROM `puzhen_user_grade` WHERE  `puzhen_user_grade`.`wxapp_id` = 10001  AND `status` = 1  AND `is_delete` = 0  AND `wxapp_id` = 10001 ORDER BY `weight` ASC [ RunTime:0.009727s ]
[ sql ] [ SQL ] SHOW COLUMNS FROM `puzhen_sharp_goods` [ RunTime:0.010423s ]
[ sql ] [ SQL ] SELECT `sharp_goods_id` FROM `puzhen_sharp_goods` WHERE  `puzhen_sharp_goods`.`wxapp_id` = 10001  AND `goods_id` = 10060  AND `is_delete` = 0 LIMIT 1 [ RunTime:0.010035s ]
---------------------------------------------------------------
[ 2022-08-23T17:30:07+08:00 ] 116.21.14.24 GET puzhenshop.feibu.info/index.php?s=/store/tea_qrcode.factory_tea_qrcode/index
[ sql ] [ DB ] CONNECT:[ UseTime:0.017886s ] mysql:host=39.108.144.9;port=3306;dbname=puzhen_shop;charset=utf8
[ sql ] [ SQL ] SHOW COLUMNS FROM `puzhen_store_user` [ RunTime:0.008797s ]
[ sql ] [ SQL ] SELECT * FROM `puzhen_store_user` WHERE  `puzhen_store_user`.`wxapp_id` = 10001  AND `is_delete` = 0  AND `store_user_id` = 10001 LIMIT 1 [ RunTime:0.007708s ]
[ sql ] [ SQL ] SHOW COLUMNS FROM `puzhen_tea_qrcode` [ RunTime:0.008553s ]
[ sql ] [ SQL ] SELECT COUNT(*) AS tp_count FROM `puzhen_tea_qrcode` WHERE  `puzhen_tea_qrcode`.`wxapp_id` = 10001  AND `factory_id` <> 0 LIMIT 1 [ RunTime:0.007566s ]
[ sql ] [ SQL ] SELECT * FROM `puzhen_tea_qrcode` WHERE  `puzhen_tea_qrcode`.`wxapp_id` = 10001  AND `factory_id` <> 0 ORDER BY `tea_qrcode_id` DESC LIMIT 0,15 [ RunTime:0.007695s ]
[ sql ] [ SQL ] SHOW COLUMNS FROM `puzhen_goods` [ RunTime:0.008848s ]
[ sql ] [ SQL ] SHOW COLUMNS FROM `puzhen_goods_tea_qrcode` [ RunTime:0.008560s ]
[ sql ] [ SQL ] SELECT * FROM `puzhen_goods_tea_qrcode` WHERE  `puzhen_goods_tea_qrcode`.`wxapp_id` = 10001  AND `tea_qrcode_id` IN (307,306,305,304,303,302,301,300,299,298,297,296,295,294,293) [ RunTime:0.007549s ]
[ sql ] [ SQL ] SELECT * FROM `puzhen_goods` WHERE  `puzhen_goods`.`wxapp_id` = 10001  AND `goods_id` IN (10042,10061,10051) [ RunTime:0.008142s ]
[ sql ] [ SQL ] SHOW COLUMNS FROM `puzhen_goods_image` [ RunTime:0.008410s ]
[ sql ] [ SQL ] SELECT * FROM `puzhen_goods_image` WHERE  `puzhen_goods_image`.`wxapp_id` = 10001  AND `goods_id` IN (10042,10051,10061) ORDER BY `id` ASC [ RunTime:0.007565s ]
[ sql ] [ SQL ] SHOW COLUMNS FROM `puzhen_upload_file` [ RunTime:0.008542s ]
[ sql ] [ SQL ] SELECT * FROM `puzhen_upload_file` WHERE  `puzhen_upload_file`.`wxapp_id` = 10001  AND `file_id` IN (10148,10142,10157,10109,10163) [ RunTime:0.007635s ]
[ sql ] [ SQL ] SHOW COLUMNS FROM `puzhen_factory` [ RunTime:0.008526s ]
[ sql ] [ SQL ] SELECT * FROM `puzhen_factory` WHERE  `puzhen_factory`.`wxapp_id` = 10001  AND `is_delete` = 0 ORDER BY `is_self` DESC,`sort` ASC,`create_time` ASC [ RunTime:0.007702s ]
[ sql ] [ SQL ] SELECT * FROM `puzhen_factory` WHERE  `puzhen_factory`.`wxapp_id` = 10001  AND `factory_id` = 1 LIMIT 1 [ RunTime:0.007793s ]
[ sql ] [ SQL ] SELECT * FROM `puzhen_factory` WHERE  `puzhen_factory`.`wxapp_id` = 10001  AND `factory_id` = 1 LIMIT 1 [ RunTime:0.007751s ]
[ sql ] [ SQL ] SELECT * FROM `puzhen_factory` WHERE  `puzhen_factory`.`wxapp_id` = 10001  AND `factory_id` = 1 LIMIT 1 [ RunTime:0.007448s ]
[ sql ] [ SQL ] SELECT * FROM `puzhen_factory` WHERE  `puzhen_factory`.`wxapp_id` = 10001  AND `factory_id` = 1 LIMIT 1 [ RunTime:0.007423s ]
[ sql ] [ SQL ] SELECT * FROM `puzhen_factory` WHERE  `puzhen_factory`.`wxapp_id` = 10001  AND `factory_id` = 1 LIMIT 1 [ RunTime:0.007506s ]
[ sql ] [ SQL ] SELECT * FROM `puzhen_factory` WHERE  `puzhen_factory`.`wxapp_id` = 10001  AND `factory_id` = 1 LIMIT 1 [ RunTime:0.007518s ]
[ sql ] [ SQL ] SELECT * FROM `puzhen_factory` WHERE  `puzhen_factory`.`wxapp_id` = 10001  AND `factory_id` = 1 LIMIT 1 [ RunTime:0.007579s ]
[ sql ] [ SQL ] SELECT * FROM `puzhen_factory` WHERE  `puzhen_factory`.`wxapp_id` = 10001  AND `factory_id` = 1 LIMIT 1 [ RunTime:0.007476s ]
[ sql ] [ SQL ] SELECT * FROM `puzhen_factory` WHERE  `puzhen_factory`.`wxapp_id` = 10001  AND `factory_id` = 1 LIMIT 1 [ RunTime:0.007409s ]
[ sql ] [ SQL ] SELECT * FROM `puzhen_factory` WHERE  `puzhen_factory`.`wxapp_id` = 10001  AND `factory_id` = 1 LIMIT 1 [ RunTime:0.007710s ]
[ sql ] [ SQL ] SELECT * FROM `puzhen_factory` WHERE  `puzhen_factory`.`wxapp_id` = 10001  AND `factory_id` = 1 LIMIT 1 [ RunTime:0.007485s ]
[ sql ] [ SQL ] SELECT * FROM `puzhen_factory` WHERE  `puzhen_factory`.`wxapp_id` = 10001  AND `factory_id` = 1 LIMIT 1 [ RunTime:0.007624s ]
[ sql ] [ SQL ] SELECT * FROM `puzhen_factory` WHERE  `puzhen_factory`.`wxapp_id` = 10001  AND `factory_id` = 1 LIMIT 1 [ RunTime:0.007742s ]
[ sql ] [ SQL ] SELECT * FROM `puzhen_factory` WHERE  `puzhen_factory`.`wxapp_id` = 10001  AND `factory_id` = 1 LIMIT 1 [ RunTime:0.007517s ]
[ sql ] [ SQL ] SELECT * FROM `puzhen_factory` WHERE  `puzhen_factory`.`wxapp_id` = 10001  AND `factory_id` = 1 LIMIT 1 [ RunTime:0.007946s ]
---------------------------------------------------------------
[ 2022-08-23T17:30:10+08:00 ] 116.21.14.24 GET puzhenshop.feibu.info/index.php?s=/store/tea_qrcode.factory_tea_qrcode/edit/tea_qrcode_id/307
[ sql ] [ DB ] CONNECT:[ UseTime:0.015658s ] mysql:host=39.108.144.9;port=3306;dbname=puzhen_shop;charset=utf8
[ sql ] [ SQL ] SHOW COLUMNS FROM `puzhen_store_user` [ RunTime:0.010815s ]
[ sql ] [ SQL ] SELECT * FROM `puzhen_store_user` WHERE  `puzhen_store_user`.`wxapp_id` = 10001  AND `is_delete` = 0  AND `store_user_id` = 10001 LIMIT 1 [ RunTime:0.010462s ]
[ sql ] [ SQL ] SHOW COLUMNS FROM `puzhen_tea_qrcode` [ RunTime:0.011808s ]
[ sql ] [ SQL ] SELECT * FROM `puzhen_tea_qrcode` WHERE  `puzhen_tea_qrcode`.`wxapp_id` = 10001  AND `tea_qrcode_id` = 307 LIMIT 1 [ RunTime:0.010234s ]
[ sql ] [ SQL ] SHOW COLUMNS FROM `puzhen_factory` [ RunTime:0.011417s ]
[ sql ] [ SQL ] SELECT * FROM `puzhen_factory` WHERE  `puzhen_factory`.`wxapp_id` = 10001  AND `factory_id` = 1 LIMIT 1 [ RunTime:0.010300s ]
[ sql ] [ SQL ] SHOW COLUMNS FROM `puzhen_tea` [ RunTime:0.015573s ]
[ sql ] [ SQL ] SELECT `name` FROM `puzhen_tea` WHERE  `puzhen_tea`.`wxapp_id` = 10001  AND `code` = 'A' LIMIT 1 [ RunTime:0.010097s ]
[ sql ] [ SQL ] SELECT `name` FROM `puzhen_tea` WHERE  `puzhen_tea`.`wxapp_id` = 10001  AND `code` = 'A' LIMIT 1 [ RunTime:0.010334s ]
[ sql ] [ SQL ] SELECT `name` FROM `puzhen_tea` WHERE  `puzhen_tea`.`wxapp_id` = 10001  AND `code` = 'A' LIMIT 1 [ RunTime:0.010107s ]
[ sql ] [ SQL ] SELECT `name` FROM `puzhen_tea` WHERE  `puzhen_tea`.`wxapp_id` = 10001  AND `code` = 'A' LIMIT 1 [ RunTime:0.010153s ]
[ sql ] [ SQL ] SELECT `name` FROM `puzhen_tea` WHERE  `puzhen_tea`.`wxapp_id` = 10001  AND `code` = 'A' LIMIT 1 [ RunTime:0.010212s ]
[ sql ] [ SQL ] SELECT `name` FROM `puzhen_tea` WHERE  `puzhen_tea`.`wxapp_id` = 10001  AND `code` = 'A' LIMIT 1 [ RunTime:0.010259s ]
[ sql ] [ SQL ] SELECT `name` FROM `puzhen_tea` WHERE  `puzhen_tea`.`wxapp_id` = 10001  AND `code` = 'A' LIMIT 1 [ RunTime:0.010290s ]
[ sql ] [ SQL ] SELECT `name` FROM `puzhen_tea` WHERE  `puzhen_tea`.`wxapp_id` = 10001  AND `code` = 'A' LIMIT 1 [ RunTime:0.010160s ]
[ sql ] [ SQL ] SELECT `name` FROM `puzhen_tea` WHERE  `puzhen_tea`.`wxapp_id` = 10001  AND `code` = 'A' LIMIT 1 [ RunTime:0.010002s ]
[ sql ] [ SQL ] SELECT `name` FROM `puzhen_tea` WHERE  `puzhen_tea`.`wxapp_id` = 10001  AND `code` = 'A' LIMIT 1 [ RunTime:0.010016s ]
[ sql ] [ SQL ] SELECT `name` FROM `puzhen_tea` WHERE  `puzhen_tea`.`wxapp_id` = 10001  AND `code` = 'A' LIMIT 1 [ RunTime:0.010063s ]
[ sql ] [ SQL ] SELECT `name` FROM `puzhen_tea` WHERE  `puzhen_tea`.`wxapp_id` = 10001  AND `code` = 'A' LIMIT 1 [ RunTime:0.010140s ]
[ sql ] [ SQL ] SELECT `name` FROM `puzhen_tea` WHERE  `puzhen_tea`.`wxapp_id` = 10001  AND `code` = 'A' LIMIT 1 [ RunTime:0.010112s ]
[ sql ] [ SQL ] SELECT `name` FROM `puzhen_tea` WHERE  `puzhen_tea`.`wxapp_id` = 10001  AND `code` = 'A' LIMIT 1 [ RunTime:0.010041s ]
[ sql ] [ SQL ] SELECT `name` FROM `puzhen_tea` WHERE  `puzhen_tea`.`wxapp_id` = 10001  AND `code` = 'A' LIMIT 1 [ RunTime:0.010028s ]
[ sql ] [ SQL ] SELECT `name` FROM `puzhen_tea` WHERE  `puzhen_tea`.`wxapp_id` = 10001  AND `code` = 'A' LIMIT 1 [ RunTime:0.009935s ]
[ sql ] [ SQL ] SELECT `name` FROM `puzhen_tea` WHERE  `puzhen_tea`.`wxapp_id` = 10001  AND `code` = 'A' LIMIT 1 [ RunTime:0.010091s ]
[ sql ] [ SQL ] SELECT `name` FROM `puzhen_tea` WHERE  `puzhen_tea`.`wxapp_id` = 10001  AND `code` = 'A' LIMIT 1 [ RunTime:0.010017s ]
[ sql ] [ SQL ] SELECT `name` FROM `puzhen_tea` WHERE  `puzhen_tea`.`wxapp_id` = 10001  AND `code` = 'A' LIMIT 1 [ RunTime:0.010084s ]
[ sql ] [ SQL ] SELECT `name` FROM `puzhen_tea` WHERE  `puzhen_tea`.`wxapp_id` = 10001  AND `code` = 'A' LIMIT 1 [ RunTime:0.009980s ]
[ sql ] [ SQL ] SHOW COLUMNS FROM `puzhen_goods_tea_qrcode` [ RunTime:0.011105s ]
[ sql ] [ SQL ] SELECT * FROM `puzhen_goods_tea_qrcode` WHERE  `puzhen_goods_tea_qrcode`.`wxapp_id` = 10001  AND `tea_qrcode_id` = 307 [ RunTime:0.010002s ]
---------------------------------------------------------------
[ 2022-08-23T17:30:13+08:00 ] 116.21.14.24 GET puzhenshop.feibu.info/index.php?s=/store/tea_qrcode.factory_tea_qrcode/index
[ sql ] [ DB ] CONNECT:[ UseTime:0.012554s ] mysql:host=39.108.144.9;port=3306;dbname=puzhen_shop;charset=utf8
[ sql ] [ SQL ] SHOW COLUMNS FROM `puzhen_store_user` [ RunTime:0.009501s ]
[ sql ] [ SQL ] SELECT * FROM `puzhen_store_user` WHERE  `puzhen_store_user`.`wxapp_id` = 10001  AND `is_delete` = 0  AND `store_user_id` = 10001 LIMIT 1 [ RunTime:0.009352s ]
[ sql ] [ SQL ] SHOW COLUMNS FROM `puzhen_tea_qrcode` [ RunTime:0.009360s ]
[ sql ] [ SQL ] SELECT COUNT(*) AS tp_count FROM `puzhen_tea_qrcode` WHERE  `puzhen_tea_qrcode`.`wxapp_id` = 10001  AND `factory_id` <> 0 LIMIT 1 [ RunTime:0.008337s ]
[ sql ] [ SQL ] SELECT * FROM `puzhen_tea_qrcode` WHERE  `puzhen_tea_qrcode`.`wxapp_id` = 10001  AND `factory_id` <> 0 ORDER BY `tea_qrcode_id` DESC LIMIT 0,15 [ RunTime:0.008391s ]
[ sql ] [ SQL ] SHOW COLUMNS FROM `puzhen_goods` [ RunTime:0.009363s ]
[ sql ] [ SQL ] SHOW COLUMNS FROM `puzhen_goods_tea_qrcode` [ RunTime:0.009105s ]
[ sql ] [ SQL ] SELECT * FROM `puzhen_goods_tea_qrcode` WHERE  `puzhen_goods_tea_qrcode`.`wxapp_id` = 10001  AND `tea_qrcode_id` IN (307,306,305,304,303,302,301,300,299,298,297,296,295,294,293) [ RunTime:0.008226s ]
[ sql ] [ SQL ] SELECT * FROM `puzhen_goods` WHERE  `puzhen_goods`.`wxapp_id` = 10001  AND `goods_id` IN (10042,10061,10051) [ RunTime:0.008374s ]
[ sql ] [ SQL ] SHOW COLUMNS FROM `puzhen_goods_image` [ RunTime:0.009658s ]
[ sql ] [ SQL ] SELECT * FROM `puzhen_goods_image` WHERE  `puzhen_goods_image`.`wxapp_id` = 10001  AND `goods_id` IN (10042,10051,10061) ORDER BY `id` ASC [ RunTime:0.008282s ]
[ sql ] [ SQL ] SHOW COLUMNS FROM `puzhen_upload_file` [ RunTime:0.009386s ]
[ sql ] [ SQL ] SELECT * FROM `puzhen_upload_file` WHERE  `puzhen_upload_file`.`wxapp_id` = 10001  AND `file_id` IN (10148,10142,10157,10109,10163) [ RunTime:0.008373s ]
[ sql ] [ SQL ] SHOW COLUMNS FROM `puzhen_factory` [ RunTime:0.009572s ]
[ sql ] [ SQL ] SELECT * FROM `puzhen_factory` WHERE  `puzhen_factory`.`wxapp_id` = 10001  AND `is_delete` = 0 ORDER BY `is_self` DESC,`sort` ASC,`create_time` ASC [ RunTime:0.008341s ]
[ sql ] [ SQL ] SELECT * FROM `puzhen_factory` WHERE  `puzhen_factory`.`wxapp_id` = 10001  AND `factory_id` = 1 LIMIT 1 [ RunTime:0.008305s ]
[ sql ] [ SQL ] SELECT * FROM `puzhen_factory` WHERE  `puzhen_factory`.`wxapp_id` = 10001  AND `factory_id` = 1 LIMIT 1 [ RunTime:0.008235s ]
[ sql ] [ SQL ] SELECT * FROM `puzhen_factory` WHERE  `puzhen_factory`.`wxapp_id` = 10001  AND `factory_id` = 1 LIMIT 1 [ RunTime:0.008230s ]
[ sql ] [ SQL ] SELECT * FROM `puzhen_factory` WHERE  `puzhen_factory`.`wxapp_id` = 10001  AND `factory_id` = 1 LIMIT 1 [ RunTime:0.008239s ]
[ sql ] [ SQL ] SELECT * FROM `puzhen_factory` WHERE  `puzhen_factory`.`wxapp_id` = 10001  AND `factory_id` = 1 LIMIT 1 [ RunTime:0.008200s ]
[ sql ] [ SQL ] SELECT * FROM `puzhen_factory` WHERE  `puzhen_factory`.`wxapp_id` = 10001  AND `factory_id` = 1 LIMIT 1 [ RunTime:0.008199s ]
[ sql ] [ SQL ] SELECT * FROM `puzhen_factory` WHERE  `puzhen_factory`.`wxapp_id` = 10001  AND `factory_id` = 1 LIMIT 1 [ RunTime:0.008237s ]
[ sql ] [ SQL ] SELECT * FROM `puzhen_factory` WHERE  `puzhen_factory`.`wxapp_id` = 10001  AND `factory_id` = 1 LIMIT 1 [ RunTime:0.008168s ]
[ sql ] [ SQL ] SELECT * FROM `puzhen_factory` WHERE  `puzhen_factory`.`wxapp_id` = 10001  AND `factory_id` = 1 LIMIT 1 [ RunTime:0.008169s ]
[ sql ] [ SQL ] SELECT * FROM `puzhen_factory` WHERE  `puzhen_factory`.`wxapp_id` = 10001  AND `factory_id` = 1 LIMIT 1 [ RunTime:0.008258s ]
[ sql ] [ SQL ] SELECT * FROM `puzhen_factory` WHERE  `puzhen_factory`.`wxapp_id` = 10001  AND `factory_id` = 1 LIMIT 1 [ RunTime:0.008315s ]
[ sql ] [ SQL ] SELECT * FROM `puzhen_factory` WHERE  `puzhen_factory`.`wxapp_id` = 10001  AND `factory_id` = 1 LIMIT 1 [ RunTime:0.008259s ]
[ sql ] [ SQL ] SELECT * FROM `puzhen_factory` WHERE  `puzhen_factory`.`wxapp_id` = 10001  AND `factory_id` = 1 LIMIT 1 [ RunTime:0.008344s ]
[ sql ] [ SQL ] SELECT * FROM `puzhen_factory` WHERE  `puzhen_factory`.`wxapp_id` = 10001  AND `factory_id` = 1 LIMIT 1 [ RunTime:0.008329s ]
[ sql ] [ SQL ] SELECT * FROM `puzhen_factory` WHERE  `puzhen_factory`.`wxapp_id` = 10001  AND `factory_id` = 1 LIMIT 1 [ RunTime:0.010060s ]
---------------------------------------------------------------
[ 2022-08-23T17:30:14+08:00 ] 116.21.14.24 GET puzhenshop.feibu.info/index.php?s=/store/tea_qrcode.factory_tea_qrcode/add
[ sql ] [ DB ] CONNECT:[ UseTime:0.017001s ] mysql:host=39.108.144.9;port=3306;dbname=puzhen_shop;charset=utf8
[ sql ] [ SQL ] SHOW COLUMNS FROM `puzhen_store_user` [ RunTime:0.007130s ]
[ sql ] [ SQL ] SELECT * FROM `puzhen_store_user` WHERE  `puzhen_store_user`.`wxapp_id` = 10001  AND `is_delete` = 0  AND `store_user_id` = 10001 LIMIT 1 [ RunTime:0.006510s ]
[ sql ] [ SQL ] SHOW COLUMNS FROM `puzhen_tea` [ RunTime:0.007379s ]
[ sql ] [ SQL ] SELECT * FROM `puzhen_tea` WHERE  `puzhen_tea`.`wxapp_id` = 10001 ORDER BY `code` ASC [ RunTime:0.006434s ]
[ sql ] [ SQL ] SHOW COLUMNS FROM `puzhen_factory` [ RunTime:0.007342s ]
[ sql ] [ SQL ] SELECT * FROM `puzhen_factory` WHERE  `puzhen_factory`.`wxapp_id` = 10001  AND `is_delete` = 0 ORDER BY `is_self` DESC,`sort` ASC,`create_time` ASC [ RunTime:0.006519s ]
---------------------------------------------------------------
[ 2022-08-23T17:30:16+08:00 ] 116.21.14.24 GET puzhenshop.feibu.info/index.php?s=/store/tea_qrcode.factory_tea_qrcode/index
[ sql ] [ DB ] CONNECT:[ UseTime:0.012927s ] mysql:host=39.108.144.9;port=3306;dbname=puzhen_shop;charset=utf8
[ sql ] [ SQL ] SHOW COLUMNS FROM `puzhen_store_user` [ RunTime:0.009875s ]
[ sql ] [ SQL ] SELECT * FROM `puzhen_store_user` WHERE  `puzhen_store_user`.`wxapp_id` = 10001  AND `is_delete` = 0  AND `store_user_id` = 10001 LIMIT 1 [ RunTime:0.008668s ]
[ sql ] [ SQL ] SHOW COLUMNS FROM `puzhen_tea_qrcode` [ RunTime:0.009085s ]
[ sql ] [ SQL ] SELECT COUNT(*) AS tp_count FROM `puzhen_tea_qrcode` WHERE  `puzhen_tea_qrcode`.`wxapp_id` = 10001  AND `factory_id` <> 0 LIMIT 1 [ RunTime:0.008585s ]
[ sql ] [ SQL ] SELECT * FROM `puzhen_tea_qrcode` WHERE  `puzhen_tea_qrcode`.`wxapp_id` = 10001  AND `factory_id` <> 0 ORDER BY `tea_qrcode_id` DESC LIMIT 0,15 [ RunTime:0.008657s ]
[ sql ] [ SQL ] SHOW COLUMNS FROM `puzhen_goods` [ RunTime:0.009637s ]
[ sql ] [ SQL ] SHOW COLUMNS FROM `puzhen_goods_tea_qrcode` [ RunTime:0.009424s ]
[ sql ] [ SQL ] SELECT * FROM `puzhen_goods_tea_qrcode` WHERE  `puzhen_goods_tea_qrcode`.`wxapp_id` = 10001  AND `tea_qrcode_id` IN (307,306,305,304,303,302,301,300,299,298,297,296,295,294,293) [ RunTime:0.008614s ]
[ sql ] [ SQL ] SELECT * FROM `puzhen_goods` WHERE  `puzhen_goods`.`wxapp_id` = 10001  AND `goods_id` IN (10042,10061,10051) [ RunTime:0.008752s ]
[ sql ] [ SQL ] SHOW COLUMNS FROM `puzhen_goods_image` [ RunTime:0.009372s ]
[ sql ] [ SQL ] SELECT * FROM `puzhen_goods_image` WHERE  `puzhen_goods_image`.`wxapp_id` = 10001  AND `goods_id` IN (10042,10051,10061) ORDER BY `id` ASC [ RunTime:0.008581s ]
[ sql ] [ SQL ] SHOW COLUMNS FROM `puzhen_upload_file` [ RunTime:0.009601s ]
[ sql ] [ SQL ] SELECT * FROM `puzhen_upload_file` WHERE  `puzhen_upload_file`.`wxapp_id` = 10001  AND `file_id` IN (10148,10142,10157,10109,10163) [ RunTime:0.008704s ]
[ sql ] [ SQL ] SHOW COLUMNS FROM `puzhen_factory` [ RunTime:0.009637s ]
[ sql ] [ SQL ] SELECT * FROM `puzhen_factory` WHERE  `puzhen_factory`.`wxapp_id` = 10001  AND `is_delete` = 0 ORDER BY `is_self` DESC,`sort` ASC,`create_time` ASC [ RunTime:0.008602s ]
[ sql ] [ SQL ] SELECT * FROM `puzhen_factory` WHERE  `puzhen_factory`.`wxapp_id` = 10001  AND `factory_id` = 1 LIMIT 1 [ RunTime:0.008548s ]
[ sql ] [ SQL ] SELECT * FROM `puzhen_factory` WHERE  `puzhen_factory`.`wxapp_id` = 10001  AND `factory_id` = 1 LIMIT 1 [ RunTime:0.008574s ]
[ sql ] [ SQL ] SELECT * FROM `puzhen_factory` WHERE  `puzhen_factory`.`wxapp_id` = 10001  AND `factory_id` = 1 LIMIT 1 [ RunTime:0.008605s ]
[ sql ] [ SQL ] SELECT * FROM `puzhen_factory` WHERE  `puzhen_factory`.`wxapp_id` = 10001  AND `factory_id` = 1 LIMIT 1 [ RunTime:0.008484s ]
[ sql ] [ SQL ] SELECT * FROM `puzhen_factory` WHERE  `puzhen_factory`.`wxapp_id` = 10001  AND `factory_id` = 1 LIMIT 1 [ RunTime:0.008422s ]
[ sql ] [ SQL ] SELECT * FROM `puzhen_factory` WHERE  `puzhen_factory`.`wxapp_id` = 10001  AND `factory_id` = 1 LIMIT 1 [ RunTime:0.008451s ]
[ sql ] [ SQL ] SELECT * FROM `puzhen_factory` WHERE  `puzhen_factory`.`wxapp_id` = 10001  AND `factory_id` = 1 LIMIT 1 [ RunTime:0.008561s ]
[ sql ] [ SQL ] SELECT * FROM `puzhen_factory` WHERE  `puzhen_factory`.`wxapp_id` = 10001  AND `factory_id` = 1 LIMIT 1 [ RunTime:0.008648s ]
[ sql ] [ SQL ] SELECT * FROM `puzhen_factory` WHERE  `puzhen_factory`.`wxapp_id` = 10001  AND `factory_id` = 1 LIMIT 1 [ RunTime:0.008562s ]
[ sql ] [ SQL ] SELECT * FROM `puzhen_factory` WHERE  `puzhen_factory`.`wxapp_id` = 10001  AND `factory_id` = 1 LIMIT 1 [ RunTime:0.008701s ]
[ sql ] [ SQL ] SELECT * FROM `puzhen_factory` WHERE  `puzhen_factory`.`wxapp_id` = 10001  AND `factory_id` = 1 LIMIT 1 [ RunTime:0.008659s ]
[ sql ] [ SQL ] SELECT * FROM `puzhen_factory` WHERE  `puzhen_factory`.`wxapp_id` = 10001  AND `factory_id` = 1 LIMIT 1 [ RunTime:0.008791s ]
[ sql ] [ SQL ] SELECT * FROM `puzhen_factory` WHERE  `puzhen_factory`.`wxapp_id` = 10001  AND `factory_id` = 1 LIMIT 1 [ RunTime:0.008646s ]
[ sql ] [ SQL ] SELECT * FROM `puzhen_factory` WHERE  `puzhen_factory`.`wxapp_id` = 10001  AND `factory_id` = 1 LIMIT 1 [ RunTime:0.008712s ]
[ sql ] [ SQL ] SELECT * FROM `puzhen_factory` WHERE  `puzhen_factory`.`wxapp_id` = 10001  AND `factory_id` = 1 LIMIT 1 [ RunTime:0.008748s ]
---------------------------------------------------------------
[ 2022-08-23T17:30:19+08:00 ] 116.21.14.24 GET puzhenshop.feibu.info/index.php?s=/store/goods/index
[ sql ] [ DB ] CONNECT:[ UseTime:0.020394s ] mysql:host=39.108.144.9;port=3306;dbname=puzhen_shop;charset=utf8
[ sql ] [ SQL ] SHOW COLUMNS FROM `puzhen_store_user` [ RunTime:0.010766s ]
[ sql ] [ SQL ] SELECT * FROM `puzhen_store_user` WHERE  `puzhen_store_user`.`wxapp_id` = 10001  AND `is_delete` = 0  AND `store_user_id` = 10001 LIMIT 1 [ RunTime:0.010196s ]
[ sql ] [ SQL ] SHOW COLUMNS FROM `puzhen_goods_sku` [ RunTime:0.010679s ]
[ sql ] [ SQL ] SHOW COLUMNS FROM `puzhen_category` [ RunTime:0.010612s ]
[ sql ] [ SQL ] SHOW COLUMNS FROM `puzhen_goods` [ RunTime:0.010815s ]
[ sql ] [ SQL ] SELECT COUNT(*) AS tp_count FROM `puzhen_goods` `goods` INNER JOIN `puzhen_factory` `factory` ON `factory`.`factory_id`=`goods`.`factory_id` WHERE  `goods`.`wxapp_id` = 10001  AND `factory`.`is_delete` = 0  AND `goods`.`is_delete` = 0 LIMIT 1 [ RunTime:0.010231s ]
[ sql ] [ SQL ] SELECT `goods`.*,(goods.sales_initial + goods.sales_actual) as goods_sales,( SELECT MIN(goods_price) FROM `puzhen_goods_sku` WHERE  `puzhen_goods_sku`.`wxapp_id` = 10001  AND ( `goods_id` = `goods`.`goods_id` ) ) AS goods_min_price,( SELECT MAX(goods_price) FROM `puzhen_goods_sku` WHERE  `puzhen_goods_sku`.`wxapp_id` = 10001  AND ( `goods_id` = `goods`.`goods_id` ) ) AS goods_max_price,( SELECT MIN(ref_price) FROM `puzhen_goods_sku` WHERE  `puzhen_goods_sku`.`wxapp_id` = 10001  AND ( `goods_id` = `goods`.`goods_id` ) ) AS goods_min_ref_price,( SELECT MAX(ref_price) FROM `puzhen_goods_sku` WHERE  `puzhen_goods_sku`.`wxapp_id` = 10001  AND ( `goods_id` = `goods`.`goods_id` ) ) AS goods_max_ref_price FROM `puzhen_goods` `goods` INNER JOIN `puzhen_factory` `factory` ON `factory`.`factory_id`=`goods`.`factory_id` WHERE  `goods`.`wxapp_id` = 10001  AND `factory`.`is_delete` = 0  AND `goods`.`is_delete` = 0 ORDER BY `goods`.`goods_sort`,`goods`.`goods_id` DESC LIMIT 0,15 [ RunTime:0.011157s ]
[ sql ] [ SQL ] SELECT * FROM `puzhen_category` WHERE  `puzhen_category`.`wxapp_id` = 10001  AND `category_id` IN (10010,10011,10013,10014,10004,10008,10012,10007) [ RunTime:0.010100s ]
[ sql ] [ SQL ] SHOW COLUMNS FROM `puzhen_goods_image` [ RunTime:0.010557s ]
[ sql ] [ SQL ] SELECT * FROM `puzhen_goods_image` WHERE  `puzhen_goods_image`.`wxapp_id` = 10001  AND `goods_id` IN (10060,10059,10056,10042,10058,10057,10055,10054,10053,10052,10051,10047,10040,10063,10062) ORDER BY `id` ASC [ RunTime:0.010207s ]
[ sql ] [ SQL ] SHOW COLUMNS FROM `puzhen_upload_file` [ RunTime:0.010580s ]
[ sql ] [ SQL ] SELECT * FROM `puzhen_upload_file` WHERE  `puzhen_upload_file`.`wxapp_id` = 10001  AND `file_id` IN (10141,10142,10130,10149,10150,10151,10152,10155,10154,10148,10157,10109) [ RunTime:0.010253s ]
[ sql ] [ SQL ] SELECT * FROM `puzhen_goods_sku` WHERE  `puzhen_goods_sku`.`wxapp_id` = 10001  AND `goods_id` IN (10060,10059,10056,10042,10058,10057,10055,10054,10053,10052,10051,10047,10040,10063,10062) ORDER BY `goods_sku_id` ASC [ RunTime:0.010448s ]
[ sql ] [ SQL ] SHOW COLUMNS FROM `puzhen_factory` [ RunTime:0.010854s ]
[ sql ] [ SQL ] SELECT * FROM `puzhen_factory` WHERE  `puzhen_factory`.`wxapp_id` = 10001  AND `is_delete` = 0 ORDER BY `is_self` DESC,`sort` ASC,`create_time` ASC [ RunTime:0.010291s ]
[ sql ] [ SQL ] SELECT * FROM `puzhen_factory` WHERE  `puzhen_factory`.`wxapp_id` = 10001  AND `factory_id` = 1 LIMIT 1 [ RunTime:0.010083s ]
[ sql ] [ SQL ] SHOW COLUMNS FROM `puzhen_goods_tea_qrcode` [ RunTime:0.010838s ]
[ sql ] [ SQL ] SELECT * FROM `puzhen_goods_tea_qrcode` WHERE  `puzhen_goods_tea_qrcode`.`wxapp_id` = 10001  AND `goods_id` = 10060 LIMIT 1 [ RunTime:0.010090s ]
[ sql ] [ SQL ] SELECT * FROM `puzhen_factory` WHERE  `puzhen_factory`.`wxapp_id` = 10001  AND `factory_id` = 1 LIMIT 1 [ RunTime:0.010098s ]
[ sql ] [ SQL ] SELECT * FROM `puzhen_goods_tea_qrcode` WHERE  `puzhen_goods_tea_qrcode`.`wxapp_id` = 10001  AND `goods_id` = 10059 LIMIT 1 [ RunTime:0.010223s ]
[ sql ] [ SQL ] SELECT * FROM `puzhen_factory` WHERE  `puzhen_factory`.`wxapp_id` = 10001  AND `factory_id` = 1 LIMIT 1 [ RunTime:0.010200s ]
[ sql ] [ SQL ] SELECT * FROM `puzhen_goods_tea_qrcode` WHERE  `puzhen_goods_tea_qrcode`.`wxapp_id` = 10001  AND `goods_id` = 10056 LIMIT 1 [ RunTime:0.010136s ]
[ sql ] [ SQL ] SELECT * FROM `puzhen_factory` WHERE  `puzhen_factory`.`wxapp_id` = 10001  AND `factory_id` = 1 LIMIT 1 [ RunTime:0.010171s ]
[ sql ] [ SQL ] SELECT * FROM `puzhen_goods_tea_qrcode` WHERE  `puzhen_goods_tea_qrcode`.`wxapp_id` = 10001  AND `goods_id` = 10042 LIMIT 1 [ RunTime:0.010132s ]
[ sql ] [ SQL ] SELECT * FROM `puzhen_factory` WHERE  `puzhen_factory`.`wxapp_id` = 10001  AND `factory_id` = 1 LIMIT 1 [ RunTime:0.010073s ]
[ sql ] [ SQL ] SELECT * FROM `puzhen_goods_tea_qrcode` WHERE  `puzhen_goods_tea_qrcode`.`wxapp_id` = 10001  AND `goods_id` = 10058 LIMIT 1 [ RunTime:0.010099s ]
[ sql ] [ SQL ] SELECT * FROM `puzhen_factory` WHERE  `puzhen_factory`.`wxapp_id` = 10001  AND `factory_id` = 1 LIMIT 1 [ RunTime:0.010088s ]
[ sql ] [ SQL ] SELECT * FROM `puzhen_goods_tea_qrcode` WHERE  `puzhen_goods_tea_qrcode`.`wxapp_id` = 10001  AND `goods_id` = 10057 LIMIT 1 [ RunTime:0.010080s ]
[ sql ] [ SQL ] SELECT * FROM `puzhen_factory` WHERE  `puzhen_factory`.`wxapp_id` = 10001  AND `factory_id` = 1 LIMIT 1 [ RunTime:0.010061s ]
[ sql ] [ SQL ] SELECT * FROM `puzhen_goods_tea_qrcode` WHERE  `puzhen_goods_tea_qrcode`.`wxapp_id` = 10001  AND `goods_id` = 10055 LIMIT 1 [ RunTime:0.010191s ]
[ sql ] [ SQL ] SELECT * FROM `puzhen_factory` WHERE  `puzhen_factory`.`wxapp_id` = 10001  AND `factory_id` = 1 LIMIT 1 [ RunTime:0.010005s ]
[ sql ] [ SQL ] SELECT * FROM `puzhen_goods_tea_qrcode` WHERE  `puzhen_goods_tea_qrcode`.`wxapp_id` = 10001  AND `goods_id` = 10054 LIMIT 1 [ RunTime:0.010065s ]
[ sql ] [ SQL ] SELECT * FROM `puzhen_factory` WHERE  `puzhen_factory`.`wxapp_id` = 10001  AND `factory_id` = 1 LIMIT 1 [ RunTime:0.010135s ]
[ sql ] [ SQL ] SELECT * FROM `puzhen_goods_tea_qrcode` WHERE  `puzhen_goods_tea_qrcode`.`wxapp_id` = 10001  AND `goods_id` = 10053 LIMIT 1 [ RunTime:0.010135s ]
[ sql ] [ SQL ] SELECT * FROM `puzhen_factory` WHERE  `puzhen_factory`.`wxapp_id` = 10001  AND `factory_id` = 1 LIMIT 1 [ RunTime:0.010374s ]
[ sql ] [ SQL ] SELECT * FROM `puzhen_goods_tea_qrcode` WHERE  `puzhen_goods_tea_qrcode`.`wxapp_id` = 10001  AND `goods_id` = 10052 LIMIT 1 [ RunTime:0.010164s ]
[ sql ] [ SQL ] SELECT * FROM `puzhen_factory` WHERE  `puzhen_factory`.`wxapp_id` = 10001  AND `factory_id` = 1 LIMIT 1 [ RunTime:0.010186s ]
[ sql ] [ SQL ] SELECT * FROM `puzhen_goods_tea_qrcode` WHERE  `puzhen_goods_tea_qrcode`.`wxapp_id` = 10001  AND `goods_id` = 10051 LIMIT 1 [ RunTime:0.010133s ]
[ sql ] [ SQL ] SELECT * FROM `puzhen_factory` WHERE  `puzhen_factory`.`wxapp_id` = 10001  AND `factory_id` = 1 LIMIT 1 [ RunTime:0.009981s ]
[ sql ] [ SQL ] SELECT * FROM `puzhen_goods_tea_qrcode` WHERE  `puzhen_goods_tea_qrcode`.`wxapp_id` = 10001  AND `goods_id` = 10047 LIMIT 1 [ RunTime:0.010026s ]
[ sql ] [ SQL ] SELECT * FROM `puzhen_factory` WHERE  `puzhen_factory`.`wxapp_id` = 10001  AND `factory_id` = 9 LIMIT 1 [ RunTime:0.010037s ]
[ sql ] [ SQL ] SELECT * FROM `puzhen_goods_tea_qrcode` WHERE  `puzhen_goods_tea_qrcode`.`wxapp_id` = 10001  AND `goods_id` = 10040 LIMIT 1 [ RunTime:0.010221s ]
[ sql ] [ SQL ] SELECT * FROM `puzhen_factory` WHERE  `puzhen_factory`.`wxapp_id` = 10001  AND `factory_id` = 1 LIMIT 1 [ RunTime:0.010139s ]
[ sql ] [ SQL ] SELECT * FROM `puzhen_goods_tea_qrcode` WHERE  `puzhen_goods_tea_qrcode`.`wxapp_id` = 10001  AND `goods_id` = 10063 LIMIT 1 [ RunTime:0.010156s ]
[ sql ] [ SQL ] SELECT * FROM `puzhen_factory` WHERE  `puzhen_factory`.`wxapp_id` = 10001  AND `factory_id` = 1 LIMIT 1 [ RunTime:0.010157s ]
[ sql ] [ SQL ] SELECT * FROM `puzhen_goods_tea_qrcode` WHERE  `puzhen_goods_tea_qrcode`.`wxapp_id` = 10001  AND `goods_id` = 10062 LIMIT 1 [ RunTime:0.010039s ]
---------------------------------------------------------------
[ 2022-08-23T17:31:39+08:00 ] 116.21.14.24 GET puzhenshop.feibu.info/index.php?s=/store/goods/add
[ sql ] [ DB ] CONNECT:[ UseTime:0.010324s ] mysql:host=39.108.144.9;port=3306;dbname=puzhen_shop;charset=utf8
[ sql ] [ SQL ] SHOW COLUMNS FROM `puzhen_store_user` [ RunTime:0.007205s ]
[ sql ] [ SQL ] SELECT * FROM `puzhen_store_user` WHERE  `puzhen_store_user`.`wxapp_id` = 10001  AND `is_delete` = 0  AND `store_user_id` = 10001 LIMIT 1 [ RunTime:0.006771s ]
[ sql ] [ SQL ] SHOW COLUMNS FROM `puzhen_factory` [ RunTime:0.007647s ]
[ sql ] [ SQL ] SELECT * FROM `puzhen_factory` WHERE  `puzhen_factory`.`wxapp_id` = 10001  AND `is_delete` = 0 ORDER BY `is_self` DESC,`sort` ASC,`create_time` ASC [ RunTime:0.006792s ]
[ sql ] [ SQL ] SHOW COLUMNS FROM `puzhen_delivery` [ RunTime:0.007624s ]
[ sql ] [ SQL ] SELECT * FROM `puzhen_delivery` WHERE  `puzhen_delivery`.`wxapp_id` = 10001 ORDER BY `sort` ASC,`delivery_id` DESC [ RunTime:0.006606s ]
[ sql ] [ SQL ] SHOW COLUMNS FROM `puzhen_user_grade` [ RunTime:0.007621s ]
[ sql ] [ SQL ] SELECT * FROM `puzhen_user_grade` WHERE  `puzhen_user_grade`.`wxapp_id` = 10001  AND `status` = 1  AND `is_delete` = 0  AND `wxapp_id` = 10001 ORDER BY `weight` ASC [ RunTime:0.006728s ]
---------------------------------------------------------------
[ 2022-08-23T17:31:41+08:00 ] 116.21.14.24 GET puzhenshop.feibu.info/index.php?s=/store/upload.library/fileList&group_id=-1
[ sql ] [ DB ] CONNECT:[ UseTime:0.018349s ] mysql:host=39.108.144.9;port=3306;dbname=puzhen_shop;charset=utf8
[ sql ] [ SQL ] SHOW COLUMNS FROM `puzhen_store_user` [ RunTime:0.008054s ]
[ sql ] [ SQL ] SELECT * FROM `puzhen_store_user` WHERE  `puzhen_store_user`.`wxapp_id` = 10001  AND `is_delete` = 0  AND `store_user_id` = 10001 LIMIT 1 [ RunTime:0.007527s ]
[ sql ] [ SQL ] SHOW COLUMNS FROM `puzhen_upload_group` [ RunTime:0.007972s ]
[ sql ] [ SQL ] SELECT * FROM `puzhen_upload_group` WHERE  ( `puzhen_upload_group`.`wxapp_id` = 10001 AND `puzhen_upload_group`.`wxapp_id` = 10001 )  AND `group_type` = 'image'  AND `is_delete` = 0 ORDER BY `sort` ASC,`create_time` DESC [ RunTime:0.007580s ]
[ sql ] [ SQL ] SHOW COLUMNS FROM `puzhen_upload_file` [ RunTime:0.008283s ]
[ sql ] [ SQL ] SELECT COUNT(*) AS tp_count FROM `puzhen_upload_file` WHERE  ( `puzhen_upload_file`.`wxapp_id` = 10001 AND `puzhen_upload_file`.`wxapp_id` = 10001 AND `puzhen_upload_file`.`wxapp_id` = 10001 )  AND `file_type` = 'image'  AND `is_recycle` = 0  AND `is_user` = 0  AND `is_delete` = 0 LIMIT 1 [ RunTime:0.007596s ]
[ sql ] [ SQL ] SELECT * FROM `puzhen_upload_file` WHERE  ( `puzhen_upload_file`.`wxapp_id` = 10001 AND `puzhen_upload_file`.`wxapp_id` = 10001 AND `puzhen_upload_file`.`wxapp_id` = 10001 )  AND `file_type` = 'image'  AND `is_recycle` = 0  AND `is_user` = 0  AND `is_delete` = 0 ORDER BY `file_id` DESC LIMIT 0,32 [ RunTime:0.007637s ]
[ sql ] [ SQL ] SELECT * FROM `puzhen_upload_group` WHERE  `puzhen_upload_group`.`wxapp_id` = 10001  AND `group_id` IN (0,10006) [ RunTime:0.007639s ]
---------------------------------------------------------------
[ 2022-08-23T17:51:48+08:00 ] 116.21.14.24 GET puzhenshop.feibu.info/index.php?s=/store/upload.library/fileList&group_id=-1
[ sql ] [ DB ] CONNECT:[ UseTime:0.017788s ] mysql:host=39.108.144.9;port=3306;dbname=puzhen_shop;charset=utf8
[ sql ] [ SQL ] SHOW COLUMNS FROM `puzhen_store_user` [ RunTime:0.008340s ]
[ sql ] [ SQL ] SELECT * FROM `puzhen_store_user` WHERE  `puzhen_store_user`.`wxapp_id` = 10001  AND `is_delete` = 0  AND `store_user_id` = 10001 LIMIT 1 [ RunTime:0.007343s ]
[ sql ] [ SQL ] SHOW COLUMNS FROM `puzhen_upload_group` [ RunTime:0.008615s ]
[ sql ] [ SQL ] SELECT * FROM `puzhen_upload_group` WHERE  ( `puzhen_upload_group`.`wxapp_id` = 10001 AND `puzhen_upload_group`.`wxapp_id` = 10001 )  AND `group_type` = 'image'  AND `is_delete` = 0 ORDER BY `sort` ASC,`create_time` DESC [ RunTime:0.007456s ]
[ sql ] [ SQL ] SHOW COLUMNS FROM `puzhen_upload_file` [ RunTime:0.008593s ]
[ sql ] [ SQL ] SELECT COUNT(*) AS tp_count FROM `puzhen_upload_file` WHERE  ( `puzhen_upload_file`.`wxapp_id` = 10001 AND `puzhen_upload_file`.`wxapp_id` = 10001 AND `puzhen_upload_file`.`wxapp_id` = 10001 )  AND `file_type` = 'image'  AND `is_recycle` = 0  AND `is_user` = 0  AND `is_delete` = 0 LIMIT 1 [ RunTime:0.007513s ]
[ sql ] [ SQL ] SELECT * FROM `puzhen_upload_file` WHERE  ( `puzhen_upload_file`.`wxapp_id` = 10001 AND `puzhen_upload_file`.`wxapp_id` = 10001 AND `puzhen_upload_file`.`wxapp_id` = 10001 )  AND `file_type` = 'image'  AND `is_recycle` = 0  AND `is_user` = 0  AND `is_delete` = 0 ORDER BY `file_id` DESC LIMIT 0,32 [ RunTime:0.007971s ]
[ sql ] [ SQL ] SELECT * FROM `puzhen_upload_group` WHERE  `puzhen_upload_group`.`wxapp_id` = 10001  AND `group_id` IN (0,10006) [ RunTime:0.007176s ]
---------------------------------------------------------------
[ 2022-08-23T18:25:27+08:00 ] 116.21.14.24 GET puzhenshop.feibu.info/index.php?s=/store/goods/add
[ sql ] [ DB ] CONNECT:[ UseTime:0.010115s ] mysql:host=39.108.144.9;port=3306;dbname=puzhen_shop;charset=utf8
[ sql ] [ SQL ] SHOW COLUMNS FROM `puzhen_store_user` [ RunTime:0.007915s ]
[ sql ] [ SQL ] SELECT * FROM `puzhen_store_user` WHERE  `puzhen_store_user`.`wxapp_id` = 10001  AND `is_delete` = 0  AND `store_user_id` = 10001 LIMIT 1 [ RunTime:0.006658s ]
[ sql ] [ SQL ] SHOW COLUMNS FROM `puzhen_factory` [ RunTime:0.008371s ]
[ sql ] [ SQL ] SELECT * FROM `puzhen_factory` WHERE  `puzhen_factory`.`wxapp_id` = 10001  AND `is_delete` = 0 ORDER BY `is_self` DESC,`sort` ASC,`create_time` ASC [ RunTime:0.006671s ]
[ sql ] [ SQL ] SHOW COLUMNS FROM `puzhen_delivery` [ RunTime:0.007549s ]
[ sql ] [ SQL ] SELECT * FROM `puzhen_delivery` WHERE  `puzhen_delivery`.`wxapp_id` = 10001 ORDER BY `sort` ASC,`delivery_id` DESC [ RunTime:0.006461s ]
[ sql ] [ SQL ] SHOW COLUMNS FROM `puzhen_user_grade` [ RunTime:0.007856s ]
[ sql ] [ SQL ] SELECT * FROM `puzhen_user_grade` WHERE  `puzhen_user_grade`.`wxapp_id` = 10001  AND `status` = 1  AND `is_delete` = 0  AND `wxapp_id` = 10001 ORDER BY `weight` DESC [ RunTime:0.006606s ]
[ sql ] [ SQL ] SELECT * FROM `puzhen_user_grade` WHERE  `puzhen_user_grade`.`wxapp_id` = 10001  AND `status` = 1  AND `is_delete` = 0  AND `wxapp_id` = 10001 ORDER BY `weight` ASC [ RunTime:0.006606s ]
---------------------------------------------------------------
[ 2022-08-23T18:25:34+08:00 ] 116.21.14.24 GET puzhenshop.feibu.info/index.php?s=/store/upload.library/fileList&group_id=-1
[ sql ] [ DB ] CONNECT:[ UseTime:0.020519s ] mysql:host=39.108.144.9;port=3306;dbname=puzhen_shop;charset=utf8
[ sql ] [ SQL ] SHOW COLUMNS FROM `puzhen_store_user` [ RunTime:0.011002s ]
[ sql ] [ SQL ] SELECT * FROM `puzhen_store_user` WHERE  `puzhen_store_user`.`wxapp_id` = 10001  AND `is_delete` = 0  AND `store_user_id` = 10001 LIMIT 1 [ RunTime:0.009900s ]
[ sql ] [ SQL ] SHOW COLUMNS FROM `puzhen_upload_group` [ RunTime:0.010948s ]
[ sql ] [ SQL ] SELECT * FROM `puzhen_upload_group` WHERE  ( `puzhen_upload_group`.`wxapp_id` = 10001 AND `puzhen_upload_group`.`wxapp_id` = 10001 )  AND `group_type` = 'image'  AND `is_delete` = 0 ORDER BY `sort` ASC,`create_time` DESC [ RunTime:0.010075s ]
[ sql ] [ SQL ] SHOW COLUMNS FROM `puzhen_upload_file` [ RunTime:0.010923s ]
[ sql ] [ SQL ] SELECT COUNT(*) AS tp_count FROM `puzhen_upload_file` WHERE  ( `puzhen_upload_file`.`wxapp_id` = 10001 AND `puzhen_upload_file`.`wxapp_id` = 10001 AND `puzhen_upload_file`.`wxapp_id` = 10001 )  AND `file_type` = 'image'  AND `is_recycle` = 0  AND `is_user` = 0  AND `is_delete` = 0 LIMIT 1 [ RunTime:0.010048s ]
[ sql ] [ SQL ] SELECT * FROM `puzhen_upload_file` WHERE  ( `puzhen_upload_file`.`wxapp_id` = 10001 AND `puzhen_upload_file`.`wxapp_id` = 10001 AND `puzhen_upload_file`.`wxapp_id` = 10001 )  AND `file_type` = 'image'  AND `is_recycle` = 0  AND `is_user` = 0  AND `is_delete` = 0 ORDER BY `file_id` DESC LIMIT 0,32 [ RunTime:0.010053s ]
[ sql ] [ SQL ] SELECT * FROM `puzhen_upload_group` WHERE  `puzhen_upload_group`.`wxapp_id` = 10001  AND `group_id` IN (0,10006) [ RunTime:0.009960s ]
---------------------------------------------------------------
[ 2022-08-23T18:25:55+08:00 ] 116.21.14.24 GET puzhenshop.feibu.info/index.php?s=/store/goods/add
[ sql ] [ DB ] CONNECT:[ UseTime:0.012861s ] mysql:host=39.108.144.9;port=3306;dbname=puzhen_shop;charset=utf8
[ sql ] [ SQL ] SHOW COLUMNS FROM `puzhen_store_user` [ RunTime:0.009699s ]
[ sql ] [ SQL ] SELECT * FROM `puzhen_store_user` WHERE  `puzhen_store_user`.`wxapp_id` = 10001  AND `is_delete` = 0  AND `store_user_id` = 10001 LIMIT 1 [ RunTime:0.009184s ]
[ sql ] [ SQL ] SHOW COLUMNS FROM `puzhen_factory` [ RunTime:0.009543s ]
[ sql ] [ SQL ] SELECT * FROM `puzhen_factory` WHERE  `puzhen_factory`.`wxapp_id` = 10001  AND `is_delete` = 0 ORDER BY `is_self` DESC,`sort` ASC,`create_time` ASC [ RunTime:0.008691s ]
[ sql ] [ SQL ] SHOW COLUMNS FROM `puzhen_delivery` [ RunTime:0.009735s ]
[ sql ] [ SQL ] SELECT * FROM `puzhen_delivery` WHERE  `puzhen_delivery`.`wxapp_id` = 10001 ORDER BY `sort` ASC,`delivery_id` DESC [ RunTime:0.008684s ]
[ sql ] [ SQL ] SHOW COLUMNS FROM `puzhen_user_grade` [ RunTime:0.009643s ]
[ sql ] [ SQL ] SELECT * FROM `puzhen_user_grade` WHERE  `puzhen_user_grade`.`wxapp_id` = 10001  AND `status` = 1  AND `is_delete` = 0  AND `wxapp_id` = 10001 ORDER BY `weight` ASC [ RunTime:0.008818s ]
---------------------------------------------------------------
[ 2022-08-23T18:28:48+08:00 ] 116.21.14.24 GET puzhenshop.feibu.info/index.php?s=/store/upload.library/fileList&group_id=-1
[ sql ] [ DB ] CONNECT:[ UseTime:0.020182s ] mysql:host=39.108.144.9;port=3306;dbname=puzhen_shop;charset=utf8
[ sql ] [ SQL ] SHOW COLUMNS FROM `puzhen_store_user` [ RunTime:0.010184s ]
[ sql ] [ SQL ] SELECT * FROM `puzhen_store_user` WHERE  `puzhen_store_user`.`wxapp_id` = 10001  AND `is_delete` = 0  AND `store_user_id` = 10001 LIMIT 1 [ RunTime:0.009262s ]
[ sql ] [ SQL ] SHOW COLUMNS FROM `puzhen_upload_group` [ RunTime:0.009935s ]
[ sql ] [ SQL ] SELECT * FROM `puzhen_upload_group` WHERE  ( `puzhen_upload_group`.`wxapp_id` = 10001 AND `puzhen_upload_group`.`wxapp_id` = 10001 )  AND `group_type` = 'image'  AND `is_delete` = 0 ORDER BY `sort` ASC,`create_time` DESC [ RunTime:0.009169s ]
[ sql ] [ SQL ] SHOW COLUMNS FROM `puzhen_upload_file` [ RunTime:0.010054s ]
[ sql ] [ SQL ] SELECT COUNT(*) AS tp_count FROM `puzhen_upload_file` WHERE  ( `puzhen_upload_file`.`wxapp_id` = 10001 AND `puzhen_upload_file`.`wxapp_id` = 10001 AND `puzhen_upload_file`.`wxapp_id` = 10001 )  AND `file_type` = 'image'  AND `is_recycle` = 0  AND `is_user` = 0  AND `is_delete` = 0 LIMIT 1 [ RunTime:0.009165s ]
[ sql ] [ SQL ] SELECT * FROM `puzhen_upload_file` WHERE  ( `puzhen_upload_file`.`wxapp_id` = 10001 AND `puzhen_upload_file`.`wxapp_id` = 10001 AND `puzhen_upload_file`.`wxapp_id` = 10001 )  AND `file_type` = 'image'  AND `is_recycle` = 0  AND `is_user` = 0  AND `is_delete` = 0 ORDER BY `file_id` DESC LIMIT 0,32 [ RunTime:0.009268s ]
[ sql ] [ SQL ] SELECT * FROM `puzhen_upload_group` WHERE  `puzhen_upload_group`.`wxapp_id` = 10001  AND `group_id` IN (0,10006) [ RunTime:0.009096s ]
---------------------------------------------------------------
[ 2022-08-23T18:29:49+08:00 ] 116.21.14.24 GET puzhenshop.feibu.info/index.php?s=/store/upload.library/fileList&group_id=-1&page=2
[ sql ] [ DB ] CONNECT:[ UseTime:0.014551s ] mysql:host=39.108.144.9;port=3306;dbname=puzhen_shop;charset=utf8
[ sql ] [ SQL ] SHOW COLUMNS FROM `puzhen_store_user` [ RunTime:0.010584s ]
[ sql ] [ SQL ] SELECT * FROM `puzhen_store_user` WHERE  `puzhen_store_user`.`wxapp_id` = 10001  AND `is_delete` = 0  AND `store_user_id` = 10001 LIMIT 1 [ RunTime:0.009539s ]
[ sql ] [ SQL ] SHOW COLUMNS FROM `puzhen_upload_group` [ RunTime:0.010797s ]
[ sql ] [ SQL ] SELECT * FROM `puzhen_upload_group` WHERE  ( `puzhen_upload_group`.`wxapp_id` = 10001 AND `puzhen_upload_group`.`wxapp_id` = 10001 )  AND `group_type` = 'image'  AND `is_delete` = 0 ORDER BY `sort` ASC,`create_time` DESC [ RunTime:0.009717s ]
[ sql ] [ SQL ] SHOW COLUMNS FROM `puzhen_upload_file` [ RunTime:0.010820s ]
[ sql ] [ SQL ] SELECT COUNT(*) AS tp_count FROM `puzhen_upload_file` WHERE  ( `puzhen_upload_file`.`wxapp_id` = 10001 AND `puzhen_upload_file`.`wxapp_id` = 10001 AND `puzhen_upload_file`.`wxapp_id` = 10001 )  AND `file_type` = 'image'  AND `is_recycle` = 0  AND `is_user` = 0  AND `is_delete` = 0 LIMIT 1 [ RunTime:0.009425s ]
[ sql ] [ SQL ] SELECT * FROM `puzhen_upload_file` WHERE  ( `puzhen_upload_file`.`wxapp_id` = 10001 AND `puzhen_upload_file`.`wxapp_id` = 10001 AND `puzhen_upload_file`.`wxapp_id` = 10001 )  AND `file_type` = 'image'  AND `is_recycle` = 0  AND `is_user` = 0  AND `is_delete` = 0 ORDER BY `file_id` DESC LIMIT 32,32 [ RunTime:0.009742s ]
[ sql ] [ SQL ] SELECT * FROM `puzhen_upload_group` WHERE  `puzhen_upload_group`.`wxapp_id` = 10001  AND `group_id` IN (0,10006,10005,10004,10003) [ RunTime:0.009598s ]
---------------------------------------------------------------
[ 2022-08-23T18:29:51+08:00 ] 116.21.14.24 GET puzhenshop.feibu.info/index.php?s=/store/upload.library/fileList&group_id=-1&page=1
[ sql ] [ DB ] CONNECT:[ UseTime:0.020361s ] mysql:host=39.108.144.9;port=3306;dbname=puzhen_shop;charset=utf8
[ sql ] [ SQL ] SHOW COLUMNS FROM `puzhen_store_user` [ RunTime:0.010734s ]
[ sql ] [ SQL ] SELECT * FROM `puzhen_store_user` WHERE  `puzhen_store_user`.`wxapp_id` = 10001  AND `is_delete` = 0  AND `store_user_id` = 10001 LIMIT 1 [ RunTime:0.009631s ]
[ sql ] [ SQL ] SHOW COLUMNS FROM `puzhen_upload_group` [ RunTime:0.010652s ]
[ sql ] [ SQL ] SELECT * FROM `puzhen_upload_group` WHERE  ( `puzhen_upload_group`.`wxapp_id` = 10001 AND `puzhen_upload_group`.`wxapp_id` = 10001 )  AND `group_type` = 'image'  AND `is_delete` = 0 ORDER BY `sort` ASC,`create_time` DESC [ RunTime:0.009731s ]
[ sql ] [ SQL ] SHOW COLUMNS FROM `puzhen_upload_file` [ RunTime:0.010671s ]
[ sql ] [ SQL ] SELECT COUNT(*) AS tp_count FROM `puzhen_upload_file` WHERE  ( `puzhen_upload_file`.`wxapp_id` = 10001 AND `puzhen_upload_file`.`wxapp_id` = 10001 AND `puzhen_upload_file`.`wxapp_id` = 10001 )  AND `file_type` = 'image'  AND `is_recycle` = 0  AND `is_user` = 0  AND `is_delete` = 0 LIMIT 1 [ RunTime:0.009708s ]
[ sql ] [ SQL ] SELECT * FROM `puzhen_upload_file` WHERE  ( `puzhen_upload_file`.`wxapp_id` = 10001 AND `puzhen_upload_file`.`wxapp_id` = 10001 AND `puzhen_upload_file`.`wxapp_id` = 10001 )  AND `file_type` = 'image'  AND `is_recycle` = 0  AND `is_user` = 0  AND `is_delete` = 0 ORDER BY `file_id` DESC LIMIT 0,32 [ RunTime:0.009913s ]
[ sql ] [ SQL ] SELECT * FROM `puzhen_upload_group` WHERE  `puzhen_upload_group`.`wxapp_id` = 10001  AND `group_id` IN (0,10006) [ RunTime:0.009699s ]
---------------------------------------------------------------
[ 2022-08-23T18:29:56+08:00 ] 116.21.14.24 GET puzhenshop.feibu.info/index.php?s=/store/upload.library/fileList&group_id=-1&page=2
[ sql ] [ DB ] CONNECT:[ UseTime:0.018751s ] mysql:host=39.108.144.9;port=3306;dbname=puzhen_shop;charset=utf8
[ sql ] [ SQL ] SHOW COLUMNS FROM `puzhen_store_user` [ RunTime:0.009306s ]
[ sql ] [ SQL ] SELECT * FROM `puzhen_store_user` WHERE  `puzhen_store_user`.`wxapp_id` = 10001  AND `is_delete` = 0  AND `store_user_id` = 10001 LIMIT 1 [ RunTime:0.008265s ]
[ sql ] [ SQL ] SHOW COLUMNS FROM `puzhen_upload_group` [ RunTime:0.009902s ]
[ sql ] [ SQL ] SELECT * FROM `puzhen_upload_group` WHERE  ( `puzhen_upload_group`.`wxapp_id` = 10001 AND `puzhen_upload_group`.`wxapp_id` = 10001 )  AND `group_type` = 'image'  AND `is_delete` = 0 ORDER BY `sort` ASC,`create_time` DESC [ RunTime:0.008487s ]
[ sql ] [ SQL ] SHOW COLUMNS FROM `puzhen_upload_file` [ RunTime:0.009351s ]
[ sql ] [ SQL ] SELECT COUNT(*) AS tp_count FROM `puzhen_upload_file` WHERE  ( `puzhen_upload_file`.`wxapp_id` = 10001 AND `puzhen_upload_file`.`wxapp_id` = 10001 AND `puzhen_upload_file`.`wxapp_id` = 10001 )  AND `file_type` = 'image'  AND `is_recycle` = 0  AND `is_user` = 0  AND `is_delete` = 0 LIMIT 1 [ RunTime:0.008203s ]
[ sql ] [ SQL ] SELECT * FROM `puzhen_upload_file` WHERE  ( `puzhen_upload_file`.`wxapp_id` = 10001 AND `puzhen_upload_file`.`wxapp_id` = 10001 AND `puzhen_upload_file`.`wxapp_id` = 10001 )  AND `file_type` = 'image'  AND `is_recycle` = 0  AND `is_user` = 0  AND `is_delete` = 0 ORDER BY `file_id` DESC LIMIT 32,32 [ RunTime:0.008439s ]
[ sql ] [ SQL ] SELECT * FROM `puzhen_upload_group` WHERE  `puzhen_upload_group`.`wxapp_id` = 10001  AND `group_id` IN (0,10006,10005,10004,10003) [ RunTime:0.008176s ]
---------------------------------------------------------------
[ 2022-08-23T18:30:10+08:00 ] 116.21.14.24 GET puzhenshop.feibu.info/index.php?s=/store/upload.library/fileList&group_id=10005&page=1
[ sql ] [ DB ] CONNECT:[ UseTime:0.013458s ] mysql:host=39.108.144.9;port=3306;dbname=puzhen_shop;charset=utf8
[ sql ] [ SQL ] SHOW COLUMNS FROM `puzhen_store_user` [ RunTime:0.010051s ]
[ sql ] [ SQL ] SELECT * FROM `puzhen_store_user` WHERE  `puzhen_store_user`.`wxapp_id` = 10001  AND `is_delete` = 0  AND `store_user_id` = 10001 LIMIT 1 [ RunTime:0.008795s ]
[ sql ] [ SQL ] SHOW COLUMNS FROM `puzhen_upload_group` [ RunTime:0.009817s ]
[ sql ] [ SQL ] SELECT * FROM `puzhen_upload_group` WHERE  ( `puzhen_upload_group`.`wxapp_id` = 10001 AND `puzhen_upload_group`.`wxapp_id` = 10001 )  AND `group_type` = 'image'  AND `is_delete` = 0 ORDER BY `sort` ASC,`create_time` DESC [ RunTime:0.035198s ]
[ sql ] [ SQL ] SHOW COLUMNS FROM `puzhen_upload_file` [ RunTime:0.009964s ]
[ sql ] [ SQL ] SELECT COUNT(*) AS tp_count FROM `puzhen_upload_file` WHERE  ( `puzhen_upload_file`.`wxapp_id` = 10001 AND `puzhen_upload_file`.`wxapp_id` = 10001 AND `puzhen_upload_file`.`wxapp_id` = 10001 AND `puzhen_upload_file`.`wxapp_id` = 10001 )  AND `group_id` = 10005  AND `file_type` = 'image'  AND `is_recycle` = 0  AND `is_user` = 0  AND `is_delete` = 0 LIMIT 1 [ RunTime:0.008916s ]
[ sql ] [ SQL ] SELECT * FROM `puzhen_upload_file` WHERE  ( `puzhen_upload_file`.`wxapp_id` = 10001 AND `puzhen_upload_file`.`wxapp_id` = 10001 AND `puzhen_upload_file`.`wxapp_id` = 10001 AND `puzhen_upload_file`.`wxapp_id` = 10001 )  AND `group_id` = 10005  AND `file_type` = 'image'  AND `is_recycle` = 0  AND `is_user` = 0  AND `is_delete` = 0 ORDER BY `file_id` DESC LIMIT 0,32 [ RunTime:0.008892s ]
[ sql ] [ SQL ] SELECT * FROM `puzhen_upload_group` WHERE  `puzhen_upload_group`.`wxapp_id` = 10001  AND `group_id` IN (10005) [ RunTime:0.008749s ]
---------------------------------------------------------------
[ 2022-08-23T18:30:12+08:00 ] 116.21.14.24 GET puzhenshop.feibu.info/index.php?s=/store/upload.library/fileList&group_id=-1&page=1
[ sql ] [ DB ] CONNECT:[ UseTime:0.014686s ] mysql:host=39.108.144.9;port=3306;dbname=puzhen_shop;charset=utf8
[ sql ] [ SQL ] SHOW COLUMNS FROM `puzhen_store_user` [ RunTime:0.011051s ]
[ sql ] [ SQL ] SELECT * FROM `puzhen_store_user` WHERE  `puzhen_store_user`.`wxapp_id` = 10001  AND `is_delete` = 0  AND `store_user_id` = 10001 LIMIT 1 [ RunTime:0.009904s ]
[ sql ] [ SQL ] SHOW COLUMNS FROM `puzhen_upload_group` [ RunTime:0.010964s ]
[ sql ] [ SQL ] SELECT * FROM `puzhen_upload_group` WHERE  ( `puzhen_upload_group`.`wxapp_id` = 10001 AND `puzhen_upload_group`.`wxapp_id` = 10001 )  AND `group_type` = 'image'  AND `is_delete` = 0 ORDER BY `sort` ASC,`create_time` DESC [ RunTime:0.032363s ]
[ sql ] [ SQL ] SHOW COLUMNS FROM `puzhen_upload_file` [ RunTime:0.011022s ]
[ sql ] [ SQL ] SELECT COUNT(*) AS tp_count FROM `puzhen_upload_file` WHERE  ( `puzhen_upload_file`.`wxapp_id` = 10001 AND `puzhen_upload_file`.`wxapp_id` = 10001 AND `puzhen_upload_file`.`wxapp_id` = 10001 )  AND `file_type` = 'image'  AND `is_recycle` = 0  AND `is_user` = 0  AND `is_delete` = 0 LIMIT 1 [ RunTime:0.009852s ]
[ sql ] [ SQL ] SELECT * FROM `puzhen_upload_file` WHERE  ( `puzhen_upload_file`.`wxapp_id` = 10001 AND `puzhen_upload_file`.`wxapp_id` = 10001 AND `puzhen_upload_file`.`wxapp_id` = 10001 )  AND `file_type` = 'image'  AND `is_recycle` = 0  AND `is_user` = 0  AND `is_delete` = 0 ORDER BY `file_id` DESC LIMIT 0,32 [ RunTime:0.010075s ]
[ sql ] [ SQL ] SELECT * FROM `puzhen_upload_group` WHERE  `puzhen_upload_group`.`wxapp_id` = 10001  AND `group_id` IN (0,10006) [ RunTime:0.009850s ]
---------------------------------------------------------------
[ 2022-08-23T18:30:18+08:00 ] 116.21.14.24 GET puzhenshop.feibu.info/index.php?s=/store/upload.library/fileList&group_id=-1&page=2
[ sql ] [ DB ] CONNECT:[ UseTime:0.018930s ] mysql:host=39.108.144.9;port=3306;dbname=puzhen_shop;charset=utf8
[ sql ] [ SQL ] SHOW COLUMNS FROM `puzhen_store_user` [ RunTime:0.009702s ]
[ sql ] [ SQL ] SELECT * FROM `puzhen_store_user` WHERE  `puzhen_store_user`.`wxapp_id` = 10001  AND `is_delete` = 0  AND `store_user_id` = 10001 LIMIT 1 [ RunTime:0.008219s ]
[ sql ] [ SQL ] SHOW COLUMNS FROM `puzhen_upload_group` [ RunTime:0.009860s ]
[ sql ] [ SQL ] SELECT * FROM `puzhen_upload_group` WHERE  ( `puzhen_upload_group`.`wxapp_id` = 10001 AND `puzhen_upload_group`.`wxapp_id` = 10001 )  AND `group_type` = 'image'  AND `is_delete` = 0 ORDER BY `sort` ASC,`create_time` DESC [ RunTime:0.008269s ]
[ sql ] [ SQL ] SHOW COLUMNS FROM `puzhen_upload_file` [ RunTime:0.009516s ]
[ sql ] [ SQL ] SELECT COUNT(*) AS tp_count FROM `puzhen_upload_file` WHERE  ( `puzhen_upload_file`.`wxapp_id` = 10001 AND `puzhen_upload_file`.`wxapp_id` = 10001 AND `puzhen_upload_file`.`wxapp_id` = 10001 )  AND `file_type` = 'image'  AND `is_recycle` = 0  AND `is_user` = 0  AND `is_delete` = 0 LIMIT 1 [ RunTime:0.008198s ]
[ sql ] [ SQL ] SELECT * FROM `puzhen_upload_file` WHERE  ( `puzhen_upload_file`.`wxapp_id` = 10001 AND `puzhen_upload_file`.`wxapp_id` = 10001 AND `puzhen_upload_file`.`wxapp_id` = 10001 )  AND `file_type` = 'image'  AND `is_recycle` = 0  AND `is_user` = 0  AND `is_delete` = 0 ORDER BY `file_id` DESC LIMIT 32,32 [ RunTime:0.008527s ]
[ sql ] [ SQL ] SELECT * FROM `puzhen_upload_group` WHERE  `puzhen_upload_group`.`wxapp_id` = 10001  AND `group_id` IN (0,10006,10005,10004,10003) [ RunTime:0.008260s ]
