---------------------------------------------------------------
[ 2022-08-24T02:21:46+08:00 ] 124.117.250.220 GET puzhenshop.feibu.info/
[ begin ] [ ROUTE ] array (
  'type' => 'module',
  'module' => 
  array (
    0 => '',
    1 => NULL,
    2 => NULL,
  ),
)
[ begin ] [ HEADER ] array (
  'connection' => 'close',
  'accept' => '*/*',
  'accept-encoding' => 'gzip, deflate',
  'user-agent' => 'Mozilla/5.0 (Linux; Android 10; SM-G981B) AppleWebKit/537.36 (KHTML, like Gecko) Chrome/80.0.3987.162 Mobile Safari/537.36',
  'host' => 'puzhenshop.feibu.info',
)
[ begin ] [ PARAM ] array (
)
---------------------------------------------------------------
[ 2022-08-24T02:21:46+08:00 ] 124.117.250.220 GET puzhenshop.feibu.info/index.php?s=/store/passport/login
[ begin ] [ ROUTE ] array (
  'type' => 'module',
  'module' => 
  array (
    0 => 'store',
    1 => 'passport',
    2 => 'login',
  ),
)
[ begin ] [ HEADER ] array (
  'cookie' => 'PHPSESSID=gq103056thmakgj9341uu1k4bc',
  'connection' => 'close',
  'accept' => '*/*',
  'accept-encoding' => 'gzip, deflate',
  'user-agent' => 'Mozilla/5.0 (Linux; Android 10; SM-G981B) AppleWebKit/537.36 (KHTML, like Gecko) Chrome/80.0.3987.162 Mobile Safari/537.36',
  'host' => 'puzhenshop.feibu.info',
)
[ begin ] [ PARAM ] array (
)
---------------------------------------------------------------
[ 2022-08-24T20:38:12+08:00 ] 47.101.162.42 GET puzhenshop.feibu.infohttp://puzhenshop.feibu.info/
[ begin ] [ ROUTE ] array (
  'type' => 'module',
  'module' => 
  array (
    0 => '',
    1 => NULL,
    2 => NULL,
  ),
)
[ begin ] [ HEADER ] array (
  'accept-encoding' => 'gzip',
  'connection' => 'close',
  'host' => 'puzhenshop.feibu.info',
  'user-agent' => 'Mozilla/5.0 (Windows NT 10.0; Win64; x64) AppleWebKit/537.36 (KHTML, like Gecko) Chrome/90.0.4430.93 Safari/537.36',
)
[ begin ] [ PARAM ] array (
)
---------------------------------------------------------------
[ 2022-08-24T20:38:12+08:00 ] 47.101.162.42 GET puzhenshop.feibu.infohttp://puzhenshop.feibu.info/index.php?s=/store/passport/login
[ begin ] [ ROUTE ] array (
  'type' => 'module',
  'module' => 
  array (
    0 => 'store',
    1 => 'passport',
    2 => 'login',
  ),
)
[ begin ] [ HEADER ] array (
  'accept-encoding' => 'gzip',
  'connection' => 'close',
  'host' => 'puzhenshop.feibu.info',
  'user-agent' => 'Mozilla/5.0 (Windows NT 10.0; Win64; x64) AppleWebKit/537.36 (KHTML, like Gecko) Chrome/90.0.4430.93 Safari/537.36',
)
[ begin ] [ PARAM ] array (
)
