---------------------------------------------------------------
[ 2022-03-14T16:49:21+08:00 ] 192.168.20.1 GET yoshop1145.g.com/index.php?s=/admin/store/index
[ begin ] [ ROUTE ] array (
  'type' => 'module',
  'module' => 
  array (
    0 => 'admin',
    1 => 'store',
    2 => 'index',
  ),
)
[ begin ] [ HEADER ] array (
  'cookie' => '__root_domain_v=.g.com; _qddaz=QD.383130550736149; PHPSESSID=aa5ntu0cmdp764b5bj0p0bct8d',
  'accept-language' => 'en,zh-CN;q=0.9,zh;q=0.8',
  'accept-encoding' => 'gzip, deflate',
  'referer' => 'http://yoshop1145.g.com/index.php?s=/admin/index/index',
  'accept' => 'text/html,application/xhtml+xml,application/xml;q=0.9,image/avif,image/webp,image/apng,*/*;q=0.8,application/signed-exchange;v=b3;q=0.9',
  'user-agent' => 'Mozilla/5.0 (Macintosh; Intel Mac OS X 10_14_6) AppleWebKit/537.36 (KHTML, like Gecko) Chrome/99.0.4844.51 Safari/537.36',
  'upgrade-insecure-requests' => '1',
  'dnt' => '1',
  'connection' => 'keep-alive',
  'host' => 'yoshop1145.g.com',
  'content-length' => '',
  'content-type' => '',
)
[ begin ] [ PARAM ] array (
)
---------------------------------------------------------------
[ 2022-03-14T16:49:21+08:00 ] 192.168.20.1 GET yoshop1145.g.com/index.php?s=/admin/passport/login
[ begin ] [ ROUTE ] array (
  'type' => 'module',
  'module' => 
  array (
    0 => 'admin',
    1 => 'passport',
    2 => 'login',
  ),
)
[ begin ] [ HEADER ] array (
  'cookie' => '__root_domain_v=.g.com; _qddaz=QD.383130550736149; PHPSESSID=aa5ntu0cmdp764b5bj0p0bct8d',
  'accept-language' => 'en,zh-CN;q=0.9,zh;q=0.8',
  'accept-encoding' => 'gzip, deflate',
  'referer' => 'http://yoshop1145.g.com/index.php?s=/admin/index/index',
  'accept' => 'text/html,application/xhtml+xml,application/xml;q=0.9,image/avif,image/webp,image/apng,*/*;q=0.8,application/signed-exchange;v=b3;q=0.9',
  'user-agent' => 'Mozilla/5.0 (Macintosh; Intel Mac OS X 10_14_6) AppleWebKit/537.36 (KHTML, like Gecko) Chrome/99.0.4844.51 Safari/537.36',
  'upgrade-insecure-requests' => '1',
  'dnt' => '1',
  'connection' => 'keep-alive',
  'host' => 'yoshop1145.g.com',
  'content-length' => '',
  'content-type' => '',
)
[ begin ] [ PARAM ] array (
)
